[2023-04-22T01:49:02.501+0800] {processor.py:153} INFO - Started process (PID=2761) to work on /home/gerardsho/airflow_env/lib/python3.8/site-packages/airflow/example_dags/plugins/event_listener.py
[2023-04-22T01:49:02.501+0800] {processor.py:743} INFO - Processing file /home/gerardsho/airflow_env/lib/python3.8/site-packages/airflow/example_dags/plugins/event_listener.py for tasks to queue
[2023-04-22T01:49:02.501+0800] {logging_mixin.py:137} INFO - [2023-04-22T01:49:02.501+0800] {dagbag.py:532} INFO - Filling up the DagBag from /home/gerardsho/airflow_env/lib/python3.8/site-packages/airflow/example_dags/plugins/event_listener.py
[2023-04-22T01:49:02.502+0800] {processor.py:755} WARNING - No viable dags retrieved from /home/gerardsho/airflow_env/lib/python3.8/site-packages/airflow/example_dags/plugins/event_listener.py
[2023-04-22T01:49:02.508+0800] {processor.py:175} INFO - Processing /home/gerardsho/airflow_env/lib/python3.8/site-packages/airflow/example_dags/plugins/event_listener.py took 0.009 seconds
[2023-04-22T01:49:45.130+0800] {processor.py:153} INFO - Started process (PID=2805) to work on /home/gerardsho/airflow_env/lib/python3.8/site-packages/airflow/example_dags/plugins/event_listener.py
[2023-04-22T01:49:45.134+0800] {processor.py:743} INFO - Processing file /home/gerardsho/airflow_env/lib/python3.8/site-packages/airflow/example_dags/plugins/event_listener.py for tasks to queue
[2023-04-22T01:49:45.134+0800] {logging_mixin.py:137} INFO - [2023-04-22T01:49:45.134+0800] {dagbag.py:532} INFO - Filling up the DagBag from /home/gerardsho/airflow_env/lib/python3.8/site-packages/airflow/example_dags/plugins/event_listener.py
[2023-04-22T01:49:45.135+0800] {processor.py:755} WARNING - No viable dags retrieved from /home/gerardsho/airflow_env/lib/python3.8/site-packages/airflow/example_dags/plugins/event_listener.py
[2023-04-22T01:49:45.141+0800] {processor.py:175} INFO - Processing /home/gerardsho/airflow_env/lib/python3.8/site-packages/airflow/example_dags/plugins/event_listener.py took 0.012 seconds
[2023-04-22T01:50:22.963+0800] {processor.py:153} INFO - Started process (PID=2849) to work on /home/gerardsho/airflow_env/lib/python3.8/site-packages/airflow/example_dags/plugins/event_listener.py
[2023-04-22T01:50:22.966+0800] {processor.py:743} INFO - Processing file /home/gerardsho/airflow_env/lib/python3.8/site-packages/airflow/example_dags/plugins/event_listener.py for tasks to queue
[2023-04-22T01:50:22.966+0800] {logging_mixin.py:137} INFO - [2023-04-22T01:50:22.966+0800] {dagbag.py:532} INFO - Filling up the DagBag from /home/gerardsho/airflow_env/lib/python3.8/site-packages/airflow/example_dags/plugins/event_listener.py
[2023-04-22T01:50:22.967+0800] {processor.py:755} WARNING - No viable dags retrieved from /home/gerardsho/airflow_env/lib/python3.8/site-packages/airflow/example_dags/plugins/event_listener.py
[2023-04-22T01:50:22.973+0800] {processor.py:175} INFO - Processing /home/gerardsho/airflow_env/lib/python3.8/site-packages/airflow/example_dags/plugins/event_listener.py took 0.012 seconds
[2023-04-22T01:51:04.788+0800] {processor.py:153} INFO - Started process (PID=2894) to work on /home/gerardsho/airflow_env/lib/python3.8/site-packages/airflow/example_dags/plugins/event_listener.py
[2023-04-22T01:51:04.792+0800] {processor.py:743} INFO - Processing file /home/gerardsho/airflow_env/lib/python3.8/site-packages/airflow/example_dags/plugins/event_listener.py for tasks to queue
[2023-04-22T01:51:04.792+0800] {logging_mixin.py:137} INFO - [2023-04-22T01:51:04.792+0800] {dagbag.py:532} INFO - Filling up the DagBag from /home/gerardsho/airflow_env/lib/python3.8/site-packages/airflow/example_dags/plugins/event_listener.py
[2023-04-22T01:51:04.793+0800] {processor.py:755} WARNING - No viable dags retrieved from /home/gerardsho/airflow_env/lib/python3.8/site-packages/airflow/example_dags/plugins/event_listener.py
[2023-04-22T01:51:04.798+0800] {processor.py:175} INFO - Processing /home/gerardsho/airflow_env/lib/python3.8/site-packages/airflow/example_dags/plugins/event_listener.py took 0.012 seconds
[2023-04-22T01:51:46.181+0800] {processor.py:153} INFO - Started process (PID=2948) to work on /home/gerardsho/airflow_env/lib/python3.8/site-packages/airflow/example_dags/plugins/event_listener.py
[2023-04-22T01:51:46.184+0800] {processor.py:743} INFO - Processing file /home/gerardsho/airflow_env/lib/python3.8/site-packages/airflow/example_dags/plugins/event_listener.py for tasks to queue
[2023-04-22T01:51:46.184+0800] {logging_mixin.py:137} INFO - [2023-04-22T01:51:46.184+0800] {dagbag.py:532} INFO - Filling up the DagBag from /home/gerardsho/airflow_env/lib/python3.8/site-packages/airflow/example_dags/plugins/event_listener.py
[2023-04-22T01:51:46.185+0800] {processor.py:755} WARNING - No viable dags retrieved from /home/gerardsho/airflow_env/lib/python3.8/site-packages/airflow/example_dags/plugins/event_listener.py
[2023-04-22T01:51:46.190+0800] {processor.py:175} INFO - Processing /home/gerardsho/airflow_env/lib/python3.8/site-packages/airflow/example_dags/plugins/event_listener.py took 0.012 seconds
[2023-04-22T01:52:28.051+0800] {processor.py:153} INFO - Started process (PID=2998) to work on /home/gerardsho/airflow_env/lib/python3.8/site-packages/airflow/example_dags/plugins/event_listener.py
[2023-04-22T01:52:28.054+0800] {processor.py:743} INFO - Processing file /home/gerardsho/airflow_env/lib/python3.8/site-packages/airflow/example_dags/plugins/event_listener.py for tasks to queue
[2023-04-22T01:52:28.054+0800] {logging_mixin.py:137} INFO - [2023-04-22T01:52:28.054+0800] {dagbag.py:532} INFO - Filling up the DagBag from /home/gerardsho/airflow_env/lib/python3.8/site-packages/airflow/example_dags/plugins/event_listener.py
[2023-04-22T01:52:28.055+0800] {processor.py:755} WARNING - No viable dags retrieved from /home/gerardsho/airflow_env/lib/python3.8/site-packages/airflow/example_dags/plugins/event_listener.py
[2023-04-22T01:52:28.061+0800] {processor.py:175} INFO - Processing /home/gerardsho/airflow_env/lib/python3.8/site-packages/airflow/example_dags/plugins/event_listener.py took 0.012 seconds
[2023-04-22T01:53:08.897+0800] {processor.py:153} INFO - Started process (PID=3040) to work on /home/gerardsho/airflow_env/lib/python3.8/site-packages/airflow/example_dags/plugins/event_listener.py
[2023-04-22T01:53:08.901+0800] {processor.py:743} INFO - Processing file /home/gerardsho/airflow_env/lib/python3.8/site-packages/airflow/example_dags/plugins/event_listener.py for tasks to queue
[2023-04-22T01:53:08.901+0800] {logging_mixin.py:137} INFO - [2023-04-22T01:53:08.901+0800] {dagbag.py:532} INFO - Filling up the DagBag from /home/gerardsho/airflow_env/lib/python3.8/site-packages/airflow/example_dags/plugins/event_listener.py
[2023-04-22T01:53:08.902+0800] {processor.py:755} WARNING - No viable dags retrieved from /home/gerardsho/airflow_env/lib/python3.8/site-packages/airflow/example_dags/plugins/event_listener.py
[2023-04-22T01:53:08.907+0800] {processor.py:175} INFO - Processing /home/gerardsho/airflow_env/lib/python3.8/site-packages/airflow/example_dags/plugins/event_listener.py took 0.012 seconds
[2023-04-22T01:53:48.408+0800] {processor.py:153} INFO - Started process (PID=3082) to work on /home/gerardsho/airflow_env/lib/python3.8/site-packages/airflow/example_dags/plugins/event_listener.py
[2023-04-22T01:53:48.411+0800] {processor.py:743} INFO - Processing file /home/gerardsho/airflow_env/lib/python3.8/site-packages/airflow/example_dags/plugins/event_listener.py for tasks to queue
[2023-04-22T01:53:48.412+0800] {logging_mixin.py:137} INFO - [2023-04-22T01:53:48.411+0800] {dagbag.py:532} INFO - Filling up the DagBag from /home/gerardsho/airflow_env/lib/python3.8/site-packages/airflow/example_dags/plugins/event_listener.py
[2023-04-22T01:53:48.412+0800] {processor.py:755} WARNING - No viable dags retrieved from /home/gerardsho/airflow_env/lib/python3.8/site-packages/airflow/example_dags/plugins/event_listener.py
[2023-04-22T01:53:48.419+0800] {processor.py:175} INFO - Processing /home/gerardsho/airflow_env/lib/python3.8/site-packages/airflow/example_dags/plugins/event_listener.py took 0.013 seconds
[2023-04-22T01:54:28.568+0800] {processor.py:153} INFO - Started process (PID=3126) to work on /home/gerardsho/airflow_env/lib/python3.8/site-packages/airflow/example_dags/plugins/event_listener.py
[2023-04-22T01:54:28.572+0800] {processor.py:743} INFO - Processing file /home/gerardsho/airflow_env/lib/python3.8/site-packages/airflow/example_dags/plugins/event_listener.py for tasks to queue
[2023-04-22T01:54:28.572+0800] {logging_mixin.py:137} INFO - [2023-04-22T01:54:28.572+0800] {dagbag.py:532} INFO - Filling up the DagBag from /home/gerardsho/airflow_env/lib/python3.8/site-packages/airflow/example_dags/plugins/event_listener.py
[2023-04-22T01:54:28.573+0800] {processor.py:755} WARNING - No viable dags retrieved from /home/gerardsho/airflow_env/lib/python3.8/site-packages/airflow/example_dags/plugins/event_listener.py
[2023-04-22T01:54:28.579+0800] {processor.py:175} INFO - Processing /home/gerardsho/airflow_env/lib/python3.8/site-packages/airflow/example_dags/plugins/event_listener.py took 0.013 seconds
[2023-04-22T01:55:10.377+0800] {processor.py:153} INFO - Started process (PID=3172) to work on /home/gerardsho/airflow_env/lib/python3.8/site-packages/airflow/example_dags/plugins/event_listener.py
[2023-04-22T01:55:10.380+0800] {processor.py:743} INFO - Processing file /home/gerardsho/airflow_env/lib/python3.8/site-packages/airflow/example_dags/plugins/event_listener.py for tasks to queue
[2023-04-22T01:55:10.381+0800] {logging_mixin.py:137} INFO - [2023-04-22T01:55:10.381+0800] {dagbag.py:532} INFO - Filling up the DagBag from /home/gerardsho/airflow_env/lib/python3.8/site-packages/airflow/example_dags/plugins/event_listener.py
[2023-04-22T01:55:10.382+0800] {processor.py:755} WARNING - No viable dags retrieved from /home/gerardsho/airflow_env/lib/python3.8/site-packages/airflow/example_dags/plugins/event_listener.py
[2023-04-22T01:55:10.387+0800] {processor.py:175} INFO - Processing /home/gerardsho/airflow_env/lib/python3.8/site-packages/airflow/example_dags/plugins/event_listener.py took 0.012 seconds
[2023-04-22T01:55:50.493+0800] {processor.py:153} INFO - Started process (PID=3217) to work on /home/gerardsho/airflow_env/lib/python3.8/site-packages/airflow/example_dags/plugins/event_listener.py
[2023-04-22T01:55:50.497+0800] {processor.py:743} INFO - Processing file /home/gerardsho/airflow_env/lib/python3.8/site-packages/airflow/example_dags/plugins/event_listener.py for tasks to queue
[2023-04-22T01:55:50.497+0800] {logging_mixin.py:137} INFO - [2023-04-22T01:55:50.497+0800] {dagbag.py:532} INFO - Filling up the DagBag from /home/gerardsho/airflow_env/lib/python3.8/site-packages/airflow/example_dags/plugins/event_listener.py
[2023-04-22T01:55:50.498+0800] {processor.py:755} WARNING - No viable dags retrieved from /home/gerardsho/airflow_env/lib/python3.8/site-packages/airflow/example_dags/plugins/event_listener.py
[2023-04-22T01:55:50.504+0800] {processor.py:175} INFO - Processing /home/gerardsho/airflow_env/lib/python3.8/site-packages/airflow/example_dags/plugins/event_listener.py took 0.013 seconds
[2023-04-22T01:56:31.453+0800] {processor.py:153} INFO - Started process (PID=3263) to work on /home/gerardsho/airflow_env/lib/python3.8/site-packages/airflow/example_dags/plugins/event_listener.py
[2023-04-22T01:56:31.456+0800] {processor.py:743} INFO - Processing file /home/gerardsho/airflow_env/lib/python3.8/site-packages/airflow/example_dags/plugins/event_listener.py for tasks to queue
[2023-04-22T01:56:31.456+0800] {logging_mixin.py:137} INFO - [2023-04-22T01:56:31.456+0800] {dagbag.py:532} INFO - Filling up the DagBag from /home/gerardsho/airflow_env/lib/python3.8/site-packages/airflow/example_dags/plugins/event_listener.py
[2023-04-22T01:56:31.457+0800] {processor.py:755} WARNING - No viable dags retrieved from /home/gerardsho/airflow_env/lib/python3.8/site-packages/airflow/example_dags/plugins/event_listener.py
[2023-04-22T01:56:31.462+0800] {processor.py:175} INFO - Processing /home/gerardsho/airflow_env/lib/python3.8/site-packages/airflow/example_dags/plugins/event_listener.py took 0.012 seconds
[2023-04-22T01:57:11.850+0800] {processor.py:153} INFO - Started process (PID=3309) to work on /home/gerardsho/airflow_env/lib/python3.8/site-packages/airflow/example_dags/plugins/event_listener.py
[2023-04-22T01:57:11.853+0800] {processor.py:743} INFO - Processing file /home/gerardsho/airflow_env/lib/python3.8/site-packages/airflow/example_dags/plugins/event_listener.py for tasks to queue
[2023-04-22T01:57:11.853+0800] {logging_mixin.py:137} INFO - [2023-04-22T01:57:11.853+0800] {dagbag.py:532} INFO - Filling up the DagBag from /home/gerardsho/airflow_env/lib/python3.8/site-packages/airflow/example_dags/plugins/event_listener.py
[2023-04-22T01:57:11.854+0800] {processor.py:755} WARNING - No viable dags retrieved from /home/gerardsho/airflow_env/lib/python3.8/site-packages/airflow/example_dags/plugins/event_listener.py
[2023-04-22T01:57:11.861+0800] {processor.py:175} INFO - Processing /home/gerardsho/airflow_env/lib/python3.8/site-packages/airflow/example_dags/plugins/event_listener.py took 0.013 seconds
[2023-04-22T01:57:51.883+0800] {processor.py:153} INFO - Started process (PID=3357) to work on /home/gerardsho/airflow_env/lib/python3.8/site-packages/airflow/example_dags/plugins/event_listener.py
[2023-04-22T01:57:51.886+0800] {processor.py:743} INFO - Processing file /home/gerardsho/airflow_env/lib/python3.8/site-packages/airflow/example_dags/plugins/event_listener.py for tasks to queue
[2023-04-22T01:57:51.887+0800] {logging_mixin.py:137} INFO - [2023-04-22T01:57:51.887+0800] {dagbag.py:532} INFO - Filling up the DagBag from /home/gerardsho/airflow_env/lib/python3.8/site-packages/airflow/example_dags/plugins/event_listener.py
[2023-04-22T01:57:51.888+0800] {processor.py:755} WARNING - No viable dags retrieved from /home/gerardsho/airflow_env/lib/python3.8/site-packages/airflow/example_dags/plugins/event_listener.py
[2023-04-22T01:57:51.894+0800] {processor.py:175} INFO - Processing /home/gerardsho/airflow_env/lib/python3.8/site-packages/airflow/example_dags/plugins/event_listener.py took 0.013 seconds
[2023-04-22T01:58:33.092+0800] {processor.py:153} INFO - Started process (PID=3403) to work on /home/gerardsho/airflow_env/lib/python3.8/site-packages/airflow/example_dags/plugins/event_listener.py
[2023-04-22T01:58:33.095+0800] {processor.py:743} INFO - Processing file /home/gerardsho/airflow_env/lib/python3.8/site-packages/airflow/example_dags/plugins/event_listener.py for tasks to queue
[2023-04-22T01:58:33.096+0800] {logging_mixin.py:137} INFO - [2023-04-22T01:58:33.096+0800] {dagbag.py:532} INFO - Filling up the DagBag from /home/gerardsho/airflow_env/lib/python3.8/site-packages/airflow/example_dags/plugins/event_listener.py
[2023-04-22T01:58:33.097+0800] {processor.py:755} WARNING - No viable dags retrieved from /home/gerardsho/airflow_env/lib/python3.8/site-packages/airflow/example_dags/plugins/event_listener.py
[2023-04-22T01:58:33.103+0800] {processor.py:175} INFO - Processing /home/gerardsho/airflow_env/lib/python3.8/site-packages/airflow/example_dags/plugins/event_listener.py took 0.013 seconds
[2023-04-22T01:59:13.625+0800] {processor.py:153} INFO - Started process (PID=3445) to work on /home/gerardsho/airflow_env/lib/python3.8/site-packages/airflow/example_dags/plugins/event_listener.py
[2023-04-22T01:59:13.628+0800] {processor.py:743} INFO - Processing file /home/gerardsho/airflow_env/lib/python3.8/site-packages/airflow/example_dags/plugins/event_listener.py for tasks to queue
[2023-04-22T01:59:13.629+0800] {logging_mixin.py:137} INFO - [2023-04-22T01:59:13.629+0800] {dagbag.py:532} INFO - Filling up the DagBag from /home/gerardsho/airflow_env/lib/python3.8/site-packages/airflow/example_dags/plugins/event_listener.py
[2023-04-22T01:59:13.630+0800] {processor.py:755} WARNING - No viable dags retrieved from /home/gerardsho/airflow_env/lib/python3.8/site-packages/airflow/example_dags/plugins/event_listener.py
[2023-04-22T01:59:13.635+0800] {processor.py:175} INFO - Processing /home/gerardsho/airflow_env/lib/python3.8/site-packages/airflow/example_dags/plugins/event_listener.py took 0.012 seconds
[2023-04-22T01:59:53.837+0800] {processor.py:153} INFO - Started process (PID=3487) to work on /home/gerardsho/airflow_env/lib/python3.8/site-packages/airflow/example_dags/plugins/event_listener.py
[2023-04-22T01:59:53.840+0800] {processor.py:743} INFO - Processing file /home/gerardsho/airflow_env/lib/python3.8/site-packages/airflow/example_dags/plugins/event_listener.py for tasks to queue
[2023-04-22T01:59:53.841+0800] {logging_mixin.py:137} INFO - [2023-04-22T01:59:53.841+0800] {dagbag.py:532} INFO - Filling up the DagBag from /home/gerardsho/airflow_env/lib/python3.8/site-packages/airflow/example_dags/plugins/event_listener.py
[2023-04-22T01:59:53.842+0800] {processor.py:755} WARNING - No viable dags retrieved from /home/gerardsho/airflow_env/lib/python3.8/site-packages/airflow/example_dags/plugins/event_listener.py
[2023-04-22T01:59:53.847+0800] {processor.py:175} INFO - Processing /home/gerardsho/airflow_env/lib/python3.8/site-packages/airflow/example_dags/plugins/event_listener.py took 0.012 seconds
[2023-04-22T02:01:10.194+0800] {processor.py:153} INFO - Started process (PID=3548) to work on /home/gerardsho/airflow_env/lib/python3.8/site-packages/airflow/example_dags/plugins/event_listener.py
[2023-04-22T02:01:10.197+0800] {processor.py:743} INFO - Processing file /home/gerardsho/airflow_env/lib/python3.8/site-packages/airflow/example_dags/plugins/event_listener.py for tasks to queue
[2023-04-22T02:01:10.197+0800] {logging_mixin.py:137} INFO - [2023-04-22T02:01:10.197+0800] {dagbag.py:532} INFO - Filling up the DagBag from /home/gerardsho/airflow_env/lib/python3.8/site-packages/airflow/example_dags/plugins/event_listener.py
[2023-04-22T02:01:10.198+0800] {processor.py:755} WARNING - No viable dags retrieved from /home/gerardsho/airflow_env/lib/python3.8/site-packages/airflow/example_dags/plugins/event_listener.py
[2023-04-22T02:01:10.204+0800] {processor.py:175} INFO - Processing /home/gerardsho/airflow_env/lib/python3.8/site-packages/airflow/example_dags/plugins/event_listener.py took 0.012 seconds
[2023-04-22T02:01:50.742+0800] {processor.py:153} INFO - Started process (PID=3594) to work on /home/gerardsho/airflow_env/lib/python3.8/site-packages/airflow/example_dags/plugins/event_listener.py
[2023-04-22T02:01:50.745+0800] {processor.py:743} INFO - Processing file /home/gerardsho/airflow_env/lib/python3.8/site-packages/airflow/example_dags/plugins/event_listener.py for tasks to queue
[2023-04-22T02:01:50.745+0800] {logging_mixin.py:137} INFO - [2023-04-22T02:01:50.745+0800] {dagbag.py:532} INFO - Filling up the DagBag from /home/gerardsho/airflow_env/lib/python3.8/site-packages/airflow/example_dags/plugins/event_listener.py
[2023-04-22T02:01:50.746+0800] {processor.py:755} WARNING - No viable dags retrieved from /home/gerardsho/airflow_env/lib/python3.8/site-packages/airflow/example_dags/plugins/event_listener.py
[2023-04-22T02:01:50.753+0800] {processor.py:175} INFO - Processing /home/gerardsho/airflow_env/lib/python3.8/site-packages/airflow/example_dags/plugins/event_listener.py took 0.013 seconds
[2023-04-22T02:02:31.671+0800] {processor.py:153} INFO - Started process (PID=3638) to work on /home/gerardsho/airflow_env/lib/python3.8/site-packages/airflow/example_dags/plugins/event_listener.py
[2023-04-22T02:02:31.674+0800] {processor.py:743} INFO - Processing file /home/gerardsho/airflow_env/lib/python3.8/site-packages/airflow/example_dags/plugins/event_listener.py for tasks to queue
[2023-04-22T02:02:31.675+0800] {logging_mixin.py:137} INFO - [2023-04-22T02:02:31.675+0800] {dagbag.py:532} INFO - Filling up the DagBag from /home/gerardsho/airflow_env/lib/python3.8/site-packages/airflow/example_dags/plugins/event_listener.py
[2023-04-22T02:02:31.676+0800] {processor.py:755} WARNING - No viable dags retrieved from /home/gerardsho/airflow_env/lib/python3.8/site-packages/airflow/example_dags/plugins/event_listener.py
[2023-04-22T02:02:31.682+0800] {processor.py:175} INFO - Processing /home/gerardsho/airflow_env/lib/python3.8/site-packages/airflow/example_dags/plugins/event_listener.py took 0.013 seconds
[2023-04-22T02:03:13.170+0800] {processor.py:153} INFO - Started process (PID=3689) to work on /home/gerardsho/airflow_env/lib/python3.8/site-packages/airflow/example_dags/plugins/event_listener.py
[2023-04-22T02:03:13.173+0800] {processor.py:743} INFO - Processing file /home/gerardsho/airflow_env/lib/python3.8/site-packages/airflow/example_dags/plugins/event_listener.py for tasks to queue
[2023-04-22T02:03:13.174+0800] {logging_mixin.py:137} INFO - [2023-04-22T02:03:13.174+0800] {dagbag.py:532} INFO - Filling up the DagBag from /home/gerardsho/airflow_env/lib/python3.8/site-packages/airflow/example_dags/plugins/event_listener.py
[2023-04-22T02:03:13.176+0800] {processor.py:755} WARNING - No viable dags retrieved from /home/gerardsho/airflow_env/lib/python3.8/site-packages/airflow/example_dags/plugins/event_listener.py
[2023-04-22T02:03:13.181+0800] {processor.py:175} INFO - Processing /home/gerardsho/airflow_env/lib/python3.8/site-packages/airflow/example_dags/plugins/event_listener.py took 0.013 seconds
[2023-04-22T02:03:53.763+0800] {processor.py:153} INFO - Started process (PID=3739) to work on /home/gerardsho/airflow_env/lib/python3.8/site-packages/airflow/example_dags/plugins/event_listener.py
[2023-04-22T02:03:53.766+0800] {processor.py:743} INFO - Processing file /home/gerardsho/airflow_env/lib/python3.8/site-packages/airflow/example_dags/plugins/event_listener.py for tasks to queue
[2023-04-22T02:03:53.767+0800] {logging_mixin.py:137} INFO - [2023-04-22T02:03:53.767+0800] {dagbag.py:532} INFO - Filling up the DagBag from /home/gerardsho/airflow_env/lib/python3.8/site-packages/airflow/example_dags/plugins/event_listener.py
[2023-04-22T02:03:53.768+0800] {processor.py:755} WARNING - No viable dags retrieved from /home/gerardsho/airflow_env/lib/python3.8/site-packages/airflow/example_dags/plugins/event_listener.py
[2023-04-22T02:03:53.774+0800] {processor.py:175} INFO - Processing /home/gerardsho/airflow_env/lib/python3.8/site-packages/airflow/example_dags/plugins/event_listener.py took 0.013 seconds
[2023-04-22T02:04:34.315+0800] {processor.py:153} INFO - Started process (PID=3781) to work on /home/gerardsho/airflow_env/lib/python3.8/site-packages/airflow/example_dags/plugins/event_listener.py
[2023-04-22T02:04:34.319+0800] {processor.py:743} INFO - Processing file /home/gerardsho/airflow_env/lib/python3.8/site-packages/airflow/example_dags/plugins/event_listener.py for tasks to queue
[2023-04-22T02:04:34.319+0800] {logging_mixin.py:137} INFO - [2023-04-22T02:04:34.319+0800] {dagbag.py:532} INFO - Filling up the DagBag from /home/gerardsho/airflow_env/lib/python3.8/site-packages/airflow/example_dags/plugins/event_listener.py
[2023-04-22T02:04:34.320+0800] {processor.py:755} WARNING - No viable dags retrieved from /home/gerardsho/airflow_env/lib/python3.8/site-packages/airflow/example_dags/plugins/event_listener.py
[2023-04-22T02:04:34.326+0800] {processor.py:175} INFO - Processing /home/gerardsho/airflow_env/lib/python3.8/site-packages/airflow/example_dags/plugins/event_listener.py took 0.014 seconds
