[2023-04-22T01:49:04.772+0800] {processor.py:153} INFO - Started process (PID=2763) to work on /home/gerardsho/airflow_env/lib/python3.8/site-packages/airflow/example_dags/plugins/listener_plugin.py
[2023-04-22T01:49:04.773+0800] {processor.py:743} INFO - Processing file /home/gerardsho/airflow_env/lib/python3.8/site-packages/airflow/example_dags/plugins/listener_plugin.py for tasks to queue
[2023-04-22T01:49:04.773+0800] {logging_mixin.py:137} INFO - [2023-04-22T01:49:04.773+0800] {dagbag.py:532} INFO - Filling up the DagBag from /home/gerardsho/airflow_env/lib/python3.8/site-packages/airflow/example_dags/plugins/listener_plugin.py
[2023-04-22T01:49:04.774+0800] {processor.py:755} WARNING - No viable dags retrieved from /home/gerardsho/airflow_env/lib/python3.8/site-packages/airflow/example_dags/plugins/listener_plugin.py
[2023-04-22T01:49:04.780+0800] {processor.py:175} INFO - Processing /home/gerardsho/airflow_env/lib/python3.8/site-packages/airflow/example_dags/plugins/listener_plugin.py took 0.009 seconds
[2023-04-22T01:49:46.406+0800] {processor.py:153} INFO - Started process (PID=2807) to work on /home/gerardsho/airflow_env/lib/python3.8/site-packages/airflow/example_dags/plugins/listener_plugin.py
[2023-04-22T01:49:46.409+0800] {processor.py:743} INFO - Processing file /home/gerardsho/airflow_env/lib/python3.8/site-packages/airflow/example_dags/plugins/listener_plugin.py for tasks to queue
[2023-04-22T01:49:46.410+0800] {logging_mixin.py:137} INFO - [2023-04-22T01:49:46.410+0800] {dagbag.py:532} INFO - Filling up the DagBag from /home/gerardsho/airflow_env/lib/python3.8/site-packages/airflow/example_dags/plugins/listener_plugin.py
[2023-04-22T01:49:46.411+0800] {processor.py:755} WARNING - No viable dags retrieved from /home/gerardsho/airflow_env/lib/python3.8/site-packages/airflow/example_dags/plugins/listener_plugin.py
[2023-04-22T01:49:46.417+0800] {processor.py:175} INFO - Processing /home/gerardsho/airflow_env/lib/python3.8/site-packages/airflow/example_dags/plugins/listener_plugin.py took 0.012 seconds
[2023-04-22T01:50:24.708+0800] {processor.py:153} INFO - Started process (PID=2851) to work on /home/gerardsho/airflow_env/lib/python3.8/site-packages/airflow/example_dags/plugins/listener_plugin.py
[2023-04-22T01:50:24.712+0800] {processor.py:743} INFO - Processing file /home/gerardsho/airflow_env/lib/python3.8/site-packages/airflow/example_dags/plugins/listener_plugin.py for tasks to queue
[2023-04-22T01:50:24.712+0800] {logging_mixin.py:137} INFO - [2023-04-22T01:50:24.712+0800] {dagbag.py:532} INFO - Filling up the DagBag from /home/gerardsho/airflow_env/lib/python3.8/site-packages/airflow/example_dags/plugins/listener_plugin.py
[2023-04-22T01:50:24.714+0800] {processor.py:755} WARNING - No viable dags retrieved from /home/gerardsho/airflow_env/lib/python3.8/site-packages/airflow/example_dags/plugins/listener_plugin.py
[2023-04-22T01:50:24.720+0800] {processor.py:175} INFO - Processing /home/gerardsho/airflow_env/lib/python3.8/site-packages/airflow/example_dags/plugins/listener_plugin.py took 0.013 seconds
[2023-04-22T01:51:07.072+0800] {processor.py:153} INFO - Started process (PID=2896) to work on /home/gerardsho/airflow_env/lib/python3.8/site-packages/airflow/example_dags/plugins/listener_plugin.py
[2023-04-22T01:51:07.075+0800] {processor.py:743} INFO - Processing file /home/gerardsho/airflow_env/lib/python3.8/site-packages/airflow/example_dags/plugins/listener_plugin.py for tasks to queue
[2023-04-22T01:51:07.076+0800] {logging_mixin.py:137} INFO - [2023-04-22T01:51:07.076+0800] {dagbag.py:532} INFO - Filling up the DagBag from /home/gerardsho/airflow_env/lib/python3.8/site-packages/airflow/example_dags/plugins/listener_plugin.py
[2023-04-22T01:51:07.077+0800] {processor.py:755} WARNING - No viable dags retrieved from /home/gerardsho/airflow_env/lib/python3.8/site-packages/airflow/example_dags/plugins/listener_plugin.py
[2023-04-22T01:51:07.083+0800] {processor.py:175} INFO - Processing /home/gerardsho/airflow_env/lib/python3.8/site-packages/airflow/example_dags/plugins/listener_plugin.py took 0.012 seconds
[2023-04-22T01:51:47.939+0800] {processor.py:153} INFO - Started process (PID=2952) to work on /home/gerardsho/airflow_env/lib/python3.8/site-packages/airflow/example_dags/plugins/listener_plugin.py
[2023-04-22T01:51:47.942+0800] {processor.py:743} INFO - Processing file /home/gerardsho/airflow_env/lib/python3.8/site-packages/airflow/example_dags/plugins/listener_plugin.py for tasks to queue
[2023-04-22T01:51:47.942+0800] {logging_mixin.py:137} INFO - [2023-04-22T01:51:47.942+0800] {dagbag.py:532} INFO - Filling up the DagBag from /home/gerardsho/airflow_env/lib/python3.8/site-packages/airflow/example_dags/plugins/listener_plugin.py
[2023-04-22T01:51:47.944+0800] {processor.py:755} WARNING - No viable dags retrieved from /home/gerardsho/airflow_env/lib/python3.8/site-packages/airflow/example_dags/plugins/listener_plugin.py
[2023-04-22T01:51:47.951+0800] {processor.py:175} INFO - Processing /home/gerardsho/airflow_env/lib/python3.8/site-packages/airflow/example_dags/plugins/listener_plugin.py took 0.015 seconds
[2023-04-22T01:52:29.625+0800] {processor.py:153} INFO - Started process (PID=3000) to work on /home/gerardsho/airflow_env/lib/python3.8/site-packages/airflow/example_dags/plugins/listener_plugin.py
[2023-04-22T01:52:29.629+0800] {processor.py:743} INFO - Processing file /home/gerardsho/airflow_env/lib/python3.8/site-packages/airflow/example_dags/plugins/listener_plugin.py for tasks to queue
[2023-04-22T01:52:29.629+0800] {logging_mixin.py:137} INFO - [2023-04-22T01:52:29.629+0800] {dagbag.py:532} INFO - Filling up the DagBag from /home/gerardsho/airflow_env/lib/python3.8/site-packages/airflow/example_dags/plugins/listener_plugin.py
[2023-04-22T01:52:29.631+0800] {processor.py:755} WARNING - No viable dags retrieved from /home/gerardsho/airflow_env/lib/python3.8/site-packages/airflow/example_dags/plugins/listener_plugin.py
[2023-04-22T01:52:29.636+0800] {processor.py:175} INFO - Processing /home/gerardsho/airflow_env/lib/python3.8/site-packages/airflow/example_dags/plugins/listener_plugin.py took 0.012 seconds
[2023-04-22T01:53:11.174+0800] {processor.py:153} INFO - Started process (PID=3042) to work on /home/gerardsho/airflow_env/lib/python3.8/site-packages/airflow/example_dags/plugins/listener_plugin.py
[2023-04-22T01:53:11.178+0800] {processor.py:743} INFO - Processing file /home/gerardsho/airflow_env/lib/python3.8/site-packages/airflow/example_dags/plugins/listener_plugin.py for tasks to queue
[2023-04-22T01:53:11.178+0800] {logging_mixin.py:137} INFO - [2023-04-22T01:53:11.178+0800] {dagbag.py:532} INFO - Filling up the DagBag from /home/gerardsho/airflow_env/lib/python3.8/site-packages/airflow/example_dags/plugins/listener_plugin.py
[2023-04-22T01:53:11.180+0800] {processor.py:755} WARNING - No viable dags retrieved from /home/gerardsho/airflow_env/lib/python3.8/site-packages/airflow/example_dags/plugins/listener_plugin.py
[2023-04-22T01:53:11.185+0800] {processor.py:175} INFO - Processing /home/gerardsho/airflow_env/lib/python3.8/site-packages/airflow/example_dags/plugins/listener_plugin.py took 0.014 seconds
[2023-04-22T01:53:49.422+0800] {processor.py:153} INFO - Started process (PID=3084) to work on /home/gerardsho/airflow_env/lib/python3.8/site-packages/airflow/example_dags/plugins/listener_plugin.py
[2023-04-22T01:53:49.423+0800] {processor.py:743} INFO - Processing file /home/gerardsho/airflow_env/lib/python3.8/site-packages/airflow/example_dags/plugins/listener_plugin.py for tasks to queue
[2023-04-22T01:53:49.423+0800] {logging_mixin.py:137} INFO - [2023-04-22T01:53:49.423+0800] {dagbag.py:532} INFO - Filling up the DagBag from /home/gerardsho/airflow_env/lib/python3.8/site-packages/airflow/example_dags/plugins/listener_plugin.py
[2023-04-22T01:53:49.424+0800] {processor.py:755} WARNING - No viable dags retrieved from /home/gerardsho/airflow_env/lib/python3.8/site-packages/airflow/example_dags/plugins/listener_plugin.py
[2023-04-22T01:53:49.429+0800] {processor.py:175} INFO - Processing /home/gerardsho/airflow_env/lib/python3.8/site-packages/airflow/example_dags/plugins/listener_plugin.py took 0.009 seconds
[2023-04-22T01:54:29.938+0800] {processor.py:153} INFO - Started process (PID=3128) to work on /home/gerardsho/airflow_env/lib/python3.8/site-packages/airflow/example_dags/plugins/listener_plugin.py
[2023-04-22T01:54:29.939+0800] {processor.py:743} INFO - Processing file /home/gerardsho/airflow_env/lib/python3.8/site-packages/airflow/example_dags/plugins/listener_plugin.py for tasks to queue
[2023-04-22T01:54:29.939+0800] {logging_mixin.py:137} INFO - [2023-04-22T01:54:29.939+0800] {dagbag.py:532} INFO - Filling up the DagBag from /home/gerardsho/airflow_env/lib/python3.8/site-packages/airflow/example_dags/plugins/listener_plugin.py
[2023-04-22T01:54:29.940+0800] {processor.py:755} WARNING - No viable dags retrieved from /home/gerardsho/airflow_env/lib/python3.8/site-packages/airflow/example_dags/plugins/listener_plugin.py
[2023-04-22T01:54:29.946+0800] {processor.py:175} INFO - Processing /home/gerardsho/airflow_env/lib/python3.8/site-packages/airflow/example_dags/plugins/listener_plugin.py took 0.009 seconds
[2023-04-22T01:55:12.623+0800] {processor.py:153} INFO - Started process (PID=3174) to work on /home/gerardsho/airflow_env/lib/python3.8/site-packages/airflow/example_dags/plugins/listener_plugin.py
[2023-04-22T01:55:12.626+0800] {processor.py:743} INFO - Processing file /home/gerardsho/airflow_env/lib/python3.8/site-packages/airflow/example_dags/plugins/listener_plugin.py for tasks to queue
[2023-04-22T01:55:12.627+0800] {logging_mixin.py:137} INFO - [2023-04-22T01:55:12.627+0800] {dagbag.py:532} INFO - Filling up the DagBag from /home/gerardsho/airflow_env/lib/python3.8/site-packages/airflow/example_dags/plugins/listener_plugin.py
[2023-04-22T01:55:12.628+0800] {processor.py:755} WARNING - No viable dags retrieved from /home/gerardsho/airflow_env/lib/python3.8/site-packages/airflow/example_dags/plugins/listener_plugin.py
[2023-04-22T01:55:12.634+0800] {processor.py:175} INFO - Processing /home/gerardsho/airflow_env/lib/python3.8/site-packages/airflow/example_dags/plugins/listener_plugin.py took 0.012 seconds
[2023-04-22T01:55:52.052+0800] {processor.py:153} INFO - Started process (PID=3219) to work on /home/gerardsho/airflow_env/lib/python3.8/site-packages/airflow/example_dags/plugins/listener_plugin.py
[2023-04-22T01:55:52.055+0800] {processor.py:743} INFO - Processing file /home/gerardsho/airflow_env/lib/python3.8/site-packages/airflow/example_dags/plugins/listener_plugin.py for tasks to queue
[2023-04-22T01:55:52.056+0800] {logging_mixin.py:137} INFO - [2023-04-22T01:55:52.056+0800] {dagbag.py:532} INFO - Filling up the DagBag from /home/gerardsho/airflow_env/lib/python3.8/site-packages/airflow/example_dags/plugins/listener_plugin.py
[2023-04-22T01:55:52.058+0800] {processor.py:755} WARNING - No viable dags retrieved from /home/gerardsho/airflow_env/lib/python3.8/site-packages/airflow/example_dags/plugins/listener_plugin.py
[2023-04-22T01:55:52.066+0800] {processor.py:175} INFO - Processing /home/gerardsho/airflow_env/lib/python3.8/site-packages/airflow/example_dags/plugins/listener_plugin.py took 0.016 seconds
[2023-04-22T01:56:33.623+0800] {processor.py:153} INFO - Started process (PID=3265) to work on /home/gerardsho/airflow_env/lib/python3.8/site-packages/airflow/example_dags/plugins/listener_plugin.py
[2023-04-22T01:56:33.626+0800] {processor.py:743} INFO - Processing file /home/gerardsho/airflow_env/lib/python3.8/site-packages/airflow/example_dags/plugins/listener_plugin.py for tasks to queue
[2023-04-22T01:56:33.627+0800] {logging_mixin.py:137} INFO - [2023-04-22T01:56:33.627+0800] {dagbag.py:532} INFO - Filling up the DagBag from /home/gerardsho/airflow_env/lib/python3.8/site-packages/airflow/example_dags/plugins/listener_plugin.py
[2023-04-22T01:56:33.628+0800] {processor.py:755} WARNING - No viable dags retrieved from /home/gerardsho/airflow_env/lib/python3.8/site-packages/airflow/example_dags/plugins/listener_plugin.py
[2023-04-22T01:56:33.633+0800] {processor.py:175} INFO - Processing /home/gerardsho/airflow_env/lib/python3.8/site-packages/airflow/example_dags/plugins/listener_plugin.py took 0.012 seconds
[2023-04-22T01:57:13.133+0800] {processor.py:153} INFO - Started process (PID=3311) to work on /home/gerardsho/airflow_env/lib/python3.8/site-packages/airflow/example_dags/plugins/listener_plugin.py
[2023-04-22T01:57:13.136+0800] {processor.py:743} INFO - Processing file /home/gerardsho/airflow_env/lib/python3.8/site-packages/airflow/example_dags/plugins/listener_plugin.py for tasks to queue
[2023-04-22T01:57:13.137+0800] {logging_mixin.py:137} INFO - [2023-04-22T01:57:13.137+0800] {dagbag.py:532} INFO - Filling up the DagBag from /home/gerardsho/airflow_env/lib/python3.8/site-packages/airflow/example_dags/plugins/listener_plugin.py
[2023-04-22T01:57:13.138+0800] {processor.py:755} WARNING - No viable dags retrieved from /home/gerardsho/airflow_env/lib/python3.8/site-packages/airflow/example_dags/plugins/listener_plugin.py
[2023-04-22T01:57:13.144+0800] {processor.py:175} INFO - Processing /home/gerardsho/airflow_env/lib/python3.8/site-packages/airflow/example_dags/plugins/listener_plugin.py took 0.013 seconds
[2023-04-22T01:57:53.686+0800] {processor.py:153} INFO - Started process (PID=3360) to work on /home/gerardsho/airflow_env/lib/python3.8/site-packages/airflow/example_dags/plugins/listener_plugin.py
[2023-04-22T01:57:53.689+0800] {processor.py:743} INFO - Processing file /home/gerardsho/airflow_env/lib/python3.8/site-packages/airflow/example_dags/plugins/listener_plugin.py for tasks to queue
[2023-04-22T01:57:53.690+0800] {logging_mixin.py:137} INFO - [2023-04-22T01:57:53.690+0800] {dagbag.py:532} INFO - Filling up the DagBag from /home/gerardsho/airflow_env/lib/python3.8/site-packages/airflow/example_dags/plugins/listener_plugin.py
[2023-04-22T01:57:53.691+0800] {processor.py:755} WARNING - No viable dags retrieved from /home/gerardsho/airflow_env/lib/python3.8/site-packages/airflow/example_dags/plugins/listener_plugin.py
[2023-04-22T01:57:53.697+0800] {processor.py:175} INFO - Processing /home/gerardsho/airflow_env/lib/python3.8/site-packages/airflow/example_dags/plugins/listener_plugin.py took 0.014 seconds
[2023-04-22T01:58:34.816+0800] {processor.py:153} INFO - Started process (PID=3405) to work on /home/gerardsho/airflow_env/lib/python3.8/site-packages/airflow/example_dags/plugins/listener_plugin.py
[2023-04-22T01:58:34.819+0800] {processor.py:743} INFO - Processing file /home/gerardsho/airflow_env/lib/python3.8/site-packages/airflow/example_dags/plugins/listener_plugin.py for tasks to queue
[2023-04-22T01:58:34.819+0800] {logging_mixin.py:137} INFO - [2023-04-22T01:58:34.819+0800] {dagbag.py:532} INFO - Filling up the DagBag from /home/gerardsho/airflow_env/lib/python3.8/site-packages/airflow/example_dags/plugins/listener_plugin.py
[2023-04-22T01:58:34.821+0800] {processor.py:755} WARNING - No viable dags retrieved from /home/gerardsho/airflow_env/lib/python3.8/site-packages/airflow/example_dags/plugins/listener_plugin.py
[2023-04-22T01:58:34.826+0800] {processor.py:175} INFO - Processing /home/gerardsho/airflow_env/lib/python3.8/site-packages/airflow/example_dags/plugins/listener_plugin.py took 0.013 seconds
[2023-04-22T01:59:15.200+0800] {processor.py:153} INFO - Started process (PID=3447) to work on /home/gerardsho/airflow_env/lib/python3.8/site-packages/airflow/example_dags/plugins/listener_plugin.py
[2023-04-22T01:59:15.203+0800] {processor.py:743} INFO - Processing file /home/gerardsho/airflow_env/lib/python3.8/site-packages/airflow/example_dags/plugins/listener_plugin.py for tasks to queue
[2023-04-22T01:59:15.203+0800] {logging_mixin.py:137} INFO - [2023-04-22T01:59:15.203+0800] {dagbag.py:532} INFO - Filling up the DagBag from /home/gerardsho/airflow_env/lib/python3.8/site-packages/airflow/example_dags/plugins/listener_plugin.py
[2023-04-22T01:59:15.205+0800] {processor.py:755} WARNING - No viable dags retrieved from /home/gerardsho/airflow_env/lib/python3.8/site-packages/airflow/example_dags/plugins/listener_plugin.py
[2023-04-22T01:59:15.211+0800] {processor.py:175} INFO - Processing /home/gerardsho/airflow_env/lib/python3.8/site-packages/airflow/example_dags/plugins/listener_plugin.py took 0.013 seconds
[2023-04-22T01:59:54.422+0800] {processor.py:153} INFO - Started process (PID=3489) to work on /home/gerardsho/airflow_env/lib/python3.8/site-packages/airflow/example_dags/plugins/listener_plugin.py
[2023-04-22T01:59:54.423+0800] {processor.py:743} INFO - Processing file /home/gerardsho/airflow_env/lib/python3.8/site-packages/airflow/example_dags/plugins/listener_plugin.py for tasks to queue
[2023-04-22T01:59:54.424+0800] {logging_mixin.py:137} INFO - [2023-04-22T01:59:54.424+0800] {dagbag.py:532} INFO - Filling up the DagBag from /home/gerardsho/airflow_env/lib/python3.8/site-packages/airflow/example_dags/plugins/listener_plugin.py
[2023-04-22T01:59:54.425+0800] {processor.py:755} WARNING - No viable dags retrieved from /home/gerardsho/airflow_env/lib/python3.8/site-packages/airflow/example_dags/plugins/listener_plugin.py
[2023-04-22T01:59:54.431+0800] {processor.py:175} INFO - Processing /home/gerardsho/airflow_env/lib/python3.8/site-packages/airflow/example_dags/plugins/listener_plugin.py took 0.012 seconds
[2023-04-22T02:01:12.505+0800] {processor.py:153} INFO - Started process (PID=3550) to work on /home/gerardsho/airflow_env/lib/python3.8/site-packages/airflow/example_dags/plugins/listener_plugin.py
[2023-04-22T02:01:12.506+0800] {processor.py:743} INFO - Processing file /home/gerardsho/airflow_env/lib/python3.8/site-packages/airflow/example_dags/plugins/listener_plugin.py for tasks to queue
[2023-04-22T02:01:12.507+0800] {logging_mixin.py:137} INFO - [2023-04-22T02:01:12.507+0800] {dagbag.py:532} INFO - Filling up the DagBag from /home/gerardsho/airflow_env/lib/python3.8/site-packages/airflow/example_dags/plugins/listener_plugin.py
[2023-04-22T02:01:12.508+0800] {processor.py:755} WARNING - No viable dags retrieved from /home/gerardsho/airflow_env/lib/python3.8/site-packages/airflow/example_dags/plugins/listener_plugin.py
[2023-04-22T02:01:12.518+0800] {processor.py:175} INFO - Processing /home/gerardsho/airflow_env/lib/python3.8/site-packages/airflow/example_dags/plugins/listener_plugin.py took 0.015 seconds
[2023-04-22T02:01:53.033+0800] {processor.py:153} INFO - Started process (PID=3596) to work on /home/gerardsho/airflow_env/lib/python3.8/site-packages/airflow/example_dags/plugins/listener_plugin.py
[2023-04-22T02:01:53.036+0800] {processor.py:743} INFO - Processing file /home/gerardsho/airflow_env/lib/python3.8/site-packages/airflow/example_dags/plugins/listener_plugin.py for tasks to queue
[2023-04-22T02:01:53.036+0800] {logging_mixin.py:137} INFO - [2023-04-22T02:01:53.036+0800] {dagbag.py:532} INFO - Filling up the DagBag from /home/gerardsho/airflow_env/lib/python3.8/site-packages/airflow/example_dags/plugins/listener_plugin.py
[2023-04-22T02:01:53.038+0800] {processor.py:755} WARNING - No viable dags retrieved from /home/gerardsho/airflow_env/lib/python3.8/site-packages/airflow/example_dags/plugins/listener_plugin.py
[2023-04-22T02:01:53.043+0800] {processor.py:175} INFO - Processing /home/gerardsho/airflow_env/lib/python3.8/site-packages/airflow/example_dags/plugins/listener_plugin.py took 0.012 seconds
[2023-04-22T02:02:33.130+0800] {processor.py:153} INFO - Started process (PID=3640) to work on /home/gerardsho/airflow_env/lib/python3.8/site-packages/airflow/example_dags/plugins/listener_plugin.py
[2023-04-22T02:02:33.134+0800] {processor.py:743} INFO - Processing file /home/gerardsho/airflow_env/lib/python3.8/site-packages/airflow/example_dags/plugins/listener_plugin.py for tasks to queue
[2023-04-22T02:02:33.134+0800] {logging_mixin.py:137} INFO - [2023-04-22T02:02:33.134+0800] {dagbag.py:532} INFO - Filling up the DagBag from /home/gerardsho/airflow_env/lib/python3.8/site-packages/airflow/example_dags/plugins/listener_plugin.py
[2023-04-22T02:02:33.135+0800] {processor.py:755} WARNING - No viable dags retrieved from /home/gerardsho/airflow_env/lib/python3.8/site-packages/airflow/example_dags/plugins/listener_plugin.py
[2023-04-22T02:02:33.140+0800] {processor.py:175} INFO - Processing /home/gerardsho/airflow_env/lib/python3.8/site-packages/airflow/example_dags/plugins/listener_plugin.py took 0.012 seconds
[2023-04-22T02:03:15.365+0800] {processor.py:153} INFO - Started process (PID=3691) to work on /home/gerardsho/airflow_env/lib/python3.8/site-packages/airflow/example_dags/plugins/listener_plugin.py
[2023-04-22T02:03:15.366+0800] {processor.py:743} INFO - Processing file /home/gerardsho/airflow_env/lib/python3.8/site-packages/airflow/example_dags/plugins/listener_plugin.py for tasks to queue
[2023-04-22T02:03:15.367+0800] {logging_mixin.py:137} INFO - [2023-04-22T02:03:15.367+0800] {dagbag.py:532} INFO - Filling up the DagBag from /home/gerardsho/airflow_env/lib/python3.8/site-packages/airflow/example_dags/plugins/listener_plugin.py
[2023-04-22T02:03:15.368+0800] {processor.py:755} WARNING - No viable dags retrieved from /home/gerardsho/airflow_env/lib/python3.8/site-packages/airflow/example_dags/plugins/listener_plugin.py
[2023-04-22T02:03:15.376+0800] {processor.py:175} INFO - Processing /home/gerardsho/airflow_env/lib/python3.8/site-packages/airflow/example_dags/plugins/listener_plugin.py took 0.013 seconds
[2023-04-22T02:03:55.355+0800] {processor.py:153} INFO - Started process (PID=3741) to work on /home/gerardsho/airflow_env/lib/python3.8/site-packages/airflow/example_dags/plugins/listener_plugin.py
[2023-04-22T02:03:55.359+0800] {processor.py:743} INFO - Processing file /home/gerardsho/airflow_env/lib/python3.8/site-packages/airflow/example_dags/plugins/listener_plugin.py for tasks to queue
[2023-04-22T02:03:55.359+0800] {logging_mixin.py:137} INFO - [2023-04-22T02:03:55.359+0800] {dagbag.py:532} INFO - Filling up the DagBag from /home/gerardsho/airflow_env/lib/python3.8/site-packages/airflow/example_dags/plugins/listener_plugin.py
[2023-04-22T02:03:55.360+0800] {processor.py:755} WARNING - No viable dags retrieved from /home/gerardsho/airflow_env/lib/python3.8/site-packages/airflow/example_dags/plugins/listener_plugin.py
[2023-04-22T02:03:55.366+0800] {processor.py:175} INFO - Processing /home/gerardsho/airflow_env/lib/python3.8/site-packages/airflow/example_dags/plugins/listener_plugin.py took 0.014 seconds
[2023-04-22T02:04:36.548+0800] {processor.py:153} INFO - Started process (PID=3783) to work on /home/gerardsho/airflow_env/lib/python3.8/site-packages/airflow/example_dags/plugins/listener_plugin.py
[2023-04-22T02:04:36.551+0800] {processor.py:743} INFO - Processing file /home/gerardsho/airflow_env/lib/python3.8/site-packages/airflow/example_dags/plugins/listener_plugin.py for tasks to queue
[2023-04-22T02:04:36.552+0800] {logging_mixin.py:137} INFO - [2023-04-22T02:04:36.552+0800] {dagbag.py:532} INFO - Filling up the DagBag from /home/gerardsho/airflow_env/lib/python3.8/site-packages/airflow/example_dags/plugins/listener_plugin.py
[2023-04-22T02:04:36.553+0800] {processor.py:755} WARNING - No viable dags retrieved from /home/gerardsho/airflow_env/lib/python3.8/site-packages/airflow/example_dags/plugins/listener_plugin.py
[2023-04-22T02:04:36.559+0800] {processor.py:175} INFO - Processing /home/gerardsho/airflow_env/lib/python3.8/site-packages/airflow/example_dags/plugins/listener_plugin.py took 0.013 seconds
