[2023-04-22T01:48:59.625+0800] {processor.py:153} INFO - Started process (PID=2758) to work on /home/gerardsho/airflow_env/lib/python3.8/site-packages/airflow/example_dags/example_external_task_marker_dag.py
[2023-04-22T01:48:59.625+0800] {processor.py:743} INFO - Processing file /home/gerardsho/airflow_env/lib/python3.8/site-packages/airflow/example_dags/example_external_task_marker_dag.py for tasks to queue
[2023-04-22T01:48:59.626+0800] {logging_mixin.py:137} INFO - [2023-04-22T01:48:59.626+0800] {dagbag.py:532} INFO - Filling up the DagBag from /home/gerardsho/airflow_env/lib/python3.8/site-packages/airflow/example_dags/example_external_task_marker_dag.py
[2023-04-22T01:48:59.633+0800] {processor.py:753} INFO - DAG(s) dict_keys(['example_external_task_marker_child', 'example_external_task_marker_parent']) retrieved from /home/gerardsho/airflow_env/lib/python3.8/site-packages/airflow/example_dags/example_external_task_marker_dag.py
[2023-04-22T01:48:59.700+0800] {logging_mixin.py:137} INFO - [2023-04-22T01:48:59.700+0800] {manager.py:504} INFO - Created Permission View: can edit on DAG:example_external_task_marker_child
[2023-04-22T01:48:59.712+0800] {logging_mixin.py:137} INFO - [2023-04-22T01:48:59.712+0800] {manager.py:504} INFO - Created Permission View: can delete on DAG:example_external_task_marker_child
[2023-04-22T01:48:59.723+0800] {logging_mixin.py:137} INFO - [2023-04-22T01:48:59.723+0800] {manager.py:504} INFO - Created Permission View: can read on DAG:example_external_task_marker_child
[2023-04-22T01:48:59.744+0800] {logging_mixin.py:137} INFO - [2023-04-22T01:48:59.744+0800] {manager.py:504} INFO - Created Permission View: can edit on DAG:example_external_task_marker_parent
[2023-04-22T01:48:59.752+0800] {logging_mixin.py:137} INFO - [2023-04-22T01:48:59.752+0800] {manager.py:504} INFO - Created Permission View: can delete on DAG:example_external_task_marker_parent
[2023-04-22T01:48:59.758+0800] {logging_mixin.py:137} INFO - [2023-04-22T01:48:59.758+0800] {manager.py:504} INFO - Created Permission View: can read on DAG:example_external_task_marker_parent
[2023-04-22T01:48:59.759+0800] {logging_mixin.py:137} INFO - [2023-04-22T01:48:59.759+0800] {dag.py:2705} INFO - Sync 2 DAGs
[2023-04-22T01:48:59.765+0800] {logging_mixin.py:137} INFO - [2023-04-22T01:48:59.765+0800] {dag.py:2726} INFO - Creating ORM DAG for example_external_task_marker_child
[2023-04-22T01:48:59.765+0800] {logging_mixin.py:137} INFO - [2023-04-22T01:48:59.765+0800] {dag.py:2726} INFO - Creating ORM DAG for example_external_task_marker_parent
[2023-04-22T01:48:59.769+0800] {logging_mixin.py:137} INFO - [2023-04-22T01:48:59.769+0800] {dag.py:3452} INFO - Setting next_dagrun for example_external_task_marker_child to None, run_after=None
[2023-04-22T01:48:59.770+0800] {logging_mixin.py:137} INFO - [2023-04-22T01:48:59.770+0800] {dag.py:3452} INFO - Setting next_dagrun for example_external_task_marker_parent to None, run_after=None
[2023-04-22T01:48:59.787+0800] {processor.py:175} INFO - Processing /home/gerardsho/airflow_env/lib/python3.8/site-packages/airflow/example_dags/example_external_task_marker_dag.py took 0.163 seconds
[2023-04-22T01:49:42.507+0800] {processor.py:153} INFO - Started process (PID=2802) to work on /home/gerardsho/airflow_env/lib/python3.8/site-packages/airflow/example_dags/example_external_task_marker_dag.py
[2023-04-22T01:49:42.510+0800] {processor.py:743} INFO - Processing file /home/gerardsho/airflow_env/lib/python3.8/site-packages/airflow/example_dags/example_external_task_marker_dag.py for tasks to queue
[2023-04-22T01:49:42.511+0800] {logging_mixin.py:137} INFO - [2023-04-22T01:49:42.510+0800] {dagbag.py:532} INFO - Filling up the DagBag from /home/gerardsho/airflow_env/lib/python3.8/site-packages/airflow/example_dags/example_external_task_marker_dag.py
[2023-04-22T01:49:42.519+0800] {processor.py:753} INFO - DAG(s) dict_keys(['example_external_task_marker_parent', 'example_external_task_marker_child']) retrieved from /home/gerardsho/airflow_env/lib/python3.8/site-packages/airflow/example_dags/example_external_task_marker_dag.py
[2023-04-22T01:49:42.531+0800] {logging_mixin.py:137} INFO - [2023-04-22T01:49:42.531+0800] {dag.py:2705} INFO - Sync 2 DAGs
[2023-04-22T01:49:42.541+0800] {logging_mixin.py:137} INFO - [2023-04-22T01:49:42.541+0800] {dag.py:3452} INFO - Setting next_dagrun for example_external_task_marker_child to None, run_after=None
[2023-04-22T01:49:42.543+0800] {logging_mixin.py:137} INFO - [2023-04-22T01:49:42.543+0800] {dag.py:3452} INFO - Setting next_dagrun for example_external_task_marker_parent to None, run_after=None
[2023-04-22T01:49:42.557+0800] {processor.py:175} INFO - Processing /home/gerardsho/airflow_env/lib/python3.8/site-packages/airflow/example_dags/example_external_task_marker_dag.py took 0.052 seconds
[2023-04-22T01:50:19.560+0800] {processor.py:153} INFO - Started process (PID=2846) to work on /home/gerardsho/airflow_env/lib/python3.8/site-packages/airflow/example_dags/example_external_task_marker_dag.py
[2023-04-22T01:50:19.563+0800] {processor.py:743} INFO - Processing file /home/gerardsho/airflow_env/lib/python3.8/site-packages/airflow/example_dags/example_external_task_marker_dag.py for tasks to queue
[2023-04-22T01:50:19.564+0800] {logging_mixin.py:137} INFO - [2023-04-22T01:50:19.564+0800] {dagbag.py:532} INFO - Filling up the DagBag from /home/gerardsho/airflow_env/lib/python3.8/site-packages/airflow/example_dags/example_external_task_marker_dag.py
[2023-04-22T01:50:19.571+0800] {processor.py:753} INFO - DAG(s) dict_keys(['example_external_task_marker_parent', 'example_external_task_marker_child']) retrieved from /home/gerardsho/airflow_env/lib/python3.8/site-packages/airflow/example_dags/example_external_task_marker_dag.py
[2023-04-22T01:50:19.583+0800] {logging_mixin.py:137} INFO - [2023-04-22T01:50:19.583+0800] {dag.py:2705} INFO - Sync 2 DAGs
[2023-04-22T01:50:19.594+0800] {logging_mixin.py:137} INFO - [2023-04-22T01:50:19.593+0800] {dag.py:3452} INFO - Setting next_dagrun for example_external_task_marker_child to None, run_after=None
[2023-04-22T01:50:19.595+0800] {logging_mixin.py:137} INFO - [2023-04-22T01:50:19.595+0800] {dag.py:3452} INFO - Setting next_dagrun for example_external_task_marker_parent to None, run_after=None
[2023-04-22T01:50:19.613+0800] {processor.py:175} INFO - Processing /home/gerardsho/airflow_env/lib/python3.8/site-packages/airflow/example_dags/example_external_task_marker_dag.py took 0.055 seconds
[2023-04-22T01:51:01.922+0800] {processor.py:153} INFO - Started process (PID=2891) to work on /home/gerardsho/airflow_env/lib/python3.8/site-packages/airflow/example_dags/example_external_task_marker_dag.py
[2023-04-22T01:51:01.925+0800] {processor.py:743} INFO - Processing file /home/gerardsho/airflow_env/lib/python3.8/site-packages/airflow/example_dags/example_external_task_marker_dag.py for tasks to queue
[2023-04-22T01:51:01.926+0800] {logging_mixin.py:137} INFO - [2023-04-22T01:51:01.926+0800] {dagbag.py:532} INFO - Filling up the DagBag from /home/gerardsho/airflow_env/lib/python3.8/site-packages/airflow/example_dags/example_external_task_marker_dag.py
[2023-04-22T01:51:01.933+0800] {processor.py:753} INFO - DAG(s) dict_keys(['example_external_task_marker_child', 'example_external_task_marker_parent']) retrieved from /home/gerardsho/airflow_env/lib/python3.8/site-packages/airflow/example_dags/example_external_task_marker_dag.py
[2023-04-22T01:51:01.945+0800] {logging_mixin.py:137} INFO - [2023-04-22T01:51:01.944+0800] {dag.py:2705} INFO - Sync 2 DAGs
[2023-04-22T01:51:01.956+0800] {logging_mixin.py:137} INFO - [2023-04-22T01:51:01.955+0800] {dag.py:3452} INFO - Setting next_dagrun for example_external_task_marker_child to None, run_after=None
[2023-04-22T01:51:01.957+0800] {logging_mixin.py:137} INFO - [2023-04-22T01:51:01.957+0800] {dag.py:3452} INFO - Setting next_dagrun for example_external_task_marker_parent to None, run_after=None
[2023-04-22T01:51:01.974+0800] {processor.py:175} INFO - Processing /home/gerardsho/airflow_env/lib/python3.8/site-packages/airflow/example_dags/example_external_task_marker_dag.py took 0.054 seconds
[2023-04-22T01:51:44.136+0800] {processor.py:153} INFO - Started process (PID=2945) to work on /home/gerardsho/airflow_env/lib/python3.8/site-packages/airflow/example_dags/example_external_task_marker_dag.py
[2023-04-22T01:51:44.140+0800] {processor.py:743} INFO - Processing file /home/gerardsho/airflow_env/lib/python3.8/site-packages/airflow/example_dags/example_external_task_marker_dag.py for tasks to queue
[2023-04-22T01:51:44.140+0800] {logging_mixin.py:137} INFO - [2023-04-22T01:51:44.140+0800] {dagbag.py:532} INFO - Filling up the DagBag from /home/gerardsho/airflow_env/lib/python3.8/site-packages/airflow/example_dags/example_external_task_marker_dag.py
[2023-04-22T01:51:44.148+0800] {processor.py:753} INFO - DAG(s) dict_keys(['example_external_task_marker_child', 'example_external_task_marker_parent']) retrieved from /home/gerardsho/airflow_env/lib/python3.8/site-packages/airflow/example_dags/example_external_task_marker_dag.py
[2023-04-22T01:51:44.161+0800] {logging_mixin.py:137} INFO - [2023-04-22T01:51:44.161+0800] {dag.py:2705} INFO - Sync 2 DAGs
[2023-04-22T01:51:44.173+0800] {logging_mixin.py:137} INFO - [2023-04-22T01:51:44.172+0800] {dag.py:3452} INFO - Setting next_dagrun for example_external_task_marker_child to None, run_after=None
[2023-04-22T01:51:44.174+0800] {logging_mixin.py:137} INFO - [2023-04-22T01:51:44.174+0800] {dag.py:3452} INFO - Setting next_dagrun for example_external_task_marker_parent to None, run_after=None
[2023-04-22T01:51:44.203+0800] {processor.py:175} INFO - Processing /home/gerardsho/airflow_env/lib/python3.8/site-packages/airflow/example_dags/example_external_task_marker_dag.py took 0.069 seconds
[2023-04-22T01:52:25.162+0800] {processor.py:153} INFO - Started process (PID=2995) to work on /home/gerardsho/airflow_env/lib/python3.8/site-packages/airflow/example_dags/example_external_task_marker_dag.py
[2023-04-22T01:52:25.164+0800] {processor.py:743} INFO - Processing file /home/gerardsho/airflow_env/lib/python3.8/site-packages/airflow/example_dags/example_external_task_marker_dag.py for tasks to queue
[2023-04-22T01:52:25.165+0800] {logging_mixin.py:137} INFO - [2023-04-22T01:52:25.165+0800] {dagbag.py:532} INFO - Filling up the DagBag from /home/gerardsho/airflow_env/lib/python3.8/site-packages/airflow/example_dags/example_external_task_marker_dag.py
[2023-04-22T01:52:25.172+0800] {processor.py:753} INFO - DAG(s) dict_keys(['example_external_task_marker_parent', 'example_external_task_marker_child']) retrieved from /home/gerardsho/airflow_env/lib/python3.8/site-packages/airflow/example_dags/example_external_task_marker_dag.py
[2023-04-22T01:52:25.184+0800] {logging_mixin.py:137} INFO - [2023-04-22T01:52:25.184+0800] {dag.py:2705} INFO - Sync 2 DAGs
[2023-04-22T01:52:25.195+0800] {logging_mixin.py:137} INFO - [2023-04-22T01:52:25.195+0800] {dag.py:3452} INFO - Setting next_dagrun for example_external_task_marker_child to None, run_after=None
[2023-04-22T01:52:25.197+0800] {logging_mixin.py:137} INFO - [2023-04-22T01:52:25.197+0800] {dag.py:3452} INFO - Setting next_dagrun for example_external_task_marker_parent to None, run_after=None
[2023-04-22T01:52:25.213+0800] {processor.py:175} INFO - Processing /home/gerardsho/airflow_env/lib/python3.8/site-packages/airflow/example_dags/example_external_task_marker_dag.py took 0.053 seconds
[2023-04-22T01:53:06.335+0800] {processor.py:153} INFO - Started process (PID=3037) to work on /home/gerardsho/airflow_env/lib/python3.8/site-packages/airflow/example_dags/example_external_task_marker_dag.py
[2023-04-22T01:53:06.338+0800] {processor.py:743} INFO - Processing file /home/gerardsho/airflow_env/lib/python3.8/site-packages/airflow/example_dags/example_external_task_marker_dag.py for tasks to queue
[2023-04-22T01:53:06.338+0800] {logging_mixin.py:137} INFO - [2023-04-22T01:53:06.338+0800] {dagbag.py:532} INFO - Filling up the DagBag from /home/gerardsho/airflow_env/lib/python3.8/site-packages/airflow/example_dags/example_external_task_marker_dag.py
[2023-04-22T01:53:06.346+0800] {processor.py:753} INFO - DAG(s) dict_keys(['example_external_task_marker_parent', 'example_external_task_marker_child']) retrieved from /home/gerardsho/airflow_env/lib/python3.8/site-packages/airflow/example_dags/example_external_task_marker_dag.py
[2023-04-22T01:53:06.358+0800] {logging_mixin.py:137} INFO - [2023-04-22T01:53:06.358+0800] {dag.py:2705} INFO - Sync 2 DAGs
[2023-04-22T01:53:06.367+0800] {logging_mixin.py:137} INFO - [2023-04-22T01:53:06.367+0800] {dag.py:3452} INFO - Setting next_dagrun for example_external_task_marker_child to None, run_after=None
[2023-04-22T01:53:06.369+0800] {logging_mixin.py:137} INFO - [2023-04-22T01:53:06.369+0800] {dag.py:3452} INFO - Setting next_dagrun for example_external_task_marker_parent to None, run_after=None
[2023-04-22T01:53:06.387+0800] {processor.py:175} INFO - Processing /home/gerardsho/airflow_env/lib/python3.8/site-packages/airflow/example_dags/example_external_task_marker_dag.py took 0.055 seconds
[2023-04-22T01:53:45.268+0800] {processor.py:153} INFO - Started process (PID=3079) to work on /home/gerardsho/airflow_env/lib/python3.8/site-packages/airflow/example_dags/example_external_task_marker_dag.py
[2023-04-22T01:53:45.272+0800] {processor.py:743} INFO - Processing file /home/gerardsho/airflow_env/lib/python3.8/site-packages/airflow/example_dags/example_external_task_marker_dag.py for tasks to queue
[2023-04-22T01:53:45.273+0800] {logging_mixin.py:137} INFO - [2023-04-22T01:53:45.272+0800] {dagbag.py:532} INFO - Filling up the DagBag from /home/gerardsho/airflow_env/lib/python3.8/site-packages/airflow/example_dags/example_external_task_marker_dag.py
[2023-04-22T01:53:45.280+0800] {processor.py:753} INFO - DAG(s) dict_keys(['example_external_task_marker_parent', 'example_external_task_marker_child']) retrieved from /home/gerardsho/airflow_env/lib/python3.8/site-packages/airflow/example_dags/example_external_task_marker_dag.py
[2023-04-22T01:53:45.292+0800] {logging_mixin.py:137} INFO - [2023-04-22T01:53:45.292+0800] {dag.py:2705} INFO - Sync 2 DAGs
[2023-04-22T01:53:45.302+0800] {logging_mixin.py:137} INFO - [2023-04-22T01:53:45.302+0800] {dag.py:3452} INFO - Setting next_dagrun for example_external_task_marker_child to None, run_after=None
[2023-04-22T01:53:45.303+0800] {logging_mixin.py:137} INFO - [2023-04-22T01:53:45.303+0800] {dag.py:3452} INFO - Setting next_dagrun for example_external_task_marker_parent to None, run_after=None
[2023-04-22T01:53:45.319+0800] {processor.py:175} INFO - Processing /home/gerardsho/airflow_env/lib/python3.8/site-packages/airflow/example_dags/example_external_task_marker_dag.py took 0.053 seconds
[2023-04-22T01:54:25.148+0800] {processor.py:153} INFO - Started process (PID=3123) to work on /home/gerardsho/airflow_env/lib/python3.8/site-packages/airflow/example_dags/example_external_task_marker_dag.py
[2023-04-22T01:54:25.151+0800] {processor.py:743} INFO - Processing file /home/gerardsho/airflow_env/lib/python3.8/site-packages/airflow/example_dags/example_external_task_marker_dag.py for tasks to queue
[2023-04-22T01:54:25.151+0800] {logging_mixin.py:137} INFO - [2023-04-22T01:54:25.151+0800] {dagbag.py:532} INFO - Filling up the DagBag from /home/gerardsho/airflow_env/lib/python3.8/site-packages/airflow/example_dags/example_external_task_marker_dag.py
[2023-04-22T01:54:25.159+0800] {processor.py:753} INFO - DAG(s) dict_keys(['example_external_task_marker_parent', 'example_external_task_marker_child']) retrieved from /home/gerardsho/airflow_env/lib/python3.8/site-packages/airflow/example_dags/example_external_task_marker_dag.py
[2023-04-22T01:54:25.172+0800] {logging_mixin.py:137} INFO - [2023-04-22T01:54:25.172+0800] {dag.py:2705} INFO - Sync 2 DAGs
[2023-04-22T01:54:25.185+0800] {logging_mixin.py:137} INFO - [2023-04-22T01:54:25.185+0800] {dag.py:3452} INFO - Setting next_dagrun for example_external_task_marker_child to None, run_after=None
[2023-04-22T01:54:25.187+0800] {logging_mixin.py:137} INFO - [2023-04-22T01:54:25.187+0800] {dag.py:3452} INFO - Setting next_dagrun for example_external_task_marker_parent to None, run_after=None
[2023-04-22T01:54:25.202+0800] {processor.py:175} INFO - Processing /home/gerardsho/airflow_env/lib/python3.8/site-packages/airflow/example_dags/example_external_task_marker_dag.py took 0.056 seconds
[2023-04-22T01:55:07.478+0800] {processor.py:153} INFO - Started process (PID=3169) to work on /home/gerardsho/airflow_env/lib/python3.8/site-packages/airflow/example_dags/example_external_task_marker_dag.py
[2023-04-22T01:55:07.479+0800] {processor.py:743} INFO - Processing file /home/gerardsho/airflow_env/lib/python3.8/site-packages/airflow/example_dags/example_external_task_marker_dag.py for tasks to queue
[2023-04-22T01:55:07.480+0800] {logging_mixin.py:137} INFO - [2023-04-22T01:55:07.480+0800] {dagbag.py:532} INFO - Filling up the DagBag from /home/gerardsho/airflow_env/lib/python3.8/site-packages/airflow/example_dags/example_external_task_marker_dag.py
[2023-04-22T01:55:07.488+0800] {processor.py:753} INFO - DAG(s) dict_keys(['example_external_task_marker_child', 'example_external_task_marker_parent']) retrieved from /home/gerardsho/airflow_env/lib/python3.8/site-packages/airflow/example_dags/example_external_task_marker_dag.py
[2023-04-22T01:55:07.501+0800] {logging_mixin.py:137} INFO - [2023-04-22T01:55:07.501+0800] {dag.py:2705} INFO - Sync 2 DAGs
[2023-04-22T01:55:07.513+0800] {logging_mixin.py:137} INFO - [2023-04-22T01:55:07.513+0800] {dag.py:3452} INFO - Setting next_dagrun for example_external_task_marker_child to None, run_after=None
[2023-04-22T01:55:07.515+0800] {logging_mixin.py:137} INFO - [2023-04-22T01:55:07.515+0800] {dag.py:3452} INFO - Setting next_dagrun for example_external_task_marker_parent to None, run_after=None
[2023-04-22T01:55:07.531+0800] {processor.py:175} INFO - Processing /home/gerardsho/airflow_env/lib/python3.8/site-packages/airflow/example_dags/example_external_task_marker_dag.py took 0.055 seconds
[2023-04-22T01:55:47.390+0800] {processor.py:153} INFO - Started process (PID=3214) to work on /home/gerardsho/airflow_env/lib/python3.8/site-packages/airflow/example_dags/example_external_task_marker_dag.py
[2023-04-22T01:55:47.393+0800] {processor.py:743} INFO - Processing file /home/gerardsho/airflow_env/lib/python3.8/site-packages/airflow/example_dags/example_external_task_marker_dag.py for tasks to queue
[2023-04-22T01:55:47.393+0800] {logging_mixin.py:137} INFO - [2023-04-22T01:55:47.393+0800] {dagbag.py:532} INFO - Filling up the DagBag from /home/gerardsho/airflow_env/lib/python3.8/site-packages/airflow/example_dags/example_external_task_marker_dag.py
[2023-04-22T01:55:47.402+0800] {processor.py:753} INFO - DAG(s) dict_keys(['example_external_task_marker_child', 'example_external_task_marker_parent']) retrieved from /home/gerardsho/airflow_env/lib/python3.8/site-packages/airflow/example_dags/example_external_task_marker_dag.py
[2023-04-22T01:55:47.416+0800] {logging_mixin.py:137} INFO - [2023-04-22T01:55:47.416+0800] {dag.py:2705} INFO - Sync 2 DAGs
[2023-04-22T01:55:47.428+0800] {logging_mixin.py:137} INFO - [2023-04-22T01:55:47.428+0800] {dag.py:3452} INFO - Setting next_dagrun for example_external_task_marker_child to None, run_after=None
[2023-04-22T01:55:47.429+0800] {logging_mixin.py:137} INFO - [2023-04-22T01:55:47.429+0800] {dag.py:3452} INFO - Setting next_dagrun for example_external_task_marker_parent to None, run_after=None
[2023-04-22T01:55:47.446+0800] {processor.py:175} INFO - Processing /home/gerardsho/airflow_env/lib/python3.8/site-packages/airflow/example_dags/example_external_task_marker_dag.py took 0.059 seconds
[2023-04-22T01:56:28.483+0800] {processor.py:153} INFO - Started process (PID=3260) to work on /home/gerardsho/airflow_env/lib/python3.8/site-packages/airflow/example_dags/example_external_task_marker_dag.py
[2023-04-22T01:56:28.486+0800] {processor.py:743} INFO - Processing file /home/gerardsho/airflow_env/lib/python3.8/site-packages/airflow/example_dags/example_external_task_marker_dag.py for tasks to queue
[2023-04-22T01:56:28.487+0800] {logging_mixin.py:137} INFO - [2023-04-22T01:56:28.487+0800] {dagbag.py:532} INFO - Filling up the DagBag from /home/gerardsho/airflow_env/lib/python3.8/site-packages/airflow/example_dags/example_external_task_marker_dag.py
[2023-04-22T01:56:28.495+0800] {processor.py:753} INFO - DAG(s) dict_keys(['example_external_task_marker_child', 'example_external_task_marker_parent']) retrieved from /home/gerardsho/airflow_env/lib/python3.8/site-packages/airflow/example_dags/example_external_task_marker_dag.py
[2023-04-22T01:56:28.507+0800] {logging_mixin.py:137} INFO - [2023-04-22T01:56:28.507+0800] {dag.py:2705} INFO - Sync 2 DAGs
[2023-04-22T01:56:28.520+0800] {logging_mixin.py:137} INFO - [2023-04-22T01:56:28.520+0800] {dag.py:3452} INFO - Setting next_dagrun for example_external_task_marker_child to None, run_after=None
[2023-04-22T01:56:28.521+0800] {logging_mixin.py:137} INFO - [2023-04-22T01:56:28.521+0800] {dag.py:3452} INFO - Setting next_dagrun for example_external_task_marker_parent to None, run_after=None
[2023-04-22T01:56:28.538+0800] {processor.py:175} INFO - Processing /home/gerardsho/airflow_env/lib/python3.8/site-packages/airflow/example_dags/example_external_task_marker_dag.py took 0.056 seconds
[2023-04-22T01:57:08.977+0800] {processor.py:153} INFO - Started process (PID=3306) to work on /home/gerardsho/airflow_env/lib/python3.8/site-packages/airflow/example_dags/example_external_task_marker_dag.py
[2023-04-22T01:57:08.978+0800] {processor.py:743} INFO - Processing file /home/gerardsho/airflow_env/lib/python3.8/site-packages/airflow/example_dags/example_external_task_marker_dag.py for tasks to queue
[2023-04-22T01:57:08.978+0800] {logging_mixin.py:137} INFO - [2023-04-22T01:57:08.978+0800] {dagbag.py:532} INFO - Filling up the DagBag from /home/gerardsho/airflow_env/lib/python3.8/site-packages/airflow/example_dags/example_external_task_marker_dag.py
[2023-04-22T01:57:08.986+0800] {processor.py:753} INFO - DAG(s) dict_keys(['example_external_task_marker_parent', 'example_external_task_marker_child']) retrieved from /home/gerardsho/airflow_env/lib/python3.8/site-packages/airflow/example_dags/example_external_task_marker_dag.py
[2023-04-22T01:57:09.000+0800] {logging_mixin.py:137} INFO - [2023-04-22T01:57:09.000+0800] {dag.py:2705} INFO - Sync 2 DAGs
[2023-04-22T01:57:09.013+0800] {logging_mixin.py:137} INFO - [2023-04-22T01:57:09.012+0800] {dag.py:3452} INFO - Setting next_dagrun for example_external_task_marker_child to None, run_after=None
[2023-04-22T01:57:09.015+0800] {logging_mixin.py:137} INFO - [2023-04-22T01:57:09.015+0800] {dag.py:3452} INFO - Setting next_dagrun for example_external_task_marker_parent to None, run_after=None
[2023-04-22T01:57:09.031+0800] {processor.py:175} INFO - Processing /home/gerardsho/airflow_env/lib/python3.8/site-packages/airflow/example_dags/example_external_task_marker_dag.py took 0.057 seconds
[2023-04-22T01:57:49.412+0800] {processor.py:153} INFO - Started process (PID=3354) to work on /home/gerardsho/airflow_env/lib/python3.8/site-packages/airflow/example_dags/example_external_task_marker_dag.py
[2023-04-22T01:57:49.415+0800] {processor.py:743} INFO - Processing file /home/gerardsho/airflow_env/lib/python3.8/site-packages/airflow/example_dags/example_external_task_marker_dag.py for tasks to queue
[2023-04-22T01:57:49.415+0800] {logging_mixin.py:137} INFO - [2023-04-22T01:57:49.415+0800] {dagbag.py:532} INFO - Filling up the DagBag from /home/gerardsho/airflow_env/lib/python3.8/site-packages/airflow/example_dags/example_external_task_marker_dag.py
[2023-04-22T01:57:49.423+0800] {processor.py:753} INFO - DAG(s) dict_keys(['example_external_task_marker_parent', 'example_external_task_marker_child']) retrieved from /home/gerardsho/airflow_env/lib/python3.8/site-packages/airflow/example_dags/example_external_task_marker_dag.py
[2023-04-22T01:57:49.436+0800] {logging_mixin.py:137} INFO - [2023-04-22T01:57:49.436+0800] {dag.py:2705} INFO - Sync 2 DAGs
[2023-04-22T01:57:49.446+0800] {logging_mixin.py:137} INFO - [2023-04-22T01:57:49.446+0800] {dag.py:3452} INFO - Setting next_dagrun for example_external_task_marker_child to None, run_after=None
[2023-04-22T01:57:49.448+0800] {logging_mixin.py:137} INFO - [2023-04-22T01:57:49.447+0800] {dag.py:3452} INFO - Setting next_dagrun for example_external_task_marker_parent to None, run_after=None
[2023-04-22T01:57:49.464+0800] {processor.py:175} INFO - Processing /home/gerardsho/airflow_env/lib/python3.8/site-packages/airflow/example_dags/example_external_task_marker_dag.py took 0.054 seconds
[2023-04-22T01:58:30.509+0800] {processor.py:153} INFO - Started process (PID=3400) to work on /home/gerardsho/airflow_env/lib/python3.8/site-packages/airflow/example_dags/example_external_task_marker_dag.py
[2023-04-22T01:58:30.510+0800] {processor.py:743} INFO - Processing file /home/gerardsho/airflow_env/lib/python3.8/site-packages/airflow/example_dags/example_external_task_marker_dag.py for tasks to queue
[2023-04-22T01:58:30.511+0800] {logging_mixin.py:137} INFO - [2023-04-22T01:58:30.511+0800] {dagbag.py:532} INFO - Filling up the DagBag from /home/gerardsho/airflow_env/lib/python3.8/site-packages/airflow/example_dags/example_external_task_marker_dag.py
[2023-04-22T01:58:30.521+0800] {processor.py:753} INFO - DAG(s) dict_keys(['example_external_task_marker_parent', 'example_external_task_marker_child']) retrieved from /home/gerardsho/airflow_env/lib/python3.8/site-packages/airflow/example_dags/example_external_task_marker_dag.py
[2023-04-22T01:58:30.549+0800] {logging_mixin.py:137} INFO - [2023-04-22T01:58:30.549+0800] {dag.py:2705} INFO - Sync 2 DAGs
[2023-04-22T01:58:30.572+0800] {logging_mixin.py:137} INFO - [2023-04-22T01:58:30.572+0800] {dag.py:3452} INFO - Setting next_dagrun for example_external_task_marker_child to None, run_after=None
[2023-04-22T01:58:30.575+0800] {logging_mixin.py:137} INFO - [2023-04-22T01:58:30.575+0800] {dag.py:3452} INFO - Setting next_dagrun for example_external_task_marker_parent to None, run_after=None
[2023-04-22T01:58:30.594+0800] {processor.py:175} INFO - Processing /home/gerardsho/airflow_env/lib/python3.8/site-packages/airflow/example_dags/example_external_task_marker_dag.py took 0.088 seconds
[2023-04-22T01:59:11.501+0800] {processor.py:153} INFO - Started process (PID=3442) to work on /home/gerardsho/airflow_env/lib/python3.8/site-packages/airflow/example_dags/example_external_task_marker_dag.py
[2023-04-22T01:59:11.504+0800] {processor.py:743} INFO - Processing file /home/gerardsho/airflow_env/lib/python3.8/site-packages/airflow/example_dags/example_external_task_marker_dag.py for tasks to queue
[2023-04-22T01:59:11.505+0800] {logging_mixin.py:137} INFO - [2023-04-22T01:59:11.505+0800] {dagbag.py:532} INFO - Filling up the DagBag from /home/gerardsho/airflow_env/lib/python3.8/site-packages/airflow/example_dags/example_external_task_marker_dag.py
[2023-04-22T01:59:11.513+0800] {processor.py:753} INFO - DAG(s) dict_keys(['example_external_task_marker_child', 'example_external_task_marker_parent']) retrieved from /home/gerardsho/airflow_env/lib/python3.8/site-packages/airflow/example_dags/example_external_task_marker_dag.py
[2023-04-22T01:59:11.526+0800] {logging_mixin.py:137} INFO - [2023-04-22T01:59:11.526+0800] {dag.py:2705} INFO - Sync 2 DAGs
[2023-04-22T01:59:11.537+0800] {logging_mixin.py:137} INFO - [2023-04-22T01:59:11.537+0800] {dag.py:3452} INFO - Setting next_dagrun for example_external_task_marker_child to None, run_after=None
[2023-04-22T01:59:11.539+0800] {logging_mixin.py:137} INFO - [2023-04-22T01:59:11.539+0800] {dag.py:3452} INFO - Setting next_dagrun for example_external_task_marker_parent to None, run_after=None
[2023-04-22T01:59:11.556+0800] {processor.py:175} INFO - Processing /home/gerardsho/airflow_env/lib/python3.8/site-packages/airflow/example_dags/example_external_task_marker_dag.py took 0.057 seconds
[2023-04-22T01:59:50.428+0800] {processor.py:153} INFO - Started process (PID=3484) to work on /home/gerardsho/airflow_env/lib/python3.8/site-packages/airflow/example_dags/example_external_task_marker_dag.py
[2023-04-22T01:59:50.430+0800] {processor.py:743} INFO - Processing file /home/gerardsho/airflow_env/lib/python3.8/site-packages/airflow/example_dags/example_external_task_marker_dag.py for tasks to queue
[2023-04-22T01:59:50.430+0800] {logging_mixin.py:137} INFO - [2023-04-22T01:59:50.430+0800] {dagbag.py:532} INFO - Filling up the DagBag from /home/gerardsho/airflow_env/lib/python3.8/site-packages/airflow/example_dags/example_external_task_marker_dag.py
[2023-04-22T01:59:50.438+0800] {processor.py:753} INFO - DAG(s) dict_keys(['example_external_task_marker_parent', 'example_external_task_marker_child']) retrieved from /home/gerardsho/airflow_env/lib/python3.8/site-packages/airflow/example_dags/example_external_task_marker_dag.py
[2023-04-22T01:59:50.450+0800] {logging_mixin.py:137} INFO - [2023-04-22T01:59:50.450+0800] {dag.py:2705} INFO - Sync 2 DAGs
[2023-04-22T01:59:50.460+0800] {logging_mixin.py:137} INFO - [2023-04-22T01:59:50.460+0800] {dag.py:3452} INFO - Setting next_dagrun for example_external_task_marker_child to None, run_after=None
[2023-04-22T01:59:50.461+0800] {logging_mixin.py:137} INFO - [2023-04-22T01:59:50.461+0800] {dag.py:3452} INFO - Setting next_dagrun for example_external_task_marker_parent to None, run_after=None
[2023-04-22T01:59:50.477+0800] {processor.py:175} INFO - Processing /home/gerardsho/airflow_env/lib/python3.8/site-packages/airflow/example_dags/example_external_task_marker_dag.py took 0.051 seconds
[2023-04-22T02:01:07.521+0800] {processor.py:153} INFO - Started process (PID=3541) to work on /home/gerardsho/airflow_env/lib/python3.8/site-packages/airflow/example_dags/example_external_task_marker_dag.py
[2023-04-22T02:01:07.524+0800] {processor.py:743} INFO - Processing file /home/gerardsho/airflow_env/lib/python3.8/site-packages/airflow/example_dags/example_external_task_marker_dag.py for tasks to queue
[2023-04-22T02:01:07.524+0800] {logging_mixin.py:137} INFO - [2023-04-22T02:01:07.524+0800] {dagbag.py:532} INFO - Filling up the DagBag from /home/gerardsho/airflow_env/lib/python3.8/site-packages/airflow/example_dags/example_external_task_marker_dag.py
[2023-04-22T02:01:07.533+0800] {processor.py:753} INFO - DAG(s) dict_keys(['example_external_task_marker_parent', 'example_external_task_marker_child']) retrieved from /home/gerardsho/airflow_env/lib/python3.8/site-packages/airflow/example_dags/example_external_task_marker_dag.py
[2023-04-22T02:01:07.601+0800] {logging_mixin.py:137} INFO - [2023-04-22T02:01:07.601+0800] {manager.py:504} INFO - Created Permission View: can edit on DAG:example_external_task_marker_parent
[2023-04-22T02:01:07.614+0800] {logging_mixin.py:137} INFO - [2023-04-22T02:01:07.614+0800] {manager.py:504} INFO - Created Permission View: can delete on DAG:example_external_task_marker_parent
[2023-04-22T02:01:07.624+0800] {logging_mixin.py:137} INFO - [2023-04-22T02:01:07.624+0800] {manager.py:504} INFO - Created Permission View: can read on DAG:example_external_task_marker_parent
[2023-04-22T02:01:07.643+0800] {logging_mixin.py:137} INFO - [2023-04-22T02:01:07.643+0800] {manager.py:504} INFO - Created Permission View: can edit on DAG:example_external_task_marker_child
[2023-04-22T02:01:07.651+0800] {logging_mixin.py:137} INFO - [2023-04-22T02:01:07.651+0800] {manager.py:504} INFO - Created Permission View: can delete on DAG:example_external_task_marker_child
[2023-04-22T02:01:07.660+0800] {logging_mixin.py:137} INFO - [2023-04-22T02:01:07.660+0800] {manager.py:504} INFO - Created Permission View: can read on DAG:example_external_task_marker_child
[2023-04-22T02:01:07.660+0800] {logging_mixin.py:137} INFO - [2023-04-22T02:01:07.660+0800] {dag.py:2705} INFO - Sync 2 DAGs
[2023-04-22T02:01:07.666+0800] {logging_mixin.py:137} INFO - [2023-04-22T02:01:07.666+0800] {dag.py:2726} INFO - Creating ORM DAG for example_external_task_marker_parent
[2023-04-22T02:01:07.666+0800] {logging_mixin.py:137} INFO - [2023-04-22T02:01:07.666+0800] {dag.py:2726} INFO - Creating ORM DAG for example_external_task_marker_child
[2023-04-22T02:01:07.671+0800] {logging_mixin.py:137} INFO - [2023-04-22T02:01:07.671+0800] {dag.py:3452} INFO - Setting next_dagrun for example_external_task_marker_child to None, run_after=None
[2023-04-22T02:01:07.671+0800] {logging_mixin.py:137} INFO - [2023-04-22T02:01:07.671+0800] {dag.py:3452} INFO - Setting next_dagrun for example_external_task_marker_parent to None, run_after=None
[2023-04-22T02:01:07.688+0800] {processor.py:175} INFO - Processing /home/gerardsho/airflow_env/lib/python3.8/site-packages/airflow/example_dags/example_external_task_marker_dag.py took 0.170 seconds
[2023-04-22T02:01:47.875+0800] {processor.py:153} INFO - Started process (PID=3591) to work on /home/gerardsho/airflow_env/lib/python3.8/site-packages/airflow/example_dags/example_external_task_marker_dag.py
[2023-04-22T02:01:47.878+0800] {processor.py:743} INFO - Processing file /home/gerardsho/airflow_env/lib/python3.8/site-packages/airflow/example_dags/example_external_task_marker_dag.py for tasks to queue
[2023-04-22T02:01:47.878+0800] {logging_mixin.py:137} INFO - [2023-04-22T02:01:47.878+0800] {dagbag.py:532} INFO - Filling up the DagBag from /home/gerardsho/airflow_env/lib/python3.8/site-packages/airflow/example_dags/example_external_task_marker_dag.py
[2023-04-22T02:01:47.895+0800] {processor.py:753} INFO - DAG(s) dict_keys(['example_external_task_marker_child', 'example_external_task_marker_parent']) retrieved from /home/gerardsho/airflow_env/lib/python3.8/site-packages/airflow/example_dags/example_external_task_marker_dag.py
[2023-04-22T02:01:47.912+0800] {logging_mixin.py:137} INFO - [2023-04-22T02:01:47.912+0800] {dag.py:2705} INFO - Sync 2 DAGs
[2023-04-22T02:01:47.924+0800] {logging_mixin.py:137} INFO - [2023-04-22T02:01:47.924+0800] {dag.py:3452} INFO - Setting next_dagrun for example_external_task_marker_child to None, run_after=None
[2023-04-22T02:01:47.926+0800] {logging_mixin.py:137} INFO - [2023-04-22T02:01:47.926+0800] {dag.py:3452} INFO - Setting next_dagrun for example_external_task_marker_parent to None, run_after=None
[2023-04-22T02:01:47.944+0800] {processor.py:175} INFO - Processing /home/gerardsho/airflow_env/lib/python3.8/site-packages/airflow/example_dags/example_external_task_marker_dag.py took 0.070 seconds
[2023-04-22T02:02:28.820+0800] {processor.py:153} INFO - Started process (PID=3635) to work on /home/gerardsho/airflow_env/lib/python3.8/site-packages/airflow/example_dags/example_external_task_marker_dag.py
[2023-04-22T02:02:28.823+0800] {processor.py:743} INFO - Processing file /home/gerardsho/airflow_env/lib/python3.8/site-packages/airflow/example_dags/example_external_task_marker_dag.py for tasks to queue
[2023-04-22T02:02:28.824+0800] {logging_mixin.py:137} INFO - [2023-04-22T02:02:28.823+0800] {dagbag.py:532} INFO - Filling up the DagBag from /home/gerardsho/airflow_env/lib/python3.8/site-packages/airflow/example_dags/example_external_task_marker_dag.py
[2023-04-22T02:02:28.832+0800] {processor.py:753} INFO - DAG(s) dict_keys(['example_external_task_marker_child', 'example_external_task_marker_parent']) retrieved from /home/gerardsho/airflow_env/lib/python3.8/site-packages/airflow/example_dags/example_external_task_marker_dag.py
[2023-04-22T02:02:28.843+0800] {logging_mixin.py:137} INFO - [2023-04-22T02:02:28.843+0800] {dag.py:2705} INFO - Sync 2 DAGs
[2023-04-22T02:02:28.853+0800] {logging_mixin.py:137} INFO - [2023-04-22T02:02:28.853+0800] {dag.py:3452} INFO - Setting next_dagrun for example_external_task_marker_child to None, run_after=None
[2023-04-22T02:02:28.854+0800] {logging_mixin.py:137} INFO - [2023-04-22T02:02:28.854+0800] {dag.py:3452} INFO - Setting next_dagrun for example_external_task_marker_parent to None, run_after=None
[2023-04-22T02:02:28.870+0800] {processor.py:175} INFO - Processing /home/gerardsho/airflow_env/lib/python3.8/site-packages/airflow/example_dags/example_external_task_marker_dag.py took 0.052 seconds
[2023-04-22T02:03:09.806+0800] {processor.py:153} INFO - Started process (PID=3686) to work on /home/gerardsho/airflow_env/lib/python3.8/site-packages/airflow/example_dags/example_external_task_marker_dag.py
[2023-04-22T02:03:09.810+0800] {processor.py:743} INFO - Processing file /home/gerardsho/airflow_env/lib/python3.8/site-packages/airflow/example_dags/example_external_task_marker_dag.py for tasks to queue
[2023-04-22T02:03:09.810+0800] {logging_mixin.py:137} INFO - [2023-04-22T02:03:09.810+0800] {dagbag.py:532} INFO - Filling up the DagBag from /home/gerardsho/airflow_env/lib/python3.8/site-packages/airflow/example_dags/example_external_task_marker_dag.py
[2023-04-22T02:03:09.818+0800] {processor.py:753} INFO - DAG(s) dict_keys(['example_external_task_marker_child', 'example_external_task_marker_parent']) retrieved from /home/gerardsho/airflow_env/lib/python3.8/site-packages/airflow/example_dags/example_external_task_marker_dag.py
[2023-04-22T02:03:09.831+0800] {logging_mixin.py:137} INFO - [2023-04-22T02:03:09.830+0800] {dag.py:2705} INFO - Sync 2 DAGs
[2023-04-22T02:03:09.843+0800] {logging_mixin.py:137} INFO - [2023-04-22T02:03:09.843+0800] {dag.py:3452} INFO - Setting next_dagrun for example_external_task_marker_child to None, run_after=None
[2023-04-22T02:03:09.844+0800] {logging_mixin.py:137} INFO - [2023-04-22T02:03:09.844+0800] {dag.py:3452} INFO - Setting next_dagrun for example_external_task_marker_parent to None, run_after=None
[2023-04-22T02:03:09.861+0800] {processor.py:175} INFO - Processing /home/gerardsho/airflow_env/lib/python3.8/site-packages/airflow/example_dags/example_external_task_marker_dag.py took 0.059 seconds
[2023-04-22T02:03:50.353+0800] {processor.py:153} INFO - Started process (PID=3735) to work on /home/gerardsho/airflow_env/lib/python3.8/site-packages/airflow/example_dags/example_external_task_marker_dag.py
[2023-04-22T02:03:50.357+0800] {processor.py:743} INFO - Processing file /home/gerardsho/airflow_env/lib/python3.8/site-packages/airflow/example_dags/example_external_task_marker_dag.py for tasks to queue
[2023-04-22T02:03:50.357+0800] {logging_mixin.py:137} INFO - [2023-04-22T02:03:50.357+0800] {dagbag.py:532} INFO - Filling up the DagBag from /home/gerardsho/airflow_env/lib/python3.8/site-packages/airflow/example_dags/example_external_task_marker_dag.py
[2023-04-22T02:03:50.369+0800] {processor.py:753} INFO - DAG(s) dict_keys(['example_external_task_marker_child', 'example_external_task_marker_parent']) retrieved from /home/gerardsho/airflow_env/lib/python3.8/site-packages/airflow/example_dags/example_external_task_marker_dag.py
[2023-04-22T02:03:50.381+0800] {logging_mixin.py:137} INFO - [2023-04-22T02:03:50.381+0800] {dag.py:2705} INFO - Sync 2 DAGs
[2023-04-22T02:03:50.391+0800] {logging_mixin.py:137} INFO - [2023-04-22T02:03:50.391+0800] {dag.py:3452} INFO - Setting next_dagrun for example_external_task_marker_child to None, run_after=None
[2023-04-22T02:03:50.393+0800] {logging_mixin.py:137} INFO - [2023-04-22T02:03:50.393+0800] {dag.py:3452} INFO - Setting next_dagrun for example_external_task_marker_parent to None, run_after=None
[2023-04-22T02:03:50.408+0800] {processor.py:175} INFO - Processing /home/gerardsho/airflow_env/lib/python3.8/site-packages/airflow/example_dags/example_external_task_marker_dag.py took 0.058 seconds
[2023-04-22T02:04:30.913+0800] {processor.py:153} INFO - Started process (PID=3778) to work on /home/gerardsho/airflow_env/lib/python3.8/site-packages/airflow/example_dags/example_external_task_marker_dag.py
[2023-04-22T02:04:30.916+0800] {processor.py:743} INFO - Processing file /home/gerardsho/airflow_env/lib/python3.8/site-packages/airflow/example_dags/example_external_task_marker_dag.py for tasks to queue
[2023-04-22T02:04:30.917+0800] {logging_mixin.py:137} INFO - [2023-04-22T02:04:30.917+0800] {dagbag.py:532} INFO - Filling up the DagBag from /home/gerardsho/airflow_env/lib/python3.8/site-packages/airflow/example_dags/example_external_task_marker_dag.py
[2023-04-22T02:04:30.924+0800] {processor.py:753} INFO - DAG(s) dict_keys(['example_external_task_marker_child', 'example_external_task_marker_parent']) retrieved from /home/gerardsho/airflow_env/lib/python3.8/site-packages/airflow/example_dags/example_external_task_marker_dag.py
[2023-04-22T02:04:30.939+0800] {logging_mixin.py:137} INFO - [2023-04-22T02:04:30.939+0800] {dag.py:2705} INFO - Sync 2 DAGs
[2023-04-22T02:04:30.951+0800] {logging_mixin.py:137} INFO - [2023-04-22T02:04:30.951+0800] {dag.py:3452} INFO - Setting next_dagrun for example_external_task_marker_child to None, run_after=None
[2023-04-22T02:04:30.953+0800] {logging_mixin.py:137} INFO - [2023-04-22T02:04:30.953+0800] {dag.py:3452} INFO - Setting next_dagrun for example_external_task_marker_parent to None, run_after=None
[2023-04-22T02:04:30.970+0800] {processor.py:175} INFO - Processing /home/gerardsho/airflow_env/lib/python3.8/site-packages/airflow/example_dags/example_external_task_marker_dag.py took 0.059 seconds
