[2023-04-22T01:48:29.365+0800] {processor.py:153} INFO - Started process (PID=2734) to work on /home/gerardsho/airflow_env/lib/python3.8/site-packages/airflow/example_dags/example_skip_dag.py
[2023-04-22T01:48:29.366+0800] {processor.py:743} INFO - Processing file /home/gerardsho/airflow_env/lib/python3.8/site-packages/airflow/example_dags/example_skip_dag.py for tasks to queue
[2023-04-22T01:48:29.366+0800] {logging_mixin.py:137} INFO - [2023-04-22T01:48:29.366+0800] {dagbag.py:532} INFO - Filling up the DagBag from /home/gerardsho/airflow_env/lib/python3.8/site-packages/airflow/example_dags/example_skip_dag.py
[2023-04-22T01:48:29.374+0800] {processor.py:753} INFO - DAG(s) dict_keys(['example_skip_dag']) retrieved from /home/gerardsho/airflow_env/lib/python3.8/site-packages/airflow/example_dags/example_skip_dag.py
[2023-04-22T01:48:29.485+0800] {logging_mixin.py:137} INFO - [2023-04-22T01:48:29.485+0800] {manager.py:504} INFO - Created Permission View: can edit on DAG:example_skip_dag
[2023-04-22T01:48:29.513+0800] {logging_mixin.py:137} INFO - [2023-04-22T01:48:29.513+0800] {manager.py:504} INFO - Created Permission View: can delete on DAG:example_skip_dag
[2023-04-22T01:48:29.548+0800] {logging_mixin.py:137} INFO - [2023-04-22T01:48:29.547+0800] {manager.py:504} INFO - Created Permission View: can read on DAG:example_skip_dag
[2023-04-22T01:48:29.548+0800] {logging_mixin.py:137} INFO - [2023-04-22T01:48:29.548+0800] {dag.py:2705} INFO - Sync 1 DAGs
[2023-04-22T01:48:29.558+0800] {logging_mixin.py:137} INFO - [2023-04-22T01:48:29.558+0800] {dag.py:2726} INFO - Creating ORM DAG for example_skip_dag
[2023-04-22T01:48:29.562+0800] {logging_mixin.py:137} INFO - [2023-04-22T01:48:29.562+0800] {dag.py:3452} INFO - Setting next_dagrun for example_skip_dag to 2023-04-20T17:48:29.562627+00:00, run_after=2023-04-21T17:48:29.562627+00:00
[2023-04-22T01:48:29.619+0800] {processor.py:175} INFO - Processing /home/gerardsho/airflow_env/lib/python3.8/site-packages/airflow/example_dags/example_skip_dag.py took 0.257 seconds
[2023-04-22T01:49:17.933+0800] {processor.py:153} INFO - Started process (PID=2777) to work on /home/gerardsho/airflow_env/lib/python3.8/site-packages/airflow/example_dags/example_skip_dag.py
[2023-04-22T01:49:17.936+0800] {processor.py:743} INFO - Processing file /home/gerardsho/airflow_env/lib/python3.8/site-packages/airflow/example_dags/example_skip_dag.py for tasks to queue
[2023-04-22T01:49:17.936+0800] {logging_mixin.py:137} INFO - [2023-04-22T01:49:17.936+0800] {dagbag.py:532} INFO - Filling up the DagBag from /home/gerardsho/airflow_env/lib/python3.8/site-packages/airflow/example_dags/example_skip_dag.py
[2023-04-22T01:49:17.945+0800] {processor.py:753} INFO - DAG(s) dict_keys(['example_skip_dag']) retrieved from /home/gerardsho/airflow_env/lib/python3.8/site-packages/airflow/example_dags/example_skip_dag.py
[2023-04-22T01:49:17.958+0800] {logging_mixin.py:137} INFO - [2023-04-22T01:49:17.958+0800] {dag.py:2705} INFO - Sync 1 DAGs
[2023-04-22T01:49:17.970+0800] {logging_mixin.py:137} INFO - [2023-04-22T01:49:17.970+0800] {dag.py:3452} INFO - Setting next_dagrun for example_skip_dag to 2023-04-20T17:49:17.969872+00:00, run_after=2023-04-21T17:49:17.969872+00:00
[2023-04-22T01:49:17.988+0800] {processor.py:175} INFO - Processing /home/gerardsho/airflow_env/lib/python3.8/site-packages/airflow/example_dags/example_skip_dag.py took 0.057 seconds
[2023-04-22T01:49:58.971+0800] {processor.py:153} INFO - Started process (PID=2820) to work on /home/gerardsho/airflow_env/lib/python3.8/site-packages/airflow/example_dags/example_skip_dag.py
[2023-04-22T01:49:58.974+0800] {processor.py:743} INFO - Processing file /home/gerardsho/airflow_env/lib/python3.8/site-packages/airflow/example_dags/example_skip_dag.py for tasks to queue
[2023-04-22T01:49:58.974+0800] {logging_mixin.py:137} INFO - [2023-04-22T01:49:58.974+0800] {dagbag.py:532} INFO - Filling up the DagBag from /home/gerardsho/airflow_env/lib/python3.8/site-packages/airflow/example_dags/example_skip_dag.py
[2023-04-22T01:49:58.982+0800] {processor.py:753} INFO - DAG(s) dict_keys(['example_skip_dag']) retrieved from /home/gerardsho/airflow_env/lib/python3.8/site-packages/airflow/example_dags/example_skip_dag.py
[2023-04-22T01:49:58.993+0800] {logging_mixin.py:137} INFO - [2023-04-22T01:49:58.993+0800] {dag.py:2705} INFO - Sync 1 DAGs
[2023-04-22T01:49:59.004+0800] {logging_mixin.py:137} INFO - [2023-04-22T01:49:59.004+0800] {dag.py:3452} INFO - Setting next_dagrun for example_skip_dag to 2023-04-20T17:49:59.004519+00:00, run_after=2023-04-21T17:49:59.004519+00:00
[2023-04-22T01:49:59.021+0800] {processor.py:175} INFO - Processing /home/gerardsho/airflow_env/lib/python3.8/site-packages/airflow/example_dags/example_skip_dag.py took 0.053 seconds
[2023-04-22T01:50:38.209+0800] {processor.py:153} INFO - Started process (PID=2866) to work on /home/gerardsho/airflow_env/lib/python3.8/site-packages/airflow/example_dags/example_skip_dag.py
[2023-04-22T01:50:38.210+0800] {processor.py:743} INFO - Processing file /home/gerardsho/airflow_env/lib/python3.8/site-packages/airflow/example_dags/example_skip_dag.py for tasks to queue
[2023-04-22T01:50:38.210+0800] {logging_mixin.py:137} INFO - [2023-04-22T01:50:38.210+0800] {dagbag.py:532} INFO - Filling up the DagBag from /home/gerardsho/airflow_env/lib/python3.8/site-packages/airflow/example_dags/example_skip_dag.py
[2023-04-22T01:50:38.219+0800] {processor.py:753} INFO - DAG(s) dict_keys(['example_skip_dag']) retrieved from /home/gerardsho/airflow_env/lib/python3.8/site-packages/airflow/example_dags/example_skip_dag.py
[2023-04-22T01:50:38.230+0800] {logging_mixin.py:137} INFO - [2023-04-22T01:50:38.229+0800] {dag.py:2705} INFO - Sync 1 DAGs
[2023-04-22T01:50:38.241+0800] {logging_mixin.py:137} INFO - [2023-04-22T01:50:38.241+0800] {dag.py:3452} INFO - Setting next_dagrun for example_skip_dag to 2023-04-20T17:50:38.241033+00:00, run_after=2023-04-21T17:50:38.241033+00:00
[2023-04-22T01:50:38.258+0800] {processor.py:175} INFO - Processing /home/gerardsho/airflow_env/lib/python3.8/site-packages/airflow/example_dags/example_skip_dag.py took 0.051 seconds
[2023-04-22T01:51:19.878+0800] {processor.py:153} INFO - Started process (PID=2920) to work on /home/gerardsho/airflow_env/lib/python3.8/site-packages/airflow/example_dags/example_skip_dag.py
[2023-04-22T01:51:19.881+0800] {processor.py:743} INFO - Processing file /home/gerardsho/airflow_env/lib/python3.8/site-packages/airflow/example_dags/example_skip_dag.py for tasks to queue
[2023-04-22T01:51:19.882+0800] {logging_mixin.py:137} INFO - [2023-04-22T01:51:19.881+0800] {dagbag.py:532} INFO - Filling up the DagBag from /home/gerardsho/airflow_env/lib/python3.8/site-packages/airflow/example_dags/example_skip_dag.py
[2023-04-22T01:51:19.890+0800] {processor.py:753} INFO - DAG(s) dict_keys(['example_skip_dag']) retrieved from /home/gerardsho/airflow_env/lib/python3.8/site-packages/airflow/example_dags/example_skip_dag.py
[2023-04-22T01:51:19.902+0800] {logging_mixin.py:137} INFO - [2023-04-22T01:51:19.902+0800] {dag.py:2705} INFO - Sync 1 DAGs
[2023-04-22T01:51:19.914+0800] {logging_mixin.py:137} INFO - [2023-04-22T01:51:19.914+0800] {dag.py:3452} INFO - Setting next_dagrun for example_skip_dag to 2023-04-20T17:51:19.914572+00:00, run_after=2023-04-21T17:51:19.914572+00:00
[2023-04-22T01:51:19.931+0800] {processor.py:175} INFO - Processing /home/gerardsho/airflow_env/lib/python3.8/site-packages/airflow/example_dags/example_skip_dag.py took 0.056 seconds
[2023-04-22T01:52:01.301+0800] {processor.py:153} INFO - Started process (PID=2971) to work on /home/gerardsho/airflow_env/lib/python3.8/site-packages/airflow/example_dags/example_skip_dag.py
[2023-04-22T01:52:01.305+0800] {processor.py:743} INFO - Processing file /home/gerardsho/airflow_env/lib/python3.8/site-packages/airflow/example_dags/example_skip_dag.py for tasks to queue
[2023-04-22T01:52:01.305+0800] {logging_mixin.py:137} INFO - [2023-04-22T01:52:01.305+0800] {dagbag.py:532} INFO - Filling up the DagBag from /home/gerardsho/airflow_env/lib/python3.8/site-packages/airflow/example_dags/example_skip_dag.py
[2023-04-22T01:52:01.314+0800] {processor.py:753} INFO - DAG(s) dict_keys(['example_skip_dag']) retrieved from /home/gerardsho/airflow_env/lib/python3.8/site-packages/airflow/example_dags/example_skip_dag.py
[2023-04-22T01:52:01.327+0800] {logging_mixin.py:137} INFO - [2023-04-22T01:52:01.327+0800] {dag.py:2705} INFO - Sync 1 DAGs
[2023-04-22T01:52:01.340+0800] {logging_mixin.py:137} INFO - [2023-04-22T01:52:01.339+0800] {dag.py:3452} INFO - Setting next_dagrun for example_skip_dag to 2023-04-20T17:52:01.339805+00:00, run_after=2023-04-21T17:52:01.339805+00:00
[2023-04-22T01:52:01.360+0800] {processor.py:175} INFO - Processing /home/gerardsho/airflow_env/lib/python3.8/site-packages/airflow/example_dags/example_skip_dag.py took 0.060 seconds
[2023-04-22T01:52:42.017+0800] {processor.py:153} INFO - Started process (PID=3013) to work on /home/gerardsho/airflow_env/lib/python3.8/site-packages/airflow/example_dags/example_skip_dag.py
[2023-04-22T01:52:42.020+0800] {processor.py:743} INFO - Processing file /home/gerardsho/airflow_env/lib/python3.8/site-packages/airflow/example_dags/example_skip_dag.py for tasks to queue
[2023-04-22T01:52:42.021+0800] {logging_mixin.py:137} INFO - [2023-04-22T01:52:42.021+0800] {dagbag.py:532} INFO - Filling up the DagBag from /home/gerardsho/airflow_env/lib/python3.8/site-packages/airflow/example_dags/example_skip_dag.py
[2023-04-22T01:52:42.029+0800] {processor.py:753} INFO - DAG(s) dict_keys(['example_skip_dag']) retrieved from /home/gerardsho/airflow_env/lib/python3.8/site-packages/airflow/example_dags/example_skip_dag.py
[2023-04-22T01:52:42.040+0800] {logging_mixin.py:137} INFO - [2023-04-22T01:52:42.040+0800] {dag.py:2705} INFO - Sync 1 DAGs
[2023-04-22T01:52:42.050+0800] {logging_mixin.py:137} INFO - [2023-04-22T01:52:42.050+0800] {dag.py:3452} INFO - Setting next_dagrun for example_skip_dag to 2023-04-20T17:52:42.050203+00:00, run_after=2023-04-21T17:52:42.050203+00:00
[2023-04-22T01:52:42.067+0800] {processor.py:175} INFO - Processing /home/gerardsho/airflow_env/lib/python3.8/site-packages/airflow/example_dags/example_skip_dag.py took 0.052 seconds
[2023-04-22T01:53:22.435+0800] {processor.py:153} INFO - Started process (PID=3055) to work on /home/gerardsho/airflow_env/lib/python3.8/site-packages/airflow/example_dags/example_skip_dag.py
[2023-04-22T01:53:22.439+0800] {processor.py:743} INFO - Processing file /home/gerardsho/airflow_env/lib/python3.8/site-packages/airflow/example_dags/example_skip_dag.py for tasks to queue
[2023-04-22T01:53:22.439+0800] {logging_mixin.py:137} INFO - [2023-04-22T01:53:22.439+0800] {dagbag.py:532} INFO - Filling up the DagBag from /home/gerardsho/airflow_env/lib/python3.8/site-packages/airflow/example_dags/example_skip_dag.py
[2023-04-22T01:53:22.449+0800] {processor.py:753} INFO - DAG(s) dict_keys(['example_skip_dag']) retrieved from /home/gerardsho/airflow_env/lib/python3.8/site-packages/airflow/example_dags/example_skip_dag.py
[2023-04-22T01:53:22.462+0800] {logging_mixin.py:137} INFO - [2023-04-22T01:53:22.462+0800] {dag.py:2705} INFO - Sync 1 DAGs
[2023-04-22T01:53:22.474+0800] {logging_mixin.py:137} INFO - [2023-04-22T01:53:22.474+0800] {dag.py:3452} INFO - Setting next_dagrun for example_skip_dag to 2023-04-20T17:53:22.474272+00:00, run_after=2023-04-21T17:53:22.474272+00:00
[2023-04-22T01:53:22.494+0800] {processor.py:175} INFO - Processing /home/gerardsho/airflow_env/lib/python3.8/site-packages/airflow/example_dags/example_skip_dag.py took 0.060 seconds
[2023-04-22T01:54:02.403+0800] {processor.py:153} INFO - Started process (PID=3097) to work on /home/gerardsho/airflow_env/lib/python3.8/site-packages/airflow/example_dags/example_skip_dag.py
[2023-04-22T01:54:02.406+0800] {processor.py:743} INFO - Processing file /home/gerardsho/airflow_env/lib/python3.8/site-packages/airflow/example_dags/example_skip_dag.py for tasks to queue
[2023-04-22T01:54:02.406+0800] {logging_mixin.py:137} INFO - [2023-04-22T01:54:02.406+0800] {dagbag.py:532} INFO - Filling up the DagBag from /home/gerardsho/airflow_env/lib/python3.8/site-packages/airflow/example_dags/example_skip_dag.py
[2023-04-22T01:54:02.415+0800] {processor.py:753} INFO - DAG(s) dict_keys(['example_skip_dag']) retrieved from /home/gerardsho/airflow_env/lib/python3.8/site-packages/airflow/example_dags/example_skip_dag.py
[2023-04-22T01:54:02.427+0800] {logging_mixin.py:137} INFO - [2023-04-22T01:54:02.427+0800] {dag.py:2705} INFO - Sync 1 DAGs
[2023-04-22T01:54:02.438+0800] {logging_mixin.py:137} INFO - [2023-04-22T01:54:02.438+0800] {dag.py:3452} INFO - Setting next_dagrun for example_skip_dag to 2023-04-20T17:54:02.438541+00:00, run_after=2023-04-21T17:54:02.438541+00:00
[2023-04-22T01:54:02.455+0800] {processor.py:175} INFO - Processing /home/gerardsho/airflow_env/lib/python3.8/site-packages/airflow/example_dags/example_skip_dag.py took 0.054 seconds
[2023-04-22T01:54:42.850+0800] {processor.py:153} INFO - Started process (PID=3142) to work on /home/gerardsho/airflow_env/lib/python3.8/site-packages/airflow/example_dags/example_skip_dag.py
[2023-04-22T01:54:42.853+0800] {processor.py:743} INFO - Processing file /home/gerardsho/airflow_env/lib/python3.8/site-packages/airflow/example_dags/example_skip_dag.py for tasks to queue
[2023-04-22T01:54:42.854+0800] {logging_mixin.py:137} INFO - [2023-04-22T01:54:42.854+0800] {dagbag.py:532} INFO - Filling up the DagBag from /home/gerardsho/airflow_env/lib/python3.8/site-packages/airflow/example_dags/example_skip_dag.py
[2023-04-22T01:54:42.862+0800] {processor.py:753} INFO - DAG(s) dict_keys(['example_skip_dag']) retrieved from /home/gerardsho/airflow_env/lib/python3.8/site-packages/airflow/example_dags/example_skip_dag.py
[2023-04-22T01:54:42.874+0800] {logging_mixin.py:137} INFO - [2023-04-22T01:54:42.874+0800] {dag.py:2705} INFO - Sync 1 DAGs
[2023-04-22T01:54:42.886+0800] {logging_mixin.py:137} INFO - [2023-04-22T01:54:42.886+0800] {dag.py:3452} INFO - Setting next_dagrun for example_skip_dag to 2023-04-20T17:54:42.886237+00:00, run_after=2023-04-21T17:54:42.886237+00:00
[2023-04-22T01:54:42.903+0800] {processor.py:175} INFO - Processing /home/gerardsho/airflow_env/lib/python3.8/site-packages/airflow/example_dags/example_skip_dag.py took 0.055 seconds
[2023-04-22T01:55:25.058+0800] {processor.py:153} INFO - Started process (PID=3187) to work on /home/gerardsho/airflow_env/lib/python3.8/site-packages/airflow/example_dags/example_skip_dag.py
[2023-04-22T01:55:25.059+0800] {processor.py:743} INFO - Processing file /home/gerardsho/airflow_env/lib/python3.8/site-packages/airflow/example_dags/example_skip_dag.py for tasks to queue
[2023-04-22T01:55:25.059+0800] {logging_mixin.py:137} INFO - [2023-04-22T01:55:25.059+0800] {dagbag.py:532} INFO - Filling up the DagBag from /home/gerardsho/airflow_env/lib/python3.8/site-packages/airflow/example_dags/example_skip_dag.py
[2023-04-22T01:55:25.067+0800] {processor.py:753} INFO - DAG(s) dict_keys(['example_skip_dag']) retrieved from /home/gerardsho/airflow_env/lib/python3.8/site-packages/airflow/example_dags/example_skip_dag.py
[2023-04-22T01:55:25.078+0800] {logging_mixin.py:137} INFO - [2023-04-22T01:55:25.077+0800] {dag.py:2705} INFO - Sync 1 DAGs
[2023-04-22T01:55:25.088+0800] {logging_mixin.py:137} INFO - [2023-04-22T01:55:25.088+0800] {dag.py:3452} INFO - Setting next_dagrun for example_skip_dag to 2023-04-20T17:55:25.088124+00:00, run_after=2023-04-21T17:55:25.088124+00:00
[2023-04-22T01:55:25.106+0800] {processor.py:175} INFO - Processing /home/gerardsho/airflow_env/lib/python3.8/site-packages/airflow/example_dags/example_skip_dag.py took 0.049 seconds
[2023-04-22T01:56:04.491+0800] {processor.py:153} INFO - Started process (PID=3232) to work on /home/gerardsho/airflow_env/lib/python3.8/site-packages/airflow/example_dags/example_skip_dag.py
[2023-04-22T01:56:04.494+0800] {processor.py:743} INFO - Processing file /home/gerardsho/airflow_env/lib/python3.8/site-packages/airflow/example_dags/example_skip_dag.py for tasks to queue
[2023-04-22T01:56:04.494+0800] {logging_mixin.py:137} INFO - [2023-04-22T01:56:04.494+0800] {dagbag.py:532} INFO - Filling up the DagBag from /home/gerardsho/airflow_env/lib/python3.8/site-packages/airflow/example_dags/example_skip_dag.py
[2023-04-22T01:56:04.503+0800] {processor.py:753} INFO - DAG(s) dict_keys(['example_skip_dag']) retrieved from /home/gerardsho/airflow_env/lib/python3.8/site-packages/airflow/example_dags/example_skip_dag.py
[2023-04-22T01:56:04.514+0800] {logging_mixin.py:137} INFO - [2023-04-22T01:56:04.514+0800] {dag.py:2705} INFO - Sync 1 DAGs
[2023-04-22T01:56:04.525+0800] {logging_mixin.py:137} INFO - [2023-04-22T01:56:04.525+0800] {dag.py:3452} INFO - Setting next_dagrun for example_skip_dag to 2023-04-20T17:56:04.525711+00:00, run_after=2023-04-21T17:56:04.525711+00:00
[2023-04-22T01:56:04.543+0800] {processor.py:175} INFO - Processing /home/gerardsho/airflow_env/lib/python3.8/site-packages/airflow/example_dags/example_skip_dag.py took 0.055 seconds
[2023-04-22T01:56:47.260+0800] {processor.py:153} INFO - Started process (PID=3280) to work on /home/gerardsho/airflow_env/lib/python3.8/site-packages/airflow/example_dags/example_skip_dag.py
[2023-04-22T01:56:47.263+0800] {processor.py:743} INFO - Processing file /home/gerardsho/airflow_env/lib/python3.8/site-packages/airflow/example_dags/example_skip_dag.py for tasks to queue
[2023-04-22T01:56:47.264+0800] {logging_mixin.py:137} INFO - [2023-04-22T01:56:47.263+0800] {dagbag.py:532} INFO - Filling up the DagBag from /home/gerardsho/airflow_env/lib/python3.8/site-packages/airflow/example_dags/example_skip_dag.py
[2023-04-22T01:56:47.273+0800] {processor.py:753} INFO - DAG(s) dict_keys(['example_skip_dag']) retrieved from /home/gerardsho/airflow_env/lib/python3.8/site-packages/airflow/example_dags/example_skip_dag.py
[2023-04-22T01:56:47.286+0800] {logging_mixin.py:137} INFO - [2023-04-22T01:56:47.286+0800] {dag.py:2705} INFO - Sync 1 DAGs
[2023-04-22T01:56:47.298+0800] {logging_mixin.py:137} INFO - [2023-04-22T01:56:47.298+0800] {dag.py:3452} INFO - Setting next_dagrun for example_skip_dag to 2023-04-20T17:56:47.297904+00:00, run_after=2023-04-21T17:56:47.297904+00:00
[2023-04-22T01:56:47.318+0800] {processor.py:175} INFO - Processing /home/gerardsho/airflow_env/lib/python3.8/site-packages/airflow/example_dags/example_skip_dag.py took 0.060 seconds
[2023-04-22T01:57:25.012+0800] {processor.py:153} INFO - Started process (PID=3325) to work on /home/gerardsho/airflow_env/lib/python3.8/site-packages/airflow/example_dags/example_skip_dag.py
[2023-04-22T01:57:25.015+0800] {processor.py:743} INFO - Processing file /home/gerardsho/airflow_env/lib/python3.8/site-packages/airflow/example_dags/example_skip_dag.py for tasks to queue
[2023-04-22T01:57:25.016+0800] {logging_mixin.py:137} INFO - [2023-04-22T01:57:25.015+0800] {dagbag.py:532} INFO - Filling up the DagBag from /home/gerardsho/airflow_env/lib/python3.8/site-packages/airflow/example_dags/example_skip_dag.py
[2023-04-22T01:57:25.023+0800] {processor.py:753} INFO - DAG(s) dict_keys(['example_skip_dag']) retrieved from /home/gerardsho/airflow_env/lib/python3.8/site-packages/airflow/example_dags/example_skip_dag.py
[2023-04-22T01:57:25.036+0800] {logging_mixin.py:137} INFO - [2023-04-22T01:57:25.036+0800] {dag.py:2705} INFO - Sync 1 DAGs
[2023-04-22T01:57:25.059+0800] {logging_mixin.py:137} INFO - [2023-04-22T01:57:25.058+0800] {dag.py:3452} INFO - Setting next_dagrun for example_skip_dag to 2023-04-20T17:57:25.058717+00:00, run_after=2023-04-21T17:57:25.058717+00:00
[2023-04-22T01:57:25.086+0800] {processor.py:175} INFO - Processing /home/gerardsho/airflow_env/lib/python3.8/site-packages/airflow/example_dags/example_skip_dag.py took 0.076 seconds
[2023-04-22T01:58:06.295+0800] {processor.py:153} INFO - Started process (PID=3375) to work on /home/gerardsho/airflow_env/lib/python3.8/site-packages/airflow/example_dags/example_skip_dag.py
[2023-04-22T01:58:06.297+0800] {processor.py:743} INFO - Processing file /home/gerardsho/airflow_env/lib/python3.8/site-packages/airflow/example_dags/example_skip_dag.py for tasks to queue
[2023-04-22T01:58:06.298+0800] {logging_mixin.py:137} INFO - [2023-04-22T01:58:06.298+0800] {dagbag.py:532} INFO - Filling up the DagBag from /home/gerardsho/airflow_env/lib/python3.8/site-packages/airflow/example_dags/example_skip_dag.py
[2023-04-22T01:58:06.316+0800] {processor.py:753} INFO - DAG(s) dict_keys(['example_skip_dag']) retrieved from /home/gerardsho/airflow_env/lib/python3.8/site-packages/airflow/example_dags/example_skip_dag.py
[2023-04-22T01:58:06.332+0800] {logging_mixin.py:137} INFO - [2023-04-22T01:58:06.332+0800] {dag.py:2705} INFO - Sync 1 DAGs
[2023-04-22T01:58:06.347+0800] {logging_mixin.py:137} INFO - [2023-04-22T01:58:06.347+0800] {dag.py:3452} INFO - Setting next_dagrun for example_skip_dag to 2023-04-20T17:58:06.347377+00:00, run_after=2023-04-21T17:58:06.347377+00:00
[2023-04-22T01:58:06.368+0800] {processor.py:175} INFO - Processing /home/gerardsho/airflow_env/lib/python3.8/site-packages/airflow/example_dags/example_skip_dag.py took 0.079 seconds
[2023-04-22T01:58:48.636+0800] {processor.py:153} INFO - Started process (PID=3418) to work on /home/gerardsho/airflow_env/lib/python3.8/site-packages/airflow/example_dags/example_skip_dag.py
[2023-04-22T01:58:48.639+0800] {processor.py:743} INFO - Processing file /home/gerardsho/airflow_env/lib/python3.8/site-packages/airflow/example_dags/example_skip_dag.py for tasks to queue
[2023-04-22T01:58:48.640+0800] {logging_mixin.py:137} INFO - [2023-04-22T01:58:48.640+0800] {dagbag.py:532} INFO - Filling up the DagBag from /home/gerardsho/airflow_env/lib/python3.8/site-packages/airflow/example_dags/example_skip_dag.py
[2023-04-22T01:58:48.647+0800] {processor.py:753} INFO - DAG(s) dict_keys(['example_skip_dag']) retrieved from /home/gerardsho/airflow_env/lib/python3.8/site-packages/airflow/example_dags/example_skip_dag.py
[2023-04-22T01:58:48.659+0800] {logging_mixin.py:137} INFO - [2023-04-22T01:58:48.659+0800] {dag.py:2705} INFO - Sync 1 DAGs
[2023-04-22T01:58:48.672+0800] {logging_mixin.py:137} INFO - [2023-04-22T01:58:48.671+0800] {dag.py:3452} INFO - Setting next_dagrun for example_skip_dag to 2023-04-20T17:58:48.671841+00:00, run_after=2023-04-21T17:58:48.671841+00:00
[2023-04-22T01:58:48.690+0800] {processor.py:175} INFO - Processing /home/gerardsho/airflow_env/lib/python3.8/site-packages/airflow/example_dags/example_skip_dag.py took 0.057 seconds
[2023-04-22T01:59:28.403+0800] {processor.py:153} INFO - Started process (PID=3460) to work on /home/gerardsho/airflow_env/lib/python3.8/site-packages/airflow/example_dags/example_skip_dag.py
[2023-04-22T01:59:28.406+0800] {processor.py:743} INFO - Processing file /home/gerardsho/airflow_env/lib/python3.8/site-packages/airflow/example_dags/example_skip_dag.py for tasks to queue
[2023-04-22T01:59:28.406+0800] {logging_mixin.py:137} INFO - [2023-04-22T01:59:28.406+0800] {dagbag.py:532} INFO - Filling up the DagBag from /home/gerardsho/airflow_env/lib/python3.8/site-packages/airflow/example_dags/example_skip_dag.py
[2023-04-22T01:59:28.414+0800] {processor.py:753} INFO - DAG(s) dict_keys(['example_skip_dag']) retrieved from /home/gerardsho/airflow_env/lib/python3.8/site-packages/airflow/example_dags/example_skip_dag.py
[2023-04-22T01:59:28.425+0800] {logging_mixin.py:137} INFO - [2023-04-22T01:59:28.425+0800] {dag.py:2705} INFO - Sync 1 DAGs
[2023-04-22T01:59:28.435+0800] {logging_mixin.py:137} INFO - [2023-04-22T01:59:28.435+0800] {dag.py:3452} INFO - Setting next_dagrun for example_skip_dag to 2023-04-20T17:59:28.435040+00:00, run_after=2023-04-21T17:59:28.435040+00:00
[2023-04-22T01:59:28.457+0800] {processor.py:175} INFO - Processing /home/gerardsho/airflow_env/lib/python3.8/site-packages/airflow/example_dags/example_skip_dag.py took 0.056 seconds
[2023-04-22T02:00:41.652+0800] {processor.py:153} INFO - Started process (PID=3517) to work on /home/gerardsho/airflow_env/lib/python3.8/site-packages/airflow/example_dags/example_skip_dag.py
[2023-04-22T02:00:41.656+0800] {processor.py:743} INFO - Processing file /home/gerardsho/airflow_env/lib/python3.8/site-packages/airflow/example_dags/example_skip_dag.py for tasks to queue
[2023-04-22T02:00:41.656+0800] {logging_mixin.py:137} INFO - [2023-04-22T02:00:41.656+0800] {dagbag.py:532} INFO - Filling up the DagBag from /home/gerardsho/airflow_env/lib/python3.8/site-packages/airflow/example_dags/example_skip_dag.py
[2023-04-22T02:00:41.664+0800] {processor.py:753} INFO - DAG(s) dict_keys(['example_skip_dag']) retrieved from /home/gerardsho/airflow_env/lib/python3.8/site-packages/airflow/example_dags/example_skip_dag.py
[2023-04-22T02:00:41.733+0800] {logging_mixin.py:137} INFO - [2023-04-22T02:00:41.733+0800] {manager.py:504} INFO - Created Permission View: can edit on DAG:example_skip_dag
[2023-04-22T02:00:41.748+0800] {logging_mixin.py:137} INFO - [2023-04-22T02:00:41.748+0800] {manager.py:504} INFO - Created Permission View: can delete on DAG:example_skip_dag
[2023-04-22T02:00:41.759+0800] {logging_mixin.py:137} INFO - [2023-04-22T02:00:41.759+0800] {manager.py:504} INFO - Created Permission View: can read on DAG:example_skip_dag
[2023-04-22T02:00:41.759+0800] {logging_mixin.py:137} INFO - [2023-04-22T02:00:41.759+0800] {dag.py:2705} INFO - Sync 1 DAGs
[2023-04-22T02:00:41.766+0800] {logging_mixin.py:137} INFO - [2023-04-22T02:00:41.765+0800] {dag.py:2726} INFO - Creating ORM DAG for example_skip_dag
[2023-04-22T02:00:41.770+0800] {logging_mixin.py:137} INFO - [2023-04-22T02:00:41.770+0800] {dag.py:3452} INFO - Setting next_dagrun for example_skip_dag to 2023-04-20T18:00:41.770104+00:00, run_after=2023-04-21T18:00:41.770104+00:00
[2023-04-22T02:00:41.786+0800] {processor.py:175} INFO - Processing /home/gerardsho/airflow_env/lib/python3.8/site-packages/airflow/example_dags/example_skip_dag.py took 0.136 seconds
[2023-04-22T02:01:25.010+0800] {processor.py:153} INFO - Started process (PID=3567) to work on /home/gerardsho/airflow_env/lib/python3.8/site-packages/airflow/example_dags/example_skip_dag.py
[2023-04-22T02:01:25.013+0800] {processor.py:743} INFO - Processing file /home/gerardsho/airflow_env/lib/python3.8/site-packages/airflow/example_dags/example_skip_dag.py for tasks to queue
[2023-04-22T02:01:25.014+0800] {logging_mixin.py:137} INFO - [2023-04-22T02:01:25.013+0800] {dagbag.py:532} INFO - Filling up the DagBag from /home/gerardsho/airflow_env/lib/python3.8/site-packages/airflow/example_dags/example_skip_dag.py
[2023-04-22T02:01:25.021+0800] {processor.py:753} INFO - DAG(s) dict_keys(['example_skip_dag']) retrieved from /home/gerardsho/airflow_env/lib/python3.8/site-packages/airflow/example_dags/example_skip_dag.py
[2023-04-22T02:01:25.034+0800] {logging_mixin.py:137} INFO - [2023-04-22T02:01:25.034+0800] {dag.py:2705} INFO - Sync 1 DAGs
[2023-04-22T02:01:25.045+0800] {logging_mixin.py:137} INFO - [2023-04-22T02:01:25.045+0800] {dag.py:3452} INFO - Setting next_dagrun for example_skip_dag to 2023-04-20T18:01:25.045157+00:00, run_after=2023-04-21T18:01:25.045157+00:00
[2023-04-22T02:01:25.062+0800] {processor.py:175} INFO - Processing /home/gerardsho/airflow_env/lib/python3.8/site-packages/airflow/example_dags/example_skip_dag.py took 0.054 seconds
[2023-04-22T02:02:05.576+0800] {processor.py:153} INFO - Started process (PID=3609) to work on /home/gerardsho/airflow_env/lib/python3.8/site-packages/airflow/example_dags/example_skip_dag.py
[2023-04-22T02:02:05.579+0800] {processor.py:743} INFO - Processing file /home/gerardsho/airflow_env/lib/python3.8/site-packages/airflow/example_dags/example_skip_dag.py for tasks to queue
[2023-04-22T02:02:05.580+0800] {logging_mixin.py:137} INFO - [2023-04-22T02:02:05.580+0800] {dagbag.py:532} INFO - Filling up the DagBag from /home/gerardsho/airflow_env/lib/python3.8/site-packages/airflow/example_dags/example_skip_dag.py
[2023-04-22T02:02:05.589+0800] {processor.py:753} INFO - DAG(s) dict_keys(['example_skip_dag']) retrieved from /home/gerardsho/airflow_env/lib/python3.8/site-packages/airflow/example_dags/example_skip_dag.py
[2023-04-22T02:02:05.600+0800] {logging_mixin.py:137} INFO - [2023-04-22T02:02:05.600+0800] {dag.py:2705} INFO - Sync 1 DAGs
[2023-04-22T02:02:05.611+0800] {logging_mixin.py:137} INFO - [2023-04-22T02:02:05.611+0800] {dag.py:3452} INFO - Setting next_dagrun for example_skip_dag to 2023-04-20T18:02:05.611345+00:00, run_after=2023-04-21T18:02:05.611345+00:00
[2023-04-22T02:02:05.629+0800] {processor.py:175} INFO - Processing /home/gerardsho/airflow_env/lib/python3.8/site-packages/airflow/example_dags/example_skip_dag.py took 0.055 seconds
[2023-04-22T02:02:46.220+0800] {processor.py:153} INFO - Started process (PID=3661) to work on /home/gerardsho/airflow_env/lib/python3.8/site-packages/airflow/example_dags/example_skip_dag.py
[2023-04-22T02:02:46.221+0800] {processor.py:743} INFO - Processing file /home/gerardsho/airflow_env/lib/python3.8/site-packages/airflow/example_dags/example_skip_dag.py for tasks to queue
[2023-04-22T02:02:46.221+0800] {logging_mixin.py:137} INFO - [2023-04-22T02:02:46.221+0800] {dagbag.py:532} INFO - Filling up the DagBag from /home/gerardsho/airflow_env/lib/python3.8/site-packages/airflow/example_dags/example_skip_dag.py
[2023-04-22T02:02:46.229+0800] {processor.py:753} INFO - DAG(s) dict_keys(['example_skip_dag']) retrieved from /home/gerardsho/airflow_env/lib/python3.8/site-packages/airflow/example_dags/example_skip_dag.py
[2023-04-22T02:02:46.243+0800] {logging_mixin.py:137} INFO - [2023-04-22T02:02:46.243+0800] {dag.py:2705} INFO - Sync 1 DAGs
[2023-04-22T02:02:46.254+0800] {logging_mixin.py:137} INFO - [2023-04-22T02:02:46.254+0800] {dag.py:3452} INFO - Setting next_dagrun for example_skip_dag to 2023-04-20T18:02:46.254016+00:00, run_after=2023-04-21T18:02:46.254016+00:00
[2023-04-22T02:02:46.271+0800] {processor.py:175} INFO - Processing /home/gerardsho/airflow_env/lib/python3.8/site-packages/airflow/example_dags/example_skip_dag.py took 0.053 seconds
[2023-04-22T02:03:28.502+0800] {processor.py:153} INFO - Started process (PID=3708) to work on /home/gerardsho/airflow_env/lib/python3.8/site-packages/airflow/example_dags/example_skip_dag.py
[2023-04-22T02:03:28.503+0800] {processor.py:743} INFO - Processing file /home/gerardsho/airflow_env/lib/python3.8/site-packages/airflow/example_dags/example_skip_dag.py for tasks to queue
[2023-04-22T02:03:28.504+0800] {logging_mixin.py:137} INFO - [2023-04-22T02:03:28.503+0800] {dagbag.py:532} INFO - Filling up the DagBag from /home/gerardsho/airflow_env/lib/python3.8/site-packages/airflow/example_dags/example_skip_dag.py
[2023-04-22T02:03:28.511+0800] {processor.py:753} INFO - DAG(s) dict_keys(['example_skip_dag']) retrieved from /home/gerardsho/airflow_env/lib/python3.8/site-packages/airflow/example_dags/example_skip_dag.py
[2023-04-22T02:03:28.522+0800] {logging_mixin.py:137} INFO - [2023-04-22T02:03:28.522+0800] {dag.py:2705} INFO - Sync 1 DAGs
[2023-04-22T02:03:28.534+0800] {logging_mixin.py:137} INFO - [2023-04-22T02:03:28.534+0800] {dag.py:3452} INFO - Setting next_dagrun for example_skip_dag to 2023-04-20T18:03:28.534302+00:00, run_after=2023-04-21T18:03:28.534302+00:00
[2023-04-22T02:03:28.552+0800] {processor.py:175} INFO - Processing /home/gerardsho/airflow_env/lib/python3.8/site-packages/airflow/example_dags/example_skip_dag.py took 0.052 seconds
[2023-04-22T02:04:07.907+0800] {processor.py:153} INFO - Started process (PID=3754) to work on /home/gerardsho/airflow_env/lib/python3.8/site-packages/airflow/example_dags/example_skip_dag.py
[2023-04-22T02:04:07.910+0800] {processor.py:743} INFO - Processing file /home/gerardsho/airflow_env/lib/python3.8/site-packages/airflow/example_dags/example_skip_dag.py for tasks to queue
[2023-04-22T02:04:07.910+0800] {logging_mixin.py:137} INFO - [2023-04-22T02:04:07.910+0800] {dagbag.py:532} INFO - Filling up the DagBag from /home/gerardsho/airflow_env/lib/python3.8/site-packages/airflow/example_dags/example_skip_dag.py
[2023-04-22T02:04:07.918+0800] {processor.py:753} INFO - DAG(s) dict_keys(['example_skip_dag']) retrieved from /home/gerardsho/airflow_env/lib/python3.8/site-packages/airflow/example_dags/example_skip_dag.py
[2023-04-22T02:04:07.929+0800] {logging_mixin.py:137} INFO - [2023-04-22T02:04:07.929+0800] {dag.py:2705} INFO - Sync 1 DAGs
[2023-04-22T02:04:07.940+0800] {logging_mixin.py:137} INFO - [2023-04-22T02:04:07.940+0800] {dag.py:3452} INFO - Setting next_dagrun for example_skip_dag to 2023-04-20T18:04:07.940220+00:00, run_after=2023-04-21T18:04:07.940220+00:00
[2023-04-22T02:04:07.959+0800] {processor.py:175} INFO - Processing /home/gerardsho/airflow_env/lib/python3.8/site-packages/airflow/example_dags/example_skip_dag.py took 0.054 seconds
[2023-04-22T02:04:49.101+0800] {processor.py:153} INFO - Started process (PID=3796) to work on /home/gerardsho/airflow_env/lib/python3.8/site-packages/airflow/example_dags/example_skip_dag.py
[2023-04-22T02:04:49.104+0800] {processor.py:743} INFO - Processing file /home/gerardsho/airflow_env/lib/python3.8/site-packages/airflow/example_dags/example_skip_dag.py for tasks to queue
[2023-04-22T02:04:49.105+0800] {logging_mixin.py:137} INFO - [2023-04-22T02:04:49.105+0800] {dagbag.py:532} INFO - Filling up the DagBag from /home/gerardsho/airflow_env/lib/python3.8/site-packages/airflow/example_dags/example_skip_dag.py
[2023-04-22T02:04:49.114+0800] {processor.py:753} INFO - DAG(s) dict_keys(['example_skip_dag']) retrieved from /home/gerardsho/airflow_env/lib/python3.8/site-packages/airflow/example_dags/example_skip_dag.py
[2023-04-22T02:04:49.127+0800] {logging_mixin.py:137} INFO - [2023-04-22T02:04:49.126+0800] {dag.py:2705} INFO - Sync 1 DAGs
[2023-04-22T02:04:49.139+0800] {logging_mixin.py:137} INFO - [2023-04-22T02:04:49.139+0800] {dag.py:3452} INFO - Setting next_dagrun for example_skip_dag to 2023-04-20T18:04:49.139351+00:00, run_after=2023-04-21T18:04:49.139351+00:00
[2023-04-22T02:04:49.156+0800] {processor.py:175} INFO - Processing /home/gerardsho/airflow_env/lib/python3.8/site-packages/airflow/example_dags/example_skip_dag.py took 0.057 seconds
