[2023-04-22T01:48:22.788+0800] {processor.py:153} INFO - Started process (PID=2729) to work on /home/gerardsho/airflow_env/lib/python3.8/site-packages/airflow/example_dags/example_branch_operator_decorator.py
[2023-04-22T01:48:22.789+0800] {processor.py:743} INFO - Processing file /home/gerardsho/airflow_env/lib/python3.8/site-packages/airflow/example_dags/example_branch_operator_decorator.py for tasks to queue
[2023-04-22T01:48:22.789+0800] {logging_mixin.py:137} INFO - [2023-04-22T01:48:22.789+0800] {dagbag.py:532} INFO - Filling up the DagBag from /home/gerardsho/airflow_env/lib/python3.8/site-packages/airflow/example_dags/example_branch_operator_decorator.py
[2023-04-22T01:48:22.805+0800] {processor.py:753} INFO - DAG(s) dict_keys(['example_branch_python_operator_decorator']) retrieved from /home/gerardsho/airflow_env/lib/python3.8/site-packages/airflow/example_dags/example_branch_operator_decorator.py
[2023-04-22T01:48:22.945+0800] {logging_mixin.py:137} INFO - [2023-04-22T01:48:22.945+0800] {manager.py:504} INFO - Created Permission View: can edit on DAG:example_branch_python_operator_decorator
[2023-04-22T01:48:22.977+0800] {logging_mixin.py:137} INFO - [2023-04-22T01:48:22.977+0800] {manager.py:504} INFO - Created Permission View: can delete on DAG:example_branch_python_operator_decorator
[2023-04-22T01:48:23.020+0800] {logging_mixin.py:137} INFO - [2023-04-22T01:48:23.020+0800] {manager.py:504} INFO - Created Permission View: can read on DAG:example_branch_python_operator_decorator
[2023-04-22T01:48:23.020+0800] {logging_mixin.py:137} INFO - [2023-04-22T01:48:23.020+0800] {dag.py:2705} INFO - Sync 1 DAGs
[2023-04-22T01:48:23.027+0800] {logging_mixin.py:137} INFO - [2023-04-22T01:48:23.026+0800] {dag.py:2726} INFO - Creating ORM DAG for example_branch_python_operator_decorator
[2023-04-22T01:48:23.033+0800] {logging_mixin.py:137} INFO - [2023-04-22T01:48:23.033+0800] {dag.py:3452} INFO - Setting next_dagrun for example_branch_python_operator_decorator to 2023-04-20T00:00:00+00:00, run_after=2023-04-21T00:00:00+00:00
[2023-04-22T01:48:23.069+0800] {processor.py:175} INFO - Processing /home/gerardsho/airflow_env/lib/python3.8/site-packages/airflow/example_dags/example_branch_operator_decorator.py took 0.283 seconds
[2023-04-22T01:49:12.790+0800] {processor.py:153} INFO - Started process (PID=2772) to work on /home/gerardsho/airflow_env/lib/python3.8/site-packages/airflow/example_dags/example_branch_operator_decorator.py
[2023-04-22T01:49:12.793+0800] {processor.py:743} INFO - Processing file /home/gerardsho/airflow_env/lib/python3.8/site-packages/airflow/example_dags/example_branch_operator_decorator.py for tasks to queue
[2023-04-22T01:49:12.794+0800] {logging_mixin.py:137} INFO - [2023-04-22T01:49:12.794+0800] {dagbag.py:532} INFO - Filling up the DagBag from /home/gerardsho/airflow_env/lib/python3.8/site-packages/airflow/example_dags/example_branch_operator_decorator.py
[2023-04-22T01:49:12.809+0800] {processor.py:753} INFO - DAG(s) dict_keys(['example_branch_python_operator_decorator']) retrieved from /home/gerardsho/airflow_env/lib/python3.8/site-packages/airflow/example_dags/example_branch_operator_decorator.py
[2023-04-22T01:49:12.820+0800] {logging_mixin.py:137} INFO - [2023-04-22T01:49:12.820+0800] {dag.py:2705} INFO - Sync 1 DAGs
[2023-04-22T01:49:12.831+0800] {logging_mixin.py:137} INFO - [2023-04-22T01:49:12.831+0800] {dag.py:3452} INFO - Setting next_dagrun for example_branch_python_operator_decorator to 2023-04-20T00:00:00+00:00, run_after=2023-04-21T00:00:00+00:00
[2023-04-22T01:49:12.847+0800] {processor.py:175} INFO - Processing /home/gerardsho/airflow_env/lib/python3.8/site-packages/airflow/example_dags/example_branch_operator_decorator.py took 0.059 seconds
[2023-04-22T01:49:54.960+0800] {processor.py:153} INFO - Started process (PID=2815) to work on /home/gerardsho/airflow_env/lib/python3.8/site-packages/airflow/example_dags/example_branch_operator_decorator.py
[2023-04-22T01:49:54.963+0800] {processor.py:743} INFO - Processing file /home/gerardsho/airflow_env/lib/python3.8/site-packages/airflow/example_dags/example_branch_operator_decorator.py for tasks to queue
[2023-04-22T01:49:54.964+0800] {logging_mixin.py:137} INFO - [2023-04-22T01:49:54.964+0800] {dagbag.py:532} INFO - Filling up the DagBag from /home/gerardsho/airflow_env/lib/python3.8/site-packages/airflow/example_dags/example_branch_operator_decorator.py
[2023-04-22T01:49:54.981+0800] {processor.py:753} INFO - DAG(s) dict_keys(['example_branch_python_operator_decorator']) retrieved from /home/gerardsho/airflow_env/lib/python3.8/site-packages/airflow/example_dags/example_branch_operator_decorator.py
[2023-04-22T01:49:54.994+0800] {logging_mixin.py:137} INFO - [2023-04-22T01:49:54.994+0800] {dag.py:2705} INFO - Sync 1 DAGs
[2023-04-22T01:49:55.007+0800] {logging_mixin.py:137} INFO - [2023-04-22T01:49:55.007+0800] {dag.py:3452} INFO - Setting next_dagrun for example_branch_python_operator_decorator to 2023-04-20T00:00:00+00:00, run_after=2023-04-21T00:00:00+00:00
[2023-04-22T01:49:55.026+0800] {processor.py:175} INFO - Processing /home/gerardsho/airflow_env/lib/python3.8/site-packages/airflow/example_dags/example_branch_operator_decorator.py took 0.068 seconds
[2023-04-22T01:50:32.802+0800] {processor.py:153} INFO - Started process (PID=2859) to work on /home/gerardsho/airflow_env/lib/python3.8/site-packages/airflow/example_dags/example_branch_operator_decorator.py
[2023-04-22T01:50:32.805+0800] {processor.py:743} INFO - Processing file /home/gerardsho/airflow_env/lib/python3.8/site-packages/airflow/example_dags/example_branch_operator_decorator.py for tasks to queue
[2023-04-22T01:50:32.806+0800] {logging_mixin.py:137} INFO - [2023-04-22T01:50:32.806+0800] {dagbag.py:532} INFO - Filling up the DagBag from /home/gerardsho/airflow_env/lib/python3.8/site-packages/airflow/example_dags/example_branch_operator_decorator.py
[2023-04-22T01:50:32.820+0800] {processor.py:753} INFO - DAG(s) dict_keys(['example_branch_python_operator_decorator']) retrieved from /home/gerardsho/airflow_env/lib/python3.8/site-packages/airflow/example_dags/example_branch_operator_decorator.py
[2023-04-22T01:50:32.833+0800] {logging_mixin.py:137} INFO - [2023-04-22T01:50:32.833+0800] {dag.py:2705} INFO - Sync 1 DAGs
[2023-04-22T01:50:32.846+0800] {logging_mixin.py:137} INFO - [2023-04-22T01:50:32.846+0800] {dag.py:3452} INFO - Setting next_dagrun for example_branch_python_operator_decorator to 2023-04-20T00:00:00+00:00, run_after=2023-04-21T00:00:00+00:00
[2023-04-22T01:50:32.864+0800] {processor.py:175} INFO - Processing /home/gerardsho/airflow_env/lib/python3.8/site-packages/airflow/example_dags/example_branch_operator_decorator.py took 0.064 seconds
[2023-04-22T01:51:15.090+0800] {processor.py:153} INFO - Started process (PID=2915) to work on /home/gerardsho/airflow_env/lib/python3.8/site-packages/airflow/example_dags/example_branch_operator_decorator.py
[2023-04-22T01:51:15.093+0800] {processor.py:743} INFO - Processing file /home/gerardsho/airflow_env/lib/python3.8/site-packages/airflow/example_dags/example_branch_operator_decorator.py for tasks to queue
[2023-04-22T01:51:15.093+0800] {logging_mixin.py:137} INFO - [2023-04-22T01:51:15.093+0800] {dagbag.py:532} INFO - Filling up the DagBag from /home/gerardsho/airflow_env/lib/python3.8/site-packages/airflow/example_dags/example_branch_operator_decorator.py
[2023-04-22T01:51:15.107+0800] {processor.py:753} INFO - DAG(s) dict_keys(['example_branch_python_operator_decorator']) retrieved from /home/gerardsho/airflow_env/lib/python3.8/site-packages/airflow/example_dags/example_branch_operator_decorator.py
[2023-04-22T01:51:15.119+0800] {logging_mixin.py:137} INFO - [2023-04-22T01:51:15.119+0800] {dag.py:2705} INFO - Sync 1 DAGs
[2023-04-22T01:51:15.131+0800] {logging_mixin.py:137} INFO - [2023-04-22T01:51:15.131+0800] {dag.py:3452} INFO - Setting next_dagrun for example_branch_python_operator_decorator to 2023-04-20T00:00:00+00:00, run_after=2023-04-21T00:00:00+00:00
[2023-04-22T01:51:15.150+0800] {processor.py:175} INFO - Processing /home/gerardsho/airflow_env/lib/python3.8/site-packages/airflow/example_dags/example_branch_operator_decorator.py took 0.063 seconds
[2023-04-22T01:51:56.152+0800] {processor.py:153} INFO - Started process (PID=2966) to work on /home/gerardsho/airflow_env/lib/python3.8/site-packages/airflow/example_dags/example_branch_operator_decorator.py
[2023-04-22T01:51:56.155+0800] {processor.py:743} INFO - Processing file /home/gerardsho/airflow_env/lib/python3.8/site-packages/airflow/example_dags/example_branch_operator_decorator.py for tasks to queue
[2023-04-22T01:51:56.156+0800] {logging_mixin.py:137} INFO - [2023-04-22T01:51:56.155+0800] {dagbag.py:532} INFO - Filling up the DagBag from /home/gerardsho/airflow_env/lib/python3.8/site-packages/airflow/example_dags/example_branch_operator_decorator.py
[2023-04-22T01:51:56.169+0800] {processor.py:753} INFO - DAG(s) dict_keys(['example_branch_python_operator_decorator']) retrieved from /home/gerardsho/airflow_env/lib/python3.8/site-packages/airflow/example_dags/example_branch_operator_decorator.py
[2023-04-22T01:51:56.183+0800] {logging_mixin.py:137} INFO - [2023-04-22T01:51:56.183+0800] {dag.py:2705} INFO - Sync 1 DAGs
[2023-04-22T01:51:56.195+0800] {logging_mixin.py:137} INFO - [2023-04-22T01:51:56.195+0800] {dag.py:3452} INFO - Setting next_dagrun for example_branch_python_operator_decorator to 2023-04-20T00:00:00+00:00, run_after=2023-04-21T00:00:00+00:00
[2023-04-22T01:51:56.212+0800] {processor.py:175} INFO - Processing /home/gerardsho/airflow_env/lib/python3.8/site-packages/airflow/example_dags/example_branch_operator_decorator.py took 0.062 seconds
[2023-04-22T01:52:37.200+0800] {processor.py:153} INFO - Started process (PID=3008) to work on /home/gerardsho/airflow_env/lib/python3.8/site-packages/airflow/example_dags/example_branch_operator_decorator.py
[2023-04-22T01:52:37.203+0800] {processor.py:743} INFO - Processing file /home/gerardsho/airflow_env/lib/python3.8/site-packages/airflow/example_dags/example_branch_operator_decorator.py for tasks to queue
[2023-04-22T01:52:37.204+0800] {logging_mixin.py:137} INFO - [2023-04-22T01:52:37.204+0800] {dagbag.py:532} INFO - Filling up the DagBag from /home/gerardsho/airflow_env/lib/python3.8/site-packages/airflow/example_dags/example_branch_operator_decorator.py
[2023-04-22T01:52:37.219+0800] {processor.py:753} INFO - DAG(s) dict_keys(['example_branch_python_operator_decorator']) retrieved from /home/gerardsho/airflow_env/lib/python3.8/site-packages/airflow/example_dags/example_branch_operator_decorator.py
[2023-04-22T01:52:37.234+0800] {logging_mixin.py:137} INFO - [2023-04-22T01:52:37.234+0800] {dag.py:2705} INFO - Sync 1 DAGs
[2023-04-22T01:52:37.247+0800] {logging_mixin.py:137} INFO - [2023-04-22T01:52:37.247+0800] {dag.py:3452} INFO - Setting next_dagrun for example_branch_python_operator_decorator to 2023-04-20T00:00:00+00:00, run_after=2023-04-21T00:00:00+00:00
[2023-04-22T01:52:37.267+0800] {processor.py:175} INFO - Processing /home/gerardsho/airflow_env/lib/python3.8/site-packages/airflow/example_dags/example_branch_operator_decorator.py took 0.069 seconds
[2023-04-22T01:53:18.122+0800] {processor.py:153} INFO - Started process (PID=3050) to work on /home/gerardsho/airflow_env/lib/python3.8/site-packages/airflow/example_dags/example_branch_operator_decorator.py
[2023-04-22T01:53:18.125+0800] {processor.py:743} INFO - Processing file /home/gerardsho/airflow_env/lib/python3.8/site-packages/airflow/example_dags/example_branch_operator_decorator.py for tasks to queue
[2023-04-22T01:53:18.126+0800] {logging_mixin.py:137} INFO - [2023-04-22T01:53:18.126+0800] {dagbag.py:532} INFO - Filling up the DagBag from /home/gerardsho/airflow_env/lib/python3.8/site-packages/airflow/example_dags/example_branch_operator_decorator.py
[2023-04-22T01:53:18.141+0800] {processor.py:753} INFO - DAG(s) dict_keys(['example_branch_python_operator_decorator']) retrieved from /home/gerardsho/airflow_env/lib/python3.8/site-packages/airflow/example_dags/example_branch_operator_decorator.py
[2023-04-22T01:53:18.152+0800] {logging_mixin.py:137} INFO - [2023-04-22T01:53:18.152+0800] {dag.py:2705} INFO - Sync 1 DAGs
[2023-04-22T01:53:18.164+0800] {logging_mixin.py:137} INFO - [2023-04-22T01:53:18.163+0800] {dag.py:3452} INFO - Setting next_dagrun for example_branch_python_operator_decorator to 2023-04-20T00:00:00+00:00, run_after=2023-04-21T00:00:00+00:00
[2023-04-22T01:53:18.181+0800] {processor.py:175} INFO - Processing /home/gerardsho/airflow_env/lib/python3.8/site-packages/airflow/example_dags/example_branch_operator_decorator.py took 0.061 seconds
[2023-04-22T01:53:57.834+0800] {processor.py:153} INFO - Started process (PID=3092) to work on /home/gerardsho/airflow_env/lib/python3.8/site-packages/airflow/example_dags/example_branch_operator_decorator.py
[2023-04-22T01:53:57.837+0800] {processor.py:743} INFO - Processing file /home/gerardsho/airflow_env/lib/python3.8/site-packages/airflow/example_dags/example_branch_operator_decorator.py for tasks to queue
[2023-04-22T01:53:57.837+0800] {logging_mixin.py:137} INFO - [2023-04-22T01:53:57.837+0800] {dagbag.py:532} INFO - Filling up the DagBag from /home/gerardsho/airflow_env/lib/python3.8/site-packages/airflow/example_dags/example_branch_operator_decorator.py
[2023-04-22T01:53:57.853+0800] {processor.py:753} INFO - DAG(s) dict_keys(['example_branch_python_operator_decorator']) retrieved from /home/gerardsho/airflow_env/lib/python3.8/site-packages/airflow/example_dags/example_branch_operator_decorator.py
[2023-04-22T01:53:57.867+0800] {logging_mixin.py:137} INFO - [2023-04-22T01:53:57.867+0800] {dag.py:2705} INFO - Sync 1 DAGs
[2023-04-22T01:53:57.881+0800] {logging_mixin.py:137} INFO - [2023-04-22T01:53:57.881+0800] {dag.py:3452} INFO - Setting next_dagrun for example_branch_python_operator_decorator to 2023-04-20T00:00:00+00:00, run_after=2023-04-21T00:00:00+00:00
[2023-04-22T01:53:57.900+0800] {processor.py:175} INFO - Processing /home/gerardsho/airflow_env/lib/python3.8/site-packages/airflow/example_dags/example_branch_operator_decorator.py took 0.069 seconds
[2023-04-22T01:54:37.717+0800] {processor.py:153} INFO - Started process (PID=3137) to work on /home/gerardsho/airflow_env/lib/python3.8/site-packages/airflow/example_dags/example_branch_operator_decorator.py
[2023-04-22T01:54:37.719+0800] {processor.py:743} INFO - Processing file /home/gerardsho/airflow_env/lib/python3.8/site-packages/airflow/example_dags/example_branch_operator_decorator.py for tasks to queue
[2023-04-22T01:54:37.719+0800] {logging_mixin.py:137} INFO - [2023-04-22T01:54:37.719+0800] {dagbag.py:532} INFO - Filling up the DagBag from /home/gerardsho/airflow_env/lib/python3.8/site-packages/airflow/example_dags/example_branch_operator_decorator.py
[2023-04-22T01:54:37.733+0800] {processor.py:753} INFO - DAG(s) dict_keys(['example_branch_python_operator_decorator']) retrieved from /home/gerardsho/airflow_env/lib/python3.8/site-packages/airflow/example_dags/example_branch_operator_decorator.py
[2023-04-22T01:54:37.746+0800] {logging_mixin.py:137} INFO - [2023-04-22T01:54:37.745+0800] {dag.py:2705} INFO - Sync 1 DAGs
[2023-04-22T01:54:37.759+0800] {logging_mixin.py:137} INFO - [2023-04-22T01:54:37.759+0800] {dag.py:3452} INFO - Setting next_dagrun for example_branch_python_operator_decorator to 2023-04-20T00:00:00+00:00, run_after=2023-04-21T00:00:00+00:00
[2023-04-22T01:54:37.777+0800] {processor.py:175} INFO - Processing /home/gerardsho/airflow_env/lib/python3.8/site-packages/airflow/example_dags/example_branch_operator_decorator.py took 0.061 seconds
[2023-04-22T01:55:20.350+0800] {processor.py:153} INFO - Started process (PID=3182) to work on /home/gerardsho/airflow_env/lib/python3.8/site-packages/airflow/example_dags/example_branch_operator_decorator.py
[2023-04-22T01:55:20.353+0800] {processor.py:743} INFO - Processing file /home/gerardsho/airflow_env/lib/python3.8/site-packages/airflow/example_dags/example_branch_operator_decorator.py for tasks to queue
[2023-04-22T01:55:20.353+0800] {logging_mixin.py:137} INFO - [2023-04-22T01:55:20.353+0800] {dagbag.py:532} INFO - Filling up the DagBag from /home/gerardsho/airflow_env/lib/python3.8/site-packages/airflow/example_dags/example_branch_operator_decorator.py
[2023-04-22T01:55:20.367+0800] {processor.py:753} INFO - DAG(s) dict_keys(['example_branch_python_operator_decorator']) retrieved from /home/gerardsho/airflow_env/lib/python3.8/site-packages/airflow/example_dags/example_branch_operator_decorator.py
[2023-04-22T01:55:20.380+0800] {logging_mixin.py:137} INFO - [2023-04-22T01:55:20.380+0800] {dag.py:2705} INFO - Sync 1 DAGs
[2023-04-22T01:55:20.391+0800] {logging_mixin.py:137} INFO - [2023-04-22T01:55:20.391+0800] {dag.py:3452} INFO - Setting next_dagrun for example_branch_python_operator_decorator to 2023-04-20T00:00:00+00:00, run_after=2023-04-21T00:00:00+00:00
[2023-04-22T01:55:20.408+0800] {processor.py:175} INFO - Processing /home/gerardsho/airflow_env/lib/python3.8/site-packages/airflow/example_dags/example_branch_operator_decorator.py took 0.060 seconds
[2023-04-22T01:55:59.963+0800] {processor.py:153} INFO - Started process (PID=3227) to work on /home/gerardsho/airflow_env/lib/python3.8/site-packages/airflow/example_dags/example_branch_operator_decorator.py
[2023-04-22T01:55:59.966+0800] {processor.py:743} INFO - Processing file /home/gerardsho/airflow_env/lib/python3.8/site-packages/airflow/example_dags/example_branch_operator_decorator.py for tasks to queue
[2023-04-22T01:55:59.967+0800] {logging_mixin.py:137} INFO - [2023-04-22T01:55:59.967+0800] {dagbag.py:532} INFO - Filling up the DagBag from /home/gerardsho/airflow_env/lib/python3.8/site-packages/airflow/example_dags/example_branch_operator_decorator.py
[2023-04-22T01:55:59.981+0800] {processor.py:753} INFO - DAG(s) dict_keys(['example_branch_python_operator_decorator']) retrieved from /home/gerardsho/airflow_env/lib/python3.8/site-packages/airflow/example_dags/example_branch_operator_decorator.py
[2023-04-22T01:55:59.993+0800] {logging_mixin.py:137} INFO - [2023-04-22T01:55:59.993+0800] {dag.py:2705} INFO - Sync 1 DAGs
[2023-04-22T01:56:00.005+0800] {logging_mixin.py:137} INFO - [2023-04-22T01:56:00.005+0800] {dag.py:3452} INFO - Setting next_dagrun for example_branch_python_operator_decorator to 2023-04-20T00:00:00+00:00, run_after=2023-04-21T00:00:00+00:00
[2023-04-22T01:56:00.024+0800] {processor.py:175} INFO - Processing /home/gerardsho/airflow_env/lib/python3.8/site-packages/airflow/example_dags/example_branch_operator_decorator.py took 0.063 seconds
[2023-04-22T01:56:41.588+0800] {processor.py:153} INFO - Started process (PID=3275) to work on /home/gerardsho/airflow_env/lib/python3.8/site-packages/airflow/example_dags/example_branch_operator_decorator.py
[2023-04-22T01:56:41.591+0800] {processor.py:743} INFO - Processing file /home/gerardsho/airflow_env/lib/python3.8/site-packages/airflow/example_dags/example_branch_operator_decorator.py for tasks to queue
[2023-04-22T01:56:41.592+0800] {logging_mixin.py:137} INFO - [2023-04-22T01:56:41.592+0800] {dagbag.py:532} INFO - Filling up the DagBag from /home/gerardsho/airflow_env/lib/python3.8/site-packages/airflow/example_dags/example_branch_operator_decorator.py
[2023-04-22T01:56:41.610+0800] {processor.py:753} INFO - DAG(s) dict_keys(['example_branch_python_operator_decorator']) retrieved from /home/gerardsho/airflow_env/lib/python3.8/site-packages/airflow/example_dags/example_branch_operator_decorator.py
[2023-04-22T01:56:41.624+0800] {logging_mixin.py:137} INFO - [2023-04-22T01:56:41.624+0800] {dag.py:2705} INFO - Sync 1 DAGs
[2023-04-22T01:56:41.639+0800] {logging_mixin.py:137} INFO - [2023-04-22T01:56:41.639+0800] {dag.py:3452} INFO - Setting next_dagrun for example_branch_python_operator_decorator to 2023-04-20T00:00:00+00:00, run_after=2023-04-21T00:00:00+00:00
[2023-04-22T01:56:41.661+0800] {processor.py:175} INFO - Processing /home/gerardsho/airflow_env/lib/python3.8/site-packages/airflow/example_dags/example_branch_operator_decorator.py took 0.075 seconds
[2023-04-22T01:57:19.851+0800] {processor.py:153} INFO - Started process (PID=3319) to work on /home/gerardsho/airflow_env/lib/python3.8/site-packages/airflow/example_dags/example_branch_operator_decorator.py
[2023-04-22T01:57:19.854+0800] {processor.py:743} INFO - Processing file /home/gerardsho/airflow_env/lib/python3.8/site-packages/airflow/example_dags/example_branch_operator_decorator.py for tasks to queue
[2023-04-22T01:57:19.856+0800] {logging_mixin.py:137} INFO - [2023-04-22T01:57:19.855+0800] {dagbag.py:532} INFO - Filling up the DagBag from /home/gerardsho/airflow_env/lib/python3.8/site-packages/airflow/example_dags/example_branch_operator_decorator.py
[2023-04-22T01:57:19.879+0800] {processor.py:753} INFO - DAG(s) dict_keys(['example_branch_python_operator_decorator']) retrieved from /home/gerardsho/airflow_env/lib/python3.8/site-packages/airflow/example_dags/example_branch_operator_decorator.py
[2023-04-22T01:57:19.901+0800] {logging_mixin.py:137} INFO - [2023-04-22T01:57:19.901+0800] {dag.py:2705} INFO - Sync 1 DAGs
[2023-04-22T01:57:19.917+0800] {logging_mixin.py:137} INFO - [2023-04-22T01:57:19.917+0800] {dag.py:3452} INFO - Setting next_dagrun for example_branch_python_operator_decorator to 2023-04-20T00:00:00+00:00, run_after=2023-04-21T00:00:00+00:00
[2023-04-22T01:57:19.944+0800] {processor.py:175} INFO - Processing /home/gerardsho/airflow_env/lib/python3.8/site-packages/airflow/example_dags/example_branch_operator_decorator.py took 0.096 seconds
[2023-04-22T01:58:02.281+0800] {processor.py:153} INFO - Started process (PID=3370) to work on /home/gerardsho/airflow_env/lib/python3.8/site-packages/airflow/example_dags/example_branch_operator_decorator.py
[2023-04-22T01:58:02.284+0800] {processor.py:743} INFO - Processing file /home/gerardsho/airflow_env/lib/python3.8/site-packages/airflow/example_dags/example_branch_operator_decorator.py for tasks to queue
[2023-04-22T01:58:02.284+0800] {logging_mixin.py:137} INFO - [2023-04-22T01:58:02.284+0800] {dagbag.py:532} INFO - Filling up the DagBag from /home/gerardsho/airflow_env/lib/python3.8/site-packages/airflow/example_dags/example_branch_operator_decorator.py
[2023-04-22T01:58:02.300+0800] {processor.py:753} INFO - DAG(s) dict_keys(['example_branch_python_operator_decorator']) retrieved from /home/gerardsho/airflow_env/lib/python3.8/site-packages/airflow/example_dags/example_branch_operator_decorator.py
[2023-04-22T01:58:02.312+0800] {logging_mixin.py:137} INFO - [2023-04-22T01:58:02.312+0800] {dag.py:2705} INFO - Sync 1 DAGs
[2023-04-22T01:58:02.326+0800] {logging_mixin.py:137} INFO - [2023-04-22T01:58:02.326+0800] {dag.py:3452} INFO - Setting next_dagrun for example_branch_python_operator_decorator to 2023-04-20T00:00:00+00:00, run_after=2023-04-21T00:00:00+00:00
[2023-04-22T01:58:02.344+0800] {processor.py:175} INFO - Processing /home/gerardsho/airflow_env/lib/python3.8/site-packages/airflow/example_dags/example_branch_operator_decorator.py took 0.065 seconds
[2023-04-22T01:58:43.232+0800] {processor.py:153} INFO - Started process (PID=3413) to work on /home/gerardsho/airflow_env/lib/python3.8/site-packages/airflow/example_dags/example_branch_operator_decorator.py
[2023-04-22T01:58:43.235+0800] {processor.py:743} INFO - Processing file /home/gerardsho/airflow_env/lib/python3.8/site-packages/airflow/example_dags/example_branch_operator_decorator.py for tasks to queue
[2023-04-22T01:58:43.236+0800] {logging_mixin.py:137} INFO - [2023-04-22T01:58:43.236+0800] {dagbag.py:532} INFO - Filling up the DagBag from /home/gerardsho/airflow_env/lib/python3.8/site-packages/airflow/example_dags/example_branch_operator_decorator.py
[2023-04-22T01:58:43.251+0800] {processor.py:753} INFO - DAG(s) dict_keys(['example_branch_python_operator_decorator']) retrieved from /home/gerardsho/airflow_env/lib/python3.8/site-packages/airflow/example_dags/example_branch_operator_decorator.py
[2023-04-22T01:58:43.266+0800] {logging_mixin.py:137} INFO - [2023-04-22T01:58:43.266+0800] {dag.py:2705} INFO - Sync 1 DAGs
[2023-04-22T01:58:43.280+0800] {logging_mixin.py:137} INFO - [2023-04-22T01:58:43.280+0800] {dag.py:3452} INFO - Setting next_dagrun for example_branch_python_operator_decorator to 2023-04-20T00:00:00+00:00, run_after=2023-04-21T00:00:00+00:00
[2023-04-22T01:58:43.299+0800] {processor.py:175} INFO - Processing /home/gerardsho/airflow_env/lib/python3.8/site-packages/airflow/example_dags/example_branch_operator_decorator.py took 0.069 seconds
[2023-04-22T01:59:23.525+0800] {processor.py:153} INFO - Started process (PID=3455) to work on /home/gerardsho/airflow_env/lib/python3.8/site-packages/airflow/example_dags/example_branch_operator_decorator.py
[2023-04-22T01:59:23.528+0800] {processor.py:743} INFO - Processing file /home/gerardsho/airflow_env/lib/python3.8/site-packages/airflow/example_dags/example_branch_operator_decorator.py for tasks to queue
[2023-04-22T01:59:23.528+0800] {logging_mixin.py:137} INFO - [2023-04-22T01:59:23.528+0800] {dagbag.py:532} INFO - Filling up the DagBag from /home/gerardsho/airflow_env/lib/python3.8/site-packages/airflow/example_dags/example_branch_operator_decorator.py
[2023-04-22T01:59:23.543+0800] {processor.py:753} INFO - DAG(s) dict_keys(['example_branch_python_operator_decorator']) retrieved from /home/gerardsho/airflow_env/lib/python3.8/site-packages/airflow/example_dags/example_branch_operator_decorator.py
[2023-04-22T01:59:23.555+0800] {logging_mixin.py:137} INFO - [2023-04-22T01:59:23.555+0800] {dag.py:2705} INFO - Sync 1 DAGs
[2023-04-22T01:59:23.565+0800] {logging_mixin.py:137} INFO - [2023-04-22T01:59:23.565+0800] {dag.py:3452} INFO - Setting next_dagrun for example_branch_python_operator_decorator to 2023-04-20T00:00:00+00:00, run_after=2023-04-21T00:00:00+00:00
[2023-04-22T01:59:23.582+0800] {processor.py:175} INFO - Processing /home/gerardsho/airflow_env/lib/python3.8/site-packages/airflow/example_dags/example_branch_operator_decorator.py took 0.061 seconds
[2023-04-22T02:00:36.216+0800] {processor.py:153} INFO - Started process (PID=3512) to work on /home/gerardsho/airflow_env/lib/python3.8/site-packages/airflow/example_dags/example_branch_operator_decorator.py
[2023-04-22T02:00:36.219+0800] {processor.py:743} INFO - Processing file /home/gerardsho/airflow_env/lib/python3.8/site-packages/airflow/example_dags/example_branch_operator_decorator.py for tasks to queue
[2023-04-22T02:00:36.220+0800] {logging_mixin.py:137} INFO - [2023-04-22T02:00:36.220+0800] {dagbag.py:532} INFO - Filling up the DagBag from /home/gerardsho/airflow_env/lib/python3.8/site-packages/airflow/example_dags/example_branch_operator_decorator.py
[2023-04-22T02:00:36.248+0800] {processor.py:753} INFO - DAG(s) dict_keys(['example_branch_python_operator_decorator']) retrieved from /home/gerardsho/airflow_env/lib/python3.8/site-packages/airflow/example_dags/example_branch_operator_decorator.py
[2023-04-22T02:00:36.342+0800] {logging_mixin.py:137} INFO - [2023-04-22T02:00:36.342+0800] {manager.py:504} INFO - Created Permission View: can edit on DAG:example_branch_python_operator_decorator
[2023-04-22T02:00:36.354+0800] {logging_mixin.py:137} INFO - [2023-04-22T02:00:36.354+0800] {manager.py:504} INFO - Created Permission View: can delete on DAG:example_branch_python_operator_decorator
[2023-04-22T02:00:36.366+0800] {logging_mixin.py:137} INFO - [2023-04-22T02:00:36.366+0800] {manager.py:504} INFO - Created Permission View: can read on DAG:example_branch_python_operator_decorator
[2023-04-22T02:00:36.366+0800] {logging_mixin.py:137} INFO - [2023-04-22T02:00:36.366+0800] {dag.py:2705} INFO - Sync 1 DAGs
[2023-04-22T02:00:36.374+0800] {logging_mixin.py:137} INFO - [2023-04-22T02:00:36.374+0800] {dag.py:2726} INFO - Creating ORM DAG for example_branch_python_operator_decorator
[2023-04-22T02:00:36.380+0800] {logging_mixin.py:137} INFO - [2023-04-22T02:00:36.380+0800] {dag.py:3452} INFO - Setting next_dagrun for example_branch_python_operator_decorator to 2023-04-20T00:00:00+00:00, run_after=2023-04-21T00:00:00+00:00
[2023-04-22T02:00:36.396+0800] {processor.py:175} INFO - Processing /home/gerardsho/airflow_env/lib/python3.8/site-packages/airflow/example_dags/example_branch_operator_decorator.py took 0.183 seconds
[2023-04-22T02:01:19.866+0800] {processor.py:153} INFO - Started process (PID=3562) to work on /home/gerardsho/airflow_env/lib/python3.8/site-packages/airflow/example_dags/example_branch_operator_decorator.py
[2023-04-22T02:01:19.869+0800] {processor.py:743} INFO - Processing file /home/gerardsho/airflow_env/lib/python3.8/site-packages/airflow/example_dags/example_branch_operator_decorator.py for tasks to queue
[2023-04-22T02:01:19.870+0800] {logging_mixin.py:137} INFO - [2023-04-22T02:01:19.870+0800] {dagbag.py:532} INFO - Filling up the DagBag from /home/gerardsho/airflow_env/lib/python3.8/site-packages/airflow/example_dags/example_branch_operator_decorator.py
[2023-04-22T02:01:19.888+0800] {processor.py:753} INFO - DAG(s) dict_keys(['example_branch_python_operator_decorator']) retrieved from /home/gerardsho/airflow_env/lib/python3.8/site-packages/airflow/example_dags/example_branch_operator_decorator.py
[2023-04-22T02:01:19.903+0800] {logging_mixin.py:137} INFO - [2023-04-22T02:01:19.903+0800] {dag.py:2705} INFO - Sync 1 DAGs
[2023-04-22T02:01:19.921+0800] {logging_mixin.py:137} INFO - [2023-04-22T02:01:19.921+0800] {dag.py:3452} INFO - Setting next_dagrun for example_branch_python_operator_decorator to 2023-04-20T00:00:00+00:00, run_after=2023-04-21T00:00:00+00:00
[2023-04-22T02:01:19.940+0800] {processor.py:175} INFO - Processing /home/gerardsho/airflow_env/lib/python3.8/site-packages/airflow/example_dags/example_branch_operator_decorator.py took 0.076 seconds
[2023-04-22T02:02:00.145+0800] {processor.py:153} INFO - Started process (PID=3604) to work on /home/gerardsho/airflow_env/lib/python3.8/site-packages/airflow/example_dags/example_branch_operator_decorator.py
[2023-04-22T02:02:00.148+0800] {processor.py:743} INFO - Processing file /home/gerardsho/airflow_env/lib/python3.8/site-packages/airflow/example_dags/example_branch_operator_decorator.py for tasks to queue
[2023-04-22T02:02:00.149+0800] {logging_mixin.py:137} INFO - [2023-04-22T02:02:00.149+0800] {dagbag.py:532} INFO - Filling up the DagBag from /home/gerardsho/airflow_env/lib/python3.8/site-packages/airflow/example_dags/example_branch_operator_decorator.py
[2023-04-22T02:02:00.204+0800] {processor.py:753} INFO - DAG(s) dict_keys(['example_branch_python_operator_decorator']) retrieved from /home/gerardsho/airflow_env/lib/python3.8/site-packages/airflow/example_dags/example_branch_operator_decorator.py
[2023-04-22T02:02:00.236+0800] {logging_mixin.py:137} INFO - [2023-04-22T02:02:00.235+0800] {dag.py:2705} INFO - Sync 1 DAGs
[2023-04-22T02:02:00.266+0800] {logging_mixin.py:137} INFO - [2023-04-22T02:02:00.265+0800] {dag.py:3452} INFO - Setting next_dagrun for example_branch_python_operator_decorator to 2023-04-20T00:00:00+00:00, run_after=2023-04-21T00:00:00+00:00
[2023-04-22T02:02:00.303+0800] {processor.py:175} INFO - Processing /home/gerardsho/airflow_env/lib/python3.8/site-packages/airflow/example_dags/example_branch_operator_decorator.py took 0.161 seconds
[2023-04-22T02:02:41.673+0800] {processor.py:153} INFO - Started process (PID=3656) to work on /home/gerardsho/airflow_env/lib/python3.8/site-packages/airflow/example_dags/example_branch_operator_decorator.py
[2023-04-22T02:02:41.674+0800] {processor.py:743} INFO - Processing file /home/gerardsho/airflow_env/lib/python3.8/site-packages/airflow/example_dags/example_branch_operator_decorator.py for tasks to queue
[2023-04-22T02:02:41.674+0800] {logging_mixin.py:137} INFO - [2023-04-22T02:02:41.674+0800] {dagbag.py:532} INFO - Filling up the DagBag from /home/gerardsho/airflow_env/lib/python3.8/site-packages/airflow/example_dags/example_branch_operator_decorator.py
[2023-04-22T02:02:41.692+0800] {processor.py:753} INFO - DAG(s) dict_keys(['example_branch_python_operator_decorator']) retrieved from /home/gerardsho/airflow_env/lib/python3.8/site-packages/airflow/example_dags/example_branch_operator_decorator.py
[2023-04-22T02:02:41.706+0800] {logging_mixin.py:137} INFO - [2023-04-22T02:02:41.706+0800] {dag.py:2705} INFO - Sync 1 DAGs
[2023-04-22T02:02:41.721+0800] {logging_mixin.py:137} INFO - [2023-04-22T02:02:41.721+0800] {dag.py:3452} INFO - Setting next_dagrun for example_branch_python_operator_decorator to 2023-04-20T00:00:00+00:00, run_after=2023-04-21T00:00:00+00:00
[2023-04-22T02:02:41.738+0800] {processor.py:175} INFO - Processing /home/gerardsho/airflow_env/lib/python3.8/site-packages/airflow/example_dags/example_branch_operator_decorator.py took 0.068 seconds
[2023-04-22T02:03:23.352+0800] {processor.py:153} INFO - Started process (PID=3703) to work on /home/gerardsho/airflow_env/lib/python3.8/site-packages/airflow/example_dags/example_branch_operator_decorator.py
[2023-04-22T02:03:23.355+0800] {processor.py:743} INFO - Processing file /home/gerardsho/airflow_env/lib/python3.8/site-packages/airflow/example_dags/example_branch_operator_decorator.py for tasks to queue
[2023-04-22T02:03:23.356+0800] {logging_mixin.py:137} INFO - [2023-04-22T02:03:23.356+0800] {dagbag.py:532} INFO - Filling up the DagBag from /home/gerardsho/airflow_env/lib/python3.8/site-packages/airflow/example_dags/example_branch_operator_decorator.py
[2023-04-22T02:03:23.371+0800] {processor.py:753} INFO - DAG(s) dict_keys(['example_branch_python_operator_decorator']) retrieved from /home/gerardsho/airflow_env/lib/python3.8/site-packages/airflow/example_dags/example_branch_operator_decorator.py
[2023-04-22T02:03:23.383+0800] {logging_mixin.py:137} INFO - [2023-04-22T02:03:23.382+0800] {dag.py:2705} INFO - Sync 1 DAGs
[2023-04-22T02:03:23.394+0800] {logging_mixin.py:137} INFO - [2023-04-22T02:03:23.394+0800] {dag.py:3452} INFO - Setting next_dagrun for example_branch_python_operator_decorator to 2023-04-20T00:00:00+00:00, run_after=2023-04-21T00:00:00+00:00
[2023-04-22T02:03:23.411+0800] {processor.py:175} INFO - Processing /home/gerardsho/airflow_env/lib/python3.8/site-packages/airflow/example_dags/example_branch_operator_decorator.py took 0.062 seconds
[2023-04-22T02:04:02.764+0800] {processor.py:153} INFO - Started process (PID=3749) to work on /home/gerardsho/airflow_env/lib/python3.8/site-packages/airflow/example_dags/example_branch_operator_decorator.py
[2023-04-22T02:04:02.767+0800] {processor.py:743} INFO - Processing file /home/gerardsho/airflow_env/lib/python3.8/site-packages/airflow/example_dags/example_branch_operator_decorator.py for tasks to queue
[2023-04-22T02:04:02.767+0800] {logging_mixin.py:137} INFO - [2023-04-22T02:04:02.767+0800] {dagbag.py:532} INFO - Filling up the DagBag from /home/gerardsho/airflow_env/lib/python3.8/site-packages/airflow/example_dags/example_branch_operator_decorator.py
[2023-04-22T02:04:02.782+0800] {processor.py:753} INFO - DAG(s) dict_keys(['example_branch_python_operator_decorator']) retrieved from /home/gerardsho/airflow_env/lib/python3.8/site-packages/airflow/example_dags/example_branch_operator_decorator.py
[2023-04-22T02:04:02.795+0800] {logging_mixin.py:137} INFO - [2023-04-22T02:04:02.795+0800] {dag.py:2705} INFO - Sync 1 DAGs
[2023-04-22T02:04:02.806+0800] {logging_mixin.py:137} INFO - [2023-04-22T02:04:02.806+0800] {dag.py:3452} INFO - Setting next_dagrun for example_branch_python_operator_decorator to 2023-04-20T00:00:00+00:00, run_after=2023-04-21T00:00:00+00:00
[2023-04-22T02:04:02.822+0800] {processor.py:175} INFO - Processing /home/gerardsho/airflow_env/lib/python3.8/site-packages/airflow/example_dags/example_branch_operator_decorator.py took 0.061 seconds
[2023-04-22T02:04:44.452+0800] {processor.py:153} INFO - Started process (PID=3791) to work on /home/gerardsho/airflow_env/lib/python3.8/site-packages/airflow/example_dags/example_branch_operator_decorator.py
[2023-04-22T02:04:44.455+0800] {processor.py:743} INFO - Processing file /home/gerardsho/airflow_env/lib/python3.8/site-packages/airflow/example_dags/example_branch_operator_decorator.py for tasks to queue
[2023-04-22T02:04:44.456+0800] {logging_mixin.py:137} INFO - [2023-04-22T02:04:44.456+0800] {dagbag.py:532} INFO - Filling up the DagBag from /home/gerardsho/airflow_env/lib/python3.8/site-packages/airflow/example_dags/example_branch_operator_decorator.py
[2023-04-22T02:04:44.470+0800] {processor.py:753} INFO - DAG(s) dict_keys(['example_branch_python_operator_decorator']) retrieved from /home/gerardsho/airflow_env/lib/python3.8/site-packages/airflow/example_dags/example_branch_operator_decorator.py
[2023-04-22T02:04:44.481+0800] {logging_mixin.py:137} INFO - [2023-04-22T02:04:44.481+0800] {dag.py:2705} INFO - Sync 1 DAGs
[2023-04-22T02:04:44.492+0800] {logging_mixin.py:137} INFO - [2023-04-22T02:04:44.492+0800] {dag.py:3452} INFO - Setting next_dagrun for example_branch_python_operator_decorator to 2023-04-20T00:00:00+00:00, run_after=2023-04-21T00:00:00+00:00
[2023-04-22T02:04:44.508+0800] {processor.py:175} INFO - Processing /home/gerardsho/airflow_env/lib/python3.8/site-packages/airflow/example_dags/example_branch_operator_decorator.py took 0.058 seconds
