[2023-04-22T01:48:57.352+0800] {processor.py:153} INFO - Started process (PID=2756) to work on /home/gerardsho/airflow_env/lib/python3.8/site-packages/airflow/example_dags/example_trigger_target_dag.py
[2023-04-22T01:48:57.352+0800] {processor.py:743} INFO - Processing file /home/gerardsho/airflow_env/lib/python3.8/site-packages/airflow/example_dags/example_trigger_target_dag.py for tasks to queue
[2023-04-22T01:48:57.353+0800] {logging_mixin.py:137} INFO - [2023-04-22T01:48:57.353+0800] {dagbag.py:532} INFO - Filling up the DagBag from /home/gerardsho/airflow_env/lib/python3.8/site-packages/airflow/example_dags/example_trigger_target_dag.py
[2023-04-22T01:48:57.369+0800] {processor.py:753} INFO - DAG(s) dict_keys(['example_trigger_target_dag']) retrieved from /home/gerardsho/airflow_env/lib/python3.8/site-packages/airflow/example_dags/example_trigger_target_dag.py
[2023-04-22T01:48:57.448+0800] {logging_mixin.py:137} INFO - [2023-04-22T01:48:57.448+0800] {manager.py:504} INFO - Created Permission View: can edit on DAG:example_trigger_target_dag
[2023-04-22T01:48:57.457+0800] {logging_mixin.py:137} INFO - [2023-04-22T01:48:57.457+0800] {manager.py:504} INFO - Created Permission View: can delete on DAG:example_trigger_target_dag
[2023-04-22T01:48:57.464+0800] {logging_mixin.py:137} INFO - [2023-04-22T01:48:57.464+0800] {manager.py:504} INFO - Created Permission View: can read on DAG:example_trigger_target_dag
[2023-04-22T01:48:57.464+0800] {logging_mixin.py:137} INFO - [2023-04-22T01:48:57.464+0800] {dag.py:2705} INFO - Sync 1 DAGs
[2023-04-22T01:48:57.472+0800] {logging_mixin.py:137} INFO - [2023-04-22T01:48:57.472+0800] {dag.py:2726} INFO - Creating ORM DAG for example_trigger_target_dag
[2023-04-22T01:48:57.478+0800] {logging_mixin.py:137} INFO - [2023-04-22T01:48:57.478+0800] {dag.py:3452} INFO - Setting next_dagrun for example_trigger_target_dag to None, run_after=None
[2023-04-22T01:48:57.499+0800] {processor.py:175} INFO - Processing /home/gerardsho/airflow_env/lib/python3.8/site-packages/airflow/example_dags/example_trigger_target_dag.py took 0.150 seconds
[2023-04-22T01:49:40.775+0800] {processor.py:153} INFO - Started process (PID=2800) to work on /home/gerardsho/airflow_env/lib/python3.8/site-packages/airflow/example_dags/example_trigger_target_dag.py
[2023-04-22T01:49:40.778+0800] {processor.py:743} INFO - Processing file /home/gerardsho/airflow_env/lib/python3.8/site-packages/airflow/example_dags/example_trigger_target_dag.py for tasks to queue
[2023-04-22T01:49:40.778+0800] {logging_mixin.py:137} INFO - [2023-04-22T01:49:40.778+0800] {dagbag.py:532} INFO - Filling up the DagBag from /home/gerardsho/airflow_env/lib/python3.8/site-packages/airflow/example_dags/example_trigger_target_dag.py
[2023-04-22T01:49:40.790+0800] {processor.py:753} INFO - DAG(s) dict_keys(['example_trigger_target_dag']) retrieved from /home/gerardsho/airflow_env/lib/python3.8/site-packages/airflow/example_dags/example_trigger_target_dag.py
[2023-04-22T01:49:40.801+0800] {logging_mixin.py:137} INFO - [2023-04-22T01:49:40.801+0800] {dag.py:2705} INFO - Sync 1 DAGs
[2023-04-22T01:49:40.811+0800] {logging_mixin.py:137} INFO - [2023-04-22T01:49:40.811+0800] {dag.py:3452} INFO - Setting next_dagrun for example_trigger_target_dag to None, run_after=None
[2023-04-22T01:49:40.826+0800] {processor.py:175} INFO - Processing /home/gerardsho/airflow_env/lib/python3.8/site-packages/airflow/example_dags/example_trigger_target_dag.py took 0.054 seconds
[2023-04-22T01:50:17.944+0800] {processor.py:153} INFO - Started process (PID=2844) to work on /home/gerardsho/airflow_env/lib/python3.8/site-packages/airflow/example_dags/example_trigger_target_dag.py
[2023-04-22T01:50:17.948+0800] {processor.py:743} INFO - Processing file /home/gerardsho/airflow_env/lib/python3.8/site-packages/airflow/example_dags/example_trigger_target_dag.py for tasks to queue
[2023-04-22T01:50:17.948+0800] {logging_mixin.py:137} INFO - [2023-04-22T01:50:17.948+0800] {dagbag.py:532} INFO - Filling up the DagBag from /home/gerardsho/airflow_env/lib/python3.8/site-packages/airflow/example_dags/example_trigger_target_dag.py
[2023-04-22T01:50:17.961+0800] {processor.py:753} INFO - DAG(s) dict_keys(['example_trigger_target_dag']) retrieved from /home/gerardsho/airflow_env/lib/python3.8/site-packages/airflow/example_dags/example_trigger_target_dag.py
[2023-04-22T01:50:17.971+0800] {logging_mixin.py:137} INFO - [2023-04-22T01:50:17.971+0800] {dag.py:2705} INFO - Sync 1 DAGs
[2023-04-22T01:50:17.982+0800] {logging_mixin.py:137} INFO - [2023-04-22T01:50:17.982+0800] {dag.py:3452} INFO - Setting next_dagrun for example_trigger_target_dag to None, run_after=None
[2023-04-22T01:50:17.998+0800] {processor.py:175} INFO - Processing /home/gerardsho/airflow_env/lib/python3.8/site-packages/airflow/example_dags/example_trigger_target_dag.py took 0.057 seconds
[2023-04-22T01:50:59.644+0800] {processor.py:153} INFO - Started process (PID=2889) to work on /home/gerardsho/airflow_env/lib/python3.8/site-packages/airflow/example_dags/example_trigger_target_dag.py
[2023-04-22T01:50:59.648+0800] {processor.py:743} INFO - Processing file /home/gerardsho/airflow_env/lib/python3.8/site-packages/airflow/example_dags/example_trigger_target_dag.py for tasks to queue
[2023-04-22T01:50:59.648+0800] {logging_mixin.py:137} INFO - [2023-04-22T01:50:59.648+0800] {dagbag.py:532} INFO - Filling up the DagBag from /home/gerardsho/airflow_env/lib/python3.8/site-packages/airflow/example_dags/example_trigger_target_dag.py
[2023-04-22T01:50:59.662+0800] {processor.py:753} INFO - DAG(s) dict_keys(['example_trigger_target_dag']) retrieved from /home/gerardsho/airflow_env/lib/python3.8/site-packages/airflow/example_dags/example_trigger_target_dag.py
[2023-04-22T01:50:59.675+0800] {logging_mixin.py:137} INFO - [2023-04-22T01:50:59.675+0800] {dag.py:2705} INFO - Sync 1 DAGs
[2023-04-22T01:50:59.687+0800] {logging_mixin.py:137} INFO - [2023-04-22T01:50:59.687+0800] {dag.py:3452} INFO - Setting next_dagrun for example_trigger_target_dag to None, run_after=None
[2023-04-22T01:50:59.706+0800] {processor.py:175} INFO - Processing /home/gerardsho/airflow_env/lib/python3.8/site-packages/airflow/example_dags/example_trigger_target_dag.py took 0.063 seconds
[2023-04-22T01:51:41.867+0800] {processor.py:153} INFO - Started process (PID=2943) to work on /home/gerardsho/airflow_env/lib/python3.8/site-packages/airflow/example_dags/example_trigger_target_dag.py
[2023-04-22T01:51:41.871+0800] {processor.py:743} INFO - Processing file /home/gerardsho/airflow_env/lib/python3.8/site-packages/airflow/example_dags/example_trigger_target_dag.py for tasks to queue
[2023-04-22T01:51:41.871+0800] {logging_mixin.py:137} INFO - [2023-04-22T01:51:41.871+0800] {dagbag.py:532} INFO - Filling up the DagBag from /home/gerardsho/airflow_env/lib/python3.8/site-packages/airflow/example_dags/example_trigger_target_dag.py
[2023-04-22T01:51:41.883+0800] {processor.py:753} INFO - DAG(s) dict_keys(['example_trigger_target_dag']) retrieved from /home/gerardsho/airflow_env/lib/python3.8/site-packages/airflow/example_dags/example_trigger_target_dag.py
[2023-04-22T01:51:41.894+0800] {logging_mixin.py:137} INFO - [2023-04-22T01:51:41.894+0800] {dag.py:2705} INFO - Sync 1 DAGs
[2023-04-22T01:51:41.905+0800] {logging_mixin.py:137} INFO - [2023-04-22T01:51:41.905+0800] {dag.py:3452} INFO - Setting next_dagrun for example_trigger_target_dag to None, run_after=None
[2023-04-22T01:51:41.923+0800] {processor.py:175} INFO - Processing /home/gerardsho/airflow_env/lib/python3.8/site-packages/airflow/example_dags/example_trigger_target_dag.py took 0.058 seconds
[2023-04-22T01:52:22.899+0800] {processor.py:153} INFO - Started process (PID=2993) to work on /home/gerardsho/airflow_env/lib/python3.8/site-packages/airflow/example_dags/example_trigger_target_dag.py
[2023-04-22T01:52:22.902+0800] {processor.py:743} INFO - Processing file /home/gerardsho/airflow_env/lib/python3.8/site-packages/airflow/example_dags/example_trigger_target_dag.py for tasks to queue
[2023-04-22T01:52:22.903+0800] {logging_mixin.py:137} INFO - [2023-04-22T01:52:22.903+0800] {dagbag.py:532} INFO - Filling up the DagBag from /home/gerardsho/airflow_env/lib/python3.8/site-packages/airflow/example_dags/example_trigger_target_dag.py
[2023-04-22T01:52:22.917+0800] {processor.py:753} INFO - DAG(s) dict_keys(['example_trigger_target_dag']) retrieved from /home/gerardsho/airflow_env/lib/python3.8/site-packages/airflow/example_dags/example_trigger_target_dag.py
[2023-04-22T01:52:22.931+0800] {logging_mixin.py:137} INFO - [2023-04-22T01:52:22.931+0800] {dag.py:2705} INFO - Sync 1 DAGs
[2023-04-22T01:52:22.944+0800] {logging_mixin.py:137} INFO - [2023-04-22T01:52:22.944+0800] {dag.py:3452} INFO - Setting next_dagrun for example_trigger_target_dag to None, run_after=None
[2023-04-22T01:52:22.963+0800] {processor.py:175} INFO - Processing /home/gerardsho/airflow_env/lib/python3.8/site-packages/airflow/example_dags/example_trigger_target_dag.py took 0.065 seconds
[2023-04-22T01:53:04.075+0800] {processor.py:153} INFO - Started process (PID=3035) to work on /home/gerardsho/airflow_env/lib/python3.8/site-packages/airflow/example_dags/example_trigger_target_dag.py
[2023-04-22T01:53:04.076+0800] {processor.py:743} INFO - Processing file /home/gerardsho/airflow_env/lib/python3.8/site-packages/airflow/example_dags/example_trigger_target_dag.py for tasks to queue
[2023-04-22T01:53:04.076+0800] {logging_mixin.py:137} INFO - [2023-04-22T01:53:04.076+0800] {dagbag.py:532} INFO - Filling up the DagBag from /home/gerardsho/airflow_env/lib/python3.8/site-packages/airflow/example_dags/example_trigger_target_dag.py
[2023-04-22T01:53:04.093+0800] {processor.py:753} INFO - DAG(s) dict_keys(['example_trigger_target_dag']) retrieved from /home/gerardsho/airflow_env/lib/python3.8/site-packages/airflow/example_dags/example_trigger_target_dag.py
[2023-04-22T01:53:04.108+0800] {logging_mixin.py:137} INFO - [2023-04-22T01:53:04.108+0800] {dag.py:2705} INFO - Sync 1 DAGs
[2023-04-22T01:53:04.120+0800] {logging_mixin.py:137} INFO - [2023-04-22T01:53:04.120+0800] {dag.py:3452} INFO - Setting next_dagrun for example_trigger_target_dag to None, run_after=None
[2023-04-22T01:53:04.143+0800] {processor.py:175} INFO - Processing /home/gerardsho/airflow_env/lib/python3.8/site-packages/airflow/example_dags/example_trigger_target_dag.py took 0.070 seconds
[2023-04-22T01:53:43.839+0800] {processor.py:153} INFO - Started process (PID=3077) to work on /home/gerardsho/airflow_env/lib/python3.8/site-packages/airflow/example_dags/example_trigger_target_dag.py
[2023-04-22T01:53:43.842+0800] {processor.py:743} INFO - Processing file /home/gerardsho/airflow_env/lib/python3.8/site-packages/airflow/example_dags/example_trigger_target_dag.py for tasks to queue
[2023-04-22T01:53:43.843+0800] {logging_mixin.py:137} INFO - [2023-04-22T01:53:43.843+0800] {dagbag.py:532} INFO - Filling up the DagBag from /home/gerardsho/airflow_env/lib/python3.8/site-packages/airflow/example_dags/example_trigger_target_dag.py
[2023-04-22T01:53:43.856+0800] {processor.py:753} INFO - DAG(s) dict_keys(['example_trigger_target_dag']) retrieved from /home/gerardsho/airflow_env/lib/python3.8/site-packages/airflow/example_dags/example_trigger_target_dag.py
[2023-04-22T01:53:43.867+0800] {logging_mixin.py:137} INFO - [2023-04-22T01:53:43.867+0800] {dag.py:2705} INFO - Sync 1 DAGs
[2023-04-22T01:53:43.878+0800] {logging_mixin.py:137} INFO - [2023-04-22T01:53:43.878+0800] {dag.py:3452} INFO - Setting next_dagrun for example_trigger_target_dag to None, run_after=None
[2023-04-22T01:53:43.896+0800] {processor.py:175} INFO - Processing /home/gerardsho/airflow_env/lib/python3.8/site-packages/airflow/example_dags/example_trigger_target_dag.py took 0.059 seconds
[2023-04-22T01:54:23.422+0800] {processor.py:153} INFO - Started process (PID=3121) to work on /home/gerardsho/airflow_env/lib/python3.8/site-packages/airflow/example_dags/example_trigger_target_dag.py
[2023-04-22T01:54:23.425+0800] {processor.py:743} INFO - Processing file /home/gerardsho/airflow_env/lib/python3.8/site-packages/airflow/example_dags/example_trigger_target_dag.py for tasks to queue
[2023-04-22T01:54:23.426+0800] {logging_mixin.py:137} INFO - [2023-04-22T01:54:23.426+0800] {dagbag.py:532} INFO - Filling up the DagBag from /home/gerardsho/airflow_env/lib/python3.8/site-packages/airflow/example_dags/example_trigger_target_dag.py
[2023-04-22T01:54:23.439+0800] {processor.py:753} INFO - DAG(s) dict_keys(['example_trigger_target_dag']) retrieved from /home/gerardsho/airflow_env/lib/python3.8/site-packages/airflow/example_dags/example_trigger_target_dag.py
[2023-04-22T01:54:23.449+0800] {logging_mixin.py:137} INFO - [2023-04-22T01:54:23.449+0800] {dag.py:2705} INFO - Sync 1 DAGs
[2023-04-22T01:54:23.462+0800] {logging_mixin.py:137} INFO - [2023-04-22T01:54:23.462+0800] {dag.py:3452} INFO - Setting next_dagrun for example_trigger_target_dag to None, run_after=None
[2023-04-22T01:54:23.482+0800] {processor.py:175} INFO - Processing /home/gerardsho/airflow_env/lib/python3.8/site-packages/airflow/example_dags/example_trigger_target_dag.py took 0.063 seconds
[2023-04-22T01:55:05.203+0800] {processor.py:153} INFO - Started process (PID=3166) to work on /home/gerardsho/airflow_env/lib/python3.8/site-packages/airflow/example_dags/example_trigger_target_dag.py
[2023-04-22T01:55:05.207+0800] {processor.py:743} INFO - Processing file /home/gerardsho/airflow_env/lib/python3.8/site-packages/airflow/example_dags/example_trigger_target_dag.py for tasks to queue
[2023-04-22T01:55:05.207+0800] {logging_mixin.py:137} INFO - [2023-04-22T01:55:05.207+0800] {dagbag.py:532} INFO - Filling up the DagBag from /home/gerardsho/airflow_env/lib/python3.8/site-packages/airflow/example_dags/example_trigger_target_dag.py
[2023-04-22T01:55:05.223+0800] {processor.py:753} INFO - DAG(s) dict_keys(['example_trigger_target_dag']) retrieved from /home/gerardsho/airflow_env/lib/python3.8/site-packages/airflow/example_dags/example_trigger_target_dag.py
[2023-04-22T01:55:05.240+0800] {logging_mixin.py:137} INFO - [2023-04-22T01:55:05.240+0800] {dag.py:2705} INFO - Sync 1 DAGs
[2023-04-22T01:55:05.255+0800] {logging_mixin.py:137} INFO - [2023-04-22T01:55:05.255+0800] {dag.py:3452} INFO - Setting next_dagrun for example_trigger_target_dag to None, run_after=None
[2023-04-22T01:55:05.275+0800] {processor.py:175} INFO - Processing /home/gerardsho/airflow_env/lib/python3.8/site-packages/airflow/example_dags/example_trigger_target_dag.py took 0.075 seconds
[2023-04-22T01:55:45.657+0800] {processor.py:153} INFO - Started process (PID=3212) to work on /home/gerardsho/airflow_env/lib/python3.8/site-packages/airflow/example_dags/example_trigger_target_dag.py
[2023-04-22T01:55:45.660+0800] {processor.py:743} INFO - Processing file /home/gerardsho/airflow_env/lib/python3.8/site-packages/airflow/example_dags/example_trigger_target_dag.py for tasks to queue
[2023-04-22T01:55:45.661+0800] {logging_mixin.py:137} INFO - [2023-04-22T01:55:45.661+0800] {dagbag.py:532} INFO - Filling up the DagBag from /home/gerardsho/airflow_env/lib/python3.8/site-packages/airflow/example_dags/example_trigger_target_dag.py
[2023-04-22T01:55:45.672+0800] {processor.py:753} INFO - DAG(s) dict_keys(['example_trigger_target_dag']) retrieved from /home/gerardsho/airflow_env/lib/python3.8/site-packages/airflow/example_dags/example_trigger_target_dag.py
[2023-04-22T01:55:45.684+0800] {logging_mixin.py:137} INFO - [2023-04-22T01:55:45.684+0800] {dag.py:2705} INFO - Sync 1 DAGs
[2023-04-22T01:55:45.694+0800] {logging_mixin.py:137} INFO - [2023-04-22T01:55:45.694+0800] {dag.py:3452} INFO - Setting next_dagrun for example_trigger_target_dag to None, run_after=None
[2023-04-22T01:55:45.710+0800] {processor.py:175} INFO - Processing /home/gerardsho/airflow_env/lib/python3.8/site-packages/airflow/example_dags/example_trigger_target_dag.py took 0.056 seconds
[2023-04-22T01:56:26.748+0800] {processor.py:153} INFO - Started process (PID=3258) to work on /home/gerardsho/airflow_env/lib/python3.8/site-packages/airflow/example_dags/example_trigger_target_dag.py
[2023-04-22T01:56:26.751+0800] {processor.py:743} INFO - Processing file /home/gerardsho/airflow_env/lib/python3.8/site-packages/airflow/example_dags/example_trigger_target_dag.py for tasks to queue
[2023-04-22T01:56:26.752+0800] {logging_mixin.py:137} INFO - [2023-04-22T01:56:26.752+0800] {dagbag.py:532} INFO - Filling up the DagBag from /home/gerardsho/airflow_env/lib/python3.8/site-packages/airflow/example_dags/example_trigger_target_dag.py
[2023-04-22T01:56:26.765+0800] {processor.py:753} INFO - DAG(s) dict_keys(['example_trigger_target_dag']) retrieved from /home/gerardsho/airflow_env/lib/python3.8/site-packages/airflow/example_dags/example_trigger_target_dag.py
[2023-04-22T01:56:26.776+0800] {logging_mixin.py:137} INFO - [2023-04-22T01:56:26.776+0800] {dag.py:2705} INFO - Sync 1 DAGs
[2023-04-22T01:56:26.787+0800] {logging_mixin.py:137} INFO - [2023-04-22T01:56:26.787+0800] {dag.py:3452} INFO - Setting next_dagrun for example_trigger_target_dag to None, run_after=None
[2023-04-22T01:56:26.806+0800] {processor.py:175} INFO - Processing /home/gerardsho/airflow_env/lib/python3.8/site-packages/airflow/example_dags/example_trigger_target_dag.py took 0.060 seconds
[2023-04-22T01:57:06.716+0800] {processor.py:153} INFO - Started process (PID=3304) to work on /home/gerardsho/airflow_env/lib/python3.8/site-packages/airflow/example_dags/example_trigger_target_dag.py
[2023-04-22T01:57:06.717+0800] {processor.py:743} INFO - Processing file /home/gerardsho/airflow_env/lib/python3.8/site-packages/airflow/example_dags/example_trigger_target_dag.py for tasks to queue
[2023-04-22T01:57:06.718+0800] {logging_mixin.py:137} INFO - [2023-04-22T01:57:06.718+0800] {dagbag.py:532} INFO - Filling up the DagBag from /home/gerardsho/airflow_env/lib/python3.8/site-packages/airflow/example_dags/example_trigger_target_dag.py
[2023-04-22T01:57:06.735+0800] {processor.py:753} INFO - DAG(s) dict_keys(['example_trigger_target_dag']) retrieved from /home/gerardsho/airflow_env/lib/python3.8/site-packages/airflow/example_dags/example_trigger_target_dag.py
[2023-04-22T01:57:06.750+0800] {logging_mixin.py:137} INFO - [2023-04-22T01:57:06.750+0800] {dag.py:2705} INFO - Sync 1 DAGs
[2023-04-22T01:57:06.763+0800] {logging_mixin.py:137} INFO - [2023-04-22T01:57:06.763+0800] {dag.py:3452} INFO - Setting next_dagrun for example_trigger_target_dag to None, run_after=None
[2023-04-22T01:57:06.782+0800] {processor.py:175} INFO - Processing /home/gerardsho/airflow_env/lib/python3.8/site-packages/airflow/example_dags/example_trigger_target_dag.py took 0.070 seconds
[2023-04-22T01:57:47.869+0800] {processor.py:153} INFO - Started process (PID=3352) to work on /home/gerardsho/airflow_env/lib/python3.8/site-packages/airflow/example_dags/example_trigger_target_dag.py
[2023-04-22T01:57:47.872+0800] {processor.py:743} INFO - Processing file /home/gerardsho/airflow_env/lib/python3.8/site-packages/airflow/example_dags/example_trigger_target_dag.py for tasks to queue
[2023-04-22T01:57:47.873+0800] {logging_mixin.py:137} INFO - [2023-04-22T01:57:47.873+0800] {dagbag.py:532} INFO - Filling up the DagBag from /home/gerardsho/airflow_env/lib/python3.8/site-packages/airflow/example_dags/example_trigger_target_dag.py
[2023-04-22T01:57:47.886+0800] {processor.py:753} INFO - DAG(s) dict_keys(['example_trigger_target_dag']) retrieved from /home/gerardsho/airflow_env/lib/python3.8/site-packages/airflow/example_dags/example_trigger_target_dag.py
[2023-04-22T01:57:47.896+0800] {logging_mixin.py:137} INFO - [2023-04-22T01:57:47.896+0800] {dag.py:2705} INFO - Sync 1 DAGs
[2023-04-22T01:57:47.908+0800] {logging_mixin.py:137} INFO - [2023-04-22T01:57:47.908+0800] {dag.py:3452} INFO - Setting next_dagrun for example_trigger_target_dag to None, run_after=None
[2023-04-22T01:57:47.927+0800] {processor.py:175} INFO - Processing /home/gerardsho/airflow_env/lib/python3.8/site-packages/airflow/example_dags/example_trigger_target_dag.py took 0.060 seconds
[2023-04-22T01:58:28.137+0800] {processor.py:153} INFO - Started process (PID=3398) to work on /home/gerardsho/airflow_env/lib/python3.8/site-packages/airflow/example_dags/example_trigger_target_dag.py
[2023-04-22T01:58:28.140+0800] {processor.py:743} INFO - Processing file /home/gerardsho/airflow_env/lib/python3.8/site-packages/airflow/example_dags/example_trigger_target_dag.py for tasks to queue
[2023-04-22T01:58:28.141+0800] {logging_mixin.py:137} INFO - [2023-04-22T01:58:28.141+0800] {dagbag.py:532} INFO - Filling up the DagBag from /home/gerardsho/airflow_env/lib/python3.8/site-packages/airflow/example_dags/example_trigger_target_dag.py
[2023-04-22T01:58:28.154+0800] {processor.py:753} INFO - DAG(s) dict_keys(['example_trigger_target_dag']) retrieved from /home/gerardsho/airflow_env/lib/python3.8/site-packages/airflow/example_dags/example_trigger_target_dag.py
[2023-04-22T01:58:28.170+0800] {logging_mixin.py:137} INFO - [2023-04-22T01:58:28.170+0800] {dag.py:2705} INFO - Sync 1 DAGs
[2023-04-22T01:58:28.185+0800] {logging_mixin.py:137} INFO - [2023-04-22T01:58:28.185+0800] {dag.py:3452} INFO - Setting next_dagrun for example_trigger_target_dag to None, run_after=None
[2023-04-22T01:58:28.205+0800] {processor.py:175} INFO - Processing /home/gerardsho/airflow_env/lib/python3.8/site-packages/airflow/example_dags/example_trigger_target_dag.py took 0.069 seconds
[2023-04-22T01:59:09.228+0800] {processor.py:153} INFO - Started process (PID=3440) to work on /home/gerardsho/airflow_env/lib/python3.8/site-packages/airflow/example_dags/example_trigger_target_dag.py
[2023-04-22T01:59:09.232+0800] {processor.py:743} INFO - Processing file /home/gerardsho/airflow_env/lib/python3.8/site-packages/airflow/example_dags/example_trigger_target_dag.py for tasks to queue
[2023-04-22T01:59:09.232+0800] {logging_mixin.py:137} INFO - [2023-04-22T01:59:09.232+0800] {dagbag.py:532} INFO - Filling up the DagBag from /home/gerardsho/airflow_env/lib/python3.8/site-packages/airflow/example_dags/example_trigger_target_dag.py
[2023-04-22T01:59:09.246+0800] {processor.py:753} INFO - DAG(s) dict_keys(['example_trigger_target_dag']) retrieved from /home/gerardsho/airflow_env/lib/python3.8/site-packages/airflow/example_dags/example_trigger_target_dag.py
[2023-04-22T01:59:09.258+0800] {logging_mixin.py:137} INFO - [2023-04-22T01:59:09.258+0800] {dag.py:2705} INFO - Sync 1 DAGs
[2023-04-22T01:59:09.269+0800] {logging_mixin.py:137} INFO - [2023-04-22T01:59:09.269+0800] {dag.py:3452} INFO - Setting next_dagrun for example_trigger_target_dag to None, run_after=None
[2023-04-22T01:59:09.288+0800] {processor.py:175} INFO - Processing /home/gerardsho/airflow_env/lib/python3.8/site-packages/airflow/example_dags/example_trigger_target_dag.py took 0.062 seconds
[2023-04-22T01:59:48.683+0800] {processor.py:153} INFO - Started process (PID=3482) to work on /home/gerardsho/airflow_env/lib/python3.8/site-packages/airflow/example_dags/example_trigger_target_dag.py
[2023-04-22T01:59:48.686+0800] {processor.py:743} INFO - Processing file /home/gerardsho/airflow_env/lib/python3.8/site-packages/airflow/example_dags/example_trigger_target_dag.py for tasks to queue
[2023-04-22T01:59:48.686+0800] {logging_mixin.py:137} INFO - [2023-04-22T01:59:48.686+0800] {dagbag.py:532} INFO - Filling up the DagBag from /home/gerardsho/airflow_env/lib/python3.8/site-packages/airflow/example_dags/example_trigger_target_dag.py
[2023-04-22T01:59:48.698+0800] {processor.py:753} INFO - DAG(s) dict_keys(['example_trigger_target_dag']) retrieved from /home/gerardsho/airflow_env/lib/python3.8/site-packages/airflow/example_dags/example_trigger_target_dag.py
[2023-04-22T01:59:48.709+0800] {logging_mixin.py:137} INFO - [2023-04-22T01:59:48.709+0800] {dag.py:2705} INFO - Sync 1 DAGs
[2023-04-22T01:59:48.720+0800] {logging_mixin.py:137} INFO - [2023-04-22T01:59:48.719+0800] {dag.py:3452} INFO - Setting next_dagrun for example_trigger_target_dag to None, run_after=None
[2023-04-22T01:59:48.736+0800] {processor.py:175} INFO - Processing /home/gerardsho/airflow_env/lib/python3.8/site-packages/airflow/example_dags/example_trigger_target_dag.py took 0.056 seconds
[2023-04-22T02:01:05.056+0800] {processor.py:153} INFO - Started process (PID=3539) to work on /home/gerardsho/airflow_env/lib/python3.8/site-packages/airflow/example_dags/example_trigger_target_dag.py
[2023-04-22T02:01:05.059+0800] {processor.py:743} INFO - Processing file /home/gerardsho/airflow_env/lib/python3.8/site-packages/airflow/example_dags/example_trigger_target_dag.py for tasks to queue
[2023-04-22T02:01:05.060+0800] {logging_mixin.py:137} INFO - [2023-04-22T02:01:05.060+0800] {dagbag.py:532} INFO - Filling up the DagBag from /home/gerardsho/airflow_env/lib/python3.8/site-packages/airflow/example_dags/example_trigger_target_dag.py
[2023-04-22T02:01:05.072+0800] {processor.py:753} INFO - DAG(s) dict_keys(['example_trigger_target_dag']) retrieved from /home/gerardsho/airflow_env/lib/python3.8/site-packages/airflow/example_dags/example_trigger_target_dag.py
[2023-04-22T02:01:05.140+0800] {logging_mixin.py:137} INFO - [2023-04-22T02:01:05.140+0800] {manager.py:504} INFO - Created Permission View: can edit on DAG:example_trigger_target_dag
[2023-04-22T02:01:05.153+0800] {logging_mixin.py:137} INFO - [2023-04-22T02:01:05.152+0800] {manager.py:504} INFO - Created Permission View: can delete on DAG:example_trigger_target_dag
[2023-04-22T02:01:05.165+0800] {logging_mixin.py:137} INFO - [2023-04-22T02:01:05.164+0800] {manager.py:504} INFO - Created Permission View: can read on DAG:example_trigger_target_dag
[2023-04-22T02:01:05.165+0800] {logging_mixin.py:137} INFO - [2023-04-22T02:01:05.165+0800] {dag.py:2705} INFO - Sync 1 DAGs
[2023-04-22T02:01:05.170+0800] {logging_mixin.py:137} INFO - [2023-04-22T02:01:05.170+0800] {dag.py:2726} INFO - Creating ORM DAG for example_trigger_target_dag
[2023-04-22T02:01:05.174+0800] {logging_mixin.py:137} INFO - [2023-04-22T02:01:05.174+0800] {dag.py:3452} INFO - Setting next_dagrun for example_trigger_target_dag to None, run_after=None
[2023-04-22T02:01:05.192+0800] {processor.py:175} INFO - Processing /home/gerardsho/airflow_env/lib/python3.8/site-packages/airflow/example_dags/example_trigger_target_dag.py took 0.139 seconds
[2023-04-22T02:01:45.600+0800] {processor.py:153} INFO - Started process (PID=3589) to work on /home/gerardsho/airflow_env/lib/python3.8/site-packages/airflow/example_dags/example_trigger_target_dag.py
[2023-04-22T02:01:45.603+0800] {processor.py:743} INFO - Processing file /home/gerardsho/airflow_env/lib/python3.8/site-packages/airflow/example_dags/example_trigger_target_dag.py for tasks to queue
[2023-04-22T02:01:45.603+0800] {logging_mixin.py:137} INFO - [2023-04-22T02:01:45.603+0800] {dagbag.py:532} INFO - Filling up the DagBag from /home/gerardsho/airflow_env/lib/python3.8/site-packages/airflow/example_dags/example_trigger_target_dag.py
[2023-04-22T02:01:45.617+0800] {processor.py:753} INFO - DAG(s) dict_keys(['example_trigger_target_dag']) retrieved from /home/gerardsho/airflow_env/lib/python3.8/site-packages/airflow/example_dags/example_trigger_target_dag.py
[2023-04-22T02:01:45.634+0800] {logging_mixin.py:137} INFO - [2023-04-22T02:01:45.634+0800] {dag.py:2705} INFO - Sync 1 DAGs
[2023-04-22T02:01:45.647+0800] {logging_mixin.py:137} INFO - [2023-04-22T02:01:45.647+0800] {dag.py:3452} INFO - Setting next_dagrun for example_trigger_target_dag to None, run_after=None
[2023-04-22T02:01:45.666+0800] {processor.py:175} INFO - Processing /home/gerardsho/airflow_env/lib/python3.8/site-packages/airflow/example_dags/example_trigger_target_dag.py took 0.069 seconds
[2023-04-22T02:02:26.849+0800] {processor.py:153} INFO - Started process (PID=3633) to work on /home/gerardsho/airflow_env/lib/python3.8/site-packages/airflow/example_dags/example_trigger_target_dag.py
[2023-04-22T02:02:26.851+0800] {processor.py:743} INFO - Processing file /home/gerardsho/airflow_env/lib/python3.8/site-packages/airflow/example_dags/example_trigger_target_dag.py for tasks to queue
[2023-04-22T02:02:26.852+0800] {logging_mixin.py:137} INFO - [2023-04-22T02:02:26.852+0800] {dagbag.py:532} INFO - Filling up the DagBag from /home/gerardsho/airflow_env/lib/python3.8/site-packages/airflow/example_dags/example_trigger_target_dag.py
[2023-04-22T02:02:26.865+0800] {processor.py:753} INFO - DAG(s) dict_keys(['example_trigger_target_dag']) retrieved from /home/gerardsho/airflow_env/lib/python3.8/site-packages/airflow/example_dags/example_trigger_target_dag.py
[2023-04-22T02:02:26.877+0800] {logging_mixin.py:137} INFO - [2023-04-22T02:02:26.877+0800] {dag.py:2705} INFO - Sync 1 DAGs
[2023-04-22T02:02:26.889+0800] {logging_mixin.py:137} INFO - [2023-04-22T02:02:26.889+0800] {dag.py:3452} INFO - Setting next_dagrun for example_trigger_target_dag to None, run_after=None
[2023-04-22T02:02:26.905+0800] {processor.py:175} INFO - Processing /home/gerardsho/airflow_env/lib/python3.8/site-packages/airflow/example_dags/example_trigger_target_dag.py took 0.058 seconds
[2023-04-22T02:03:08.023+0800] {processor.py:153} INFO - Started process (PID=3683) to work on /home/gerardsho/airflow_env/lib/python3.8/site-packages/airflow/example_dags/example_trigger_target_dag.py
[2023-04-22T02:03:08.026+0800] {processor.py:743} INFO - Processing file /home/gerardsho/airflow_env/lib/python3.8/site-packages/airflow/example_dags/example_trigger_target_dag.py for tasks to queue
[2023-04-22T02:03:08.027+0800] {logging_mixin.py:137} INFO - [2023-04-22T02:03:08.027+0800] {dagbag.py:532} INFO - Filling up the DagBag from /home/gerardsho/airflow_env/lib/python3.8/site-packages/airflow/example_dags/example_trigger_target_dag.py
[2023-04-22T02:03:08.041+0800] {processor.py:753} INFO - DAG(s) dict_keys(['example_trigger_target_dag']) retrieved from /home/gerardsho/airflow_env/lib/python3.8/site-packages/airflow/example_dags/example_trigger_target_dag.py
[2023-04-22T02:03:08.054+0800] {logging_mixin.py:137} INFO - [2023-04-22T02:03:08.054+0800] {dag.py:2705} INFO - Sync 1 DAGs
[2023-04-22T02:03:08.067+0800] {logging_mixin.py:137} INFO - [2023-04-22T02:03:08.067+0800] {dag.py:3452} INFO - Setting next_dagrun for example_trigger_target_dag to None, run_after=None
[2023-04-22T02:03:08.088+0800] {processor.py:175} INFO - Processing /home/gerardsho/airflow_env/lib/python3.8/site-packages/airflow/example_dags/example_trigger_target_dag.py took 0.067 seconds
[2023-04-22T02:03:49.057+0800] {processor.py:153} INFO - Started process (PID=3733) to work on /home/gerardsho/airflow_env/lib/python3.8/site-packages/airflow/example_dags/example_trigger_target_dag.py
[2023-04-22T02:03:49.060+0800] {processor.py:743} INFO - Processing file /home/gerardsho/airflow_env/lib/python3.8/site-packages/airflow/example_dags/example_trigger_target_dag.py for tasks to queue
[2023-04-22T02:03:49.061+0800] {logging_mixin.py:137} INFO - [2023-04-22T02:03:49.061+0800] {dagbag.py:532} INFO - Filling up the DagBag from /home/gerardsho/airflow_env/lib/python3.8/site-packages/airflow/example_dags/example_trigger_target_dag.py
[2023-04-22T02:03:49.073+0800] {processor.py:753} INFO - DAG(s) dict_keys(['example_trigger_target_dag']) retrieved from /home/gerardsho/airflow_env/lib/python3.8/site-packages/airflow/example_dags/example_trigger_target_dag.py
[2023-04-22T02:03:49.085+0800] {logging_mixin.py:137} INFO - [2023-04-22T02:03:49.085+0800] {dag.py:2705} INFO - Sync 1 DAGs
[2023-04-22T02:03:49.095+0800] {logging_mixin.py:137} INFO - [2023-04-22T02:03:49.095+0800] {dag.py:3452} INFO - Setting next_dagrun for example_trigger_target_dag to None, run_after=None
[2023-04-22T02:03:49.112+0800] {processor.py:175} INFO - Processing /home/gerardsho/airflow_env/lib/python3.8/site-packages/airflow/example_dags/example_trigger_target_dag.py took 0.057 seconds
[2023-04-22T02:04:29.944+0800] {processor.py:153} INFO - Started process (PID=3776) to work on /home/gerardsho/airflow_env/lib/python3.8/site-packages/airflow/example_dags/example_trigger_target_dag.py
[2023-04-22T02:04:29.948+0800] {processor.py:743} INFO - Processing file /home/gerardsho/airflow_env/lib/python3.8/site-packages/airflow/example_dags/example_trigger_target_dag.py for tasks to queue
[2023-04-22T02:04:29.948+0800] {logging_mixin.py:137} INFO - [2023-04-22T02:04:29.948+0800] {dagbag.py:532} INFO - Filling up the DagBag from /home/gerardsho/airflow_env/lib/python3.8/site-packages/airflow/example_dags/example_trigger_target_dag.py
[2023-04-22T02:04:29.961+0800] {processor.py:753} INFO - DAG(s) dict_keys(['example_trigger_target_dag']) retrieved from /home/gerardsho/airflow_env/lib/python3.8/site-packages/airflow/example_dags/example_trigger_target_dag.py
[2023-04-22T02:04:29.973+0800] {logging_mixin.py:137} INFO - [2023-04-22T02:04:29.973+0800] {dag.py:2705} INFO - Sync 1 DAGs
[2023-04-22T02:04:29.984+0800] {logging_mixin.py:137} INFO - [2023-04-22T02:04:29.984+0800] {dag.py:3452} INFO - Setting next_dagrun for example_trigger_target_dag to None, run_after=None
[2023-04-22T02:04:30.000+0800] {processor.py:175} INFO - Processing /home/gerardsho/airflow_env/lib/python3.8/site-packages/airflow/example_dags/example_trigger_target_dag.py took 0.058 seconds
