[2023-04-22T01:48:35.970+0800] {processor.py:153} INFO - Started process (PID=2739) to work on /home/gerardsho/airflow_env/lib/python3.8/site-packages/airflow/example_dags/example_short_circuit_decorator.py
[2023-04-22T01:48:35.971+0800] {processor.py:743} INFO - Processing file /home/gerardsho/airflow_env/lib/python3.8/site-packages/airflow/example_dags/example_short_circuit_decorator.py for tasks to queue
[2023-04-22T01:48:35.971+0800] {logging_mixin.py:137} INFO - [2023-04-22T01:48:35.971+0800] {dagbag.py:532} INFO - Filling up the DagBag from /home/gerardsho/airflow_env/lib/python3.8/site-packages/airflow/example_dags/example_short_circuit_decorator.py
[2023-04-22T01:48:35.985+0800] {processor.py:753} INFO - DAG(s) dict_keys(['example_short_circuit_decorator']) retrieved from /home/gerardsho/airflow_env/lib/python3.8/site-packages/airflow/example_dags/example_short_circuit_decorator.py
[2023-04-22T01:48:36.176+0800] {logging_mixin.py:137} INFO - [2023-04-22T01:48:36.175+0800] {manager.py:504} INFO - Created Permission View: can edit on DAG:example_short_circuit_decorator
[2023-04-22T01:48:36.515+0800] {logging_mixin.py:137} INFO - [2023-04-22T01:48:36.515+0800] {manager.py:504} INFO - Created Permission View: can delete on DAG:example_short_circuit_decorator
[2023-04-22T01:48:36.563+0800] {logging_mixin.py:137} INFO - [2023-04-22T01:48:36.562+0800] {manager.py:504} INFO - Created Permission View: can read on DAG:example_short_circuit_decorator
[2023-04-22T01:48:36.563+0800] {logging_mixin.py:137} INFO - [2023-04-22T01:48:36.563+0800] {dag.py:2705} INFO - Sync 1 DAGs
[2023-04-22T01:48:36.573+0800] {logging_mixin.py:137} INFO - [2023-04-22T01:48:36.573+0800] {dag.py:2726} INFO - Creating ORM DAG for example_short_circuit_decorator
[2023-04-22T01:48:36.577+0800] {logging_mixin.py:137} INFO - [2023-04-22T01:48:36.577+0800] {dag.py:3452} INFO - Setting next_dagrun for example_short_circuit_decorator to 2023-04-20T17:48:36.577269+00:00, run_after=2023-04-21T17:48:36.577269+00:00
[2023-04-22T01:48:36.660+0800] {processor.py:175} INFO - Processing /home/gerardsho/airflow_env/lib/python3.8/site-packages/airflow/example_dags/example_short_circuit_decorator.py took 0.692 seconds
[2023-04-22T01:49:23.079+0800] {processor.py:153} INFO - Started process (PID=2782) to work on /home/gerardsho/airflow_env/lib/python3.8/site-packages/airflow/example_dags/example_short_circuit_decorator.py
[2023-04-22T01:49:23.083+0800] {processor.py:743} INFO - Processing file /home/gerardsho/airflow_env/lib/python3.8/site-packages/airflow/example_dags/example_short_circuit_decorator.py for tasks to queue
[2023-04-22T01:49:23.083+0800] {logging_mixin.py:137} INFO - [2023-04-22T01:49:23.083+0800] {dagbag.py:532} INFO - Filling up the DagBag from /home/gerardsho/airflow_env/lib/python3.8/site-packages/airflow/example_dags/example_short_circuit_decorator.py
[2023-04-22T01:49:23.098+0800] {processor.py:753} INFO - DAG(s) dict_keys(['example_short_circuit_decorator']) retrieved from /home/gerardsho/airflow_env/lib/python3.8/site-packages/airflow/example_dags/example_short_circuit_decorator.py
[2023-04-22T01:49:23.109+0800] {logging_mixin.py:137} INFO - [2023-04-22T01:49:23.109+0800] {dag.py:2705} INFO - Sync 1 DAGs
[2023-04-22T01:49:23.119+0800] {logging_mixin.py:137} INFO - [2023-04-22T01:49:23.119+0800] {dag.py:3452} INFO - Setting next_dagrun for example_short_circuit_decorator to 2023-04-20T17:49:23.118881+00:00, run_after=2023-04-21T17:49:23.118881+00:00
[2023-04-22T01:49:23.134+0800] {processor.py:175} INFO - Processing /home/gerardsho/airflow_env/lib/python3.8/site-packages/airflow/example_dags/example_short_circuit_decorator.py took 0.057 seconds
[2023-04-22T01:50:02.970+0800] {processor.py:153} INFO - Started process (PID=2825) to work on /home/gerardsho/airflow_env/lib/python3.8/site-packages/airflow/example_dags/example_short_circuit_decorator.py
[2023-04-22T01:50:02.974+0800] {processor.py:743} INFO - Processing file /home/gerardsho/airflow_env/lib/python3.8/site-packages/airflow/example_dags/example_short_circuit_decorator.py for tasks to queue
[2023-04-22T01:50:02.974+0800] {logging_mixin.py:137} INFO - [2023-04-22T01:50:02.974+0800] {dagbag.py:532} INFO - Filling up the DagBag from /home/gerardsho/airflow_env/lib/python3.8/site-packages/airflow/example_dags/example_short_circuit_decorator.py
[2023-04-22T01:50:02.988+0800] {processor.py:753} INFO - DAG(s) dict_keys(['example_short_circuit_decorator']) retrieved from /home/gerardsho/airflow_env/lib/python3.8/site-packages/airflow/example_dags/example_short_circuit_decorator.py
[2023-04-22T01:50:02.999+0800] {logging_mixin.py:137} INFO - [2023-04-22T01:50:02.999+0800] {dag.py:2705} INFO - Sync 1 DAGs
[2023-04-22T01:50:03.009+0800] {logging_mixin.py:137} INFO - [2023-04-22T01:50:03.009+0800] {dag.py:3452} INFO - Setting next_dagrun for example_short_circuit_decorator to 2023-04-20T17:50:03.009411+00:00, run_after=2023-04-21T17:50:03.009411+00:00
[2023-04-22T01:50:03.029+0800] {processor.py:175} INFO - Processing /home/gerardsho/airflow_env/lib/python3.8/site-packages/airflow/example_dags/example_short_circuit_decorator.py took 0.061 seconds
[2023-04-22T01:50:43.604+0800] {processor.py:153} INFO - Started process (PID=2871) to work on /home/gerardsho/airflow_env/lib/python3.8/site-packages/airflow/example_dags/example_short_circuit_decorator.py
[2023-04-22T01:50:43.607+0800] {processor.py:743} INFO - Processing file /home/gerardsho/airflow_env/lib/python3.8/site-packages/airflow/example_dags/example_short_circuit_decorator.py for tasks to queue
[2023-04-22T01:50:43.608+0800] {logging_mixin.py:137} INFO - [2023-04-22T01:50:43.608+0800] {dagbag.py:532} INFO - Filling up the DagBag from /home/gerardsho/airflow_env/lib/python3.8/site-packages/airflow/example_dags/example_short_circuit_decorator.py
[2023-04-22T01:50:43.621+0800] {processor.py:753} INFO - DAG(s) dict_keys(['example_short_circuit_decorator']) retrieved from /home/gerardsho/airflow_env/lib/python3.8/site-packages/airflow/example_dags/example_short_circuit_decorator.py
[2023-04-22T01:50:43.632+0800] {logging_mixin.py:137} INFO - [2023-04-22T01:50:43.632+0800] {dag.py:2705} INFO - Sync 1 DAGs
[2023-04-22T01:50:43.643+0800] {logging_mixin.py:137} INFO - [2023-04-22T01:50:43.642+0800] {dag.py:3452} INFO - Setting next_dagrun for example_short_circuit_decorator to 2023-04-20T17:50:43.642803+00:00, run_after=2023-04-21T17:50:43.642803+00:00
[2023-04-22T01:50:43.660+0800] {processor.py:175} INFO - Processing /home/gerardsho/airflow_env/lib/python3.8/site-packages/airflow/example_dags/example_short_circuit_decorator.py took 0.058 seconds
[2023-04-22T01:51:24.787+0800] {processor.py:153} INFO - Started process (PID=2926) to work on /home/gerardsho/airflow_env/lib/python3.8/site-packages/airflow/example_dags/example_short_circuit_decorator.py
[2023-04-22T01:51:24.790+0800] {processor.py:743} INFO - Processing file /home/gerardsho/airflow_env/lib/python3.8/site-packages/airflow/example_dags/example_short_circuit_decorator.py for tasks to queue
[2023-04-22T01:51:24.791+0800] {logging_mixin.py:137} INFO - [2023-04-22T01:51:24.791+0800] {dagbag.py:532} INFO - Filling up the DagBag from /home/gerardsho/airflow_env/lib/python3.8/site-packages/airflow/example_dags/example_short_circuit_decorator.py
[2023-04-22T01:51:24.804+0800] {processor.py:753} INFO - DAG(s) dict_keys(['example_short_circuit_decorator']) retrieved from /home/gerardsho/airflow_env/lib/python3.8/site-packages/airflow/example_dags/example_short_circuit_decorator.py
[2023-04-22T01:51:24.817+0800] {logging_mixin.py:137} INFO - [2023-04-22T01:51:24.817+0800] {dag.py:2705} INFO - Sync 1 DAGs
[2023-04-22T01:51:24.828+0800] {logging_mixin.py:137} INFO - [2023-04-22T01:51:24.828+0800] {dag.py:3452} INFO - Setting next_dagrun for example_short_circuit_decorator to 2023-04-20T17:51:24.828703+00:00, run_after=2023-04-21T17:51:24.828703+00:00
[2023-04-22T01:51:24.846+0800] {processor.py:175} INFO - Processing /home/gerardsho/airflow_env/lib/python3.8/site-packages/airflow/example_dags/example_short_circuit_decorator.py took 0.062 seconds
[2023-04-22T01:52:06.442+0800] {processor.py:153} INFO - Started process (PID=2976) to work on /home/gerardsho/airflow_env/lib/python3.8/site-packages/airflow/example_dags/example_short_circuit_decorator.py
[2023-04-22T01:52:06.445+0800] {processor.py:743} INFO - Processing file /home/gerardsho/airflow_env/lib/python3.8/site-packages/airflow/example_dags/example_short_circuit_decorator.py for tasks to queue
[2023-04-22T01:52:06.446+0800] {logging_mixin.py:137} INFO - [2023-04-22T01:52:06.446+0800] {dagbag.py:532} INFO - Filling up the DagBag from /home/gerardsho/airflow_env/lib/python3.8/site-packages/airflow/example_dags/example_short_circuit_decorator.py
[2023-04-22T01:52:06.463+0800] {processor.py:753} INFO - DAG(s) dict_keys(['example_short_circuit_decorator']) retrieved from /home/gerardsho/airflow_env/lib/python3.8/site-packages/airflow/example_dags/example_short_circuit_decorator.py
[2023-04-22T01:52:06.478+0800] {logging_mixin.py:137} INFO - [2023-04-22T01:52:06.477+0800] {dag.py:2705} INFO - Sync 1 DAGs
[2023-04-22T01:52:06.491+0800] {logging_mixin.py:137} INFO - [2023-04-22T01:52:06.490+0800] {dag.py:3452} INFO - Setting next_dagrun for example_short_circuit_decorator to 2023-04-20T17:52:06.490452+00:00, run_after=2023-04-21T17:52:06.490452+00:00
[2023-04-22T01:52:06.510+0800] {processor.py:175} INFO - Processing /home/gerardsho/airflow_env/lib/python3.8/site-packages/airflow/example_dags/example_short_circuit_decorator.py took 0.069 seconds
[2023-04-22T01:52:46.718+0800] {processor.py:153} INFO - Started process (PID=3018) to work on /home/gerardsho/airflow_env/lib/python3.8/site-packages/airflow/example_dags/example_short_circuit_decorator.py
[2023-04-22T01:52:46.722+0800] {processor.py:743} INFO - Processing file /home/gerardsho/airflow_env/lib/python3.8/site-packages/airflow/example_dags/example_short_circuit_decorator.py for tasks to queue
[2023-04-22T01:52:46.722+0800] {logging_mixin.py:137} INFO - [2023-04-22T01:52:46.722+0800] {dagbag.py:532} INFO - Filling up the DagBag from /home/gerardsho/airflow_env/lib/python3.8/site-packages/airflow/example_dags/example_short_circuit_decorator.py
[2023-04-22T01:52:46.736+0800] {processor.py:753} INFO - DAG(s) dict_keys(['example_short_circuit_decorator']) retrieved from /home/gerardsho/airflow_env/lib/python3.8/site-packages/airflow/example_dags/example_short_circuit_decorator.py
[2023-04-22T01:52:46.748+0800] {logging_mixin.py:137} INFO - [2023-04-22T01:52:46.748+0800] {dag.py:2705} INFO - Sync 1 DAGs
[2023-04-22T01:52:46.761+0800] {logging_mixin.py:137} INFO - [2023-04-22T01:52:46.761+0800] {dag.py:3452} INFO - Setting next_dagrun for example_short_circuit_decorator to 2023-04-20T17:52:46.761149+00:00, run_after=2023-04-21T17:52:46.761149+00:00
[2023-04-22T01:52:46.780+0800] {processor.py:175} INFO - Processing /home/gerardsho/airflow_env/lib/python3.8/site-packages/airflow/example_dags/example_short_circuit_decorator.py took 0.064 seconds
[2023-04-22T01:53:28.072+0800] {processor.py:153} INFO - Started process (PID=3060) to work on /home/gerardsho/airflow_env/lib/python3.8/site-packages/airflow/example_dags/example_short_circuit_decorator.py
[2023-04-22T01:53:28.075+0800] {processor.py:743} INFO - Processing file /home/gerardsho/airflow_env/lib/python3.8/site-packages/airflow/example_dags/example_short_circuit_decorator.py for tasks to queue
[2023-04-22T01:53:28.076+0800] {logging_mixin.py:137} INFO - [2023-04-22T01:53:28.076+0800] {dagbag.py:532} INFO - Filling up the DagBag from /home/gerardsho/airflow_env/lib/python3.8/site-packages/airflow/example_dags/example_short_circuit_decorator.py
[2023-04-22T01:53:28.090+0800] {processor.py:753} INFO - DAG(s) dict_keys(['example_short_circuit_decorator']) retrieved from /home/gerardsho/airflow_env/lib/python3.8/site-packages/airflow/example_dags/example_short_circuit_decorator.py
[2023-04-22T01:53:28.101+0800] {logging_mixin.py:137} INFO - [2023-04-22T01:53:28.101+0800] {dag.py:2705} INFO - Sync 1 DAGs
[2023-04-22T01:53:28.113+0800] {logging_mixin.py:137} INFO - [2023-04-22T01:53:28.112+0800] {dag.py:3452} INFO - Setting next_dagrun for example_short_circuit_decorator to 2023-04-20T17:53:28.112540+00:00, run_after=2023-04-21T17:53:28.112540+00:00
[2023-04-22T01:53:28.136+0800] {processor.py:175} INFO - Processing /home/gerardsho/airflow_env/lib/python3.8/site-packages/airflow/example_dags/example_short_circuit_decorator.py took 0.066 seconds
[2023-04-22T01:54:08.094+0800] {processor.py:153} INFO - Started process (PID=3102) to work on /home/gerardsho/airflow_env/lib/python3.8/site-packages/airflow/example_dags/example_short_circuit_decorator.py
[2023-04-22T01:54:08.095+0800] {processor.py:743} INFO - Processing file /home/gerardsho/airflow_env/lib/python3.8/site-packages/airflow/example_dags/example_short_circuit_decorator.py for tasks to queue
[2023-04-22T01:54:08.095+0800] {logging_mixin.py:137} INFO - [2023-04-22T01:54:08.095+0800] {dagbag.py:532} INFO - Filling up the DagBag from /home/gerardsho/airflow_env/lib/python3.8/site-packages/airflow/example_dags/example_short_circuit_decorator.py
[2023-04-22T01:54:08.109+0800] {processor.py:753} INFO - DAG(s) dict_keys(['example_short_circuit_decorator']) retrieved from /home/gerardsho/airflow_env/lib/python3.8/site-packages/airflow/example_dags/example_short_circuit_decorator.py
[2023-04-22T01:54:08.120+0800] {logging_mixin.py:137} INFO - [2023-04-22T01:54:08.119+0800] {dag.py:2705} INFO - Sync 1 DAGs
[2023-04-22T01:54:08.133+0800] {logging_mixin.py:137} INFO - [2023-04-22T01:54:08.133+0800] {dag.py:3452} INFO - Setting next_dagrun for example_short_circuit_decorator to 2023-04-20T17:54:08.133169+00:00, run_after=2023-04-21T17:54:08.133169+00:00
[2023-04-22T01:54:08.154+0800] {processor.py:175} INFO - Processing /home/gerardsho/airflow_env/lib/python3.8/site-packages/airflow/example_dags/example_short_circuit_decorator.py took 0.062 seconds
[2023-04-22T01:54:47.804+0800] {processor.py:153} INFO - Started process (PID=3147) to work on /home/gerardsho/airflow_env/lib/python3.8/site-packages/airflow/example_dags/example_short_circuit_decorator.py
[2023-04-22T01:54:47.807+0800] {processor.py:743} INFO - Processing file /home/gerardsho/airflow_env/lib/python3.8/site-packages/airflow/example_dags/example_short_circuit_decorator.py for tasks to queue
[2023-04-22T01:54:47.808+0800] {logging_mixin.py:137} INFO - [2023-04-22T01:54:47.808+0800] {dagbag.py:532} INFO - Filling up the DagBag from /home/gerardsho/airflow_env/lib/python3.8/site-packages/airflow/example_dags/example_short_circuit_decorator.py
[2023-04-22T01:54:47.823+0800] {processor.py:753} INFO - DAG(s) dict_keys(['example_short_circuit_decorator']) retrieved from /home/gerardsho/airflow_env/lib/python3.8/site-packages/airflow/example_dags/example_short_circuit_decorator.py
[2023-04-22T01:54:47.834+0800] {logging_mixin.py:137} INFO - [2023-04-22T01:54:47.834+0800] {dag.py:2705} INFO - Sync 1 DAGs
[2023-04-22T01:54:47.845+0800] {logging_mixin.py:137} INFO - [2023-04-22T01:54:47.845+0800] {dag.py:3452} INFO - Setting next_dagrun for example_short_circuit_decorator to 2023-04-20T17:54:47.845068+00:00, run_after=2023-04-21T17:54:47.845068+00:00
[2023-04-22T01:54:47.861+0800] {processor.py:175} INFO - Processing /home/gerardsho/airflow_env/lib/python3.8/site-packages/airflow/example_dags/example_short_circuit_decorator.py took 0.060 seconds
[2023-04-22T01:55:30.203+0800] {processor.py:153} INFO - Started process (PID=3194) to work on /home/gerardsho/airflow_env/lib/python3.8/site-packages/airflow/example_dags/example_short_circuit_decorator.py
[2023-04-22T01:55:30.206+0800] {processor.py:743} INFO - Processing file /home/gerardsho/airflow_env/lib/python3.8/site-packages/airflow/example_dags/example_short_circuit_decorator.py for tasks to queue
[2023-04-22T01:55:30.206+0800] {logging_mixin.py:137} INFO - [2023-04-22T01:55:30.206+0800] {dagbag.py:532} INFO - Filling up the DagBag from /home/gerardsho/airflow_env/lib/python3.8/site-packages/airflow/example_dags/example_short_circuit_decorator.py
[2023-04-22T01:55:30.221+0800] {processor.py:753} INFO - DAG(s) dict_keys(['example_short_circuit_decorator']) retrieved from /home/gerardsho/airflow_env/lib/python3.8/site-packages/airflow/example_dags/example_short_circuit_decorator.py
[2023-04-22T01:55:30.235+0800] {logging_mixin.py:137} INFO - [2023-04-22T01:55:30.235+0800] {dag.py:2705} INFO - Sync 1 DAGs
[2023-04-22T01:55:30.245+0800] {logging_mixin.py:137} INFO - [2023-04-22T01:55:30.245+0800] {dag.py:3452} INFO - Setting next_dagrun for example_short_circuit_decorator to 2023-04-20T17:55:30.245587+00:00, run_after=2023-04-21T17:55:30.245587+00:00
[2023-04-22T01:55:30.264+0800] {processor.py:175} INFO - Processing /home/gerardsho/airflow_env/lib/python3.8/site-packages/airflow/example_dags/example_short_circuit_decorator.py took 0.063 seconds
[2023-04-22T01:56:10.167+0800] {processor.py:153} INFO - Started process (PID=3239) to work on /home/gerardsho/airflow_env/lib/python3.8/site-packages/airflow/example_dags/example_short_circuit_decorator.py
[2023-04-22T01:56:10.168+0800] {processor.py:743} INFO - Processing file /home/gerardsho/airflow_env/lib/python3.8/site-packages/airflow/example_dags/example_short_circuit_decorator.py for tasks to queue
[2023-04-22T01:56:10.168+0800] {logging_mixin.py:137} INFO - [2023-04-22T01:56:10.168+0800] {dagbag.py:532} INFO - Filling up the DagBag from /home/gerardsho/airflow_env/lib/python3.8/site-packages/airflow/example_dags/example_short_circuit_decorator.py
[2023-04-22T01:56:10.184+0800] {processor.py:753} INFO - DAG(s) dict_keys(['example_short_circuit_decorator']) retrieved from /home/gerardsho/airflow_env/lib/python3.8/site-packages/airflow/example_dags/example_short_circuit_decorator.py
[2023-04-22T01:56:10.195+0800] {logging_mixin.py:137} INFO - [2023-04-22T01:56:10.195+0800] {dag.py:2705} INFO - Sync 1 DAGs
[2023-04-22T01:56:10.206+0800] {logging_mixin.py:137} INFO - [2023-04-22T01:56:10.206+0800] {dag.py:3452} INFO - Setting next_dagrun for example_short_circuit_decorator to 2023-04-20T17:56:10.205887+00:00, run_after=2023-04-21T17:56:10.205887+00:00
[2023-04-22T01:56:10.225+0800] {processor.py:175} INFO - Processing /home/gerardsho/airflow_env/lib/python3.8/site-packages/airflow/example_dags/example_short_circuit_decorator.py took 0.060 seconds
[2023-04-22T01:56:51.277+0800] {processor.py:153} INFO - Started process (PID=3285) to work on /home/gerardsho/airflow_env/lib/python3.8/site-packages/airflow/example_dags/example_short_circuit_decorator.py
[2023-04-22T01:56:51.280+0800] {processor.py:743} INFO - Processing file /home/gerardsho/airflow_env/lib/python3.8/site-packages/airflow/example_dags/example_short_circuit_decorator.py for tasks to queue
[2023-04-22T01:56:51.281+0800] {logging_mixin.py:137} INFO - [2023-04-22T01:56:51.281+0800] {dagbag.py:532} INFO - Filling up the DagBag from /home/gerardsho/airflow_env/lib/python3.8/site-packages/airflow/example_dags/example_short_circuit_decorator.py
[2023-04-22T01:56:51.308+0800] {processor.py:753} INFO - DAG(s) dict_keys(['example_short_circuit_decorator']) retrieved from /home/gerardsho/airflow_env/lib/python3.8/site-packages/airflow/example_dags/example_short_circuit_decorator.py
[2023-04-22T01:56:51.329+0800] {logging_mixin.py:137} INFO - [2023-04-22T01:56:51.328+0800] {dag.py:2705} INFO - Sync 1 DAGs
[2023-04-22T01:56:51.366+0800] {logging_mixin.py:137} INFO - [2023-04-22T01:56:51.366+0800] {dag.py:3452} INFO - Setting next_dagrun for example_short_circuit_decorator to 2023-04-20T17:56:51.366033+00:00, run_after=2023-04-21T17:56:51.366033+00:00
[2023-04-22T01:56:51.392+0800] {processor.py:175} INFO - Processing /home/gerardsho/airflow_env/lib/python3.8/site-packages/airflow/example_dags/example_short_circuit_decorator.py took 0.118 seconds
[2023-04-22T01:57:30.153+0800] {processor.py:153} INFO - Started process (PID=3332) to work on /home/gerardsho/airflow_env/lib/python3.8/site-packages/airflow/example_dags/example_short_circuit_decorator.py
[2023-04-22T01:57:30.156+0800] {processor.py:743} INFO - Processing file /home/gerardsho/airflow_env/lib/python3.8/site-packages/airflow/example_dags/example_short_circuit_decorator.py for tasks to queue
[2023-04-22T01:57:30.156+0800] {logging_mixin.py:137} INFO - [2023-04-22T01:57:30.156+0800] {dagbag.py:532} INFO - Filling up the DagBag from /home/gerardsho/airflow_env/lib/python3.8/site-packages/airflow/example_dags/example_short_circuit_decorator.py
[2023-04-22T01:57:30.171+0800] {processor.py:753} INFO - DAG(s) dict_keys(['example_short_circuit_decorator']) retrieved from /home/gerardsho/airflow_env/lib/python3.8/site-packages/airflow/example_dags/example_short_circuit_decorator.py
[2023-04-22T01:57:30.184+0800] {logging_mixin.py:137} INFO - [2023-04-22T01:57:30.184+0800] {dag.py:2705} INFO - Sync 1 DAGs
[2023-04-22T01:57:30.196+0800] {logging_mixin.py:137} INFO - [2023-04-22T01:57:30.196+0800] {dag.py:3452} INFO - Setting next_dagrun for example_short_circuit_decorator to 2023-04-20T17:57:30.196277+00:00, run_after=2023-04-21T17:57:30.196277+00:00
[2023-04-22T01:57:30.219+0800] {processor.py:175} INFO - Processing /home/gerardsho/airflow_env/lib/python3.8/site-packages/airflow/example_dags/example_short_circuit_decorator.py took 0.068 seconds
[2023-04-22T01:58:11.435+0800] {processor.py:153} INFO - Started process (PID=3381) to work on /home/gerardsho/airflow_env/lib/python3.8/site-packages/airflow/example_dags/example_short_circuit_decorator.py
[2023-04-22T01:58:11.438+0800] {processor.py:743} INFO - Processing file /home/gerardsho/airflow_env/lib/python3.8/site-packages/airflow/example_dags/example_short_circuit_decorator.py for tasks to queue
[2023-04-22T01:58:11.439+0800] {logging_mixin.py:137} INFO - [2023-04-22T01:58:11.439+0800] {dagbag.py:532} INFO - Filling up the DagBag from /home/gerardsho/airflow_env/lib/python3.8/site-packages/airflow/example_dags/example_short_circuit_decorator.py
[2023-04-22T01:58:11.457+0800] {processor.py:753} INFO - DAG(s) dict_keys(['example_short_circuit_decorator']) retrieved from /home/gerardsho/airflow_env/lib/python3.8/site-packages/airflow/example_dags/example_short_circuit_decorator.py
[2023-04-22T01:58:11.473+0800] {logging_mixin.py:137} INFO - [2023-04-22T01:58:11.473+0800] {dag.py:2705} INFO - Sync 1 DAGs
[2023-04-22T01:58:11.489+0800] {logging_mixin.py:137} INFO - [2023-04-22T01:58:11.489+0800] {dag.py:3452} INFO - Setting next_dagrun for example_short_circuit_decorator to 2023-04-20T17:58:11.488846+00:00, run_after=2023-04-21T17:58:11.488846+00:00
[2023-04-22T01:58:11.511+0800] {processor.py:175} INFO - Processing /home/gerardsho/airflow_env/lib/python3.8/site-packages/airflow/example_dags/example_short_circuit_decorator.py took 0.079 seconds
[2023-04-22T01:58:52.631+0800] {processor.py:153} INFO - Started process (PID=3423) to work on /home/gerardsho/airflow_env/lib/python3.8/site-packages/airflow/example_dags/example_short_circuit_decorator.py
[2023-04-22T01:58:52.634+0800] {processor.py:743} INFO - Processing file /home/gerardsho/airflow_env/lib/python3.8/site-packages/airflow/example_dags/example_short_circuit_decorator.py for tasks to queue
[2023-04-22T01:58:52.635+0800] {logging_mixin.py:137} INFO - [2023-04-22T01:58:52.635+0800] {dagbag.py:532} INFO - Filling up the DagBag from /home/gerardsho/airflow_env/lib/python3.8/site-packages/airflow/example_dags/example_short_circuit_decorator.py
[2023-04-22T01:58:52.650+0800] {processor.py:753} INFO - DAG(s) dict_keys(['example_short_circuit_decorator']) retrieved from /home/gerardsho/airflow_env/lib/python3.8/site-packages/airflow/example_dags/example_short_circuit_decorator.py
[2023-04-22T01:58:52.664+0800] {logging_mixin.py:137} INFO - [2023-04-22T01:58:52.664+0800] {dag.py:2705} INFO - Sync 1 DAGs
[2023-04-22T01:58:52.676+0800] {logging_mixin.py:137} INFO - [2023-04-22T01:58:52.675+0800] {dag.py:3452} INFO - Setting next_dagrun for example_short_circuit_decorator to 2023-04-20T17:58:52.675722+00:00, run_after=2023-04-21T17:58:52.675722+00:00
[2023-04-22T01:58:52.693+0800] {processor.py:175} INFO - Processing /home/gerardsho/airflow_env/lib/python3.8/site-packages/airflow/example_dags/example_short_circuit_decorator.py took 0.064 seconds
[2023-04-22T01:59:33.223+0800] {processor.py:153} INFO - Started process (PID=3465) to work on /home/gerardsho/airflow_env/lib/python3.8/site-packages/airflow/example_dags/example_short_circuit_decorator.py
[2023-04-22T01:59:33.226+0800] {processor.py:743} INFO - Processing file /home/gerardsho/airflow_env/lib/python3.8/site-packages/airflow/example_dags/example_short_circuit_decorator.py for tasks to queue
[2023-04-22T01:59:33.227+0800] {logging_mixin.py:137} INFO - [2023-04-22T01:59:33.227+0800] {dagbag.py:532} INFO - Filling up the DagBag from /home/gerardsho/airflow_env/lib/python3.8/site-packages/airflow/example_dags/example_short_circuit_decorator.py
[2023-04-22T01:59:33.241+0800] {processor.py:753} INFO - DAG(s) dict_keys(['example_short_circuit_decorator']) retrieved from /home/gerardsho/airflow_env/lib/python3.8/site-packages/airflow/example_dags/example_short_circuit_decorator.py
[2023-04-22T01:59:33.252+0800] {logging_mixin.py:137} INFO - [2023-04-22T01:59:33.252+0800] {dag.py:2705} INFO - Sync 1 DAGs
[2023-04-22T01:59:33.262+0800] {logging_mixin.py:137} INFO - [2023-04-22T01:59:33.262+0800] {dag.py:3452} INFO - Setting next_dagrun for example_short_circuit_decorator to 2023-04-20T17:59:33.262603+00:00, run_after=2023-04-21T17:59:33.262603+00:00
[2023-04-22T01:59:33.278+0800] {processor.py:175} INFO - Processing /home/gerardsho/airflow_env/lib/python3.8/site-packages/airflow/example_dags/example_short_circuit_decorator.py took 0.057 seconds
[2023-04-22T02:00:46.704+0800] {processor.py:153} INFO - Started process (PID=3522) to work on /home/gerardsho/airflow_env/lib/python3.8/site-packages/airflow/example_dags/example_short_circuit_decorator.py
[2023-04-22T02:00:46.708+0800] {processor.py:743} INFO - Processing file /home/gerardsho/airflow_env/lib/python3.8/site-packages/airflow/example_dags/example_short_circuit_decorator.py for tasks to queue
[2023-04-22T02:00:46.708+0800] {logging_mixin.py:137} INFO - [2023-04-22T02:00:46.708+0800] {dagbag.py:532} INFO - Filling up the DagBag from /home/gerardsho/airflow_env/lib/python3.8/site-packages/airflow/example_dags/example_short_circuit_decorator.py
[2023-04-22T02:00:46.723+0800] {processor.py:753} INFO - DAG(s) dict_keys(['example_short_circuit_decorator']) retrieved from /home/gerardsho/airflow_env/lib/python3.8/site-packages/airflow/example_dags/example_short_circuit_decorator.py
[2023-04-22T02:00:46.798+0800] {logging_mixin.py:137} INFO - [2023-04-22T02:00:46.797+0800] {manager.py:504} INFO - Created Permission View: can edit on DAG:example_short_circuit_decorator
[2023-04-22T02:00:46.810+0800] {logging_mixin.py:137} INFO - [2023-04-22T02:00:46.810+0800] {manager.py:504} INFO - Created Permission View: can delete on DAG:example_short_circuit_decorator
[2023-04-22T02:00:46.821+0800] {logging_mixin.py:137} INFO - [2023-04-22T02:00:46.821+0800] {manager.py:504} INFO - Created Permission View: can read on DAG:example_short_circuit_decorator
[2023-04-22T02:00:46.821+0800] {logging_mixin.py:137} INFO - [2023-04-22T02:00:46.821+0800] {dag.py:2705} INFO - Sync 1 DAGs
[2023-04-22T02:00:46.826+0800] {logging_mixin.py:137} INFO - [2023-04-22T02:00:46.826+0800] {dag.py:2726} INFO - Creating ORM DAG for example_short_circuit_decorator
[2023-04-22T02:00:46.831+0800] {logging_mixin.py:137} INFO - [2023-04-22T02:00:46.830+0800] {dag.py:3452} INFO - Setting next_dagrun for example_short_circuit_decorator to 2023-04-20T18:00:46.830818+00:00, run_after=2023-04-21T18:00:46.830818+00:00
[2023-04-22T02:00:46.848+0800] {processor.py:175} INFO - Processing /home/gerardsho/airflow_env/lib/python3.8/site-packages/airflow/example_dags/example_short_circuit_decorator.py took 0.146 seconds
[2023-04-22T02:01:28.601+0800] {processor.py:153} INFO - Started process (PID=3572) to work on /home/gerardsho/airflow_env/lib/python3.8/site-packages/airflow/example_dags/example_short_circuit_decorator.py
[2023-04-22T02:01:28.604+0800] {processor.py:743} INFO - Processing file /home/gerardsho/airflow_env/lib/python3.8/site-packages/airflow/example_dags/example_short_circuit_decorator.py for tasks to queue
[2023-04-22T02:01:28.605+0800] {logging_mixin.py:137} INFO - [2023-04-22T02:01:28.605+0800] {dagbag.py:532} INFO - Filling up the DagBag from /home/gerardsho/airflow_env/lib/python3.8/site-packages/airflow/example_dags/example_short_circuit_decorator.py
[2023-04-22T02:01:28.619+0800] {processor.py:753} INFO - DAG(s) dict_keys(['example_short_circuit_decorator']) retrieved from /home/gerardsho/airflow_env/lib/python3.8/site-packages/airflow/example_dags/example_short_circuit_decorator.py
[2023-04-22T02:01:28.630+0800] {logging_mixin.py:137} INFO - [2023-04-22T02:01:28.630+0800] {dag.py:2705} INFO - Sync 1 DAGs
[2023-04-22T02:01:28.640+0800] {logging_mixin.py:137} INFO - [2023-04-22T02:01:28.640+0800] {dag.py:3452} INFO - Setting next_dagrun for example_short_circuit_decorator to 2023-04-20T18:01:28.639883+00:00, run_after=2023-04-21T18:01:28.639883+00:00
[2023-04-22T02:01:28.656+0800] {processor.py:175} INFO - Processing /home/gerardsho/airflow_env/lib/python3.8/site-packages/airflow/example_dags/example_short_circuit_decorator.py took 0.057 seconds
[2023-04-22T02:02:10.268+0800] {processor.py:153} INFO - Started process (PID=3614) to work on /home/gerardsho/airflow_env/lib/python3.8/site-packages/airflow/example_dags/example_short_circuit_decorator.py
[2023-04-22T02:02:10.272+0800] {processor.py:743} INFO - Processing file /home/gerardsho/airflow_env/lib/python3.8/site-packages/airflow/example_dags/example_short_circuit_decorator.py for tasks to queue
[2023-04-22T02:02:10.272+0800] {logging_mixin.py:137} INFO - [2023-04-22T02:02:10.272+0800] {dagbag.py:532} INFO - Filling up the DagBag from /home/gerardsho/airflow_env/lib/python3.8/site-packages/airflow/example_dags/example_short_circuit_decorator.py
[2023-04-22T02:02:10.288+0800] {processor.py:753} INFO - DAG(s) dict_keys(['example_short_circuit_decorator']) retrieved from /home/gerardsho/airflow_env/lib/python3.8/site-packages/airflow/example_dags/example_short_circuit_decorator.py
[2023-04-22T02:02:10.300+0800] {logging_mixin.py:137} INFO - [2023-04-22T02:02:10.300+0800] {dag.py:2705} INFO - Sync 1 DAGs
[2023-04-22T02:02:10.310+0800] {logging_mixin.py:137} INFO - [2023-04-22T02:02:10.310+0800] {dag.py:3452} INFO - Setting next_dagrun for example_short_circuit_decorator to 2023-04-20T18:02:10.310701+00:00, run_after=2023-04-21T18:02:10.310701+00:00
[2023-04-22T02:02:10.328+0800] {processor.py:175} INFO - Processing /home/gerardsho/airflow_env/lib/python3.8/site-packages/airflow/example_dags/example_short_circuit_decorator.py took 0.063 seconds
[2023-04-22T02:02:51.810+0800] {processor.py:153} INFO - Started process (PID=3666) to work on /home/gerardsho/airflow_env/lib/python3.8/site-packages/airflow/example_dags/example_short_circuit_decorator.py
[2023-04-22T02:02:51.813+0800] {processor.py:743} INFO - Processing file /home/gerardsho/airflow_env/lib/python3.8/site-packages/airflow/example_dags/example_short_circuit_decorator.py for tasks to queue
[2023-04-22T02:02:51.813+0800] {logging_mixin.py:137} INFO - [2023-04-22T02:02:51.813+0800] {dagbag.py:532} INFO - Filling up the DagBag from /home/gerardsho/airflow_env/lib/python3.8/site-packages/airflow/example_dags/example_short_circuit_decorator.py
[2023-04-22T02:02:51.827+0800] {processor.py:753} INFO - DAG(s) dict_keys(['example_short_circuit_decorator']) retrieved from /home/gerardsho/airflow_env/lib/python3.8/site-packages/airflow/example_dags/example_short_circuit_decorator.py
[2023-04-22T02:02:51.839+0800] {logging_mixin.py:137} INFO - [2023-04-22T02:02:51.839+0800] {dag.py:2705} INFO - Sync 1 DAGs
[2023-04-22T02:02:51.850+0800] {logging_mixin.py:137} INFO - [2023-04-22T02:02:51.849+0800] {dag.py:3452} INFO - Setting next_dagrun for example_short_circuit_decorator to 2023-04-20T18:02:51.849793+00:00, run_after=2023-04-21T18:02:51.849793+00:00
[2023-04-22T02:02:51.866+0800] {processor.py:175} INFO - Processing /home/gerardsho/airflow_env/lib/python3.8/site-packages/airflow/example_dags/example_short_circuit_decorator.py took 0.058 seconds
[2023-04-22T02:03:33.492+0800] {processor.py:153} INFO - Started process (PID=3714) to work on /home/gerardsho/airflow_env/lib/python3.8/site-packages/airflow/example_dags/example_short_circuit_decorator.py
[2023-04-22T02:03:33.496+0800] {processor.py:743} INFO - Processing file /home/gerardsho/airflow_env/lib/python3.8/site-packages/airflow/example_dags/example_short_circuit_decorator.py for tasks to queue
[2023-04-22T02:03:33.496+0800] {logging_mixin.py:137} INFO - [2023-04-22T02:03:33.496+0800] {dagbag.py:532} INFO - Filling up the DagBag from /home/gerardsho/airflow_env/lib/python3.8/site-packages/airflow/example_dags/example_short_circuit_decorator.py
[2023-04-22T02:03:33.509+0800] {processor.py:753} INFO - DAG(s) dict_keys(['example_short_circuit_decorator']) retrieved from /home/gerardsho/airflow_env/lib/python3.8/site-packages/airflow/example_dags/example_short_circuit_decorator.py
[2023-04-22T02:03:33.521+0800] {logging_mixin.py:137} INFO - [2023-04-22T02:03:33.521+0800] {dag.py:2705} INFO - Sync 1 DAGs
[2023-04-22T02:03:33.531+0800] {logging_mixin.py:137} INFO - [2023-04-22T02:03:33.531+0800] {dag.py:3452} INFO - Setting next_dagrun for example_short_circuit_decorator to 2023-04-20T18:03:33.531413+00:00, run_after=2023-04-21T18:03:33.531413+00:00
[2023-04-22T02:03:33.549+0800] {processor.py:175} INFO - Processing /home/gerardsho/airflow_env/lib/python3.8/site-packages/airflow/example_dags/example_short_circuit_decorator.py took 0.060 seconds
[2023-04-22T02:04:12.907+0800] {processor.py:153} INFO - Started process (PID=3759) to work on /home/gerardsho/airflow_env/lib/python3.8/site-packages/airflow/example_dags/example_short_circuit_decorator.py
[2023-04-22T02:04:12.911+0800] {processor.py:743} INFO - Processing file /home/gerardsho/airflow_env/lib/python3.8/site-packages/airflow/example_dags/example_short_circuit_decorator.py for tasks to queue
[2023-04-22T02:04:12.911+0800] {logging_mixin.py:137} INFO - [2023-04-22T02:04:12.911+0800] {dagbag.py:532} INFO - Filling up the DagBag from /home/gerardsho/airflow_env/lib/python3.8/site-packages/airflow/example_dags/example_short_circuit_decorator.py
[2023-04-22T02:04:12.929+0800] {processor.py:753} INFO - DAG(s) dict_keys(['example_short_circuit_decorator']) retrieved from /home/gerardsho/airflow_env/lib/python3.8/site-packages/airflow/example_dags/example_short_circuit_decorator.py
[2023-04-22T02:04:12.943+0800] {logging_mixin.py:137} INFO - [2023-04-22T02:04:12.943+0800] {dag.py:2705} INFO - Sync 1 DAGs
[2023-04-22T02:04:12.956+0800] {logging_mixin.py:137} INFO - [2023-04-22T02:04:12.956+0800] {dag.py:3452} INFO - Setting next_dagrun for example_short_circuit_decorator to 2023-04-20T18:04:12.956183+00:00, run_after=2023-04-21T18:04:12.956183+00:00
[2023-04-22T02:04:12.977+0800] {processor.py:175} INFO - Processing /home/gerardsho/airflow_env/lib/python3.8/site-packages/airflow/example_dags/example_short_circuit_decorator.py took 0.073 seconds
[2023-04-22T02:04:53.450+0800] {processor.py:153} INFO - Started process (PID=3801) to work on /home/gerardsho/airflow_env/lib/python3.8/site-packages/airflow/example_dags/example_short_circuit_decorator.py
[2023-04-22T02:04:53.453+0800] {processor.py:743} INFO - Processing file /home/gerardsho/airflow_env/lib/python3.8/site-packages/airflow/example_dags/example_short_circuit_decorator.py for tasks to queue
[2023-04-22T02:04:53.454+0800] {logging_mixin.py:137} INFO - [2023-04-22T02:04:53.453+0800] {dagbag.py:532} INFO - Filling up the DagBag from /home/gerardsho/airflow_env/lib/python3.8/site-packages/airflow/example_dags/example_short_circuit_decorator.py
[2023-04-22T02:04:53.469+0800] {processor.py:753} INFO - DAG(s) dict_keys(['example_short_circuit_decorator']) retrieved from /home/gerardsho/airflow_env/lib/python3.8/site-packages/airflow/example_dags/example_short_circuit_decorator.py
[2023-04-22T02:04:53.482+0800] {logging_mixin.py:137} INFO - [2023-04-22T02:04:53.482+0800] {dag.py:2705} INFO - Sync 1 DAGs
[2023-04-22T02:04:53.495+0800] {logging_mixin.py:137} INFO - [2023-04-22T02:04:53.495+0800] {dag.py:3452} INFO - Setting next_dagrun for example_short_circuit_decorator to 2023-04-20T18:04:53.495068+00:00, run_after=2023-04-21T18:04:53.495068+00:00
[2023-04-22T02:04:53.513+0800] {processor.py:175} INFO - Processing /home/gerardsho/airflow_env/lib/python3.8/site-packages/airflow/example_dags/example_short_circuit_decorator.py took 0.065 seconds
