[2023-04-22T01:48:37.701+0800] {processor.py:153} INFO - Started process (PID=2740) to work on /home/gerardsho/airflow_env/lib/python3.8/site-packages/airflow/example_dags/example_branch_day_of_week_operator.py
[2023-04-22T01:48:37.702+0800] {processor.py:743} INFO - Processing file /home/gerardsho/airflow_env/lib/python3.8/site-packages/airflow/example_dags/example_branch_day_of_week_operator.py for tasks to queue
[2023-04-22T01:48:37.702+0800] {logging_mixin.py:137} INFO - [2023-04-22T01:48:37.702+0800] {dagbag.py:532} INFO - Filling up the DagBag from /home/gerardsho/airflow_env/lib/python3.8/site-packages/airflow/example_dags/example_branch_day_of_week_operator.py
[2023-04-22T01:48:37.711+0800] {processor.py:753} INFO - DAG(s) dict_keys(['example_weekday_branch_operator']) retrieved from /home/gerardsho/airflow_env/lib/python3.8/site-packages/airflow/example_dags/example_branch_day_of_week_operator.py
[2023-04-22T01:48:37.904+0800] {logging_mixin.py:137} INFO - [2023-04-22T01:48:37.904+0800] {manager.py:504} INFO - Created Permission View: can edit on DAG:example_weekday_branch_operator
[2023-04-22T01:48:37.947+0800] {logging_mixin.py:137} INFO - [2023-04-22T01:48:37.947+0800] {manager.py:504} INFO - Created Permission View: can delete on DAG:example_weekday_branch_operator
[2023-04-22T01:48:37.994+0800] {logging_mixin.py:137} INFO - [2023-04-22T01:48:37.994+0800] {manager.py:504} INFO - Created Permission View: can read on DAG:example_weekday_branch_operator
[2023-04-22T01:48:37.994+0800] {logging_mixin.py:137} INFO - [2023-04-22T01:48:37.994+0800] {dag.py:2705} INFO - Sync 1 DAGs
[2023-04-22T01:48:38.000+0800] {logging_mixin.py:137} INFO - [2023-04-22T01:48:38.000+0800] {dag.py:2726} INFO - Creating ORM DAG for example_weekday_branch_operator
[2023-04-22T01:48:38.006+0800] {logging_mixin.py:137} INFO - [2023-04-22T01:48:38.006+0800] {dag.py:3452} INFO - Setting next_dagrun for example_weekday_branch_operator to 2023-04-20T00:00:00+00:00, run_after=2023-04-21T00:00:00+00:00
[2023-04-22T01:48:38.106+0800] {processor.py:175} INFO - Processing /home/gerardsho/airflow_env/lib/python3.8/site-packages/airflow/example_dags/example_branch_day_of_week_operator.py took 0.408 seconds
[2023-04-22T01:49:24.212+0800] {processor.py:153} INFO - Started process (PID=2783) to work on /home/gerardsho/airflow_env/lib/python3.8/site-packages/airflow/example_dags/example_branch_day_of_week_operator.py
[2023-04-22T01:49:24.214+0800] {processor.py:743} INFO - Processing file /home/gerardsho/airflow_env/lib/python3.8/site-packages/airflow/example_dags/example_branch_day_of_week_operator.py for tasks to queue
[2023-04-22T01:49:24.215+0800] {logging_mixin.py:137} INFO - [2023-04-22T01:49:24.215+0800] {dagbag.py:532} INFO - Filling up the DagBag from /home/gerardsho/airflow_env/lib/python3.8/site-packages/airflow/example_dags/example_branch_day_of_week_operator.py
[2023-04-22T01:49:24.223+0800] {processor.py:753} INFO - DAG(s) dict_keys(['example_weekday_branch_operator']) retrieved from /home/gerardsho/airflow_env/lib/python3.8/site-packages/airflow/example_dags/example_branch_day_of_week_operator.py
[2023-04-22T01:49:24.235+0800] {logging_mixin.py:137} INFO - [2023-04-22T01:49:24.235+0800] {dag.py:2705} INFO - Sync 1 DAGs
[2023-04-22T01:49:24.246+0800] {logging_mixin.py:137} INFO - [2023-04-22T01:49:24.246+0800] {dag.py:3452} INFO - Setting next_dagrun for example_weekday_branch_operator to 2023-04-20T00:00:00+00:00, run_after=2023-04-21T00:00:00+00:00
[2023-04-22T01:49:24.263+0800] {processor.py:175} INFO - Processing /home/gerardsho/airflow_env/lib/python3.8/site-packages/airflow/example_dags/example_branch_day_of_week_operator.py took 0.053 seconds
[2023-04-22T01:50:04.120+0800] {processor.py:153} INFO - Started process (PID=2826) to work on /home/gerardsho/airflow_env/lib/python3.8/site-packages/airflow/example_dags/example_branch_day_of_week_operator.py
[2023-04-22T01:50:04.123+0800] {processor.py:743} INFO - Processing file /home/gerardsho/airflow_env/lib/python3.8/site-packages/airflow/example_dags/example_branch_day_of_week_operator.py for tasks to queue
[2023-04-22T01:50:04.124+0800] {logging_mixin.py:137} INFO - [2023-04-22T01:50:04.124+0800] {dagbag.py:532} INFO - Filling up the DagBag from /home/gerardsho/airflow_env/lib/python3.8/site-packages/airflow/example_dags/example_branch_day_of_week_operator.py
[2023-04-22T01:50:04.133+0800] {processor.py:753} INFO - DAG(s) dict_keys(['example_weekday_branch_operator']) retrieved from /home/gerardsho/airflow_env/lib/python3.8/site-packages/airflow/example_dags/example_branch_day_of_week_operator.py
[2023-04-22T01:50:04.144+0800] {logging_mixin.py:137} INFO - [2023-04-22T01:50:04.144+0800] {dag.py:2705} INFO - Sync 1 DAGs
[2023-04-22T01:50:04.156+0800] {logging_mixin.py:137} INFO - [2023-04-22T01:50:04.155+0800] {dag.py:3452} INFO - Setting next_dagrun for example_weekday_branch_operator to 2023-04-20T00:00:00+00:00, run_after=2023-04-21T00:00:00+00:00
[2023-04-22T01:50:04.173+0800] {processor.py:175} INFO - Processing /home/gerardsho/airflow_env/lib/python3.8/site-packages/airflow/example_dags/example_branch_day_of_week_operator.py took 0.055 seconds
[2023-04-22T01:50:44.203+0800] {processor.py:153} INFO - Started process (PID=2872) to work on /home/gerardsho/airflow_env/lib/python3.8/site-packages/airflow/example_dags/example_branch_day_of_week_operator.py
[2023-04-22T01:50:44.206+0800] {processor.py:743} INFO - Processing file /home/gerardsho/airflow_env/lib/python3.8/site-packages/airflow/example_dags/example_branch_day_of_week_operator.py for tasks to queue
[2023-04-22T01:50:44.207+0800] {logging_mixin.py:137} INFO - [2023-04-22T01:50:44.207+0800] {dagbag.py:532} INFO - Filling up the DagBag from /home/gerardsho/airflow_env/lib/python3.8/site-packages/airflow/example_dags/example_branch_day_of_week_operator.py
[2023-04-22T01:50:44.215+0800] {processor.py:753} INFO - DAG(s) dict_keys(['example_weekday_branch_operator']) retrieved from /home/gerardsho/airflow_env/lib/python3.8/site-packages/airflow/example_dags/example_branch_day_of_week_operator.py
[2023-04-22T01:50:44.226+0800] {logging_mixin.py:137} INFO - [2023-04-22T01:50:44.226+0800] {dag.py:2705} INFO - Sync 1 DAGs
[2023-04-22T01:50:44.236+0800] {logging_mixin.py:137} INFO - [2023-04-22T01:50:44.236+0800] {dag.py:3452} INFO - Setting next_dagrun for example_weekday_branch_operator to 2023-04-20T00:00:00+00:00, run_after=2023-04-21T00:00:00+00:00
[2023-04-22T01:50:44.256+0800] {processor.py:175} INFO - Processing /home/gerardsho/airflow_env/lib/python3.8/site-packages/airflow/example_dags/example_branch_day_of_week_operator.py took 0.055 seconds
[2023-04-22T01:51:25.383+0800] {processor.py:153} INFO - Started process (PID=2927) to work on /home/gerardsho/airflow_env/lib/python3.8/site-packages/airflow/example_dags/example_branch_day_of_week_operator.py
[2023-04-22T01:51:25.387+0800] {processor.py:743} INFO - Processing file /home/gerardsho/airflow_env/lib/python3.8/site-packages/airflow/example_dags/example_branch_day_of_week_operator.py for tasks to queue
[2023-04-22T01:51:25.387+0800] {logging_mixin.py:137} INFO - [2023-04-22T01:51:25.387+0800] {dagbag.py:532} INFO - Filling up the DagBag from /home/gerardsho/airflow_env/lib/python3.8/site-packages/airflow/example_dags/example_branch_day_of_week_operator.py
[2023-04-22T01:51:25.396+0800] {processor.py:753} INFO - DAG(s) dict_keys(['example_weekday_branch_operator']) retrieved from /home/gerardsho/airflow_env/lib/python3.8/site-packages/airflow/example_dags/example_branch_day_of_week_operator.py
[2023-04-22T01:51:25.408+0800] {logging_mixin.py:137} INFO - [2023-04-22T01:51:25.408+0800] {dag.py:2705} INFO - Sync 1 DAGs
[2023-04-22T01:51:25.420+0800] {logging_mixin.py:137} INFO - [2023-04-22T01:51:25.420+0800] {dag.py:3452} INFO - Setting next_dagrun for example_weekday_branch_operator to 2023-04-20T00:00:00+00:00, run_after=2023-04-21T00:00:00+00:00
[2023-04-22T01:51:25.437+0800] {processor.py:175} INFO - Processing /home/gerardsho/airflow_env/lib/python3.8/site-packages/airflow/example_dags/example_branch_day_of_week_operator.py took 0.055 seconds
[2023-04-22T01:52:07.590+0800] {processor.py:153} INFO - Started process (PID=2977) to work on /home/gerardsho/airflow_env/lib/python3.8/site-packages/airflow/example_dags/example_branch_day_of_week_operator.py
[2023-04-22T01:52:07.591+0800] {processor.py:743} INFO - Processing file /home/gerardsho/airflow_env/lib/python3.8/site-packages/airflow/example_dags/example_branch_day_of_week_operator.py for tasks to queue
[2023-04-22T01:52:07.591+0800] {logging_mixin.py:137} INFO - [2023-04-22T01:52:07.591+0800] {dagbag.py:532} INFO - Filling up the DagBag from /home/gerardsho/airflow_env/lib/python3.8/site-packages/airflow/example_dags/example_branch_day_of_week_operator.py
[2023-04-22T01:52:07.600+0800] {processor.py:753} INFO - DAG(s) dict_keys(['example_weekday_branch_operator']) retrieved from /home/gerardsho/airflow_env/lib/python3.8/site-packages/airflow/example_dags/example_branch_day_of_week_operator.py
[2023-04-22T01:52:07.611+0800] {logging_mixin.py:137} INFO - [2023-04-22T01:52:07.611+0800] {dag.py:2705} INFO - Sync 1 DAGs
[2023-04-22T01:52:07.621+0800] {logging_mixin.py:137} INFO - [2023-04-22T01:52:07.621+0800] {dag.py:3452} INFO - Setting next_dagrun for example_weekday_branch_operator to 2023-04-20T00:00:00+00:00, run_after=2023-04-21T00:00:00+00:00
[2023-04-22T01:52:07.640+0800] {processor.py:175} INFO - Processing /home/gerardsho/airflow_env/lib/python3.8/site-packages/airflow/example_dags/example_branch_day_of_week_operator.py took 0.053 seconds
[2023-04-22T01:52:47.486+0800] {processor.py:153} INFO - Started process (PID=3019) to work on /home/gerardsho/airflow_env/lib/python3.8/site-packages/airflow/example_dags/example_branch_day_of_week_operator.py
[2023-04-22T01:52:47.489+0800] {processor.py:743} INFO - Processing file /home/gerardsho/airflow_env/lib/python3.8/site-packages/airflow/example_dags/example_branch_day_of_week_operator.py for tasks to queue
[2023-04-22T01:52:47.489+0800] {logging_mixin.py:137} INFO - [2023-04-22T01:52:47.489+0800] {dagbag.py:532} INFO - Filling up the DagBag from /home/gerardsho/airflow_env/lib/python3.8/site-packages/airflow/example_dags/example_branch_day_of_week_operator.py
[2023-04-22T01:52:47.500+0800] {processor.py:753} INFO - DAG(s) dict_keys(['example_weekday_branch_operator']) retrieved from /home/gerardsho/airflow_env/lib/python3.8/site-packages/airflow/example_dags/example_branch_day_of_week_operator.py
[2023-04-22T01:52:47.514+0800] {logging_mixin.py:137} INFO - [2023-04-22T01:52:47.514+0800] {dag.py:2705} INFO - Sync 1 DAGs
[2023-04-22T01:52:47.528+0800] {logging_mixin.py:137} INFO - [2023-04-22T01:52:47.528+0800] {dag.py:3452} INFO - Setting next_dagrun for example_weekday_branch_operator to 2023-04-20T00:00:00+00:00, run_after=2023-04-21T00:00:00+00:00
[2023-04-22T01:52:47.546+0800] {processor.py:175} INFO - Processing /home/gerardsho/airflow_env/lib/python3.8/site-packages/airflow/example_dags/example_branch_day_of_week_operator.py took 0.062 seconds
[2023-04-22T01:53:28.669+0800] {processor.py:153} INFO - Started process (PID=3061) to work on /home/gerardsho/airflow_env/lib/python3.8/site-packages/airflow/example_dags/example_branch_day_of_week_operator.py
[2023-04-22T01:53:28.673+0800] {processor.py:743} INFO - Processing file /home/gerardsho/airflow_env/lib/python3.8/site-packages/airflow/example_dags/example_branch_day_of_week_operator.py for tasks to queue
[2023-04-22T01:53:28.673+0800] {logging_mixin.py:137} INFO - [2023-04-22T01:53:28.673+0800] {dagbag.py:532} INFO - Filling up the DagBag from /home/gerardsho/airflow_env/lib/python3.8/site-packages/airflow/example_dags/example_branch_day_of_week_operator.py
[2023-04-22T01:53:28.683+0800] {processor.py:753} INFO - DAG(s) dict_keys(['example_weekday_branch_operator']) retrieved from /home/gerardsho/airflow_env/lib/python3.8/site-packages/airflow/example_dags/example_branch_day_of_week_operator.py
[2023-04-22T01:53:28.695+0800] {logging_mixin.py:137} INFO - [2023-04-22T01:53:28.694+0800] {dag.py:2705} INFO - Sync 1 DAGs
[2023-04-22T01:53:28.707+0800] {logging_mixin.py:137} INFO - [2023-04-22T01:53:28.707+0800] {dag.py:3452} INFO - Setting next_dagrun for example_weekday_branch_operator to 2023-04-20T00:00:00+00:00, run_after=2023-04-21T00:00:00+00:00
[2023-04-22T01:53:28.725+0800] {processor.py:175} INFO - Processing /home/gerardsho/airflow_env/lib/python3.8/site-packages/airflow/example_dags/example_branch_day_of_week_operator.py took 0.058 seconds
[2023-04-22T01:54:09.221+0800] {processor.py:153} INFO - Started process (PID=3103) to work on /home/gerardsho/airflow_env/lib/python3.8/site-packages/airflow/example_dags/example_branch_day_of_week_operator.py
[2023-04-22T01:54:09.224+0800] {processor.py:743} INFO - Processing file /home/gerardsho/airflow_env/lib/python3.8/site-packages/airflow/example_dags/example_branch_day_of_week_operator.py for tasks to queue
[2023-04-22T01:54:09.224+0800] {logging_mixin.py:137} INFO - [2023-04-22T01:54:09.224+0800] {dagbag.py:532} INFO - Filling up the DagBag from /home/gerardsho/airflow_env/lib/python3.8/site-packages/airflow/example_dags/example_branch_day_of_week_operator.py
[2023-04-22T01:54:09.234+0800] {processor.py:753} INFO - DAG(s) dict_keys(['example_weekday_branch_operator']) retrieved from /home/gerardsho/airflow_env/lib/python3.8/site-packages/airflow/example_dags/example_branch_day_of_week_operator.py
[2023-04-22T01:54:09.246+0800] {logging_mixin.py:137} INFO - [2023-04-22T01:54:09.246+0800] {dag.py:2705} INFO - Sync 1 DAGs
[2023-04-22T01:54:09.258+0800] {logging_mixin.py:137} INFO - [2023-04-22T01:54:09.257+0800] {dag.py:3452} INFO - Setting next_dagrun for example_weekday_branch_operator to 2023-04-20T00:00:00+00:00, run_after=2023-04-21T00:00:00+00:00
[2023-04-22T01:54:09.279+0800] {processor.py:175} INFO - Processing /home/gerardsho/airflow_env/lib/python3.8/site-packages/airflow/example_dags/example_branch_day_of_week_operator.py took 0.059 seconds
[2023-04-22T01:54:48.941+0800] {processor.py:153} INFO - Started process (PID=3148) to work on /home/gerardsho/airflow_env/lib/python3.8/site-packages/airflow/example_dags/example_branch_day_of_week_operator.py
[2023-04-22T01:54:48.945+0800] {processor.py:743} INFO - Processing file /home/gerardsho/airflow_env/lib/python3.8/site-packages/airflow/example_dags/example_branch_day_of_week_operator.py for tasks to queue
[2023-04-22T01:54:48.945+0800] {logging_mixin.py:137} INFO - [2023-04-22T01:54:48.945+0800] {dagbag.py:532} INFO - Filling up the DagBag from /home/gerardsho/airflow_env/lib/python3.8/site-packages/airflow/example_dags/example_branch_day_of_week_operator.py
[2023-04-22T01:54:48.956+0800] {processor.py:753} INFO - DAG(s) dict_keys(['example_weekday_branch_operator']) retrieved from /home/gerardsho/airflow_env/lib/python3.8/site-packages/airflow/example_dags/example_branch_day_of_week_operator.py
[2023-04-22T01:54:48.969+0800] {logging_mixin.py:137} INFO - [2023-04-22T01:54:48.969+0800] {dag.py:2705} INFO - Sync 1 DAGs
[2023-04-22T01:54:48.983+0800] {logging_mixin.py:137} INFO - [2023-04-22T01:54:48.983+0800] {dag.py:3452} INFO - Setting next_dagrun for example_weekday_branch_operator to 2023-04-20T00:00:00+00:00, run_after=2023-04-21T00:00:00+00:00
[2023-04-22T01:54:49.000+0800] {processor.py:175} INFO - Processing /home/gerardsho/airflow_env/lib/python3.8/site-packages/airflow/example_dags/example_branch_day_of_week_operator.py took 0.061 seconds
[2023-04-22T01:55:30.642+0800] {processor.py:153} INFO - Started process (PID=3195) to work on /home/gerardsho/airflow_env/lib/python3.8/site-packages/airflow/example_dags/example_branch_day_of_week_operator.py
[2023-04-22T01:55:30.645+0800] {processor.py:743} INFO - Processing file /home/gerardsho/airflow_env/lib/python3.8/site-packages/airflow/example_dags/example_branch_day_of_week_operator.py for tasks to queue
[2023-04-22T01:55:30.646+0800] {logging_mixin.py:137} INFO - [2023-04-22T01:55:30.646+0800] {dagbag.py:532} INFO - Filling up the DagBag from /home/gerardsho/airflow_env/lib/python3.8/site-packages/airflow/example_dags/example_branch_day_of_week_operator.py
[2023-04-22T01:55:30.655+0800] {processor.py:753} INFO - DAG(s) dict_keys(['example_weekday_branch_operator']) retrieved from /home/gerardsho/airflow_env/lib/python3.8/site-packages/airflow/example_dags/example_branch_day_of_week_operator.py
[2023-04-22T01:55:30.667+0800] {logging_mixin.py:137} INFO - [2023-04-22T01:55:30.666+0800] {dag.py:2705} INFO - Sync 1 DAGs
[2023-04-22T01:55:30.677+0800] {logging_mixin.py:137} INFO - [2023-04-22T01:55:30.677+0800] {dag.py:3452} INFO - Setting next_dagrun for example_weekday_branch_operator to 2023-04-20T00:00:00+00:00, run_after=2023-04-21T00:00:00+00:00
[2023-04-22T01:55:30.696+0800] {processor.py:175} INFO - Processing /home/gerardsho/airflow_env/lib/python3.8/site-packages/airflow/example_dags/example_branch_day_of_week_operator.py took 0.056 seconds
[2023-04-22T01:56:11.184+0800] {processor.py:153} INFO - Started process (PID=3240) to work on /home/gerardsho/airflow_env/lib/python3.8/site-packages/airflow/example_dags/example_branch_day_of_week_operator.py
[2023-04-22T01:56:11.187+0800] {processor.py:743} INFO - Processing file /home/gerardsho/airflow_env/lib/python3.8/site-packages/airflow/example_dags/example_branch_day_of_week_operator.py for tasks to queue
[2023-04-22T01:56:11.188+0800] {logging_mixin.py:137} INFO - [2023-04-22T01:56:11.187+0800] {dagbag.py:532} INFO - Filling up the DagBag from /home/gerardsho/airflow_env/lib/python3.8/site-packages/airflow/example_dags/example_branch_day_of_week_operator.py
[2023-04-22T01:56:11.197+0800] {processor.py:753} INFO - DAG(s) dict_keys(['example_weekday_branch_operator']) retrieved from /home/gerardsho/airflow_env/lib/python3.8/site-packages/airflow/example_dags/example_branch_day_of_week_operator.py
[2023-04-22T01:56:11.209+0800] {logging_mixin.py:137} INFO - [2023-04-22T01:56:11.209+0800] {dag.py:2705} INFO - Sync 1 DAGs
[2023-04-22T01:56:11.220+0800] {logging_mixin.py:137} INFO - [2023-04-22T01:56:11.220+0800] {dag.py:3452} INFO - Setting next_dagrun for example_weekday_branch_operator to 2023-04-20T00:00:00+00:00, run_after=2023-04-21T00:00:00+00:00
[2023-04-22T01:56:11.237+0800] {processor.py:175} INFO - Processing /home/gerardsho/airflow_env/lib/python3.8/site-packages/airflow/example_dags/example_branch_day_of_week_operator.py took 0.056 seconds
[2023-04-22T01:56:51.722+0800] {processor.py:153} INFO - Started process (PID=3286) to work on /home/gerardsho/airflow_env/lib/python3.8/site-packages/airflow/example_dags/example_branch_day_of_week_operator.py
[2023-04-22T01:56:51.725+0800] {processor.py:743} INFO - Processing file /home/gerardsho/airflow_env/lib/python3.8/site-packages/airflow/example_dags/example_branch_day_of_week_operator.py for tasks to queue
[2023-04-22T01:56:51.727+0800] {logging_mixin.py:137} INFO - [2023-04-22T01:56:51.726+0800] {dagbag.py:532} INFO - Filling up the DagBag from /home/gerardsho/airflow_env/lib/python3.8/site-packages/airflow/example_dags/example_branch_day_of_week_operator.py
[2023-04-22T01:56:51.741+0800] {processor.py:753} INFO - DAG(s) dict_keys(['example_weekday_branch_operator']) retrieved from /home/gerardsho/airflow_env/lib/python3.8/site-packages/airflow/example_dags/example_branch_day_of_week_operator.py
[2023-04-22T01:56:51.757+0800] {logging_mixin.py:137} INFO - [2023-04-22T01:56:51.757+0800] {dag.py:2705} INFO - Sync 1 DAGs
[2023-04-22T01:56:51.775+0800] {logging_mixin.py:137} INFO - [2023-04-22T01:56:51.774+0800] {dag.py:3452} INFO - Setting next_dagrun for example_weekday_branch_operator to 2023-04-20T00:00:00+00:00, run_after=2023-04-21T00:00:00+00:00
[2023-04-22T01:56:51.796+0800] {processor.py:175} INFO - Processing /home/gerardsho/airflow_env/lib/python3.8/site-packages/airflow/example_dags/example_branch_day_of_week_operator.py took 0.078 seconds
[2023-04-22T01:57:31.298+0800] {processor.py:153} INFO - Started process (PID=3333) to work on /home/gerardsho/airflow_env/lib/python3.8/site-packages/airflow/example_dags/example_branch_day_of_week_operator.py
[2023-04-22T01:57:31.299+0800] {processor.py:743} INFO - Processing file /home/gerardsho/airflow_env/lib/python3.8/site-packages/airflow/example_dags/example_branch_day_of_week_operator.py for tasks to queue
[2023-04-22T01:57:31.300+0800] {logging_mixin.py:137} INFO - [2023-04-22T01:57:31.299+0800] {dagbag.py:532} INFO - Filling up the DagBag from /home/gerardsho/airflow_env/lib/python3.8/site-packages/airflow/example_dags/example_branch_day_of_week_operator.py
[2023-04-22T01:57:31.309+0800] {processor.py:753} INFO - DAG(s) dict_keys(['example_weekday_branch_operator']) retrieved from /home/gerardsho/airflow_env/lib/python3.8/site-packages/airflow/example_dags/example_branch_day_of_week_operator.py
[2023-04-22T01:57:31.323+0800] {logging_mixin.py:137} INFO - [2023-04-22T01:57:31.323+0800] {dag.py:2705} INFO - Sync 1 DAGs
[2023-04-22T01:57:31.337+0800] {logging_mixin.py:137} INFO - [2023-04-22T01:57:31.337+0800] {dag.py:3452} INFO - Setting next_dagrun for example_weekday_branch_operator to 2023-04-20T00:00:00+00:00, run_after=2023-04-21T00:00:00+00:00
[2023-04-22T01:57:31.358+0800] {processor.py:175} INFO - Processing /home/gerardsho/airflow_env/lib/python3.8/site-packages/airflow/example_dags/example_branch_day_of_week_operator.py took 0.063 seconds
[2023-04-22T01:58:12.581+0800] {processor.py:153} INFO - Started process (PID=3382) to work on /home/gerardsho/airflow_env/lib/python3.8/site-packages/airflow/example_dags/example_branch_day_of_week_operator.py
[2023-04-22T01:58:12.584+0800] {processor.py:743} INFO - Processing file /home/gerardsho/airflow_env/lib/python3.8/site-packages/airflow/example_dags/example_branch_day_of_week_operator.py for tasks to queue
[2023-04-22T01:58:12.585+0800] {logging_mixin.py:137} INFO - [2023-04-22T01:58:12.585+0800] {dagbag.py:532} INFO - Filling up the DagBag from /home/gerardsho/airflow_env/lib/python3.8/site-packages/airflow/example_dags/example_branch_day_of_week_operator.py
[2023-04-22T01:58:12.594+0800] {processor.py:753} INFO - DAG(s) dict_keys(['example_weekday_branch_operator']) retrieved from /home/gerardsho/airflow_env/lib/python3.8/site-packages/airflow/example_dags/example_branch_day_of_week_operator.py
[2023-04-22T01:58:12.606+0800] {logging_mixin.py:137} INFO - [2023-04-22T01:58:12.606+0800] {dag.py:2705} INFO - Sync 1 DAGs
[2023-04-22T01:58:12.620+0800] {logging_mixin.py:137} INFO - [2023-04-22T01:58:12.619+0800] {dag.py:3452} INFO - Setting next_dagrun for example_weekday_branch_operator to 2023-04-20T00:00:00+00:00, run_after=2023-04-21T00:00:00+00:00
[2023-04-22T01:58:12.638+0800] {processor.py:175} INFO - Processing /home/gerardsho/airflow_env/lib/python3.8/site-packages/airflow/example_dags/example_branch_day_of_week_operator.py took 0.060 seconds
[2023-04-22T01:58:53.366+0800] {processor.py:153} INFO - Started process (PID=3424) to work on /home/gerardsho/airflow_env/lib/python3.8/site-packages/airflow/example_dags/example_branch_day_of_week_operator.py
[2023-04-22T01:58:53.370+0800] {processor.py:743} INFO - Processing file /home/gerardsho/airflow_env/lib/python3.8/site-packages/airflow/example_dags/example_branch_day_of_week_operator.py for tasks to queue
[2023-04-22T01:58:53.373+0800] {logging_mixin.py:137} INFO - [2023-04-22T01:58:53.372+0800] {dagbag.py:532} INFO - Filling up the DagBag from /home/gerardsho/airflow_env/lib/python3.8/site-packages/airflow/example_dags/example_branch_day_of_week_operator.py
[2023-04-22T01:58:53.385+0800] {processor.py:753} INFO - DAG(s) dict_keys(['example_weekday_branch_operator']) retrieved from /home/gerardsho/airflow_env/lib/python3.8/site-packages/airflow/example_dags/example_branch_day_of_week_operator.py
[2023-04-22T01:58:53.398+0800] {logging_mixin.py:137} INFO - [2023-04-22T01:58:53.398+0800] {dag.py:2705} INFO - Sync 1 DAGs
[2023-04-22T01:58:53.413+0800] {logging_mixin.py:137} INFO - [2023-04-22T01:58:53.412+0800] {dag.py:3452} INFO - Setting next_dagrun for example_weekday_branch_operator to 2023-04-20T00:00:00+00:00, run_after=2023-04-21T00:00:00+00:00
[2023-04-22T01:58:53.431+0800] {processor.py:175} INFO - Processing /home/gerardsho/airflow_env/lib/python3.8/site-packages/airflow/example_dags/example_branch_day_of_week_operator.py took 0.068 seconds
[2023-04-22T01:59:33.822+0800] {processor.py:153} INFO - Started process (PID=3466) to work on /home/gerardsho/airflow_env/lib/python3.8/site-packages/airflow/example_dags/example_branch_day_of_week_operator.py
[2023-04-22T01:59:33.825+0800] {processor.py:743} INFO - Processing file /home/gerardsho/airflow_env/lib/python3.8/site-packages/airflow/example_dags/example_branch_day_of_week_operator.py for tasks to queue
[2023-04-22T01:59:33.826+0800] {logging_mixin.py:137} INFO - [2023-04-22T01:59:33.826+0800] {dagbag.py:532} INFO - Filling up the DagBag from /home/gerardsho/airflow_env/lib/python3.8/site-packages/airflow/example_dags/example_branch_day_of_week_operator.py
[2023-04-22T01:59:33.835+0800] {processor.py:753} INFO - DAG(s) dict_keys(['example_weekday_branch_operator']) retrieved from /home/gerardsho/airflow_env/lib/python3.8/site-packages/airflow/example_dags/example_branch_day_of_week_operator.py
[2023-04-22T01:59:33.847+0800] {logging_mixin.py:137} INFO - [2023-04-22T01:59:33.846+0800] {dag.py:2705} INFO - Sync 1 DAGs
[2023-04-22T01:59:33.858+0800] {logging_mixin.py:137} INFO - [2023-04-22T01:59:33.858+0800] {dag.py:3452} INFO - Setting next_dagrun for example_weekday_branch_operator to 2023-04-20T00:00:00+00:00, run_after=2023-04-21T00:00:00+00:00
[2023-04-22T01:59:33.875+0800] {processor.py:175} INFO - Processing /home/gerardsho/airflow_env/lib/python3.8/site-packages/airflow/example_dags/example_branch_day_of_week_operator.py took 0.056 seconds
[2023-04-22T02:00:47.688+0800] {processor.py:153} INFO - Started process (PID=3523) to work on /home/gerardsho/airflow_env/lib/python3.8/site-packages/airflow/example_dags/example_branch_day_of_week_operator.py
[2023-04-22T02:00:47.691+0800] {processor.py:743} INFO - Processing file /home/gerardsho/airflow_env/lib/python3.8/site-packages/airflow/example_dags/example_branch_day_of_week_operator.py for tasks to queue
[2023-04-22T02:00:47.692+0800] {logging_mixin.py:137} INFO - [2023-04-22T02:00:47.692+0800] {dagbag.py:532} INFO - Filling up the DagBag from /home/gerardsho/airflow_env/lib/python3.8/site-packages/airflow/example_dags/example_branch_day_of_week_operator.py
[2023-04-22T02:00:47.701+0800] {processor.py:753} INFO - DAG(s) dict_keys(['example_weekday_branch_operator']) retrieved from /home/gerardsho/airflow_env/lib/python3.8/site-packages/airflow/example_dags/example_branch_day_of_week_operator.py
[2023-04-22T02:00:47.766+0800] {logging_mixin.py:137} INFO - [2023-04-22T02:00:47.766+0800] {manager.py:504} INFO - Created Permission View: can edit on DAG:example_weekday_branch_operator
[2023-04-22T02:00:47.779+0800] {logging_mixin.py:137} INFO - [2023-04-22T02:00:47.778+0800] {manager.py:504} INFO - Created Permission View: can delete on DAG:example_weekday_branch_operator
[2023-04-22T02:00:47.791+0800] {logging_mixin.py:137} INFO - [2023-04-22T02:00:47.791+0800] {manager.py:504} INFO - Created Permission View: can read on DAG:example_weekday_branch_operator
[2023-04-22T02:00:47.791+0800] {logging_mixin.py:137} INFO - [2023-04-22T02:00:47.791+0800] {dag.py:2705} INFO - Sync 1 DAGs
[2023-04-22T02:00:47.796+0800] {logging_mixin.py:137} INFO - [2023-04-22T02:00:47.796+0800] {dag.py:2726} INFO - Creating ORM DAG for example_weekday_branch_operator
[2023-04-22T02:00:47.801+0800] {logging_mixin.py:137} INFO - [2023-04-22T02:00:47.801+0800] {dag.py:3452} INFO - Setting next_dagrun for example_weekday_branch_operator to 2023-04-20T00:00:00+00:00, run_after=2023-04-21T00:00:00+00:00
[2023-04-22T02:00:47.818+0800] {processor.py:175} INFO - Processing /home/gerardsho/airflow_env/lib/python3.8/site-packages/airflow/example_dags/example_branch_day_of_week_operator.py took 0.133 seconds
[2023-04-22T02:01:29.736+0800] {processor.py:153} INFO - Started process (PID=3573) to work on /home/gerardsho/airflow_env/lib/python3.8/site-packages/airflow/example_dags/example_branch_day_of_week_operator.py
[2023-04-22T02:01:29.739+0800] {processor.py:743} INFO - Processing file /home/gerardsho/airflow_env/lib/python3.8/site-packages/airflow/example_dags/example_branch_day_of_week_operator.py for tasks to queue
[2023-04-22T02:01:29.740+0800] {logging_mixin.py:137} INFO - [2023-04-22T02:01:29.740+0800] {dagbag.py:532} INFO - Filling up the DagBag from /home/gerardsho/airflow_env/lib/python3.8/site-packages/airflow/example_dags/example_branch_day_of_week_operator.py
[2023-04-22T02:01:29.748+0800] {processor.py:753} INFO - DAG(s) dict_keys(['example_weekday_branch_operator']) retrieved from /home/gerardsho/airflow_env/lib/python3.8/site-packages/airflow/example_dags/example_branch_day_of_week_operator.py
[2023-04-22T02:01:29.760+0800] {logging_mixin.py:137} INFO - [2023-04-22T02:01:29.759+0800] {dag.py:2705} INFO - Sync 1 DAGs
[2023-04-22T02:01:29.770+0800] {logging_mixin.py:137} INFO - [2023-04-22T02:01:29.770+0800] {dag.py:3452} INFO - Setting next_dagrun for example_weekday_branch_operator to 2023-04-20T00:00:00+00:00, run_after=2023-04-21T00:00:00+00:00
[2023-04-22T02:01:29.787+0800] {processor.py:175} INFO - Processing /home/gerardsho/airflow_env/lib/python3.8/site-packages/airflow/example_dags/example_branch_day_of_week_operator.py took 0.053 seconds
[2023-04-22T02:02:11.400+0800] {processor.py:153} INFO - Started process (PID=3615) to work on /home/gerardsho/airflow_env/lib/python3.8/site-packages/airflow/example_dags/example_branch_day_of_week_operator.py
[2023-04-22T02:02:11.404+0800] {processor.py:743} INFO - Processing file /home/gerardsho/airflow_env/lib/python3.8/site-packages/airflow/example_dags/example_branch_day_of_week_operator.py for tasks to queue
[2023-04-22T02:02:11.404+0800] {logging_mixin.py:137} INFO - [2023-04-22T02:02:11.404+0800] {dagbag.py:532} INFO - Filling up the DagBag from /home/gerardsho/airflow_env/lib/python3.8/site-packages/airflow/example_dags/example_branch_day_of_week_operator.py
[2023-04-22T02:02:11.414+0800] {processor.py:753} INFO - DAG(s) dict_keys(['example_weekday_branch_operator']) retrieved from /home/gerardsho/airflow_env/lib/python3.8/site-packages/airflow/example_dags/example_branch_day_of_week_operator.py
[2023-04-22T02:02:11.427+0800] {logging_mixin.py:137} INFO - [2023-04-22T02:02:11.426+0800] {dag.py:2705} INFO - Sync 1 DAGs
[2023-04-22T02:02:11.439+0800] {logging_mixin.py:137} INFO - [2023-04-22T02:02:11.439+0800] {dag.py:3452} INFO - Setting next_dagrun for example_weekday_branch_operator to 2023-04-20T00:00:00+00:00, run_after=2023-04-21T00:00:00+00:00
[2023-04-22T02:02:11.456+0800] {processor.py:175} INFO - Processing /home/gerardsho/airflow_env/lib/python3.8/site-packages/airflow/example_dags/example_branch_day_of_week_operator.py took 0.058 seconds
[2023-04-22T02:02:52.576+0800] {processor.py:153} INFO - Started process (PID=3667) to work on /home/gerardsho/airflow_env/lib/python3.8/site-packages/airflow/example_dags/example_branch_day_of_week_operator.py
[2023-04-22T02:02:52.579+0800] {processor.py:743} INFO - Processing file /home/gerardsho/airflow_env/lib/python3.8/site-packages/airflow/example_dags/example_branch_day_of_week_operator.py for tasks to queue
[2023-04-22T02:02:52.580+0800] {logging_mixin.py:137} INFO - [2023-04-22T02:02:52.580+0800] {dagbag.py:532} INFO - Filling up the DagBag from /home/gerardsho/airflow_env/lib/python3.8/site-packages/airflow/example_dags/example_branch_day_of_week_operator.py
[2023-04-22T02:02:52.588+0800] {processor.py:753} INFO - DAG(s) dict_keys(['example_weekday_branch_operator']) retrieved from /home/gerardsho/airflow_env/lib/python3.8/site-packages/airflow/example_dags/example_branch_day_of_week_operator.py
[2023-04-22T02:02:52.600+0800] {logging_mixin.py:137} INFO - [2023-04-22T02:02:52.600+0800] {dag.py:2705} INFO - Sync 1 DAGs
[2023-04-22T02:02:52.610+0800] {logging_mixin.py:137} INFO - [2023-04-22T02:02:52.610+0800] {dag.py:3452} INFO - Setting next_dagrun for example_weekday_branch_operator to 2023-04-20T00:00:00+00:00, run_after=2023-04-21T00:00:00+00:00
[2023-04-22T02:02:52.628+0800] {processor.py:175} INFO - Processing /home/gerardsho/airflow_env/lib/python3.8/site-packages/airflow/example_dags/example_branch_day_of_week_operator.py took 0.055 seconds
[2023-04-22T02:03:33.650+0800] {processor.py:153} INFO - Started process (PID=3715) to work on /home/gerardsho/airflow_env/lib/python3.8/site-packages/airflow/example_dags/example_branch_day_of_week_operator.py
[2023-04-22T02:03:33.653+0800] {processor.py:743} INFO - Processing file /home/gerardsho/airflow_env/lib/python3.8/site-packages/airflow/example_dags/example_branch_day_of_week_operator.py for tasks to queue
[2023-04-22T02:03:33.654+0800] {logging_mixin.py:137} INFO - [2023-04-22T02:03:33.654+0800] {dagbag.py:532} INFO - Filling up the DagBag from /home/gerardsho/airflow_env/lib/python3.8/site-packages/airflow/example_dags/example_branch_day_of_week_operator.py
[2023-04-22T02:03:33.662+0800] {processor.py:753} INFO - DAG(s) dict_keys(['example_weekday_branch_operator']) retrieved from /home/gerardsho/airflow_env/lib/python3.8/site-packages/airflow/example_dags/example_branch_day_of_week_operator.py
[2023-04-22T02:03:33.673+0800] {logging_mixin.py:137} INFO - [2023-04-22T02:03:33.673+0800] {dag.py:2705} INFO - Sync 1 DAGs
[2023-04-22T02:03:33.685+0800] {logging_mixin.py:137} INFO - [2023-04-22T02:03:33.685+0800] {dag.py:3452} INFO - Setting next_dagrun for example_weekday_branch_operator to 2023-04-20T00:00:00+00:00, run_after=2023-04-21T00:00:00+00:00
[2023-04-22T02:03:33.702+0800] {processor.py:175} INFO - Processing /home/gerardsho/airflow_env/lib/python3.8/site-packages/airflow/example_dags/example_branch_day_of_week_operator.py took 0.055 seconds
[2023-04-22T02:04:14.044+0800] {processor.py:153} INFO - Started process (PID=3760) to work on /home/gerardsho/airflow_env/lib/python3.8/site-packages/airflow/example_dags/example_branch_day_of_week_operator.py
[2023-04-22T02:04:14.048+0800] {processor.py:743} INFO - Processing file /home/gerardsho/airflow_env/lib/python3.8/site-packages/airflow/example_dags/example_branch_day_of_week_operator.py for tasks to queue
[2023-04-22T02:04:14.049+0800] {logging_mixin.py:137} INFO - [2023-04-22T02:04:14.048+0800] {dagbag.py:532} INFO - Filling up the DagBag from /home/gerardsho/airflow_env/lib/python3.8/site-packages/airflow/example_dags/example_branch_day_of_week_operator.py
[2023-04-22T02:04:14.057+0800] {processor.py:753} INFO - DAG(s) dict_keys(['example_weekday_branch_operator']) retrieved from /home/gerardsho/airflow_env/lib/python3.8/site-packages/airflow/example_dags/example_branch_day_of_week_operator.py
[2023-04-22T02:04:14.069+0800] {logging_mixin.py:137} INFO - [2023-04-22T02:04:14.069+0800] {dag.py:2705} INFO - Sync 1 DAGs
[2023-04-22T02:04:14.079+0800] {logging_mixin.py:137} INFO - [2023-04-22T02:04:14.079+0800] {dag.py:3452} INFO - Setting next_dagrun for example_weekday_branch_operator to 2023-04-20T00:00:00+00:00, run_after=2023-04-21T00:00:00+00:00
[2023-04-22T02:04:14.096+0800] {processor.py:175} INFO - Processing /home/gerardsho/airflow_env/lib/python3.8/site-packages/airflow/example_dags/example_branch_day_of_week_operator.py took 0.054 seconds
[2023-04-22T02:04:54.580+0800] {processor.py:153} INFO - Started process (PID=3802) to work on /home/gerardsho/airflow_env/lib/python3.8/site-packages/airflow/example_dags/example_branch_day_of_week_operator.py
[2023-04-22T02:04:54.583+0800] {processor.py:743} INFO - Processing file /home/gerardsho/airflow_env/lib/python3.8/site-packages/airflow/example_dags/example_branch_day_of_week_operator.py for tasks to queue
[2023-04-22T02:04:54.584+0800] {logging_mixin.py:137} INFO - [2023-04-22T02:04:54.584+0800] {dagbag.py:532} INFO - Filling up the DagBag from /home/gerardsho/airflow_env/lib/python3.8/site-packages/airflow/example_dags/example_branch_day_of_week_operator.py
[2023-04-22T02:04:54.595+0800] {processor.py:753} INFO - DAG(s) dict_keys(['example_weekday_branch_operator']) retrieved from /home/gerardsho/airflow_env/lib/python3.8/site-packages/airflow/example_dags/example_branch_day_of_week_operator.py
[2023-04-22T02:04:54.611+0800] {logging_mixin.py:137} INFO - [2023-04-22T02:04:54.611+0800] {dag.py:2705} INFO - Sync 1 DAGs
[2023-04-22T02:04:54.625+0800] {logging_mixin.py:137} INFO - [2023-04-22T02:04:54.625+0800] {dag.py:3452} INFO - Setting next_dagrun for example_weekday_branch_operator to 2023-04-20T00:00:00+00:00, run_after=2023-04-21T00:00:00+00:00
[2023-04-22T02:04:54.644+0800] {processor.py:175} INFO - Processing /home/gerardsho/airflow_env/lib/python3.8/site-packages/airflow/example_dags/example_branch_day_of_week_operator.py took 0.066 seconds
