[2023-04-22T01:48:56.107+0800] {processor.py:153} INFO - Started process (PID=2755) to work on /home/gerardsho/airflow_env/lib/python3.8/site-packages/airflow/example_dags/example_latest_only_with_trigger.py
[2023-04-22T01:48:56.108+0800] {processor.py:743} INFO - Processing file /home/gerardsho/airflow_env/lib/python3.8/site-packages/airflow/example_dags/example_latest_only_with_trigger.py for tasks to queue
[2023-04-22T01:48:56.108+0800] {logging_mixin.py:137} INFO - [2023-04-22T01:48:56.108+0800] {dagbag.py:532} INFO - Filling up the DagBag from /home/gerardsho/airflow_env/lib/python3.8/site-packages/airflow/example_dags/example_latest_only_with_trigger.py
[2023-04-22T01:48:56.118+0800] {processor.py:753} INFO - DAG(s) dict_keys(['latest_only_with_trigger']) retrieved from /home/gerardsho/airflow_env/lib/python3.8/site-packages/airflow/example_dags/example_latest_only_with_trigger.py
[2023-04-22T01:48:56.189+0800] {logging_mixin.py:137} INFO - [2023-04-22T01:48:56.188+0800] {manager.py:504} INFO - Created Permission View: can edit on DAG:latest_only_with_trigger
[2023-04-22T01:48:56.199+0800] {logging_mixin.py:137} INFO - [2023-04-22T01:48:56.199+0800] {manager.py:504} INFO - Created Permission View: can delete on DAG:latest_only_with_trigger
[2023-04-22T01:48:56.207+0800] {logging_mixin.py:137} INFO - [2023-04-22T01:48:56.207+0800] {manager.py:504} INFO - Created Permission View: can read on DAG:latest_only_with_trigger
[2023-04-22T01:48:56.207+0800] {logging_mixin.py:137} INFO - [2023-04-22T01:48:56.207+0800] {dag.py:2705} INFO - Sync 1 DAGs
[2023-04-22T01:48:56.213+0800] {logging_mixin.py:137} INFO - [2023-04-22T01:48:56.213+0800] {dag.py:2726} INFO - Creating ORM DAG for latest_only_with_trigger
[2023-04-22T01:48:56.218+0800] {logging_mixin.py:137} INFO - [2023-04-22T01:48:56.218+0800] {dag.py:3452} INFO - Setting next_dagrun for latest_only_with_trigger to 2023-04-21T13:48:56.217994+00:00, run_after=2023-04-21T17:48:56.217994+00:00
[2023-04-22T01:48:56.236+0800] {processor.py:175} INFO - Processing /home/gerardsho/airflow_env/lib/python3.8/site-packages/airflow/example_dags/example_latest_only_with_trigger.py took 0.131 seconds
[2023-04-22T01:49:39.641+0800] {processor.py:153} INFO - Started process (PID=2799) to work on /home/gerardsho/airflow_env/lib/python3.8/site-packages/airflow/example_dags/example_latest_only_with_trigger.py
[2023-04-22T01:49:39.644+0800] {processor.py:743} INFO - Processing file /home/gerardsho/airflow_env/lib/python3.8/site-packages/airflow/example_dags/example_latest_only_with_trigger.py for tasks to queue
[2023-04-22T01:49:39.645+0800] {logging_mixin.py:137} INFO - [2023-04-22T01:49:39.645+0800] {dagbag.py:532} INFO - Filling up the DagBag from /home/gerardsho/airflow_env/lib/python3.8/site-packages/airflow/example_dags/example_latest_only_with_trigger.py
[2023-04-22T01:49:39.654+0800] {processor.py:753} INFO - DAG(s) dict_keys(['latest_only_with_trigger']) retrieved from /home/gerardsho/airflow_env/lib/python3.8/site-packages/airflow/example_dags/example_latest_only_with_trigger.py
[2023-04-22T01:49:39.668+0800] {logging_mixin.py:137} INFO - [2023-04-22T01:49:39.667+0800] {dag.py:2705} INFO - Sync 1 DAGs
[2023-04-22T01:49:39.679+0800] {logging_mixin.py:137} INFO - [2023-04-22T01:49:39.679+0800] {dag.py:3452} INFO - Setting next_dagrun for latest_only_with_trigger to 2023-04-21T13:49:39.679400+00:00, run_after=2023-04-21T17:49:39.679400+00:00
[2023-04-22T01:49:39.696+0800] {processor.py:175} INFO - Processing /home/gerardsho/airflow_env/lib/python3.8/site-packages/airflow/example_dags/example_latest_only_with_trigger.py took 0.057 seconds
[2023-04-22T01:50:16.809+0800] {processor.py:153} INFO - Started process (PID=2843) to work on /home/gerardsho/airflow_env/lib/python3.8/site-packages/airflow/example_dags/example_latest_only_with_trigger.py
[2023-04-22T01:50:16.812+0800] {processor.py:743} INFO - Processing file /home/gerardsho/airflow_env/lib/python3.8/site-packages/airflow/example_dags/example_latest_only_with_trigger.py for tasks to queue
[2023-04-22T01:50:16.812+0800] {logging_mixin.py:137} INFO - [2023-04-22T01:50:16.812+0800] {dagbag.py:532} INFO - Filling up the DagBag from /home/gerardsho/airflow_env/lib/python3.8/site-packages/airflow/example_dags/example_latest_only_with_trigger.py
[2023-04-22T01:50:16.821+0800] {processor.py:753} INFO - DAG(s) dict_keys(['latest_only_with_trigger']) retrieved from /home/gerardsho/airflow_env/lib/python3.8/site-packages/airflow/example_dags/example_latest_only_with_trigger.py
[2023-04-22T01:50:16.833+0800] {logging_mixin.py:137} INFO - [2023-04-22T01:50:16.833+0800] {dag.py:2705} INFO - Sync 1 DAGs
[2023-04-22T01:50:16.846+0800] {logging_mixin.py:137} INFO - [2023-04-22T01:50:16.846+0800] {dag.py:3452} INFO - Setting next_dagrun for latest_only_with_trigger to 2023-04-21T13:50:16.846083+00:00, run_after=2023-04-21T17:50:16.846083+00:00
[2023-04-22T01:50:16.867+0800] {processor.py:175} INFO - Processing /home/gerardsho/airflow_env/lib/python3.8/site-packages/airflow/example_dags/example_latest_only_with_trigger.py took 0.061 seconds
[2023-04-22T01:50:58.490+0800] {processor.py:153} INFO - Started process (PID=2888) to work on /home/gerardsho/airflow_env/lib/python3.8/site-packages/airflow/example_dags/example_latest_only_with_trigger.py
[2023-04-22T01:50:58.493+0800] {processor.py:743} INFO - Processing file /home/gerardsho/airflow_env/lib/python3.8/site-packages/airflow/example_dags/example_latest_only_with_trigger.py for tasks to queue
[2023-04-22T01:50:58.495+0800] {logging_mixin.py:137} INFO - [2023-04-22T01:50:58.495+0800] {dagbag.py:532} INFO - Filling up the DagBag from /home/gerardsho/airflow_env/lib/python3.8/site-packages/airflow/example_dags/example_latest_only_with_trigger.py
[2023-04-22T01:50:58.515+0800] {processor.py:753} INFO - DAG(s) dict_keys(['latest_only_with_trigger']) retrieved from /home/gerardsho/airflow_env/lib/python3.8/site-packages/airflow/example_dags/example_latest_only_with_trigger.py
[2023-04-22T01:50:58.537+0800] {logging_mixin.py:137} INFO - [2023-04-22T01:50:58.537+0800] {dag.py:2705} INFO - Sync 1 DAGs
[2023-04-22T01:50:58.587+0800] {logging_mixin.py:137} INFO - [2023-04-22T01:50:58.586+0800] {dag.py:3452} INFO - Setting next_dagrun for latest_only_with_trigger to 2023-04-21T13:50:58.586576+00:00, run_after=2023-04-21T17:50:58.586576+00:00
[2023-04-22T01:50:58.611+0800] {processor.py:175} INFO - Processing /home/gerardsho/airflow_env/lib/python3.8/site-packages/airflow/example_dags/example_latest_only_with_trigger.py took 0.127 seconds
[2023-04-22T01:51:40.724+0800] {processor.py:153} INFO - Started process (PID=2942) to work on /home/gerardsho/airflow_env/lib/python3.8/site-packages/airflow/example_dags/example_latest_only_with_trigger.py
[2023-04-22T01:51:40.727+0800] {processor.py:743} INFO - Processing file /home/gerardsho/airflow_env/lib/python3.8/site-packages/airflow/example_dags/example_latest_only_with_trigger.py for tasks to queue
[2023-04-22T01:51:40.727+0800] {logging_mixin.py:137} INFO - [2023-04-22T01:51:40.727+0800] {dagbag.py:532} INFO - Filling up the DagBag from /home/gerardsho/airflow_env/lib/python3.8/site-packages/airflow/example_dags/example_latest_only_with_trigger.py
[2023-04-22T01:51:40.736+0800] {processor.py:753} INFO - DAG(s) dict_keys(['latest_only_with_trigger']) retrieved from /home/gerardsho/airflow_env/lib/python3.8/site-packages/airflow/example_dags/example_latest_only_with_trigger.py
[2023-04-22T01:51:40.747+0800] {logging_mixin.py:137} INFO - [2023-04-22T01:51:40.747+0800] {dag.py:2705} INFO - Sync 1 DAGs
[2023-04-22T01:51:40.758+0800] {logging_mixin.py:137} INFO - [2023-04-22T01:51:40.757+0800] {dag.py:3452} INFO - Setting next_dagrun for latest_only_with_trigger to 2023-04-21T13:51:40.757811+00:00, run_after=2023-04-21T17:51:40.757811+00:00
[2023-04-22T01:51:40.778+0800] {processor.py:175} INFO - Processing /home/gerardsho/airflow_env/lib/python3.8/site-packages/airflow/example_dags/example_latest_only_with_trigger.py took 0.057 seconds
[2023-04-22T01:52:21.753+0800] {processor.py:153} INFO - Started process (PID=2992) to work on /home/gerardsho/airflow_env/lib/python3.8/site-packages/airflow/example_dags/example_latest_only_with_trigger.py
[2023-04-22T01:52:21.756+0800] {processor.py:743} INFO - Processing file /home/gerardsho/airflow_env/lib/python3.8/site-packages/airflow/example_dags/example_latest_only_with_trigger.py for tasks to queue
[2023-04-22T01:52:21.756+0800] {logging_mixin.py:137} INFO - [2023-04-22T01:52:21.756+0800] {dagbag.py:532} INFO - Filling up the DagBag from /home/gerardsho/airflow_env/lib/python3.8/site-packages/airflow/example_dags/example_latest_only_with_trigger.py
[2023-04-22T01:52:21.764+0800] {processor.py:753} INFO - DAG(s) dict_keys(['latest_only_with_trigger']) retrieved from /home/gerardsho/airflow_env/lib/python3.8/site-packages/airflow/example_dags/example_latest_only_with_trigger.py
[2023-04-22T01:52:21.776+0800] {logging_mixin.py:137} INFO - [2023-04-22T01:52:21.776+0800] {dag.py:2705} INFO - Sync 1 DAGs
[2023-04-22T01:52:21.788+0800] {logging_mixin.py:137} INFO - [2023-04-22T01:52:21.787+0800] {dag.py:3452} INFO - Setting next_dagrun for latest_only_with_trigger to 2023-04-21T13:52:21.787802+00:00, run_after=2023-04-21T17:52:21.787802+00:00
[2023-04-22T01:52:21.805+0800] {processor.py:175} INFO - Processing /home/gerardsho/airflow_env/lib/python3.8/site-packages/airflow/example_dags/example_latest_only_with_trigger.py took 0.055 seconds
[2023-04-22T01:53:02.926+0800] {processor.py:153} INFO - Started process (PID=3034) to work on /home/gerardsho/airflow_env/lib/python3.8/site-packages/airflow/example_dags/example_latest_only_with_trigger.py
[2023-04-22T01:53:02.930+0800] {processor.py:743} INFO - Processing file /home/gerardsho/airflow_env/lib/python3.8/site-packages/airflow/example_dags/example_latest_only_with_trigger.py for tasks to queue
[2023-04-22T01:53:02.930+0800] {logging_mixin.py:137} INFO - [2023-04-22T01:53:02.930+0800] {dagbag.py:532} INFO - Filling up the DagBag from /home/gerardsho/airflow_env/lib/python3.8/site-packages/airflow/example_dags/example_latest_only_with_trigger.py
[2023-04-22T01:53:02.941+0800] {processor.py:753} INFO - DAG(s) dict_keys(['latest_only_with_trigger']) retrieved from /home/gerardsho/airflow_env/lib/python3.8/site-packages/airflow/example_dags/example_latest_only_with_trigger.py
[2023-04-22T01:53:02.957+0800] {logging_mixin.py:137} INFO - [2023-04-22T01:53:02.957+0800] {dag.py:2705} INFO - Sync 1 DAGs
[2023-04-22T01:53:02.970+0800] {logging_mixin.py:137} INFO - [2023-04-22T01:53:02.970+0800] {dag.py:3452} INFO - Setting next_dagrun for latest_only_with_trigger to 2023-04-21T13:53:02.970282+00:00, run_after=2023-04-21T17:53:02.970282+00:00
[2023-04-22T01:53:02.986+0800] {processor.py:175} INFO - Processing /home/gerardsho/airflow_env/lib/python3.8/site-packages/airflow/example_dags/example_latest_only_with_trigger.py took 0.062 seconds
[2023-04-22T01:53:42.697+0800] {processor.py:153} INFO - Started process (PID=3076) to work on /home/gerardsho/airflow_env/lib/python3.8/site-packages/airflow/example_dags/example_latest_only_with_trigger.py
[2023-04-22T01:53:42.700+0800] {processor.py:743} INFO - Processing file /home/gerardsho/airflow_env/lib/python3.8/site-packages/airflow/example_dags/example_latest_only_with_trigger.py for tasks to queue
[2023-04-22T01:53:42.701+0800] {logging_mixin.py:137} INFO - [2023-04-22T01:53:42.700+0800] {dagbag.py:532} INFO - Filling up the DagBag from /home/gerardsho/airflow_env/lib/python3.8/site-packages/airflow/example_dags/example_latest_only_with_trigger.py
[2023-04-22T01:53:42.709+0800] {processor.py:753} INFO - DAG(s) dict_keys(['latest_only_with_trigger']) retrieved from /home/gerardsho/airflow_env/lib/python3.8/site-packages/airflow/example_dags/example_latest_only_with_trigger.py
[2023-04-22T01:53:42.720+0800] {logging_mixin.py:137} INFO - [2023-04-22T01:53:42.720+0800] {dag.py:2705} INFO - Sync 1 DAGs
[2023-04-22T01:53:42.731+0800] {logging_mixin.py:137} INFO - [2023-04-22T01:53:42.731+0800] {dag.py:3452} INFO - Setting next_dagrun for latest_only_with_trigger to 2023-04-21T13:53:42.731619+00:00, run_after=2023-04-21T17:53:42.731619+00:00
[2023-04-22T01:53:42.749+0800] {processor.py:175} INFO - Processing /home/gerardsho/airflow_env/lib/python3.8/site-packages/airflow/example_dags/example_latest_only_with_trigger.py took 0.054 seconds
[2023-04-22T01:54:22.285+0800] {processor.py:153} INFO - Started process (PID=3120) to work on /home/gerardsho/airflow_env/lib/python3.8/site-packages/airflow/example_dags/example_latest_only_with_trigger.py
[2023-04-22T01:54:22.288+0800] {processor.py:743} INFO - Processing file /home/gerardsho/airflow_env/lib/python3.8/site-packages/airflow/example_dags/example_latest_only_with_trigger.py for tasks to queue
[2023-04-22T01:54:22.289+0800] {logging_mixin.py:137} INFO - [2023-04-22T01:54:22.288+0800] {dagbag.py:532} INFO - Filling up the DagBag from /home/gerardsho/airflow_env/lib/python3.8/site-packages/airflow/example_dags/example_latest_only_with_trigger.py
[2023-04-22T01:54:22.296+0800] {processor.py:753} INFO - DAG(s) dict_keys(['latest_only_with_trigger']) retrieved from /home/gerardsho/airflow_env/lib/python3.8/site-packages/airflow/example_dags/example_latest_only_with_trigger.py
[2023-04-22T01:54:22.308+0800] {logging_mixin.py:137} INFO - [2023-04-22T01:54:22.307+0800] {dag.py:2705} INFO - Sync 1 DAGs
[2023-04-22T01:54:22.319+0800] {logging_mixin.py:137} INFO - [2023-04-22T01:54:22.319+0800] {dag.py:3452} INFO - Setting next_dagrun for latest_only_with_trigger to 2023-04-21T13:54:22.318887+00:00, run_after=2023-04-21T17:54:22.318887+00:00
[2023-04-22T01:54:22.338+0800] {processor.py:175} INFO - Processing /home/gerardsho/airflow_env/lib/python3.8/site-packages/airflow/example_dags/example_latest_only_with_trigger.py took 0.056 seconds
[2023-04-22T01:55:04.074+0800] {processor.py:153} INFO - Started process (PID=3164) to work on /home/gerardsho/airflow_env/lib/python3.8/site-packages/airflow/example_dags/example_latest_only_with_trigger.py
[2023-04-22T01:55:04.075+0800] {processor.py:743} INFO - Processing file /home/gerardsho/airflow_env/lib/python3.8/site-packages/airflow/example_dags/example_latest_only_with_trigger.py for tasks to queue
[2023-04-22T01:55:04.076+0800] {logging_mixin.py:137} INFO - [2023-04-22T01:55:04.076+0800] {dagbag.py:532} INFO - Filling up the DagBag from /home/gerardsho/airflow_env/lib/python3.8/site-packages/airflow/example_dags/example_latest_only_with_trigger.py
[2023-04-22T01:55:04.085+0800] {processor.py:753} INFO - DAG(s) dict_keys(['latest_only_with_trigger']) retrieved from /home/gerardsho/airflow_env/lib/python3.8/site-packages/airflow/example_dags/example_latest_only_with_trigger.py
[2023-04-22T01:55:04.096+0800] {logging_mixin.py:137} INFO - [2023-04-22T01:55:04.096+0800] {dag.py:2705} INFO - Sync 1 DAGs
[2023-04-22T01:55:04.109+0800] {logging_mixin.py:137} INFO - [2023-04-22T01:55:04.109+0800] {dag.py:3452} INFO - Setting next_dagrun for latest_only_with_trigger to 2023-04-21T13:55:04.109365+00:00, run_after=2023-04-21T17:55:04.109365+00:00
[2023-04-22T01:55:04.126+0800] {processor.py:175} INFO - Processing /home/gerardsho/airflow_env/lib/python3.8/site-packages/airflow/example_dags/example_latest_only_with_trigger.py took 0.054 seconds
[2023-04-22T01:55:44.524+0800] {processor.py:153} INFO - Started process (PID=3211) to work on /home/gerardsho/airflow_env/lib/python3.8/site-packages/airflow/example_dags/example_latest_only_with_trigger.py
[2023-04-22T01:55:44.527+0800] {processor.py:743} INFO - Processing file /home/gerardsho/airflow_env/lib/python3.8/site-packages/airflow/example_dags/example_latest_only_with_trigger.py for tasks to queue
[2023-04-22T01:55:44.528+0800] {logging_mixin.py:137} INFO - [2023-04-22T01:55:44.528+0800] {dagbag.py:532} INFO - Filling up the DagBag from /home/gerardsho/airflow_env/lib/python3.8/site-packages/airflow/example_dags/example_latest_only_with_trigger.py
[2023-04-22T01:55:44.535+0800] {processor.py:753} INFO - DAG(s) dict_keys(['latest_only_with_trigger']) retrieved from /home/gerardsho/airflow_env/lib/python3.8/site-packages/airflow/example_dags/example_latest_only_with_trigger.py
[2023-04-22T01:55:44.546+0800] {logging_mixin.py:137} INFO - [2023-04-22T01:55:44.546+0800] {dag.py:2705} INFO - Sync 1 DAGs
[2023-04-22T01:55:44.556+0800] {logging_mixin.py:137} INFO - [2023-04-22T01:55:44.556+0800] {dag.py:3452} INFO - Setting next_dagrun for latest_only_with_trigger to 2023-04-21T13:55:44.556556+00:00, run_after=2023-04-21T17:55:44.556556+00:00
[2023-04-22T01:55:44.574+0800] {processor.py:175} INFO - Processing /home/gerardsho/airflow_env/lib/python3.8/site-packages/airflow/example_dags/example_latest_only_with_trigger.py took 0.052 seconds
[2023-04-22T01:56:25.614+0800] {processor.py:153} INFO - Started process (PID=3257) to work on /home/gerardsho/airflow_env/lib/python3.8/site-packages/airflow/example_dags/example_latest_only_with_trigger.py
[2023-04-22T01:56:25.618+0800] {processor.py:743} INFO - Processing file /home/gerardsho/airflow_env/lib/python3.8/site-packages/airflow/example_dags/example_latest_only_with_trigger.py for tasks to queue
[2023-04-22T01:56:25.618+0800] {logging_mixin.py:137} INFO - [2023-04-22T01:56:25.618+0800] {dagbag.py:532} INFO - Filling up the DagBag from /home/gerardsho/airflow_env/lib/python3.8/site-packages/airflow/example_dags/example_latest_only_with_trigger.py
[2023-04-22T01:56:25.626+0800] {processor.py:753} INFO - DAG(s) dict_keys(['latest_only_with_trigger']) retrieved from /home/gerardsho/airflow_env/lib/python3.8/site-packages/airflow/example_dags/example_latest_only_with_trigger.py
[2023-04-22T01:56:25.637+0800] {logging_mixin.py:137} INFO - [2023-04-22T01:56:25.637+0800] {dag.py:2705} INFO - Sync 1 DAGs
[2023-04-22T01:56:25.648+0800] {logging_mixin.py:137} INFO - [2023-04-22T01:56:25.648+0800] {dag.py:3452} INFO - Setting next_dagrun for latest_only_with_trigger to 2023-04-21T13:56:25.648175+00:00, run_after=2023-04-21T17:56:25.648175+00:00
[2023-04-22T01:56:25.664+0800] {processor.py:175} INFO - Processing /home/gerardsho/airflow_env/lib/python3.8/site-packages/airflow/example_dags/example_latest_only_with_trigger.py took 0.052 seconds
[2023-04-22T01:57:05.579+0800] {processor.py:153} INFO - Started process (PID=3303) to work on /home/gerardsho/airflow_env/lib/python3.8/site-packages/airflow/example_dags/example_latest_only_with_trigger.py
[2023-04-22T01:57:05.582+0800] {processor.py:743} INFO - Processing file /home/gerardsho/airflow_env/lib/python3.8/site-packages/airflow/example_dags/example_latest_only_with_trigger.py for tasks to queue
[2023-04-22T01:57:05.583+0800] {logging_mixin.py:137} INFO - [2023-04-22T01:57:05.583+0800] {dagbag.py:532} INFO - Filling up the DagBag from /home/gerardsho/airflow_env/lib/python3.8/site-packages/airflow/example_dags/example_latest_only_with_trigger.py
[2023-04-22T01:57:05.595+0800] {processor.py:753} INFO - DAG(s) dict_keys(['latest_only_with_trigger']) retrieved from /home/gerardsho/airflow_env/lib/python3.8/site-packages/airflow/example_dags/example_latest_only_with_trigger.py
[2023-04-22T01:57:05.615+0800] {logging_mixin.py:137} INFO - [2023-04-22T01:57:05.615+0800] {dag.py:2705} INFO - Sync 1 DAGs
[2023-04-22T01:57:05.633+0800] {logging_mixin.py:137} INFO - [2023-04-22T01:57:05.633+0800] {dag.py:3452} INFO - Setting next_dagrun for latest_only_with_trigger to 2023-04-21T13:57:05.633416+00:00, run_after=2023-04-21T17:57:05.633416+00:00
[2023-04-22T01:57:05.657+0800] {processor.py:175} INFO - Processing /home/gerardsho/airflow_env/lib/python3.8/site-packages/airflow/example_dags/example_latest_only_with_trigger.py took 0.081 seconds
[2023-04-22T01:57:46.731+0800] {processor.py:153} INFO - Started process (PID=3351) to work on /home/gerardsho/airflow_env/lib/python3.8/site-packages/airflow/example_dags/example_latest_only_with_trigger.py
[2023-04-22T01:57:46.734+0800] {processor.py:743} INFO - Processing file /home/gerardsho/airflow_env/lib/python3.8/site-packages/airflow/example_dags/example_latest_only_with_trigger.py for tasks to queue
[2023-04-22T01:57:46.735+0800] {logging_mixin.py:137} INFO - [2023-04-22T01:57:46.735+0800] {dagbag.py:532} INFO - Filling up the DagBag from /home/gerardsho/airflow_env/lib/python3.8/site-packages/airflow/example_dags/example_latest_only_with_trigger.py
[2023-04-22T01:57:46.742+0800] {processor.py:753} INFO - DAG(s) dict_keys(['latest_only_with_trigger']) retrieved from /home/gerardsho/airflow_env/lib/python3.8/site-packages/airflow/example_dags/example_latest_only_with_trigger.py
[2023-04-22T01:57:46.754+0800] {logging_mixin.py:137} INFO - [2023-04-22T01:57:46.754+0800] {dag.py:2705} INFO - Sync 1 DAGs
[2023-04-22T01:57:46.766+0800] {logging_mixin.py:137} INFO - [2023-04-22T01:57:46.765+0800] {dag.py:3452} INFO - Setting next_dagrun for latest_only_with_trigger to 2023-04-21T13:57:46.765742+00:00, run_after=2023-04-21T17:57:46.765742+00:00
[2023-04-22T01:57:46.786+0800] {processor.py:175} INFO - Processing /home/gerardsho/airflow_env/lib/python3.8/site-packages/airflow/example_dags/example_latest_only_with_trigger.py took 0.057 seconds
[2023-04-22T01:58:26.989+0800] {processor.py:153} INFO - Started process (PID=3397) to work on /home/gerardsho/airflow_env/lib/python3.8/site-packages/airflow/example_dags/example_latest_only_with_trigger.py
[2023-04-22T01:58:26.993+0800] {processor.py:743} INFO - Processing file /home/gerardsho/airflow_env/lib/python3.8/site-packages/airflow/example_dags/example_latest_only_with_trigger.py for tasks to queue
[2023-04-22T01:58:26.993+0800] {logging_mixin.py:137} INFO - [2023-04-22T01:58:26.993+0800] {dagbag.py:532} INFO - Filling up the DagBag from /home/gerardsho/airflow_env/lib/python3.8/site-packages/airflow/example_dags/example_latest_only_with_trigger.py
[2023-04-22T01:58:27.001+0800] {processor.py:753} INFO - DAG(s) dict_keys(['latest_only_with_trigger']) retrieved from /home/gerardsho/airflow_env/lib/python3.8/site-packages/airflow/example_dags/example_latest_only_with_trigger.py
[2023-04-22T01:58:27.012+0800] {logging_mixin.py:137} INFO - [2023-04-22T01:58:27.012+0800] {dag.py:2705} INFO - Sync 1 DAGs
[2023-04-22T01:58:27.023+0800] {logging_mixin.py:137} INFO - [2023-04-22T01:58:27.023+0800] {dag.py:3452} INFO - Setting next_dagrun for latest_only_with_trigger to 2023-04-21T13:58:27.023125+00:00, run_after=2023-04-21T17:58:27.023125+00:00
[2023-04-22T01:58:27.041+0800] {processor.py:175} INFO - Processing /home/gerardsho/airflow_env/lib/python3.8/site-packages/airflow/example_dags/example_latest_only_with_trigger.py took 0.054 seconds
[2023-04-22T01:59:08.081+0800] {processor.py:153} INFO - Started process (PID=3439) to work on /home/gerardsho/airflow_env/lib/python3.8/site-packages/airflow/example_dags/example_latest_only_with_trigger.py
[2023-04-22T01:59:08.082+0800] {processor.py:743} INFO - Processing file /home/gerardsho/airflow_env/lib/python3.8/site-packages/airflow/example_dags/example_latest_only_with_trigger.py for tasks to queue
[2023-04-22T01:59:08.082+0800] {logging_mixin.py:137} INFO - [2023-04-22T01:59:08.082+0800] {dagbag.py:532} INFO - Filling up the DagBag from /home/gerardsho/airflow_env/lib/python3.8/site-packages/airflow/example_dags/example_latest_only_with_trigger.py
[2023-04-22T01:59:08.090+0800] {processor.py:753} INFO - DAG(s) dict_keys(['latest_only_with_trigger']) retrieved from /home/gerardsho/airflow_env/lib/python3.8/site-packages/airflow/example_dags/example_latest_only_with_trigger.py
[2023-04-22T01:59:08.101+0800] {logging_mixin.py:137} INFO - [2023-04-22T01:59:08.101+0800] {dag.py:2705} INFO - Sync 1 DAGs
[2023-04-22T01:59:08.112+0800] {logging_mixin.py:137} INFO - [2023-04-22T01:59:08.112+0800] {dag.py:3452} INFO - Setting next_dagrun for latest_only_with_trigger to 2023-04-21T13:59:08.111988+00:00, run_after=2023-04-21T17:59:08.111988+00:00
[2023-04-22T01:59:08.130+0800] {processor.py:175} INFO - Processing /home/gerardsho/airflow_env/lib/python3.8/site-packages/airflow/example_dags/example_latest_only_with_trigger.py took 0.052 seconds
[2023-04-22T01:59:47.552+0800] {processor.py:153} INFO - Started process (PID=3481) to work on /home/gerardsho/airflow_env/lib/python3.8/site-packages/airflow/example_dags/example_latest_only_with_trigger.py
[2023-04-22T01:59:47.556+0800] {processor.py:743} INFO - Processing file /home/gerardsho/airflow_env/lib/python3.8/site-packages/airflow/example_dags/example_latest_only_with_trigger.py for tasks to queue
[2023-04-22T01:59:47.557+0800] {logging_mixin.py:137} INFO - [2023-04-22T01:59:47.556+0800] {dagbag.py:532} INFO - Filling up the DagBag from /home/gerardsho/airflow_env/lib/python3.8/site-packages/airflow/example_dags/example_latest_only_with_trigger.py
[2023-04-22T01:59:47.565+0800] {processor.py:753} INFO - DAG(s) dict_keys(['latest_only_with_trigger']) retrieved from /home/gerardsho/airflow_env/lib/python3.8/site-packages/airflow/example_dags/example_latest_only_with_trigger.py
[2023-04-22T01:59:47.575+0800] {logging_mixin.py:137} INFO - [2023-04-22T01:59:47.575+0800] {dag.py:2705} INFO - Sync 1 DAGs
[2023-04-22T01:59:47.585+0800] {logging_mixin.py:137} INFO - [2023-04-22T01:59:47.585+0800] {dag.py:3452} INFO - Setting next_dagrun for latest_only_with_trigger to 2023-04-21T13:59:47.585515+00:00, run_after=2023-04-21T17:59:47.585515+00:00
[2023-04-22T01:59:47.602+0800] {processor.py:175} INFO - Processing /home/gerardsho/airflow_env/lib/python3.8/site-packages/airflow/example_dags/example_latest_only_with_trigger.py took 0.052 seconds
[2023-04-22T02:01:03.806+0800] {processor.py:153} INFO - Started process (PID=3538) to work on /home/gerardsho/airflow_env/lib/python3.8/site-packages/airflow/example_dags/example_latest_only_with_trigger.py
[2023-04-22T02:01:03.809+0800] {processor.py:743} INFO - Processing file /home/gerardsho/airflow_env/lib/python3.8/site-packages/airflow/example_dags/example_latest_only_with_trigger.py for tasks to queue
[2023-04-22T02:01:03.810+0800] {logging_mixin.py:137} INFO - [2023-04-22T02:01:03.810+0800] {dagbag.py:532} INFO - Filling up the DagBag from /home/gerardsho/airflow_env/lib/python3.8/site-packages/airflow/example_dags/example_latest_only_with_trigger.py
[2023-04-22T02:01:03.818+0800] {processor.py:753} INFO - DAG(s) dict_keys(['latest_only_with_trigger']) retrieved from /home/gerardsho/airflow_env/lib/python3.8/site-packages/airflow/example_dags/example_latest_only_with_trigger.py
[2023-04-22T02:01:03.886+0800] {logging_mixin.py:137} INFO - [2023-04-22T02:01:03.886+0800] {manager.py:504} INFO - Created Permission View: can edit on DAG:latest_only_with_trigger
[2023-04-22T02:01:03.894+0800] {logging_mixin.py:137} INFO - [2023-04-22T02:01:03.894+0800] {manager.py:504} INFO - Created Permission View: can delete on DAG:latest_only_with_trigger
[2023-04-22T02:01:03.902+0800] {logging_mixin.py:137} INFO - [2023-04-22T02:01:03.902+0800] {manager.py:504} INFO - Created Permission View: can read on DAG:latest_only_with_trigger
[2023-04-22T02:01:03.902+0800] {logging_mixin.py:137} INFO - [2023-04-22T02:01:03.902+0800] {dag.py:2705} INFO - Sync 1 DAGs
[2023-04-22T02:01:03.908+0800] {logging_mixin.py:137} INFO - [2023-04-22T02:01:03.908+0800] {dag.py:2726} INFO - Creating ORM DAG for latest_only_with_trigger
[2023-04-22T02:01:03.912+0800] {logging_mixin.py:137} INFO - [2023-04-22T02:01:03.912+0800] {dag.py:3452} INFO - Setting next_dagrun for latest_only_with_trigger to 2023-04-21T14:01:03.912527+00:00, run_after=2023-04-21T18:01:03.912527+00:00
[2023-04-22T02:01:03.931+0800] {processor.py:175} INFO - Processing /home/gerardsho/airflow_env/lib/python3.8/site-packages/airflow/example_dags/example_latest_only_with_trigger.py took 0.127 seconds
[2023-04-22T02:01:44.603+0800] {processor.py:153} INFO - Started process (PID=3588) to work on /home/gerardsho/airflow_env/lib/python3.8/site-packages/airflow/example_dags/example_latest_only_with_trigger.py
[2023-04-22T02:01:44.606+0800] {processor.py:743} INFO - Processing file /home/gerardsho/airflow_env/lib/python3.8/site-packages/airflow/example_dags/example_latest_only_with_trigger.py for tasks to queue
[2023-04-22T02:01:44.607+0800] {logging_mixin.py:137} INFO - [2023-04-22T02:01:44.607+0800] {dagbag.py:532} INFO - Filling up the DagBag from /home/gerardsho/airflow_env/lib/python3.8/site-packages/airflow/example_dags/example_latest_only_with_trigger.py
[2023-04-22T02:01:44.618+0800] {processor.py:753} INFO - DAG(s) dict_keys(['latest_only_with_trigger']) retrieved from /home/gerardsho/airflow_env/lib/python3.8/site-packages/airflow/example_dags/example_latest_only_with_trigger.py
[2023-04-22T02:01:44.633+0800] {logging_mixin.py:137} INFO - [2023-04-22T02:01:44.633+0800] {dag.py:2705} INFO - Sync 1 DAGs
[2023-04-22T02:01:44.646+0800] {logging_mixin.py:137} INFO - [2023-04-22T02:01:44.646+0800] {dag.py:3452} INFO - Setting next_dagrun for latest_only_with_trigger to 2023-04-21T14:01:44.646340+00:00, run_after=2023-04-21T18:01:44.646340+00:00
[2023-04-22T02:01:44.665+0800] {processor.py:175} INFO - Processing /home/gerardsho/airflow_env/lib/python3.8/site-packages/airflow/example_dags/example_latest_only_with_trigger.py took 0.064 seconds
[2023-04-22T02:02:26.255+0800] {processor.py:153} INFO - Started process (PID=3632) to work on /home/gerardsho/airflow_env/lib/python3.8/site-packages/airflow/example_dags/example_latest_only_with_trigger.py
[2023-04-22T02:02:26.258+0800] {processor.py:743} INFO - Processing file /home/gerardsho/airflow_env/lib/python3.8/site-packages/airflow/example_dags/example_latest_only_with_trigger.py for tasks to queue
[2023-04-22T02:02:26.259+0800] {logging_mixin.py:137} INFO - [2023-04-22T02:02:26.259+0800] {dagbag.py:532} INFO - Filling up the DagBag from /home/gerardsho/airflow_env/lib/python3.8/site-packages/airflow/example_dags/example_latest_only_with_trigger.py
[2023-04-22T02:02:26.273+0800] {processor.py:753} INFO - DAG(s) dict_keys(['latest_only_with_trigger']) retrieved from /home/gerardsho/airflow_env/lib/python3.8/site-packages/airflow/example_dags/example_latest_only_with_trigger.py
[2023-04-22T02:02:26.289+0800] {logging_mixin.py:137} INFO - [2023-04-22T02:02:26.289+0800] {dag.py:2705} INFO - Sync 1 DAGs
[2023-04-22T02:02:26.301+0800] {logging_mixin.py:137} INFO - [2023-04-22T02:02:26.301+0800] {dag.py:3452} INFO - Setting next_dagrun for latest_only_with_trigger to 2023-04-21T14:02:26.301220+00:00, run_after=2023-04-21T18:02:26.301220+00:00
[2023-04-22T02:02:26.318+0800] {processor.py:175} INFO - Processing /home/gerardsho/airflow_env/lib/python3.8/site-packages/airflow/example_dags/example_latest_only_with_trigger.py took 0.064 seconds
[2023-04-22T02:03:07.427+0800] {processor.py:153} INFO - Started process (PID=3682) to work on /home/gerardsho/airflow_env/lib/python3.8/site-packages/airflow/example_dags/example_latest_only_with_trigger.py
[2023-04-22T02:03:07.429+0800] {processor.py:743} INFO - Processing file /home/gerardsho/airflow_env/lib/python3.8/site-packages/airflow/example_dags/example_latest_only_with_trigger.py for tasks to queue
[2023-04-22T02:03:07.430+0800] {logging_mixin.py:137} INFO - [2023-04-22T02:03:07.430+0800] {dagbag.py:532} INFO - Filling up the DagBag from /home/gerardsho/airflow_env/lib/python3.8/site-packages/airflow/example_dags/example_latest_only_with_trigger.py
[2023-04-22T02:03:07.442+0800] {processor.py:753} INFO - DAG(s) dict_keys(['latest_only_with_trigger']) retrieved from /home/gerardsho/airflow_env/lib/python3.8/site-packages/airflow/example_dags/example_latest_only_with_trigger.py
[2023-04-22T02:03:07.456+0800] {logging_mixin.py:137} INFO - [2023-04-22T02:03:07.455+0800] {dag.py:2705} INFO - Sync 1 DAGs
[2023-04-22T02:03:07.469+0800] {logging_mixin.py:137} INFO - [2023-04-22T02:03:07.469+0800] {dag.py:3452} INFO - Setting next_dagrun for latest_only_with_trigger to 2023-04-21T14:03:07.468748+00:00, run_after=2023-04-21T18:03:07.468748+00:00
[2023-04-22T02:03:07.504+0800] {processor.py:175} INFO - Processing /home/gerardsho/airflow_env/lib/python3.8/site-packages/airflow/example_dags/example_latest_only_with_trigger.py took 0.083 seconds
[2023-04-22T02:03:47.927+0800] {processor.py:153} INFO - Started process (PID=3732) to work on /home/gerardsho/airflow_env/lib/python3.8/site-packages/airflow/example_dags/example_latest_only_with_trigger.py
[2023-04-22T02:03:47.930+0800] {processor.py:743} INFO - Processing file /home/gerardsho/airflow_env/lib/python3.8/site-packages/airflow/example_dags/example_latest_only_with_trigger.py for tasks to queue
[2023-04-22T02:03:47.931+0800] {logging_mixin.py:137} INFO - [2023-04-22T02:03:47.931+0800] {dagbag.py:532} INFO - Filling up the DagBag from /home/gerardsho/airflow_env/lib/python3.8/site-packages/airflow/example_dags/example_latest_only_with_trigger.py
[2023-04-22T02:03:47.940+0800] {processor.py:753} INFO - DAG(s) dict_keys(['latest_only_with_trigger']) retrieved from /home/gerardsho/airflow_env/lib/python3.8/site-packages/airflow/example_dags/example_latest_only_with_trigger.py
[2023-04-22T02:03:47.954+0800] {logging_mixin.py:137} INFO - [2023-04-22T02:03:47.954+0800] {dag.py:2705} INFO - Sync 1 DAGs
[2023-04-22T02:03:47.969+0800] {logging_mixin.py:137} INFO - [2023-04-22T02:03:47.968+0800] {dag.py:3452} INFO - Setting next_dagrun for latest_only_with_trigger to 2023-04-21T14:03:47.968739+00:00, run_after=2023-04-21T18:03:47.968739+00:00
[2023-04-22T02:03:47.986+0800] {processor.py:175} INFO - Processing /home/gerardsho/airflow_env/lib/python3.8/site-packages/airflow/example_dags/example_latest_only_with_trigger.py took 0.062 seconds
[2023-04-22T02:04:29.163+0800] {processor.py:153} INFO - Started process (PID=3775) to work on /home/gerardsho/airflow_env/lib/python3.8/site-packages/airflow/example_dags/example_latest_only_with_trigger.py
[2023-04-22T02:04:29.166+0800] {processor.py:743} INFO - Processing file /home/gerardsho/airflow_env/lib/python3.8/site-packages/airflow/example_dags/example_latest_only_with_trigger.py for tasks to queue
[2023-04-22T02:04:29.167+0800] {logging_mixin.py:137} INFO - [2023-04-22T02:04:29.166+0800] {dagbag.py:532} INFO - Filling up the DagBag from /home/gerardsho/airflow_env/lib/python3.8/site-packages/airflow/example_dags/example_latest_only_with_trigger.py
[2023-04-22T02:04:29.174+0800] {processor.py:753} INFO - DAG(s) dict_keys(['latest_only_with_trigger']) retrieved from /home/gerardsho/airflow_env/lib/python3.8/site-packages/airflow/example_dags/example_latest_only_with_trigger.py
[2023-04-22T02:04:29.185+0800] {logging_mixin.py:137} INFO - [2023-04-22T02:04:29.185+0800] {dag.py:2705} INFO - Sync 1 DAGs
[2023-04-22T02:04:29.196+0800] {logging_mixin.py:137} INFO - [2023-04-22T02:04:29.195+0800] {dag.py:3452} INFO - Setting next_dagrun for latest_only_with_trigger to 2023-04-21T14:04:29.195776+00:00, run_after=2023-04-21T18:04:29.195776+00:00
[2023-04-22T02:04:29.213+0800] {processor.py:175} INFO - Processing /home/gerardsho/airflow_env/lib/python3.8/site-packages/airflow/example_dags/example_latest_only_with_trigger.py took 0.053 seconds
