[2023-04-22T01:48:55.710+0800] {processor.py:153} INFO - Started process (PID=2754) to work on /home/gerardsho/airflow_env/lib/python3.8/site-packages/airflow/example_dags/example_dynamic_task_mapping.py
[2023-04-22T01:48:55.711+0800] {processor.py:743} INFO - Processing file /home/gerardsho/airflow_env/lib/python3.8/site-packages/airflow/example_dags/example_dynamic_task_mapping.py for tasks to queue
[2023-04-22T01:48:55.711+0800] {logging_mixin.py:137} INFO - [2023-04-22T01:48:55.711+0800] {dagbag.py:532} INFO - Filling up the DagBag from /home/gerardsho/airflow_env/lib/python3.8/site-packages/airflow/example_dags/example_dynamic_task_mapping.py
[2023-04-22T01:48:55.725+0800] {processor.py:753} INFO - DAG(s) dict_keys(['example_dynamic_task_mapping']) retrieved from /home/gerardsho/airflow_env/lib/python3.8/site-packages/airflow/example_dags/example_dynamic_task_mapping.py
[2023-04-22T01:48:55.796+0800] {logging_mixin.py:137} INFO - [2023-04-22T01:48:55.796+0800] {manager.py:504} INFO - Created Permission View: can edit on DAG:example_dynamic_task_mapping
[2023-04-22T01:48:55.809+0800] {logging_mixin.py:137} INFO - [2023-04-22T01:48:55.809+0800] {manager.py:504} INFO - Created Permission View: can delete on DAG:example_dynamic_task_mapping
[2023-04-22T01:48:55.819+0800] {logging_mixin.py:137} INFO - [2023-04-22T01:48:55.819+0800] {manager.py:504} INFO - Created Permission View: can read on DAG:example_dynamic_task_mapping
[2023-04-22T01:48:55.819+0800] {logging_mixin.py:137} INFO - [2023-04-22T01:48:55.819+0800] {dag.py:2705} INFO - Sync 1 DAGs
[2023-04-22T01:48:55.825+0800] {logging_mixin.py:137} INFO - [2023-04-22T01:48:55.825+0800] {dag.py:2726} INFO - Creating ORM DAG for example_dynamic_task_mapping
[2023-04-22T01:48:55.830+0800] {logging_mixin.py:137} INFO - [2023-04-22T01:48:55.830+0800] {dag.py:3452} INFO - Setting next_dagrun for example_dynamic_task_mapping to 2022-03-04T00:00:00+00:00, run_after=2022-03-05T00:00:00+00:00
[2023-04-22T01:48:55.847+0800] {processor.py:175} INFO - Processing /home/gerardsho/airflow_env/lib/python3.8/site-packages/airflow/example_dags/example_dynamic_task_mapping.py took 0.139 seconds
[2023-04-22T01:49:38.511+0800] {processor.py:153} INFO - Started process (PID=2798) to work on /home/gerardsho/airflow_env/lib/python3.8/site-packages/airflow/example_dags/example_dynamic_task_mapping.py
[2023-04-22T01:49:38.514+0800] {processor.py:743} INFO - Processing file /home/gerardsho/airflow_env/lib/python3.8/site-packages/airflow/example_dags/example_dynamic_task_mapping.py for tasks to queue
[2023-04-22T01:49:38.515+0800] {logging_mixin.py:137} INFO - [2023-04-22T01:49:38.515+0800] {dagbag.py:532} INFO - Filling up the DagBag from /home/gerardsho/airflow_env/lib/python3.8/site-packages/airflow/example_dags/example_dynamic_task_mapping.py
[2023-04-22T01:49:38.529+0800] {processor.py:753} INFO - DAG(s) dict_keys(['example_dynamic_task_mapping']) retrieved from /home/gerardsho/airflow_env/lib/python3.8/site-packages/airflow/example_dags/example_dynamic_task_mapping.py
[2023-04-22T01:49:38.540+0800] {logging_mixin.py:137} INFO - [2023-04-22T01:49:38.540+0800] {dag.py:2705} INFO - Sync 1 DAGs
[2023-04-22T01:49:38.553+0800] {logging_mixin.py:137} INFO - [2023-04-22T01:49:38.552+0800] {dag.py:3452} INFO - Setting next_dagrun for example_dynamic_task_mapping to 2022-03-04T00:00:00+00:00, run_after=2022-03-05T00:00:00+00:00
[2023-04-22T01:49:38.570+0800] {processor.py:175} INFO - Processing /home/gerardsho/airflow_env/lib/python3.8/site-packages/airflow/example_dags/example_dynamic_task_mapping.py took 0.061 seconds
[2023-04-22T01:50:16.535+0800] {processor.py:153} INFO - Started process (PID=2842) to work on /home/gerardsho/airflow_env/lib/python3.8/site-packages/airflow/example_dags/example_dynamic_task_mapping.py
[2023-04-22T01:50:16.539+0800] {processor.py:743} INFO - Processing file /home/gerardsho/airflow_env/lib/python3.8/site-packages/airflow/example_dags/example_dynamic_task_mapping.py for tasks to queue
[2023-04-22T01:50:16.539+0800] {logging_mixin.py:137} INFO - [2023-04-22T01:50:16.539+0800] {dagbag.py:532} INFO - Filling up the DagBag from /home/gerardsho/airflow_env/lib/python3.8/site-packages/airflow/example_dags/example_dynamic_task_mapping.py
[2023-04-22T01:50:16.552+0800] {processor.py:753} INFO - DAG(s) dict_keys(['example_dynamic_task_mapping']) retrieved from /home/gerardsho/airflow_env/lib/python3.8/site-packages/airflow/example_dags/example_dynamic_task_mapping.py
[2023-04-22T01:50:16.563+0800] {logging_mixin.py:137} INFO - [2023-04-22T01:50:16.563+0800] {dag.py:2705} INFO - Sync 1 DAGs
[2023-04-22T01:50:16.576+0800] {logging_mixin.py:137} INFO - [2023-04-22T01:50:16.576+0800] {dag.py:3452} INFO - Setting next_dagrun for example_dynamic_task_mapping to 2022-03-04T00:00:00+00:00, run_after=2022-03-05T00:00:00+00:00
[2023-04-22T01:50:16.593+0800] {processor.py:175} INFO - Processing /home/gerardsho/airflow_env/lib/python3.8/site-packages/airflow/example_dags/example_dynamic_task_mapping.py took 0.060 seconds
[2023-04-22T01:50:57.339+0800] {processor.py:153} INFO - Started process (PID=2887) to work on /home/gerardsho/airflow_env/lib/python3.8/site-packages/airflow/example_dags/example_dynamic_task_mapping.py
[2023-04-22T01:50:57.342+0800] {processor.py:743} INFO - Processing file /home/gerardsho/airflow_env/lib/python3.8/site-packages/airflow/example_dags/example_dynamic_task_mapping.py for tasks to queue
[2023-04-22T01:50:57.343+0800] {logging_mixin.py:137} INFO - [2023-04-22T01:50:57.343+0800] {dagbag.py:532} INFO - Filling up the DagBag from /home/gerardsho/airflow_env/lib/python3.8/site-packages/airflow/example_dags/example_dynamic_task_mapping.py
[2023-04-22T01:50:57.357+0800] {processor.py:753} INFO - DAG(s) dict_keys(['example_dynamic_task_mapping']) retrieved from /home/gerardsho/airflow_env/lib/python3.8/site-packages/airflow/example_dags/example_dynamic_task_mapping.py
[2023-04-22T01:50:57.367+0800] {logging_mixin.py:137} INFO - [2023-04-22T01:50:57.367+0800] {dag.py:2705} INFO - Sync 1 DAGs
[2023-04-22T01:50:57.377+0800] {logging_mixin.py:137} INFO - [2023-04-22T01:50:57.377+0800] {dag.py:3452} INFO - Setting next_dagrun for example_dynamic_task_mapping to 2022-03-04T00:00:00+00:00, run_after=2022-03-05T00:00:00+00:00
[2023-04-22T01:50:57.395+0800] {processor.py:175} INFO - Processing /home/gerardsho/airflow_env/lib/python3.8/site-packages/airflow/example_dags/example_dynamic_task_mapping.py took 0.058 seconds
[2023-04-22T01:51:40.077+0800] {processor.py:153} INFO - Started process (PID=2941) to work on /home/gerardsho/airflow_env/lib/python3.8/site-packages/airflow/example_dags/example_dynamic_task_mapping.py
[2023-04-22T01:51:40.080+0800] {processor.py:743} INFO - Processing file /home/gerardsho/airflow_env/lib/python3.8/site-packages/airflow/example_dags/example_dynamic_task_mapping.py for tasks to queue
[2023-04-22T01:51:40.081+0800] {logging_mixin.py:137} INFO - [2023-04-22T01:51:40.081+0800] {dagbag.py:532} INFO - Filling up the DagBag from /home/gerardsho/airflow_env/lib/python3.8/site-packages/airflow/example_dags/example_dynamic_task_mapping.py
[2023-04-22T01:51:40.094+0800] {processor.py:753} INFO - DAG(s) dict_keys(['example_dynamic_task_mapping']) retrieved from /home/gerardsho/airflow_env/lib/python3.8/site-packages/airflow/example_dags/example_dynamic_task_mapping.py
[2023-04-22T01:51:40.105+0800] {logging_mixin.py:137} INFO - [2023-04-22T01:51:40.105+0800] {dag.py:2705} INFO - Sync 1 DAGs
[2023-04-22T01:51:40.116+0800] {logging_mixin.py:137} INFO - [2023-04-22T01:51:40.116+0800] {dag.py:3452} INFO - Setting next_dagrun for example_dynamic_task_mapping to 2022-03-04T00:00:00+00:00, run_after=2022-03-05T00:00:00+00:00
[2023-04-22T01:51:40.133+0800] {processor.py:175} INFO - Processing /home/gerardsho/airflow_env/lib/python3.8/site-packages/airflow/example_dags/example_dynamic_task_mapping.py took 0.058 seconds
[2023-04-22T01:52:20.621+0800] {processor.py:153} INFO - Started process (PID=2991) to work on /home/gerardsho/airflow_env/lib/python3.8/site-packages/airflow/example_dags/example_dynamic_task_mapping.py
[2023-04-22T01:52:20.624+0800] {processor.py:743} INFO - Processing file /home/gerardsho/airflow_env/lib/python3.8/site-packages/airflow/example_dags/example_dynamic_task_mapping.py for tasks to queue
[2023-04-22T01:52:20.625+0800] {logging_mixin.py:137} INFO - [2023-04-22T01:52:20.625+0800] {dagbag.py:532} INFO - Filling up the DagBag from /home/gerardsho/airflow_env/lib/python3.8/site-packages/airflow/example_dags/example_dynamic_task_mapping.py
[2023-04-22T01:52:20.640+0800] {processor.py:753} INFO - DAG(s) dict_keys(['example_dynamic_task_mapping']) retrieved from /home/gerardsho/airflow_env/lib/python3.8/site-packages/airflow/example_dags/example_dynamic_task_mapping.py
[2023-04-22T01:52:20.652+0800] {logging_mixin.py:137} INFO - [2023-04-22T01:52:20.652+0800] {dag.py:2705} INFO - Sync 1 DAGs
[2023-04-22T01:52:20.665+0800] {logging_mixin.py:137} INFO - [2023-04-22T01:52:20.665+0800] {dag.py:3452} INFO - Setting next_dagrun for example_dynamic_task_mapping to 2022-03-04T00:00:00+00:00, run_after=2022-03-05T00:00:00+00:00
[2023-04-22T01:52:20.683+0800] {processor.py:175} INFO - Processing /home/gerardsho/airflow_env/lib/python3.8/site-packages/airflow/example_dags/example_dynamic_task_mapping.py took 0.063 seconds
[2023-04-22T01:53:01.854+0800] {processor.py:153} INFO - Started process (PID=3033) to work on /home/gerardsho/airflow_env/lib/python3.8/site-packages/airflow/example_dags/example_dynamic_task_mapping.py
[2023-04-22T01:53:01.857+0800] {processor.py:743} INFO - Processing file /home/gerardsho/airflow_env/lib/python3.8/site-packages/airflow/example_dags/example_dynamic_task_mapping.py for tasks to queue
[2023-04-22T01:53:01.858+0800] {logging_mixin.py:137} INFO - [2023-04-22T01:53:01.858+0800] {dagbag.py:532} INFO - Filling up the DagBag from /home/gerardsho/airflow_env/lib/python3.8/site-packages/airflow/example_dags/example_dynamic_task_mapping.py
[2023-04-22T01:53:01.875+0800] {processor.py:753} INFO - DAG(s) dict_keys(['example_dynamic_task_mapping']) retrieved from /home/gerardsho/airflow_env/lib/python3.8/site-packages/airflow/example_dags/example_dynamic_task_mapping.py
[2023-04-22T01:53:01.887+0800] {logging_mixin.py:137} INFO - [2023-04-22T01:53:01.887+0800] {dag.py:2705} INFO - Sync 1 DAGs
[2023-04-22T01:53:01.897+0800] {logging_mixin.py:137} INFO - [2023-04-22T01:53:01.897+0800] {dag.py:3452} INFO - Setting next_dagrun for example_dynamic_task_mapping to 2022-03-04T00:00:00+00:00, run_after=2022-03-05T00:00:00+00:00
[2023-04-22T01:53:01.920+0800] {processor.py:175} INFO - Processing /home/gerardsho/airflow_env/lib/python3.8/site-packages/airflow/example_dags/example_dynamic_task_mapping.py took 0.068 seconds
[2023-04-22T01:53:41.565+0800] {processor.py:153} INFO - Started process (PID=3075) to work on /home/gerardsho/airflow_env/lib/python3.8/site-packages/airflow/example_dags/example_dynamic_task_mapping.py
[2023-04-22T01:53:41.568+0800] {processor.py:743} INFO - Processing file /home/gerardsho/airflow_env/lib/python3.8/site-packages/airflow/example_dags/example_dynamic_task_mapping.py for tasks to queue
[2023-04-22T01:53:41.568+0800] {logging_mixin.py:137} INFO - [2023-04-22T01:53:41.568+0800] {dagbag.py:532} INFO - Filling up the DagBag from /home/gerardsho/airflow_env/lib/python3.8/site-packages/airflow/example_dags/example_dynamic_task_mapping.py
[2023-04-22T01:53:41.583+0800] {processor.py:753} INFO - DAG(s) dict_keys(['example_dynamic_task_mapping']) retrieved from /home/gerardsho/airflow_env/lib/python3.8/site-packages/airflow/example_dags/example_dynamic_task_mapping.py
[2023-04-22T01:53:41.593+0800] {logging_mixin.py:137} INFO - [2023-04-22T01:53:41.593+0800] {dag.py:2705} INFO - Sync 1 DAGs
[2023-04-22T01:53:41.605+0800] {logging_mixin.py:137} INFO - [2023-04-22T01:53:41.605+0800] {dag.py:3452} INFO - Setting next_dagrun for example_dynamic_task_mapping to 2022-03-04T00:00:00+00:00, run_after=2022-03-05T00:00:00+00:00
[2023-04-22T01:53:41.622+0800] {processor.py:175} INFO - Processing /home/gerardsho/airflow_env/lib/python3.8/site-packages/airflow/example_dags/example_dynamic_task_mapping.py took 0.060 seconds
[2023-04-22T01:54:21.149+0800] {processor.py:153} INFO - Started process (PID=3118) to work on /home/gerardsho/airflow_env/lib/python3.8/site-packages/airflow/example_dags/example_dynamic_task_mapping.py
[2023-04-22T01:54:21.150+0800] {processor.py:743} INFO - Processing file /home/gerardsho/airflow_env/lib/python3.8/site-packages/airflow/example_dags/example_dynamic_task_mapping.py for tasks to queue
[2023-04-22T01:54:21.151+0800] {logging_mixin.py:137} INFO - [2023-04-22T01:54:21.150+0800] {dagbag.py:532} INFO - Filling up the DagBag from /home/gerardsho/airflow_env/lib/python3.8/site-packages/airflow/example_dags/example_dynamic_task_mapping.py
[2023-04-22T01:54:21.169+0800] {processor.py:753} INFO - DAG(s) dict_keys(['example_dynamic_task_mapping']) retrieved from /home/gerardsho/airflow_env/lib/python3.8/site-packages/airflow/example_dags/example_dynamic_task_mapping.py
[2023-04-22T01:54:21.184+0800] {logging_mixin.py:137} INFO - [2023-04-22T01:54:21.184+0800] {dag.py:2705} INFO - Sync 1 DAGs
[2023-04-22T01:54:21.201+0800] {logging_mixin.py:137} INFO - [2023-04-22T01:54:21.201+0800] {dag.py:3452} INFO - Setting next_dagrun for example_dynamic_task_mapping to 2022-03-04T00:00:00+00:00, run_after=2022-03-05T00:00:00+00:00
[2023-04-22T01:54:21.219+0800] {processor.py:175} INFO - Processing /home/gerardsho/airflow_env/lib/python3.8/site-packages/airflow/example_dags/example_dynamic_task_mapping.py took 0.072 seconds
[2023-04-22T01:55:02.943+0800] {processor.py:153} INFO - Started process (PID=3163) to work on /home/gerardsho/airflow_env/lib/python3.8/site-packages/airflow/example_dags/example_dynamic_task_mapping.py
[2023-04-22T01:55:02.946+0800] {processor.py:743} INFO - Processing file /home/gerardsho/airflow_env/lib/python3.8/site-packages/airflow/example_dags/example_dynamic_task_mapping.py for tasks to queue
[2023-04-22T01:55:02.946+0800] {logging_mixin.py:137} INFO - [2023-04-22T01:55:02.946+0800] {dagbag.py:532} INFO - Filling up the DagBag from /home/gerardsho/airflow_env/lib/python3.8/site-packages/airflow/example_dags/example_dynamic_task_mapping.py
[2023-04-22T01:55:02.959+0800] {processor.py:753} INFO - DAG(s) dict_keys(['example_dynamic_task_mapping']) retrieved from /home/gerardsho/airflow_env/lib/python3.8/site-packages/airflow/example_dags/example_dynamic_task_mapping.py
[2023-04-22T01:55:02.969+0800] {logging_mixin.py:137} INFO - [2023-04-22T01:55:02.969+0800] {dag.py:2705} INFO - Sync 1 DAGs
[2023-04-22T01:55:02.979+0800] {logging_mixin.py:137} INFO - [2023-04-22T01:55:02.979+0800] {dag.py:3452} INFO - Setting next_dagrun for example_dynamic_task_mapping to 2022-03-04T00:00:00+00:00, run_after=2022-03-05T00:00:00+00:00
[2023-04-22T01:55:03.013+0800] {processor.py:175} INFO - Processing /home/gerardsho/airflow_env/lib/python3.8/site-packages/airflow/example_dags/example_dynamic_task_mapping.py took 0.072 seconds
[2023-04-22T01:55:43.390+0800] {processor.py:153} INFO - Started process (PID=3210) to work on /home/gerardsho/airflow_env/lib/python3.8/site-packages/airflow/example_dags/example_dynamic_task_mapping.py
[2023-04-22T01:55:43.393+0800] {processor.py:743} INFO - Processing file /home/gerardsho/airflow_env/lib/python3.8/site-packages/airflow/example_dags/example_dynamic_task_mapping.py for tasks to queue
[2023-04-22T01:55:43.394+0800] {logging_mixin.py:137} INFO - [2023-04-22T01:55:43.394+0800] {dagbag.py:532} INFO - Filling up the DagBag from /home/gerardsho/airflow_env/lib/python3.8/site-packages/airflow/example_dags/example_dynamic_task_mapping.py
[2023-04-22T01:55:43.407+0800] {processor.py:753} INFO - DAG(s) dict_keys(['example_dynamic_task_mapping']) retrieved from /home/gerardsho/airflow_env/lib/python3.8/site-packages/airflow/example_dags/example_dynamic_task_mapping.py
[2023-04-22T01:55:43.417+0800] {logging_mixin.py:137} INFO - [2023-04-22T01:55:43.417+0800] {dag.py:2705} INFO - Sync 1 DAGs
[2023-04-22T01:55:43.427+0800] {logging_mixin.py:137} INFO - [2023-04-22T01:55:43.427+0800] {dag.py:3452} INFO - Setting next_dagrun for example_dynamic_task_mapping to 2022-03-04T00:00:00+00:00, run_after=2022-03-05T00:00:00+00:00
[2023-04-22T01:55:43.445+0800] {processor.py:175} INFO - Processing /home/gerardsho/airflow_env/lib/python3.8/site-packages/airflow/example_dags/example_dynamic_task_mapping.py took 0.057 seconds
[2023-04-22T01:56:24.482+0800] {processor.py:153} INFO - Started process (PID=3255) to work on /home/gerardsho/airflow_env/lib/python3.8/site-packages/airflow/example_dags/example_dynamic_task_mapping.py
[2023-04-22T01:56:24.485+0800] {processor.py:743} INFO - Processing file /home/gerardsho/airflow_env/lib/python3.8/site-packages/airflow/example_dags/example_dynamic_task_mapping.py for tasks to queue
[2023-04-22T01:56:24.486+0800] {logging_mixin.py:137} INFO - [2023-04-22T01:56:24.485+0800] {dagbag.py:532} INFO - Filling up the DagBag from /home/gerardsho/airflow_env/lib/python3.8/site-packages/airflow/example_dags/example_dynamic_task_mapping.py
[2023-04-22T01:56:24.499+0800] {processor.py:753} INFO - DAG(s) dict_keys(['example_dynamic_task_mapping']) retrieved from /home/gerardsho/airflow_env/lib/python3.8/site-packages/airflow/example_dags/example_dynamic_task_mapping.py
[2023-04-22T01:56:24.510+0800] {logging_mixin.py:137} INFO - [2023-04-22T01:56:24.510+0800] {dag.py:2705} INFO - Sync 1 DAGs
[2023-04-22T01:56:24.520+0800] {logging_mixin.py:137} INFO - [2023-04-22T01:56:24.520+0800] {dag.py:3452} INFO - Setting next_dagrun for example_dynamic_task_mapping to 2022-03-04T00:00:00+00:00, run_after=2022-03-05T00:00:00+00:00
[2023-04-22T01:56:24.539+0800] {processor.py:175} INFO - Processing /home/gerardsho/airflow_env/lib/python3.8/site-packages/airflow/example_dags/example_dynamic_task_mapping.py took 0.059 seconds
[2023-04-22T01:57:04.429+0800] {processor.py:153} INFO - Started process (PID=3302) to work on /home/gerardsho/airflow_env/lib/python3.8/site-packages/airflow/example_dags/example_dynamic_task_mapping.py
[2023-04-22T01:57:04.433+0800] {processor.py:743} INFO - Processing file /home/gerardsho/airflow_env/lib/python3.8/site-packages/airflow/example_dags/example_dynamic_task_mapping.py for tasks to queue
[2023-04-22T01:57:04.434+0800] {logging_mixin.py:137} INFO - [2023-04-22T01:57:04.434+0800] {dagbag.py:532} INFO - Filling up the DagBag from /home/gerardsho/airflow_env/lib/python3.8/site-packages/airflow/example_dags/example_dynamic_task_mapping.py
[2023-04-22T01:57:04.466+0800] {processor.py:753} INFO - DAG(s) dict_keys(['example_dynamic_task_mapping']) retrieved from /home/gerardsho/airflow_env/lib/python3.8/site-packages/airflow/example_dags/example_dynamic_task_mapping.py
[2023-04-22T01:57:04.485+0800] {logging_mixin.py:137} INFO - [2023-04-22T01:57:04.485+0800] {dag.py:2705} INFO - Sync 1 DAGs
[2023-04-22T01:57:04.501+0800] {logging_mixin.py:137} INFO - [2023-04-22T01:57:04.501+0800] {dag.py:3452} INFO - Setting next_dagrun for example_dynamic_task_mapping to 2022-03-04T00:00:00+00:00, run_after=2022-03-05T00:00:00+00:00
[2023-04-22T01:57:04.519+0800] {processor.py:175} INFO - Processing /home/gerardsho/airflow_env/lib/python3.8/site-packages/airflow/example_dags/example_dynamic_task_mapping.py took 0.092 seconds
[2023-04-22T01:57:45.580+0800] {processor.py:153} INFO - Started process (PID=3350) to work on /home/gerardsho/airflow_env/lib/python3.8/site-packages/airflow/example_dags/example_dynamic_task_mapping.py
[2023-04-22T01:57:45.583+0800] {processor.py:743} INFO - Processing file /home/gerardsho/airflow_env/lib/python3.8/site-packages/airflow/example_dags/example_dynamic_task_mapping.py for tasks to queue
[2023-04-22T01:57:45.584+0800] {logging_mixin.py:137} INFO - [2023-04-22T01:57:45.584+0800] {dagbag.py:532} INFO - Filling up the DagBag from /home/gerardsho/airflow_env/lib/python3.8/site-packages/airflow/example_dags/example_dynamic_task_mapping.py
[2023-04-22T01:57:45.595+0800] {processor.py:753} INFO - DAG(s) dict_keys(['example_dynamic_task_mapping']) retrieved from /home/gerardsho/airflow_env/lib/python3.8/site-packages/airflow/example_dags/example_dynamic_task_mapping.py
[2023-04-22T01:57:45.606+0800] {logging_mixin.py:137} INFO - [2023-04-22T01:57:45.606+0800] {dag.py:2705} INFO - Sync 1 DAGs
[2023-04-22T01:57:45.618+0800] {logging_mixin.py:137} INFO - [2023-04-22T01:57:45.617+0800] {dag.py:3452} INFO - Setting next_dagrun for example_dynamic_task_mapping to 2022-03-04T00:00:00+00:00, run_after=2022-03-05T00:00:00+00:00
[2023-04-22T01:57:45.636+0800] {processor.py:175} INFO - Processing /home/gerardsho/airflow_env/lib/python3.8/site-packages/airflow/example_dags/example_dynamic_task_mapping.py took 0.058 seconds
[2023-04-22T01:58:26.356+0800] {processor.py:153} INFO - Started process (PID=3396) to work on /home/gerardsho/airflow_env/lib/python3.8/site-packages/airflow/example_dags/example_dynamic_task_mapping.py
[2023-04-22T01:58:26.359+0800] {processor.py:743} INFO - Processing file /home/gerardsho/airflow_env/lib/python3.8/site-packages/airflow/example_dags/example_dynamic_task_mapping.py for tasks to queue
[2023-04-22T01:58:26.359+0800] {logging_mixin.py:137} INFO - [2023-04-22T01:58:26.359+0800] {dagbag.py:532} INFO - Filling up the DagBag from /home/gerardsho/airflow_env/lib/python3.8/site-packages/airflow/example_dags/example_dynamic_task_mapping.py
[2023-04-22T01:58:26.375+0800] {processor.py:753} INFO - DAG(s) dict_keys(['example_dynamic_task_mapping']) retrieved from /home/gerardsho/airflow_env/lib/python3.8/site-packages/airflow/example_dags/example_dynamic_task_mapping.py
[2023-04-22T01:58:26.399+0800] {logging_mixin.py:137} INFO - [2023-04-22T01:58:26.399+0800] {dag.py:2705} INFO - Sync 1 DAGs
[2023-04-22T01:58:26.446+0800] {logging_mixin.py:137} INFO - [2023-04-22T01:58:26.445+0800] {dag.py:3452} INFO - Setting next_dagrun for example_dynamic_task_mapping to 2022-03-04T00:00:00+00:00, run_after=2022-03-05T00:00:00+00:00
[2023-04-22T01:58:26.469+0800] {processor.py:175} INFO - Processing /home/gerardsho/airflow_env/lib/python3.8/site-packages/airflow/example_dags/example_dynamic_task_mapping.py took 0.116 seconds
[2023-04-22T01:59:07.358+0800] {processor.py:153} INFO - Started process (PID=3438) to work on /home/gerardsho/airflow_env/lib/python3.8/site-packages/airflow/example_dags/example_dynamic_task_mapping.py
[2023-04-22T01:59:07.360+0800] {processor.py:743} INFO - Processing file /home/gerardsho/airflow_env/lib/python3.8/site-packages/airflow/example_dags/example_dynamic_task_mapping.py for tasks to queue
[2023-04-22T01:59:07.361+0800] {logging_mixin.py:137} INFO - [2023-04-22T01:59:07.361+0800] {dagbag.py:532} INFO - Filling up the DagBag from /home/gerardsho/airflow_env/lib/python3.8/site-packages/airflow/example_dags/example_dynamic_task_mapping.py
[2023-04-22T01:59:07.374+0800] {processor.py:753} INFO - DAG(s) dict_keys(['example_dynamic_task_mapping']) retrieved from /home/gerardsho/airflow_env/lib/python3.8/site-packages/airflow/example_dags/example_dynamic_task_mapping.py
[2023-04-22T01:59:07.385+0800] {logging_mixin.py:137} INFO - [2023-04-22T01:59:07.385+0800] {dag.py:2705} INFO - Sync 1 DAGs
[2023-04-22T01:59:07.396+0800] {logging_mixin.py:137} INFO - [2023-04-22T01:59:07.395+0800] {dag.py:3452} INFO - Setting next_dagrun for example_dynamic_task_mapping to 2022-03-04T00:00:00+00:00, run_after=2022-03-05T00:00:00+00:00
[2023-04-22T01:59:07.414+0800] {processor.py:175} INFO - Processing /home/gerardsho/airflow_env/lib/python3.8/site-packages/airflow/example_dags/example_dynamic_task_mapping.py took 0.058 seconds
[2023-04-22T01:59:46.417+0800] {processor.py:153} INFO - Started process (PID=3480) to work on /home/gerardsho/airflow_env/lib/python3.8/site-packages/airflow/example_dags/example_dynamic_task_mapping.py
[2023-04-22T01:59:46.420+0800] {processor.py:743} INFO - Processing file /home/gerardsho/airflow_env/lib/python3.8/site-packages/airflow/example_dags/example_dynamic_task_mapping.py for tasks to queue
[2023-04-22T01:59:46.421+0800] {logging_mixin.py:137} INFO - [2023-04-22T01:59:46.421+0800] {dagbag.py:532} INFO - Filling up the DagBag from /home/gerardsho/airflow_env/lib/python3.8/site-packages/airflow/example_dags/example_dynamic_task_mapping.py
[2023-04-22T01:59:46.433+0800] {processor.py:753} INFO - DAG(s) dict_keys(['example_dynamic_task_mapping']) retrieved from /home/gerardsho/airflow_env/lib/python3.8/site-packages/airflow/example_dags/example_dynamic_task_mapping.py
[2023-04-22T01:59:46.443+0800] {logging_mixin.py:137} INFO - [2023-04-22T01:59:46.443+0800] {dag.py:2705} INFO - Sync 1 DAGs
[2023-04-22T01:59:46.453+0800] {logging_mixin.py:137} INFO - [2023-04-22T01:59:46.453+0800] {dag.py:3452} INFO - Setting next_dagrun for example_dynamic_task_mapping to 2022-03-04T00:00:00+00:00, run_after=2022-03-05T00:00:00+00:00
[2023-04-22T01:59:46.470+0800] {processor.py:175} INFO - Processing /home/gerardsho/airflow_env/lib/python3.8/site-packages/airflow/example_dags/example_dynamic_task_mapping.py took 0.056 seconds
[2023-04-22T02:01:03.412+0800] {processor.py:153} INFO - Started process (PID=3537) to work on /home/gerardsho/airflow_env/lib/python3.8/site-packages/airflow/example_dags/example_dynamic_task_mapping.py
[2023-04-22T02:01:03.416+0800] {processor.py:743} INFO - Processing file /home/gerardsho/airflow_env/lib/python3.8/site-packages/airflow/example_dags/example_dynamic_task_mapping.py for tasks to queue
[2023-04-22T02:01:03.417+0800] {logging_mixin.py:137} INFO - [2023-04-22T02:01:03.416+0800] {dagbag.py:532} INFO - Filling up the DagBag from /home/gerardsho/airflow_env/lib/python3.8/site-packages/airflow/example_dags/example_dynamic_task_mapping.py
[2023-04-22T02:01:03.432+0800] {processor.py:753} INFO - DAG(s) dict_keys(['example_dynamic_task_mapping']) retrieved from /home/gerardsho/airflow_env/lib/python3.8/site-packages/airflow/example_dags/example_dynamic_task_mapping.py
[2023-04-22T02:01:03.508+0800] {logging_mixin.py:137} INFO - [2023-04-22T02:01:03.508+0800] {manager.py:504} INFO - Created Permission View: can edit on DAG:example_dynamic_task_mapping
[2023-04-22T02:01:03.519+0800] {logging_mixin.py:137} INFO - [2023-04-22T02:01:03.519+0800] {manager.py:504} INFO - Created Permission View: can delete on DAG:example_dynamic_task_mapping
[2023-04-22T02:01:03.529+0800] {logging_mixin.py:137} INFO - [2023-04-22T02:01:03.528+0800] {manager.py:504} INFO - Created Permission View: can read on DAG:example_dynamic_task_mapping
[2023-04-22T02:01:03.529+0800] {logging_mixin.py:137} INFO - [2023-04-22T02:01:03.529+0800] {dag.py:2705} INFO - Sync 1 DAGs
[2023-04-22T02:01:03.534+0800] {logging_mixin.py:137} INFO - [2023-04-22T02:01:03.534+0800] {dag.py:2726} INFO - Creating ORM DAG for example_dynamic_task_mapping
[2023-04-22T02:01:03.538+0800] {logging_mixin.py:137} INFO - [2023-04-22T02:01:03.538+0800] {dag.py:3452} INFO - Setting next_dagrun for example_dynamic_task_mapping to 2022-03-04T00:00:00+00:00, run_after=2022-03-05T00:00:00+00:00
[2023-04-22T02:01:03.553+0800] {processor.py:175} INFO - Processing /home/gerardsho/airflow_env/lib/python3.8/site-packages/airflow/example_dags/example_dynamic_task_mapping.py took 0.143 seconds
[2023-04-22T02:01:43.470+0800] {processor.py:153} INFO - Started process (PID=3587) to work on /home/gerardsho/airflow_env/lib/python3.8/site-packages/airflow/example_dags/example_dynamic_task_mapping.py
[2023-04-22T02:01:43.473+0800] {processor.py:743} INFO - Processing file /home/gerardsho/airflow_env/lib/python3.8/site-packages/airflow/example_dags/example_dynamic_task_mapping.py for tasks to queue
[2023-04-22T02:01:43.474+0800] {logging_mixin.py:137} INFO - [2023-04-22T02:01:43.474+0800] {dagbag.py:532} INFO - Filling up the DagBag from /home/gerardsho/airflow_env/lib/python3.8/site-packages/airflow/example_dags/example_dynamic_task_mapping.py
[2023-04-22T02:01:43.488+0800] {processor.py:753} INFO - DAG(s) dict_keys(['example_dynamic_task_mapping']) retrieved from /home/gerardsho/airflow_env/lib/python3.8/site-packages/airflow/example_dags/example_dynamic_task_mapping.py
[2023-04-22T02:01:43.499+0800] {logging_mixin.py:137} INFO - [2023-04-22T02:01:43.499+0800] {dag.py:2705} INFO - Sync 1 DAGs
[2023-04-22T02:01:43.510+0800] {logging_mixin.py:137} INFO - [2023-04-22T02:01:43.510+0800] {dag.py:3452} INFO - Setting next_dagrun for example_dynamic_task_mapping to 2022-03-04T00:00:00+00:00, run_after=2022-03-05T00:00:00+00:00
[2023-04-22T02:01:43.527+0800] {processor.py:175} INFO - Processing /home/gerardsho/airflow_env/lib/python3.8/site-packages/airflow/example_dags/example_dynamic_task_mapping.py took 0.059 seconds
[2023-04-22T02:02:25.129+0800] {processor.py:153} INFO - Started process (PID=3629) to work on /home/gerardsho/airflow_env/lib/python3.8/site-packages/airflow/example_dags/example_dynamic_task_mapping.py
[2023-04-22T02:02:25.132+0800] {processor.py:743} INFO - Processing file /home/gerardsho/airflow_env/lib/python3.8/site-packages/airflow/example_dags/example_dynamic_task_mapping.py for tasks to queue
[2023-04-22T02:02:25.132+0800] {logging_mixin.py:137} INFO - [2023-04-22T02:02:25.132+0800] {dagbag.py:532} INFO - Filling up the DagBag from /home/gerardsho/airflow_env/lib/python3.8/site-packages/airflow/example_dags/example_dynamic_task_mapping.py
[2023-04-22T02:02:25.146+0800] {processor.py:753} INFO - DAG(s) dict_keys(['example_dynamic_task_mapping']) retrieved from /home/gerardsho/airflow_env/lib/python3.8/site-packages/airflow/example_dags/example_dynamic_task_mapping.py
[2023-04-22T02:02:25.156+0800] {logging_mixin.py:137} INFO - [2023-04-22T02:02:25.156+0800] {dag.py:2705} INFO - Sync 1 DAGs
[2023-04-22T02:02:25.167+0800] {logging_mixin.py:137} INFO - [2023-04-22T02:02:25.167+0800] {dag.py:3452} INFO - Setting next_dagrun for example_dynamic_task_mapping to 2022-03-04T00:00:00+00:00, run_after=2022-03-05T00:00:00+00:00
[2023-04-22T02:02:25.183+0800] {processor.py:175} INFO - Processing /home/gerardsho/airflow_env/lib/python3.8/site-packages/airflow/example_dags/example_dynamic_task_mapping.py took 0.057 seconds
[2023-04-22T02:03:06.282+0800] {processor.py:153} INFO - Started process (PID=3681) to work on /home/gerardsho/airflow_env/lib/python3.8/site-packages/airflow/example_dags/example_dynamic_task_mapping.py
[2023-04-22T02:03:06.285+0800] {processor.py:743} INFO - Processing file /home/gerardsho/airflow_env/lib/python3.8/site-packages/airflow/example_dags/example_dynamic_task_mapping.py for tasks to queue
[2023-04-22T02:03:06.286+0800] {logging_mixin.py:137} INFO - [2023-04-22T02:03:06.286+0800] {dagbag.py:532} INFO - Filling up the DagBag from /home/gerardsho/airflow_env/lib/python3.8/site-packages/airflow/example_dags/example_dynamic_task_mapping.py
[2023-04-22T02:03:06.301+0800] {processor.py:753} INFO - DAG(s) dict_keys(['example_dynamic_task_mapping']) retrieved from /home/gerardsho/airflow_env/lib/python3.8/site-packages/airflow/example_dags/example_dynamic_task_mapping.py
[2023-04-22T02:03:06.312+0800] {logging_mixin.py:137} INFO - [2023-04-22T02:03:06.312+0800] {dag.py:2705} INFO - Sync 1 DAGs
[2023-04-22T02:03:06.327+0800] {logging_mixin.py:137} INFO - [2023-04-22T02:03:06.327+0800] {dag.py:3452} INFO - Setting next_dagrun for example_dynamic_task_mapping to 2022-03-04T00:00:00+00:00, run_after=2022-03-05T00:00:00+00:00
[2023-04-22T02:03:06.344+0800] {processor.py:175} INFO - Processing /home/gerardsho/airflow_env/lib/python3.8/site-packages/airflow/example_dags/example_dynamic_task_mapping.py took 0.064 seconds
[2023-04-22T02:03:46.790+0800] {processor.py:153} INFO - Started process (PID=3731) to work on /home/gerardsho/airflow_env/lib/python3.8/site-packages/airflow/example_dags/example_dynamic_task_mapping.py
[2023-04-22T02:03:46.793+0800] {processor.py:743} INFO - Processing file /home/gerardsho/airflow_env/lib/python3.8/site-packages/airflow/example_dags/example_dynamic_task_mapping.py for tasks to queue
[2023-04-22T02:03:46.794+0800] {logging_mixin.py:137} INFO - [2023-04-22T02:03:46.794+0800] {dagbag.py:532} INFO - Filling up the DagBag from /home/gerardsho/airflow_env/lib/python3.8/site-packages/airflow/example_dags/example_dynamic_task_mapping.py
[2023-04-22T02:03:46.807+0800] {processor.py:753} INFO - DAG(s) dict_keys(['example_dynamic_task_mapping']) retrieved from /home/gerardsho/airflow_env/lib/python3.8/site-packages/airflow/example_dags/example_dynamic_task_mapping.py
[2023-04-22T02:03:46.818+0800] {logging_mixin.py:137} INFO - [2023-04-22T02:03:46.818+0800] {dag.py:2705} INFO - Sync 1 DAGs
[2023-04-22T02:03:46.828+0800] {logging_mixin.py:137} INFO - [2023-04-22T02:03:46.828+0800] {dag.py:3452} INFO - Setting next_dagrun for example_dynamic_task_mapping to 2022-03-04T00:00:00+00:00, run_after=2022-03-05T00:00:00+00:00
[2023-04-22T02:03:46.845+0800] {processor.py:175} INFO - Processing /home/gerardsho/airflow_env/lib/python3.8/site-packages/airflow/example_dags/example_dynamic_task_mapping.py took 0.056 seconds
[2023-04-22T02:04:28.027+0800] {processor.py:153} INFO - Started process (PID=3774) to work on /home/gerardsho/airflow_env/lib/python3.8/site-packages/airflow/example_dags/example_dynamic_task_mapping.py
[2023-04-22T02:04:28.030+0800] {processor.py:743} INFO - Processing file /home/gerardsho/airflow_env/lib/python3.8/site-packages/airflow/example_dags/example_dynamic_task_mapping.py for tasks to queue
[2023-04-22T02:04:28.031+0800] {logging_mixin.py:137} INFO - [2023-04-22T02:04:28.031+0800] {dagbag.py:532} INFO - Filling up the DagBag from /home/gerardsho/airflow_env/lib/python3.8/site-packages/airflow/example_dags/example_dynamic_task_mapping.py
[2023-04-22T02:04:28.043+0800] {processor.py:753} INFO - DAG(s) dict_keys(['example_dynamic_task_mapping']) retrieved from /home/gerardsho/airflow_env/lib/python3.8/site-packages/airflow/example_dags/example_dynamic_task_mapping.py
[2023-04-22T02:04:28.054+0800] {logging_mixin.py:137} INFO - [2023-04-22T02:04:28.053+0800] {dag.py:2705} INFO - Sync 1 DAGs
[2023-04-22T02:04:28.064+0800] {logging_mixin.py:137} INFO - [2023-04-22T02:04:28.063+0800] {dag.py:3452} INFO - Setting next_dagrun for example_dynamic_task_mapping to 2022-03-04T00:00:00+00:00, run_after=2022-03-05T00:00:00+00:00
[2023-04-22T02:04:28.079+0800] {processor.py:175} INFO - Processing /home/gerardsho/airflow_env/lib/python3.8/site-packages/airflow/example_dags/example_dynamic_task_mapping.py took 0.054 seconds
[2023-04-22T02:05:08.680+0800] {processor.py:153} INFO - Started process (PID=3817) to work on /home/gerardsho/airflow_env/lib/python3.8/site-packages/airflow/example_dags/example_dynamic_task_mapping.py
[2023-04-22T02:05:08.684+0800] {processor.py:743} INFO - Processing file /home/gerardsho/airflow_env/lib/python3.8/site-packages/airflow/example_dags/example_dynamic_task_mapping.py for tasks to queue
[2023-04-22T02:05:08.684+0800] {logging_mixin.py:137} INFO - [2023-04-22T02:05:08.684+0800] {dagbag.py:532} INFO - Filling up the DagBag from /home/gerardsho/airflow_env/lib/python3.8/site-packages/airflow/example_dags/example_dynamic_task_mapping.py
[2023-04-22T02:05:08.700+0800] {processor.py:753} INFO - DAG(s) dict_keys(['example_dynamic_task_mapping']) retrieved from /home/gerardsho/airflow_env/lib/python3.8/site-packages/airflow/example_dags/example_dynamic_task_mapping.py
[2023-04-22T02:05:08.713+0800] {logging_mixin.py:137} INFO - [2023-04-22T02:05:08.712+0800] {dag.py:2705} INFO - Sync 1 DAGs
[2023-04-22T02:05:08.725+0800] {logging_mixin.py:137} INFO - [2023-04-22T02:05:08.724+0800] {dag.py:3452} INFO - Setting next_dagrun for example_dynamic_task_mapping to 2022-03-04T00:00:00+00:00, run_after=2022-03-05T00:00:00+00:00
[2023-04-22T02:05:08.743+0800] {processor.py:175} INFO - Processing /home/gerardsho/airflow_env/lib/python3.8/site-packages/airflow/example_dags/example_dynamic_task_mapping.py took 0.065 seconds
