[2023-04-22T01:48:15.426+0800] {processor.py:153} INFO - Started process (PID=2723) to work on /home/gerardsho/airflow_env/lib/python3.8/site-packages/airflow/example_dags/example_params_ui_tutorial.py
[2023-04-22T01:48:15.427+0800] {processor.py:743} INFO - Processing file /home/gerardsho/airflow_env/lib/python3.8/site-packages/airflow/example_dags/example_params_ui_tutorial.py for tasks to queue
[2023-04-22T01:48:15.428+0800] {logging_mixin.py:137} INFO - [2023-04-22T01:48:15.427+0800] {dagbag.py:532} INFO - Filling up the DagBag from /home/gerardsho/airflow_env/lib/python3.8/site-packages/airflow/example_dags/example_params_ui_tutorial.py
[2023-04-22T01:48:15.458+0800] {processor.py:753} INFO - DAG(s) dict_keys(['example_params_ui_tutorial']) retrieved from /home/gerardsho/airflow_env/lib/python3.8/site-packages/airflow/example_dags/example_params_ui_tutorial.py
[2023-04-22T01:48:15.599+0800] {logging_mixin.py:137} INFO - [2023-04-22T01:48:15.599+0800] {manager.py:504} INFO - Created Permission View: can edit on DAG:example_params_ui_tutorial
[2023-04-22T01:48:15.630+0800] {logging_mixin.py:137} INFO - [2023-04-22T01:48:15.630+0800] {manager.py:504} INFO - Created Permission View: can delete on DAG:example_params_ui_tutorial
[2023-04-22T01:48:15.660+0800] {logging_mixin.py:137} INFO - [2023-04-22T01:48:15.660+0800] {manager.py:504} INFO - Created Permission View: can read on DAG:example_params_ui_tutorial
[2023-04-22T01:48:15.660+0800] {logging_mixin.py:137} INFO - [2023-04-22T01:48:15.660+0800] {dag.py:2705} INFO - Sync 1 DAGs
[2023-04-22T01:48:15.668+0800] {logging_mixin.py:137} INFO - [2023-04-22T01:48:15.668+0800] {dag.py:2726} INFO - Creating ORM DAG for example_params_ui_tutorial
[2023-04-22T01:48:15.672+0800] {logging_mixin.py:137} INFO - [2023-04-22T01:48:15.672+0800] {dag.py:3452} INFO - Setting next_dagrun for example_params_ui_tutorial to None, run_after=None
[2023-04-22T01:48:15.725+0800] {processor.py:175} INFO - Processing /home/gerardsho/airflow_env/lib/python3.8/site-packages/airflow/example_dags/example_params_ui_tutorial.py took 0.300 seconds
[2023-04-22T01:49:06.500+0800] {processor.py:153} INFO - Started process (PID=2765) to work on /home/gerardsho/airflow_env/lib/python3.8/site-packages/airflow/example_dags/example_params_ui_tutorial.py
[2023-04-22T01:49:06.504+0800] {processor.py:743} INFO - Processing file /home/gerardsho/airflow_env/lib/python3.8/site-packages/airflow/example_dags/example_params_ui_tutorial.py for tasks to queue
[2023-04-22T01:49:06.504+0800] {logging_mixin.py:137} INFO - [2023-04-22T01:49:06.504+0800] {dagbag.py:532} INFO - Filling up the DagBag from /home/gerardsho/airflow_env/lib/python3.8/site-packages/airflow/example_dags/example_params_ui_tutorial.py
[2023-04-22T01:49:06.532+0800] {processor.py:753} INFO - DAG(s) dict_keys(['example_params_ui_tutorial']) retrieved from /home/gerardsho/airflow_env/lib/python3.8/site-packages/airflow/example_dags/example_params_ui_tutorial.py
[2023-04-22T01:49:06.561+0800] {logging_mixin.py:137} INFO - [2023-04-22T01:49:06.561+0800] {dag.py:2705} INFO - Sync 1 DAGs
[2023-04-22T01:49:06.571+0800] {logging_mixin.py:137} INFO - [2023-04-22T01:49:06.570+0800] {dag.py:3452} INFO - Setting next_dagrun for example_params_ui_tutorial to None, run_after=None
[2023-04-22T01:49:06.590+0800] {processor.py:175} INFO - Processing /home/gerardsho/airflow_env/lib/python3.8/site-packages/airflow/example_dags/example_params_ui_tutorial.py took 0.092 seconds
[2023-04-22T01:49:48.680+0800] {processor.py:153} INFO - Started process (PID=2809) to work on /home/gerardsho/airflow_env/lib/python3.8/site-packages/airflow/example_dags/example_params_ui_tutorial.py
[2023-04-22T01:49:48.683+0800] {processor.py:743} INFO - Processing file /home/gerardsho/airflow_env/lib/python3.8/site-packages/airflow/example_dags/example_params_ui_tutorial.py for tasks to queue
[2023-04-22T01:49:48.683+0800] {logging_mixin.py:137} INFO - [2023-04-22T01:49:48.683+0800] {dagbag.py:532} INFO - Filling up the DagBag from /home/gerardsho/airflow_env/lib/python3.8/site-packages/airflow/example_dags/example_params_ui_tutorial.py
[2023-04-22T01:49:48.715+0800] {processor.py:753} INFO - DAG(s) dict_keys(['example_params_ui_tutorial']) retrieved from /home/gerardsho/airflow_env/lib/python3.8/site-packages/airflow/example_dags/example_params_ui_tutorial.py
[2023-04-22T01:49:48.752+0800] {logging_mixin.py:137} INFO - [2023-04-22T01:49:48.752+0800] {dag.py:2705} INFO - Sync 1 DAGs
[2023-04-22T01:49:48.764+0800] {logging_mixin.py:137} INFO - [2023-04-22T01:49:48.763+0800] {dag.py:3452} INFO - Setting next_dagrun for example_params_ui_tutorial to None, run_after=None
[2023-04-22T01:49:48.783+0800] {processor.py:175} INFO - Processing /home/gerardsho/airflow_env/lib/python3.8/site-packages/airflow/example_dags/example_params_ui_tutorial.py took 0.106 seconds
[2023-04-22T01:50:26.939+0800] {processor.py:153} INFO - Started process (PID=2853) to work on /home/gerardsho/airflow_env/lib/python3.8/site-packages/airflow/example_dags/example_params_ui_tutorial.py
[2023-04-22T01:50:26.942+0800] {processor.py:743} INFO - Processing file /home/gerardsho/airflow_env/lib/python3.8/site-packages/airflow/example_dags/example_params_ui_tutorial.py for tasks to queue
[2023-04-22T01:50:26.943+0800] {logging_mixin.py:137} INFO - [2023-04-22T01:50:26.943+0800] {dagbag.py:532} INFO - Filling up the DagBag from /home/gerardsho/airflow_env/lib/python3.8/site-packages/airflow/example_dags/example_params_ui_tutorial.py
[2023-04-22T01:50:26.970+0800] {processor.py:753} INFO - DAG(s) dict_keys(['example_params_ui_tutorial']) retrieved from /home/gerardsho/airflow_env/lib/python3.8/site-packages/airflow/example_dags/example_params_ui_tutorial.py
[2023-04-22T01:50:26.999+0800] {logging_mixin.py:137} INFO - [2023-04-22T01:50:26.999+0800] {dag.py:2705} INFO - Sync 1 DAGs
[2023-04-22T01:50:27.010+0800] {logging_mixin.py:137} INFO - [2023-04-22T01:50:27.009+0800] {dag.py:3452} INFO - Setting next_dagrun for example_params_ui_tutorial to None, run_after=None
[2023-04-22T01:50:27.030+0800] {processor.py:175} INFO - Processing /home/gerardsho/airflow_env/lib/python3.8/site-packages/airflow/example_dags/example_params_ui_tutorial.py took 0.093 seconds
[2023-04-22T01:51:08.612+0800] {processor.py:153} INFO - Started process (PID=2899) to work on /home/gerardsho/airflow_env/lib/python3.8/site-packages/airflow/example_dags/example_params_ui_tutorial.py
[2023-04-22T01:51:08.614+0800] {processor.py:743} INFO - Processing file /home/gerardsho/airflow_env/lib/python3.8/site-packages/airflow/example_dags/example_params_ui_tutorial.py for tasks to queue
[2023-04-22T01:51:08.614+0800] {logging_mixin.py:137} INFO - [2023-04-22T01:51:08.614+0800] {dagbag.py:532} INFO - Filling up the DagBag from /home/gerardsho/airflow_env/lib/python3.8/site-packages/airflow/example_dags/example_params_ui_tutorial.py
[2023-04-22T01:51:08.690+0800] {processor.py:753} INFO - DAG(s) dict_keys(['example_params_ui_tutorial']) retrieved from /home/gerardsho/airflow_env/lib/python3.8/site-packages/airflow/example_dags/example_params_ui_tutorial.py
[2023-04-22T01:51:08.777+0800] {logging_mixin.py:137} INFO - [2023-04-22T01:51:08.777+0800] {dag.py:2705} INFO - Sync 1 DAGs
[2023-04-22T01:51:08.810+0800] {logging_mixin.py:137} INFO - [2023-04-22T01:51:08.809+0800] {dag.py:3452} INFO - Setting next_dagrun for example_params_ui_tutorial to None, run_after=None
[2023-04-22T01:51:08.870+0800] {processor.py:175} INFO - Processing /home/gerardsho/airflow_env/lib/python3.8/site-packages/airflow/example_dags/example_params_ui_tutorial.py took 0.260 seconds
[2023-04-22T01:51:50.196+0800] {processor.py:153} INFO - Started process (PID=2956) to work on /home/gerardsho/airflow_env/lib/python3.8/site-packages/airflow/example_dags/example_params_ui_tutorial.py
[2023-04-22T01:51:50.199+0800] {processor.py:743} INFO - Processing file /home/gerardsho/airflow_env/lib/python3.8/site-packages/airflow/example_dags/example_params_ui_tutorial.py for tasks to queue
[2023-04-22T01:51:50.199+0800] {logging_mixin.py:137} INFO - [2023-04-22T01:51:50.199+0800] {dagbag.py:532} INFO - Filling up the DagBag from /home/gerardsho/airflow_env/lib/python3.8/site-packages/airflow/example_dags/example_params_ui_tutorial.py
[2023-04-22T01:51:50.230+0800] {processor.py:753} INFO - DAG(s) dict_keys(['example_params_ui_tutorial']) retrieved from /home/gerardsho/airflow_env/lib/python3.8/site-packages/airflow/example_dags/example_params_ui_tutorial.py
[2023-04-22T01:51:50.264+0800] {logging_mixin.py:137} INFO - [2023-04-22T01:51:50.264+0800] {dag.py:2705} INFO - Sync 1 DAGs
[2023-04-22T01:51:50.276+0800] {logging_mixin.py:137} INFO - [2023-04-22T01:51:50.276+0800] {dag.py:3452} INFO - Setting next_dagrun for example_params_ui_tutorial to None, run_after=None
[2023-04-22T01:51:50.296+0800] {processor.py:175} INFO - Processing /home/gerardsho/airflow_env/lib/python3.8/site-packages/airflow/example_dags/example_params_ui_tutorial.py took 0.101 seconds
[2023-04-22T01:52:31.587+0800] {processor.py:153} INFO - Started process (PID=3002) to work on /home/gerardsho/airflow_env/lib/python3.8/site-packages/airflow/example_dags/example_params_ui_tutorial.py
[2023-04-22T01:52:31.590+0800] {processor.py:743} INFO - Processing file /home/gerardsho/airflow_env/lib/python3.8/site-packages/airflow/example_dags/example_params_ui_tutorial.py for tasks to queue
[2023-04-22T01:52:31.591+0800] {logging_mixin.py:137} INFO - [2023-04-22T01:52:31.591+0800] {dagbag.py:532} INFO - Filling up the DagBag from /home/gerardsho/airflow_env/lib/python3.8/site-packages/airflow/example_dags/example_params_ui_tutorial.py
[2023-04-22T01:52:31.618+0800] {processor.py:753} INFO - DAG(s) dict_keys(['example_params_ui_tutorial']) retrieved from /home/gerardsho/airflow_env/lib/python3.8/site-packages/airflow/example_dags/example_params_ui_tutorial.py
[2023-04-22T01:52:31.646+0800] {logging_mixin.py:137} INFO - [2023-04-22T01:52:31.646+0800] {dag.py:2705} INFO - Sync 1 DAGs
[2023-04-22T01:52:31.656+0800] {logging_mixin.py:137} INFO - [2023-04-22T01:52:31.656+0800] {dag.py:3452} INFO - Setting next_dagrun for example_params_ui_tutorial to None, run_after=None
[2023-04-22T01:52:31.679+0800] {processor.py:175} INFO - Processing /home/gerardsho/airflow_env/lib/python3.8/site-packages/airflow/example_dags/example_params_ui_tutorial.py took 0.094 seconds
[2023-04-22T01:53:13.224+0800] {processor.py:153} INFO - Started process (PID=3044) to work on /home/gerardsho/airflow_env/lib/python3.8/site-packages/airflow/example_dags/example_params_ui_tutorial.py
[2023-04-22T01:53:13.228+0800] {processor.py:743} INFO - Processing file /home/gerardsho/airflow_env/lib/python3.8/site-packages/airflow/example_dags/example_params_ui_tutorial.py for tasks to queue
[2023-04-22T01:53:13.228+0800] {logging_mixin.py:137} INFO - [2023-04-22T01:53:13.228+0800] {dagbag.py:532} INFO - Filling up the DagBag from /home/gerardsho/airflow_env/lib/python3.8/site-packages/airflow/example_dags/example_params_ui_tutorial.py
[2023-04-22T01:53:13.255+0800] {processor.py:753} INFO - DAG(s) dict_keys(['example_params_ui_tutorial']) retrieved from /home/gerardsho/airflow_env/lib/python3.8/site-packages/airflow/example_dags/example_params_ui_tutorial.py
[2023-04-22T01:53:13.284+0800] {logging_mixin.py:137} INFO - [2023-04-22T01:53:13.284+0800] {dag.py:2705} INFO - Sync 1 DAGs
[2023-04-22T01:53:13.294+0800] {logging_mixin.py:137} INFO - [2023-04-22T01:53:13.294+0800] {dag.py:3452} INFO - Setting next_dagrun for example_params_ui_tutorial to None, run_after=None
[2023-04-22T01:53:13.314+0800] {processor.py:175} INFO - Processing /home/gerardsho/airflow_env/lib/python3.8/site-packages/airflow/example_dags/example_params_ui_tutorial.py took 0.092 seconds
[2023-04-22T01:53:51.690+0800] {processor.py:153} INFO - Started process (PID=3086) to work on /home/gerardsho/airflow_env/lib/python3.8/site-packages/airflow/example_dags/example_params_ui_tutorial.py
[2023-04-22T01:53:51.693+0800] {processor.py:743} INFO - Processing file /home/gerardsho/airflow_env/lib/python3.8/site-packages/airflow/example_dags/example_params_ui_tutorial.py for tasks to queue
[2023-04-22T01:53:51.693+0800] {logging_mixin.py:137} INFO - [2023-04-22T01:53:51.693+0800] {dagbag.py:532} INFO - Filling up the DagBag from /home/gerardsho/airflow_env/lib/python3.8/site-packages/airflow/example_dags/example_params_ui_tutorial.py
[2023-04-22T01:53:51.719+0800] {processor.py:753} INFO - DAG(s) dict_keys(['example_params_ui_tutorial']) retrieved from /home/gerardsho/airflow_env/lib/python3.8/site-packages/airflow/example_dags/example_params_ui_tutorial.py
[2023-04-22T01:53:51.749+0800] {logging_mixin.py:137} INFO - [2023-04-22T01:53:51.749+0800] {dag.py:2705} INFO - Sync 1 DAGs
[2023-04-22T01:53:51.759+0800] {logging_mixin.py:137} INFO - [2023-04-22T01:53:51.759+0800] {dag.py:3452} INFO - Setting next_dagrun for example_params_ui_tutorial to None, run_after=None
[2023-04-22T01:53:51.776+0800] {processor.py:175} INFO - Processing /home/gerardsho/airflow_env/lib/python3.8/site-packages/airflow/example_dags/example_params_ui_tutorial.py took 0.089 seconds
[2023-04-22T01:54:31.438+0800] {processor.py:153} INFO - Started process (PID=3130) to work on /home/gerardsho/airflow_env/lib/python3.8/site-packages/airflow/example_dags/example_params_ui_tutorial.py
[2023-04-22T01:54:31.441+0800] {processor.py:743} INFO - Processing file /home/gerardsho/airflow_env/lib/python3.8/site-packages/airflow/example_dags/example_params_ui_tutorial.py for tasks to queue
[2023-04-22T01:54:31.441+0800] {logging_mixin.py:137} INFO - [2023-04-22T01:54:31.441+0800] {dagbag.py:532} INFO - Filling up the DagBag from /home/gerardsho/airflow_env/lib/python3.8/site-packages/airflow/example_dags/example_params_ui_tutorial.py
[2023-04-22T01:54:31.471+0800] {processor.py:753} INFO - DAG(s) dict_keys(['example_params_ui_tutorial']) retrieved from /home/gerardsho/airflow_env/lib/python3.8/site-packages/airflow/example_dags/example_params_ui_tutorial.py
[2023-04-22T01:54:31.522+0800] {logging_mixin.py:137} INFO - [2023-04-22T01:54:31.522+0800] {dag.py:2705} INFO - Sync 1 DAGs
[2023-04-22T01:54:31.539+0800] {logging_mixin.py:137} INFO - [2023-04-22T01:54:31.539+0800] {dag.py:3452} INFO - Setting next_dagrun for example_params_ui_tutorial to None, run_after=None
[2023-04-22T01:54:31.559+0800] {processor.py:175} INFO - Processing /home/gerardsho/airflow_env/lib/python3.8/site-packages/airflow/example_dags/example_params_ui_tutorial.py took 0.123 seconds
[2023-04-22T01:55:14.670+0800] {processor.py:153} INFO - Started process (PID=3176) to work on /home/gerardsho/airflow_env/lib/python3.8/site-packages/airflow/example_dags/example_params_ui_tutorial.py
[2023-04-22T01:55:14.673+0800] {processor.py:743} INFO - Processing file /home/gerardsho/airflow_env/lib/python3.8/site-packages/airflow/example_dags/example_params_ui_tutorial.py for tasks to queue
[2023-04-22T01:55:14.674+0800] {logging_mixin.py:137} INFO - [2023-04-22T01:55:14.674+0800] {dagbag.py:532} INFO - Filling up the DagBag from /home/gerardsho/airflow_env/lib/python3.8/site-packages/airflow/example_dags/example_params_ui_tutorial.py
[2023-04-22T01:55:14.701+0800] {processor.py:753} INFO - DAG(s) dict_keys(['example_params_ui_tutorial']) retrieved from /home/gerardsho/airflow_env/lib/python3.8/site-packages/airflow/example_dags/example_params_ui_tutorial.py
[2023-04-22T01:55:14.730+0800] {logging_mixin.py:137} INFO - [2023-04-22T01:55:14.730+0800] {dag.py:2705} INFO - Sync 1 DAGs
[2023-04-22T01:55:14.740+0800] {logging_mixin.py:137} INFO - [2023-04-22T01:55:14.740+0800] {dag.py:3452} INFO - Setting next_dagrun for example_params_ui_tutorial to None, run_after=None
[2023-04-22T01:55:14.761+0800] {processor.py:175} INFO - Processing /home/gerardsho/airflow_env/lib/python3.8/site-packages/airflow/example_dags/example_params_ui_tutorial.py took 0.093 seconds
[2023-04-22T01:55:53.683+0800] {processor.py:153} INFO - Started process (PID=3221) to work on /home/gerardsho/airflow_env/lib/python3.8/site-packages/airflow/example_dags/example_params_ui_tutorial.py
[2023-04-22T01:55:53.686+0800] {processor.py:743} INFO - Processing file /home/gerardsho/airflow_env/lib/python3.8/site-packages/airflow/example_dags/example_params_ui_tutorial.py for tasks to queue
[2023-04-22T01:55:53.687+0800] {logging_mixin.py:137} INFO - [2023-04-22T01:55:53.687+0800] {dagbag.py:532} INFO - Filling up the DagBag from /home/gerardsho/airflow_env/lib/python3.8/site-packages/airflow/example_dags/example_params_ui_tutorial.py
[2023-04-22T01:55:53.720+0800] {processor.py:753} INFO - DAG(s) dict_keys(['example_params_ui_tutorial']) retrieved from /home/gerardsho/airflow_env/lib/python3.8/site-packages/airflow/example_dags/example_params_ui_tutorial.py
[2023-04-22T01:55:53.760+0800] {logging_mixin.py:137} INFO - [2023-04-22T01:55:53.760+0800] {dag.py:2705} INFO - Sync 1 DAGs
[2023-04-22T01:55:53.771+0800] {logging_mixin.py:137} INFO - [2023-04-22T01:55:53.771+0800] {dag.py:3452} INFO - Setting next_dagrun for example_params_ui_tutorial to None, run_after=None
[2023-04-22T01:55:53.795+0800] {processor.py:175} INFO - Processing /home/gerardsho/airflow_env/lib/python3.8/site-packages/airflow/example_dags/example_params_ui_tutorial.py took 0.114 seconds
[2023-04-22T01:56:35.908+0800] {processor.py:153} INFO - Started process (PID=3268) to work on /home/gerardsho/airflow_env/lib/python3.8/site-packages/airflow/example_dags/example_params_ui_tutorial.py
[2023-04-22T01:56:35.912+0800] {processor.py:743} INFO - Processing file /home/gerardsho/airflow_env/lib/python3.8/site-packages/airflow/example_dags/example_params_ui_tutorial.py for tasks to queue
[2023-04-22T01:56:35.912+0800] {logging_mixin.py:137} INFO - [2023-04-22T01:56:35.912+0800] {dagbag.py:532} INFO - Filling up the DagBag from /home/gerardsho/airflow_env/lib/python3.8/site-packages/airflow/example_dags/example_params_ui_tutorial.py
[2023-04-22T01:56:35.945+0800] {processor.py:753} INFO - DAG(s) dict_keys(['example_params_ui_tutorial']) retrieved from /home/gerardsho/airflow_env/lib/python3.8/site-packages/airflow/example_dags/example_params_ui_tutorial.py
[2023-04-22T01:56:35.976+0800] {logging_mixin.py:137} INFO - [2023-04-22T01:56:35.976+0800] {dag.py:2705} INFO - Sync 1 DAGs
[2023-04-22T01:56:35.989+0800] {logging_mixin.py:137} INFO - [2023-04-22T01:56:35.989+0800] {dag.py:3452} INFO - Setting next_dagrun for example_params_ui_tutorial to None, run_after=None
[2023-04-22T01:56:36.009+0800] {processor.py:175} INFO - Processing /home/gerardsho/airflow_env/lib/python3.8/site-packages/airflow/example_dags/example_params_ui_tutorial.py took 0.103 seconds
[2023-04-22T01:57:14.711+0800] {processor.py:153} INFO - Started process (PID=3313) to work on /home/gerardsho/airflow_env/lib/python3.8/site-packages/airflow/example_dags/example_params_ui_tutorial.py
[2023-04-22T01:57:14.714+0800] {processor.py:743} INFO - Processing file /home/gerardsho/airflow_env/lib/python3.8/site-packages/airflow/example_dags/example_params_ui_tutorial.py for tasks to queue
[2023-04-22T01:57:14.715+0800] {logging_mixin.py:137} INFO - [2023-04-22T01:57:14.715+0800] {dagbag.py:532} INFO - Filling up the DagBag from /home/gerardsho/airflow_env/lib/python3.8/site-packages/airflow/example_dags/example_params_ui_tutorial.py
[2023-04-22T01:57:14.742+0800] {processor.py:753} INFO - DAG(s) dict_keys(['example_params_ui_tutorial']) retrieved from /home/gerardsho/airflow_env/lib/python3.8/site-packages/airflow/example_dags/example_params_ui_tutorial.py
[2023-04-22T01:57:14.772+0800] {logging_mixin.py:137} INFO - [2023-04-22T01:57:14.772+0800] {dag.py:2705} INFO - Sync 1 DAGs
[2023-04-22T01:57:14.783+0800] {logging_mixin.py:137} INFO - [2023-04-22T01:57:14.783+0800] {dag.py:3452} INFO - Setting next_dagrun for example_params_ui_tutorial to None, run_after=None
[2023-04-22T01:57:14.801+0800] {processor.py:175} INFO - Processing /home/gerardsho/airflow_env/lib/python3.8/site-packages/airflow/example_dags/example_params_ui_tutorial.py took 0.093 seconds
[2023-04-22T01:57:55.880+0800] {processor.py:153} INFO - Started process (PID=3362) to work on /home/gerardsho/airflow_env/lib/python3.8/site-packages/airflow/example_dags/example_params_ui_tutorial.py
[2023-04-22T01:57:55.882+0800] {processor.py:743} INFO - Processing file /home/gerardsho/airflow_env/lib/python3.8/site-packages/airflow/example_dags/example_params_ui_tutorial.py for tasks to queue
[2023-04-22T01:57:55.882+0800] {logging_mixin.py:137} INFO - [2023-04-22T01:57:55.882+0800] {dagbag.py:532} INFO - Filling up the DagBag from /home/gerardsho/airflow_env/lib/python3.8/site-packages/airflow/example_dags/example_params_ui_tutorial.py
[2023-04-22T01:57:55.917+0800] {processor.py:753} INFO - DAG(s) dict_keys(['example_params_ui_tutorial']) retrieved from /home/gerardsho/airflow_env/lib/python3.8/site-packages/airflow/example_dags/example_params_ui_tutorial.py
[2023-04-22T01:57:55.952+0800] {logging_mixin.py:137} INFO - [2023-04-22T01:57:55.952+0800] {dag.py:2705} INFO - Sync 1 DAGs
[2023-04-22T01:57:55.964+0800] {logging_mixin.py:137} INFO - [2023-04-22T01:57:55.964+0800] {dag.py:3452} INFO - Setting next_dagrun for example_params_ui_tutorial to None, run_after=None
[2023-04-22T01:57:55.983+0800] {processor.py:175} INFO - Processing /home/gerardsho/airflow_env/lib/python3.8/site-packages/airflow/example_dags/example_params_ui_tutorial.py took 0.105 seconds
[2023-04-22T01:58:37.084+0800] {processor.py:153} INFO - Started process (PID=3407) to work on /home/gerardsho/airflow_env/lib/python3.8/site-packages/airflow/example_dags/example_params_ui_tutorial.py
[2023-04-22T01:58:37.087+0800] {processor.py:743} INFO - Processing file /home/gerardsho/airflow_env/lib/python3.8/site-packages/airflow/example_dags/example_params_ui_tutorial.py for tasks to queue
[2023-04-22T01:58:37.088+0800] {logging_mixin.py:137} INFO - [2023-04-22T01:58:37.088+0800] {dagbag.py:532} INFO - Filling up the DagBag from /home/gerardsho/airflow_env/lib/python3.8/site-packages/airflow/example_dags/example_params_ui_tutorial.py
[2023-04-22T01:58:37.114+0800] {processor.py:753} INFO - DAG(s) dict_keys(['example_params_ui_tutorial']) retrieved from /home/gerardsho/airflow_env/lib/python3.8/site-packages/airflow/example_dags/example_params_ui_tutorial.py
[2023-04-22T01:58:37.152+0800] {logging_mixin.py:137} INFO - [2023-04-22T01:58:37.152+0800] {dag.py:2705} INFO - Sync 1 DAGs
[2023-04-22T01:58:37.163+0800] {logging_mixin.py:137} INFO - [2023-04-22T01:58:37.163+0800] {dag.py:3452} INFO - Setting next_dagrun for example_params_ui_tutorial to None, run_after=None
[2023-04-22T01:58:37.182+0800] {processor.py:175} INFO - Processing /home/gerardsho/airflow_env/lib/python3.8/site-packages/airflow/example_dags/example_params_ui_tutorial.py took 0.101 seconds
[2023-04-22T01:59:17.462+0800] {processor.py:153} INFO - Started process (PID=3449) to work on /home/gerardsho/airflow_env/lib/python3.8/site-packages/airflow/example_dags/example_params_ui_tutorial.py
[2023-04-22T01:59:17.466+0800] {processor.py:743} INFO - Processing file /home/gerardsho/airflow_env/lib/python3.8/site-packages/airflow/example_dags/example_params_ui_tutorial.py for tasks to queue
[2023-04-22T01:59:17.466+0800] {logging_mixin.py:137} INFO - [2023-04-22T01:59:17.466+0800] {dagbag.py:532} INFO - Filling up the DagBag from /home/gerardsho/airflow_env/lib/python3.8/site-packages/airflow/example_dags/example_params_ui_tutorial.py
[2023-04-22T01:59:17.493+0800] {processor.py:753} INFO - DAG(s) dict_keys(['example_params_ui_tutorial']) retrieved from /home/gerardsho/airflow_env/lib/python3.8/site-packages/airflow/example_dags/example_params_ui_tutorial.py
[2023-04-22T01:59:17.523+0800] {logging_mixin.py:137} INFO - [2023-04-22T01:59:17.523+0800] {dag.py:2705} INFO - Sync 1 DAGs
[2023-04-22T01:59:17.533+0800] {logging_mixin.py:137} INFO - [2023-04-22T01:59:17.533+0800] {dag.py:3452} INFO - Setting next_dagrun for example_params_ui_tutorial to None, run_after=None
[2023-04-22T01:59:17.553+0800] {processor.py:175} INFO - Processing /home/gerardsho/airflow_env/lib/python3.8/site-packages/airflow/example_dags/example_params_ui_tutorial.py took 0.093 seconds
[2023-04-22T01:59:56.704+0800] {processor.py:153} INFO - Started process (PID=3491) to work on /home/gerardsho/airflow_env/lib/python3.8/site-packages/airflow/example_dags/example_params_ui_tutorial.py
[2023-04-22T01:59:56.707+0800] {processor.py:743} INFO - Processing file /home/gerardsho/airflow_env/lib/python3.8/site-packages/airflow/example_dags/example_params_ui_tutorial.py for tasks to queue
[2023-04-22T01:59:56.708+0800] {logging_mixin.py:137} INFO - [2023-04-22T01:59:56.708+0800] {dagbag.py:532} INFO - Filling up the DagBag from /home/gerardsho/airflow_env/lib/python3.8/site-packages/airflow/example_dags/example_params_ui_tutorial.py
[2023-04-22T01:59:56.738+0800] {processor.py:753} INFO - DAG(s) dict_keys(['example_params_ui_tutorial']) retrieved from /home/gerardsho/airflow_env/lib/python3.8/site-packages/airflow/example_dags/example_params_ui_tutorial.py
[2023-04-22T01:59:56.775+0800] {logging_mixin.py:137} INFO - [2023-04-22T01:59:56.775+0800] {dag.py:2705} INFO - Sync 1 DAGs
[2023-04-22T01:59:56.786+0800] {logging_mixin.py:137} INFO - [2023-04-22T01:59:56.786+0800] {dag.py:3452} INFO - Setting next_dagrun for example_params_ui_tutorial to None, run_after=None
[2023-04-22T01:59:56.864+0800] {processor.py:175} INFO - Processing /home/gerardsho/airflow_env/lib/python3.8/site-packages/airflow/example_dags/example_params_ui_tutorial.py took 0.162 seconds
[2023-04-22T02:00:28.887+0800] {processor.py:153} INFO - Started process (PID=3505) to work on /home/gerardsho/airflow_env/lib/python3.8/site-packages/airflow/example_dags/example_params_ui_tutorial.py
[2023-04-22T02:00:28.890+0800] {processor.py:743} INFO - Processing file /home/gerardsho/airflow_env/lib/python3.8/site-packages/airflow/example_dags/example_params_ui_tutorial.py for tasks to queue
[2023-04-22T02:00:28.890+0800] {logging_mixin.py:137} INFO - [2023-04-22T02:00:28.890+0800] {dagbag.py:532} INFO - Filling up the DagBag from /home/gerardsho/airflow_env/lib/python3.8/site-packages/airflow/example_dags/example_params_ui_tutorial.py
[2023-04-22T02:00:28.919+0800] {processor.py:753} INFO - DAG(s) dict_keys(['example_params_ui_tutorial']) retrieved from /home/gerardsho/airflow_env/lib/python3.8/site-packages/airflow/example_dags/example_params_ui_tutorial.py
[2023-04-22T02:00:29.005+0800] {logging_mixin.py:137} INFO - [2023-04-22T02:00:29.004+0800] {manager.py:504} INFO - Created Permission View: can edit on DAG:example_params_ui_tutorial
[2023-04-22T02:00:29.016+0800] {logging_mixin.py:137} INFO - [2023-04-22T02:00:29.016+0800] {manager.py:504} INFO - Created Permission View: can delete on DAG:example_params_ui_tutorial
[2023-04-22T02:00:29.025+0800] {logging_mixin.py:137} INFO - [2023-04-22T02:00:29.025+0800] {manager.py:504} INFO - Created Permission View: can read on DAG:example_params_ui_tutorial
[2023-04-22T02:00:29.026+0800] {logging_mixin.py:137} INFO - [2023-04-22T02:00:29.026+0800] {dag.py:2705} INFO - Sync 1 DAGs
[2023-04-22T02:00:29.031+0800] {logging_mixin.py:137} INFO - [2023-04-22T02:00:29.031+0800] {dag.py:2726} INFO - Creating ORM DAG for example_params_ui_tutorial
[2023-04-22T02:00:29.035+0800] {logging_mixin.py:137} INFO - [2023-04-22T02:00:29.035+0800] {dag.py:3452} INFO - Setting next_dagrun for example_params_ui_tutorial to None, run_after=None
[2023-04-22T02:00:29.052+0800] {processor.py:175} INFO - Processing /home/gerardsho/airflow_env/lib/python3.8/site-packages/airflow/example_dags/example_params_ui_tutorial.py took 0.167 seconds
[2023-04-22T02:01:14.624+0800] {processor.py:153} INFO - Started process (PID=3552) to work on /home/gerardsho/airflow_env/lib/python3.8/site-packages/airflow/example_dags/example_params_ui_tutorial.py
[2023-04-22T02:01:14.625+0800] {processor.py:743} INFO - Processing file /home/gerardsho/airflow_env/lib/python3.8/site-packages/airflow/example_dags/example_params_ui_tutorial.py for tasks to queue
[2023-04-22T02:01:14.626+0800] {logging_mixin.py:137} INFO - [2023-04-22T02:01:14.626+0800] {dagbag.py:532} INFO - Filling up the DagBag from /home/gerardsho/airflow_env/lib/python3.8/site-packages/airflow/example_dags/example_params_ui_tutorial.py
[2023-04-22T02:01:14.659+0800] {processor.py:753} INFO - DAG(s) dict_keys(['example_params_ui_tutorial']) retrieved from /home/gerardsho/airflow_env/lib/python3.8/site-packages/airflow/example_dags/example_params_ui_tutorial.py
[2023-04-22T02:01:14.710+0800] {logging_mixin.py:137} INFO - [2023-04-22T02:01:14.710+0800] {dag.py:2705} INFO - Sync 1 DAGs
[2023-04-22T02:01:14.725+0800] {logging_mixin.py:137} INFO - [2023-04-22T02:01:14.725+0800] {dag.py:3452} INFO - Setting next_dagrun for example_params_ui_tutorial to None, run_after=None
[2023-04-22T02:01:14.766+0800] {processor.py:175} INFO - Processing /home/gerardsho/airflow_env/lib/python3.8/site-packages/airflow/example_dags/example_params_ui_tutorial.py took 0.143 seconds
[2023-04-22T02:01:55.305+0800] {processor.py:153} INFO - Started process (PID=3598) to work on /home/gerardsho/airflow_env/lib/python3.8/site-packages/airflow/example_dags/example_params_ui_tutorial.py
[2023-04-22T02:01:55.309+0800] {processor.py:743} INFO - Processing file /home/gerardsho/airflow_env/lib/python3.8/site-packages/airflow/example_dags/example_params_ui_tutorial.py for tasks to queue
[2023-04-22T02:01:55.309+0800] {logging_mixin.py:137} INFO - [2023-04-22T02:01:55.309+0800] {dagbag.py:532} INFO - Filling up the DagBag from /home/gerardsho/airflow_env/lib/python3.8/site-packages/airflow/example_dags/example_params_ui_tutorial.py
[2023-04-22T02:01:55.339+0800] {processor.py:753} INFO - DAG(s) dict_keys(['example_params_ui_tutorial']) retrieved from /home/gerardsho/airflow_env/lib/python3.8/site-packages/airflow/example_dags/example_params_ui_tutorial.py
[2023-04-22T02:01:55.380+0800] {logging_mixin.py:137} INFO - [2023-04-22T02:01:55.380+0800] {dag.py:2705} INFO - Sync 1 DAGs
[2023-04-22T02:01:55.393+0800] {logging_mixin.py:137} INFO - [2023-04-22T02:01:55.393+0800] {dag.py:3452} INFO - Setting next_dagrun for example_params_ui_tutorial to None, run_after=None
[2023-04-22T02:01:55.412+0800] {processor.py:175} INFO - Processing /home/gerardsho/airflow_env/lib/python3.8/site-packages/airflow/example_dags/example_params_ui_tutorial.py took 0.110 seconds
[2023-04-22T02:02:35.405+0800] {processor.py:153} INFO - Started process (PID=3642) to work on /home/gerardsho/airflow_env/lib/python3.8/site-packages/airflow/example_dags/example_params_ui_tutorial.py
[2023-04-22T02:02:35.408+0800] {processor.py:743} INFO - Processing file /home/gerardsho/airflow_env/lib/python3.8/site-packages/airflow/example_dags/example_params_ui_tutorial.py for tasks to queue
[2023-04-22T02:02:35.409+0800] {logging_mixin.py:137} INFO - [2023-04-22T02:02:35.408+0800] {dagbag.py:532} INFO - Filling up the DagBag from /home/gerardsho/airflow_env/lib/python3.8/site-packages/airflow/example_dags/example_params_ui_tutorial.py
[2023-04-22T02:02:35.440+0800] {processor.py:753} INFO - DAG(s) dict_keys(['example_params_ui_tutorial']) retrieved from /home/gerardsho/airflow_env/lib/python3.8/site-packages/airflow/example_dags/example_params_ui_tutorial.py
[2023-04-22T02:02:35.477+0800] {logging_mixin.py:137} INFO - [2023-04-22T02:02:35.477+0800] {dag.py:2705} INFO - Sync 1 DAGs
[2023-04-22T02:02:35.488+0800] {logging_mixin.py:137} INFO - [2023-04-22T02:02:35.488+0800] {dag.py:3452} INFO - Setting next_dagrun for example_params_ui_tutorial to None, run_after=None
[2023-04-22T02:02:35.509+0800] {processor.py:175} INFO - Processing /home/gerardsho/airflow_env/lib/python3.8/site-packages/airflow/example_dags/example_params_ui_tutorial.py took 0.106 seconds
[2023-04-22T02:03:17.629+0800] {processor.py:153} INFO - Started process (PID=3697) to work on /home/gerardsho/airflow_env/lib/python3.8/site-packages/airflow/example_dags/example_params_ui_tutorial.py
[2023-04-22T02:03:17.634+0800] {processor.py:743} INFO - Processing file /home/gerardsho/airflow_env/lib/python3.8/site-packages/airflow/example_dags/example_params_ui_tutorial.py for tasks to queue
[2023-04-22T02:03:17.634+0800] {logging_mixin.py:137} INFO - [2023-04-22T02:03:17.634+0800] {dagbag.py:532} INFO - Filling up the DagBag from /home/gerardsho/airflow_env/lib/python3.8/site-packages/airflow/example_dags/example_params_ui_tutorial.py
[2023-04-22T02:03:17.669+0800] {processor.py:753} INFO - DAG(s) dict_keys(['example_params_ui_tutorial']) retrieved from /home/gerardsho/airflow_env/lib/python3.8/site-packages/airflow/example_dags/example_params_ui_tutorial.py
[2023-04-22T02:03:17.713+0800] {logging_mixin.py:137} INFO - [2023-04-22T02:03:17.713+0800] {dag.py:2705} INFO - Sync 1 DAGs
[2023-04-22T02:03:17.727+0800] {logging_mixin.py:137} INFO - [2023-04-22T02:03:17.727+0800] {dag.py:3452} INFO - Setting next_dagrun for example_params_ui_tutorial to None, run_after=None
[2023-04-22T02:03:17.750+0800] {processor.py:175} INFO - Processing /home/gerardsho/airflow_env/lib/python3.8/site-packages/airflow/example_dags/example_params_ui_tutorial.py took 0.123 seconds
[2023-04-22T02:03:57.627+0800] {processor.py:153} INFO - Started process (PID=3743) to work on /home/gerardsho/airflow_env/lib/python3.8/site-packages/airflow/example_dags/example_params_ui_tutorial.py
[2023-04-22T02:03:57.630+0800] {processor.py:743} INFO - Processing file /home/gerardsho/airflow_env/lib/python3.8/site-packages/airflow/example_dags/example_params_ui_tutorial.py for tasks to queue
[2023-04-22T02:03:57.630+0800] {logging_mixin.py:137} INFO - [2023-04-22T02:03:57.630+0800] {dagbag.py:532} INFO - Filling up the DagBag from /home/gerardsho/airflow_env/lib/python3.8/site-packages/airflow/example_dags/example_params_ui_tutorial.py
[2023-04-22T02:03:57.657+0800] {processor.py:753} INFO - DAG(s) dict_keys(['example_params_ui_tutorial']) retrieved from /home/gerardsho/airflow_env/lib/python3.8/site-packages/airflow/example_dags/example_params_ui_tutorial.py
[2023-04-22T02:03:57.686+0800] {logging_mixin.py:137} INFO - [2023-04-22T02:03:57.686+0800] {dag.py:2705} INFO - Sync 1 DAGs
[2023-04-22T02:03:57.699+0800] {logging_mixin.py:137} INFO - [2023-04-22T02:03:57.699+0800] {dag.py:3452} INFO - Setting next_dagrun for example_params_ui_tutorial to None, run_after=None
[2023-04-22T02:03:57.717+0800] {processor.py:175} INFO - Processing /home/gerardsho/airflow_env/lib/python3.8/site-packages/airflow/example_dags/example_params_ui_tutorial.py took 0.092 seconds
[2023-04-22T02:04:38.814+0800] {processor.py:153} INFO - Started process (PID=3785) to work on /home/gerardsho/airflow_env/lib/python3.8/site-packages/airflow/example_dags/example_params_ui_tutorial.py
[2023-04-22T02:04:38.817+0800] {processor.py:743} INFO - Processing file /home/gerardsho/airflow_env/lib/python3.8/site-packages/airflow/example_dags/example_params_ui_tutorial.py for tasks to queue
[2023-04-22T02:04:38.818+0800] {logging_mixin.py:137} INFO - [2023-04-22T02:04:38.818+0800] {dagbag.py:532} INFO - Filling up the DagBag from /home/gerardsho/airflow_env/lib/python3.8/site-packages/airflow/example_dags/example_params_ui_tutorial.py
[2023-04-22T02:04:38.846+0800] {processor.py:753} INFO - DAG(s) dict_keys(['example_params_ui_tutorial']) retrieved from /home/gerardsho/airflow_env/lib/python3.8/site-packages/airflow/example_dags/example_params_ui_tutorial.py
[2023-04-22T02:04:38.875+0800] {logging_mixin.py:137} INFO - [2023-04-22T02:04:38.875+0800] {dag.py:2705} INFO - Sync 1 DAGs
[2023-04-22T02:04:38.885+0800] {logging_mixin.py:137} INFO - [2023-04-22T02:04:38.885+0800] {dag.py:3452} INFO - Setting next_dagrun for example_params_ui_tutorial to None, run_after=None
[2023-04-22T02:04:38.905+0800] {processor.py:175} INFO - Processing /home/gerardsho/airflow_env/lib/python3.8/site-packages/airflow/example_dags/example_params_ui_tutorial.py took 0.093 seconds
