[2023-04-22T01:48:52.108+0800] {processor.py:153} INFO - Started process (PID=2751) to work on /home/gerardsho/airflow_env/lib/python3.8/site-packages/airflow/example_dags/example_branch_python_dop_operator_3.py
[2023-04-22T01:48:52.108+0800] {processor.py:743} INFO - Processing file /home/gerardsho/airflow_env/lib/python3.8/site-packages/airflow/example_dags/example_branch_python_dop_operator_3.py for tasks to queue
[2023-04-22T01:48:52.109+0800] {logging_mixin.py:137} INFO - [2023-04-22T01:48:52.109+0800] {dagbag.py:532} INFO - Filling up the DagBag from /home/gerardsho/airflow_env/lib/python3.8/site-packages/airflow/example_dags/example_branch_python_dop_operator_3.py
[2023-04-22T01:48:52.122+0800] {processor.py:753} INFO - DAG(s) dict_keys(['example_branch_dop_operator_v3']) retrieved from /home/gerardsho/airflow_env/lib/python3.8/site-packages/airflow/example_dags/example_branch_python_dop_operator_3.py
[2023-04-22T01:48:52.195+0800] {logging_mixin.py:137} INFO - [2023-04-22T01:48:52.195+0800] {manager.py:504} INFO - Created Permission View: can edit on DAG:example_branch_dop_operator_v3
[2023-04-22T01:48:52.205+0800] {logging_mixin.py:137} INFO - [2023-04-22T01:48:52.205+0800] {manager.py:504} INFO - Created Permission View: can delete on DAG:example_branch_dop_operator_v3
[2023-04-22T01:48:52.214+0800] {logging_mixin.py:137} INFO - [2023-04-22T01:48:52.214+0800] {manager.py:504} INFO - Created Permission View: can read on DAG:example_branch_dop_operator_v3
[2023-04-22T01:48:52.214+0800] {logging_mixin.py:137} INFO - [2023-04-22T01:48:52.214+0800] {dag.py:2705} INFO - Sync 1 DAGs
[2023-04-22T01:48:52.220+0800] {logging_mixin.py:137} INFO - [2023-04-22T01:48:52.220+0800] {dag.py:2726} INFO - Creating ORM DAG for example_branch_dop_operator_v3
[2023-04-22T01:48:52.228+0800] {logging_mixin.py:137} INFO - [2023-04-22T01:48:52.228+0800] {dag.py:3452} INFO - Setting next_dagrun for example_branch_dop_operator_v3 to 2023-04-21T17:47:00+00:00, run_after=2023-04-21T17:48:00+00:00
[2023-04-22T01:48:52.249+0800] {processor.py:175} INFO - Processing /home/gerardsho/airflow_env/lib/python3.8/site-packages/airflow/example_dags/example_branch_python_dop_operator_3.py took 0.143 seconds
[2023-04-22T01:49:35.622+0800] {processor.py:153} INFO - Started process (PID=2794) to work on /home/gerardsho/airflow_env/lib/python3.8/site-packages/airflow/example_dags/example_branch_python_dop_operator_3.py
[2023-04-22T01:49:35.625+0800] {processor.py:743} INFO - Processing file /home/gerardsho/airflow_env/lib/python3.8/site-packages/airflow/example_dags/example_branch_python_dop_operator_3.py for tasks to queue
[2023-04-22T01:49:35.626+0800] {logging_mixin.py:137} INFO - [2023-04-22T01:49:35.626+0800] {dagbag.py:532} INFO - Filling up the DagBag from /home/gerardsho/airflow_env/lib/python3.8/site-packages/airflow/example_dags/example_branch_python_dop_operator_3.py
[2023-04-22T01:49:35.640+0800] {processor.py:753} INFO - DAG(s) dict_keys(['example_branch_dop_operator_v3']) retrieved from /home/gerardsho/airflow_env/lib/python3.8/site-packages/airflow/example_dags/example_branch_python_dop_operator_3.py
[2023-04-22T01:49:35.651+0800] {logging_mixin.py:137} INFO - [2023-04-22T01:49:35.651+0800] {dag.py:2705} INFO - Sync 1 DAGs
[2023-04-22T01:49:35.665+0800] {logging_mixin.py:137} INFO - [2023-04-22T01:49:35.665+0800] {dag.py:3452} INFO - Setting next_dagrun for example_branch_dop_operator_v3 to 2023-04-21T17:48:00+00:00, run_after=2023-04-21T17:49:00+00:00
[2023-04-22T01:49:35.682+0800] {processor.py:175} INFO - Processing /home/gerardsho/airflow_env/lib/python3.8/site-packages/airflow/example_dags/example_branch_python_dop_operator_3.py took 0.062 seconds
[2023-04-22T01:50:13.997+0800] {processor.py:153} INFO - Started process (PID=2839) to work on /home/gerardsho/airflow_env/lib/python3.8/site-packages/airflow/example_dags/example_branch_python_dop_operator_3.py
[2023-04-22T01:50:14.000+0800] {processor.py:743} INFO - Processing file /home/gerardsho/airflow_env/lib/python3.8/site-packages/airflow/example_dags/example_branch_python_dop_operator_3.py for tasks to queue
[2023-04-22T01:50:14.000+0800] {logging_mixin.py:137} INFO - [2023-04-22T01:50:14.000+0800] {dagbag.py:532} INFO - Filling up the DagBag from /home/gerardsho/airflow_env/lib/python3.8/site-packages/airflow/example_dags/example_branch_python_dop_operator_3.py
[2023-04-22T01:50:14.014+0800] {processor.py:753} INFO - DAG(s) dict_keys(['example_branch_dop_operator_v3']) retrieved from /home/gerardsho/airflow_env/lib/python3.8/site-packages/airflow/example_dags/example_branch_python_dop_operator_3.py
[2023-04-22T01:50:14.025+0800] {logging_mixin.py:137} INFO - [2023-04-22T01:50:14.025+0800] {dag.py:2705} INFO - Sync 1 DAGs
[2023-04-22T01:50:14.038+0800] {logging_mixin.py:137} INFO - [2023-04-22T01:50:14.038+0800] {dag.py:3452} INFO - Setting next_dagrun for example_branch_dop_operator_v3 to 2023-04-21T17:49:00+00:00, run_after=2023-04-21T17:50:00+00:00
[2023-04-22T01:50:14.057+0800] {processor.py:175} INFO - Processing /home/gerardsho/airflow_env/lib/python3.8/site-packages/airflow/example_dags/example_branch_python_dop_operator_3.py took 0.063 seconds
[2023-04-22T01:50:54.499+0800] {processor.py:153} INFO - Started process (PID=2884) to work on /home/gerardsho/airflow_env/lib/python3.8/site-packages/airflow/example_dags/example_branch_python_dop_operator_3.py
[2023-04-22T01:50:54.502+0800] {processor.py:743} INFO - Processing file /home/gerardsho/airflow_env/lib/python3.8/site-packages/airflow/example_dags/example_branch_python_dop_operator_3.py for tasks to queue
[2023-04-22T01:50:54.502+0800] {logging_mixin.py:137} INFO - [2023-04-22T01:50:54.502+0800] {dagbag.py:532} INFO - Filling up the DagBag from /home/gerardsho/airflow_env/lib/python3.8/site-packages/airflow/example_dags/example_branch_python_dop_operator_3.py
[2023-04-22T01:50:54.515+0800] {processor.py:753} INFO - DAG(s) dict_keys(['example_branch_dop_operator_v3']) retrieved from /home/gerardsho/airflow_env/lib/python3.8/site-packages/airflow/example_dags/example_branch_python_dop_operator_3.py
[2023-04-22T01:50:54.527+0800] {logging_mixin.py:137} INFO - [2023-04-22T01:50:54.527+0800] {dag.py:2705} INFO - Sync 1 DAGs
[2023-04-22T01:50:54.541+0800] {logging_mixin.py:137} INFO - [2023-04-22T01:50:54.541+0800] {dag.py:3452} INFO - Setting next_dagrun for example_branch_dop_operator_v3 to 2023-04-21T17:49:00+00:00, run_after=2023-04-21T17:50:00+00:00
[2023-04-22T01:50:54.558+0800] {processor.py:175} INFO - Processing /home/gerardsho/airflow_env/lib/python3.8/site-packages/airflow/example_dags/example_branch_python_dop_operator_3.py took 0.062 seconds
[2023-04-22T01:51:36.728+0800] {processor.py:153} INFO - Started process (PID=2938) to work on /home/gerardsho/airflow_env/lib/python3.8/site-packages/airflow/example_dags/example_branch_python_dop_operator_3.py
[2023-04-22T01:51:36.732+0800] {processor.py:743} INFO - Processing file /home/gerardsho/airflow_env/lib/python3.8/site-packages/airflow/example_dags/example_branch_python_dop_operator_3.py for tasks to queue
[2023-04-22T01:51:36.732+0800] {logging_mixin.py:137} INFO - [2023-04-22T01:51:36.732+0800] {dagbag.py:532} INFO - Filling up the DagBag from /home/gerardsho/airflow_env/lib/python3.8/site-packages/airflow/example_dags/example_branch_python_dop_operator_3.py
[2023-04-22T01:51:36.749+0800] {processor.py:753} INFO - DAG(s) dict_keys(['example_branch_dop_operator_v3']) retrieved from /home/gerardsho/airflow_env/lib/python3.8/site-packages/airflow/example_dags/example_branch_python_dop_operator_3.py
[2023-04-22T01:51:36.763+0800] {logging_mixin.py:137} INFO - [2023-04-22T01:51:36.763+0800] {dag.py:2705} INFO - Sync 1 DAGs
[2023-04-22T01:51:36.780+0800] {logging_mixin.py:137} INFO - [2023-04-22T01:51:36.780+0800] {dag.py:3452} INFO - Setting next_dagrun for example_branch_dop_operator_v3 to 2023-04-21T17:50:00+00:00, run_after=2023-04-21T17:51:00+00:00
[2023-04-22T01:51:36.799+0800] {processor.py:175} INFO - Processing /home/gerardsho/airflow_env/lib/python3.8/site-packages/airflow/example_dags/example_branch_python_dop_operator_3.py took 0.074 seconds
[2023-04-22T01:52:17.889+0800] {processor.py:153} INFO - Started process (PID=2988) to work on /home/gerardsho/airflow_env/lib/python3.8/site-packages/airflow/example_dags/example_branch_python_dop_operator_3.py
[2023-04-22T01:52:17.892+0800] {processor.py:743} INFO - Processing file /home/gerardsho/airflow_env/lib/python3.8/site-packages/airflow/example_dags/example_branch_python_dop_operator_3.py for tasks to queue
[2023-04-22T01:52:17.893+0800] {logging_mixin.py:137} INFO - [2023-04-22T01:52:17.893+0800] {dagbag.py:532} INFO - Filling up the DagBag from /home/gerardsho/airflow_env/lib/python3.8/site-packages/airflow/example_dags/example_branch_python_dop_operator_3.py
[2023-04-22T01:52:17.906+0800] {processor.py:753} INFO - DAG(s) dict_keys(['example_branch_dop_operator_v3']) retrieved from /home/gerardsho/airflow_env/lib/python3.8/site-packages/airflow/example_dags/example_branch_python_dop_operator_3.py
[2023-04-22T01:52:17.917+0800] {logging_mixin.py:137} INFO - [2023-04-22T01:52:17.917+0800] {dag.py:2705} INFO - Sync 1 DAGs
[2023-04-22T01:52:17.930+0800] {logging_mixin.py:137} INFO - [2023-04-22T01:52:17.930+0800] {dag.py:3452} INFO - Setting next_dagrun for example_branch_dop_operator_v3 to 2023-04-21T17:51:00+00:00, run_after=2023-04-21T17:52:00+00:00
[2023-04-22T01:52:17.948+0800] {processor.py:175} INFO - Processing /home/gerardsho/airflow_env/lib/python3.8/site-packages/airflow/example_dags/example_branch_python_dop_operator_3.py took 0.062 seconds
[2023-04-22T01:52:58.759+0800] {processor.py:153} INFO - Started process (PID=3030) to work on /home/gerardsho/airflow_env/lib/python3.8/site-packages/airflow/example_dags/example_branch_python_dop_operator_3.py
[2023-04-22T01:52:58.762+0800] {processor.py:743} INFO - Processing file /home/gerardsho/airflow_env/lib/python3.8/site-packages/airflow/example_dags/example_branch_python_dop_operator_3.py for tasks to queue
[2023-04-22T01:52:58.764+0800] {logging_mixin.py:137} INFO - [2023-04-22T01:52:58.763+0800] {dagbag.py:532} INFO - Filling up the DagBag from /home/gerardsho/airflow_env/lib/python3.8/site-packages/airflow/example_dags/example_branch_python_dop_operator_3.py
[2023-04-22T01:52:58.782+0800] {processor.py:753} INFO - DAG(s) dict_keys(['example_branch_dop_operator_v3']) retrieved from /home/gerardsho/airflow_env/lib/python3.8/site-packages/airflow/example_dags/example_branch_python_dop_operator_3.py
[2023-04-22T01:52:58.798+0800] {logging_mixin.py:137} INFO - [2023-04-22T01:52:58.797+0800] {dag.py:2705} INFO - Sync 1 DAGs
[2023-04-22T01:52:58.813+0800] {logging_mixin.py:137} INFO - [2023-04-22T01:52:58.813+0800] {dag.py:3452} INFO - Setting next_dagrun for example_branch_dop_operator_v3 to 2023-04-21T17:51:00+00:00, run_after=2023-04-21T17:52:00+00:00
[2023-04-22T01:52:58.835+0800] {processor.py:175} INFO - Processing /home/gerardsho/airflow_env/lib/python3.8/site-packages/airflow/example_dags/example_branch_python_dop_operator_3.py took 0.078 seconds
[2023-04-22T01:53:38.965+0800] {processor.py:153} INFO - Started process (PID=3072) to work on /home/gerardsho/airflow_env/lib/python3.8/site-packages/airflow/example_dags/example_branch_python_dop_operator_3.py
[2023-04-22T01:53:38.969+0800] {processor.py:743} INFO - Processing file /home/gerardsho/airflow_env/lib/python3.8/site-packages/airflow/example_dags/example_branch_python_dop_operator_3.py for tasks to queue
[2023-04-22T01:53:38.969+0800] {logging_mixin.py:137} INFO - [2023-04-22T01:53:38.969+0800] {dagbag.py:532} INFO - Filling up the DagBag from /home/gerardsho/airflow_env/lib/python3.8/site-packages/airflow/example_dags/example_branch_python_dop_operator_3.py
[2023-04-22T01:53:38.983+0800] {processor.py:753} INFO - DAG(s) dict_keys(['example_branch_dop_operator_v3']) retrieved from /home/gerardsho/airflow_env/lib/python3.8/site-packages/airflow/example_dags/example_branch_python_dop_operator_3.py
[2023-04-22T01:53:38.995+0800] {logging_mixin.py:137} INFO - [2023-04-22T01:53:38.995+0800] {dag.py:2705} INFO - Sync 1 DAGs
[2023-04-22T01:53:39.009+0800] {logging_mixin.py:137} INFO - [2023-04-22T01:53:39.009+0800] {dag.py:3452} INFO - Setting next_dagrun for example_branch_dop_operator_v3 to 2023-04-21T17:52:00+00:00, run_after=2023-04-21T17:53:00+00:00
[2023-04-22T01:53:39.027+0800] {processor.py:175} INFO - Processing /home/gerardsho/airflow_env/lib/python3.8/site-packages/airflow/example_dags/example_branch_python_dop_operator_3.py took 0.063 seconds
[2023-04-22T01:54:18.669+0800] {processor.py:153} INFO - Started process (PID=3115) to work on /home/gerardsho/airflow_env/lib/python3.8/site-packages/airflow/example_dags/example_branch_python_dop_operator_3.py
[2023-04-22T01:54:18.673+0800] {processor.py:743} INFO - Processing file /home/gerardsho/airflow_env/lib/python3.8/site-packages/airflow/example_dags/example_branch_python_dop_operator_3.py for tasks to queue
[2023-04-22T01:54:18.673+0800] {logging_mixin.py:137} INFO - [2023-04-22T01:54:18.673+0800] {dagbag.py:532} INFO - Filling up the DagBag from /home/gerardsho/airflow_env/lib/python3.8/site-packages/airflow/example_dags/example_branch_python_dop_operator_3.py
[2023-04-22T01:54:18.689+0800] {processor.py:753} INFO - DAG(s) dict_keys(['example_branch_dop_operator_v3']) retrieved from /home/gerardsho/airflow_env/lib/python3.8/site-packages/airflow/example_dags/example_branch_python_dop_operator_3.py
[2023-04-22T01:54:18.701+0800] {logging_mixin.py:137} INFO - [2023-04-22T01:54:18.701+0800] {dag.py:2705} INFO - Sync 1 DAGs
[2023-04-22T01:54:18.717+0800] {logging_mixin.py:137} INFO - [2023-04-22T01:54:18.717+0800] {dag.py:3452} INFO - Setting next_dagrun for example_branch_dop_operator_v3 to 2023-04-21T17:53:00+00:00, run_after=2023-04-21T17:54:00+00:00
[2023-04-22T01:54:18.736+0800] {processor.py:175} INFO - Processing /home/gerardsho/airflow_env/lib/python3.8/site-packages/airflow/example_dags/example_branch_python_dop_operator_3.py took 0.069 seconds
[2023-04-22T01:55:00.238+0800] {processor.py:153} INFO - Started process (PID=3160) to work on /home/gerardsho/airflow_env/lib/python3.8/site-packages/airflow/example_dags/example_branch_python_dop_operator_3.py
[2023-04-22T01:55:00.241+0800] {processor.py:743} INFO - Processing file /home/gerardsho/airflow_env/lib/python3.8/site-packages/airflow/example_dags/example_branch_python_dop_operator_3.py for tasks to queue
[2023-04-22T01:55:00.242+0800] {logging_mixin.py:137} INFO - [2023-04-22T01:55:00.241+0800] {dagbag.py:532} INFO - Filling up the DagBag from /home/gerardsho/airflow_env/lib/python3.8/site-packages/airflow/example_dags/example_branch_python_dop_operator_3.py
[2023-04-22T01:55:00.256+0800] {processor.py:753} INFO - DAG(s) dict_keys(['example_branch_dop_operator_v3']) retrieved from /home/gerardsho/airflow_env/lib/python3.8/site-packages/airflow/example_dags/example_branch_python_dop_operator_3.py
[2023-04-22T01:55:00.271+0800] {logging_mixin.py:137} INFO - [2023-04-22T01:55:00.271+0800] {dag.py:2705} INFO - Sync 1 DAGs
[2023-04-22T01:55:00.286+0800] {logging_mixin.py:137} INFO - [2023-04-22T01:55:00.286+0800] {dag.py:3452} INFO - Setting next_dagrun for example_branch_dop_operator_v3 to 2023-04-21T17:54:00+00:00, run_after=2023-04-21T17:55:00+00:00
[2023-04-22T01:55:00.304+0800] {processor.py:175} INFO - Processing /home/gerardsho/airflow_env/lib/python3.8/site-packages/airflow/example_dags/example_branch_python_dop_operator_3.py took 0.068 seconds
[2023-04-22T01:55:40.776+0800] {processor.py:153} INFO - Started process (PID=3206) to work on /home/gerardsho/airflow_env/lib/python3.8/site-packages/airflow/example_dags/example_branch_python_dop_operator_3.py
[2023-04-22T01:55:40.780+0800] {processor.py:743} INFO - Processing file /home/gerardsho/airflow_env/lib/python3.8/site-packages/airflow/example_dags/example_branch_python_dop_operator_3.py for tasks to queue
[2023-04-22T01:55:40.780+0800] {logging_mixin.py:137} INFO - [2023-04-22T01:55:40.780+0800] {dagbag.py:532} INFO - Filling up the DagBag from /home/gerardsho/airflow_env/lib/python3.8/site-packages/airflow/example_dags/example_branch_python_dop_operator_3.py
[2023-04-22T01:55:40.794+0800] {processor.py:753} INFO - DAG(s) dict_keys(['example_branch_dop_operator_v3']) retrieved from /home/gerardsho/airflow_env/lib/python3.8/site-packages/airflow/example_dags/example_branch_python_dop_operator_3.py
[2023-04-22T01:55:40.805+0800] {logging_mixin.py:137} INFO - [2023-04-22T01:55:40.805+0800] {dag.py:2705} INFO - Sync 1 DAGs
[2023-04-22T01:55:40.820+0800] {logging_mixin.py:137} INFO - [2023-04-22T01:55:40.820+0800] {dag.py:3452} INFO - Setting next_dagrun for example_branch_dop_operator_v3 to 2023-04-21T17:54:00+00:00, run_after=2023-04-21T17:55:00+00:00
[2023-04-22T01:55:40.837+0800] {processor.py:175} INFO - Processing /home/gerardsho/airflow_env/lib/python3.8/site-packages/airflow/example_dags/example_branch_python_dop_operator_3.py took 0.064 seconds
[2023-04-22T01:56:21.319+0800] {processor.py:153} INFO - Started process (PID=3251) to work on /home/gerardsho/airflow_env/lib/python3.8/site-packages/airflow/example_dags/example_branch_python_dop_operator_3.py
[2023-04-22T01:56:21.322+0800] {processor.py:743} INFO - Processing file /home/gerardsho/airflow_env/lib/python3.8/site-packages/airflow/example_dags/example_branch_python_dop_operator_3.py for tasks to queue
[2023-04-22T01:56:21.323+0800] {logging_mixin.py:137} INFO - [2023-04-22T01:56:21.323+0800] {dagbag.py:532} INFO - Filling up the DagBag from /home/gerardsho/airflow_env/lib/python3.8/site-packages/airflow/example_dags/example_branch_python_dop_operator_3.py
[2023-04-22T01:56:21.336+0800] {processor.py:753} INFO - DAG(s) dict_keys(['example_branch_dop_operator_v3']) retrieved from /home/gerardsho/airflow_env/lib/python3.8/site-packages/airflow/example_dags/example_branch_python_dop_operator_3.py
[2023-04-22T01:56:21.347+0800] {logging_mixin.py:137} INFO - [2023-04-22T01:56:21.347+0800] {dag.py:2705} INFO - Sync 1 DAGs
[2023-04-22T01:56:21.359+0800] {logging_mixin.py:137} INFO - [2023-04-22T01:56:21.359+0800] {dag.py:3452} INFO - Setting next_dagrun for example_branch_dop_operator_v3 to 2023-04-21T17:55:00+00:00, run_after=2023-04-21T17:56:00+00:00
[2023-04-22T01:56:21.378+0800] {processor.py:175} INFO - Processing /home/gerardsho/airflow_env/lib/python3.8/site-packages/airflow/example_dags/example_branch_python_dop_operator_3.py took 0.061 seconds
[2023-04-22T01:57:01.863+0800] {processor.py:153} INFO - Started process (PID=3299) to work on /home/gerardsho/airflow_env/lib/python3.8/site-packages/airflow/example_dags/example_branch_python_dop_operator_3.py
[2023-04-22T01:57:01.866+0800] {processor.py:743} INFO - Processing file /home/gerardsho/airflow_env/lib/python3.8/site-packages/airflow/example_dags/example_branch_python_dop_operator_3.py for tasks to queue
[2023-04-22T01:57:01.867+0800] {logging_mixin.py:137} INFO - [2023-04-22T01:57:01.867+0800] {dagbag.py:532} INFO - Filling up the DagBag from /home/gerardsho/airflow_env/lib/python3.8/site-packages/airflow/example_dags/example_branch_python_dop_operator_3.py
[2023-04-22T01:57:01.882+0800] {processor.py:753} INFO - DAG(s) dict_keys(['example_branch_dop_operator_v3']) retrieved from /home/gerardsho/airflow_env/lib/python3.8/site-packages/airflow/example_dags/example_branch_python_dop_operator_3.py
[2023-04-22T01:57:01.893+0800] {logging_mixin.py:137} INFO - [2023-04-22T01:57:01.893+0800] {dag.py:2705} INFO - Sync 1 DAGs
[2023-04-22T01:57:01.907+0800] {logging_mixin.py:137} INFO - [2023-04-22T01:57:01.907+0800] {dag.py:3452} INFO - Setting next_dagrun for example_branch_dop_operator_v3 to 2023-04-21T17:56:00+00:00, run_after=2023-04-21T17:57:00+00:00
[2023-04-22T01:57:01.925+0800] {processor.py:175} INFO - Processing /home/gerardsho/airflow_env/lib/python3.8/site-packages/airflow/example_dags/example_branch_python_dop_operator_3.py took 0.065 seconds
[2023-04-22T01:57:42.411+0800] {processor.py:153} INFO - Started process (PID=3347) to work on /home/gerardsho/airflow_env/lib/python3.8/site-packages/airflow/example_dags/example_branch_python_dop_operator_3.py
[2023-04-22T01:57:42.412+0800] {processor.py:743} INFO - Processing file /home/gerardsho/airflow_env/lib/python3.8/site-packages/airflow/example_dags/example_branch_python_dop_operator_3.py for tasks to queue
[2023-04-22T01:57:42.413+0800] {logging_mixin.py:137} INFO - [2023-04-22T01:57:42.413+0800] {dagbag.py:532} INFO - Filling up the DagBag from /home/gerardsho/airflow_env/lib/python3.8/site-packages/airflow/example_dags/example_branch_python_dop_operator_3.py
[2023-04-22T01:57:42.427+0800] {processor.py:753} INFO - DAG(s) dict_keys(['example_branch_dop_operator_v3']) retrieved from /home/gerardsho/airflow_env/lib/python3.8/site-packages/airflow/example_dags/example_branch_python_dop_operator_3.py
[2023-04-22T01:57:42.439+0800] {logging_mixin.py:137} INFO - [2023-04-22T01:57:42.439+0800] {dag.py:2705} INFO - Sync 1 DAGs
[2023-04-22T01:57:42.453+0800] {logging_mixin.py:137} INFO - [2023-04-22T01:57:42.453+0800] {dag.py:3452} INFO - Setting next_dagrun for example_branch_dop_operator_v3 to 2023-04-21T17:56:00+00:00, run_after=2023-04-21T17:57:00+00:00
[2023-04-22T01:57:42.470+0800] {processor.py:175} INFO - Processing /home/gerardsho/airflow_env/lib/python3.8/site-packages/airflow/example_dags/example_branch_python_dop_operator_3.py took 0.061 seconds
[2023-04-22T01:58:22.960+0800] {processor.py:153} INFO - Started process (PID=3393) to work on /home/gerardsho/airflow_env/lib/python3.8/site-packages/airflow/example_dags/example_branch_python_dop_operator_3.py
[2023-04-22T01:58:22.963+0800] {processor.py:743} INFO - Processing file /home/gerardsho/airflow_env/lib/python3.8/site-packages/airflow/example_dags/example_branch_python_dop_operator_3.py for tasks to queue
[2023-04-22T01:58:22.963+0800] {logging_mixin.py:137} INFO - [2023-04-22T01:58:22.963+0800] {dagbag.py:532} INFO - Filling up the DagBag from /home/gerardsho/airflow_env/lib/python3.8/site-packages/airflow/example_dags/example_branch_python_dop_operator_3.py
[2023-04-22T01:58:22.979+0800] {processor.py:753} INFO - DAG(s) dict_keys(['example_branch_dop_operator_v3']) retrieved from /home/gerardsho/airflow_env/lib/python3.8/site-packages/airflow/example_dags/example_branch_python_dop_operator_3.py
[2023-04-22T01:58:22.994+0800] {logging_mixin.py:137} INFO - [2023-04-22T01:58:22.994+0800] {dag.py:2705} INFO - Sync 1 DAGs
[2023-04-22T01:58:23.011+0800] {logging_mixin.py:137} INFO - [2023-04-22T01:58:23.011+0800] {dag.py:3452} INFO - Setting next_dagrun for example_branch_dop_operator_v3 to 2023-04-21T17:57:00+00:00, run_after=2023-04-21T17:58:00+00:00
[2023-04-22T01:58:23.031+0800] {processor.py:175} INFO - Processing /home/gerardsho/airflow_env/lib/python3.8/site-packages/airflow/example_dags/example_branch_python_dop_operator_3.py took 0.074 seconds
[2023-04-22T01:59:04.626+0800] {processor.py:153} INFO - Started process (PID=3435) to work on /home/gerardsho/airflow_env/lib/python3.8/site-packages/airflow/example_dags/example_branch_python_dop_operator_3.py
[2023-04-22T01:59:04.629+0800] {processor.py:743} INFO - Processing file /home/gerardsho/airflow_env/lib/python3.8/site-packages/airflow/example_dags/example_branch_python_dop_operator_3.py for tasks to queue
[2023-04-22T01:59:04.629+0800] {logging_mixin.py:137} INFO - [2023-04-22T01:59:04.629+0800] {dagbag.py:532} INFO - Filling up the DagBag from /home/gerardsho/airflow_env/lib/python3.8/site-packages/airflow/example_dags/example_branch_python_dop_operator_3.py
[2023-04-22T01:59:04.647+0800] {processor.py:753} INFO - DAG(s) dict_keys(['example_branch_dop_operator_v3']) retrieved from /home/gerardsho/airflow_env/lib/python3.8/site-packages/airflow/example_dags/example_branch_python_dop_operator_3.py
[2023-04-22T01:59:04.662+0800] {logging_mixin.py:137} INFO - [2023-04-22T01:59:04.662+0800] {dag.py:2705} INFO - Sync 1 DAGs
[2023-04-22T01:59:04.678+0800] {logging_mixin.py:137} INFO - [2023-04-22T01:59:04.678+0800] {dag.py:3452} INFO - Setting next_dagrun for example_branch_dop_operator_v3 to 2023-04-21T17:58:00+00:00, run_after=2023-04-21T17:59:00+00:00
[2023-04-22T01:59:04.698+0800] {processor.py:175} INFO - Processing /home/gerardsho/airflow_env/lib/python3.8/site-packages/airflow/example_dags/example_branch_python_dop_operator_3.py took 0.075 seconds
[2023-04-22T01:59:43.531+0800] {processor.py:153} INFO - Started process (PID=3477) to work on /home/gerardsho/airflow_env/lib/python3.8/site-packages/airflow/example_dags/example_branch_python_dop_operator_3.py
[2023-04-22T01:59:43.534+0800] {processor.py:743} INFO - Processing file /home/gerardsho/airflow_env/lib/python3.8/site-packages/airflow/example_dags/example_branch_python_dop_operator_3.py for tasks to queue
[2023-04-22T01:59:43.535+0800] {logging_mixin.py:137} INFO - [2023-04-22T01:59:43.535+0800] {dagbag.py:532} INFO - Filling up the DagBag from /home/gerardsho/airflow_env/lib/python3.8/site-packages/airflow/example_dags/example_branch_python_dop_operator_3.py
[2023-04-22T01:59:43.548+0800] {processor.py:753} INFO - DAG(s) dict_keys(['example_branch_dop_operator_v3']) retrieved from /home/gerardsho/airflow_env/lib/python3.8/site-packages/airflow/example_dags/example_branch_python_dop_operator_3.py
[2023-04-22T01:59:43.559+0800] {logging_mixin.py:137} INFO - [2023-04-22T01:59:43.559+0800] {dag.py:2705} INFO - Sync 1 DAGs
[2023-04-22T01:59:43.571+0800] {logging_mixin.py:137} INFO - [2023-04-22T01:59:43.571+0800] {dag.py:3452} INFO - Setting next_dagrun for example_branch_dop_operator_v3 to 2023-04-21T17:58:00+00:00, run_after=2023-04-21T17:59:00+00:00
[2023-04-22T01:59:43.587+0800] {processor.py:175} INFO - Processing /home/gerardsho/airflow_env/lib/python3.8/site-packages/airflow/example_dags/example_branch_python_dop_operator_3.py took 0.058 seconds
[2023-04-22T02:00:59.809+0800] {processor.py:153} INFO - Started process (PID=3534) to work on /home/gerardsho/airflow_env/lib/python3.8/site-packages/airflow/example_dags/example_branch_python_dop_operator_3.py
[2023-04-22T02:00:59.812+0800] {processor.py:743} INFO - Processing file /home/gerardsho/airflow_env/lib/python3.8/site-packages/airflow/example_dags/example_branch_python_dop_operator_3.py for tasks to queue
[2023-04-22T02:00:59.813+0800] {logging_mixin.py:137} INFO - [2023-04-22T02:00:59.813+0800] {dagbag.py:532} INFO - Filling up the DagBag from /home/gerardsho/airflow_env/lib/python3.8/site-packages/airflow/example_dags/example_branch_python_dop_operator_3.py
[2023-04-22T02:00:59.828+0800] {processor.py:753} INFO - DAG(s) dict_keys(['example_branch_dop_operator_v3']) retrieved from /home/gerardsho/airflow_env/lib/python3.8/site-packages/airflow/example_dags/example_branch_python_dop_operator_3.py
[2023-04-22T02:00:59.902+0800] {logging_mixin.py:137} INFO - [2023-04-22T02:00:59.902+0800] {manager.py:504} INFO - Created Permission View: can edit on DAG:example_branch_dop_operator_v3
[2023-04-22T02:00:59.915+0800] {logging_mixin.py:137} INFO - [2023-04-22T02:00:59.915+0800] {manager.py:504} INFO - Created Permission View: can delete on DAG:example_branch_dop_operator_v3
[2023-04-22T02:00:59.926+0800] {logging_mixin.py:137} INFO - [2023-04-22T02:00:59.926+0800] {manager.py:504} INFO - Created Permission View: can read on DAG:example_branch_dop_operator_v3
[2023-04-22T02:00:59.926+0800] {logging_mixin.py:137} INFO - [2023-04-22T02:00:59.926+0800] {dag.py:2705} INFO - Sync 1 DAGs
[2023-04-22T02:00:59.932+0800] {logging_mixin.py:137} INFO - [2023-04-22T02:00:59.932+0800] {dag.py:2726} INFO - Creating ORM DAG for example_branch_dop_operator_v3
[2023-04-22T02:00:59.938+0800] {logging_mixin.py:137} INFO - [2023-04-22T02:00:59.938+0800] {dag.py:3452} INFO - Setting next_dagrun for example_branch_dop_operator_v3 to 2023-04-21T17:59:00+00:00, run_after=2023-04-21T18:00:00+00:00
[2023-04-22T02:00:59.955+0800] {processor.py:175} INFO - Processing /home/gerardsho/airflow_env/lib/python3.8/site-packages/airflow/example_dags/example_branch_python_dop_operator_3.py took 0.149 seconds
[2023-04-22T02:01:40.447+0800] {processor.py:153} INFO - Started process (PID=3584) to work on /home/gerardsho/airflow_env/lib/python3.8/site-packages/airflow/example_dags/example_branch_python_dop_operator_3.py
[2023-04-22T02:01:40.450+0800] {processor.py:743} INFO - Processing file /home/gerardsho/airflow_env/lib/python3.8/site-packages/airflow/example_dags/example_branch_python_dop_operator_3.py for tasks to queue
[2023-04-22T02:01:40.451+0800] {logging_mixin.py:137} INFO - [2023-04-22T02:01:40.451+0800] {dagbag.py:532} INFO - Filling up the DagBag from /home/gerardsho/airflow_env/lib/python3.8/site-packages/airflow/example_dags/example_branch_python_dop_operator_3.py
[2023-04-22T02:01:40.468+0800] {processor.py:753} INFO - DAG(s) dict_keys(['example_branch_dop_operator_v3']) retrieved from /home/gerardsho/airflow_env/lib/python3.8/site-packages/airflow/example_dags/example_branch_python_dop_operator_3.py
[2023-04-22T02:01:40.480+0800] {logging_mixin.py:137} INFO - [2023-04-22T02:01:40.480+0800] {dag.py:2705} INFO - Sync 1 DAGs
[2023-04-22T02:01:40.494+0800] {logging_mixin.py:137} INFO - [2023-04-22T02:01:40.494+0800] {dag.py:3452} INFO - Setting next_dagrun for example_branch_dop_operator_v3 to 2023-04-21T18:00:00+00:00, run_after=2023-04-21T18:01:00+00:00
[2023-04-22T02:01:40.511+0800] {processor.py:175} INFO - Processing /home/gerardsho/airflow_env/lib/python3.8/site-packages/airflow/example_dags/example_branch_python_dop_operator_3.py took 0.066 seconds
[2023-04-22T02:02:21.704+0800] {processor.py:153} INFO - Started process (PID=3626) to work on /home/gerardsho/airflow_env/lib/python3.8/site-packages/airflow/example_dags/example_branch_python_dop_operator_3.py
[2023-04-22T02:02:21.705+0800] {processor.py:743} INFO - Processing file /home/gerardsho/airflow_env/lib/python3.8/site-packages/airflow/example_dags/example_branch_python_dop_operator_3.py for tasks to queue
[2023-04-22T02:02:21.706+0800] {logging_mixin.py:137} INFO - [2023-04-22T02:02:21.706+0800] {dagbag.py:532} INFO - Filling up the DagBag from /home/gerardsho/airflow_env/lib/python3.8/site-packages/airflow/example_dags/example_branch_python_dop_operator_3.py
[2023-04-22T02:02:21.719+0800] {processor.py:753} INFO - DAG(s) dict_keys(['example_branch_dop_operator_v3']) retrieved from /home/gerardsho/airflow_env/lib/python3.8/site-packages/airflow/example_dags/example_branch_python_dop_operator_3.py
[2023-04-22T02:02:21.730+0800] {logging_mixin.py:137} INFO - [2023-04-22T02:02:21.730+0800] {dag.py:2705} INFO - Sync 1 DAGs
[2023-04-22T02:02:21.742+0800] {logging_mixin.py:137} INFO - [2023-04-22T02:02:21.742+0800] {dag.py:3452} INFO - Setting next_dagrun for example_branch_dop_operator_v3 to 2023-04-21T18:01:00+00:00, run_after=2023-04-21T18:02:00+00:00
[2023-04-22T02:02:21.759+0800] {processor.py:175} INFO - Processing /home/gerardsho/airflow_env/lib/python3.8/site-packages/airflow/example_dags/example_branch_python_dop_operator_3.py took 0.058 seconds
[2023-04-22T02:03:02.871+0800] {processor.py:153} INFO - Started process (PID=3678) to work on /home/gerardsho/airflow_env/lib/python3.8/site-packages/airflow/example_dags/example_branch_python_dop_operator_3.py
[2023-04-22T02:03:02.875+0800] {processor.py:743} INFO - Processing file /home/gerardsho/airflow_env/lib/python3.8/site-packages/airflow/example_dags/example_branch_python_dop_operator_3.py for tasks to queue
[2023-04-22T02:03:02.875+0800] {logging_mixin.py:137} INFO - [2023-04-22T02:03:02.875+0800] {dagbag.py:532} INFO - Filling up the DagBag from /home/gerardsho/airflow_env/lib/python3.8/site-packages/airflow/example_dags/example_branch_python_dop_operator_3.py
[2023-04-22T02:03:02.889+0800] {processor.py:753} INFO - DAG(s) dict_keys(['example_branch_dop_operator_v3']) retrieved from /home/gerardsho/airflow_env/lib/python3.8/site-packages/airflow/example_dags/example_branch_python_dop_operator_3.py
[2023-04-22T02:03:02.900+0800] {logging_mixin.py:137} INFO - [2023-04-22T02:03:02.899+0800] {dag.py:2705} INFO - Sync 1 DAGs
[2023-04-22T02:03:02.913+0800] {logging_mixin.py:137} INFO - [2023-04-22T02:03:02.912+0800] {dag.py:3452} INFO - Setting next_dagrun for example_branch_dop_operator_v3 to 2023-04-21T18:02:00+00:00, run_after=2023-04-21T18:03:00+00:00
[2023-04-22T02:03:02.930+0800] {processor.py:175} INFO - Processing /home/gerardsho/airflow_env/lib/python3.8/site-packages/airflow/example_dags/example_branch_python_dop_operator_3.py took 0.062 seconds
[2023-04-22T02:03:43.945+0800] {processor.py:153} INFO - Started process (PID=3728) to work on /home/gerardsho/airflow_env/lib/python3.8/site-packages/airflow/example_dags/example_branch_python_dop_operator_3.py
[2023-04-22T02:03:43.948+0800] {processor.py:743} INFO - Processing file /home/gerardsho/airflow_env/lib/python3.8/site-packages/airflow/example_dags/example_branch_python_dop_operator_3.py for tasks to queue
[2023-04-22T02:03:43.948+0800] {logging_mixin.py:137} INFO - [2023-04-22T02:03:43.948+0800] {dagbag.py:532} INFO - Filling up the DagBag from /home/gerardsho/airflow_env/lib/python3.8/site-packages/airflow/example_dags/example_branch_python_dop_operator_3.py
[2023-04-22T02:03:43.961+0800] {processor.py:753} INFO - DAG(s) dict_keys(['example_branch_dop_operator_v3']) retrieved from /home/gerardsho/airflow_env/lib/python3.8/site-packages/airflow/example_dags/example_branch_python_dop_operator_3.py
[2023-04-22T02:03:43.971+0800] {logging_mixin.py:137} INFO - [2023-04-22T02:03:43.971+0800] {dag.py:2705} INFO - Sync 1 DAGs
[2023-04-22T02:03:43.985+0800] {logging_mixin.py:137} INFO - [2023-04-22T02:03:43.985+0800] {dag.py:3452} INFO - Setting next_dagrun for example_branch_dop_operator_v3 to 2023-04-21T18:02:00+00:00, run_after=2023-04-21T18:03:00+00:00
[2023-04-22T02:03:44.001+0800] {processor.py:175} INFO - Processing /home/gerardsho/airflow_env/lib/python3.8/site-packages/airflow/example_dags/example_branch_python_dop_operator_3.py took 0.059 seconds
[2023-04-22T02:04:25.091+0800] {processor.py:153} INFO - Started process (PID=3771) to work on /home/gerardsho/airflow_env/lib/python3.8/site-packages/airflow/example_dags/example_branch_python_dop_operator_3.py
[2023-04-22T02:04:25.094+0800] {processor.py:743} INFO - Processing file /home/gerardsho/airflow_env/lib/python3.8/site-packages/airflow/example_dags/example_branch_python_dop_operator_3.py for tasks to queue
[2023-04-22T02:04:25.095+0800] {logging_mixin.py:137} INFO - [2023-04-22T02:04:25.095+0800] {dagbag.py:532} INFO - Filling up the DagBag from /home/gerardsho/airflow_env/lib/python3.8/site-packages/airflow/example_dags/example_branch_python_dop_operator_3.py
[2023-04-22T02:04:25.112+0800] {processor.py:753} INFO - DAG(s) dict_keys(['example_branch_dop_operator_v3']) retrieved from /home/gerardsho/airflow_env/lib/python3.8/site-packages/airflow/example_dags/example_branch_python_dop_operator_3.py
[2023-04-22T02:04:25.128+0800] {logging_mixin.py:137} INFO - [2023-04-22T02:04:25.128+0800] {dag.py:2705} INFO - Sync 1 DAGs
[2023-04-22T02:04:25.144+0800] {logging_mixin.py:137} INFO - [2023-04-22T02:04:25.143+0800] {dag.py:3452} INFO - Setting next_dagrun for example_branch_dop_operator_v3 to 2023-04-21T18:03:00+00:00, run_after=2023-04-21T18:04:00+00:00
[2023-04-22T02:04:25.161+0800] {processor.py:175} INFO - Processing /home/gerardsho/airflow_env/lib/python3.8/site-packages/airflow/example_dags/example_branch_python_dop_operator_3.py took 0.072 seconds
[2023-04-22T02:05:05.795+0800] {processor.py:153} INFO - Started process (PID=3814) to work on /home/gerardsho/airflow_env/lib/python3.8/site-packages/airflow/example_dags/example_branch_python_dop_operator_3.py
[2023-04-22T02:05:05.798+0800] {processor.py:743} INFO - Processing file /home/gerardsho/airflow_env/lib/python3.8/site-packages/airflow/example_dags/example_branch_python_dop_operator_3.py for tasks to queue
[2023-04-22T02:05:05.799+0800] {logging_mixin.py:137} INFO - [2023-04-22T02:05:05.799+0800] {dagbag.py:532} INFO - Filling up the DagBag from /home/gerardsho/airflow_env/lib/python3.8/site-packages/airflow/example_dags/example_branch_python_dop_operator_3.py
[2023-04-22T02:05:05.815+0800] {processor.py:753} INFO - DAG(s) dict_keys(['example_branch_dop_operator_v3']) retrieved from /home/gerardsho/airflow_env/lib/python3.8/site-packages/airflow/example_dags/example_branch_python_dop_operator_3.py
[2023-04-22T02:05:05.827+0800] {logging_mixin.py:137} INFO - [2023-04-22T02:05:05.827+0800] {dag.py:2705} INFO - Sync 1 DAGs
[2023-04-22T02:05:05.844+0800] {logging_mixin.py:137} INFO - [2023-04-22T02:05:05.844+0800] {dag.py:3452} INFO - Setting next_dagrun for example_branch_dop_operator_v3 to 2023-04-21T18:04:00+00:00, run_after=2023-04-21T18:05:00+00:00
[2023-04-22T02:05:05.868+0800] {processor.py:175} INFO - Processing /home/gerardsho/airflow_env/lib/python3.8/site-packages/airflow/example_dags/example_branch_python_dop_operator_3.py took 0.075 seconds
