[2023-04-22T01:48:16.863+0800] {processor.py:153} INFO - Started process (PID=2724) to work on /home/gerardsho/airflow_env/lib/python3.8/site-packages/airflow/example_dags/example_short_circuit_operator.py
[2023-04-22T01:48:16.863+0800] {processor.py:743} INFO - Processing file /home/gerardsho/airflow_env/lib/python3.8/site-packages/airflow/example_dags/example_short_circuit_operator.py for tasks to queue
[2023-04-22T01:48:16.864+0800] {logging_mixin.py:137} INFO - [2023-04-22T01:48:16.863+0800] {dagbag.py:532} INFO - Filling up the DagBag from /home/gerardsho/airflow_env/lib/python3.8/site-packages/airflow/example_dags/example_short_circuit_operator.py
[2023-04-22T01:48:16.872+0800] {processor.py:753} INFO - DAG(s) dict_keys(['example_short_circuit_operator']) retrieved from /home/gerardsho/airflow_env/lib/python3.8/site-packages/airflow/example_dags/example_short_circuit_operator.py
[2023-04-22T01:48:16.997+0800] {logging_mixin.py:137} INFO - [2023-04-22T01:48:16.997+0800] {manager.py:504} INFO - Created Permission View: can edit on DAG:example_short_circuit_operator
[2023-04-22T01:48:17.033+0800] {logging_mixin.py:137} INFO - [2023-04-22T01:48:17.033+0800] {manager.py:504} INFO - Created Permission View: can delete on DAG:example_short_circuit_operator
[2023-04-22T01:48:17.069+0800] {logging_mixin.py:137} INFO - [2023-04-22T01:48:17.069+0800] {manager.py:504} INFO - Created Permission View: can read on DAG:example_short_circuit_operator
[2023-04-22T01:48:17.070+0800] {logging_mixin.py:137} INFO - [2023-04-22T01:48:17.070+0800] {dag.py:2705} INFO - Sync 1 DAGs
[2023-04-22T01:48:17.082+0800] {logging_mixin.py:137} INFO - [2023-04-22T01:48:17.081+0800] {dag.py:2726} INFO - Creating ORM DAG for example_short_circuit_operator
[2023-04-22T01:48:17.087+0800] {logging_mixin.py:137} INFO - [2023-04-22T01:48:17.087+0800] {dag.py:3452} INFO - Setting next_dagrun for example_short_circuit_operator to 2023-04-20T17:48:17.086884+00:00, run_after=2023-04-21T17:48:17.086884+00:00
[2023-04-22T01:48:17.140+0800] {processor.py:175} INFO - Processing /home/gerardsho/airflow_env/lib/python3.8/site-packages/airflow/example_dags/example_short_circuit_operator.py took 0.280 seconds
[2023-04-22T01:49:07.643+0800] {processor.py:153} INFO - Started process (PID=2766) to work on /home/gerardsho/airflow_env/lib/python3.8/site-packages/airflow/example_dags/example_short_circuit_operator.py
[2023-04-22T01:49:07.644+0800] {processor.py:743} INFO - Processing file /home/gerardsho/airflow_env/lib/python3.8/site-packages/airflow/example_dags/example_short_circuit_operator.py for tasks to queue
[2023-04-22T01:49:07.644+0800] {logging_mixin.py:137} INFO - [2023-04-22T01:49:07.644+0800] {dagbag.py:532} INFO - Filling up the DagBag from /home/gerardsho/airflow_env/lib/python3.8/site-packages/airflow/example_dags/example_short_circuit_operator.py
[2023-04-22T01:49:07.653+0800] {processor.py:753} INFO - DAG(s) dict_keys(['example_short_circuit_operator']) retrieved from /home/gerardsho/airflow_env/lib/python3.8/site-packages/airflow/example_dags/example_short_circuit_operator.py
[2023-04-22T01:49:07.665+0800] {logging_mixin.py:137} INFO - [2023-04-22T01:49:07.665+0800] {dag.py:2705} INFO - Sync 1 DAGs
[2023-04-22T01:49:07.675+0800] {logging_mixin.py:137} INFO - [2023-04-22T01:49:07.675+0800] {dag.py:3452} INFO - Setting next_dagrun for example_short_circuit_operator to 2023-04-20T17:49:07.675377+00:00, run_after=2023-04-21T17:49:07.675377+00:00
[2023-04-22T01:49:07.694+0800] {processor.py:175} INFO - Processing /home/gerardsho/airflow_env/lib/python3.8/site-packages/airflow/example_dags/example_short_circuit_operator.py took 0.054 seconds
[2023-04-22T01:49:49.912+0800] {processor.py:153} INFO - Started process (PID=2810) to work on /home/gerardsho/airflow_env/lib/python3.8/site-packages/airflow/example_dags/example_short_circuit_operator.py
[2023-04-22T01:49:49.915+0800] {processor.py:743} INFO - Processing file /home/gerardsho/airflow_env/lib/python3.8/site-packages/airflow/example_dags/example_short_circuit_operator.py for tasks to queue
[2023-04-22T01:49:49.915+0800] {logging_mixin.py:137} INFO - [2023-04-22T01:49:49.915+0800] {dagbag.py:532} INFO - Filling up the DagBag from /home/gerardsho/airflow_env/lib/python3.8/site-packages/airflow/example_dags/example_short_circuit_operator.py
[2023-04-22T01:49:49.927+0800] {processor.py:753} INFO - DAG(s) dict_keys(['example_short_circuit_operator']) retrieved from /home/gerardsho/airflow_env/lib/python3.8/site-packages/airflow/example_dags/example_short_circuit_operator.py
[2023-04-22T01:49:49.941+0800] {logging_mixin.py:137} INFO - [2023-04-22T01:49:49.940+0800] {dag.py:2705} INFO - Sync 1 DAGs
[2023-04-22T01:49:49.952+0800] {logging_mixin.py:137} INFO - [2023-04-22T01:49:49.952+0800] {dag.py:3452} INFO - Setting next_dagrun for example_short_circuit_operator to 2023-04-20T17:49:49.952703+00:00, run_after=2023-04-21T17:49:49.952703+00:00
[2023-04-22T01:49:49.969+0800] {processor.py:175} INFO - Processing /home/gerardsho/airflow_env/lib/python3.8/site-packages/airflow/example_dags/example_short_circuit_operator.py took 0.059 seconds
[2023-04-22T01:50:28.068+0800] {processor.py:153} INFO - Started process (PID=2854) to work on /home/gerardsho/airflow_env/lib/python3.8/site-packages/airflow/example_dags/example_short_circuit_operator.py
[2023-04-22T01:50:28.071+0800] {processor.py:743} INFO - Processing file /home/gerardsho/airflow_env/lib/python3.8/site-packages/airflow/example_dags/example_short_circuit_operator.py for tasks to queue
[2023-04-22T01:50:28.072+0800] {logging_mixin.py:137} INFO - [2023-04-22T01:50:28.072+0800] {dagbag.py:532} INFO - Filling up the DagBag from /home/gerardsho/airflow_env/lib/python3.8/site-packages/airflow/example_dags/example_short_circuit_operator.py
[2023-04-22T01:50:28.081+0800] {processor.py:753} INFO - DAG(s) dict_keys(['example_short_circuit_operator']) retrieved from /home/gerardsho/airflow_env/lib/python3.8/site-packages/airflow/example_dags/example_short_circuit_operator.py
[2023-04-22T01:50:28.092+0800] {logging_mixin.py:137} INFO - [2023-04-22T01:50:28.092+0800] {dag.py:2705} INFO - Sync 1 DAGs
[2023-04-22T01:50:28.103+0800] {logging_mixin.py:137} INFO - [2023-04-22T01:50:28.102+0800] {dag.py:3452} INFO - Setting next_dagrun for example_short_circuit_operator to 2023-04-20T17:50:28.102794+00:00, run_after=2023-04-21T17:50:28.102794+00:00
[2023-04-22T01:50:28.119+0800] {processor.py:175} INFO - Processing /home/gerardsho/airflow_env/lib/python3.8/site-packages/airflow/example_dags/example_short_circuit_operator.py took 0.053 seconds
[2023-04-22T01:51:09.938+0800] {processor.py:153} INFO - Started process (PID=2900) to work on /home/gerardsho/airflow_env/lib/python3.8/site-packages/airflow/example_dags/example_short_circuit_operator.py
[2023-04-22T01:51:09.941+0800] {processor.py:743} INFO - Processing file /home/gerardsho/airflow_env/lib/python3.8/site-packages/airflow/example_dags/example_short_circuit_operator.py for tasks to queue
[2023-04-22T01:51:09.942+0800] {logging_mixin.py:137} INFO - [2023-04-22T01:51:09.942+0800] {dagbag.py:532} INFO - Filling up the DagBag from /home/gerardsho/airflow_env/lib/python3.8/site-packages/airflow/example_dags/example_short_circuit_operator.py
[2023-04-22T01:51:09.953+0800] {processor.py:753} INFO - DAG(s) dict_keys(['example_short_circuit_operator']) retrieved from /home/gerardsho/airflow_env/lib/python3.8/site-packages/airflow/example_dags/example_short_circuit_operator.py
[2023-04-22T01:51:09.968+0800] {logging_mixin.py:137} INFO - [2023-04-22T01:51:09.968+0800] {dag.py:2705} INFO - Sync 1 DAGs
[2023-04-22T01:51:09.982+0800] {logging_mixin.py:137} INFO - [2023-04-22T01:51:09.982+0800] {dag.py:3452} INFO - Setting next_dagrun for example_short_circuit_operator to 2023-04-20T17:51:09.981926+00:00, run_after=2023-04-21T17:51:09.981926+00:00
[2023-04-22T01:51:10.001+0800] {processor.py:175} INFO - Processing /home/gerardsho/airflow_env/lib/python3.8/site-packages/airflow/example_dags/example_short_circuit_operator.py took 0.065 seconds
[2023-04-22T01:51:51.006+0800] {processor.py:153} INFO - Started process (PID=2961) to work on /home/gerardsho/airflow_env/lib/python3.8/site-packages/airflow/example_dags/example_short_circuit_operator.py
[2023-04-22T01:51:51.009+0800] {processor.py:743} INFO - Processing file /home/gerardsho/airflow_env/lib/python3.8/site-packages/airflow/example_dags/example_short_circuit_operator.py for tasks to queue
[2023-04-22T01:51:51.009+0800] {logging_mixin.py:137} INFO - [2023-04-22T01:51:51.009+0800] {dagbag.py:532} INFO - Filling up the DagBag from /home/gerardsho/airflow_env/lib/python3.8/site-packages/airflow/example_dags/example_short_circuit_operator.py
[2023-04-22T01:51:51.020+0800] {processor.py:753} INFO - DAG(s) dict_keys(['example_short_circuit_operator']) retrieved from /home/gerardsho/airflow_env/lib/python3.8/site-packages/airflow/example_dags/example_short_circuit_operator.py
[2023-04-22T01:51:51.034+0800] {logging_mixin.py:137} INFO - [2023-04-22T01:51:51.034+0800] {dag.py:2705} INFO - Sync 1 DAGs
[2023-04-22T01:51:51.046+0800] {logging_mixin.py:137} INFO - [2023-04-22T01:51:51.046+0800] {dag.py:3452} INFO - Setting next_dagrun for example_short_circuit_operator to 2023-04-20T17:51:51.046198+00:00, run_after=2023-04-21T17:51:51.046198+00:00
[2023-04-22T01:51:51.065+0800] {processor.py:175} INFO - Processing /home/gerardsho/airflow_env/lib/python3.8/site-packages/airflow/example_dags/example_short_circuit_operator.py took 0.062 seconds
[2023-04-22T01:52:32.048+0800] {processor.py:153} INFO - Started process (PID=3003) to work on /home/gerardsho/airflow_env/lib/python3.8/site-packages/airflow/example_dags/example_short_circuit_operator.py
[2023-04-22T01:52:32.051+0800] {processor.py:743} INFO - Processing file /home/gerardsho/airflow_env/lib/python3.8/site-packages/airflow/example_dags/example_short_circuit_operator.py for tasks to queue
[2023-04-22T01:52:32.052+0800] {logging_mixin.py:137} INFO - [2023-04-22T01:52:32.052+0800] {dagbag.py:532} INFO - Filling up the DagBag from /home/gerardsho/airflow_env/lib/python3.8/site-packages/airflow/example_dags/example_short_circuit_operator.py
[2023-04-22T01:52:32.060+0800] {processor.py:753} INFO - DAG(s) dict_keys(['example_short_circuit_operator']) retrieved from /home/gerardsho/airflow_env/lib/python3.8/site-packages/airflow/example_dags/example_short_circuit_operator.py
[2023-04-22T01:52:32.071+0800] {logging_mixin.py:137} INFO - [2023-04-22T01:52:32.071+0800] {dag.py:2705} INFO - Sync 1 DAGs
[2023-04-22T01:52:32.081+0800] {logging_mixin.py:137} INFO - [2023-04-22T01:52:32.081+0800] {dag.py:3452} INFO - Setting next_dagrun for example_short_circuit_operator to 2023-04-20T17:52:32.081732+00:00, run_after=2023-04-21T17:52:32.081732+00:00
[2023-04-22T01:52:32.098+0800] {processor.py:175} INFO - Processing /home/gerardsho/airflow_env/lib/python3.8/site-packages/airflow/example_dags/example_short_circuit_operator.py took 0.052 seconds
[2023-04-22T01:53:13.874+0800] {processor.py:153} INFO - Started process (PID=3045) to work on /home/gerardsho/airflow_env/lib/python3.8/site-packages/airflow/example_dags/example_short_circuit_operator.py
[2023-04-22T01:53:13.877+0800] {processor.py:743} INFO - Processing file /home/gerardsho/airflow_env/lib/python3.8/site-packages/airflow/example_dags/example_short_circuit_operator.py for tasks to queue
[2023-04-22T01:53:13.878+0800] {logging_mixin.py:137} INFO - [2023-04-22T01:53:13.878+0800] {dagbag.py:532} INFO - Filling up the DagBag from /home/gerardsho/airflow_env/lib/python3.8/site-packages/airflow/example_dags/example_short_circuit_operator.py
[2023-04-22T01:53:13.886+0800] {processor.py:753} INFO - DAG(s) dict_keys(['example_short_circuit_operator']) retrieved from /home/gerardsho/airflow_env/lib/python3.8/site-packages/airflow/example_dags/example_short_circuit_operator.py
[2023-04-22T01:53:13.898+0800] {logging_mixin.py:137} INFO - [2023-04-22T01:53:13.898+0800] {dag.py:2705} INFO - Sync 1 DAGs
[2023-04-22T01:53:13.908+0800] {logging_mixin.py:137} INFO - [2023-04-22T01:53:13.908+0800] {dag.py:3452} INFO - Setting next_dagrun for example_short_circuit_operator to 2023-04-20T17:53:13.908095+00:00, run_after=2023-04-21T17:53:13.908095+00:00
[2023-04-22T01:53:13.925+0800] {processor.py:175} INFO - Processing /home/gerardsho/airflow_env/lib/python3.8/site-packages/airflow/example_dags/example_short_circuit_operator.py took 0.052 seconds
[2023-04-22T01:53:52.818+0800] {processor.py:153} INFO - Started process (PID=3087) to work on /home/gerardsho/airflow_env/lib/python3.8/site-packages/airflow/example_dags/example_short_circuit_operator.py
[2023-04-22T01:53:52.821+0800] {processor.py:743} INFO - Processing file /home/gerardsho/airflow_env/lib/python3.8/site-packages/airflow/example_dags/example_short_circuit_operator.py for tasks to queue
[2023-04-22T01:53:52.822+0800] {logging_mixin.py:137} INFO - [2023-04-22T01:53:52.822+0800] {dagbag.py:532} INFO - Filling up the DagBag from /home/gerardsho/airflow_env/lib/python3.8/site-packages/airflow/example_dags/example_short_circuit_operator.py
[2023-04-22T01:53:52.832+0800] {processor.py:753} INFO - DAG(s) dict_keys(['example_short_circuit_operator']) retrieved from /home/gerardsho/airflow_env/lib/python3.8/site-packages/airflow/example_dags/example_short_circuit_operator.py
[2023-04-22T01:53:52.845+0800] {logging_mixin.py:137} INFO - [2023-04-22T01:53:52.845+0800] {dag.py:2705} INFO - Sync 1 DAGs
[2023-04-22T01:53:52.857+0800] {logging_mixin.py:137} INFO - [2023-04-22T01:53:52.857+0800] {dag.py:3452} INFO - Setting next_dagrun for example_short_circuit_operator to 2023-04-20T17:53:52.856884+00:00, run_after=2023-04-21T17:53:52.856884+00:00
[2023-04-22T01:53:52.877+0800] {processor.py:175} INFO - Processing /home/gerardsho/airflow_env/lib/python3.8/site-packages/airflow/example_dags/example_short_circuit_operator.py took 0.061 seconds
[2023-04-22T01:54:32.670+0800] {processor.py:153} INFO - Started process (PID=3131) to work on /home/gerardsho/airflow_env/lib/python3.8/site-packages/airflow/example_dags/example_short_circuit_operator.py
[2023-04-22T01:54:32.673+0800] {processor.py:743} INFO - Processing file /home/gerardsho/airflow_env/lib/python3.8/site-packages/airflow/example_dags/example_short_circuit_operator.py for tasks to queue
[2023-04-22T01:54:32.674+0800] {logging_mixin.py:137} INFO - [2023-04-22T01:54:32.674+0800] {dagbag.py:532} INFO - Filling up the DagBag from /home/gerardsho/airflow_env/lib/python3.8/site-packages/airflow/example_dags/example_short_circuit_operator.py
[2023-04-22T01:54:32.683+0800] {processor.py:753} INFO - DAG(s) dict_keys(['example_short_circuit_operator']) retrieved from /home/gerardsho/airflow_env/lib/python3.8/site-packages/airflow/example_dags/example_short_circuit_operator.py
[2023-04-22T01:54:32.696+0800] {logging_mixin.py:137} INFO - [2023-04-22T01:54:32.696+0800] {dag.py:2705} INFO - Sync 1 DAGs
[2023-04-22T01:54:32.708+0800] {logging_mixin.py:137} INFO - [2023-04-22T01:54:32.707+0800] {dag.py:3452} INFO - Setting next_dagrun for example_short_circuit_operator to 2023-04-20T17:54:32.707781+00:00, run_after=2023-04-21T17:54:32.707781+00:00
[2023-04-22T01:54:32.727+0800] {processor.py:175} INFO - Processing /home/gerardsho/airflow_env/lib/python3.8/site-packages/airflow/example_dags/example_short_circuit_operator.py took 0.060 seconds
[2023-04-22T01:55:15.802+0800] {processor.py:153} INFO - Started process (PID=3177) to work on /home/gerardsho/airflow_env/lib/python3.8/site-packages/airflow/example_dags/example_short_circuit_operator.py
[2023-04-22T01:55:15.805+0800] {processor.py:743} INFO - Processing file /home/gerardsho/airflow_env/lib/python3.8/site-packages/airflow/example_dags/example_short_circuit_operator.py for tasks to queue
[2023-04-22T01:55:15.805+0800] {logging_mixin.py:137} INFO - [2023-04-22T01:55:15.805+0800] {dagbag.py:532} INFO - Filling up the DagBag from /home/gerardsho/airflow_env/lib/python3.8/site-packages/airflow/example_dags/example_short_circuit_operator.py
[2023-04-22T01:55:15.814+0800] {processor.py:753} INFO - DAG(s) dict_keys(['example_short_circuit_operator']) retrieved from /home/gerardsho/airflow_env/lib/python3.8/site-packages/airflow/example_dags/example_short_circuit_operator.py
[2023-04-22T01:55:15.826+0800] {logging_mixin.py:137} INFO - [2023-04-22T01:55:15.826+0800] {dag.py:2705} INFO - Sync 1 DAGs
[2023-04-22T01:55:15.836+0800] {logging_mixin.py:137} INFO - [2023-04-22T01:55:15.836+0800] {dag.py:3452} INFO - Setting next_dagrun for example_short_circuit_operator to 2023-04-20T17:55:15.836467+00:00, run_after=2023-04-21T17:55:15.836467+00:00
[2023-04-22T01:55:15.852+0800] {processor.py:175} INFO - Processing /home/gerardsho/airflow_env/lib/python3.8/site-packages/airflow/example_dags/example_short_circuit_operator.py took 0.053 seconds
[2023-04-22T01:55:54.917+0800] {processor.py:153} INFO - Started process (PID=3222) to work on /home/gerardsho/airflow_env/lib/python3.8/site-packages/airflow/example_dags/example_short_circuit_operator.py
[2023-04-22T01:55:54.920+0800] {processor.py:743} INFO - Processing file /home/gerardsho/airflow_env/lib/python3.8/site-packages/airflow/example_dags/example_short_circuit_operator.py for tasks to queue
[2023-04-22T01:55:54.921+0800] {logging_mixin.py:137} INFO - [2023-04-22T01:55:54.920+0800] {dagbag.py:532} INFO - Filling up the DagBag from /home/gerardsho/airflow_env/lib/python3.8/site-packages/airflow/example_dags/example_short_circuit_operator.py
[2023-04-22T01:55:54.929+0800] {processor.py:753} INFO - DAG(s) dict_keys(['example_short_circuit_operator']) retrieved from /home/gerardsho/airflow_env/lib/python3.8/site-packages/airflow/example_dags/example_short_circuit_operator.py
[2023-04-22T01:55:54.942+0800] {logging_mixin.py:137} INFO - [2023-04-22T01:55:54.941+0800] {dag.py:2705} INFO - Sync 1 DAGs
[2023-04-22T01:55:54.953+0800] {logging_mixin.py:137} INFO - [2023-04-22T01:55:54.953+0800] {dag.py:3452} INFO - Setting next_dagrun for example_short_circuit_operator to 2023-04-20T17:55:54.952998+00:00, run_after=2023-04-21T17:55:54.952998+00:00
[2023-04-22T01:55:54.970+0800] {processor.py:175} INFO - Processing /home/gerardsho/airflow_env/lib/python3.8/site-packages/airflow/example_dags/example_short_circuit_operator.py took 0.056 seconds
[2023-04-22T01:56:37.147+0800] {processor.py:153} INFO - Started process (PID=3269) to work on /home/gerardsho/airflow_env/lib/python3.8/site-packages/airflow/example_dags/example_short_circuit_operator.py
[2023-04-22T01:56:37.150+0800] {processor.py:743} INFO - Processing file /home/gerardsho/airflow_env/lib/python3.8/site-packages/airflow/example_dags/example_short_circuit_operator.py for tasks to queue
[2023-04-22T01:56:37.150+0800] {logging_mixin.py:137} INFO - [2023-04-22T01:56:37.150+0800] {dagbag.py:532} INFO - Filling up the DagBag from /home/gerardsho/airflow_env/lib/python3.8/site-packages/airflow/example_dags/example_short_circuit_operator.py
[2023-04-22T01:56:37.161+0800] {processor.py:753} INFO - DAG(s) dict_keys(['example_short_circuit_operator']) retrieved from /home/gerardsho/airflow_env/lib/python3.8/site-packages/airflow/example_dags/example_short_circuit_operator.py
[2023-04-22T01:56:37.175+0800] {logging_mixin.py:137} INFO - [2023-04-22T01:56:37.175+0800] {dag.py:2705} INFO - Sync 1 DAGs
[2023-04-22T01:56:37.187+0800] {logging_mixin.py:137} INFO - [2023-04-22T01:56:37.187+0800] {dag.py:3452} INFO - Setting next_dagrun for example_short_circuit_operator to 2023-04-20T17:56:37.186857+00:00, run_after=2023-04-21T17:56:37.186857+00:00
[2023-04-22T01:56:37.204+0800] {processor.py:175} INFO - Processing /home/gerardsho/airflow_env/lib/python3.8/site-packages/airflow/example_dags/example_short_circuit_operator.py took 0.060 seconds
[2023-04-22T01:57:14.935+0800] {processor.py:153} INFO - Started process (PID=3314) to work on /home/gerardsho/airflow_env/lib/python3.8/site-packages/airflow/example_dags/example_short_circuit_operator.py
[2023-04-22T01:57:14.936+0800] {processor.py:743} INFO - Processing file /home/gerardsho/airflow_env/lib/python3.8/site-packages/airflow/example_dags/example_short_circuit_operator.py for tasks to queue
[2023-04-22T01:57:14.937+0800] {logging_mixin.py:137} INFO - [2023-04-22T01:57:14.937+0800] {dagbag.py:532} INFO - Filling up the DagBag from /home/gerardsho/airflow_env/lib/python3.8/site-packages/airflow/example_dags/example_short_circuit_operator.py
[2023-04-22T01:57:14.946+0800] {processor.py:753} INFO - DAG(s) dict_keys(['example_short_circuit_operator']) retrieved from /home/gerardsho/airflow_env/lib/python3.8/site-packages/airflow/example_dags/example_short_circuit_operator.py
[2023-04-22T01:57:14.957+0800] {logging_mixin.py:137} INFO - [2023-04-22T01:57:14.957+0800] {dag.py:2705} INFO - Sync 1 DAGs
[2023-04-22T01:57:14.969+0800] {logging_mixin.py:137} INFO - [2023-04-22T01:57:14.968+0800] {dag.py:3452} INFO - Setting next_dagrun for example_short_circuit_operator to 2023-04-20T17:57:14.968769+00:00, run_after=2023-04-21T17:57:14.968769+00:00
[2023-04-22T01:57:14.986+0800] {processor.py:175} INFO - Processing /home/gerardsho/airflow_env/lib/python3.8/site-packages/airflow/example_dags/example_short_circuit_operator.py took 0.053 seconds
[2023-04-22T01:57:57.133+0800] {processor.py:153} INFO - Started process (PID=3365) to work on /home/gerardsho/airflow_env/lib/python3.8/site-packages/airflow/example_dags/example_short_circuit_operator.py
[2023-04-22T01:57:57.136+0800] {processor.py:743} INFO - Processing file /home/gerardsho/airflow_env/lib/python3.8/site-packages/airflow/example_dags/example_short_circuit_operator.py for tasks to queue
[2023-04-22T01:57:57.137+0800] {logging_mixin.py:137} INFO - [2023-04-22T01:57:57.137+0800] {dagbag.py:532} INFO - Filling up the DagBag from /home/gerardsho/airflow_env/lib/python3.8/site-packages/airflow/example_dags/example_short_circuit_operator.py
[2023-04-22T01:57:57.146+0800] {processor.py:753} INFO - DAG(s) dict_keys(['example_short_circuit_operator']) retrieved from /home/gerardsho/airflow_env/lib/python3.8/site-packages/airflow/example_dags/example_short_circuit_operator.py
[2023-04-22T01:57:57.160+0800] {logging_mixin.py:137} INFO - [2023-04-22T01:57:57.160+0800] {dag.py:2705} INFO - Sync 1 DAGs
[2023-04-22T01:57:57.171+0800] {logging_mixin.py:137} INFO - [2023-04-22T01:57:57.170+0800] {dag.py:3452} INFO - Setting next_dagrun for example_short_circuit_operator to 2023-04-20T17:57:57.170821+00:00, run_after=2023-04-21T17:57:57.170821+00:00
[2023-04-22T01:57:57.186+0800] {processor.py:175} INFO - Processing /home/gerardsho/airflow_env/lib/python3.8/site-packages/airflow/example_dags/example_short_circuit_operator.py took 0.055 seconds
[2023-04-22T01:58:38.342+0800] {processor.py:153} INFO - Started process (PID=3408) to work on /home/gerardsho/airflow_env/lib/python3.8/site-packages/airflow/example_dags/example_short_circuit_operator.py
[2023-04-22T01:58:38.346+0800] {processor.py:743} INFO - Processing file /home/gerardsho/airflow_env/lib/python3.8/site-packages/airflow/example_dags/example_short_circuit_operator.py for tasks to queue
[2023-04-22T01:58:38.347+0800] {logging_mixin.py:137} INFO - [2023-04-22T01:58:38.347+0800] {dagbag.py:532} INFO - Filling up the DagBag from /home/gerardsho/airflow_env/lib/python3.8/site-packages/airflow/example_dags/example_short_circuit_operator.py
[2023-04-22T01:58:38.365+0800] {processor.py:753} INFO - DAG(s) dict_keys(['example_short_circuit_operator']) retrieved from /home/gerardsho/airflow_env/lib/python3.8/site-packages/airflow/example_dags/example_short_circuit_operator.py
[2023-04-22T01:58:38.383+0800] {logging_mixin.py:137} INFO - [2023-04-22T01:58:38.383+0800] {dag.py:2705} INFO - Sync 1 DAGs
[2023-04-22T01:58:38.399+0800] {logging_mixin.py:137} INFO - [2023-04-22T01:58:38.399+0800] {dag.py:3452} INFO - Setting next_dagrun for example_short_circuit_operator to 2023-04-20T17:58:38.399406+00:00, run_after=2023-04-21T17:58:38.399406+00:00
[2023-04-22T01:58:38.417+0800] {processor.py:175} INFO - Processing /home/gerardsho/airflow_env/lib/python3.8/site-packages/airflow/example_dags/example_short_circuit_operator.py took 0.078 seconds
[2023-04-22T01:59:18.380+0800] {processor.py:153} INFO - Started process (PID=3450) to work on /home/gerardsho/airflow_env/lib/python3.8/site-packages/airflow/example_dags/example_short_circuit_operator.py
[2023-04-22T01:59:18.383+0800] {processor.py:743} INFO - Processing file /home/gerardsho/airflow_env/lib/python3.8/site-packages/airflow/example_dags/example_short_circuit_operator.py for tasks to queue
[2023-04-22T01:59:18.383+0800] {logging_mixin.py:137} INFO - [2023-04-22T01:59:18.383+0800] {dagbag.py:532} INFO - Filling up the DagBag from /home/gerardsho/airflow_env/lib/python3.8/site-packages/airflow/example_dags/example_short_circuit_operator.py
[2023-04-22T01:59:18.396+0800] {processor.py:753} INFO - DAG(s) dict_keys(['example_short_circuit_operator']) retrieved from /home/gerardsho/airflow_env/lib/python3.8/site-packages/airflow/example_dags/example_short_circuit_operator.py
[2023-04-22T01:59:18.416+0800] {logging_mixin.py:137} INFO - [2023-04-22T01:59:18.415+0800] {dag.py:2705} INFO - Sync 1 DAGs
[2023-04-22T01:59:18.429+0800] {logging_mixin.py:137} INFO - [2023-04-22T01:59:18.429+0800] {dag.py:3452} INFO - Setting next_dagrun for example_short_circuit_operator to 2023-04-20T17:59:18.428910+00:00, run_after=2023-04-21T17:59:18.428910+00:00
[2023-04-22T01:59:18.447+0800] {processor.py:175} INFO - Processing /home/gerardsho/airflow_env/lib/python3.8/site-packages/airflow/example_dags/example_short_circuit_operator.py took 0.069 seconds
[2023-04-22T02:00:30.118+0800] {processor.py:153} INFO - Started process (PID=3506) to work on /home/gerardsho/airflow_env/lib/python3.8/site-packages/airflow/example_dags/example_short_circuit_operator.py
[2023-04-22T02:00:30.121+0800] {processor.py:743} INFO - Processing file /home/gerardsho/airflow_env/lib/python3.8/site-packages/airflow/example_dags/example_short_circuit_operator.py for tasks to queue
[2023-04-22T02:00:30.121+0800] {logging_mixin.py:137} INFO - [2023-04-22T02:00:30.121+0800] {dagbag.py:532} INFO - Filling up the DagBag from /home/gerardsho/airflow_env/lib/python3.8/site-packages/airflow/example_dags/example_short_circuit_operator.py
[2023-04-22T02:00:30.131+0800] {processor.py:753} INFO - DAG(s) dict_keys(['example_short_circuit_operator']) retrieved from /home/gerardsho/airflow_env/lib/python3.8/site-packages/airflow/example_dags/example_short_circuit_operator.py
[2023-04-22T02:00:30.200+0800] {logging_mixin.py:137} INFO - [2023-04-22T02:00:30.200+0800] {manager.py:504} INFO - Created Permission View: can edit on DAG:example_short_circuit_operator
[2023-04-22T02:00:30.211+0800] {logging_mixin.py:137} INFO - [2023-04-22T02:00:30.211+0800] {manager.py:504} INFO - Created Permission View: can delete on DAG:example_short_circuit_operator
[2023-04-22T02:00:30.221+0800] {logging_mixin.py:137} INFO - [2023-04-22T02:00:30.220+0800] {manager.py:504} INFO - Created Permission View: can read on DAG:example_short_circuit_operator
[2023-04-22T02:00:30.221+0800] {logging_mixin.py:137} INFO - [2023-04-22T02:00:30.221+0800] {dag.py:2705} INFO - Sync 1 DAGs
[2023-04-22T02:00:30.227+0800] {logging_mixin.py:137} INFO - [2023-04-22T02:00:30.227+0800] {dag.py:2726} INFO - Creating ORM DAG for example_short_circuit_operator
[2023-04-22T02:00:30.232+0800] {logging_mixin.py:137} INFO - [2023-04-22T02:00:30.232+0800] {dag.py:3452} INFO - Setting next_dagrun for example_short_circuit_operator to 2023-04-20T18:00:30.231892+00:00, run_after=2023-04-21T18:00:30.231892+00:00
[2023-04-22T02:00:30.248+0800] {processor.py:175} INFO - Processing /home/gerardsho/airflow_env/lib/python3.8/site-packages/airflow/example_dags/example_short_circuit_operator.py took 0.132 seconds
[2023-04-22T02:01:15.882+0800] {processor.py:153} INFO - Started process (PID=3557) to work on /home/gerardsho/airflow_env/lib/python3.8/site-packages/airflow/example_dags/example_short_circuit_operator.py
[2023-04-22T02:01:15.887+0800] {processor.py:743} INFO - Processing file /home/gerardsho/airflow_env/lib/python3.8/site-packages/airflow/example_dags/example_short_circuit_operator.py for tasks to queue
[2023-04-22T02:01:15.888+0800] {logging_mixin.py:137} INFO - [2023-04-22T02:01:15.888+0800] {dagbag.py:532} INFO - Filling up the DagBag from /home/gerardsho/airflow_env/lib/python3.8/site-packages/airflow/example_dags/example_short_circuit_operator.py
[2023-04-22T02:01:15.904+0800] {processor.py:753} INFO - DAG(s) dict_keys(['example_short_circuit_operator']) retrieved from /home/gerardsho/airflow_env/lib/python3.8/site-packages/airflow/example_dags/example_short_circuit_operator.py
[2023-04-22T02:01:15.917+0800] {logging_mixin.py:137} INFO - [2023-04-22T02:01:15.917+0800] {dag.py:2705} INFO - Sync 1 DAGs
[2023-04-22T02:01:15.927+0800] {logging_mixin.py:137} INFO - [2023-04-22T02:01:15.927+0800] {dag.py:3452} INFO - Setting next_dagrun for example_short_circuit_operator to 2023-04-20T18:01:15.927290+00:00, run_after=2023-04-21T18:01:15.927290+00:00
[2023-04-22T02:01:15.945+0800] {processor.py:175} INFO - Processing /home/gerardsho/airflow_env/lib/python3.8/site-packages/airflow/example_dags/example_short_circuit_operator.py took 0.069 seconds
[2023-04-22T02:01:55.897+0800] {processor.py:153} INFO - Started process (PID=3599) to work on /home/gerardsho/airflow_env/lib/python3.8/site-packages/airflow/example_dags/example_short_circuit_operator.py
[2023-04-22T02:01:55.900+0800] {processor.py:743} INFO - Processing file /home/gerardsho/airflow_env/lib/python3.8/site-packages/airflow/example_dags/example_short_circuit_operator.py for tasks to queue
[2023-04-22T02:01:55.901+0800] {logging_mixin.py:137} INFO - [2023-04-22T02:01:55.901+0800] {dagbag.py:532} INFO - Filling up the DagBag from /home/gerardsho/airflow_env/lib/python3.8/site-packages/airflow/example_dags/example_short_circuit_operator.py
[2023-04-22T02:01:55.917+0800] {processor.py:753} INFO - DAG(s) dict_keys(['example_short_circuit_operator']) retrieved from /home/gerardsho/airflow_env/lib/python3.8/site-packages/airflow/example_dags/example_short_circuit_operator.py
[2023-04-22T02:01:55.930+0800] {logging_mixin.py:137} INFO - [2023-04-22T02:01:55.930+0800] {dag.py:2705} INFO - Sync 1 DAGs
[2023-04-22T02:01:55.944+0800] {logging_mixin.py:137} INFO - [2023-04-22T02:01:55.944+0800] {dag.py:3452} INFO - Setting next_dagrun for example_short_circuit_operator to 2023-04-20T18:01:55.944461+00:00, run_after=2023-04-21T18:01:55.944461+00:00
[2023-04-22T02:01:55.961+0800] {processor.py:175} INFO - Processing /home/gerardsho/airflow_env/lib/python3.8/site-packages/airflow/example_dags/example_short_circuit_operator.py took 0.067 seconds
[2023-04-22T02:02:36.646+0800] {processor.py:153} INFO - Started process (PID=3643) to work on /home/gerardsho/airflow_env/lib/python3.8/site-packages/airflow/example_dags/example_short_circuit_operator.py
[2023-04-22T02:02:36.649+0800] {processor.py:743} INFO - Processing file /home/gerardsho/airflow_env/lib/python3.8/site-packages/airflow/example_dags/example_short_circuit_operator.py for tasks to queue
[2023-04-22T02:02:36.650+0800] {logging_mixin.py:137} INFO - [2023-04-22T02:02:36.650+0800] {dagbag.py:532} INFO - Filling up the DagBag from /home/gerardsho/airflow_env/lib/python3.8/site-packages/airflow/example_dags/example_short_circuit_operator.py
[2023-04-22T02:02:36.659+0800] {processor.py:753} INFO - DAG(s) dict_keys(['example_short_circuit_operator']) retrieved from /home/gerardsho/airflow_env/lib/python3.8/site-packages/airflow/example_dags/example_short_circuit_operator.py
[2023-04-22T02:02:36.670+0800] {logging_mixin.py:137} INFO - [2023-04-22T02:02:36.670+0800] {dag.py:2705} INFO - Sync 1 DAGs
[2023-04-22T02:02:36.681+0800] {logging_mixin.py:137} INFO - [2023-04-22T02:02:36.680+0800] {dag.py:3452} INFO - Setting next_dagrun for example_short_circuit_operator to 2023-04-20T18:02:36.680837+00:00, run_after=2023-04-21T18:02:36.680837+00:00
[2023-04-22T02:02:36.699+0800] {processor.py:175} INFO - Processing /home/gerardsho/airflow_env/lib/python3.8/site-packages/airflow/example_dags/example_short_circuit_operator.py took 0.055 seconds
[2023-04-22T02:03:18.323+0800] {processor.py:153} INFO - Started process (PID=3698) to work on /home/gerardsho/airflow_env/lib/python3.8/site-packages/airflow/example_dags/example_short_circuit_operator.py
[2023-04-22T02:03:18.326+0800] {processor.py:743} INFO - Processing file /home/gerardsho/airflow_env/lib/python3.8/site-packages/airflow/example_dags/example_short_circuit_operator.py for tasks to queue
[2023-04-22T02:03:18.326+0800] {logging_mixin.py:137} INFO - [2023-04-22T02:03:18.326+0800] {dagbag.py:532} INFO - Filling up the DagBag from /home/gerardsho/airflow_env/lib/python3.8/site-packages/airflow/example_dags/example_short_circuit_operator.py
[2023-04-22T02:03:18.336+0800] {processor.py:753} INFO - DAG(s) dict_keys(['example_short_circuit_operator']) retrieved from /home/gerardsho/airflow_env/lib/python3.8/site-packages/airflow/example_dags/example_short_circuit_operator.py
[2023-04-22T02:03:18.349+0800] {logging_mixin.py:137} INFO - [2023-04-22T02:03:18.348+0800] {dag.py:2705} INFO - Sync 1 DAGs
[2023-04-22T02:03:18.359+0800] {logging_mixin.py:137} INFO - [2023-04-22T02:03:18.359+0800] {dag.py:3452} INFO - Setting next_dagrun for example_short_circuit_operator to 2023-04-20T18:03:18.359391+00:00, run_after=2023-04-21T18:03:18.359391+00:00
[2023-04-22T02:03:18.377+0800] {processor.py:175} INFO - Processing /home/gerardsho/airflow_env/lib/python3.8/site-packages/airflow/example_dags/example_short_circuit_operator.py took 0.056 seconds
[2023-04-22T02:03:58.755+0800] {processor.py:153} INFO - Started process (PID=3744) to work on /home/gerardsho/airflow_env/lib/python3.8/site-packages/airflow/example_dags/example_short_circuit_operator.py
[2023-04-22T02:03:58.758+0800] {processor.py:743} INFO - Processing file /home/gerardsho/airflow_env/lib/python3.8/site-packages/airflow/example_dags/example_short_circuit_operator.py for tasks to queue
[2023-04-22T02:03:58.759+0800] {logging_mixin.py:137} INFO - [2023-04-22T02:03:58.759+0800] {dagbag.py:532} INFO - Filling up the DagBag from /home/gerardsho/airflow_env/lib/python3.8/site-packages/airflow/example_dags/example_short_circuit_operator.py
[2023-04-22T02:03:58.770+0800] {processor.py:753} INFO - DAG(s) dict_keys(['example_short_circuit_operator']) retrieved from /home/gerardsho/airflow_env/lib/python3.8/site-packages/airflow/example_dags/example_short_circuit_operator.py
[2023-04-22T02:03:58.785+0800] {logging_mixin.py:137} INFO - [2023-04-22T02:03:58.785+0800] {dag.py:2705} INFO - Sync 1 DAGs
[2023-04-22T02:03:58.797+0800] {logging_mixin.py:137} INFO - [2023-04-22T02:03:58.797+0800] {dag.py:3452} INFO - Setting next_dagrun for example_short_circuit_operator to 2023-04-20T18:03:58.797168+00:00, run_after=2023-04-21T18:03:58.797168+00:00
[2023-04-22T02:03:58.815+0800] {processor.py:175} INFO - Processing /home/gerardsho/airflow_env/lib/python3.8/site-packages/airflow/example_dags/example_short_circuit_operator.py took 0.063 seconds
[2023-04-22T02:04:39.944+0800] {processor.py:153} INFO - Started process (PID=3786) to work on /home/gerardsho/airflow_env/lib/python3.8/site-packages/airflow/example_dags/example_short_circuit_operator.py
[2023-04-22T02:04:39.947+0800] {processor.py:743} INFO - Processing file /home/gerardsho/airflow_env/lib/python3.8/site-packages/airflow/example_dags/example_short_circuit_operator.py for tasks to queue
[2023-04-22T02:04:39.947+0800] {logging_mixin.py:137} INFO - [2023-04-22T02:04:39.947+0800] {dagbag.py:532} INFO - Filling up the DagBag from /home/gerardsho/airflow_env/lib/python3.8/site-packages/airflow/example_dags/example_short_circuit_operator.py
[2023-04-22T02:04:39.956+0800] {processor.py:753} INFO - DAG(s) dict_keys(['example_short_circuit_operator']) retrieved from /home/gerardsho/airflow_env/lib/python3.8/site-packages/airflow/example_dags/example_short_circuit_operator.py
[2023-04-22T02:04:39.968+0800] {logging_mixin.py:137} INFO - [2023-04-22T02:04:39.968+0800] {dag.py:2705} INFO - Sync 1 DAGs
[2023-04-22T02:04:39.978+0800] {logging_mixin.py:137} INFO - [2023-04-22T02:04:39.978+0800] {dag.py:3452} INFO - Setting next_dagrun for example_short_circuit_operator to 2023-04-20T18:04:39.978146+00:00, run_after=2023-04-21T18:04:39.978146+00:00
[2023-04-22T02:04:39.996+0800] {processor.py:175} INFO - Processing /home/gerardsho/airflow_env/lib/python3.8/site-packages/airflow/example_dags/example_short_circuit_operator.py took 0.055 seconds
