[2023-04-22T01:48:32.076+0800] {processor.py:153} INFO - Started process (PID=2736) to work on /home/gerardsho/airflow_env/lib/python3.8/site-packages/airflow/example_dags/example_sensor_decorator.py
[2023-04-22T01:48:32.076+0800] {processor.py:743} INFO - Processing file /home/gerardsho/airflow_env/lib/python3.8/site-packages/airflow/example_dags/example_sensor_decorator.py for tasks to queue
[2023-04-22T01:48:32.077+0800] {logging_mixin.py:137} INFO - [2023-04-22T01:48:32.076+0800] {dagbag.py:532} INFO - Filling up the DagBag from /home/gerardsho/airflow_env/lib/python3.8/site-packages/airflow/example_dags/example_sensor_decorator.py
[2023-04-22T01:48:32.089+0800] {processor.py:753} INFO - DAG(s) dict_keys(['example_sensor_decorator']) retrieved from /home/gerardsho/airflow_env/lib/python3.8/site-packages/airflow/example_dags/example_sensor_decorator.py
[2023-04-22T01:48:32.223+0800] {logging_mixin.py:137} INFO - [2023-04-22T01:48:32.223+0800] {manager.py:504} INFO - Created Permission View: can edit on DAG:example_sensor_decorator
[2023-04-22T01:48:32.254+0800] {logging_mixin.py:137} INFO - [2023-04-22T01:48:32.254+0800] {manager.py:504} INFO - Created Permission View: can delete on DAG:example_sensor_decorator
[2023-04-22T01:48:32.285+0800] {logging_mixin.py:137} INFO - [2023-04-22T01:48:32.285+0800] {manager.py:504} INFO - Created Permission View: can read on DAG:example_sensor_decorator
[2023-04-22T01:48:32.285+0800] {logging_mixin.py:137} INFO - [2023-04-22T01:48:32.285+0800] {dag.py:2705} INFO - Sync 1 DAGs
[2023-04-22T01:48:32.295+0800] {logging_mixin.py:137} INFO - [2023-04-22T01:48:32.295+0800] {dag.py:2726} INFO - Creating ORM DAG for example_sensor_decorator
[2023-04-22T01:48:32.301+0800] {logging_mixin.py:137} INFO - [2023-04-22T01:48:32.301+0800] {dag.py:3452} INFO - Setting next_dagrun for example_sensor_decorator to None, run_after=None
[2023-04-22T01:48:32.357+0800] {processor.py:175} INFO - Processing /home/gerardsho/airflow_env/lib/python3.8/site-packages/airflow/example_dags/example_sensor_decorator.py took 0.283 seconds
[2023-04-22T01:49:20.194+0800] {processor.py:153} INFO - Started process (PID=2779) to work on /home/gerardsho/airflow_env/lib/python3.8/site-packages/airflow/example_dags/example_sensor_decorator.py
[2023-04-22T01:49:20.197+0800] {processor.py:743} INFO - Processing file /home/gerardsho/airflow_env/lib/python3.8/site-packages/airflow/example_dags/example_sensor_decorator.py for tasks to queue
[2023-04-22T01:49:20.198+0800] {logging_mixin.py:137} INFO - [2023-04-22T01:49:20.198+0800] {dagbag.py:532} INFO - Filling up the DagBag from /home/gerardsho/airflow_env/lib/python3.8/site-packages/airflow/example_dags/example_sensor_decorator.py
[2023-04-22T01:49:20.211+0800] {processor.py:753} INFO - DAG(s) dict_keys(['example_sensor_decorator']) retrieved from /home/gerardsho/airflow_env/lib/python3.8/site-packages/airflow/example_dags/example_sensor_decorator.py
[2023-04-22T01:49:20.222+0800] {logging_mixin.py:137} INFO - [2023-04-22T01:49:20.221+0800] {dag.py:2705} INFO - Sync 1 DAGs
[2023-04-22T01:49:20.232+0800] {logging_mixin.py:137} INFO - [2023-04-22T01:49:20.232+0800] {dag.py:3452} INFO - Setting next_dagrun for example_sensor_decorator to None, run_after=None
[2023-04-22T01:49:20.249+0800] {processor.py:175} INFO - Processing /home/gerardsho/airflow_env/lib/python3.8/site-packages/airflow/example_dags/example_sensor_decorator.py took 0.057 seconds
[2023-04-22T01:50:00.266+0800] {processor.py:153} INFO - Started process (PID=2822) to work on /home/gerardsho/airflow_env/lib/python3.8/site-packages/airflow/example_dags/example_sensor_decorator.py
[2023-04-22T01:50:00.269+0800] {processor.py:743} INFO - Processing file /home/gerardsho/airflow_env/lib/python3.8/site-packages/airflow/example_dags/example_sensor_decorator.py for tasks to queue
[2023-04-22T01:50:00.270+0800] {logging_mixin.py:137} INFO - [2023-04-22T01:50:00.270+0800] {dagbag.py:532} INFO - Filling up the DagBag from /home/gerardsho/airflow_env/lib/python3.8/site-packages/airflow/example_dags/example_sensor_decorator.py
[2023-04-22T01:50:00.284+0800] {processor.py:753} INFO - DAG(s) dict_keys(['example_sensor_decorator']) retrieved from /home/gerardsho/airflow_env/lib/python3.8/site-packages/airflow/example_dags/example_sensor_decorator.py
[2023-04-22T01:50:00.296+0800] {logging_mixin.py:137} INFO - [2023-04-22T01:50:00.296+0800] {dag.py:2705} INFO - Sync 1 DAGs
[2023-04-22T01:50:00.308+0800] {logging_mixin.py:137} INFO - [2023-04-22T01:50:00.308+0800] {dag.py:3452} INFO - Setting next_dagrun for example_sensor_decorator to None, run_after=None
[2023-04-22T01:50:00.327+0800] {processor.py:175} INFO - Processing /home/gerardsho/airflow_env/lib/python3.8/site-packages/airflow/example_dags/example_sensor_decorator.py took 0.063 seconds
[2023-04-22T01:50:40.203+0800] {processor.py:153} INFO - Started process (PID=2868) to work on /home/gerardsho/airflow_env/lib/python3.8/site-packages/airflow/example_dags/example_sensor_decorator.py
[2023-04-22T01:50:40.206+0800] {processor.py:743} INFO - Processing file /home/gerardsho/airflow_env/lib/python3.8/site-packages/airflow/example_dags/example_sensor_decorator.py for tasks to queue
[2023-04-22T01:50:40.207+0800] {logging_mixin.py:137} INFO - [2023-04-22T01:50:40.207+0800] {dagbag.py:532} INFO - Filling up the DagBag from /home/gerardsho/airflow_env/lib/python3.8/site-packages/airflow/example_dags/example_sensor_decorator.py
[2023-04-22T01:50:40.223+0800] {processor.py:753} INFO - DAG(s) dict_keys(['example_sensor_decorator']) retrieved from /home/gerardsho/airflow_env/lib/python3.8/site-packages/airflow/example_dags/example_sensor_decorator.py
[2023-04-22T01:50:40.236+0800] {logging_mixin.py:137} INFO - [2023-04-22T01:50:40.236+0800] {dag.py:2705} INFO - Sync 1 DAGs
[2023-04-22T01:50:40.250+0800] {logging_mixin.py:137} INFO - [2023-04-22T01:50:40.250+0800] {dag.py:3452} INFO - Setting next_dagrun for example_sensor_decorator to None, run_after=None
[2023-04-22T01:50:40.269+0800] {processor.py:175} INFO - Processing /home/gerardsho/airflow_env/lib/python3.8/site-packages/airflow/example_dags/example_sensor_decorator.py took 0.068 seconds
[2023-04-22T01:51:21.384+0800] {processor.py:153} INFO - Started process (PID=2922) to work on /home/gerardsho/airflow_env/lib/python3.8/site-packages/airflow/example_dags/example_sensor_decorator.py
[2023-04-22T01:51:21.387+0800] {processor.py:743} INFO - Processing file /home/gerardsho/airflow_env/lib/python3.8/site-packages/airflow/example_dags/example_sensor_decorator.py for tasks to queue
[2023-04-22T01:51:21.388+0800] {logging_mixin.py:137} INFO - [2023-04-22T01:51:21.388+0800] {dagbag.py:532} INFO - Filling up the DagBag from /home/gerardsho/airflow_env/lib/python3.8/site-packages/airflow/example_dags/example_sensor_decorator.py
[2023-04-22T01:51:21.400+0800] {processor.py:753} INFO - DAG(s) dict_keys(['example_sensor_decorator']) retrieved from /home/gerardsho/airflow_env/lib/python3.8/site-packages/airflow/example_dags/example_sensor_decorator.py
[2023-04-22T01:51:21.410+0800] {logging_mixin.py:137} INFO - [2023-04-22T01:51:21.410+0800] {dag.py:2705} INFO - Sync 1 DAGs
[2023-04-22T01:51:21.420+0800] {logging_mixin.py:137} INFO - [2023-04-22T01:51:21.420+0800] {dag.py:3452} INFO - Setting next_dagrun for example_sensor_decorator to None, run_after=None
[2023-04-22T01:51:21.437+0800] {processor.py:175} INFO - Processing /home/gerardsho/airflow_env/lib/python3.8/site-packages/airflow/example_dags/example_sensor_decorator.py took 0.056 seconds
[2023-04-22T01:52:03.576+0800] {processor.py:153} INFO - Started process (PID=2973) to work on /home/gerardsho/airflow_env/lib/python3.8/site-packages/airflow/example_dags/example_sensor_decorator.py
[2023-04-22T01:52:03.577+0800] {processor.py:743} INFO - Processing file /home/gerardsho/airflow_env/lib/python3.8/site-packages/airflow/example_dags/example_sensor_decorator.py for tasks to queue
[2023-04-22T01:52:03.578+0800] {logging_mixin.py:137} INFO - [2023-04-22T01:52:03.578+0800] {dagbag.py:532} INFO - Filling up the DagBag from /home/gerardsho/airflow_env/lib/python3.8/site-packages/airflow/example_dags/example_sensor_decorator.py
[2023-04-22T01:52:03.594+0800] {processor.py:753} INFO - DAG(s) dict_keys(['example_sensor_decorator']) retrieved from /home/gerardsho/airflow_env/lib/python3.8/site-packages/airflow/example_dags/example_sensor_decorator.py
[2023-04-22T01:52:03.608+0800] {logging_mixin.py:137} INFO - [2023-04-22T01:52:03.608+0800] {dag.py:2705} INFO - Sync 1 DAGs
[2023-04-22T01:52:03.622+0800] {logging_mixin.py:137} INFO - [2023-04-22T01:52:03.622+0800] {dag.py:3452} INFO - Setting next_dagrun for example_sensor_decorator to None, run_after=None
[2023-04-22T01:52:03.641+0800] {processor.py:175} INFO - Processing /home/gerardsho/airflow_env/lib/python3.8/site-packages/airflow/example_dags/example_sensor_decorator.py took 0.067 seconds
[2023-04-22T01:52:43.479+0800] {processor.py:153} INFO - Started process (PID=3015) to work on /home/gerardsho/airflow_env/lib/python3.8/site-packages/airflow/example_dags/example_sensor_decorator.py
[2023-04-22T01:52:43.482+0800] {processor.py:743} INFO - Processing file /home/gerardsho/airflow_env/lib/python3.8/site-packages/airflow/example_dags/example_sensor_decorator.py for tasks to queue
[2023-04-22T01:52:43.482+0800] {logging_mixin.py:137} INFO - [2023-04-22T01:52:43.482+0800] {dagbag.py:532} INFO - Filling up the DagBag from /home/gerardsho/airflow_env/lib/python3.8/site-packages/airflow/example_dags/example_sensor_decorator.py
[2023-04-22T01:52:43.495+0800] {processor.py:753} INFO - DAG(s) dict_keys(['example_sensor_decorator']) retrieved from /home/gerardsho/airflow_env/lib/python3.8/site-packages/airflow/example_dags/example_sensor_decorator.py
[2023-04-22T01:52:43.507+0800] {logging_mixin.py:137} INFO - [2023-04-22T01:52:43.507+0800] {dag.py:2705} INFO - Sync 1 DAGs
[2023-04-22T01:52:43.521+0800] {logging_mixin.py:137} INFO - [2023-04-22T01:52:43.521+0800] {dag.py:3452} INFO - Setting next_dagrun for example_sensor_decorator to None, run_after=None
[2023-04-22T01:52:43.541+0800] {processor.py:175} INFO - Processing /home/gerardsho/airflow_env/lib/python3.8/site-packages/airflow/example_dags/example_sensor_decorator.py took 0.064 seconds
[2023-04-22T01:53:24.668+0800] {processor.py:153} INFO - Started process (PID=3057) to work on /home/gerardsho/airflow_env/lib/python3.8/site-packages/airflow/example_dags/example_sensor_decorator.py
[2023-04-22T01:53:24.672+0800] {processor.py:743} INFO - Processing file /home/gerardsho/airflow_env/lib/python3.8/site-packages/airflow/example_dags/example_sensor_decorator.py for tasks to queue
[2023-04-22T01:53:24.672+0800] {logging_mixin.py:137} INFO - [2023-04-22T01:53:24.672+0800] {dagbag.py:532} INFO - Filling up the DagBag from /home/gerardsho/airflow_env/lib/python3.8/site-packages/airflow/example_dags/example_sensor_decorator.py
[2023-04-22T01:53:24.686+0800] {processor.py:753} INFO - DAG(s) dict_keys(['example_sensor_decorator']) retrieved from /home/gerardsho/airflow_env/lib/python3.8/site-packages/airflow/example_dags/example_sensor_decorator.py
[2023-04-22T01:53:24.696+0800] {logging_mixin.py:137} INFO - [2023-04-22T01:53:24.696+0800] {dag.py:2705} INFO - Sync 1 DAGs
[2023-04-22T01:53:24.706+0800] {logging_mixin.py:137} INFO - [2023-04-22T01:53:24.706+0800] {dag.py:3452} INFO - Setting next_dagrun for example_sensor_decorator to None, run_after=None
[2023-04-22T01:53:24.723+0800] {processor.py:175} INFO - Processing /home/gerardsho/airflow_env/lib/python3.8/site-packages/airflow/example_dags/example_sensor_decorator.py took 0.057 seconds
[2023-04-22T01:54:04.668+0800] {processor.py:153} INFO - Started process (PID=3099) to work on /home/gerardsho/airflow_env/lib/python3.8/site-packages/airflow/example_dags/example_sensor_decorator.py
[2023-04-22T01:54:04.672+0800] {processor.py:743} INFO - Processing file /home/gerardsho/airflow_env/lib/python3.8/site-packages/airflow/example_dags/example_sensor_decorator.py for tasks to queue
[2023-04-22T01:54:04.673+0800] {logging_mixin.py:137} INFO - [2023-04-22T01:54:04.673+0800] {dagbag.py:532} INFO - Filling up the DagBag from /home/gerardsho/airflow_env/lib/python3.8/site-packages/airflow/example_dags/example_sensor_decorator.py
[2023-04-22T01:54:04.691+0800] {processor.py:753} INFO - DAG(s) dict_keys(['example_sensor_decorator']) retrieved from /home/gerardsho/airflow_env/lib/python3.8/site-packages/airflow/example_dags/example_sensor_decorator.py
[2023-04-22T01:54:04.705+0800] {logging_mixin.py:137} INFO - [2023-04-22T01:54:04.705+0800] {dag.py:2705} INFO - Sync 1 DAGs
[2023-04-22T01:54:04.720+0800] {logging_mixin.py:137} INFO - [2023-04-22T01:54:04.719+0800] {dag.py:3452} INFO - Setting next_dagrun for example_sensor_decorator to None, run_after=None
[2023-04-22T01:54:04.746+0800] {processor.py:175} INFO - Processing /home/gerardsho/airflow_env/lib/python3.8/site-packages/airflow/example_dags/example_sensor_decorator.py took 0.080 seconds
[2023-04-22T01:54:45.119+0800] {processor.py:153} INFO - Started process (PID=3144) to work on /home/gerardsho/airflow_env/lib/python3.8/site-packages/airflow/example_dags/example_sensor_decorator.py
[2023-04-22T01:54:45.122+0800] {processor.py:743} INFO - Processing file /home/gerardsho/airflow_env/lib/python3.8/site-packages/airflow/example_dags/example_sensor_decorator.py for tasks to queue
[2023-04-22T01:54:45.123+0800] {logging_mixin.py:137} INFO - [2023-04-22T01:54:45.122+0800] {dagbag.py:532} INFO - Filling up the DagBag from /home/gerardsho/airflow_env/lib/python3.8/site-packages/airflow/example_dags/example_sensor_decorator.py
[2023-04-22T01:54:45.137+0800] {processor.py:753} INFO - DAG(s) dict_keys(['example_sensor_decorator']) retrieved from /home/gerardsho/airflow_env/lib/python3.8/site-packages/airflow/example_dags/example_sensor_decorator.py
[2023-04-22T01:54:45.147+0800] {logging_mixin.py:137} INFO - [2023-04-22T01:54:45.147+0800] {dag.py:2705} INFO - Sync 1 DAGs
[2023-04-22T01:54:45.157+0800] {logging_mixin.py:137} INFO - [2023-04-22T01:54:45.157+0800] {dag.py:3452} INFO - Setting next_dagrun for example_sensor_decorator to None, run_after=None
[2023-04-22T01:54:45.174+0800] {processor.py:175} INFO - Processing /home/gerardsho/airflow_env/lib/python3.8/site-packages/airflow/example_dags/example_sensor_decorator.py took 0.058 seconds
[2023-04-22T01:55:26.798+0800] {processor.py:153} INFO - Started process (PID=3190) to work on /home/gerardsho/airflow_env/lib/python3.8/site-packages/airflow/example_dags/example_sensor_decorator.py
[2023-04-22T01:55:26.801+0800] {processor.py:743} INFO - Processing file /home/gerardsho/airflow_env/lib/python3.8/site-packages/airflow/example_dags/example_sensor_decorator.py for tasks to queue
[2023-04-22T01:55:26.802+0800] {logging_mixin.py:137} INFO - [2023-04-22T01:55:26.802+0800] {dagbag.py:532} INFO - Filling up the DagBag from /home/gerardsho/airflow_env/lib/python3.8/site-packages/airflow/example_dags/example_sensor_decorator.py
[2023-04-22T01:55:26.821+0800] {processor.py:753} INFO - DAG(s) dict_keys(['example_sensor_decorator']) retrieved from /home/gerardsho/airflow_env/lib/python3.8/site-packages/airflow/example_dags/example_sensor_decorator.py
[2023-04-22T01:55:26.835+0800] {logging_mixin.py:137} INFO - [2023-04-22T01:55:26.835+0800] {dag.py:2705} INFO - Sync 1 DAGs
[2023-04-22T01:55:26.848+0800] {logging_mixin.py:137} INFO - [2023-04-22T01:55:26.847+0800] {dag.py:3452} INFO - Setting next_dagrun for example_sensor_decorator to None, run_after=None
[2023-04-22T01:55:26.867+0800] {processor.py:175} INFO - Processing /home/gerardsho/airflow_env/lib/python3.8/site-packages/airflow/example_dags/example_sensor_decorator.py took 0.071 seconds
[2023-04-22T01:56:06.755+0800] {processor.py:153} INFO - Started process (PID=3235) to work on /home/gerardsho/airflow_env/lib/python3.8/site-packages/airflow/example_dags/example_sensor_decorator.py
[2023-04-22T01:56:06.755+0800] {processor.py:743} INFO - Processing file /home/gerardsho/airflow_env/lib/python3.8/site-packages/airflow/example_dags/example_sensor_decorator.py for tasks to queue
[2023-04-22T01:56:06.756+0800] {logging_mixin.py:137} INFO - [2023-04-22T01:56:06.756+0800] {dagbag.py:532} INFO - Filling up the DagBag from /home/gerardsho/airflow_env/lib/python3.8/site-packages/airflow/example_dags/example_sensor_decorator.py
[2023-04-22T01:56:06.768+0800] {processor.py:753} INFO - DAG(s) dict_keys(['example_sensor_decorator']) retrieved from /home/gerardsho/airflow_env/lib/python3.8/site-packages/airflow/example_dags/example_sensor_decorator.py
[2023-04-22T01:56:06.778+0800] {logging_mixin.py:137} INFO - [2023-04-22T01:56:06.778+0800] {dag.py:2705} INFO - Sync 1 DAGs
[2023-04-22T01:56:06.789+0800] {logging_mixin.py:137} INFO - [2023-04-22T01:56:06.789+0800] {dag.py:3452} INFO - Setting next_dagrun for example_sensor_decorator to None, run_after=None
[2023-04-22T01:56:06.808+0800] {processor.py:175} INFO - Processing /home/gerardsho/airflow_env/lib/python3.8/site-packages/airflow/example_dags/example_sensor_decorator.py took 0.056 seconds
[2023-04-22T01:56:48.772+0800] {processor.py:153} INFO - Started process (PID=3282) to work on /home/gerardsho/airflow_env/lib/python3.8/site-packages/airflow/example_dags/example_sensor_decorator.py
[2023-04-22T01:56:48.776+0800] {processor.py:743} INFO - Processing file /home/gerardsho/airflow_env/lib/python3.8/site-packages/airflow/example_dags/example_sensor_decorator.py for tasks to queue
[2023-04-22T01:56:48.776+0800] {logging_mixin.py:137} INFO - [2023-04-22T01:56:48.776+0800] {dagbag.py:532} INFO - Filling up the DagBag from /home/gerardsho/airflow_env/lib/python3.8/site-packages/airflow/example_dags/example_sensor_decorator.py
[2023-04-22T01:56:48.789+0800] {processor.py:753} INFO - DAG(s) dict_keys(['example_sensor_decorator']) retrieved from /home/gerardsho/airflow_env/lib/python3.8/site-packages/airflow/example_dags/example_sensor_decorator.py
[2023-04-22T01:56:48.799+0800] {logging_mixin.py:137} INFO - [2023-04-22T01:56:48.799+0800] {dag.py:2705} INFO - Sync 1 DAGs
[2023-04-22T01:56:48.809+0800] {logging_mixin.py:137} INFO - [2023-04-22T01:56:48.809+0800] {dag.py:3452} INFO - Setting next_dagrun for example_sensor_decorator to None, run_after=None
[2023-04-22T01:56:48.826+0800] {processor.py:175} INFO - Processing /home/gerardsho/airflow_env/lib/python3.8/site-packages/airflow/example_dags/example_sensor_decorator.py took 0.056 seconds
[2023-04-22T01:57:27.290+0800] {processor.py:153} INFO - Started process (PID=3328) to work on /home/gerardsho/airflow_env/lib/python3.8/site-packages/airflow/example_dags/example_sensor_decorator.py
[2023-04-22T01:57:27.291+0800] {processor.py:743} INFO - Processing file /home/gerardsho/airflow_env/lib/python3.8/site-packages/airflow/example_dags/example_sensor_decorator.py for tasks to queue
[2023-04-22T01:57:27.292+0800] {logging_mixin.py:137} INFO - [2023-04-22T01:57:27.292+0800] {dagbag.py:532} INFO - Filling up the DagBag from /home/gerardsho/airflow_env/lib/python3.8/site-packages/airflow/example_dags/example_sensor_decorator.py
[2023-04-22T01:57:27.304+0800] {processor.py:753} INFO - DAG(s) dict_keys(['example_sensor_decorator']) retrieved from /home/gerardsho/airflow_env/lib/python3.8/site-packages/airflow/example_dags/example_sensor_decorator.py
[2023-04-22T01:57:27.315+0800] {logging_mixin.py:137} INFO - [2023-04-22T01:57:27.315+0800] {dag.py:2705} INFO - Sync 1 DAGs
[2023-04-22T01:57:27.326+0800] {logging_mixin.py:137} INFO - [2023-04-22T01:57:27.326+0800] {dag.py:3452} INFO - Setting next_dagrun for example_sensor_decorator to None, run_after=None
[2023-04-22T01:57:27.344+0800] {processor.py:175} INFO - Processing /home/gerardsho/airflow_env/lib/python3.8/site-packages/airflow/example_dags/example_sensor_decorator.py took 0.057 seconds
[2023-04-22T01:58:08.578+0800] {processor.py:153} INFO - Started process (PID=3378) to work on /home/gerardsho/airflow_env/lib/python3.8/site-packages/airflow/example_dags/example_sensor_decorator.py
[2023-04-22T01:58:08.579+0800] {processor.py:743} INFO - Processing file /home/gerardsho/airflow_env/lib/python3.8/site-packages/airflow/example_dags/example_sensor_decorator.py for tasks to queue
[2023-04-22T01:58:08.580+0800] {logging_mixin.py:137} INFO - [2023-04-22T01:58:08.580+0800] {dagbag.py:532} INFO - Filling up the DagBag from /home/gerardsho/airflow_env/lib/python3.8/site-packages/airflow/example_dags/example_sensor_decorator.py
[2023-04-22T01:58:08.596+0800] {processor.py:753} INFO - DAG(s) dict_keys(['example_sensor_decorator']) retrieved from /home/gerardsho/airflow_env/lib/python3.8/site-packages/airflow/example_dags/example_sensor_decorator.py
[2023-04-22T01:58:08.609+0800] {logging_mixin.py:137} INFO - [2023-04-22T01:58:08.609+0800] {dag.py:2705} INFO - Sync 1 DAGs
[2023-04-22T01:58:08.627+0800] {logging_mixin.py:137} INFO - [2023-04-22T01:58:08.627+0800] {dag.py:3452} INFO - Setting next_dagrun for example_sensor_decorator to None, run_after=None
[2023-04-22T01:58:08.647+0800] {processor.py:175} INFO - Processing /home/gerardsho/airflow_env/lib/python3.8/site-packages/airflow/example_dags/example_sensor_decorator.py took 0.072 seconds
[2023-04-22T01:58:49.949+0800] {processor.py:153} INFO - Started process (PID=3420) to work on /home/gerardsho/airflow_env/lib/python3.8/site-packages/airflow/example_dags/example_sensor_decorator.py
[2023-04-22T01:58:49.952+0800] {processor.py:743} INFO - Processing file /home/gerardsho/airflow_env/lib/python3.8/site-packages/airflow/example_dags/example_sensor_decorator.py for tasks to queue
[2023-04-22T01:58:49.953+0800] {logging_mixin.py:137} INFO - [2023-04-22T01:58:49.953+0800] {dagbag.py:532} INFO - Filling up the DagBag from /home/gerardsho/airflow_env/lib/python3.8/site-packages/airflow/example_dags/example_sensor_decorator.py
[2023-04-22T01:58:49.966+0800] {processor.py:753} INFO - DAG(s) dict_keys(['example_sensor_decorator']) retrieved from /home/gerardsho/airflow_env/lib/python3.8/site-packages/airflow/example_dags/example_sensor_decorator.py
[2023-04-22T01:58:49.977+0800] {logging_mixin.py:137} INFO - [2023-04-22T01:58:49.977+0800] {dag.py:2705} INFO - Sync 1 DAGs
[2023-04-22T01:58:49.988+0800] {logging_mixin.py:137} INFO - [2023-04-22T01:58:49.988+0800] {dag.py:3452} INFO - Setting next_dagrun for example_sensor_decorator to None, run_after=None
[2023-04-22T01:58:50.007+0800] {processor.py:175} INFO - Processing /home/gerardsho/airflow_env/lib/python3.8/site-packages/airflow/example_dags/example_sensor_decorator.py took 0.059 seconds
[2023-04-22T01:59:29.823+0800] {processor.py:153} INFO - Started process (PID=3462) to work on /home/gerardsho/airflow_env/lib/python3.8/site-packages/airflow/example_dags/example_sensor_decorator.py
[2023-04-22T01:59:29.826+0800] {processor.py:743} INFO - Processing file /home/gerardsho/airflow_env/lib/python3.8/site-packages/airflow/example_dags/example_sensor_decorator.py for tasks to queue
[2023-04-22T01:59:29.826+0800] {logging_mixin.py:137} INFO - [2023-04-22T01:59:29.826+0800] {dagbag.py:532} INFO - Filling up the DagBag from /home/gerardsho/airflow_env/lib/python3.8/site-packages/airflow/example_dags/example_sensor_decorator.py
[2023-04-22T01:59:29.838+0800] {processor.py:753} INFO - DAG(s) dict_keys(['example_sensor_decorator']) retrieved from /home/gerardsho/airflow_env/lib/python3.8/site-packages/airflow/example_dags/example_sensor_decorator.py
[2023-04-22T01:59:29.848+0800] {logging_mixin.py:137} INFO - [2023-04-22T01:59:29.848+0800] {dag.py:2705} INFO - Sync 1 DAGs
[2023-04-22T01:59:29.858+0800] {logging_mixin.py:137} INFO - [2023-04-22T01:59:29.858+0800] {dag.py:3452} INFO - Setting next_dagrun for example_sensor_decorator to None, run_after=None
[2023-04-22T01:59:29.876+0800] {processor.py:175} INFO - Processing /home/gerardsho/airflow_env/lib/python3.8/site-packages/airflow/example_dags/example_sensor_decorator.py took 0.057 seconds
[2023-04-22T02:00:42.981+0800] {processor.py:153} INFO - Started process (PID=3519) to work on /home/gerardsho/airflow_env/lib/python3.8/site-packages/airflow/example_dags/example_sensor_decorator.py
[2023-04-22T02:00:42.985+0800] {processor.py:743} INFO - Processing file /home/gerardsho/airflow_env/lib/python3.8/site-packages/airflow/example_dags/example_sensor_decorator.py for tasks to queue
[2023-04-22T02:00:42.985+0800] {logging_mixin.py:137} INFO - [2023-04-22T02:00:42.985+0800] {dagbag.py:532} INFO - Filling up the DagBag from /home/gerardsho/airflow_env/lib/python3.8/site-packages/airflow/example_dags/example_sensor_decorator.py
[2023-04-22T02:00:42.997+0800] {processor.py:753} INFO - DAG(s) dict_keys(['example_sensor_decorator']) retrieved from /home/gerardsho/airflow_env/lib/python3.8/site-packages/airflow/example_dags/example_sensor_decorator.py
[2023-04-22T02:00:43.060+0800] {logging_mixin.py:137} INFO - [2023-04-22T02:00:43.060+0800] {manager.py:504} INFO - Created Permission View: can edit on DAG:example_sensor_decorator
[2023-04-22T02:00:43.073+0800] {logging_mixin.py:137} INFO - [2023-04-22T02:00:43.072+0800] {manager.py:504} INFO - Created Permission View: can delete on DAG:example_sensor_decorator
[2023-04-22T02:00:43.085+0800] {logging_mixin.py:137} INFO - [2023-04-22T02:00:43.084+0800] {manager.py:504} INFO - Created Permission View: can read on DAG:example_sensor_decorator
[2023-04-22T02:00:43.085+0800] {logging_mixin.py:137} INFO - [2023-04-22T02:00:43.085+0800] {dag.py:2705} INFO - Sync 1 DAGs
[2023-04-22T02:00:43.091+0800] {logging_mixin.py:137} INFO - [2023-04-22T02:00:43.091+0800] {dag.py:2726} INFO - Creating ORM DAG for example_sensor_decorator
[2023-04-22T02:00:43.095+0800] {logging_mixin.py:137} INFO - [2023-04-22T02:00:43.095+0800] {dag.py:3452} INFO - Setting next_dagrun for example_sensor_decorator to None, run_after=None
[2023-04-22T02:00:43.112+0800] {processor.py:175} INFO - Processing /home/gerardsho/airflow_env/lib/python3.8/site-packages/airflow/example_dags/example_sensor_decorator.py took 0.133 seconds
[2023-04-22T02:01:27.295+0800] {processor.py:153} INFO - Started process (PID=3569) to work on /home/gerardsho/airflow_env/lib/python3.8/site-packages/airflow/example_dags/example_sensor_decorator.py
[2023-04-22T02:01:27.298+0800] {processor.py:743} INFO - Processing file /home/gerardsho/airflow_env/lib/python3.8/site-packages/airflow/example_dags/example_sensor_decorator.py for tasks to queue
[2023-04-22T02:01:27.298+0800] {logging_mixin.py:137} INFO - [2023-04-22T02:01:27.298+0800] {dagbag.py:532} INFO - Filling up the DagBag from /home/gerardsho/airflow_env/lib/python3.8/site-packages/airflow/example_dags/example_sensor_decorator.py
[2023-04-22T02:01:27.312+0800] {processor.py:753} INFO - DAG(s) dict_keys(['example_sensor_decorator']) retrieved from /home/gerardsho/airflow_env/lib/python3.8/site-packages/airflow/example_dags/example_sensor_decorator.py
[2023-04-22T02:01:27.322+0800] {logging_mixin.py:137} INFO - [2023-04-22T02:01:27.321+0800] {dag.py:2705} INFO - Sync 1 DAGs
[2023-04-22T02:01:27.331+0800] {logging_mixin.py:137} INFO - [2023-04-22T02:01:27.331+0800] {dag.py:3452} INFO - Setting next_dagrun for example_sensor_decorator to None, run_after=None
[2023-04-22T02:01:27.348+0800] {processor.py:175} INFO - Processing /home/gerardsho/airflow_env/lib/python3.8/site-packages/airflow/example_dags/example_sensor_decorator.py took 0.056 seconds
[2023-04-22T02:02:07.447+0800] {processor.py:153} INFO - Started process (PID=3611) to work on /home/gerardsho/airflow_env/lib/python3.8/site-packages/airflow/example_dags/example_sensor_decorator.py
[2023-04-22T02:02:07.450+0800] {processor.py:743} INFO - Processing file /home/gerardsho/airflow_env/lib/python3.8/site-packages/airflow/example_dags/example_sensor_decorator.py for tasks to queue
[2023-04-22T02:02:07.451+0800] {logging_mixin.py:137} INFO - [2023-04-22T02:02:07.451+0800] {dagbag.py:532} INFO - Filling up the DagBag from /home/gerardsho/airflow_env/lib/python3.8/site-packages/airflow/example_dags/example_sensor_decorator.py
[2023-04-22T02:02:07.464+0800] {processor.py:753} INFO - DAG(s) dict_keys(['example_sensor_decorator']) retrieved from /home/gerardsho/airflow_env/lib/python3.8/site-packages/airflow/example_dags/example_sensor_decorator.py
[2023-04-22T02:02:07.474+0800] {logging_mixin.py:137} INFO - [2023-04-22T02:02:07.474+0800] {dag.py:2705} INFO - Sync 1 DAGs
[2023-04-22T02:02:07.484+0800] {logging_mixin.py:137} INFO - [2023-04-22T02:02:07.484+0800] {dag.py:3452} INFO - Setting next_dagrun for example_sensor_decorator to None, run_after=None
[2023-04-22T02:02:07.502+0800] {processor.py:175} INFO - Processing /home/gerardsho/airflow_env/lib/python3.8/site-packages/airflow/example_dags/example_sensor_decorator.py took 0.057 seconds
[2023-04-22T02:02:48.570+0800] {processor.py:153} INFO - Started process (PID=3663) to work on /home/gerardsho/airflow_env/lib/python3.8/site-packages/airflow/example_dags/example_sensor_decorator.py
[2023-04-22T02:02:48.573+0800] {processor.py:743} INFO - Processing file /home/gerardsho/airflow_env/lib/python3.8/site-packages/airflow/example_dags/example_sensor_decorator.py for tasks to queue
[2023-04-22T02:02:48.573+0800] {logging_mixin.py:137} INFO - [2023-04-22T02:02:48.573+0800] {dagbag.py:532} INFO - Filling up the DagBag from /home/gerardsho/airflow_env/lib/python3.8/site-packages/airflow/example_dags/example_sensor_decorator.py
[2023-04-22T02:02:48.591+0800] {processor.py:753} INFO - DAG(s) dict_keys(['example_sensor_decorator']) retrieved from /home/gerardsho/airflow_env/lib/python3.8/site-packages/airflow/example_dags/example_sensor_decorator.py
[2023-04-22T02:02:48.606+0800] {logging_mixin.py:137} INFO - [2023-04-22T02:02:48.606+0800] {dag.py:2705} INFO - Sync 1 DAGs
[2023-04-22T02:02:48.624+0800] {logging_mixin.py:137} INFO - [2023-04-22T02:02:48.624+0800] {dag.py:3452} INFO - Setting next_dagrun for example_sensor_decorator to None, run_after=None
[2023-04-22T02:02:48.645+0800] {processor.py:175} INFO - Processing /home/gerardsho/airflow_env/lib/python3.8/site-packages/airflow/example_dags/example_sensor_decorator.py took 0.077 seconds
[2023-04-22T02:03:30.086+0800] {processor.py:153} INFO - Started process (PID=3711) to work on /home/gerardsho/airflow_env/lib/python3.8/site-packages/airflow/example_dags/example_sensor_decorator.py
[2023-04-22T02:03:30.090+0800] {processor.py:743} INFO - Processing file /home/gerardsho/airflow_env/lib/python3.8/site-packages/airflow/example_dags/example_sensor_decorator.py for tasks to queue
[2023-04-22T02:03:30.090+0800] {logging_mixin.py:137} INFO - [2023-04-22T02:03:30.090+0800] {dagbag.py:532} INFO - Filling up the DagBag from /home/gerardsho/airflow_env/lib/python3.8/site-packages/airflow/example_dags/example_sensor_decorator.py
[2023-04-22T02:03:30.104+0800] {processor.py:753} INFO - DAG(s) dict_keys(['example_sensor_decorator']) retrieved from /home/gerardsho/airflow_env/lib/python3.8/site-packages/airflow/example_dags/example_sensor_decorator.py
[2023-04-22T02:03:30.115+0800] {logging_mixin.py:137} INFO - [2023-04-22T02:03:30.115+0800] {dag.py:2705} INFO - Sync 1 DAGs
[2023-04-22T02:03:30.125+0800] {logging_mixin.py:137} INFO - [2023-04-22T02:03:30.125+0800] {dag.py:3452} INFO - Setting next_dagrun for example_sensor_decorator to None, run_after=None
[2023-04-22T02:03:30.143+0800] {processor.py:175} INFO - Processing /home/gerardsho/airflow_env/lib/python3.8/site-packages/airflow/example_dags/example_sensor_decorator.py took 0.059 seconds
[2023-04-22T02:04:09.644+0800] {processor.py:153} INFO - Started process (PID=3756) to work on /home/gerardsho/airflow_env/lib/python3.8/site-packages/airflow/example_dags/example_sensor_decorator.py
[2023-04-22T02:04:09.647+0800] {processor.py:743} INFO - Processing file /home/gerardsho/airflow_env/lib/python3.8/site-packages/airflow/example_dags/example_sensor_decorator.py for tasks to queue
[2023-04-22T02:04:09.648+0800] {logging_mixin.py:137} INFO - [2023-04-22T02:04:09.647+0800] {dagbag.py:532} INFO - Filling up the DagBag from /home/gerardsho/airflow_env/lib/python3.8/site-packages/airflow/example_dags/example_sensor_decorator.py
[2023-04-22T02:04:09.660+0800] {processor.py:753} INFO - DAG(s) dict_keys(['example_sensor_decorator']) retrieved from /home/gerardsho/airflow_env/lib/python3.8/site-packages/airflow/example_dags/example_sensor_decorator.py
[2023-04-22T02:04:09.670+0800] {logging_mixin.py:137} INFO - [2023-04-22T02:04:09.670+0800] {dag.py:2705} INFO - Sync 1 DAGs
[2023-04-22T02:04:09.680+0800] {logging_mixin.py:137} INFO - [2023-04-22T02:04:09.680+0800] {dag.py:3452} INFO - Setting next_dagrun for example_sensor_decorator to None, run_after=None
[2023-04-22T02:04:09.698+0800] {processor.py:175} INFO - Processing /home/gerardsho/airflow_env/lib/python3.8/site-packages/airflow/example_dags/example_sensor_decorator.py took 0.056 seconds
[2023-04-22T02:04:50.835+0800] {processor.py:153} INFO - Started process (PID=3798) to work on /home/gerardsho/airflow_env/lib/python3.8/site-packages/airflow/example_dags/example_sensor_decorator.py
[2023-04-22T02:04:50.838+0800] {processor.py:743} INFO - Processing file /home/gerardsho/airflow_env/lib/python3.8/site-packages/airflow/example_dags/example_sensor_decorator.py for tasks to queue
[2023-04-22T02:04:50.839+0800] {logging_mixin.py:137} INFO - [2023-04-22T02:04:50.839+0800] {dagbag.py:532} INFO - Filling up the DagBag from /home/gerardsho/airflow_env/lib/python3.8/site-packages/airflow/example_dags/example_sensor_decorator.py
[2023-04-22T02:04:50.851+0800] {processor.py:753} INFO - DAG(s) dict_keys(['example_sensor_decorator']) retrieved from /home/gerardsho/airflow_env/lib/python3.8/site-packages/airflow/example_dags/example_sensor_decorator.py
[2023-04-22T02:04:50.861+0800] {logging_mixin.py:137} INFO - [2023-04-22T02:04:50.861+0800] {dag.py:2705} INFO - Sync 1 DAGs
[2023-04-22T02:04:50.871+0800] {logging_mixin.py:137} INFO - [2023-04-22T02:04:50.871+0800] {dag.py:3452} INFO - Setting next_dagrun for example_sensor_decorator to None, run_after=None
[2023-04-22T02:04:50.887+0800] {processor.py:175} INFO - Processing /home/gerardsho/airflow_env/lib/python3.8/site-packages/airflow/example_dags/example_sensor_decorator.py took 0.054 seconds
