[2023-04-22T01:48:18.193+0800] {processor.py:153} INFO - Started process (PID=2725) to work on /home/gerardsho/airflow_env/lib/python3.8/site-packages/airflow/example_dags/example_xcom.py
[2023-04-22T01:48:18.194+0800] {processor.py:743} INFO - Processing file /home/gerardsho/airflow_env/lib/python3.8/site-packages/airflow/example_dags/example_xcom.py for tasks to queue
[2023-04-22T01:48:18.194+0800] {logging_mixin.py:137} INFO - [2023-04-22T01:48:18.194+0800] {dagbag.py:532} INFO - Filling up the DagBag from /home/gerardsho/airflow_env/lib/python3.8/site-packages/airflow/example_dags/example_xcom.py
[2023-04-22T01:48:18.207+0800] {processor.py:753} INFO - DAG(s) dict_keys(['example_xcom']) retrieved from /home/gerardsho/airflow_env/lib/python3.8/site-packages/airflow/example_dags/example_xcom.py
[2023-04-22T01:48:18.472+0800] {logging_mixin.py:137} INFO - [2023-04-22T01:48:18.472+0800] {manager.py:504} INFO - Created Permission View: can edit on DAG:example_xcom
[2023-04-22T01:48:18.505+0800] {logging_mixin.py:137} INFO - [2023-04-22T01:48:18.505+0800] {manager.py:504} INFO - Created Permission View: can delete on DAG:example_xcom
[2023-04-22T01:48:18.535+0800] {logging_mixin.py:137} INFO - [2023-04-22T01:48:18.535+0800] {manager.py:504} INFO - Created Permission View: can read on DAG:example_xcom
[2023-04-22T01:48:18.535+0800] {logging_mixin.py:137} INFO - [2023-04-22T01:48:18.535+0800] {dag.py:2705} INFO - Sync 1 DAGs
[2023-04-22T01:48:18.547+0800] {logging_mixin.py:137} INFO - [2023-04-22T01:48:18.547+0800] {dag.py:2726} INFO - Creating ORM DAG for example_xcom
[2023-04-22T01:48:18.551+0800] {logging_mixin.py:137} INFO - [2023-04-22T01:48:18.551+0800] {dag.py:3452} INFO - Setting next_dagrun for example_xcom to 2021-01-01T00:00:00+00:00, run_after=2021-01-01T00:00:00+00:00
[2023-04-22T01:48:18.615+0800] {processor.py:175} INFO - Processing /home/gerardsho/airflow_env/lib/python3.8/site-packages/airflow/example_dags/example_xcom.py took 0.424 seconds
[2023-04-22T01:49:08.778+0800] {processor.py:153} INFO - Started process (PID=2767) to work on /home/gerardsho/airflow_env/lib/python3.8/site-packages/airflow/example_dags/example_xcom.py
[2023-04-22T01:49:08.781+0800] {processor.py:743} INFO - Processing file /home/gerardsho/airflow_env/lib/python3.8/site-packages/airflow/example_dags/example_xcom.py for tasks to queue
[2023-04-22T01:49:08.782+0800] {logging_mixin.py:137} INFO - [2023-04-22T01:49:08.782+0800] {dagbag.py:532} INFO - Filling up the DagBag from /home/gerardsho/airflow_env/lib/python3.8/site-packages/airflow/example_dags/example_xcom.py
[2023-04-22T01:49:08.795+0800] {processor.py:753} INFO - DAG(s) dict_keys(['example_xcom']) retrieved from /home/gerardsho/airflow_env/lib/python3.8/site-packages/airflow/example_dags/example_xcom.py
[2023-04-22T01:49:08.806+0800] {logging_mixin.py:137} INFO - [2023-04-22T01:49:08.806+0800] {dag.py:2705} INFO - Sync 1 DAGs
[2023-04-22T01:49:08.816+0800] {logging_mixin.py:137} INFO - [2023-04-22T01:49:08.816+0800] {dag.py:3452} INFO - Setting next_dagrun for example_xcom to 2021-01-01T00:00:00+00:00, run_after=2021-01-01T00:00:00+00:00
[2023-04-22T01:49:08.834+0800] {processor.py:175} INFO - Processing /home/gerardsho/airflow_env/lib/python3.8/site-packages/airflow/example_dags/example_xcom.py took 0.057 seconds
[2023-04-22T01:49:51.041+0800] {processor.py:153} INFO - Started process (PID=2811) to work on /home/gerardsho/airflow_env/lib/python3.8/site-packages/airflow/example_dags/example_xcom.py
[2023-04-22T01:49:51.044+0800] {processor.py:743} INFO - Processing file /home/gerardsho/airflow_env/lib/python3.8/site-packages/airflow/example_dags/example_xcom.py for tasks to queue
[2023-04-22T01:49:51.045+0800] {logging_mixin.py:137} INFO - [2023-04-22T01:49:51.045+0800] {dagbag.py:532} INFO - Filling up the DagBag from /home/gerardsho/airflow_env/lib/python3.8/site-packages/airflow/example_dags/example_xcom.py
[2023-04-22T01:49:51.063+0800] {processor.py:753} INFO - DAG(s) dict_keys(['example_xcom']) retrieved from /home/gerardsho/airflow_env/lib/python3.8/site-packages/airflow/example_dags/example_xcom.py
[2023-04-22T01:49:51.076+0800] {logging_mixin.py:137} INFO - [2023-04-22T01:49:51.076+0800] {dag.py:2705} INFO - Sync 1 DAGs
[2023-04-22T01:49:51.088+0800] {logging_mixin.py:137} INFO - [2023-04-22T01:49:51.088+0800] {dag.py:3452} INFO - Setting next_dagrun for example_xcom to 2021-01-01T00:00:00+00:00, run_after=2021-01-01T00:00:00+00:00
[2023-04-22T01:49:51.106+0800] {processor.py:175} INFO - Processing /home/gerardsho/airflow_env/lib/python3.8/site-packages/airflow/example_dags/example_xcom.py took 0.067 seconds
[2023-04-22T01:50:28.708+0800] {processor.py:153} INFO - Started process (PID=2855) to work on /home/gerardsho/airflow_env/lib/python3.8/site-packages/airflow/example_dags/example_xcom.py
[2023-04-22T01:50:28.712+0800] {processor.py:743} INFO - Processing file /home/gerardsho/airflow_env/lib/python3.8/site-packages/airflow/example_dags/example_xcom.py for tasks to queue
[2023-04-22T01:50:28.713+0800] {logging_mixin.py:137} INFO - [2023-04-22T01:50:28.713+0800] {dagbag.py:532} INFO - Filling up the DagBag from /home/gerardsho/airflow_env/lib/python3.8/site-packages/airflow/example_dags/example_xcom.py
[2023-04-22T01:50:28.726+0800] {processor.py:753} INFO - DAG(s) dict_keys(['example_xcom']) retrieved from /home/gerardsho/airflow_env/lib/python3.8/site-packages/airflow/example_dags/example_xcom.py
[2023-04-22T01:50:28.738+0800] {logging_mixin.py:137} INFO - [2023-04-22T01:50:28.738+0800] {dag.py:2705} INFO - Sync 1 DAGs
[2023-04-22T01:50:28.750+0800] {logging_mixin.py:137} INFO - [2023-04-22T01:50:28.750+0800] {dag.py:3452} INFO - Setting next_dagrun for example_xcom to 2021-01-01T00:00:00+00:00, run_after=2021-01-01T00:00:00+00:00
[2023-04-22T01:50:28.768+0800] {processor.py:175} INFO - Processing /home/gerardsho/airflow_env/lib/python3.8/site-packages/airflow/example_dags/example_xcom.py took 0.062 seconds
[2023-04-22T01:51:11.088+0800] {processor.py:153} INFO - Started process (PID=2901) to work on /home/gerardsho/airflow_env/lib/python3.8/site-packages/airflow/example_dags/example_xcom.py
[2023-04-22T01:51:11.091+0800] {processor.py:743} INFO - Processing file /home/gerardsho/airflow_env/lib/python3.8/site-packages/airflow/example_dags/example_xcom.py for tasks to queue
[2023-04-22T01:51:11.091+0800] {logging_mixin.py:137} INFO - [2023-04-22T01:51:11.091+0800] {dagbag.py:532} INFO - Filling up the DagBag from /home/gerardsho/airflow_env/lib/python3.8/site-packages/airflow/example_dags/example_xcom.py
[2023-04-22T01:51:11.108+0800] {processor.py:753} INFO - DAG(s) dict_keys(['example_xcom']) retrieved from /home/gerardsho/airflow_env/lib/python3.8/site-packages/airflow/example_dags/example_xcom.py
[2023-04-22T01:51:11.121+0800] {logging_mixin.py:137} INFO - [2023-04-22T01:51:11.121+0800] {dag.py:2705} INFO - Sync 1 DAGs
[2023-04-22T01:51:11.134+0800] {logging_mixin.py:137} INFO - [2023-04-22T01:51:11.134+0800] {dag.py:3452} INFO - Setting next_dagrun for example_xcom to 2021-01-01T00:00:00+00:00, run_after=2021-01-01T00:00:00+00:00
[2023-04-22T01:51:11.155+0800] {processor.py:175} INFO - Processing /home/gerardsho/airflow_env/lib/python3.8/site-packages/airflow/example_dags/example_xcom.py took 0.069 seconds
[2023-04-22T01:51:52.152+0800] {processor.py:153} INFO - Started process (PID=2962) to work on /home/gerardsho/airflow_env/lib/python3.8/site-packages/airflow/example_dags/example_xcom.py
[2023-04-22T01:51:52.155+0800] {processor.py:743} INFO - Processing file /home/gerardsho/airflow_env/lib/python3.8/site-packages/airflow/example_dags/example_xcom.py for tasks to queue
[2023-04-22T01:51:52.156+0800] {logging_mixin.py:137} INFO - [2023-04-22T01:51:52.156+0800] {dagbag.py:532} INFO - Filling up the DagBag from /home/gerardsho/airflow_env/lib/python3.8/site-packages/airflow/example_dags/example_xcom.py
[2023-04-22T01:51:52.169+0800] {processor.py:753} INFO - DAG(s) dict_keys(['example_xcom']) retrieved from /home/gerardsho/airflow_env/lib/python3.8/site-packages/airflow/example_dags/example_xcom.py
[2023-04-22T01:51:52.181+0800] {logging_mixin.py:137} INFO - [2023-04-22T01:51:52.181+0800] {dag.py:2705} INFO - Sync 1 DAGs
[2023-04-22T01:51:52.192+0800] {logging_mixin.py:137} INFO - [2023-04-22T01:51:52.192+0800] {dag.py:3452} INFO - Setting next_dagrun for example_xcom to 2021-01-01T00:00:00+00:00, run_after=2021-01-01T00:00:00+00:00
[2023-04-22T01:51:52.209+0800] {processor.py:175} INFO - Processing /home/gerardsho/airflow_env/lib/python3.8/site-packages/airflow/example_dags/example_xcom.py took 0.058 seconds
[2023-04-22T01:52:33.206+0800] {processor.py:153} INFO - Started process (PID=3004) to work on /home/gerardsho/airflow_env/lib/python3.8/site-packages/airflow/example_dags/example_xcom.py
[2023-04-22T01:52:33.209+0800] {processor.py:743} INFO - Processing file /home/gerardsho/airflow_env/lib/python3.8/site-packages/airflow/example_dags/example_xcom.py for tasks to queue
[2023-04-22T01:52:33.209+0800] {logging_mixin.py:137} INFO - [2023-04-22T01:52:33.209+0800] {dagbag.py:532} INFO - Filling up the DagBag from /home/gerardsho/airflow_env/lib/python3.8/site-packages/airflow/example_dags/example_xcom.py
[2023-04-22T01:52:33.223+0800] {processor.py:753} INFO - DAG(s) dict_keys(['example_xcom']) retrieved from /home/gerardsho/airflow_env/lib/python3.8/site-packages/airflow/example_dags/example_xcom.py
[2023-04-22T01:52:33.236+0800] {logging_mixin.py:137} INFO - [2023-04-22T01:52:33.236+0800] {dag.py:2705} INFO - Sync 1 DAGs
[2023-04-22T01:52:33.247+0800] {logging_mixin.py:137} INFO - [2023-04-22T01:52:33.247+0800] {dag.py:3452} INFO - Setting next_dagrun for example_xcom to 2021-01-01T00:00:00+00:00, run_after=2021-01-01T00:00:00+00:00
[2023-04-22T01:52:33.263+0800] {processor.py:175} INFO - Processing /home/gerardsho/airflow_env/lib/python3.8/site-packages/airflow/example_dags/example_xcom.py took 0.059 seconds
[2023-04-22T01:53:14.399+0800] {processor.py:153} INFO - Started process (PID=3046) to work on /home/gerardsho/airflow_env/lib/python3.8/site-packages/airflow/example_dags/example_xcom.py
[2023-04-22T01:53:14.403+0800] {processor.py:743} INFO - Processing file /home/gerardsho/airflow_env/lib/python3.8/site-packages/airflow/example_dags/example_xcom.py for tasks to queue
[2023-04-22T01:53:14.403+0800] {logging_mixin.py:137} INFO - [2023-04-22T01:53:14.403+0800] {dagbag.py:532} INFO - Filling up the DagBag from /home/gerardsho/airflow_env/lib/python3.8/site-packages/airflow/example_dags/example_xcom.py
[2023-04-22T01:53:14.416+0800] {processor.py:753} INFO - DAG(s) dict_keys(['example_xcom']) retrieved from /home/gerardsho/airflow_env/lib/python3.8/site-packages/airflow/example_dags/example_xcom.py
[2023-04-22T01:53:14.428+0800] {logging_mixin.py:137} INFO - [2023-04-22T01:53:14.427+0800] {dag.py:2705} INFO - Sync 1 DAGs
[2023-04-22T01:53:14.437+0800] {logging_mixin.py:137} INFO - [2023-04-22T01:53:14.437+0800] {dag.py:3452} INFO - Setting next_dagrun for example_xcom to 2021-01-01T00:00:00+00:00, run_after=2021-01-01T00:00:00+00:00
[2023-04-22T01:53:14.456+0800] {processor.py:175} INFO - Processing /home/gerardsho/airflow_env/lib/python3.8/site-packages/airflow/example_dags/example_xcom.py took 0.059 seconds
[2023-04-22T01:53:53.952+0800] {processor.py:153} INFO - Started process (PID=3088) to work on /home/gerardsho/airflow_env/lib/python3.8/site-packages/airflow/example_dags/example_xcom.py
[2023-04-22T01:53:53.955+0800] {processor.py:743} INFO - Processing file /home/gerardsho/airflow_env/lib/python3.8/site-packages/airflow/example_dags/example_xcom.py for tasks to queue
[2023-04-22T01:53:53.955+0800] {logging_mixin.py:137} INFO - [2023-04-22T01:53:53.955+0800] {dagbag.py:532} INFO - Filling up the DagBag from /home/gerardsho/airflow_env/lib/python3.8/site-packages/airflow/example_dags/example_xcom.py
[2023-04-22T01:53:53.970+0800] {processor.py:753} INFO - DAG(s) dict_keys(['example_xcom']) retrieved from /home/gerardsho/airflow_env/lib/python3.8/site-packages/airflow/example_dags/example_xcom.py
[2023-04-22T01:53:53.986+0800] {logging_mixin.py:137} INFO - [2023-04-22T01:53:53.986+0800] {dag.py:2705} INFO - Sync 1 DAGs
[2023-04-22T01:53:54.001+0800] {logging_mixin.py:137} INFO - [2023-04-22T01:53:54.001+0800] {dag.py:3452} INFO - Setting next_dagrun for example_xcom to 2021-01-01T00:00:00+00:00, run_after=2021-01-01T00:00:00+00:00
[2023-04-22T01:53:54.019+0800] {processor.py:175} INFO - Processing /home/gerardsho/airflow_env/lib/python3.8/site-packages/airflow/example_dags/example_xcom.py took 0.069 seconds
[2023-04-22T01:54:33.803+0800] {processor.py:153} INFO - Started process (PID=3132) to work on /home/gerardsho/airflow_env/lib/python3.8/site-packages/airflow/example_dags/example_xcom.py
[2023-04-22T01:54:33.807+0800] {processor.py:743} INFO - Processing file /home/gerardsho/airflow_env/lib/python3.8/site-packages/airflow/example_dags/example_xcom.py for tasks to queue
[2023-04-22T01:54:33.807+0800] {logging_mixin.py:137} INFO - [2023-04-22T01:54:33.807+0800] {dagbag.py:532} INFO - Filling up the DagBag from /home/gerardsho/airflow_env/lib/python3.8/site-packages/airflow/example_dags/example_xcom.py
[2023-04-22T01:54:33.820+0800] {processor.py:753} INFO - DAG(s) dict_keys(['example_xcom']) retrieved from /home/gerardsho/airflow_env/lib/python3.8/site-packages/airflow/example_dags/example_xcom.py
[2023-04-22T01:54:33.832+0800] {logging_mixin.py:137} INFO - [2023-04-22T01:54:33.832+0800] {dag.py:2705} INFO - Sync 1 DAGs
[2023-04-22T01:54:33.842+0800] {logging_mixin.py:137} INFO - [2023-04-22T01:54:33.842+0800] {dag.py:3452} INFO - Setting next_dagrun for example_xcom to 2021-01-01T00:00:00+00:00, run_after=2021-01-01T00:00:00+00:00
[2023-04-22T01:54:33.859+0800] {processor.py:175} INFO - Processing /home/gerardsho/airflow_env/lib/python3.8/site-packages/airflow/example_dags/example_xcom.py took 0.058 seconds
[2023-04-22T01:55:16.623+0800] {processor.py:153} INFO - Started process (PID=3178) to work on /home/gerardsho/airflow_env/lib/python3.8/site-packages/airflow/example_dags/example_xcom.py
[2023-04-22T01:55:16.626+0800] {processor.py:743} INFO - Processing file /home/gerardsho/airflow_env/lib/python3.8/site-packages/airflow/example_dags/example_xcom.py for tasks to queue
[2023-04-22T01:55:16.626+0800] {logging_mixin.py:137} INFO - [2023-04-22T01:55:16.626+0800] {dagbag.py:532} INFO - Filling up the DagBag from /home/gerardsho/airflow_env/lib/python3.8/site-packages/airflow/example_dags/example_xcom.py
[2023-04-22T01:55:16.641+0800] {processor.py:753} INFO - DAG(s) dict_keys(['example_xcom']) retrieved from /home/gerardsho/airflow_env/lib/python3.8/site-packages/airflow/example_dags/example_xcom.py
[2023-04-22T01:55:16.655+0800] {logging_mixin.py:137} INFO - [2023-04-22T01:55:16.655+0800] {dag.py:2705} INFO - Sync 1 DAGs
[2023-04-22T01:55:16.668+0800] {logging_mixin.py:137} INFO - [2023-04-22T01:55:16.668+0800] {dag.py:3452} INFO - Setting next_dagrun for example_xcom to 2021-01-01T00:00:00+00:00, run_after=2021-01-01T00:00:00+00:00
[2023-04-22T01:55:16.687+0800] {processor.py:175} INFO - Processing /home/gerardsho/airflow_env/lib/python3.8/site-packages/airflow/example_dags/example_xcom.py took 0.066 seconds
[2023-04-22T01:55:56.050+0800] {processor.py:153} INFO - Started process (PID=3223) to work on /home/gerardsho/airflow_env/lib/python3.8/site-packages/airflow/example_dags/example_xcom.py
[2023-04-22T01:55:56.053+0800] {processor.py:743} INFO - Processing file /home/gerardsho/airflow_env/lib/python3.8/site-packages/airflow/example_dags/example_xcom.py for tasks to queue
[2023-04-22T01:55:56.053+0800] {logging_mixin.py:137} INFO - [2023-04-22T01:55:56.053+0800] {dagbag.py:532} INFO - Filling up the DagBag from /home/gerardsho/airflow_env/lib/python3.8/site-packages/airflow/example_dags/example_xcom.py
[2023-04-22T01:55:56.066+0800] {processor.py:753} INFO - DAG(s) dict_keys(['example_xcom']) retrieved from /home/gerardsho/airflow_env/lib/python3.8/site-packages/airflow/example_dags/example_xcom.py
[2023-04-22T01:55:56.077+0800] {logging_mixin.py:137} INFO - [2023-04-22T01:55:56.077+0800] {dag.py:2705} INFO - Sync 1 DAGs
[2023-04-22T01:55:56.087+0800] {logging_mixin.py:137} INFO - [2023-04-22T01:55:56.087+0800] {dag.py:3452} INFO - Setting next_dagrun for example_xcom to 2021-01-01T00:00:00+00:00, run_after=2021-01-01T00:00:00+00:00
[2023-04-22T01:55:56.106+0800] {processor.py:175} INFO - Processing /home/gerardsho/airflow_env/lib/python3.8/site-packages/airflow/example_dags/example_xcom.py took 0.058 seconds
[2023-04-22T01:56:38.282+0800] {processor.py:153} INFO - Started process (PID=3270) to work on /home/gerardsho/airflow_env/lib/python3.8/site-packages/airflow/example_dags/example_xcom.py
[2023-04-22T01:56:38.285+0800] {processor.py:743} INFO - Processing file /home/gerardsho/airflow_env/lib/python3.8/site-packages/airflow/example_dags/example_xcom.py for tasks to queue
[2023-04-22T01:56:38.286+0800] {logging_mixin.py:137} INFO - [2023-04-22T01:56:38.286+0800] {dagbag.py:532} INFO - Filling up the DagBag from /home/gerardsho/airflow_env/lib/python3.8/site-packages/airflow/example_dags/example_xcom.py
[2023-04-22T01:56:38.300+0800] {processor.py:753} INFO - DAG(s) dict_keys(['example_xcom']) retrieved from /home/gerardsho/airflow_env/lib/python3.8/site-packages/airflow/example_dags/example_xcom.py
[2023-04-22T01:56:38.312+0800] {logging_mixin.py:137} INFO - [2023-04-22T01:56:38.312+0800] {dag.py:2705} INFO - Sync 1 DAGs
[2023-04-22T01:56:38.323+0800] {logging_mixin.py:137} INFO - [2023-04-22T01:56:38.323+0800] {dag.py:3452} INFO - Setting next_dagrun for example_xcom to 2021-01-01T00:00:00+00:00, run_after=2021-01-01T00:00:00+00:00
[2023-04-22T01:56:38.341+0800] {processor.py:175} INFO - Processing /home/gerardsho/airflow_env/lib/python3.8/site-packages/airflow/example_dags/example_xcom.py took 0.061 seconds
[2023-04-22T01:57:16.074+0800] {processor.py:153} INFO - Started process (PID=3315) to work on /home/gerardsho/airflow_env/lib/python3.8/site-packages/airflow/example_dags/example_xcom.py
[2023-04-22T01:57:16.077+0800] {processor.py:743} INFO - Processing file /home/gerardsho/airflow_env/lib/python3.8/site-packages/airflow/example_dags/example_xcom.py for tasks to queue
[2023-04-22T01:57:16.077+0800] {logging_mixin.py:137} INFO - [2023-04-22T01:57:16.077+0800] {dagbag.py:532} INFO - Filling up the DagBag from /home/gerardsho/airflow_env/lib/python3.8/site-packages/airflow/example_dags/example_xcom.py
[2023-04-22T01:57:16.091+0800] {processor.py:753} INFO - DAG(s) dict_keys(['example_xcom']) retrieved from /home/gerardsho/airflow_env/lib/python3.8/site-packages/airflow/example_dags/example_xcom.py
[2023-04-22T01:57:16.102+0800] {logging_mixin.py:137} INFO - [2023-04-22T01:57:16.102+0800] {dag.py:2705} INFO - Sync 1 DAGs
[2023-04-22T01:57:16.112+0800] {logging_mixin.py:137} INFO - [2023-04-22T01:57:16.112+0800] {dag.py:3452} INFO - Setting next_dagrun for example_xcom to 2021-01-01T00:00:00+00:00, run_after=2021-01-01T00:00:00+00:00
[2023-04-22T01:57:16.129+0800] {processor.py:175} INFO - Processing /home/gerardsho/airflow_env/lib/python3.8/site-packages/airflow/example_dags/example_xcom.py took 0.058 seconds
[2023-04-22T01:57:58.262+0800] {processor.py:153} INFO - Started process (PID=3366) to work on /home/gerardsho/airflow_env/lib/python3.8/site-packages/airflow/example_dags/example_xcom.py
[2023-04-22T01:57:58.264+0800] {processor.py:743} INFO - Processing file /home/gerardsho/airflow_env/lib/python3.8/site-packages/airflow/example_dags/example_xcom.py for tasks to queue
[2023-04-22T01:57:58.265+0800] {logging_mixin.py:137} INFO - [2023-04-22T01:57:58.265+0800] {dagbag.py:532} INFO - Filling up the DagBag from /home/gerardsho/airflow_env/lib/python3.8/site-packages/airflow/example_dags/example_xcom.py
[2023-04-22T01:57:58.278+0800] {processor.py:753} INFO - DAG(s) dict_keys(['example_xcom']) retrieved from /home/gerardsho/airflow_env/lib/python3.8/site-packages/airflow/example_dags/example_xcom.py
[2023-04-22T01:57:58.291+0800] {logging_mixin.py:137} INFO - [2023-04-22T01:57:58.290+0800] {dag.py:2705} INFO - Sync 1 DAGs
[2023-04-22T01:57:58.303+0800] {logging_mixin.py:137} INFO - [2023-04-22T01:57:58.303+0800] {dag.py:3452} INFO - Setting next_dagrun for example_xcom to 2021-01-01T00:00:00+00:00, run_after=2021-01-01T00:00:00+00:00
[2023-04-22T01:57:58.318+0800] {processor.py:175} INFO - Processing /home/gerardsho/airflow_env/lib/python3.8/site-packages/airflow/example_dags/example_xcom.py took 0.058 seconds
[2023-04-22T01:58:39.470+0800] {processor.py:153} INFO - Started process (PID=3409) to work on /home/gerardsho/airflow_env/lib/python3.8/site-packages/airflow/example_dags/example_xcom.py
[2023-04-22T01:58:39.471+0800] {processor.py:743} INFO - Processing file /home/gerardsho/airflow_env/lib/python3.8/site-packages/airflow/example_dags/example_xcom.py for tasks to queue
[2023-04-22T01:58:39.472+0800] {logging_mixin.py:137} INFO - [2023-04-22T01:58:39.472+0800] {dagbag.py:532} INFO - Filling up the DagBag from /home/gerardsho/airflow_env/lib/python3.8/site-packages/airflow/example_dags/example_xcom.py
[2023-04-22T01:58:39.490+0800] {processor.py:753} INFO - DAG(s) dict_keys(['example_xcom']) retrieved from /home/gerardsho/airflow_env/lib/python3.8/site-packages/airflow/example_dags/example_xcom.py
[2023-04-22T01:58:39.505+0800] {logging_mixin.py:137} INFO - [2023-04-22T01:58:39.505+0800] {dag.py:2705} INFO - Sync 1 DAGs
[2023-04-22T01:58:39.521+0800] {logging_mixin.py:137} INFO - [2023-04-22T01:58:39.521+0800] {dag.py:3452} INFO - Setting next_dagrun for example_xcom to 2021-01-01T00:00:00+00:00, run_after=2021-01-01T00:00:00+00:00
[2023-04-22T01:58:39.542+0800] {processor.py:175} INFO - Processing /home/gerardsho/airflow_env/lib/python3.8/site-packages/airflow/example_dags/example_xcom.py took 0.074 seconds
[2023-04-22T01:59:19.524+0800] {processor.py:153} INFO - Started process (PID=3451) to work on /home/gerardsho/airflow_env/lib/python3.8/site-packages/airflow/example_dags/example_xcom.py
[2023-04-22T01:59:19.527+0800] {processor.py:743} INFO - Processing file /home/gerardsho/airflow_env/lib/python3.8/site-packages/airflow/example_dags/example_xcom.py for tasks to queue
[2023-04-22T01:59:19.527+0800] {logging_mixin.py:137} INFO - [2023-04-22T01:59:19.527+0800] {dagbag.py:532} INFO - Filling up the DagBag from /home/gerardsho/airflow_env/lib/python3.8/site-packages/airflow/example_dags/example_xcom.py
[2023-04-22T01:59:19.545+0800] {processor.py:753} INFO - DAG(s) dict_keys(['example_xcom']) retrieved from /home/gerardsho/airflow_env/lib/python3.8/site-packages/airflow/example_dags/example_xcom.py
[2023-04-22T01:59:19.561+0800] {logging_mixin.py:137} INFO - [2023-04-22T01:59:19.561+0800] {dag.py:2705} INFO - Sync 1 DAGs
[2023-04-22T01:59:19.577+0800] {logging_mixin.py:137} INFO - [2023-04-22T01:59:19.576+0800] {dag.py:3452} INFO - Setting next_dagrun for example_xcom to 2021-01-01T00:00:00+00:00, run_after=2021-01-01T00:00:00+00:00
[2023-04-22T01:59:19.594+0800] {processor.py:175} INFO - Processing /home/gerardsho/airflow_env/lib/python3.8/site-packages/airflow/example_dags/example_xcom.py took 0.072 seconds
[2023-04-22T02:00:31.355+0800] {processor.py:153} INFO - Started process (PID=3507) to work on /home/gerardsho/airflow_env/lib/python3.8/site-packages/airflow/example_dags/example_xcom.py
[2023-04-22T02:00:31.359+0800] {processor.py:743} INFO - Processing file /home/gerardsho/airflow_env/lib/python3.8/site-packages/airflow/example_dags/example_xcom.py for tasks to queue
[2023-04-22T02:00:31.359+0800] {logging_mixin.py:137} INFO - [2023-04-22T02:00:31.359+0800] {dagbag.py:532} INFO - Filling up the DagBag from /home/gerardsho/airflow_env/lib/python3.8/site-packages/airflow/example_dags/example_xcom.py
[2023-04-22T02:00:31.374+0800] {processor.py:753} INFO - DAG(s) dict_keys(['example_xcom']) retrieved from /home/gerardsho/airflow_env/lib/python3.8/site-packages/airflow/example_dags/example_xcom.py
[2023-04-22T02:00:31.436+0800] {logging_mixin.py:137} INFO - [2023-04-22T02:00:31.436+0800] {manager.py:504} INFO - Created Permission View: can edit on DAG:example_xcom
[2023-04-22T02:00:31.448+0800] {logging_mixin.py:137} INFO - [2023-04-22T02:00:31.447+0800] {manager.py:504} INFO - Created Permission View: can delete on DAG:example_xcom
[2023-04-22T02:00:31.458+0800] {logging_mixin.py:137} INFO - [2023-04-22T02:00:31.458+0800] {manager.py:504} INFO - Created Permission View: can read on DAG:example_xcom
[2023-04-22T02:00:31.458+0800] {logging_mixin.py:137} INFO - [2023-04-22T02:00:31.458+0800] {dag.py:2705} INFO - Sync 1 DAGs
[2023-04-22T02:00:31.464+0800] {logging_mixin.py:137} INFO - [2023-04-22T02:00:31.464+0800] {dag.py:2726} INFO - Creating ORM DAG for example_xcom
[2023-04-22T02:00:31.468+0800] {logging_mixin.py:137} INFO - [2023-04-22T02:00:31.468+0800] {dag.py:3452} INFO - Setting next_dagrun for example_xcom to 2021-01-01T00:00:00+00:00, run_after=2021-01-01T00:00:00+00:00
[2023-04-22T02:00:31.485+0800] {processor.py:175} INFO - Processing /home/gerardsho/airflow_env/lib/python3.8/site-packages/airflow/example_dags/example_xcom.py took 0.132 seconds
[2023-04-22T02:01:17.005+0800] {processor.py:153} INFO - Started process (PID=3558) to work on /home/gerardsho/airflow_env/lib/python3.8/site-packages/airflow/example_dags/example_xcom.py
[2023-04-22T02:01:17.008+0800] {processor.py:743} INFO - Processing file /home/gerardsho/airflow_env/lib/python3.8/site-packages/airflow/example_dags/example_xcom.py for tasks to queue
[2023-04-22T02:01:17.008+0800] {logging_mixin.py:137} INFO - [2023-04-22T02:01:17.008+0800] {dagbag.py:532} INFO - Filling up the DagBag from /home/gerardsho/airflow_env/lib/python3.8/site-packages/airflow/example_dags/example_xcom.py
[2023-04-22T02:01:17.024+0800] {processor.py:753} INFO - DAG(s) dict_keys(['example_xcom']) retrieved from /home/gerardsho/airflow_env/lib/python3.8/site-packages/airflow/example_dags/example_xcom.py
[2023-04-22T02:01:17.037+0800] {logging_mixin.py:137} INFO - [2023-04-22T02:01:17.037+0800] {dag.py:2705} INFO - Sync 1 DAGs
[2023-04-22T02:01:17.049+0800] {logging_mixin.py:137} INFO - [2023-04-22T02:01:17.049+0800] {dag.py:3452} INFO - Setting next_dagrun for example_xcom to 2021-01-01T00:00:00+00:00, run_after=2021-01-01T00:00:00+00:00
[2023-04-22T02:01:17.068+0800] {processor.py:175} INFO - Processing /home/gerardsho/airflow_env/lib/python3.8/site-packages/airflow/example_dags/example_xcom.py took 0.066 seconds
[2023-04-22T02:01:57.040+0800] {processor.py:153} INFO - Started process (PID=3600) to work on /home/gerardsho/airflow_env/lib/python3.8/site-packages/airflow/example_dags/example_xcom.py
[2023-04-22T02:01:57.043+0800] {processor.py:743} INFO - Processing file /home/gerardsho/airflow_env/lib/python3.8/site-packages/airflow/example_dags/example_xcom.py for tasks to queue
[2023-04-22T02:01:57.044+0800] {logging_mixin.py:137} INFO - [2023-04-22T02:01:57.043+0800] {dagbag.py:532} INFO - Filling up the DagBag from /home/gerardsho/airflow_env/lib/python3.8/site-packages/airflow/example_dags/example_xcom.py
[2023-04-22T02:01:57.059+0800] {processor.py:753} INFO - DAG(s) dict_keys(['example_xcom']) retrieved from /home/gerardsho/airflow_env/lib/python3.8/site-packages/airflow/example_dags/example_xcom.py
[2023-04-22T02:01:57.075+0800] {logging_mixin.py:137} INFO - [2023-04-22T02:01:57.074+0800] {dag.py:2705} INFO - Sync 1 DAGs
[2023-04-22T02:01:57.089+0800] {logging_mixin.py:137} INFO - [2023-04-22T02:01:57.089+0800] {dag.py:3452} INFO - Setting next_dagrun for example_xcom to 2021-01-01T00:00:00+00:00, run_after=2021-01-01T00:00:00+00:00
[2023-04-22T02:01:57.114+0800] {processor.py:175} INFO - Processing /home/gerardsho/airflow_env/lib/python3.8/site-packages/airflow/example_dags/example_xcom.py took 0.076 seconds
[2023-04-22T02:02:37.128+0800] {processor.py:153} INFO - Started process (PID=3646) to work on /home/gerardsho/airflow_env/lib/python3.8/site-packages/airflow/example_dags/example_xcom.py
[2023-04-22T02:02:37.129+0800] {processor.py:743} INFO - Processing file /home/gerardsho/airflow_env/lib/python3.8/site-packages/airflow/example_dags/example_xcom.py for tasks to queue
[2023-04-22T02:02:37.130+0800] {logging_mixin.py:137} INFO - [2023-04-22T02:02:37.129+0800] {dagbag.py:532} INFO - Filling up the DagBag from /home/gerardsho/airflow_env/lib/python3.8/site-packages/airflow/example_dags/example_xcom.py
[2023-04-22T02:02:37.143+0800] {processor.py:753} INFO - DAG(s) dict_keys(['example_xcom']) retrieved from /home/gerardsho/airflow_env/lib/python3.8/site-packages/airflow/example_dags/example_xcom.py
[2023-04-22T02:02:37.156+0800] {logging_mixin.py:137} INFO - [2023-04-22T02:02:37.156+0800] {dag.py:2705} INFO - Sync 1 DAGs
[2023-04-22T02:02:37.168+0800] {logging_mixin.py:137} INFO - [2023-04-22T02:02:37.168+0800] {dag.py:3452} INFO - Setting next_dagrun for example_xcom to 2021-01-01T00:00:00+00:00, run_after=2021-01-01T00:00:00+00:00
[2023-04-22T02:02:37.184+0800] {processor.py:175} INFO - Processing /home/gerardsho/airflow_env/lib/python3.8/site-packages/airflow/example_dags/example_xcom.py took 0.058 seconds
[2023-04-22T02:03:19.471+0800] {processor.py:153} INFO - Started process (PID=3699) to work on /home/gerardsho/airflow_env/lib/python3.8/site-packages/airflow/example_dags/example_xcom.py
[2023-04-22T02:03:19.474+0800] {processor.py:743} INFO - Processing file /home/gerardsho/airflow_env/lib/python3.8/site-packages/airflow/example_dags/example_xcom.py for tasks to queue
[2023-04-22T02:03:19.475+0800] {logging_mixin.py:137} INFO - [2023-04-22T02:03:19.475+0800] {dagbag.py:532} INFO - Filling up the DagBag from /home/gerardsho/airflow_env/lib/python3.8/site-packages/airflow/example_dags/example_xcom.py
[2023-04-22T02:03:19.488+0800] {processor.py:753} INFO - DAG(s) dict_keys(['example_xcom']) retrieved from /home/gerardsho/airflow_env/lib/python3.8/site-packages/airflow/example_dags/example_xcom.py
[2023-04-22T02:03:19.501+0800] {logging_mixin.py:137} INFO - [2023-04-22T02:03:19.501+0800] {dag.py:2705} INFO - Sync 1 DAGs
[2023-04-22T02:03:19.512+0800] {logging_mixin.py:137} INFO - [2023-04-22T02:03:19.512+0800] {dag.py:3452} INFO - Setting next_dagrun for example_xcom to 2021-01-01T00:00:00+00:00, run_after=2021-01-01T00:00:00+00:00
[2023-04-22T02:03:19.530+0800] {processor.py:175} INFO - Processing /home/gerardsho/airflow_env/lib/python3.8/site-packages/airflow/example_dags/example_xcom.py took 0.061 seconds
[2023-04-22T02:03:59.357+0800] {processor.py:153} INFO - Started process (PID=3745) to work on /home/gerardsho/airflow_env/lib/python3.8/site-packages/airflow/example_dags/example_xcom.py
[2023-04-22T02:03:59.360+0800] {processor.py:743} INFO - Processing file /home/gerardsho/airflow_env/lib/python3.8/site-packages/airflow/example_dags/example_xcom.py for tasks to queue
[2023-04-22T02:03:59.361+0800] {logging_mixin.py:137} INFO - [2023-04-22T02:03:59.361+0800] {dagbag.py:532} INFO - Filling up the DagBag from /home/gerardsho/airflow_env/lib/python3.8/site-packages/airflow/example_dags/example_xcom.py
[2023-04-22T02:03:59.374+0800] {processor.py:753} INFO - DAG(s) dict_keys(['example_xcom']) retrieved from /home/gerardsho/airflow_env/lib/python3.8/site-packages/airflow/example_dags/example_xcom.py
[2023-04-22T02:03:59.386+0800] {logging_mixin.py:137} INFO - [2023-04-22T02:03:59.386+0800] {dag.py:2705} INFO - Sync 1 DAGs
[2023-04-22T02:03:59.397+0800] {logging_mixin.py:137} INFO - [2023-04-22T02:03:59.397+0800] {dag.py:3452} INFO - Setting next_dagrun for example_xcom to 2021-01-01T00:00:00+00:00, run_after=2021-01-01T00:00:00+00:00
[2023-04-22T02:03:59.414+0800] {processor.py:175} INFO - Processing /home/gerardsho/airflow_env/lib/python3.8/site-packages/airflow/example_dags/example_xcom.py took 0.060 seconds
[2023-04-22T02:04:40.544+0800] {processor.py:153} INFO - Started process (PID=3787) to work on /home/gerardsho/airflow_env/lib/python3.8/site-packages/airflow/example_dags/example_xcom.py
[2023-04-22T02:04:40.547+0800] {processor.py:743} INFO - Processing file /home/gerardsho/airflow_env/lib/python3.8/site-packages/airflow/example_dags/example_xcom.py for tasks to queue
[2023-04-22T02:04:40.547+0800] {logging_mixin.py:137} INFO - [2023-04-22T02:04:40.547+0800] {dagbag.py:532} INFO - Filling up the DagBag from /home/gerardsho/airflow_env/lib/python3.8/site-packages/airflow/example_dags/example_xcom.py
[2023-04-22T02:04:40.560+0800] {processor.py:753} INFO - DAG(s) dict_keys(['example_xcom']) retrieved from /home/gerardsho/airflow_env/lib/python3.8/site-packages/airflow/example_dags/example_xcom.py
[2023-04-22T02:04:40.571+0800] {logging_mixin.py:137} INFO - [2023-04-22T02:04:40.571+0800] {dag.py:2705} INFO - Sync 1 DAGs
[2023-04-22T02:04:40.581+0800] {logging_mixin.py:137} INFO - [2023-04-22T02:04:40.581+0800] {dag.py:3452} INFO - Setting next_dagrun for example_xcom to 2021-01-01T00:00:00+00:00, run_after=2021-01-01T00:00:00+00:00
[2023-04-22T02:04:40.598+0800] {processor.py:175} INFO - Processing /home/gerardsho/airflow_env/lib/python3.8/site-packages/airflow/example_dags/example_xcom.py took 0.057 seconds
