[2023-04-22T01:48:46.857+0800] {processor.py:153} INFO - Started process (PID=2747) to work on /home/gerardsho/airflow_env/lib/python3.8/site-packages/airflow/example_dags/example_time_delta_sensor_async.py
[2023-04-22T01:48:46.857+0800] {processor.py:743} INFO - Processing file /home/gerardsho/airflow_env/lib/python3.8/site-packages/airflow/example_dags/example_time_delta_sensor_async.py for tasks to queue
[2023-04-22T01:48:46.858+0800] {logging_mixin.py:137} INFO - [2023-04-22T01:48:46.858+0800] {dagbag.py:532} INFO - Filling up the DagBag from /home/gerardsho/airflow_env/lib/python3.8/site-packages/airflow/example_dags/example_time_delta_sensor_async.py
[2023-04-22T01:48:46.864+0800] {processor.py:753} INFO - DAG(s) dict_keys(['example_time_delta_sensor_async']) retrieved from /home/gerardsho/airflow_env/lib/python3.8/site-packages/airflow/example_dags/example_time_delta_sensor_async.py
[2023-04-22T01:48:47.035+0800] {logging_mixin.py:137} INFO - [2023-04-22T01:48:47.035+0800] {manager.py:504} INFO - Created Permission View: can edit on DAG:example_time_delta_sensor_async
[2023-04-22T01:48:47.105+0800] {logging_mixin.py:137} INFO - [2023-04-22T01:48:47.105+0800] {manager.py:504} INFO - Created Permission View: can delete on DAG:example_time_delta_sensor_async
[2023-04-22T01:48:47.150+0800] {logging_mixin.py:137} INFO - [2023-04-22T01:48:47.150+0800] {manager.py:504} INFO - Created Permission View: can read on DAG:example_time_delta_sensor_async
[2023-04-22T01:48:47.151+0800] {logging_mixin.py:137} INFO - [2023-04-22T01:48:47.151+0800] {dag.py:2705} INFO - Sync 1 DAGs
[2023-04-22T01:48:47.162+0800] {logging_mixin.py:137} INFO - [2023-04-22T01:48:47.162+0800] {dag.py:2726} INFO - Creating ORM DAG for example_time_delta_sensor_async
[2023-04-22T01:48:47.166+0800] {logging_mixin.py:137} INFO - [2023-04-22T01:48:47.166+0800] {dag.py:3452} INFO - Setting next_dagrun for example_time_delta_sensor_async to None, run_after=None
[2023-04-22T01:48:47.220+0800] {processor.py:175} INFO - Processing /home/gerardsho/airflow_env/lib/python3.8/site-packages/airflow/example_dags/example_time_delta_sensor_async.py took 0.365 seconds
[2023-04-22T01:49:31.132+0800] {processor.py:153} INFO - Started process (PID=2790) to work on /home/gerardsho/airflow_env/lib/python3.8/site-packages/airflow/example_dags/example_time_delta_sensor_async.py
[2023-04-22T01:49:31.135+0800] {processor.py:743} INFO - Processing file /home/gerardsho/airflow_env/lib/python3.8/site-packages/airflow/example_dags/example_time_delta_sensor_async.py for tasks to queue
[2023-04-22T01:49:31.136+0800] {logging_mixin.py:137} INFO - [2023-04-22T01:49:31.136+0800] {dagbag.py:532} INFO - Filling up the DagBag from /home/gerardsho/airflow_env/lib/python3.8/site-packages/airflow/example_dags/example_time_delta_sensor_async.py
[2023-04-22T01:49:31.146+0800] {processor.py:753} INFO - DAG(s) dict_keys(['example_time_delta_sensor_async']) retrieved from /home/gerardsho/airflow_env/lib/python3.8/site-packages/airflow/example_dags/example_time_delta_sensor_async.py
[2023-04-22T01:49:31.160+0800] {logging_mixin.py:137} INFO - [2023-04-22T01:49:31.159+0800] {dag.py:2705} INFO - Sync 1 DAGs
[2023-04-22T01:49:31.173+0800] {logging_mixin.py:137} INFO - [2023-04-22T01:49:31.173+0800] {dag.py:3452} INFO - Setting next_dagrun for example_time_delta_sensor_async to None, run_after=None
[2023-04-22T01:49:31.191+0800] {processor.py:175} INFO - Processing /home/gerardsho/airflow_env/lib/python3.8/site-packages/airflow/example_dags/example_time_delta_sensor_async.py took 0.061 seconds
[2023-04-22T01:50:10.401+0800] {processor.py:153} INFO - Started process (PID=2833) to work on /home/gerardsho/airflow_env/lib/python3.8/site-packages/airflow/example_dags/example_time_delta_sensor_async.py
[2023-04-22T01:50:10.404+0800] {processor.py:743} INFO - Processing file /home/gerardsho/airflow_env/lib/python3.8/site-packages/airflow/example_dags/example_time_delta_sensor_async.py for tasks to queue
[2023-04-22T01:50:10.404+0800] {logging_mixin.py:137} INFO - [2023-04-22T01:50:10.404+0800] {dagbag.py:532} INFO - Filling up the DagBag from /home/gerardsho/airflow_env/lib/python3.8/site-packages/airflow/example_dags/example_time_delta_sensor_async.py
[2023-04-22T01:50:10.411+0800] {processor.py:753} INFO - DAG(s) dict_keys(['example_time_delta_sensor_async']) retrieved from /home/gerardsho/airflow_env/lib/python3.8/site-packages/airflow/example_dags/example_time_delta_sensor_async.py
[2023-04-22T01:50:10.422+0800] {logging_mixin.py:137} INFO - [2023-04-22T01:50:10.421+0800] {dag.py:2705} INFO - Sync 1 DAGs
[2023-04-22T01:50:10.431+0800] {logging_mixin.py:137} INFO - [2023-04-22T01:50:10.431+0800] {dag.py:3452} INFO - Setting next_dagrun for example_time_delta_sensor_async to None, run_after=None
[2023-04-22T01:50:10.450+0800] {processor.py:175} INFO - Processing /home/gerardsho/airflow_env/lib/python3.8/site-packages/airflow/example_dags/example_time_delta_sensor_async.py took 0.051 seconds
[2023-04-22T01:50:50.497+0800] {processor.py:153} INFO - Started process (PID=2880) to work on /home/gerardsho/airflow_env/lib/python3.8/site-packages/airflow/example_dags/example_time_delta_sensor_async.py
[2023-04-22T01:50:50.498+0800] {processor.py:743} INFO - Processing file /home/gerardsho/airflow_env/lib/python3.8/site-packages/airflow/example_dags/example_time_delta_sensor_async.py for tasks to queue
[2023-04-22T01:50:50.499+0800] {logging_mixin.py:137} INFO - [2023-04-22T01:50:50.499+0800] {dagbag.py:532} INFO - Filling up the DagBag from /home/gerardsho/airflow_env/lib/python3.8/site-packages/airflow/example_dags/example_time_delta_sensor_async.py
[2023-04-22T01:50:50.505+0800] {processor.py:753} INFO - DAG(s) dict_keys(['example_time_delta_sensor_async']) retrieved from /home/gerardsho/airflow_env/lib/python3.8/site-packages/airflow/example_dags/example_time_delta_sensor_async.py
[2023-04-22T01:50:50.516+0800] {logging_mixin.py:137} INFO - [2023-04-22T01:50:50.516+0800] {dag.py:2705} INFO - Sync 1 DAGs
[2023-04-22T01:50:50.526+0800] {logging_mixin.py:137} INFO - [2023-04-22T01:50:50.526+0800] {dag.py:3452} INFO - Setting next_dagrun for example_time_delta_sensor_async to None, run_after=None
[2023-04-22T01:50:50.544+0800] {processor.py:175} INFO - Processing /home/gerardsho/airflow_env/lib/python3.8/site-packages/airflow/example_dags/example_time_delta_sensor_async.py took 0.048 seconds
[2023-04-22T01:51:32.183+0800] {processor.py:153} INFO - Started process (PID=2934) to work on /home/gerardsho/airflow_env/lib/python3.8/site-packages/airflow/example_dags/example_time_delta_sensor_async.py
[2023-04-22T01:51:32.185+0800] {processor.py:743} INFO - Processing file /home/gerardsho/airflow_env/lib/python3.8/site-packages/airflow/example_dags/example_time_delta_sensor_async.py for tasks to queue
[2023-04-22T01:51:32.185+0800] {logging_mixin.py:137} INFO - [2023-04-22T01:51:32.185+0800] {dagbag.py:532} INFO - Filling up the DagBag from /home/gerardsho/airflow_env/lib/python3.8/site-packages/airflow/example_dags/example_time_delta_sensor_async.py
[2023-04-22T01:51:32.192+0800] {processor.py:753} INFO - DAG(s) dict_keys(['example_time_delta_sensor_async']) retrieved from /home/gerardsho/airflow_env/lib/python3.8/site-packages/airflow/example_dags/example_time_delta_sensor_async.py
[2023-04-22T01:51:32.202+0800] {logging_mixin.py:137} INFO - [2023-04-22T01:51:32.202+0800] {dag.py:2705} INFO - Sync 1 DAGs
[2023-04-22T01:51:32.213+0800] {logging_mixin.py:137} INFO - [2023-04-22T01:51:32.213+0800] {dag.py:3452} INFO - Setting next_dagrun for example_time_delta_sensor_async to None, run_after=None
[2023-04-22T01:51:32.229+0800] {processor.py:175} INFO - Processing /home/gerardsho/airflow_env/lib/python3.8/site-packages/airflow/example_dags/example_time_delta_sensor_async.py took 0.048 seconds
[2023-04-22T01:52:14.263+0800] {processor.py:153} INFO - Started process (PID=2984) to work on /home/gerardsho/airflow_env/lib/python3.8/site-packages/airflow/example_dags/example_time_delta_sensor_async.py
[2023-04-22T01:52:14.265+0800] {processor.py:743} INFO - Processing file /home/gerardsho/airflow_env/lib/python3.8/site-packages/airflow/example_dags/example_time_delta_sensor_async.py for tasks to queue
[2023-04-22T01:52:14.265+0800] {logging_mixin.py:137} INFO - [2023-04-22T01:52:14.265+0800] {dagbag.py:532} INFO - Filling up the DagBag from /home/gerardsho/airflow_env/lib/python3.8/site-packages/airflow/example_dags/example_time_delta_sensor_async.py
[2023-04-22T01:52:14.272+0800] {processor.py:753} INFO - DAG(s) dict_keys(['example_time_delta_sensor_async']) retrieved from /home/gerardsho/airflow_env/lib/python3.8/site-packages/airflow/example_dags/example_time_delta_sensor_async.py
[2023-04-22T01:52:14.286+0800] {logging_mixin.py:137} INFO - [2023-04-22T01:52:14.286+0800] {dag.py:2705} INFO - Sync 1 DAGs
[2023-04-22T01:52:14.297+0800] {logging_mixin.py:137} INFO - [2023-04-22T01:52:14.297+0800] {dag.py:3452} INFO - Setting next_dagrun for example_time_delta_sensor_async to None, run_after=None
[2023-04-22T01:52:14.318+0800] {processor.py:175} INFO - Processing /home/gerardsho/airflow_env/lib/python3.8/site-packages/airflow/example_dags/example_time_delta_sensor_async.py took 0.057 seconds
[2023-04-22T01:52:54.917+0800] {processor.py:153} INFO - Started process (PID=3026) to work on /home/gerardsho/airflow_env/lib/python3.8/site-packages/airflow/example_dags/example_time_delta_sensor_async.py
[2023-04-22T01:52:54.920+0800] {processor.py:743} INFO - Processing file /home/gerardsho/airflow_env/lib/python3.8/site-packages/airflow/example_dags/example_time_delta_sensor_async.py for tasks to queue
[2023-04-22T01:52:54.921+0800] {logging_mixin.py:137} INFO - [2023-04-22T01:52:54.921+0800] {dagbag.py:532} INFO - Filling up the DagBag from /home/gerardsho/airflow_env/lib/python3.8/site-packages/airflow/example_dags/example_time_delta_sensor_async.py
[2023-04-22T01:52:54.928+0800] {processor.py:753} INFO - DAG(s) dict_keys(['example_time_delta_sensor_async']) retrieved from /home/gerardsho/airflow_env/lib/python3.8/site-packages/airflow/example_dags/example_time_delta_sensor_async.py
[2023-04-22T01:52:54.940+0800] {logging_mixin.py:137} INFO - [2023-04-22T01:52:54.940+0800] {dag.py:2705} INFO - Sync 1 DAGs
[2023-04-22T01:52:54.955+0800] {logging_mixin.py:137} INFO - [2023-04-22T01:52:54.955+0800] {dag.py:3452} INFO - Setting next_dagrun for example_time_delta_sensor_async to None, run_after=None
[2023-04-22T01:52:54.975+0800] {processor.py:175} INFO - Processing /home/gerardsho/airflow_env/lib/python3.8/site-packages/airflow/example_dags/example_time_delta_sensor_async.py took 0.059 seconds
[2023-04-22T01:53:34.968+0800] {processor.py:153} INFO - Started process (PID=3068) to work on /home/gerardsho/airflow_env/lib/python3.8/site-packages/airflow/example_dags/example_time_delta_sensor_async.py
[2023-04-22T01:53:34.971+0800] {processor.py:743} INFO - Processing file /home/gerardsho/airflow_env/lib/python3.8/site-packages/airflow/example_dags/example_time_delta_sensor_async.py for tasks to queue
[2023-04-22T01:53:34.972+0800] {logging_mixin.py:137} INFO - [2023-04-22T01:53:34.971+0800] {dagbag.py:532} INFO - Filling up the DagBag from /home/gerardsho/airflow_env/lib/python3.8/site-packages/airflow/example_dags/example_time_delta_sensor_async.py
[2023-04-22T01:53:34.979+0800] {processor.py:753} INFO - DAG(s) dict_keys(['example_time_delta_sensor_async']) retrieved from /home/gerardsho/airflow_env/lib/python3.8/site-packages/airflow/example_dags/example_time_delta_sensor_async.py
[2023-04-22T01:53:34.990+0800] {logging_mixin.py:137} INFO - [2023-04-22T01:53:34.990+0800] {dag.py:2705} INFO - Sync 1 DAGs
[2023-04-22T01:53:35.000+0800] {logging_mixin.py:137} INFO - [2023-04-22T01:53:35.000+0800] {dag.py:3452} INFO - Setting next_dagrun for example_time_delta_sensor_async to None, run_after=None
[2023-04-22T01:53:35.019+0800] {processor.py:175} INFO - Processing /home/gerardsho/airflow_env/lib/python3.8/site-packages/airflow/example_dags/example_time_delta_sensor_async.py took 0.053 seconds
[2023-04-22T01:54:14.854+0800] {processor.py:153} INFO - Started process (PID=3110) to work on /home/gerardsho/airflow_env/lib/python3.8/site-packages/airflow/example_dags/example_time_delta_sensor_async.py
[2023-04-22T01:54:14.857+0800] {processor.py:743} INFO - Processing file /home/gerardsho/airflow_env/lib/python3.8/site-packages/airflow/example_dags/example_time_delta_sensor_async.py for tasks to queue
[2023-04-22T01:54:14.857+0800] {logging_mixin.py:137} INFO - [2023-04-22T01:54:14.857+0800] {dagbag.py:532} INFO - Filling up the DagBag from /home/gerardsho/airflow_env/lib/python3.8/site-packages/airflow/example_dags/example_time_delta_sensor_async.py
[2023-04-22T01:54:14.865+0800] {processor.py:753} INFO - DAG(s) dict_keys(['example_time_delta_sensor_async']) retrieved from /home/gerardsho/airflow_env/lib/python3.8/site-packages/airflow/example_dags/example_time_delta_sensor_async.py
[2023-04-22T01:54:14.875+0800] {logging_mixin.py:137} INFO - [2023-04-22T01:54:14.875+0800] {dag.py:2705} INFO - Sync 1 DAGs
[2023-04-22T01:54:14.885+0800] {logging_mixin.py:137} INFO - [2023-04-22T01:54:14.885+0800] {dag.py:3452} INFO - Setting next_dagrun for example_time_delta_sensor_async to None, run_after=None
[2023-04-22T01:54:14.902+0800] {processor.py:175} INFO - Processing /home/gerardsho/airflow_env/lib/python3.8/site-packages/airflow/example_dags/example_time_delta_sensor_async.py took 0.050 seconds
[2023-04-22T01:54:56.030+0800] {processor.py:153} INFO - Started process (PID=3156) to work on /home/gerardsho/airflow_env/lib/python3.8/site-packages/airflow/example_dags/example_time_delta_sensor_async.py
[2023-04-22T01:54:56.033+0800] {processor.py:743} INFO - Processing file /home/gerardsho/airflow_env/lib/python3.8/site-packages/airflow/example_dags/example_time_delta_sensor_async.py for tasks to queue
[2023-04-22T01:54:56.034+0800] {logging_mixin.py:137} INFO - [2023-04-22T01:54:56.034+0800] {dagbag.py:532} INFO - Filling up the DagBag from /home/gerardsho/airflow_env/lib/python3.8/site-packages/airflow/example_dags/example_time_delta_sensor_async.py
[2023-04-22T01:54:56.040+0800] {processor.py:753} INFO - DAG(s) dict_keys(['example_time_delta_sensor_async']) retrieved from /home/gerardsho/airflow_env/lib/python3.8/site-packages/airflow/example_dags/example_time_delta_sensor_async.py
[2023-04-22T01:54:56.053+0800] {logging_mixin.py:137} INFO - [2023-04-22T01:54:56.053+0800] {dag.py:2705} INFO - Sync 1 DAGs
[2023-04-22T01:54:56.066+0800] {logging_mixin.py:137} INFO - [2023-04-22T01:54:56.066+0800] {dag.py:3452} INFO - Setting next_dagrun for example_time_delta_sensor_async to None, run_after=None
[2023-04-22T01:54:56.083+0800] {processor.py:175} INFO - Processing /home/gerardsho/airflow_env/lib/python3.8/site-packages/airflow/example_dags/example_time_delta_sensor_async.py took 0.056 seconds
[2023-04-22T01:55:37.092+0800] {processor.py:153} INFO - Started process (PID=3202) to work on /home/gerardsho/airflow_env/lib/python3.8/site-packages/airflow/example_dags/example_time_delta_sensor_async.py
[2023-04-22T01:55:37.095+0800] {processor.py:743} INFO - Processing file /home/gerardsho/airflow_env/lib/python3.8/site-packages/airflow/example_dags/example_time_delta_sensor_async.py for tasks to queue
[2023-04-22T01:55:37.096+0800] {logging_mixin.py:137} INFO - [2023-04-22T01:55:37.096+0800] {dagbag.py:532} INFO - Filling up the DagBag from /home/gerardsho/airflow_env/lib/python3.8/site-packages/airflow/example_dags/example_time_delta_sensor_async.py
[2023-04-22T01:55:37.102+0800] {processor.py:753} INFO - DAG(s) dict_keys(['example_time_delta_sensor_async']) retrieved from /home/gerardsho/airflow_env/lib/python3.8/site-packages/airflow/example_dags/example_time_delta_sensor_async.py
[2023-04-22T01:55:37.113+0800] {logging_mixin.py:137} INFO - [2023-04-22T01:55:37.113+0800] {dag.py:2705} INFO - Sync 1 DAGs
[2023-04-22T01:55:37.123+0800] {logging_mixin.py:137} INFO - [2023-04-22T01:55:37.123+0800] {dag.py:3452} INFO - Setting next_dagrun for example_time_delta_sensor_async to None, run_after=None
[2023-04-22T01:55:37.143+0800] {processor.py:175} INFO - Processing /home/gerardsho/airflow_env/lib/python3.8/site-packages/airflow/example_dags/example_time_delta_sensor_async.py took 0.054 seconds
[2023-04-22T01:56:18.179+0800] {processor.py:153} INFO - Started process (PID=3247) to work on /home/gerardsho/airflow_env/lib/python3.8/site-packages/airflow/example_dags/example_time_delta_sensor_async.py
[2023-04-22T01:56:18.183+0800] {processor.py:743} INFO - Processing file /home/gerardsho/airflow_env/lib/python3.8/site-packages/airflow/example_dags/example_time_delta_sensor_async.py for tasks to queue
[2023-04-22T01:56:18.184+0800] {logging_mixin.py:137} INFO - [2023-04-22T01:56:18.184+0800] {dagbag.py:532} INFO - Filling up the DagBag from /home/gerardsho/airflow_env/lib/python3.8/site-packages/airflow/example_dags/example_time_delta_sensor_async.py
[2023-04-22T01:56:18.191+0800] {processor.py:753} INFO - DAG(s) dict_keys(['example_time_delta_sensor_async']) retrieved from /home/gerardsho/airflow_env/lib/python3.8/site-packages/airflow/example_dags/example_time_delta_sensor_async.py
[2023-04-22T01:56:18.205+0800] {logging_mixin.py:137} INFO - [2023-04-22T01:56:18.205+0800] {dag.py:2705} INFO - Sync 1 DAGs
[2023-04-22T01:56:18.217+0800] {logging_mixin.py:137} INFO - [2023-04-22T01:56:18.216+0800] {dag.py:3452} INFO - Setting next_dagrun for example_time_delta_sensor_async to None, run_after=None
[2023-04-22T01:56:18.237+0800] {processor.py:175} INFO - Processing /home/gerardsho/airflow_env/lib/python3.8/site-packages/airflow/example_dags/example_time_delta_sensor_async.py took 0.059 seconds
[2023-04-22T01:56:58.684+0800] {processor.py:153} INFO - Started process (PID=3295) to work on /home/gerardsho/airflow_env/lib/python3.8/site-packages/airflow/example_dags/example_time_delta_sensor_async.py
[2023-04-22T01:56:58.687+0800] {processor.py:743} INFO - Processing file /home/gerardsho/airflow_env/lib/python3.8/site-packages/airflow/example_dags/example_time_delta_sensor_async.py for tasks to queue
[2023-04-22T01:56:58.688+0800] {logging_mixin.py:137} INFO - [2023-04-22T01:56:58.688+0800] {dagbag.py:532} INFO - Filling up the DagBag from /home/gerardsho/airflow_env/lib/python3.8/site-packages/airflow/example_dags/example_time_delta_sensor_async.py
[2023-04-22T01:56:58.697+0800] {processor.py:753} INFO - DAG(s) dict_keys(['example_time_delta_sensor_async']) retrieved from /home/gerardsho/airflow_env/lib/python3.8/site-packages/airflow/example_dags/example_time_delta_sensor_async.py
[2023-04-22T01:56:58.709+0800] {logging_mixin.py:137} INFO - [2023-04-22T01:56:58.709+0800] {dag.py:2705} INFO - Sync 1 DAGs
[2023-04-22T01:56:58.725+0800] {logging_mixin.py:137} INFO - [2023-04-22T01:56:58.725+0800] {dag.py:3452} INFO - Setting next_dagrun for example_time_delta_sensor_async to None, run_after=None
[2023-04-22T01:56:58.746+0800] {processor.py:175} INFO - Processing /home/gerardsho/airflow_env/lib/python3.8/site-packages/airflow/example_dags/example_time_delta_sensor_async.py took 0.064 seconds
[2023-04-22T01:57:38.704+0800] {processor.py:153} INFO - Started process (PID=3343) to work on /home/gerardsho/airflow_env/lib/python3.8/site-packages/airflow/example_dags/example_time_delta_sensor_async.py
[2023-04-22T01:57:38.705+0800] {processor.py:743} INFO - Processing file /home/gerardsho/airflow_env/lib/python3.8/site-packages/airflow/example_dags/example_time_delta_sensor_async.py for tasks to queue
[2023-04-22T01:57:38.705+0800] {logging_mixin.py:137} INFO - [2023-04-22T01:57:38.705+0800] {dagbag.py:532} INFO - Filling up the DagBag from /home/gerardsho/airflow_env/lib/python3.8/site-packages/airflow/example_dags/example_time_delta_sensor_async.py
[2023-04-22T01:57:38.715+0800] {processor.py:753} INFO - DAG(s) dict_keys(['example_time_delta_sensor_async']) retrieved from /home/gerardsho/airflow_env/lib/python3.8/site-packages/airflow/example_dags/example_time_delta_sensor_async.py
[2023-04-22T01:57:38.726+0800] {logging_mixin.py:137} INFO - [2023-04-22T01:57:38.726+0800] {dag.py:2705} INFO - Sync 1 DAGs
[2023-04-22T01:57:38.736+0800] {logging_mixin.py:137} INFO - [2023-04-22T01:57:38.736+0800] {dag.py:3452} INFO - Setting next_dagrun for example_time_delta_sensor_async to None, run_after=None
[2023-04-22T01:57:38.754+0800] {processor.py:175} INFO - Processing /home/gerardsho/airflow_env/lib/python3.8/site-packages/airflow/example_dags/example_time_delta_sensor_async.py took 0.052 seconds
[2023-04-22T01:58:18.978+0800] {processor.py:153} INFO - Started process (PID=3389) to work on /home/gerardsho/airflow_env/lib/python3.8/site-packages/airflow/example_dags/example_time_delta_sensor_async.py
[2023-04-22T01:58:18.981+0800] {processor.py:743} INFO - Processing file /home/gerardsho/airflow_env/lib/python3.8/site-packages/airflow/example_dags/example_time_delta_sensor_async.py for tasks to queue
[2023-04-22T01:58:18.981+0800] {logging_mixin.py:137} INFO - [2023-04-22T01:58:18.981+0800] {dagbag.py:532} INFO - Filling up the DagBag from /home/gerardsho/airflow_env/lib/python3.8/site-packages/airflow/example_dags/example_time_delta_sensor_async.py
[2023-04-22T01:58:18.991+0800] {processor.py:753} INFO - DAG(s) dict_keys(['example_time_delta_sensor_async']) retrieved from /home/gerardsho/airflow_env/lib/python3.8/site-packages/airflow/example_dags/example_time_delta_sensor_async.py
[2023-04-22T01:58:19.004+0800] {logging_mixin.py:137} INFO - [2023-04-22T01:58:19.004+0800] {dag.py:2705} INFO - Sync 1 DAGs
[2023-04-22T01:58:19.018+0800] {logging_mixin.py:137} INFO - [2023-04-22T01:58:19.018+0800] {dag.py:3452} INFO - Setting next_dagrun for example_time_delta_sensor_async to None, run_after=None
[2023-04-22T01:58:19.037+0800] {processor.py:175} INFO - Processing /home/gerardsho/airflow_env/lib/python3.8/site-packages/airflow/example_dags/example_time_delta_sensor_async.py took 0.061 seconds
[2023-04-22T01:59:01.203+0800] {processor.py:153} INFO - Started process (PID=3431) to work on /home/gerardsho/airflow_env/lib/python3.8/site-packages/airflow/example_dags/example_time_delta_sensor_async.py
[2023-04-22T01:59:01.205+0800] {processor.py:743} INFO - Processing file /home/gerardsho/airflow_env/lib/python3.8/site-packages/airflow/example_dags/example_time_delta_sensor_async.py for tasks to queue
[2023-04-22T01:59:01.205+0800] {logging_mixin.py:137} INFO - [2023-04-22T01:59:01.205+0800] {dagbag.py:532} INFO - Filling up the DagBag from /home/gerardsho/airflow_env/lib/python3.8/site-packages/airflow/example_dags/example_time_delta_sensor_async.py
[2023-04-22T01:59:01.214+0800] {processor.py:753} INFO - DAG(s) dict_keys(['example_time_delta_sensor_async']) retrieved from /home/gerardsho/airflow_env/lib/python3.8/site-packages/airflow/example_dags/example_time_delta_sensor_async.py
[2023-04-22T01:59:01.230+0800] {logging_mixin.py:137} INFO - [2023-04-22T01:59:01.230+0800] {dag.py:2705} INFO - Sync 1 DAGs
[2023-04-22T01:59:01.248+0800] {logging_mixin.py:137} INFO - [2023-04-22T01:59:01.247+0800] {dag.py:3452} INFO - Setting next_dagrun for example_time_delta_sensor_async to None, run_after=None
[2023-04-22T01:59:01.265+0800] {processor.py:175} INFO - Processing /home/gerardsho/airflow_env/lib/python3.8/site-packages/airflow/example_dags/example_time_delta_sensor_async.py took 0.063 seconds
[2023-04-22T01:59:38.977+0800] {processor.py:153} INFO - Started process (PID=3473) to work on /home/gerardsho/airflow_env/lib/python3.8/site-packages/airflow/example_dags/example_time_delta_sensor_async.py
[2023-04-22T01:59:38.980+0800] {processor.py:743} INFO - Processing file /home/gerardsho/airflow_env/lib/python3.8/site-packages/airflow/example_dags/example_time_delta_sensor_async.py for tasks to queue
[2023-04-22T01:59:38.981+0800] {logging_mixin.py:137} INFO - [2023-04-22T01:59:38.981+0800] {dagbag.py:532} INFO - Filling up the DagBag from /home/gerardsho/airflow_env/lib/python3.8/site-packages/airflow/example_dags/example_time_delta_sensor_async.py
[2023-04-22T01:59:38.990+0800] {processor.py:753} INFO - DAG(s) dict_keys(['example_time_delta_sensor_async']) retrieved from /home/gerardsho/airflow_env/lib/python3.8/site-packages/airflow/example_dags/example_time_delta_sensor_async.py
[2023-04-22T01:59:39.002+0800] {logging_mixin.py:137} INFO - [2023-04-22T01:59:39.002+0800] {dag.py:2705} INFO - Sync 1 DAGs
[2023-04-22T01:59:39.013+0800] {logging_mixin.py:137} INFO - [2023-04-22T01:59:39.013+0800] {dag.py:3452} INFO - Setting next_dagrun for example_time_delta_sensor_async to None, run_after=None
[2023-04-22T01:59:39.030+0800] {processor.py:175} INFO - Processing /home/gerardsho/airflow_env/lib/python3.8/site-packages/airflow/example_dags/example_time_delta_sensor_async.py took 0.056 seconds
[2023-04-22T02:00:55.793+0800] {processor.py:153} INFO - Started process (PID=3530) to work on /home/gerardsho/airflow_env/lib/python3.8/site-packages/airflow/example_dags/example_time_delta_sensor_async.py
[2023-04-22T02:00:55.794+0800] {processor.py:743} INFO - Processing file /home/gerardsho/airflow_env/lib/python3.8/site-packages/airflow/example_dags/example_time_delta_sensor_async.py for tasks to queue
[2023-04-22T02:00:55.795+0800] {logging_mixin.py:137} INFO - [2023-04-22T02:00:55.795+0800] {dagbag.py:532} INFO - Filling up the DagBag from /home/gerardsho/airflow_env/lib/python3.8/site-packages/airflow/example_dags/example_time_delta_sensor_async.py
[2023-04-22T02:00:55.802+0800] {processor.py:753} INFO - DAG(s) dict_keys(['example_time_delta_sensor_async']) retrieved from /home/gerardsho/airflow_env/lib/python3.8/site-packages/airflow/example_dags/example_time_delta_sensor_async.py
[2023-04-22T02:00:55.891+0800] {logging_mixin.py:137} INFO - [2023-04-22T02:00:55.891+0800] {manager.py:504} INFO - Created Permission View: can edit on DAG:example_time_delta_sensor_async
[2023-04-22T02:00:55.910+0800] {logging_mixin.py:137} INFO - [2023-04-22T02:00:55.910+0800] {manager.py:504} INFO - Created Permission View: can delete on DAG:example_time_delta_sensor_async
[2023-04-22T02:00:55.918+0800] {logging_mixin.py:137} INFO - [2023-04-22T02:00:55.918+0800] {manager.py:504} INFO - Created Permission View: can read on DAG:example_time_delta_sensor_async
[2023-04-22T02:00:55.918+0800] {logging_mixin.py:137} INFO - [2023-04-22T02:00:55.918+0800] {dag.py:2705} INFO - Sync 1 DAGs
[2023-04-22T02:00:55.926+0800] {logging_mixin.py:137} INFO - [2023-04-22T02:00:55.926+0800] {dag.py:2726} INFO - Creating ORM DAG for example_time_delta_sensor_async
[2023-04-22T02:00:55.930+0800] {logging_mixin.py:137} INFO - [2023-04-22T02:00:55.930+0800] {dag.py:3452} INFO - Setting next_dagrun for example_time_delta_sensor_async to None, run_after=None
[2023-04-22T02:00:55.947+0800] {processor.py:175} INFO - Processing /home/gerardsho/airflow_env/lib/python3.8/site-packages/airflow/example_dags/example_time_delta_sensor_async.py took 0.156 seconds
[2023-04-22T02:01:36.453+0800] {processor.py:153} INFO - Started process (PID=3580) to work on /home/gerardsho/airflow_env/lib/python3.8/site-packages/airflow/example_dags/example_time_delta_sensor_async.py
[2023-04-22T02:01:36.455+0800] {processor.py:743} INFO - Processing file /home/gerardsho/airflow_env/lib/python3.8/site-packages/airflow/example_dags/example_time_delta_sensor_async.py for tasks to queue
[2023-04-22T02:01:36.456+0800] {logging_mixin.py:137} INFO - [2023-04-22T02:01:36.456+0800] {dagbag.py:532} INFO - Filling up the DagBag from /home/gerardsho/airflow_env/lib/python3.8/site-packages/airflow/example_dags/example_time_delta_sensor_async.py
[2023-04-22T02:01:36.465+0800] {processor.py:753} INFO - DAG(s) dict_keys(['example_time_delta_sensor_async']) retrieved from /home/gerardsho/airflow_env/lib/python3.8/site-packages/airflow/example_dags/example_time_delta_sensor_async.py
[2023-04-22T02:01:36.478+0800] {logging_mixin.py:137} INFO - [2023-04-22T02:01:36.477+0800] {dag.py:2705} INFO - Sync 1 DAGs
[2023-04-22T02:01:36.490+0800] {logging_mixin.py:137} INFO - [2023-04-22T02:01:36.490+0800] {dag.py:3452} INFO - Setting next_dagrun for example_time_delta_sensor_async to None, run_after=None
[2023-04-22T02:01:36.508+0800] {processor.py:175} INFO - Processing /home/gerardsho/airflow_env/lib/python3.8/site-packages/airflow/example_dags/example_time_delta_sensor_async.py took 0.057 seconds
[2023-04-22T02:02:18.827+0800] {processor.py:153} INFO - Started process (PID=3622) to work on /home/gerardsho/airflow_env/lib/python3.8/site-packages/airflow/example_dags/example_time_delta_sensor_async.py
[2023-04-22T02:02:18.830+0800] {processor.py:743} INFO - Processing file /home/gerardsho/airflow_env/lib/python3.8/site-packages/airflow/example_dags/example_time_delta_sensor_async.py for tasks to queue
[2023-04-22T02:02:18.831+0800] {logging_mixin.py:137} INFO - [2023-04-22T02:02:18.831+0800] {dagbag.py:532} INFO - Filling up the DagBag from /home/gerardsho/airflow_env/lib/python3.8/site-packages/airflow/example_dags/example_time_delta_sensor_async.py
[2023-04-22T02:02:18.838+0800] {processor.py:753} INFO - DAG(s) dict_keys(['example_time_delta_sensor_async']) retrieved from /home/gerardsho/airflow_env/lib/python3.8/site-packages/airflow/example_dags/example_time_delta_sensor_async.py
[2023-04-22T02:02:18.850+0800] {logging_mixin.py:137} INFO - [2023-04-22T02:02:18.850+0800] {dag.py:2705} INFO - Sync 1 DAGs
[2023-04-22T02:02:18.861+0800] {logging_mixin.py:137} INFO - [2023-04-22T02:02:18.861+0800] {dag.py:3452} INFO - Setting next_dagrun for example_time_delta_sensor_async to None, run_after=None
[2023-04-22T02:02:18.880+0800] {processor.py:175} INFO - Processing /home/gerardsho/airflow_env/lib/python3.8/site-packages/airflow/example_dags/example_time_delta_sensor_async.py took 0.056 seconds
[2023-04-22T02:02:59.089+0800] {processor.py:153} INFO - Started process (PID=3674) to work on /home/gerardsho/airflow_env/lib/python3.8/site-packages/airflow/example_dags/example_time_delta_sensor_async.py
[2023-04-22T02:02:59.092+0800] {processor.py:743} INFO - Processing file /home/gerardsho/airflow_env/lib/python3.8/site-packages/airflow/example_dags/example_time_delta_sensor_async.py for tasks to queue
[2023-04-22T02:02:59.093+0800] {logging_mixin.py:137} INFO - [2023-04-22T02:02:59.093+0800] {dagbag.py:532} INFO - Filling up the DagBag from /home/gerardsho/airflow_env/lib/python3.8/site-packages/airflow/example_dags/example_time_delta_sensor_async.py
[2023-04-22T02:02:59.102+0800] {processor.py:753} INFO - DAG(s) dict_keys(['example_time_delta_sensor_async']) retrieved from /home/gerardsho/airflow_env/lib/python3.8/site-packages/airflow/example_dags/example_time_delta_sensor_async.py
[2023-04-22T02:02:59.116+0800] {logging_mixin.py:137} INFO - [2023-04-22T02:02:59.116+0800] {dag.py:2705} INFO - Sync 1 DAGs
[2023-04-22T02:02:59.130+0800] {logging_mixin.py:137} INFO - [2023-04-22T02:02:59.130+0800] {dag.py:3452} INFO - Setting next_dagrun for example_time_delta_sensor_async to None, run_after=None
[2023-04-22T02:02:59.151+0800] {processor.py:175} INFO - Processing /home/gerardsho/airflow_env/lib/python3.8/site-packages/airflow/example_dags/example_time_delta_sensor_async.py took 0.064 seconds
[2023-04-22T02:03:40.222+0800] {processor.py:153} INFO - Started process (PID=3724) to work on /home/gerardsho/airflow_env/lib/python3.8/site-packages/airflow/example_dags/example_time_delta_sensor_async.py
[2023-04-22T02:03:40.225+0800] {processor.py:743} INFO - Processing file /home/gerardsho/airflow_env/lib/python3.8/site-packages/airflow/example_dags/example_time_delta_sensor_async.py for tasks to queue
[2023-04-22T02:03:40.226+0800] {logging_mixin.py:137} INFO - [2023-04-22T02:03:40.226+0800] {dagbag.py:532} INFO - Filling up the DagBag from /home/gerardsho/airflow_env/lib/python3.8/site-packages/airflow/example_dags/example_time_delta_sensor_async.py
[2023-04-22T02:03:40.234+0800] {processor.py:753} INFO - DAG(s) dict_keys(['example_time_delta_sensor_async']) retrieved from /home/gerardsho/airflow_env/lib/python3.8/site-packages/airflow/example_dags/example_time_delta_sensor_async.py
[2023-04-22T02:03:40.247+0800] {logging_mixin.py:137} INFO - [2023-04-22T02:03:40.247+0800] {dag.py:2705} INFO - Sync 1 DAGs
[2023-04-22T02:03:40.262+0800] {logging_mixin.py:137} INFO - [2023-04-22T02:03:40.262+0800] {dag.py:3452} INFO - Setting next_dagrun for example_time_delta_sensor_async to None, run_after=None
[2023-04-22T02:03:40.282+0800] {processor.py:175} INFO - Processing /home/gerardsho/airflow_env/lib/python3.8/site-packages/airflow/example_dags/example_time_delta_sensor_async.py took 0.062 seconds
[2023-04-22T02:04:20.778+0800] {processor.py:153} INFO - Started process (PID=3767) to work on /home/gerardsho/airflow_env/lib/python3.8/site-packages/airflow/example_dags/example_time_delta_sensor_async.py
[2023-04-22T02:04:20.781+0800] {processor.py:743} INFO - Processing file /home/gerardsho/airflow_env/lib/python3.8/site-packages/airflow/example_dags/example_time_delta_sensor_async.py for tasks to queue
[2023-04-22T02:04:20.782+0800] {logging_mixin.py:137} INFO - [2023-04-22T02:04:20.782+0800] {dagbag.py:532} INFO - Filling up the DagBag from /home/gerardsho/airflow_env/lib/python3.8/site-packages/airflow/example_dags/example_time_delta_sensor_async.py
[2023-04-22T02:04:20.789+0800] {processor.py:753} INFO - DAG(s) dict_keys(['example_time_delta_sensor_async']) retrieved from /home/gerardsho/airflow_env/lib/python3.8/site-packages/airflow/example_dags/example_time_delta_sensor_async.py
[2023-04-22T02:04:20.802+0800] {logging_mixin.py:137} INFO - [2023-04-22T02:04:20.802+0800] {dag.py:2705} INFO - Sync 1 DAGs
[2023-04-22T02:04:20.813+0800] {logging_mixin.py:137} INFO - [2023-04-22T02:04:20.813+0800] {dag.py:3452} INFO - Setting next_dagrun for example_time_delta_sensor_async to None, run_after=None
[2023-04-22T02:04:20.830+0800] {processor.py:175} INFO - Processing /home/gerardsho/airflow_env/lib/python3.8/site-packages/airflow/example_dags/example_time_delta_sensor_async.py took 0.055 seconds
[2023-04-22T02:05:01.157+0800] {processor.py:153} INFO - Started process (PID=3810) to work on /home/gerardsho/airflow_env/lib/python3.8/site-packages/airflow/example_dags/example_time_delta_sensor_async.py
[2023-04-22T02:05:01.160+0800] {processor.py:743} INFO - Processing file /home/gerardsho/airflow_env/lib/python3.8/site-packages/airflow/example_dags/example_time_delta_sensor_async.py for tasks to queue
[2023-04-22T02:05:01.163+0800] {logging_mixin.py:137} INFO - [2023-04-22T02:05:01.162+0800] {dagbag.py:532} INFO - Filling up the DagBag from /home/gerardsho/airflow_env/lib/python3.8/site-packages/airflow/example_dags/example_time_delta_sensor_async.py
[2023-04-22T02:05:01.181+0800] {processor.py:753} INFO - DAG(s) dict_keys(['example_time_delta_sensor_async']) retrieved from /home/gerardsho/airflow_env/lib/python3.8/site-packages/airflow/example_dags/example_time_delta_sensor_async.py
[2023-04-22T02:05:01.202+0800] {logging_mixin.py:137} INFO - [2023-04-22T02:05:01.202+0800] {dag.py:2705} INFO - Sync 1 DAGs
[2023-04-22T02:05:01.215+0800] {logging_mixin.py:137} INFO - [2023-04-22T02:05:01.215+0800] {dag.py:3452} INFO - Setting next_dagrun for example_time_delta_sensor_async to None, run_after=None
[2023-04-22T02:05:01.233+0800] {processor.py:175} INFO - Processing /home/gerardsho/airflow_env/lib/python3.8/site-packages/airflow/example_dags/example_time_delta_sensor_async.py took 0.081 seconds
