[2023-04-22T01:48:49.927+0800] {processor.py:153} INFO - Started process (PID=2749) to work on /home/gerardsho/airflow_env/lib/python3.8/site-packages/airflow/example_dags/example_branch_datetime_operator.py
[2023-04-22T01:48:49.927+0800] {processor.py:743} INFO - Processing file /home/gerardsho/airflow_env/lib/python3.8/site-packages/airflow/example_dags/example_branch_datetime_operator.py for tasks to queue
[2023-04-22T01:48:49.928+0800] {logging_mixin.py:137} INFO - [2023-04-22T01:48:49.928+0800] {dagbag.py:532} INFO - Filling up the DagBag from /home/gerardsho/airflow_env/lib/python3.8/site-packages/airflow/example_dags/example_branch_datetime_operator.py
[2023-04-22T01:48:49.938+0800] {processor.py:753} INFO - DAG(s) dict_keys(['example_branch_datetime_operator', 'example_branch_datetime_operator_3', 'example_branch_datetime_operator_2']) retrieved from /home/gerardsho/airflow_env/lib/python3.8/site-packages/airflow/example_dags/example_branch_datetime_operator.py
[2023-04-22T01:48:50.014+0800] {logging_mixin.py:137} INFO - [2023-04-22T01:48:50.013+0800] {manager.py:504} INFO - Created Permission View: can edit on DAG:example_branch_datetime_operator
[2023-04-22T01:48:50.023+0800] {logging_mixin.py:137} INFO - [2023-04-22T01:48:50.023+0800] {manager.py:504} INFO - Created Permission View: can delete on DAG:example_branch_datetime_operator
[2023-04-22T01:48:50.032+0800] {logging_mixin.py:137} INFO - [2023-04-22T01:48:50.032+0800] {manager.py:504} INFO - Created Permission View: can read on DAG:example_branch_datetime_operator
[2023-04-22T01:48:50.048+0800] {logging_mixin.py:137} INFO - [2023-04-22T01:48:50.048+0800] {manager.py:504} INFO - Created Permission View: can edit on DAG:example_branch_datetime_operator_3
[2023-04-22T01:48:50.055+0800] {logging_mixin.py:137} INFO - [2023-04-22T01:48:50.055+0800] {manager.py:504} INFO - Created Permission View: can delete on DAG:example_branch_datetime_operator_3
[2023-04-22T01:48:50.062+0800] {logging_mixin.py:137} INFO - [2023-04-22T01:48:50.061+0800] {manager.py:504} INFO - Created Permission View: can read on DAG:example_branch_datetime_operator_3
[2023-04-22T01:48:50.079+0800] {logging_mixin.py:137} INFO - [2023-04-22T01:48:50.079+0800] {manager.py:504} INFO - Created Permission View: can edit on DAG:example_branch_datetime_operator_2
[2023-04-22T01:48:50.086+0800] {logging_mixin.py:137} INFO - [2023-04-22T01:48:50.085+0800] {manager.py:504} INFO - Created Permission View: can delete on DAG:example_branch_datetime_operator_2
[2023-04-22T01:48:50.093+0800] {logging_mixin.py:137} INFO - [2023-04-22T01:48:50.093+0800] {manager.py:504} INFO - Created Permission View: can read on DAG:example_branch_datetime_operator_2
[2023-04-22T01:48:50.093+0800] {logging_mixin.py:137} INFO - [2023-04-22T01:48:50.093+0800] {dag.py:2705} INFO - Sync 3 DAGs
[2023-04-22T01:48:50.100+0800] {logging_mixin.py:137} INFO - [2023-04-22T01:48:50.100+0800] {dag.py:2726} INFO - Creating ORM DAG for example_branch_datetime_operator
[2023-04-22T01:48:50.100+0800] {logging_mixin.py:137} INFO - [2023-04-22T01:48:50.100+0800] {dag.py:2726} INFO - Creating ORM DAG for example_branch_datetime_operator_2
[2023-04-22T01:48:50.101+0800] {logging_mixin.py:137} INFO - [2023-04-22T01:48:50.101+0800] {dag.py:2726} INFO - Creating ORM DAG for example_branch_datetime_operator_3
[2023-04-22T01:48:50.110+0800] {logging_mixin.py:137} INFO - [2023-04-22T01:48:50.110+0800] {dag.py:3452} INFO - Setting next_dagrun for example_branch_datetime_operator to 2023-04-20T00:00:00+00:00, run_after=2023-04-21T00:00:00+00:00
[2023-04-22T01:48:50.112+0800] {logging_mixin.py:137} INFO - [2023-04-22T01:48:50.112+0800] {dag.py:3452} INFO - Setting next_dagrun for example_branch_datetime_operator_2 to 2023-04-20T00:00:00+00:00, run_after=2023-04-21T00:00:00+00:00
[2023-04-22T01:48:50.116+0800] {logging_mixin.py:137} INFO - [2023-04-22T01:48:50.115+0800] {dag.py:3452} INFO - Setting next_dagrun for example_branch_datetime_operator_3 to 2023-04-20T00:00:00+00:00, run_after=2023-04-21T00:00:00+00:00
[2023-04-22T01:48:50.138+0800] {processor.py:175} INFO - Processing /home/gerardsho/airflow_env/lib/python3.8/site-packages/airflow/example_dags/example_branch_datetime_operator.py took 0.213 seconds
[2023-04-22T01:49:33.360+0800] {processor.py:153} INFO - Started process (PID=2792) to work on /home/gerardsho/airflow_env/lib/python3.8/site-packages/airflow/example_dags/example_branch_datetime_operator.py
[2023-04-22T01:49:33.363+0800] {processor.py:743} INFO - Processing file /home/gerardsho/airflow_env/lib/python3.8/site-packages/airflow/example_dags/example_branch_datetime_operator.py for tasks to queue
[2023-04-22T01:49:33.363+0800] {logging_mixin.py:137} INFO - [2023-04-22T01:49:33.363+0800] {dagbag.py:532} INFO - Filling up the DagBag from /home/gerardsho/airflow_env/lib/python3.8/site-packages/airflow/example_dags/example_branch_datetime_operator.py
[2023-04-22T01:49:33.374+0800] {processor.py:753} INFO - DAG(s) dict_keys(['example_branch_datetime_operator_2', 'example_branch_datetime_operator', 'example_branch_datetime_operator_3']) retrieved from /home/gerardsho/airflow_env/lib/python3.8/site-packages/airflow/example_dags/example_branch_datetime_operator.py
[2023-04-22T01:49:33.389+0800] {logging_mixin.py:137} INFO - [2023-04-22T01:49:33.389+0800] {dag.py:2705} INFO - Sync 3 DAGs
[2023-04-22T01:49:33.402+0800] {logging_mixin.py:137} INFO - [2023-04-22T01:49:33.401+0800] {dag.py:3452} INFO - Setting next_dagrun for example_branch_datetime_operator to 2023-04-20T00:00:00+00:00, run_after=2023-04-21T00:00:00+00:00
[2023-04-22T01:49:33.405+0800] {logging_mixin.py:137} INFO - [2023-04-22T01:49:33.405+0800] {dag.py:3452} INFO - Setting next_dagrun for example_branch_datetime_operator_2 to 2023-04-20T00:00:00+00:00, run_after=2023-04-21T00:00:00+00:00
[2023-04-22T01:49:33.407+0800] {logging_mixin.py:137} INFO - [2023-04-22T01:49:33.407+0800] {dag.py:3452} INFO - Setting next_dagrun for example_branch_datetime_operator_3 to 2023-04-20T00:00:00+00:00, run_after=2023-04-21T00:00:00+00:00
[2023-04-22T01:49:33.424+0800] {processor.py:175} INFO - Processing /home/gerardsho/airflow_env/lib/python3.8/site-packages/airflow/example_dags/example_branch_datetime_operator.py took 0.066 seconds
[2023-04-22T01:50:12.665+0800] {processor.py:153} INFO - Started process (PID=2837) to work on /home/gerardsho/airflow_env/lib/python3.8/site-packages/airflow/example_dags/example_branch_datetime_operator.py
[2023-04-22T01:50:12.668+0800] {processor.py:743} INFO - Processing file /home/gerardsho/airflow_env/lib/python3.8/site-packages/airflow/example_dags/example_branch_datetime_operator.py for tasks to queue
[2023-04-22T01:50:12.669+0800] {logging_mixin.py:137} INFO - [2023-04-22T01:50:12.669+0800] {dagbag.py:532} INFO - Filling up the DagBag from /home/gerardsho/airflow_env/lib/python3.8/site-packages/airflow/example_dags/example_branch_datetime_operator.py
[2023-04-22T01:50:12.680+0800] {processor.py:753} INFO - DAG(s) dict_keys(['example_branch_datetime_operator_2', 'example_branch_datetime_operator', 'example_branch_datetime_operator_3']) retrieved from /home/gerardsho/airflow_env/lib/python3.8/site-packages/airflow/example_dags/example_branch_datetime_operator.py
[2023-04-22T01:50:12.696+0800] {logging_mixin.py:137} INFO - [2023-04-22T01:50:12.696+0800] {dag.py:2705} INFO - Sync 3 DAGs
[2023-04-22T01:50:12.708+0800] {logging_mixin.py:137} INFO - [2023-04-22T01:50:12.708+0800] {dag.py:3452} INFO - Setting next_dagrun for example_branch_datetime_operator to 2023-04-20T00:00:00+00:00, run_after=2023-04-21T00:00:00+00:00
[2023-04-22T01:50:12.710+0800] {logging_mixin.py:137} INFO - [2023-04-22T01:50:12.710+0800] {dag.py:3452} INFO - Setting next_dagrun for example_branch_datetime_operator_2 to 2023-04-20T00:00:00+00:00, run_after=2023-04-21T00:00:00+00:00
[2023-04-22T01:50:12.711+0800] {logging_mixin.py:137} INFO - [2023-04-22T01:50:12.711+0800] {dag.py:3452} INFO - Setting next_dagrun for example_branch_datetime_operator_3 to 2023-04-20T00:00:00+00:00, run_after=2023-04-21T00:00:00+00:00
[2023-04-22T01:50:12.728+0800] {processor.py:175} INFO - Processing /home/gerardsho/airflow_env/lib/python3.8/site-packages/airflow/example_dags/example_branch_datetime_operator.py took 0.065 seconds
[2023-04-22T01:50:52.767+0800] {processor.py:153} INFO - Started process (PID=2882) to work on /home/gerardsho/airflow_env/lib/python3.8/site-packages/airflow/example_dags/example_branch_datetime_operator.py
[2023-04-22T01:50:52.771+0800] {processor.py:743} INFO - Processing file /home/gerardsho/airflow_env/lib/python3.8/site-packages/airflow/example_dags/example_branch_datetime_operator.py for tasks to queue
[2023-04-22T01:50:52.771+0800] {logging_mixin.py:137} INFO - [2023-04-22T01:50:52.771+0800] {dagbag.py:532} INFO - Filling up the DagBag from /home/gerardsho/airflow_env/lib/python3.8/site-packages/airflow/example_dags/example_branch_datetime_operator.py
[2023-04-22T01:50:52.781+0800] {processor.py:753} INFO - DAG(s) dict_keys(['example_branch_datetime_operator_3', 'example_branch_datetime_operator', 'example_branch_datetime_operator_2']) retrieved from /home/gerardsho/airflow_env/lib/python3.8/site-packages/airflow/example_dags/example_branch_datetime_operator.py
[2023-04-22T01:50:52.796+0800] {logging_mixin.py:137} INFO - [2023-04-22T01:50:52.796+0800] {dag.py:2705} INFO - Sync 3 DAGs
[2023-04-22T01:50:52.808+0800] {logging_mixin.py:137} INFO - [2023-04-22T01:50:52.808+0800] {dag.py:3452} INFO - Setting next_dagrun for example_branch_datetime_operator to 2023-04-20T00:00:00+00:00, run_after=2023-04-21T00:00:00+00:00
[2023-04-22T01:50:52.811+0800] {logging_mixin.py:137} INFO - [2023-04-22T01:50:52.811+0800] {dag.py:3452} INFO - Setting next_dagrun for example_branch_datetime_operator_2 to 2023-04-20T00:00:00+00:00, run_after=2023-04-21T00:00:00+00:00
[2023-04-22T01:50:52.812+0800] {logging_mixin.py:137} INFO - [2023-04-22T01:50:52.812+0800] {dag.py:3452} INFO - Setting next_dagrun for example_branch_datetime_operator_3 to 2023-04-20T00:00:00+00:00, run_after=2023-04-21T00:00:00+00:00
[2023-04-22T01:50:52.828+0800] {processor.py:175} INFO - Processing /home/gerardsho/airflow_env/lib/python3.8/site-packages/airflow/example_dags/example_branch_datetime_operator.py took 0.063 seconds
[2023-04-22T01:51:34.452+0800] {processor.py:153} INFO - Started process (PID=2936) to work on /home/gerardsho/airflow_env/lib/python3.8/site-packages/airflow/example_dags/example_branch_datetime_operator.py
[2023-04-22T01:51:34.455+0800] {processor.py:743} INFO - Processing file /home/gerardsho/airflow_env/lib/python3.8/site-packages/airflow/example_dags/example_branch_datetime_operator.py for tasks to queue
[2023-04-22T01:51:34.456+0800] {logging_mixin.py:137} INFO - [2023-04-22T01:51:34.456+0800] {dagbag.py:532} INFO - Filling up the DagBag from /home/gerardsho/airflow_env/lib/python3.8/site-packages/airflow/example_dags/example_branch_datetime_operator.py
[2023-04-22T01:51:34.466+0800] {processor.py:753} INFO - DAG(s) dict_keys(['example_branch_datetime_operator_3', 'example_branch_datetime_operator', 'example_branch_datetime_operator_2']) retrieved from /home/gerardsho/airflow_env/lib/python3.8/site-packages/airflow/example_dags/example_branch_datetime_operator.py
[2023-04-22T01:51:34.481+0800] {logging_mixin.py:137} INFO - [2023-04-22T01:51:34.481+0800] {dag.py:2705} INFO - Sync 3 DAGs
[2023-04-22T01:51:34.494+0800] {logging_mixin.py:137} INFO - [2023-04-22T01:51:34.494+0800] {dag.py:3452} INFO - Setting next_dagrun for example_branch_datetime_operator to 2023-04-20T00:00:00+00:00, run_after=2023-04-21T00:00:00+00:00
[2023-04-22T01:51:34.496+0800] {logging_mixin.py:137} INFO - [2023-04-22T01:51:34.496+0800] {dag.py:3452} INFO - Setting next_dagrun for example_branch_datetime_operator_2 to 2023-04-20T00:00:00+00:00, run_after=2023-04-21T00:00:00+00:00
[2023-04-22T01:51:34.497+0800] {logging_mixin.py:137} INFO - [2023-04-22T01:51:34.497+0800] {dag.py:3452} INFO - Setting next_dagrun for example_branch_datetime_operator_3 to 2023-04-20T00:00:00+00:00, run_after=2023-04-21T00:00:00+00:00
[2023-04-22T01:51:34.512+0800] {processor.py:175} INFO - Processing /home/gerardsho/airflow_env/lib/python3.8/site-packages/airflow/example_dags/example_branch_datetime_operator.py took 0.063 seconds
[2023-04-22T01:52:16.451+0800] {processor.py:153} INFO - Started process (PID=2986) to work on /home/gerardsho/airflow_env/lib/python3.8/site-packages/airflow/example_dags/example_branch_datetime_operator.py
[2023-04-22T01:52:16.454+0800] {processor.py:743} INFO - Processing file /home/gerardsho/airflow_env/lib/python3.8/site-packages/airflow/example_dags/example_branch_datetime_operator.py for tasks to queue
[2023-04-22T01:52:16.455+0800] {logging_mixin.py:137} INFO - [2023-04-22T01:52:16.455+0800] {dagbag.py:532} INFO - Filling up the DagBag from /home/gerardsho/airflow_env/lib/python3.8/site-packages/airflow/example_dags/example_branch_datetime_operator.py
[2023-04-22T01:52:16.465+0800] {processor.py:753} INFO - DAG(s) dict_keys(['example_branch_datetime_operator_2', 'example_branch_datetime_operator_3', 'example_branch_datetime_operator']) retrieved from /home/gerardsho/airflow_env/lib/python3.8/site-packages/airflow/example_dags/example_branch_datetime_operator.py
[2023-04-22T01:52:16.490+0800] {logging_mixin.py:137} INFO - [2023-04-22T01:52:16.490+0800] {dag.py:2705} INFO - Sync 3 DAGs
[2023-04-22T01:52:16.506+0800] {logging_mixin.py:137} INFO - [2023-04-22T01:52:16.506+0800] {dag.py:3452} INFO - Setting next_dagrun for example_branch_datetime_operator to 2023-04-20T00:00:00+00:00, run_after=2023-04-21T00:00:00+00:00
[2023-04-22T01:52:16.508+0800] {logging_mixin.py:137} INFO - [2023-04-22T01:52:16.508+0800] {dag.py:3452} INFO - Setting next_dagrun for example_branch_datetime_operator_2 to 2023-04-20T00:00:00+00:00, run_after=2023-04-21T00:00:00+00:00
[2023-04-22T01:52:16.509+0800] {logging_mixin.py:137} INFO - [2023-04-22T01:52:16.509+0800] {dag.py:3452} INFO - Setting next_dagrun for example_branch_datetime_operator_3 to 2023-04-20T00:00:00+00:00, run_after=2023-04-21T00:00:00+00:00
[2023-04-22T01:52:16.528+0800] {processor.py:175} INFO - Processing /home/gerardsho/airflow_env/lib/python3.8/site-packages/airflow/example_dags/example_branch_datetime_operator.py took 0.080 seconds
[2023-04-22T01:52:57.183+0800] {processor.py:153} INFO - Started process (PID=3028) to work on /home/gerardsho/airflow_env/lib/python3.8/site-packages/airflow/example_dags/example_branch_datetime_operator.py
[2023-04-22T01:52:57.186+0800] {processor.py:743} INFO - Processing file /home/gerardsho/airflow_env/lib/python3.8/site-packages/airflow/example_dags/example_branch_datetime_operator.py for tasks to queue
[2023-04-22T01:52:57.186+0800] {logging_mixin.py:137} INFO - [2023-04-22T01:52:57.186+0800] {dagbag.py:532} INFO - Filling up the DagBag from /home/gerardsho/airflow_env/lib/python3.8/site-packages/airflow/example_dags/example_branch_datetime_operator.py
[2023-04-22T01:52:57.199+0800] {processor.py:753} INFO - DAG(s) dict_keys(['example_branch_datetime_operator', 'example_branch_datetime_operator_3', 'example_branch_datetime_operator_2']) retrieved from /home/gerardsho/airflow_env/lib/python3.8/site-packages/airflow/example_dags/example_branch_datetime_operator.py
[2023-04-22T01:52:57.225+0800] {logging_mixin.py:137} INFO - [2023-04-22T01:52:57.224+0800] {dag.py:2705} INFO - Sync 3 DAGs
[2023-04-22T01:52:57.246+0800] {logging_mixin.py:137} INFO - [2023-04-22T01:52:57.245+0800] {dag.py:3452} INFO - Setting next_dagrun for example_branch_datetime_operator to 2023-04-20T00:00:00+00:00, run_after=2023-04-21T00:00:00+00:00
[2023-04-22T01:52:57.249+0800] {logging_mixin.py:137} INFO - [2023-04-22T01:52:57.249+0800] {dag.py:3452} INFO - Setting next_dagrun for example_branch_datetime_operator_2 to 2023-04-20T00:00:00+00:00, run_after=2023-04-21T00:00:00+00:00
[2023-04-22T01:52:57.251+0800] {logging_mixin.py:137} INFO - [2023-04-22T01:52:57.251+0800] {dag.py:3452} INFO - Setting next_dagrun for example_branch_datetime_operator_3 to 2023-04-20T00:00:00+00:00, run_after=2023-04-21T00:00:00+00:00
[2023-04-22T01:52:57.270+0800] {processor.py:175} INFO - Processing /home/gerardsho/airflow_env/lib/python3.8/site-packages/airflow/example_dags/example_branch_datetime_operator.py took 0.089 seconds
[2023-04-22T01:53:37.245+0800] {processor.py:153} INFO - Started process (PID=3070) to work on /home/gerardsho/airflow_env/lib/python3.8/site-packages/airflow/example_dags/example_branch_datetime_operator.py
[2023-04-22T01:53:37.248+0800] {processor.py:743} INFO - Processing file /home/gerardsho/airflow_env/lib/python3.8/site-packages/airflow/example_dags/example_branch_datetime_operator.py for tasks to queue
[2023-04-22T01:53:37.249+0800] {logging_mixin.py:137} INFO - [2023-04-22T01:53:37.249+0800] {dagbag.py:532} INFO - Filling up the DagBag from /home/gerardsho/airflow_env/lib/python3.8/site-packages/airflow/example_dags/example_branch_datetime_operator.py
[2023-04-22T01:53:37.258+0800] {processor.py:753} INFO - DAG(s) dict_keys(['example_branch_datetime_operator_2', 'example_branch_datetime_operator_3', 'example_branch_datetime_operator']) retrieved from /home/gerardsho/airflow_env/lib/python3.8/site-packages/airflow/example_dags/example_branch_datetime_operator.py
[2023-04-22T01:53:37.272+0800] {logging_mixin.py:137} INFO - [2023-04-22T01:53:37.272+0800] {dag.py:2705} INFO - Sync 3 DAGs
[2023-04-22T01:53:37.285+0800] {logging_mixin.py:137} INFO - [2023-04-22T01:53:37.285+0800] {dag.py:3452} INFO - Setting next_dagrun for example_branch_datetime_operator to 2023-04-20T00:00:00+00:00, run_after=2023-04-21T00:00:00+00:00
[2023-04-22T01:53:37.287+0800] {logging_mixin.py:137} INFO - [2023-04-22T01:53:37.287+0800] {dag.py:3452} INFO - Setting next_dagrun for example_branch_datetime_operator_2 to 2023-04-20T00:00:00+00:00, run_after=2023-04-21T00:00:00+00:00
[2023-04-22T01:53:37.289+0800] {logging_mixin.py:137} INFO - [2023-04-22T01:53:37.289+0800] {dag.py:3452} INFO - Setting next_dagrun for example_branch_datetime_operator_3 to 2023-04-20T00:00:00+00:00, run_after=2023-04-21T00:00:00+00:00
[2023-04-22T01:53:37.305+0800] {processor.py:175} INFO - Processing /home/gerardsho/airflow_env/lib/python3.8/site-packages/airflow/example_dags/example_branch_datetime_operator.py took 0.063 seconds
[2023-04-22T01:54:17.147+0800] {processor.py:153} INFO - Started process (PID=3112) to work on /home/gerardsho/airflow_env/lib/python3.8/site-packages/airflow/example_dags/example_branch_datetime_operator.py
[2023-04-22T01:54:17.150+0800] {processor.py:743} INFO - Processing file /home/gerardsho/airflow_env/lib/python3.8/site-packages/airflow/example_dags/example_branch_datetime_operator.py for tasks to queue
[2023-04-22T01:54:17.151+0800] {logging_mixin.py:137} INFO - [2023-04-22T01:54:17.151+0800] {dagbag.py:532} INFO - Filling up the DagBag from /home/gerardsho/airflow_env/lib/python3.8/site-packages/airflow/example_dags/example_branch_datetime_operator.py
[2023-04-22T01:54:17.160+0800] {processor.py:753} INFO - DAG(s) dict_keys(['example_branch_datetime_operator_3', 'example_branch_datetime_operator_2', 'example_branch_datetime_operator']) retrieved from /home/gerardsho/airflow_env/lib/python3.8/site-packages/airflow/example_dags/example_branch_datetime_operator.py
[2023-04-22T01:54:17.174+0800] {logging_mixin.py:137} INFO - [2023-04-22T01:54:17.174+0800] {dag.py:2705} INFO - Sync 3 DAGs
[2023-04-22T01:54:17.185+0800] {logging_mixin.py:137} INFO - [2023-04-22T01:54:17.185+0800] {dag.py:3452} INFO - Setting next_dagrun for example_branch_datetime_operator to 2023-04-20T00:00:00+00:00, run_after=2023-04-21T00:00:00+00:00
[2023-04-22T01:54:17.188+0800] {logging_mixin.py:137} INFO - [2023-04-22T01:54:17.188+0800] {dag.py:3452} INFO - Setting next_dagrun for example_branch_datetime_operator_2 to 2023-04-20T00:00:00+00:00, run_after=2023-04-21T00:00:00+00:00
[2023-04-22T01:54:17.189+0800] {logging_mixin.py:137} INFO - [2023-04-22T01:54:17.189+0800] {dag.py:3452} INFO - Setting next_dagrun for example_branch_datetime_operator_3 to 2023-04-20T00:00:00+00:00, run_after=2023-04-21T00:00:00+00:00
[2023-04-22T01:54:17.205+0800] {processor.py:175} INFO - Processing /home/gerardsho/airflow_env/lib/python3.8/site-packages/airflow/example_dags/example_branch_datetime_operator.py took 0.060 seconds
[2023-04-22T01:54:58.316+0800] {processor.py:153} INFO - Started process (PID=3158) to work on /home/gerardsho/airflow_env/lib/python3.8/site-packages/airflow/example_dags/example_branch_datetime_operator.py
[2023-04-22T01:54:58.319+0800] {processor.py:743} INFO - Processing file /home/gerardsho/airflow_env/lib/python3.8/site-packages/airflow/example_dags/example_branch_datetime_operator.py for tasks to queue
[2023-04-22T01:54:58.320+0800] {logging_mixin.py:137} INFO - [2023-04-22T01:54:58.320+0800] {dagbag.py:532} INFO - Filling up the DagBag from /home/gerardsho/airflow_env/lib/python3.8/site-packages/airflow/example_dags/example_branch_datetime_operator.py
[2023-04-22T01:54:58.330+0800] {processor.py:753} INFO - DAG(s) dict_keys(['example_branch_datetime_operator', 'example_branch_datetime_operator_2', 'example_branch_datetime_operator_3']) retrieved from /home/gerardsho/airflow_env/lib/python3.8/site-packages/airflow/example_dags/example_branch_datetime_operator.py
[2023-04-22T01:54:58.344+0800] {logging_mixin.py:137} INFO - [2023-04-22T01:54:58.344+0800] {dag.py:2705} INFO - Sync 3 DAGs
[2023-04-22T01:54:58.359+0800] {logging_mixin.py:137} INFO - [2023-04-22T01:54:58.359+0800] {dag.py:3452} INFO - Setting next_dagrun for example_branch_datetime_operator to 2023-04-20T00:00:00+00:00, run_after=2023-04-21T00:00:00+00:00
[2023-04-22T01:54:58.362+0800] {logging_mixin.py:137} INFO - [2023-04-22T01:54:58.361+0800] {dag.py:3452} INFO - Setting next_dagrun for example_branch_datetime_operator_2 to 2023-04-20T00:00:00+00:00, run_after=2023-04-21T00:00:00+00:00
[2023-04-22T01:54:58.363+0800] {logging_mixin.py:137} INFO - [2023-04-22T01:54:58.363+0800] {dag.py:3452} INFO - Setting next_dagrun for example_branch_datetime_operator_3 to 2023-04-20T00:00:00+00:00, run_after=2023-04-21T00:00:00+00:00
[2023-04-22T01:54:58.381+0800] {processor.py:175} INFO - Processing /home/gerardsho/airflow_env/lib/python3.8/site-packages/airflow/example_dags/example_branch_datetime_operator.py took 0.067 seconds
[2023-04-22T01:55:39.376+0800] {processor.py:153} INFO - Started process (PID=3204) to work on /home/gerardsho/airflow_env/lib/python3.8/site-packages/airflow/example_dags/example_branch_datetime_operator.py
[2023-04-22T01:55:39.380+0800] {processor.py:743} INFO - Processing file /home/gerardsho/airflow_env/lib/python3.8/site-packages/airflow/example_dags/example_branch_datetime_operator.py for tasks to queue
[2023-04-22T01:55:39.380+0800] {logging_mixin.py:137} INFO - [2023-04-22T01:55:39.380+0800] {dagbag.py:532} INFO - Filling up the DagBag from /home/gerardsho/airflow_env/lib/python3.8/site-packages/airflow/example_dags/example_branch_datetime_operator.py
[2023-04-22T01:55:39.391+0800] {processor.py:753} INFO - DAG(s) dict_keys(['example_branch_datetime_operator_2', 'example_branch_datetime_operator', 'example_branch_datetime_operator_3']) retrieved from /home/gerardsho/airflow_env/lib/python3.8/site-packages/airflow/example_dags/example_branch_datetime_operator.py
[2023-04-22T01:55:39.408+0800] {logging_mixin.py:137} INFO - [2023-04-22T01:55:39.408+0800] {dag.py:2705} INFO - Sync 3 DAGs
[2023-04-22T01:55:39.422+0800] {logging_mixin.py:137} INFO - [2023-04-22T01:55:39.422+0800] {dag.py:3452} INFO - Setting next_dagrun for example_branch_datetime_operator to 2023-04-20T00:00:00+00:00, run_after=2023-04-21T00:00:00+00:00
[2023-04-22T01:55:39.426+0800] {logging_mixin.py:137} INFO - [2023-04-22T01:55:39.426+0800] {dag.py:3452} INFO - Setting next_dagrun for example_branch_datetime_operator_2 to 2023-04-20T00:00:00+00:00, run_after=2023-04-21T00:00:00+00:00
[2023-04-22T01:55:39.427+0800] {logging_mixin.py:137} INFO - [2023-04-22T01:55:39.427+0800] {dag.py:3452} INFO - Setting next_dagrun for example_branch_datetime_operator_3 to 2023-04-20T00:00:00+00:00, run_after=2023-04-21T00:00:00+00:00
[2023-04-22T01:55:39.444+0800] {processor.py:175} INFO - Processing /home/gerardsho/airflow_env/lib/python3.8/site-packages/airflow/example_dags/example_branch_datetime_operator.py took 0.070 seconds
[2023-04-22T01:56:19.626+0800] {processor.py:153} INFO - Started process (PID=3249) to work on /home/gerardsho/airflow_env/lib/python3.8/site-packages/airflow/example_dags/example_branch_datetime_operator.py
[2023-04-22T01:56:19.629+0800] {processor.py:743} INFO - Processing file /home/gerardsho/airflow_env/lib/python3.8/site-packages/airflow/example_dags/example_branch_datetime_operator.py for tasks to queue
[2023-04-22T01:56:19.629+0800] {logging_mixin.py:137} INFO - [2023-04-22T01:56:19.629+0800] {dagbag.py:532} INFO - Filling up the DagBag from /home/gerardsho/airflow_env/lib/python3.8/site-packages/airflow/example_dags/example_branch_datetime_operator.py
[2023-04-22T01:56:19.639+0800] {processor.py:753} INFO - DAG(s) dict_keys(['example_branch_datetime_operator_3', 'example_branch_datetime_operator', 'example_branch_datetime_operator_2']) retrieved from /home/gerardsho/airflow_env/lib/python3.8/site-packages/airflow/example_dags/example_branch_datetime_operator.py
[2023-04-22T01:56:19.653+0800] {logging_mixin.py:137} INFO - [2023-04-22T01:56:19.653+0800] {dag.py:2705} INFO - Sync 3 DAGs
[2023-04-22T01:56:19.664+0800] {logging_mixin.py:137} INFO - [2023-04-22T01:56:19.664+0800] {dag.py:3452} INFO - Setting next_dagrun for example_branch_datetime_operator to 2023-04-20T00:00:00+00:00, run_after=2023-04-21T00:00:00+00:00
[2023-04-22T01:56:19.666+0800] {logging_mixin.py:137} INFO - [2023-04-22T01:56:19.666+0800] {dag.py:3452} INFO - Setting next_dagrun for example_branch_datetime_operator_2 to 2023-04-20T00:00:00+00:00, run_after=2023-04-21T00:00:00+00:00
[2023-04-22T01:56:19.667+0800] {logging_mixin.py:137} INFO - [2023-04-22T01:56:19.667+0800] {dag.py:3452} INFO - Setting next_dagrun for example_branch_datetime_operator_3 to 2023-04-20T00:00:00+00:00, run_after=2023-04-21T00:00:00+00:00
[2023-04-22T01:56:19.684+0800] {processor.py:175} INFO - Processing /home/gerardsho/airflow_env/lib/python3.8/site-packages/airflow/example_dags/example_branch_datetime_operator.py took 0.061 seconds
[2023-04-22T01:57:00.428+0800] {processor.py:153} INFO - Started process (PID=3297) to work on /home/gerardsho/airflow_env/lib/python3.8/site-packages/airflow/example_dags/example_branch_datetime_operator.py
[2023-04-22T01:57:00.431+0800] {processor.py:743} INFO - Processing file /home/gerardsho/airflow_env/lib/python3.8/site-packages/airflow/example_dags/example_branch_datetime_operator.py for tasks to queue
[2023-04-22T01:57:00.432+0800] {logging_mixin.py:137} INFO - [2023-04-22T01:57:00.432+0800] {dagbag.py:532} INFO - Filling up the DagBag from /home/gerardsho/airflow_env/lib/python3.8/site-packages/airflow/example_dags/example_branch_datetime_operator.py
[2023-04-22T01:57:00.442+0800] {processor.py:753} INFO - DAG(s) dict_keys(['example_branch_datetime_operator', 'example_branch_datetime_operator_2', 'example_branch_datetime_operator_3']) retrieved from /home/gerardsho/airflow_env/lib/python3.8/site-packages/airflow/example_dags/example_branch_datetime_operator.py
[2023-04-22T01:57:00.459+0800] {logging_mixin.py:137} INFO - [2023-04-22T01:57:00.459+0800] {dag.py:2705} INFO - Sync 3 DAGs
[2023-04-22T01:57:00.478+0800] {logging_mixin.py:137} INFO - [2023-04-22T01:57:00.477+0800] {dag.py:3452} INFO - Setting next_dagrun for example_branch_datetime_operator to 2023-04-20T00:00:00+00:00, run_after=2023-04-21T00:00:00+00:00
[2023-04-22T01:57:00.481+0800] {logging_mixin.py:137} INFO - [2023-04-22T01:57:00.481+0800] {dag.py:3452} INFO - Setting next_dagrun for example_branch_datetime_operator_2 to 2023-04-20T00:00:00+00:00, run_after=2023-04-21T00:00:00+00:00
[2023-04-22T01:57:00.483+0800] {logging_mixin.py:137} INFO - [2023-04-22T01:57:00.483+0800] {dag.py:3452} INFO - Setting next_dagrun for example_branch_datetime_operator_3 to 2023-04-20T00:00:00+00:00, run_after=2023-04-21T00:00:00+00:00
[2023-04-22T01:57:00.500+0800] {processor.py:175} INFO - Processing /home/gerardsho/airflow_env/lib/python3.8/site-packages/airflow/example_dags/example_branch_datetime_operator.py took 0.074 seconds
[2023-04-22T01:57:40.435+0800] {processor.py:153} INFO - Started process (PID=3345) to work on /home/gerardsho/airflow_env/lib/python3.8/site-packages/airflow/example_dags/example_branch_datetime_operator.py
[2023-04-22T01:57:40.439+0800] {processor.py:743} INFO - Processing file /home/gerardsho/airflow_env/lib/python3.8/site-packages/airflow/example_dags/example_branch_datetime_operator.py for tasks to queue
[2023-04-22T01:57:40.439+0800] {logging_mixin.py:137} INFO - [2023-04-22T01:57:40.439+0800] {dagbag.py:532} INFO - Filling up the DagBag from /home/gerardsho/airflow_env/lib/python3.8/site-packages/airflow/example_dags/example_branch_datetime_operator.py
[2023-04-22T01:57:40.449+0800] {processor.py:753} INFO - DAG(s) dict_keys(['example_branch_datetime_operator_3', 'example_branch_datetime_operator', 'example_branch_datetime_operator_2']) retrieved from /home/gerardsho/airflow_env/lib/python3.8/site-packages/airflow/example_dags/example_branch_datetime_operator.py
[2023-04-22T01:57:40.465+0800] {logging_mixin.py:137} INFO - [2023-04-22T01:57:40.465+0800] {dag.py:2705} INFO - Sync 3 DAGs
[2023-04-22T01:57:40.481+0800] {logging_mixin.py:137} INFO - [2023-04-22T01:57:40.481+0800] {dag.py:3452} INFO - Setting next_dagrun for example_branch_datetime_operator to 2023-04-20T00:00:00+00:00, run_after=2023-04-21T00:00:00+00:00
[2023-04-22T01:57:40.484+0800] {logging_mixin.py:137} INFO - [2023-04-22T01:57:40.484+0800] {dag.py:3452} INFO - Setting next_dagrun for example_branch_datetime_operator_2 to 2023-04-20T00:00:00+00:00, run_after=2023-04-21T00:00:00+00:00
[2023-04-22T01:57:40.486+0800] {logging_mixin.py:137} INFO - [2023-04-22T01:57:40.486+0800] {dag.py:3452} INFO - Setting next_dagrun for example_branch_datetime_operator_3 to 2023-04-20T00:00:00+00:00, run_after=2023-04-21T00:00:00+00:00
[2023-04-22T01:57:40.503+0800] {processor.py:175} INFO - Processing /home/gerardsho/airflow_env/lib/python3.8/site-packages/airflow/example_dags/example_branch_datetime_operator.py took 0.069 seconds
[2023-04-22T01:58:20.814+0800] {processor.py:153} INFO - Started process (PID=3391) to work on /home/gerardsho/airflow_env/lib/python3.8/site-packages/airflow/example_dags/example_branch_datetime_operator.py
[2023-04-22T01:58:20.818+0800] {processor.py:743} INFO - Processing file /home/gerardsho/airflow_env/lib/python3.8/site-packages/airflow/example_dags/example_branch_datetime_operator.py for tasks to queue
[2023-04-22T01:58:20.818+0800] {logging_mixin.py:137} INFO - [2023-04-22T01:58:20.818+0800] {dagbag.py:532} INFO - Filling up the DagBag from /home/gerardsho/airflow_env/lib/python3.8/site-packages/airflow/example_dags/example_branch_datetime_operator.py
[2023-04-22T01:58:20.828+0800] {processor.py:753} INFO - DAG(s) dict_keys(['example_branch_datetime_operator_2', 'example_branch_datetime_operator', 'example_branch_datetime_operator_3']) retrieved from /home/gerardsho/airflow_env/lib/python3.8/site-packages/airflow/example_dags/example_branch_datetime_operator.py
[2023-04-22T01:58:20.849+0800] {logging_mixin.py:137} INFO - [2023-04-22T01:58:20.849+0800] {dag.py:2705} INFO - Sync 3 DAGs
[2023-04-22T01:58:20.892+0800] {logging_mixin.py:137} INFO - [2023-04-22T01:58:20.892+0800] {dag.py:3452} INFO - Setting next_dagrun for example_branch_datetime_operator to 2023-04-20T00:00:00+00:00, run_after=2023-04-21T00:00:00+00:00
[2023-04-22T01:58:20.897+0800] {logging_mixin.py:137} INFO - [2023-04-22T01:58:20.897+0800] {dag.py:3452} INFO - Setting next_dagrun for example_branch_datetime_operator_2 to 2023-04-20T00:00:00+00:00, run_after=2023-04-21T00:00:00+00:00
[2023-04-22T01:58:20.899+0800] {logging_mixin.py:137} INFO - [2023-04-22T01:58:20.899+0800] {dag.py:3452} INFO - Setting next_dagrun for example_branch_datetime_operator_3 to 2023-04-20T00:00:00+00:00, run_after=2023-04-21T00:00:00+00:00
[2023-04-22T01:58:20.926+0800] {processor.py:175} INFO - Processing /home/gerardsho/airflow_env/lib/python3.8/site-packages/airflow/example_dags/example_branch_datetime_operator.py took 0.113 seconds
[2023-04-22T01:59:02.938+0800] {processor.py:153} INFO - Started process (PID=3433) to work on /home/gerardsho/airflow_env/lib/python3.8/site-packages/airflow/example_dags/example_branch_datetime_operator.py
[2023-04-22T01:59:02.941+0800] {processor.py:743} INFO - Processing file /home/gerardsho/airflow_env/lib/python3.8/site-packages/airflow/example_dags/example_branch_datetime_operator.py for tasks to queue
[2023-04-22T01:59:02.941+0800] {logging_mixin.py:137} INFO - [2023-04-22T01:59:02.941+0800] {dagbag.py:532} INFO - Filling up the DagBag from /home/gerardsho/airflow_env/lib/python3.8/site-packages/airflow/example_dags/example_branch_datetime_operator.py
[2023-04-22T01:59:02.953+0800] {processor.py:753} INFO - DAG(s) dict_keys(['example_branch_datetime_operator_3', 'example_branch_datetime_operator', 'example_branch_datetime_operator_2']) retrieved from /home/gerardsho/airflow_env/lib/python3.8/site-packages/airflow/example_dags/example_branch_datetime_operator.py
[2023-04-22T01:59:02.971+0800] {logging_mixin.py:137} INFO - [2023-04-22T01:59:02.971+0800] {dag.py:2705} INFO - Sync 3 DAGs
[2023-04-22T01:59:02.988+0800] {logging_mixin.py:137} INFO - [2023-04-22T01:59:02.988+0800] {dag.py:3452} INFO - Setting next_dagrun for example_branch_datetime_operator to 2023-04-20T00:00:00+00:00, run_after=2023-04-21T00:00:00+00:00
[2023-04-22T01:59:02.991+0800] {logging_mixin.py:137} INFO - [2023-04-22T01:59:02.991+0800] {dag.py:3452} INFO - Setting next_dagrun for example_branch_datetime_operator_2 to 2023-04-20T00:00:00+00:00, run_after=2023-04-21T00:00:00+00:00
[2023-04-22T01:59:02.993+0800] {logging_mixin.py:137} INFO - [2023-04-22T01:59:02.993+0800] {dag.py:3452} INFO - Setting next_dagrun for example_branch_datetime_operator_3 to 2023-04-20T00:00:00+00:00, run_after=2023-04-21T00:00:00+00:00
[2023-04-22T01:59:03.011+0800] {processor.py:175} INFO - Processing /home/gerardsho/airflow_env/lib/python3.8/site-packages/airflow/example_dags/example_branch_datetime_operator.py took 0.075 seconds
[2023-04-22T01:59:41.264+0800] {processor.py:153} INFO - Started process (PID=3475) to work on /home/gerardsho/airflow_env/lib/python3.8/site-packages/airflow/example_dags/example_branch_datetime_operator.py
[2023-04-22T01:59:41.267+0800] {processor.py:743} INFO - Processing file /home/gerardsho/airflow_env/lib/python3.8/site-packages/airflow/example_dags/example_branch_datetime_operator.py for tasks to queue
[2023-04-22T01:59:41.268+0800] {logging_mixin.py:137} INFO - [2023-04-22T01:59:41.267+0800] {dagbag.py:532} INFO - Filling up the DagBag from /home/gerardsho/airflow_env/lib/python3.8/site-packages/airflow/example_dags/example_branch_datetime_operator.py
[2023-04-22T01:59:41.278+0800] {processor.py:753} INFO - DAG(s) dict_keys(['example_branch_datetime_operator_2', 'example_branch_datetime_operator', 'example_branch_datetime_operator_3']) retrieved from /home/gerardsho/airflow_env/lib/python3.8/site-packages/airflow/example_dags/example_branch_datetime_operator.py
[2023-04-22T01:59:41.292+0800] {logging_mixin.py:137} INFO - [2023-04-22T01:59:41.292+0800] {dag.py:2705} INFO - Sync 3 DAGs
[2023-04-22T01:59:41.303+0800] {logging_mixin.py:137} INFO - [2023-04-22T01:59:41.303+0800] {dag.py:3452} INFO - Setting next_dagrun for example_branch_datetime_operator to 2023-04-20T00:00:00+00:00, run_after=2023-04-21T00:00:00+00:00
[2023-04-22T01:59:41.305+0800] {logging_mixin.py:137} INFO - [2023-04-22T01:59:41.305+0800] {dag.py:3452} INFO - Setting next_dagrun for example_branch_datetime_operator_2 to 2023-04-20T00:00:00+00:00, run_after=2023-04-21T00:00:00+00:00
[2023-04-22T01:59:41.306+0800] {logging_mixin.py:137} INFO - [2023-04-22T01:59:41.306+0800] {dag.py:3452} INFO - Setting next_dagrun for example_branch_datetime_operator_3 to 2023-04-20T00:00:00+00:00, run_after=2023-04-21T00:00:00+00:00
[2023-04-22T01:59:41.321+0800] {processor.py:175} INFO - Processing /home/gerardsho/airflow_env/lib/python3.8/site-packages/airflow/example_dags/example_branch_datetime_operator.py took 0.060 seconds
[2023-04-22T02:00:57.865+0800] {processor.py:153} INFO - Started process (PID=3532) to work on /home/gerardsho/airflow_env/lib/python3.8/site-packages/airflow/example_dags/example_branch_datetime_operator.py
[2023-04-22T02:00:57.868+0800] {processor.py:743} INFO - Processing file /home/gerardsho/airflow_env/lib/python3.8/site-packages/airflow/example_dags/example_branch_datetime_operator.py for tasks to queue
[2023-04-22T02:00:57.869+0800] {logging_mixin.py:137} INFO - [2023-04-22T02:00:57.869+0800] {dagbag.py:532} INFO - Filling up the DagBag from /home/gerardsho/airflow_env/lib/python3.8/site-packages/airflow/example_dags/example_branch_datetime_operator.py
[2023-04-22T02:00:57.879+0800] {processor.py:753} INFO - DAG(s) dict_keys(['example_branch_datetime_operator_3', 'example_branch_datetime_operator_2', 'example_branch_datetime_operator']) retrieved from /home/gerardsho/airflow_env/lib/python3.8/site-packages/airflow/example_dags/example_branch_datetime_operator.py
[2023-04-22T02:00:57.953+0800] {logging_mixin.py:137} INFO - [2023-04-22T02:00:57.953+0800] {manager.py:504} INFO - Created Permission View: can edit on DAG:example_branch_datetime_operator_3
[2023-04-22T02:00:57.966+0800] {logging_mixin.py:137} INFO - [2023-04-22T02:00:57.966+0800] {manager.py:504} INFO - Created Permission View: can delete on DAG:example_branch_datetime_operator_3
[2023-04-22T02:00:57.976+0800] {logging_mixin.py:137} INFO - [2023-04-22T02:00:57.976+0800] {manager.py:504} INFO - Created Permission View: can read on DAG:example_branch_datetime_operator_3
[2023-04-22T02:00:57.995+0800] {logging_mixin.py:137} INFO - [2023-04-22T02:00:57.995+0800] {manager.py:504} INFO - Created Permission View: can edit on DAG:example_branch_datetime_operator_2
[2023-04-22T02:00:58.002+0800] {logging_mixin.py:137} INFO - [2023-04-22T02:00:58.002+0800] {manager.py:504} INFO - Created Permission View: can delete on DAG:example_branch_datetime_operator_2
[2023-04-22T02:00:58.009+0800] {logging_mixin.py:137} INFO - [2023-04-22T02:00:58.009+0800] {manager.py:504} INFO - Created Permission View: can read on DAG:example_branch_datetime_operator_2
[2023-04-22T02:00:58.024+0800] {logging_mixin.py:137} INFO - [2023-04-22T02:00:58.024+0800] {manager.py:504} INFO - Created Permission View: can edit on DAG:example_branch_datetime_operator
[2023-04-22T02:00:58.032+0800] {logging_mixin.py:137} INFO - [2023-04-22T02:00:58.032+0800] {manager.py:504} INFO - Created Permission View: can delete on DAG:example_branch_datetime_operator
[2023-04-22T02:00:58.040+0800] {logging_mixin.py:137} INFO - [2023-04-22T02:00:58.040+0800] {manager.py:504} INFO - Created Permission View: can read on DAG:example_branch_datetime_operator
[2023-04-22T02:00:58.040+0800] {logging_mixin.py:137} INFO - [2023-04-22T02:00:58.040+0800] {dag.py:2705} INFO - Sync 3 DAGs
[2023-04-22T02:00:58.045+0800] {logging_mixin.py:137} INFO - [2023-04-22T02:00:58.045+0800] {dag.py:2726} INFO - Creating ORM DAG for example_branch_datetime_operator_2
[2023-04-22T02:00:58.046+0800] {logging_mixin.py:137} INFO - [2023-04-22T02:00:58.046+0800] {dag.py:2726} INFO - Creating ORM DAG for example_branch_datetime_operator_3
[2023-04-22T02:00:58.046+0800] {logging_mixin.py:137} INFO - [2023-04-22T02:00:58.046+0800] {dag.py:2726} INFO - Creating ORM DAG for example_branch_datetime_operator
[2023-04-22T02:00:58.051+0800] {logging_mixin.py:137} INFO - [2023-04-22T02:00:58.051+0800] {dag.py:3452} INFO - Setting next_dagrun for example_branch_datetime_operator to 2023-04-20T00:00:00+00:00, run_after=2023-04-21T00:00:00+00:00
[2023-04-22T02:00:58.052+0800] {logging_mixin.py:137} INFO - [2023-04-22T02:00:58.052+0800] {dag.py:3452} INFO - Setting next_dagrun for example_branch_datetime_operator_2 to 2023-04-20T00:00:00+00:00, run_after=2023-04-21T00:00:00+00:00
[2023-04-22T02:00:58.053+0800] {logging_mixin.py:137} INFO - [2023-04-22T02:00:58.053+0800] {dag.py:3452} INFO - Setting next_dagrun for example_branch_datetime_operator_3 to 2023-04-20T00:00:00+00:00, run_after=2023-04-21T00:00:00+00:00
[2023-04-22T02:00:58.069+0800] {processor.py:175} INFO - Processing /home/gerardsho/airflow_env/lib/python3.8/site-packages/airflow/example_dags/example_branch_datetime_operator.py took 0.207 seconds
[2023-04-22T02:01:38.738+0800] {processor.py:153} INFO - Started process (PID=3582) to work on /home/gerardsho/airflow_env/lib/python3.8/site-packages/airflow/example_dags/example_branch_datetime_operator.py
[2023-04-22T02:01:38.741+0800] {processor.py:743} INFO - Processing file /home/gerardsho/airflow_env/lib/python3.8/site-packages/airflow/example_dags/example_branch_datetime_operator.py for tasks to queue
[2023-04-22T02:01:38.741+0800] {logging_mixin.py:137} INFO - [2023-04-22T02:01:38.741+0800] {dagbag.py:532} INFO - Filling up the DagBag from /home/gerardsho/airflow_env/lib/python3.8/site-packages/airflow/example_dags/example_branch_datetime_operator.py
[2023-04-22T02:01:38.752+0800] {processor.py:753} INFO - DAG(s) dict_keys(['example_branch_datetime_operator_2', 'example_branch_datetime_operator_3', 'example_branch_datetime_operator']) retrieved from /home/gerardsho/airflow_env/lib/python3.8/site-packages/airflow/example_dags/example_branch_datetime_operator.py
[2023-04-22T02:01:38.767+0800] {logging_mixin.py:137} INFO - [2023-04-22T02:01:38.767+0800] {dag.py:2705} INFO - Sync 3 DAGs
[2023-04-22T02:01:38.780+0800] {logging_mixin.py:137} INFO - [2023-04-22T02:01:38.779+0800] {dag.py:3452} INFO - Setting next_dagrun for example_branch_datetime_operator to 2023-04-20T00:00:00+00:00, run_after=2023-04-21T00:00:00+00:00
[2023-04-22T02:01:38.782+0800] {logging_mixin.py:137} INFO - [2023-04-22T02:01:38.782+0800] {dag.py:3452} INFO - Setting next_dagrun for example_branch_datetime_operator_2 to 2023-04-20T00:00:00+00:00, run_after=2023-04-21T00:00:00+00:00
[2023-04-22T02:01:38.783+0800] {logging_mixin.py:137} INFO - [2023-04-22T02:01:38.783+0800] {dag.py:3452} INFO - Setting next_dagrun for example_branch_datetime_operator_3 to 2023-04-20T00:00:00+00:00, run_after=2023-04-21T00:00:00+00:00
[2023-04-22T02:01:38.800+0800] {processor.py:175} INFO - Processing /home/gerardsho/airflow_env/lib/python3.8/site-packages/airflow/example_dags/example_branch_datetime_operator.py took 0.065 seconds
[2023-04-22T02:02:20.400+0800] {processor.py:153} INFO - Started process (PID=3624) to work on /home/gerardsho/airflow_env/lib/python3.8/site-packages/airflow/example_dags/example_branch_datetime_operator.py
[2023-04-22T02:02:20.403+0800] {processor.py:743} INFO - Processing file /home/gerardsho/airflow_env/lib/python3.8/site-packages/airflow/example_dags/example_branch_datetime_operator.py for tasks to queue
[2023-04-22T02:02:20.404+0800] {logging_mixin.py:137} INFO - [2023-04-22T02:02:20.403+0800] {dagbag.py:532} INFO - Filling up the DagBag from /home/gerardsho/airflow_env/lib/python3.8/site-packages/airflow/example_dags/example_branch_datetime_operator.py
[2023-04-22T02:02:20.413+0800] {processor.py:753} INFO - DAG(s) dict_keys(['example_branch_datetime_operator_3', 'example_branch_datetime_operator', 'example_branch_datetime_operator_2']) retrieved from /home/gerardsho/airflow_env/lib/python3.8/site-packages/airflow/example_dags/example_branch_datetime_operator.py
[2023-04-22T02:02:20.426+0800] {logging_mixin.py:137} INFO - [2023-04-22T02:02:20.426+0800] {dag.py:2705} INFO - Sync 3 DAGs
[2023-04-22T02:02:20.437+0800] {logging_mixin.py:137} INFO - [2023-04-22T02:02:20.437+0800] {dag.py:3452} INFO - Setting next_dagrun for example_branch_datetime_operator to 2023-04-20T00:00:00+00:00, run_after=2023-04-21T00:00:00+00:00
[2023-04-22T02:02:20.439+0800] {logging_mixin.py:137} INFO - [2023-04-22T02:02:20.439+0800] {dag.py:3452} INFO - Setting next_dagrun for example_branch_datetime_operator_2 to 2023-04-20T00:00:00+00:00, run_after=2023-04-21T00:00:00+00:00
[2023-04-22T02:02:20.440+0800] {logging_mixin.py:137} INFO - [2023-04-22T02:02:20.440+0800] {dag.py:3452} INFO - Setting next_dagrun for example_branch_datetime_operator_3 to 2023-04-20T00:00:00+00:00, run_after=2023-04-21T00:00:00+00:00
[2023-04-22T02:02:20.458+0800] {processor.py:175} INFO - Processing /home/gerardsho/airflow_env/lib/python3.8/site-packages/airflow/example_dags/example_branch_datetime_operator.py took 0.060 seconds
[2023-04-22T02:03:00.804+0800] {processor.py:153} INFO - Started process (PID=3676) to work on /home/gerardsho/airflow_env/lib/python3.8/site-packages/airflow/example_dags/example_branch_datetime_operator.py
[2023-04-22T02:03:00.808+0800] {processor.py:743} INFO - Processing file /home/gerardsho/airflow_env/lib/python3.8/site-packages/airflow/example_dags/example_branch_datetime_operator.py for tasks to queue
[2023-04-22T02:03:00.809+0800] {logging_mixin.py:137} INFO - [2023-04-22T02:03:00.808+0800] {dagbag.py:532} INFO - Filling up the DagBag from /home/gerardsho/airflow_env/lib/python3.8/site-packages/airflow/example_dags/example_branch_datetime_operator.py
[2023-04-22T02:03:00.818+0800] {processor.py:753} INFO - DAG(s) dict_keys(['example_branch_datetime_operator_2', 'example_branch_datetime_operator', 'example_branch_datetime_operator_3']) retrieved from /home/gerardsho/airflow_env/lib/python3.8/site-packages/airflow/example_dags/example_branch_datetime_operator.py
[2023-04-22T02:03:00.832+0800] {logging_mixin.py:137} INFO - [2023-04-22T02:03:00.832+0800] {dag.py:2705} INFO - Sync 3 DAGs
[2023-04-22T02:03:00.843+0800] {logging_mixin.py:137} INFO - [2023-04-22T02:03:00.843+0800] {dag.py:3452} INFO - Setting next_dagrun for example_branch_datetime_operator to 2023-04-20T00:00:00+00:00, run_after=2023-04-21T00:00:00+00:00
[2023-04-22T02:03:00.847+0800] {logging_mixin.py:137} INFO - [2023-04-22T02:03:00.847+0800] {dag.py:3452} INFO - Setting next_dagrun for example_branch_datetime_operator_2 to 2023-04-20T00:00:00+00:00, run_after=2023-04-21T00:00:00+00:00
[2023-04-22T02:03:00.848+0800] {logging_mixin.py:137} INFO - [2023-04-22T02:03:00.848+0800] {dag.py:3452} INFO - Setting next_dagrun for example_branch_datetime_operator_3 to 2023-04-20T00:00:00+00:00, run_after=2023-04-21T00:00:00+00:00
[2023-04-22T02:03:00.869+0800] {processor.py:175} INFO - Processing /home/gerardsho/airflow_env/lib/python3.8/site-packages/airflow/example_dags/example_branch_datetime_operator.py took 0.066 seconds
[2023-04-22T02:03:42.485+0800] {processor.py:153} INFO - Started process (PID=3726) to work on /home/gerardsho/airflow_env/lib/python3.8/site-packages/airflow/example_dags/example_branch_datetime_operator.py
[2023-04-22T02:03:42.485+0800] {processor.py:743} INFO - Processing file /home/gerardsho/airflow_env/lib/python3.8/site-packages/airflow/example_dags/example_branch_datetime_operator.py for tasks to queue
[2023-04-22T02:03:42.486+0800] {logging_mixin.py:137} INFO - [2023-04-22T02:03:42.486+0800] {dagbag.py:532} INFO - Filling up the DagBag from /home/gerardsho/airflow_env/lib/python3.8/site-packages/airflow/example_dags/example_branch_datetime_operator.py
[2023-04-22T02:03:42.498+0800] {processor.py:753} INFO - DAG(s) dict_keys(['example_branch_datetime_operator_3', 'example_branch_datetime_operator_2', 'example_branch_datetime_operator']) retrieved from /home/gerardsho/airflow_env/lib/python3.8/site-packages/airflow/example_dags/example_branch_datetime_operator.py
[2023-04-22T02:03:42.516+0800] {logging_mixin.py:137} INFO - [2023-04-22T02:03:42.516+0800] {dag.py:2705} INFO - Sync 3 DAGs
[2023-04-22T02:03:42.532+0800] {logging_mixin.py:137} INFO - [2023-04-22T02:03:42.532+0800] {dag.py:3452} INFO - Setting next_dagrun for example_branch_datetime_operator to 2023-04-20T00:00:00+00:00, run_after=2023-04-21T00:00:00+00:00
[2023-04-22T02:03:42.535+0800] {logging_mixin.py:137} INFO - [2023-04-22T02:03:42.535+0800] {dag.py:3452} INFO - Setting next_dagrun for example_branch_datetime_operator_2 to 2023-04-20T00:00:00+00:00, run_after=2023-04-21T00:00:00+00:00
[2023-04-22T02:03:42.537+0800] {logging_mixin.py:137} INFO - [2023-04-22T02:03:42.537+0800] {dag.py:3452} INFO - Setting next_dagrun for example_branch_datetime_operator_3 to 2023-04-20T00:00:00+00:00, run_after=2023-04-21T00:00:00+00:00
[2023-04-22T02:03:42.553+0800] {processor.py:175} INFO - Processing /home/gerardsho/airflow_env/lib/python3.8/site-packages/airflow/example_dags/example_branch_datetime_operator.py took 0.071 seconds
[2023-04-22T02:04:23.047+0800] {processor.py:153} INFO - Started process (PID=3769) to work on /home/gerardsho/airflow_env/lib/python3.8/site-packages/airflow/example_dags/example_branch_datetime_operator.py
[2023-04-22T02:04:23.050+0800] {processor.py:743} INFO - Processing file /home/gerardsho/airflow_env/lib/python3.8/site-packages/airflow/example_dags/example_branch_datetime_operator.py for tasks to queue
[2023-04-22T02:04:23.051+0800] {logging_mixin.py:137} INFO - [2023-04-22T02:04:23.051+0800] {dagbag.py:532} INFO - Filling up the DagBag from /home/gerardsho/airflow_env/lib/python3.8/site-packages/airflow/example_dags/example_branch_datetime_operator.py
[2023-04-22T02:04:23.061+0800] {processor.py:753} INFO - DAG(s) dict_keys(['example_branch_datetime_operator_3', 'example_branch_datetime_operator_2', 'example_branch_datetime_operator']) retrieved from /home/gerardsho/airflow_env/lib/python3.8/site-packages/airflow/example_dags/example_branch_datetime_operator.py
[2023-04-22T02:04:23.075+0800] {logging_mixin.py:137} INFO - [2023-04-22T02:04:23.075+0800] {dag.py:2705} INFO - Sync 3 DAGs
[2023-04-22T02:04:23.086+0800] {logging_mixin.py:137} INFO - [2023-04-22T02:04:23.086+0800] {dag.py:3452} INFO - Setting next_dagrun for example_branch_datetime_operator to 2023-04-20T00:00:00+00:00, run_after=2023-04-21T00:00:00+00:00
[2023-04-22T02:04:23.088+0800] {logging_mixin.py:137} INFO - [2023-04-22T02:04:23.088+0800] {dag.py:3452} INFO - Setting next_dagrun for example_branch_datetime_operator_2 to 2023-04-20T00:00:00+00:00, run_after=2023-04-21T00:00:00+00:00
[2023-04-22T02:04:23.089+0800] {logging_mixin.py:137} INFO - [2023-04-22T02:04:23.089+0800] {dag.py:3452} INFO - Setting next_dagrun for example_branch_datetime_operator_3 to 2023-04-20T00:00:00+00:00, run_after=2023-04-21T00:00:00+00:00
[2023-04-22T02:04:23.105+0800] {processor.py:175} INFO - Processing /home/gerardsho/airflow_env/lib/python3.8/site-packages/airflow/example_dags/example_branch_datetime_operator.py took 0.060 seconds
[2023-04-22T02:05:03.532+0800] {processor.py:153} INFO - Started process (PID=3812) to work on /home/gerardsho/airflow_env/lib/python3.8/site-packages/airflow/example_dags/example_branch_datetime_operator.py
[2023-04-22T02:05:03.535+0800] {processor.py:743} INFO - Processing file /home/gerardsho/airflow_env/lib/python3.8/site-packages/airflow/example_dags/example_branch_datetime_operator.py for tasks to queue
[2023-04-22T02:05:03.535+0800] {logging_mixin.py:137} INFO - [2023-04-22T02:05:03.535+0800] {dagbag.py:532} INFO - Filling up the DagBag from /home/gerardsho/airflow_env/lib/python3.8/site-packages/airflow/example_dags/example_branch_datetime_operator.py
[2023-04-22T02:05:03.545+0800] {processor.py:753} INFO - DAG(s) dict_keys(['example_branch_datetime_operator_3', 'example_branch_datetime_operator', 'example_branch_datetime_operator_2']) retrieved from /home/gerardsho/airflow_env/lib/python3.8/site-packages/airflow/example_dags/example_branch_datetime_operator.py
[2023-04-22T02:05:03.560+0800] {logging_mixin.py:137} INFO - [2023-04-22T02:05:03.560+0800] {dag.py:2705} INFO - Sync 3 DAGs
[2023-04-22T02:05:03.572+0800] {logging_mixin.py:137} INFO - [2023-04-22T02:05:03.572+0800] {dag.py:3452} INFO - Setting next_dagrun for example_branch_datetime_operator to 2023-04-20T00:00:00+00:00, run_after=2023-04-21T00:00:00+00:00
[2023-04-22T02:05:03.574+0800] {logging_mixin.py:137} INFO - [2023-04-22T02:05:03.574+0800] {dag.py:3452} INFO - Setting next_dagrun for example_branch_datetime_operator_2 to 2023-04-20T00:00:00+00:00, run_after=2023-04-21T00:00:00+00:00
[2023-04-22T02:05:03.576+0800] {logging_mixin.py:137} INFO - [2023-04-22T02:05:03.576+0800] {dag.py:3452} INFO - Setting next_dagrun for example_branch_datetime_operator_3 to 2023-04-20T00:00:00+00:00, run_after=2023-04-21T00:00:00+00:00
[2023-04-22T02:05:03.594+0800] {processor.py:175} INFO - Processing /home/gerardsho/airflow_env/lib/python3.8/site-packages/airflow/example_dags/example_branch_datetime_operator.py took 0.064 seconds
