[2023-04-22T01:48:44.965+0800] {processor.py:153} INFO - Started process (PID=2746) to work on /home/gerardsho/airflow_env/lib/python3.8/site-packages/airflow/example_dags/example_nested_branch_dag.py
[2023-04-22T01:48:44.966+0800] {processor.py:743} INFO - Processing file /home/gerardsho/airflow_env/lib/python3.8/site-packages/airflow/example_dags/example_nested_branch_dag.py for tasks to queue
[2023-04-22T01:48:44.966+0800] {logging_mixin.py:137} INFO - [2023-04-22T01:48:44.966+0800] {dagbag.py:532} INFO - Filling up the DagBag from /home/gerardsho/airflow_env/lib/python3.8/site-packages/airflow/example_dags/example_nested_branch_dag.py
[2023-04-22T01:48:44.980+0800] {processor.py:753} INFO - DAG(s) dict_keys(['example_nested_branch_dag']) retrieved from /home/gerardsho/airflow_env/lib/python3.8/site-packages/airflow/example_dags/example_nested_branch_dag.py
[2023-04-22T01:48:45.472+0800] {logging_mixin.py:137} INFO - [2023-04-22T01:48:45.472+0800] {manager.py:504} INFO - Created Permission View: can edit on DAG:example_nested_branch_dag
[2023-04-22T01:48:45.521+0800] {logging_mixin.py:137} INFO - [2023-04-22T01:48:45.520+0800] {manager.py:504} INFO - Created Permission View: can delete on DAG:example_nested_branch_dag
[2023-04-22T01:48:45.569+0800] {logging_mixin.py:137} INFO - [2023-04-22T01:48:45.568+0800] {manager.py:504} INFO - Created Permission View: can read on DAG:example_nested_branch_dag
[2023-04-22T01:48:45.569+0800] {logging_mixin.py:137} INFO - [2023-04-22T01:48:45.569+0800] {dag.py:2705} INFO - Sync 1 DAGs
[2023-04-22T01:48:45.578+0800] {logging_mixin.py:137} INFO - [2023-04-22T01:48:45.578+0800] {dag.py:2726} INFO - Creating ORM DAG for example_nested_branch_dag
[2023-04-22T01:48:45.583+0800] {logging_mixin.py:137} INFO - [2023-04-22T01:48:45.583+0800] {dag.py:3452} INFO - Setting next_dagrun for example_nested_branch_dag to 2023-04-20T00:00:00+00:00, run_after=2023-04-21T00:00:00+00:00
[2023-04-22T01:48:45.689+0800] {processor.py:175} INFO - Processing /home/gerardsho/airflow_env/lib/python3.8/site-packages/airflow/example_dags/example_nested_branch_dag.py took 0.726 seconds
[2023-04-22T01:49:30.001+0800] {processor.py:153} INFO - Started process (PID=2789) to work on /home/gerardsho/airflow_env/lib/python3.8/site-packages/airflow/example_dags/example_nested_branch_dag.py
[2023-04-22T01:49:30.004+0800] {processor.py:743} INFO - Processing file /home/gerardsho/airflow_env/lib/python3.8/site-packages/airflow/example_dags/example_nested_branch_dag.py for tasks to queue
[2023-04-22T01:49:30.004+0800] {logging_mixin.py:137} INFO - [2023-04-22T01:49:30.004+0800] {dagbag.py:532} INFO - Filling up the DagBag from /home/gerardsho/airflow_env/lib/python3.8/site-packages/airflow/example_dags/example_nested_branch_dag.py
[2023-04-22T01:49:30.019+0800] {processor.py:753} INFO - DAG(s) dict_keys(['example_nested_branch_dag']) retrieved from /home/gerardsho/airflow_env/lib/python3.8/site-packages/airflow/example_dags/example_nested_branch_dag.py
[2023-04-22T01:49:30.030+0800] {logging_mixin.py:137} INFO - [2023-04-22T01:49:30.030+0800] {dag.py:2705} INFO - Sync 1 DAGs
[2023-04-22T01:49:30.041+0800] {logging_mixin.py:137} INFO - [2023-04-22T01:49:30.041+0800] {dag.py:3452} INFO - Setting next_dagrun for example_nested_branch_dag to 2023-04-20T00:00:00+00:00, run_after=2023-04-21T00:00:00+00:00
[2023-04-22T01:49:30.057+0800] {processor.py:175} INFO - Processing /home/gerardsho/airflow_env/lib/python3.8/site-packages/airflow/example_dags/example_nested_branch_dag.py took 0.059 seconds
[2023-04-22T01:50:09.268+0800] {processor.py:153} INFO - Started process (PID=2832) to work on /home/gerardsho/airflow_env/lib/python3.8/site-packages/airflow/example_dags/example_nested_branch_dag.py
[2023-04-22T01:50:09.271+0800] {processor.py:743} INFO - Processing file /home/gerardsho/airflow_env/lib/python3.8/site-packages/airflow/example_dags/example_nested_branch_dag.py for tasks to queue
[2023-04-22T01:50:09.272+0800] {logging_mixin.py:137} INFO - [2023-04-22T01:50:09.272+0800] {dagbag.py:532} INFO - Filling up the DagBag from /home/gerardsho/airflow_env/lib/python3.8/site-packages/airflow/example_dags/example_nested_branch_dag.py
[2023-04-22T01:50:09.286+0800] {processor.py:753} INFO - DAG(s) dict_keys(['example_nested_branch_dag']) retrieved from /home/gerardsho/airflow_env/lib/python3.8/site-packages/airflow/example_dags/example_nested_branch_dag.py
[2023-04-22T01:50:09.300+0800] {logging_mixin.py:137} INFO - [2023-04-22T01:50:09.299+0800] {dag.py:2705} INFO - Sync 1 DAGs
[2023-04-22T01:50:09.312+0800] {logging_mixin.py:137} INFO - [2023-04-22T01:50:09.312+0800] {dag.py:3452} INFO - Setting next_dagrun for example_nested_branch_dag to 2023-04-20T00:00:00+00:00, run_after=2023-04-21T00:00:00+00:00
[2023-04-22T01:50:09.329+0800] {processor.py:175} INFO - Processing /home/gerardsho/airflow_env/lib/python3.8/site-packages/airflow/example_dags/example_nested_branch_dag.py took 0.063 seconds
[2023-04-22T01:50:49.350+0800] {processor.py:153} INFO - Started process (PID=2879) to work on /home/gerardsho/airflow_env/lib/python3.8/site-packages/airflow/example_dags/example_nested_branch_dag.py
[2023-04-22T01:50:49.351+0800] {processor.py:743} INFO - Processing file /home/gerardsho/airflow_env/lib/python3.8/site-packages/airflow/example_dags/example_nested_branch_dag.py for tasks to queue
[2023-04-22T01:50:49.351+0800] {logging_mixin.py:137} INFO - [2023-04-22T01:50:49.351+0800] {dagbag.py:532} INFO - Filling up the DagBag from /home/gerardsho/airflow_env/lib/python3.8/site-packages/airflow/example_dags/example_nested_branch_dag.py
[2023-04-22T01:50:49.371+0800] {processor.py:753} INFO - DAG(s) dict_keys(['example_nested_branch_dag']) retrieved from /home/gerardsho/airflow_env/lib/python3.8/site-packages/airflow/example_dags/example_nested_branch_dag.py
[2023-04-22T01:50:49.384+0800] {logging_mixin.py:137} INFO - [2023-04-22T01:50:49.384+0800] {dag.py:2705} INFO - Sync 1 DAGs
[2023-04-22T01:50:49.398+0800] {logging_mixin.py:137} INFO - [2023-04-22T01:50:49.398+0800] {dag.py:3452} INFO - Setting next_dagrun for example_nested_branch_dag to 2023-04-20T00:00:00+00:00, run_after=2023-04-21T00:00:00+00:00
[2023-04-22T01:50:49.419+0800] {processor.py:175} INFO - Processing /home/gerardsho/airflow_env/lib/python3.8/site-packages/airflow/example_dags/example_nested_branch_dag.py took 0.072 seconds
[2023-04-22T01:51:31.053+0800] {processor.py:153} INFO - Started process (PID=2933) to work on /home/gerardsho/airflow_env/lib/python3.8/site-packages/airflow/example_dags/example_nested_branch_dag.py
[2023-04-22T01:51:31.056+0800] {processor.py:743} INFO - Processing file /home/gerardsho/airflow_env/lib/python3.8/site-packages/airflow/example_dags/example_nested_branch_dag.py for tasks to queue
[2023-04-22T01:51:31.057+0800] {logging_mixin.py:137} INFO - [2023-04-22T01:51:31.057+0800] {dagbag.py:532} INFO - Filling up the DagBag from /home/gerardsho/airflow_env/lib/python3.8/site-packages/airflow/example_dags/example_nested_branch_dag.py
[2023-04-22T01:51:31.071+0800] {processor.py:753} INFO - DAG(s) dict_keys(['example_nested_branch_dag']) retrieved from /home/gerardsho/airflow_env/lib/python3.8/site-packages/airflow/example_dags/example_nested_branch_dag.py
[2023-04-22T01:51:31.084+0800] {logging_mixin.py:137} INFO - [2023-04-22T01:51:31.084+0800] {dag.py:2705} INFO - Sync 1 DAGs
[2023-04-22T01:51:31.096+0800] {logging_mixin.py:137} INFO - [2023-04-22T01:51:31.096+0800] {dag.py:3452} INFO - Setting next_dagrun for example_nested_branch_dag to 2023-04-20T00:00:00+00:00, run_after=2023-04-21T00:00:00+00:00
[2023-04-22T01:51:31.114+0800] {processor.py:175} INFO - Processing /home/gerardsho/airflow_env/lib/python3.8/site-packages/airflow/example_dags/example_nested_branch_dag.py took 0.062 seconds
[2023-04-22T01:52:13.872+0800] {processor.py:153} INFO - Started process (PID=2983) to work on /home/gerardsho/airflow_env/lib/python3.8/site-packages/airflow/example_dags/example_nested_branch_dag.py
[2023-04-22T01:52:13.875+0800] {processor.py:743} INFO - Processing file /home/gerardsho/airflow_env/lib/python3.8/site-packages/airflow/example_dags/example_nested_branch_dag.py for tasks to queue
[2023-04-22T01:52:13.876+0800] {logging_mixin.py:137} INFO - [2023-04-22T01:52:13.876+0800] {dagbag.py:532} INFO - Filling up the DagBag from /home/gerardsho/airflow_env/lib/python3.8/site-packages/airflow/example_dags/example_nested_branch_dag.py
[2023-04-22T01:52:13.892+0800] {processor.py:753} INFO - DAG(s) dict_keys(['example_nested_branch_dag']) retrieved from /home/gerardsho/airflow_env/lib/python3.8/site-packages/airflow/example_dags/example_nested_branch_dag.py
[2023-04-22T01:52:13.908+0800] {logging_mixin.py:137} INFO - [2023-04-22T01:52:13.908+0800] {dag.py:2705} INFO - Sync 1 DAGs
[2023-04-22T01:52:13.920+0800] {logging_mixin.py:137} INFO - [2023-04-22T01:52:13.920+0800] {dag.py:3452} INFO - Setting next_dagrun for example_nested_branch_dag to 2023-04-20T00:00:00+00:00, run_after=2023-04-21T00:00:00+00:00
[2023-04-22T01:52:13.940+0800] {processor.py:175} INFO - Processing /home/gerardsho/airflow_env/lib/python3.8/site-packages/airflow/example_dags/example_nested_branch_dag.py took 0.069 seconds
[2023-04-22T01:52:53.783+0800] {processor.py:153} INFO - Started process (PID=3025) to work on /home/gerardsho/airflow_env/lib/python3.8/site-packages/airflow/example_dags/example_nested_branch_dag.py
[2023-04-22T01:52:53.786+0800] {processor.py:743} INFO - Processing file /home/gerardsho/airflow_env/lib/python3.8/site-packages/airflow/example_dags/example_nested_branch_dag.py for tasks to queue
[2023-04-22T01:52:53.786+0800] {logging_mixin.py:137} INFO - [2023-04-22T01:52:53.786+0800] {dagbag.py:532} INFO - Filling up the DagBag from /home/gerardsho/airflow_env/lib/python3.8/site-packages/airflow/example_dags/example_nested_branch_dag.py
[2023-04-22T01:52:53.802+0800] {processor.py:753} INFO - DAG(s) dict_keys(['example_nested_branch_dag']) retrieved from /home/gerardsho/airflow_env/lib/python3.8/site-packages/airflow/example_dags/example_nested_branch_dag.py
[2023-04-22T01:52:53.815+0800] {logging_mixin.py:137} INFO - [2023-04-22T01:52:53.815+0800] {dag.py:2705} INFO - Sync 1 DAGs
[2023-04-22T01:52:53.827+0800] {logging_mixin.py:137} INFO - [2023-04-22T01:52:53.827+0800] {dag.py:3452} INFO - Setting next_dagrun for example_nested_branch_dag to 2023-04-20T00:00:00+00:00, run_after=2023-04-21T00:00:00+00:00
[2023-04-22T01:52:53.844+0800] {processor.py:175} INFO - Processing /home/gerardsho/airflow_env/lib/python3.8/site-packages/airflow/example_dags/example_nested_branch_dag.py took 0.064 seconds
[2023-04-22T01:53:33.816+0800] {processor.py:153} INFO - Started process (PID=3067) to work on /home/gerardsho/airflow_env/lib/python3.8/site-packages/airflow/example_dags/example_nested_branch_dag.py
[2023-04-22T01:53:33.819+0800] {processor.py:743} INFO - Processing file /home/gerardsho/airflow_env/lib/python3.8/site-packages/airflow/example_dags/example_nested_branch_dag.py for tasks to queue
[2023-04-22T01:53:33.820+0800] {logging_mixin.py:137} INFO - [2023-04-22T01:53:33.820+0800] {dagbag.py:532} INFO - Filling up the DagBag from /home/gerardsho/airflow_env/lib/python3.8/site-packages/airflow/example_dags/example_nested_branch_dag.py
[2023-04-22T01:53:33.835+0800] {processor.py:753} INFO - DAG(s) dict_keys(['example_nested_branch_dag']) retrieved from /home/gerardsho/airflow_env/lib/python3.8/site-packages/airflow/example_dags/example_nested_branch_dag.py
[2023-04-22T01:53:33.847+0800] {logging_mixin.py:137} INFO - [2023-04-22T01:53:33.847+0800] {dag.py:2705} INFO - Sync 1 DAGs
[2023-04-22T01:53:33.859+0800] {logging_mixin.py:137} INFO - [2023-04-22T01:53:33.859+0800] {dag.py:3452} INFO - Setting next_dagrun for example_nested_branch_dag to 2023-04-20T00:00:00+00:00, run_after=2023-04-21T00:00:00+00:00
[2023-04-22T01:53:33.876+0800] {processor.py:175} INFO - Processing /home/gerardsho/airflow_env/lib/python3.8/site-packages/airflow/example_dags/example_nested_branch_dag.py took 0.062 seconds
[2023-04-22T01:54:14.537+0800] {processor.py:153} INFO - Started process (PID=3109) to work on /home/gerardsho/airflow_env/lib/python3.8/site-packages/airflow/example_dags/example_nested_branch_dag.py
[2023-04-22T01:54:14.541+0800] {processor.py:743} INFO - Processing file /home/gerardsho/airflow_env/lib/python3.8/site-packages/airflow/example_dags/example_nested_branch_dag.py for tasks to queue
[2023-04-22T01:54:14.541+0800] {logging_mixin.py:137} INFO - [2023-04-22T01:54:14.541+0800] {dagbag.py:532} INFO - Filling up the DagBag from /home/gerardsho/airflow_env/lib/python3.8/site-packages/airflow/example_dags/example_nested_branch_dag.py
[2023-04-22T01:54:14.556+0800] {processor.py:753} INFO - DAG(s) dict_keys(['example_nested_branch_dag']) retrieved from /home/gerardsho/airflow_env/lib/python3.8/site-packages/airflow/example_dags/example_nested_branch_dag.py
[2023-04-22T01:54:14.568+0800] {logging_mixin.py:137} INFO - [2023-04-22T01:54:14.568+0800] {dag.py:2705} INFO - Sync 1 DAGs
[2023-04-22T01:54:14.581+0800] {logging_mixin.py:137} INFO - [2023-04-22T01:54:14.581+0800] {dag.py:3452} INFO - Setting next_dagrun for example_nested_branch_dag to 2023-04-20T00:00:00+00:00, run_after=2023-04-21T00:00:00+00:00
[2023-04-22T01:54:14.600+0800] {processor.py:175} INFO - Processing /home/gerardsho/airflow_env/lib/python3.8/site-packages/airflow/example_dags/example_nested_branch_dag.py took 0.066 seconds
[2023-04-22T01:54:55.422+0800] {processor.py:153} INFO - Started process (PID=3155) to work on /home/gerardsho/airflow_env/lib/python3.8/site-packages/airflow/example_dags/example_nested_branch_dag.py
[2023-04-22T01:54:55.425+0800] {processor.py:743} INFO - Processing file /home/gerardsho/airflow_env/lib/python3.8/site-packages/airflow/example_dags/example_nested_branch_dag.py for tasks to queue
[2023-04-22T01:54:55.426+0800] {logging_mixin.py:137} INFO - [2023-04-22T01:54:55.425+0800] {dagbag.py:532} INFO - Filling up the DagBag from /home/gerardsho/airflow_env/lib/python3.8/site-packages/airflow/example_dags/example_nested_branch_dag.py
[2023-04-22T01:54:55.440+0800] {processor.py:753} INFO - DAG(s) dict_keys(['example_nested_branch_dag']) retrieved from /home/gerardsho/airflow_env/lib/python3.8/site-packages/airflow/example_dags/example_nested_branch_dag.py
[2023-04-22T01:54:55.452+0800] {logging_mixin.py:137} INFO - [2023-04-22T01:54:55.452+0800] {dag.py:2705} INFO - Sync 1 DAGs
[2023-04-22T01:54:55.464+0800] {logging_mixin.py:137} INFO - [2023-04-22T01:54:55.464+0800] {dag.py:3452} INFO - Setting next_dagrun for example_nested_branch_dag to 2023-04-20T00:00:00+00:00, run_after=2023-04-21T00:00:00+00:00
[2023-04-22T01:54:55.480+0800] {processor.py:175} INFO - Processing /home/gerardsho/airflow_env/lib/python3.8/site-packages/airflow/example_dags/example_nested_branch_dag.py took 0.061 seconds
[2023-04-22T01:55:36.485+0800] {processor.py:153} INFO - Started process (PID=3201) to work on /home/gerardsho/airflow_env/lib/python3.8/site-packages/airflow/example_dags/example_nested_branch_dag.py
[2023-04-22T01:55:36.488+0800] {processor.py:743} INFO - Processing file /home/gerardsho/airflow_env/lib/python3.8/site-packages/airflow/example_dags/example_nested_branch_dag.py for tasks to queue
[2023-04-22T01:55:36.489+0800] {logging_mixin.py:137} INFO - [2023-04-22T01:55:36.489+0800] {dagbag.py:532} INFO - Filling up the DagBag from /home/gerardsho/airflow_env/lib/python3.8/site-packages/airflow/example_dags/example_nested_branch_dag.py
[2023-04-22T01:55:36.502+0800] {processor.py:753} INFO - DAG(s) dict_keys(['example_nested_branch_dag']) retrieved from /home/gerardsho/airflow_env/lib/python3.8/site-packages/airflow/example_dags/example_nested_branch_dag.py
[2023-04-22T01:55:36.514+0800] {logging_mixin.py:137} INFO - [2023-04-22T01:55:36.514+0800] {dag.py:2705} INFO - Sync 1 DAGs
[2023-04-22T01:55:36.524+0800] {logging_mixin.py:137} INFO - [2023-04-22T01:55:36.524+0800] {dag.py:3452} INFO - Setting next_dagrun for example_nested_branch_dag to 2023-04-20T00:00:00+00:00, run_after=2023-04-21T00:00:00+00:00
[2023-04-22T01:55:36.543+0800] {processor.py:175} INFO - Processing /home/gerardsho/airflow_env/lib/python3.8/site-packages/airflow/example_dags/example_nested_branch_dag.py took 0.061 seconds
[2023-04-22T01:56:17.060+0800] {processor.py:153} INFO - Started process (PID=3246) to work on /home/gerardsho/airflow_env/lib/python3.8/site-packages/airflow/example_dags/example_nested_branch_dag.py
[2023-04-22T01:56:17.063+0800] {processor.py:743} INFO - Processing file /home/gerardsho/airflow_env/lib/python3.8/site-packages/airflow/example_dags/example_nested_branch_dag.py for tasks to queue
[2023-04-22T01:56:17.063+0800] {logging_mixin.py:137} INFO - [2023-04-22T01:56:17.063+0800] {dagbag.py:532} INFO - Filling up the DagBag from /home/gerardsho/airflow_env/lib/python3.8/site-packages/airflow/example_dags/example_nested_branch_dag.py
[2023-04-22T01:56:17.079+0800] {processor.py:753} INFO - DAG(s) dict_keys(['example_nested_branch_dag']) retrieved from /home/gerardsho/airflow_env/lib/python3.8/site-packages/airflow/example_dags/example_nested_branch_dag.py
[2023-04-22T01:56:17.093+0800] {logging_mixin.py:137} INFO - [2023-04-22T01:56:17.093+0800] {dag.py:2705} INFO - Sync 1 DAGs
[2023-04-22T01:56:17.108+0800] {logging_mixin.py:137} INFO - [2023-04-22T01:56:17.108+0800] {dag.py:3452} INFO - Setting next_dagrun for example_nested_branch_dag to 2023-04-20T00:00:00+00:00, run_after=2023-04-21T00:00:00+00:00
[2023-04-22T01:56:17.126+0800] {processor.py:175} INFO - Processing /home/gerardsho/airflow_env/lib/python3.8/site-packages/airflow/example_dags/example_nested_branch_dag.py took 0.068 seconds
[2023-04-22T01:56:57.548+0800] {processor.py:153} INFO - Started process (PID=3294) to work on /home/gerardsho/airflow_env/lib/python3.8/site-packages/airflow/example_dags/example_nested_branch_dag.py
[2023-04-22T01:56:57.549+0800] {processor.py:743} INFO - Processing file /home/gerardsho/airflow_env/lib/python3.8/site-packages/airflow/example_dags/example_nested_branch_dag.py for tasks to queue
[2023-04-22T01:56:57.549+0800] {logging_mixin.py:137} INFO - [2023-04-22T01:56:57.549+0800] {dagbag.py:532} INFO - Filling up the DagBag from /home/gerardsho/airflow_env/lib/python3.8/site-packages/airflow/example_dags/example_nested_branch_dag.py
[2023-04-22T01:56:57.564+0800] {processor.py:753} INFO - DAG(s) dict_keys(['example_nested_branch_dag']) retrieved from /home/gerardsho/airflow_env/lib/python3.8/site-packages/airflow/example_dags/example_nested_branch_dag.py
[2023-04-22T01:56:57.578+0800] {logging_mixin.py:137} INFO - [2023-04-22T01:56:57.578+0800] {dag.py:2705} INFO - Sync 1 DAGs
[2023-04-22T01:56:57.590+0800] {logging_mixin.py:137} INFO - [2023-04-22T01:56:57.590+0800] {dag.py:3452} INFO - Setting next_dagrun for example_nested_branch_dag to 2023-04-20T00:00:00+00:00, run_after=2023-04-21T00:00:00+00:00
[2023-04-22T01:56:57.612+0800] {processor.py:175} INFO - Processing /home/gerardsho/airflow_env/lib/python3.8/site-packages/airflow/example_dags/example_nested_branch_dag.py took 0.067 seconds
[2023-04-22T01:57:37.574+0800] {processor.py:153} INFO - Started process (PID=3339) to work on /home/gerardsho/airflow_env/lib/python3.8/site-packages/airflow/example_dags/example_nested_branch_dag.py
[2023-04-22T01:57:37.575+0800] {processor.py:743} INFO - Processing file /home/gerardsho/airflow_env/lib/python3.8/site-packages/airflow/example_dags/example_nested_branch_dag.py for tasks to queue
[2023-04-22T01:57:37.576+0800] {logging_mixin.py:137} INFO - [2023-04-22T01:57:37.575+0800] {dagbag.py:532} INFO - Filling up the DagBag from /home/gerardsho/airflow_env/lib/python3.8/site-packages/airflow/example_dags/example_nested_branch_dag.py
[2023-04-22T01:57:37.596+0800] {processor.py:753} INFO - DAG(s) dict_keys(['example_nested_branch_dag']) retrieved from /home/gerardsho/airflow_env/lib/python3.8/site-packages/airflow/example_dags/example_nested_branch_dag.py
[2023-04-22T01:57:37.614+0800] {logging_mixin.py:137} INFO - [2023-04-22T01:57:37.614+0800] {dag.py:2705} INFO - Sync 1 DAGs
[2023-04-22T01:57:37.634+0800] {logging_mixin.py:137} INFO - [2023-04-22T01:57:37.634+0800] {dag.py:3452} INFO - Setting next_dagrun for example_nested_branch_dag to 2023-04-20T00:00:00+00:00, run_after=2023-04-21T00:00:00+00:00
[2023-04-22T01:57:37.656+0800] {processor.py:175} INFO - Processing /home/gerardsho/airflow_env/lib/python3.8/site-packages/airflow/example_dags/example_nested_branch_dag.py took 0.086 seconds
[2023-04-22T01:58:17.844+0800] {processor.py:153} INFO - Started process (PID=3388) to work on /home/gerardsho/airflow_env/lib/python3.8/site-packages/airflow/example_dags/example_nested_branch_dag.py
[2023-04-22T01:58:17.848+0800] {processor.py:743} INFO - Processing file /home/gerardsho/airflow_env/lib/python3.8/site-packages/airflow/example_dags/example_nested_branch_dag.py for tasks to queue
[2023-04-22T01:58:17.849+0800] {logging_mixin.py:137} INFO - [2023-04-22T01:58:17.849+0800] {dagbag.py:532} INFO - Filling up the DagBag from /home/gerardsho/airflow_env/lib/python3.8/site-packages/airflow/example_dags/example_nested_branch_dag.py
[2023-04-22T01:58:17.868+0800] {processor.py:753} INFO - DAG(s) dict_keys(['example_nested_branch_dag']) retrieved from /home/gerardsho/airflow_env/lib/python3.8/site-packages/airflow/example_dags/example_nested_branch_dag.py
[2023-04-22T01:58:17.884+0800] {logging_mixin.py:137} INFO - [2023-04-22T01:58:17.884+0800] {dag.py:2705} INFO - Sync 1 DAGs
[2023-04-22T01:58:17.899+0800] {logging_mixin.py:137} INFO - [2023-04-22T01:58:17.898+0800] {dag.py:3452} INFO - Setting next_dagrun for example_nested_branch_dag to 2023-04-20T00:00:00+00:00, run_after=2023-04-21T00:00:00+00:00
[2023-04-22T01:58:17.921+0800] {processor.py:175} INFO - Processing /home/gerardsho/airflow_env/lib/python3.8/site-packages/airflow/example_dags/example_nested_branch_dag.py took 0.079 seconds
[2023-04-22T01:59:00.075+0800] {processor.py:153} INFO - Started process (PID=3430) to work on /home/gerardsho/airflow_env/lib/python3.8/site-packages/airflow/example_dags/example_nested_branch_dag.py
[2023-04-22T01:59:00.078+0800] {processor.py:743} INFO - Processing file /home/gerardsho/airflow_env/lib/python3.8/site-packages/airflow/example_dags/example_nested_branch_dag.py for tasks to queue
[2023-04-22T01:59:00.079+0800] {logging_mixin.py:137} INFO - [2023-04-22T01:59:00.079+0800] {dagbag.py:532} INFO - Filling up the DagBag from /home/gerardsho/airflow_env/lib/python3.8/site-packages/airflow/example_dags/example_nested_branch_dag.py
[2023-04-22T01:59:00.094+0800] {processor.py:753} INFO - DAG(s) dict_keys(['example_nested_branch_dag']) retrieved from /home/gerardsho/airflow_env/lib/python3.8/site-packages/airflow/example_dags/example_nested_branch_dag.py
[2023-04-22T01:59:00.106+0800] {logging_mixin.py:137} INFO - [2023-04-22T01:59:00.106+0800] {dag.py:2705} INFO - Sync 1 DAGs
[2023-04-22T01:59:00.117+0800] {logging_mixin.py:137} INFO - [2023-04-22T01:59:00.117+0800] {dag.py:3452} INFO - Setting next_dagrun for example_nested_branch_dag to 2023-04-20T00:00:00+00:00, run_after=2023-04-21T00:00:00+00:00
[2023-04-22T01:59:00.136+0800] {processor.py:175} INFO - Processing /home/gerardsho/airflow_env/lib/python3.8/site-packages/airflow/example_dags/example_nested_branch_dag.py took 0.064 seconds
[2023-04-22T01:59:38.761+0800] {processor.py:153} INFO - Started process (PID=3472) to work on /home/gerardsho/airflow_env/lib/python3.8/site-packages/airflow/example_dags/example_nested_branch_dag.py
[2023-04-22T01:59:38.764+0800] {processor.py:743} INFO - Processing file /home/gerardsho/airflow_env/lib/python3.8/site-packages/airflow/example_dags/example_nested_branch_dag.py for tasks to queue
[2023-04-22T01:59:38.764+0800] {logging_mixin.py:137} INFO - [2023-04-22T01:59:38.764+0800] {dagbag.py:532} INFO - Filling up the DagBag from /home/gerardsho/airflow_env/lib/python3.8/site-packages/airflow/example_dags/example_nested_branch_dag.py
[2023-04-22T01:59:38.778+0800] {processor.py:753} INFO - DAG(s) dict_keys(['example_nested_branch_dag']) retrieved from /home/gerardsho/airflow_env/lib/python3.8/site-packages/airflow/example_dags/example_nested_branch_dag.py
[2023-04-22T01:59:38.789+0800] {logging_mixin.py:137} INFO - [2023-04-22T01:59:38.789+0800] {dag.py:2705} INFO - Sync 1 DAGs
[2023-04-22T01:59:38.800+0800] {logging_mixin.py:137} INFO - [2023-04-22T01:59:38.800+0800] {dag.py:3452} INFO - Setting next_dagrun for example_nested_branch_dag to 2023-04-20T00:00:00+00:00, run_after=2023-04-21T00:00:00+00:00
[2023-04-22T01:59:38.819+0800] {processor.py:175} INFO - Processing /home/gerardsho/airflow_env/lib/python3.8/site-packages/airflow/example_dags/example_nested_branch_dag.py took 0.061 seconds
[2023-04-22T02:00:54.558+0800] {processor.py:153} INFO - Started process (PID=3529) to work on /home/gerardsho/airflow_env/lib/python3.8/site-packages/airflow/example_dags/example_nested_branch_dag.py
[2023-04-22T02:00:54.562+0800] {processor.py:743} INFO - Processing file /home/gerardsho/airflow_env/lib/python3.8/site-packages/airflow/example_dags/example_nested_branch_dag.py for tasks to queue
[2023-04-22T02:00:54.562+0800] {logging_mixin.py:137} INFO - [2023-04-22T02:00:54.562+0800] {dagbag.py:532} INFO - Filling up the DagBag from /home/gerardsho/airflow_env/lib/python3.8/site-packages/airflow/example_dags/example_nested_branch_dag.py
[2023-04-22T02:00:54.577+0800] {processor.py:753} INFO - DAG(s) dict_keys(['example_nested_branch_dag']) retrieved from /home/gerardsho/airflow_env/lib/python3.8/site-packages/airflow/example_dags/example_nested_branch_dag.py
[2023-04-22T02:00:54.651+0800] {logging_mixin.py:137} INFO - [2023-04-22T02:00:54.651+0800] {manager.py:504} INFO - Created Permission View: can edit on DAG:example_nested_branch_dag
[2023-04-22T02:00:54.663+0800] {logging_mixin.py:137} INFO - [2023-04-22T02:00:54.663+0800] {manager.py:504} INFO - Created Permission View: can delete on DAG:example_nested_branch_dag
[2023-04-22T02:00:54.672+0800] {logging_mixin.py:137} INFO - [2023-04-22T02:00:54.672+0800] {manager.py:504} INFO - Created Permission View: can read on DAG:example_nested_branch_dag
[2023-04-22T02:00:54.673+0800] {logging_mixin.py:137} INFO - [2023-04-22T02:00:54.673+0800] {dag.py:2705} INFO - Sync 1 DAGs
[2023-04-22T02:00:54.679+0800] {logging_mixin.py:137} INFO - [2023-04-22T02:00:54.679+0800] {dag.py:2726} INFO - Creating ORM DAG for example_nested_branch_dag
[2023-04-22T02:00:54.685+0800] {logging_mixin.py:137} INFO - [2023-04-22T02:00:54.685+0800] {dag.py:3452} INFO - Setting next_dagrun for example_nested_branch_dag to 2023-04-20T00:00:00+00:00, run_after=2023-04-21T00:00:00+00:00
[2023-04-22T02:00:54.707+0800] {processor.py:175} INFO - Processing /home/gerardsho/airflow_env/lib/python3.8/site-packages/airflow/example_dags/example_nested_branch_dag.py took 0.151 seconds
[2023-04-22T02:01:35.310+0800] {processor.py:153} INFO - Started process (PID=3579) to work on /home/gerardsho/airflow_env/lib/python3.8/site-packages/airflow/example_dags/example_nested_branch_dag.py
[2023-04-22T02:01:35.311+0800] {processor.py:743} INFO - Processing file /home/gerardsho/airflow_env/lib/python3.8/site-packages/airflow/example_dags/example_nested_branch_dag.py for tasks to queue
[2023-04-22T02:01:35.312+0800] {logging_mixin.py:137} INFO - [2023-04-22T02:01:35.312+0800] {dagbag.py:532} INFO - Filling up the DagBag from /home/gerardsho/airflow_env/lib/python3.8/site-packages/airflow/example_dags/example_nested_branch_dag.py
[2023-04-22T02:01:35.331+0800] {processor.py:753} INFO - DAG(s) dict_keys(['example_nested_branch_dag']) retrieved from /home/gerardsho/airflow_env/lib/python3.8/site-packages/airflow/example_dags/example_nested_branch_dag.py
[2023-04-22T02:01:35.344+0800] {logging_mixin.py:137} INFO - [2023-04-22T02:01:35.344+0800] {dag.py:2705} INFO - Sync 1 DAGs
[2023-04-22T02:01:35.371+0800] {logging_mixin.py:137} INFO - [2023-04-22T02:01:35.371+0800] {dag.py:3452} INFO - Setting next_dagrun for example_nested_branch_dag to 2023-04-20T00:00:00+00:00, run_after=2023-04-21T00:00:00+00:00
[2023-04-22T02:01:35.389+0800] {processor.py:175} INFO - Processing /home/gerardsho/airflow_env/lib/python3.8/site-packages/airflow/example_dags/example_nested_branch_dag.py took 0.081 seconds
[2023-04-22T02:02:17.697+0800] {processor.py:153} INFO - Started process (PID=3621) to work on /home/gerardsho/airflow_env/lib/python3.8/site-packages/airflow/example_dags/example_nested_branch_dag.py
[2023-04-22T02:02:17.700+0800] {processor.py:743} INFO - Processing file /home/gerardsho/airflow_env/lib/python3.8/site-packages/airflow/example_dags/example_nested_branch_dag.py for tasks to queue
[2023-04-22T02:02:17.700+0800] {logging_mixin.py:137} INFO - [2023-04-22T02:02:17.700+0800] {dagbag.py:532} INFO - Filling up the DagBag from /home/gerardsho/airflow_env/lib/python3.8/site-packages/airflow/example_dags/example_nested_branch_dag.py
[2023-04-22T02:02:17.717+0800] {processor.py:753} INFO - DAG(s) dict_keys(['example_nested_branch_dag']) retrieved from /home/gerardsho/airflow_env/lib/python3.8/site-packages/airflow/example_dags/example_nested_branch_dag.py
[2023-04-22T02:02:17.729+0800] {logging_mixin.py:137} INFO - [2023-04-22T02:02:17.729+0800] {dag.py:2705} INFO - Sync 1 DAGs
[2023-04-22T02:02:17.744+0800] {logging_mixin.py:137} INFO - [2023-04-22T02:02:17.743+0800] {dag.py:3452} INFO - Setting next_dagrun for example_nested_branch_dag to 2023-04-20T00:00:00+00:00, run_after=2023-04-21T00:00:00+00:00
[2023-04-22T02:02:17.761+0800] {processor.py:175} INFO - Processing /home/gerardsho/airflow_env/lib/python3.8/site-packages/airflow/example_dags/example_nested_branch_dag.py took 0.066 seconds
[2023-04-22T02:02:58.872+0800] {processor.py:153} INFO - Started process (PID=3673) to work on /home/gerardsho/airflow_env/lib/python3.8/site-packages/airflow/example_dags/example_nested_branch_dag.py
[2023-04-22T02:02:58.874+0800] {processor.py:743} INFO - Processing file /home/gerardsho/airflow_env/lib/python3.8/site-packages/airflow/example_dags/example_nested_branch_dag.py for tasks to queue
[2023-04-22T02:02:58.875+0800] {logging_mixin.py:137} INFO - [2023-04-22T02:02:58.875+0800] {dagbag.py:532} INFO - Filling up the DagBag from /home/gerardsho/airflow_env/lib/python3.8/site-packages/airflow/example_dags/example_nested_branch_dag.py
[2023-04-22T02:02:58.889+0800] {processor.py:753} INFO - DAG(s) dict_keys(['example_nested_branch_dag']) retrieved from /home/gerardsho/airflow_env/lib/python3.8/site-packages/airflow/example_dags/example_nested_branch_dag.py
[2023-04-22T02:02:58.900+0800] {logging_mixin.py:137} INFO - [2023-04-22T02:02:58.900+0800] {dag.py:2705} INFO - Sync 1 DAGs
[2023-04-22T02:02:58.912+0800] {logging_mixin.py:137} INFO - [2023-04-22T02:02:58.912+0800] {dag.py:3452} INFO - Setting next_dagrun for example_nested_branch_dag to 2023-04-20T00:00:00+00:00, run_after=2023-04-21T00:00:00+00:00
[2023-04-22T02:02:58.929+0800] {processor.py:175} INFO - Processing /home/gerardsho/airflow_env/lib/python3.8/site-packages/airflow/example_dags/example_nested_branch_dag.py took 0.060 seconds
[2023-04-22T02:03:39.946+0800] {processor.py:153} INFO - Started process (PID=3723) to work on /home/gerardsho/airflow_env/lib/python3.8/site-packages/airflow/example_dags/example_nested_branch_dag.py
[2023-04-22T02:03:39.949+0800] {processor.py:743} INFO - Processing file /home/gerardsho/airflow_env/lib/python3.8/site-packages/airflow/example_dags/example_nested_branch_dag.py for tasks to queue
[2023-04-22T02:03:39.950+0800] {logging_mixin.py:137} INFO - [2023-04-22T02:03:39.950+0800] {dagbag.py:532} INFO - Filling up the DagBag from /home/gerardsho/airflow_env/lib/python3.8/site-packages/airflow/example_dags/example_nested_branch_dag.py
[2023-04-22T02:03:39.965+0800] {processor.py:753} INFO - DAG(s) dict_keys(['example_nested_branch_dag']) retrieved from /home/gerardsho/airflow_env/lib/python3.8/site-packages/airflow/example_dags/example_nested_branch_dag.py
[2023-04-22T02:03:39.977+0800] {logging_mixin.py:137} INFO - [2023-04-22T02:03:39.977+0800] {dag.py:2705} INFO - Sync 1 DAGs
[2023-04-22T02:03:39.989+0800] {logging_mixin.py:137} INFO - [2023-04-22T02:03:39.989+0800] {dag.py:3452} INFO - Setting next_dagrun for example_nested_branch_dag to 2023-04-20T00:00:00+00:00, run_after=2023-04-21T00:00:00+00:00
[2023-04-22T02:03:40.007+0800] {processor.py:175} INFO - Processing /home/gerardsho/airflow_env/lib/python3.8/site-packages/airflow/example_dags/example_nested_branch_dag.py took 0.064 seconds
[2023-04-22T02:04:19.943+0800] {processor.py:153} INFO - Started process (PID=3766) to work on /home/gerardsho/airflow_env/lib/python3.8/site-packages/airflow/example_dags/example_nested_branch_dag.py
[2023-04-22T02:04:19.946+0800] {processor.py:743} INFO - Processing file /home/gerardsho/airflow_env/lib/python3.8/site-packages/airflow/example_dags/example_nested_branch_dag.py for tasks to queue
[2023-04-22T02:04:19.946+0800] {logging_mixin.py:137} INFO - [2023-04-22T02:04:19.946+0800] {dagbag.py:532} INFO - Filling up the DagBag from /home/gerardsho/airflow_env/lib/python3.8/site-packages/airflow/example_dags/example_nested_branch_dag.py
[2023-04-22T02:04:19.962+0800] {processor.py:753} INFO - DAG(s) dict_keys(['example_nested_branch_dag']) retrieved from /home/gerardsho/airflow_env/lib/python3.8/site-packages/airflow/example_dags/example_nested_branch_dag.py
[2023-04-22T02:04:19.975+0800] {logging_mixin.py:137} INFO - [2023-04-22T02:04:19.975+0800] {dag.py:2705} INFO - Sync 1 DAGs
[2023-04-22T02:04:19.987+0800] {logging_mixin.py:137} INFO - [2023-04-22T02:04:19.986+0800] {dag.py:3452} INFO - Setting next_dagrun for example_nested_branch_dag to 2023-04-20T00:00:00+00:00, run_after=2023-04-21T00:00:00+00:00
[2023-04-22T02:04:20.003+0800] {processor.py:175} INFO - Processing /home/gerardsho/airflow_env/lib/python3.8/site-packages/airflow/example_dags/example_nested_branch_dag.py took 0.062 seconds
[2023-04-22T02:05:00.209+0800] {processor.py:153} INFO - Started process (PID=3809) to work on /home/gerardsho/airflow_env/lib/python3.8/site-packages/airflow/example_dags/example_nested_branch_dag.py
[2023-04-22T02:05:00.212+0800] {processor.py:743} INFO - Processing file /home/gerardsho/airflow_env/lib/python3.8/site-packages/airflow/example_dags/example_nested_branch_dag.py for tasks to queue
[2023-04-22T02:05:00.213+0800] {logging_mixin.py:137} INFO - [2023-04-22T02:05:00.212+0800] {dagbag.py:532} INFO - Filling up the DagBag from /home/gerardsho/airflow_env/lib/python3.8/site-packages/airflow/example_dags/example_nested_branch_dag.py
[2023-04-22T02:05:00.228+0800] {processor.py:753} INFO - DAG(s) dict_keys(['example_nested_branch_dag']) retrieved from /home/gerardsho/airflow_env/lib/python3.8/site-packages/airflow/example_dags/example_nested_branch_dag.py
[2023-04-22T02:05:00.240+0800] {logging_mixin.py:137} INFO - [2023-04-22T02:05:00.240+0800] {dag.py:2705} INFO - Sync 1 DAGs
[2023-04-22T02:05:00.253+0800] {logging_mixin.py:137} INFO - [2023-04-22T02:05:00.253+0800] {dag.py:3452} INFO - Setting next_dagrun for example_nested_branch_dag to 2023-04-20T00:00:00+00:00, run_after=2023-04-21T00:00:00+00:00
[2023-04-22T02:05:00.270+0800] {processor.py:175} INFO - Processing /home/gerardsho/airflow_env/lib/python3.8/site-packages/airflow/example_dags/example_nested_branch_dag.py took 0.064 seconds
