[2023-04-22T01:48:41.593+0800] {processor.py:153} INFO - Started process (PID=2743) to work on /home/gerardsho/airflow_env/lib/python3.8/site-packages/airflow/example_dags/example_python_operator.py
[2023-04-22T01:48:41.594+0800] {processor.py:743} INFO - Processing file /home/gerardsho/airflow_env/lib/python3.8/site-packages/airflow/example_dags/example_python_operator.py for tasks to queue
[2023-04-22T01:48:41.594+0800] {logging_mixin.py:137} INFO - [2023-04-22T01:48:41.594+0800] {dagbag.py:532} INFO - Filling up the DagBag from /home/gerardsho/airflow_env/lib/python3.8/site-packages/airflow/example_dags/example_python_operator.py
[2023-04-22T01:48:41.604+0800] {logging_mixin.py:137} INFO - [2023-04-22T01:48:41.604+0800] {taskmixin.py:211} WARNING - Dependency <Task(_PythonDecoratedOperator): print_the_context>, log_sql_query already registered for DAG: example_python_operator
[2023-04-22T01:48:41.605+0800] {logging_mixin.py:137} INFO - [2023-04-22T01:48:41.605+0800] {taskmixin.py:211} WARNING - Dependency <Task(_PythonDecoratedOperator): log_sql_query>, print_the_context already registered for DAG: example_python_operator
[2023-04-22T01:48:41.605+0800] {logging_mixin.py:137} INFO - [2023-04-22T01:48:41.605+0800] {taskmixin.py:211} WARNING - Dependency <Task(_PythonDecoratedOperator): print_the_context>, log_sql_query already registered for DAG: example_python_operator
[2023-04-22T01:48:41.605+0800] {logging_mixin.py:137} INFO - [2023-04-22T01:48:41.605+0800] {taskmixin.py:211} WARNING - Dependency <Task(_PythonDecoratedOperator): log_sql_query>, print_the_context already registered for DAG: example_python_operator
[2023-04-22T01:48:41.605+0800] {logging_mixin.py:137} INFO - [2023-04-22T01:48:41.605+0800] {taskmixin.py:211} WARNING - Dependency <Task(_PythonDecoratedOperator): print_the_context>, log_sql_query already registered for DAG: example_python_operator
[2023-04-22T01:48:41.605+0800] {logging_mixin.py:137} INFO - [2023-04-22T01:48:41.605+0800] {taskmixin.py:211} WARNING - Dependency <Task(_PythonDecoratedOperator): log_sql_query>, print_the_context already registered for DAG: example_python_operator
[2023-04-22T01:48:41.606+0800] {logging_mixin.py:137} INFO - [2023-04-22T01:48:41.606+0800] {taskmixin.py:211} WARNING - Dependency <Task(_PythonDecoratedOperator): print_the_context>, log_sql_query already registered for DAG: example_python_operator
[2023-04-22T01:48:41.606+0800] {logging_mixin.py:137} INFO - [2023-04-22T01:48:41.606+0800] {taskmixin.py:211} WARNING - Dependency <Task(_PythonDecoratedOperator): log_sql_query>, print_the_context already registered for DAG: example_python_operator
[2023-04-22T01:48:41.609+0800] {processor.py:753} INFO - DAG(s) dict_keys(['example_python_operator']) retrieved from /home/gerardsho/airflow_env/lib/python3.8/site-packages/airflow/example_dags/example_python_operator.py
[2023-04-22T01:48:41.823+0800] {logging_mixin.py:137} INFO - [2023-04-22T01:48:41.822+0800] {manager.py:504} INFO - Created Permission View: can edit on DAG:example_python_operator
[2023-04-22T01:48:41.878+0800] {logging_mixin.py:137} INFO - [2023-04-22T01:48:41.877+0800] {manager.py:504} INFO - Created Permission View: can delete on DAG:example_python_operator
[2023-04-22T01:48:41.969+0800] {logging_mixin.py:137} INFO - [2023-04-22T01:48:41.968+0800] {manager.py:504} INFO - Created Permission View: can read on DAG:example_python_operator
[2023-04-22T01:48:41.969+0800] {logging_mixin.py:137} INFO - [2023-04-22T01:48:41.969+0800] {dag.py:2705} INFO - Sync 1 DAGs
[2023-04-22T01:48:41.977+0800] {logging_mixin.py:137} INFO - [2023-04-22T01:48:41.977+0800] {dag.py:2726} INFO - Creating ORM DAG for example_python_operator
[2023-04-22T01:48:41.981+0800] {logging_mixin.py:137} INFO - [2023-04-22T01:48:41.981+0800] {dag.py:3452} INFO - Setting next_dagrun for example_python_operator to None, run_after=None
[2023-04-22T01:48:42.081+0800] {processor.py:175} INFO - Processing /home/gerardsho/airflow_env/lib/python3.8/site-packages/airflow/example_dags/example_python_operator.py took 0.491 seconds
[2023-04-22T01:49:27.078+0800] {processor.py:153} INFO - Started process (PID=2786) to work on /home/gerardsho/airflow_env/lib/python3.8/site-packages/airflow/example_dags/example_python_operator.py
[2023-04-22T01:49:27.081+0800] {processor.py:743} INFO - Processing file /home/gerardsho/airflow_env/lib/python3.8/site-packages/airflow/example_dags/example_python_operator.py for tasks to queue
[2023-04-22T01:49:27.082+0800] {logging_mixin.py:137} INFO - [2023-04-22T01:49:27.082+0800] {dagbag.py:532} INFO - Filling up the DagBag from /home/gerardsho/airflow_env/lib/python3.8/site-packages/airflow/example_dags/example_python_operator.py
[2023-04-22T01:49:27.093+0800] {logging_mixin.py:137} INFO - [2023-04-22T01:49:27.093+0800] {taskmixin.py:211} WARNING - Dependency <Task(_PythonDecoratedOperator): print_the_context>, log_sql_query already registered for DAG: example_python_operator
[2023-04-22T01:49:27.093+0800] {logging_mixin.py:137} INFO - [2023-04-22T01:49:27.093+0800] {taskmixin.py:211} WARNING - Dependency <Task(_PythonDecoratedOperator): log_sql_query>, print_the_context already registered for DAG: example_python_operator
[2023-04-22T01:49:27.094+0800] {logging_mixin.py:137} INFO - [2023-04-22T01:49:27.094+0800] {taskmixin.py:211} WARNING - Dependency <Task(_PythonDecoratedOperator): print_the_context>, log_sql_query already registered for DAG: example_python_operator
[2023-04-22T01:49:27.094+0800] {logging_mixin.py:137} INFO - [2023-04-22T01:49:27.094+0800] {taskmixin.py:211} WARNING - Dependency <Task(_PythonDecoratedOperator): log_sql_query>, print_the_context already registered for DAG: example_python_operator
[2023-04-22T01:49:27.094+0800] {logging_mixin.py:137} INFO - [2023-04-22T01:49:27.094+0800] {taskmixin.py:211} WARNING - Dependency <Task(_PythonDecoratedOperator): print_the_context>, log_sql_query already registered for DAG: example_python_operator
[2023-04-22T01:49:27.094+0800] {logging_mixin.py:137} INFO - [2023-04-22T01:49:27.094+0800] {taskmixin.py:211} WARNING - Dependency <Task(_PythonDecoratedOperator): log_sql_query>, print_the_context already registered for DAG: example_python_operator
[2023-04-22T01:49:27.094+0800] {logging_mixin.py:137} INFO - [2023-04-22T01:49:27.094+0800] {taskmixin.py:211} WARNING - Dependency <Task(_PythonDecoratedOperator): print_the_context>, log_sql_query already registered for DAG: example_python_operator
[2023-04-22T01:49:27.094+0800] {logging_mixin.py:137} INFO - [2023-04-22T01:49:27.094+0800] {taskmixin.py:211} WARNING - Dependency <Task(_PythonDecoratedOperator): log_sql_query>, print_the_context already registered for DAG: example_python_operator
[2023-04-22T01:49:27.101+0800] {processor.py:753} INFO - DAG(s) dict_keys(['example_python_operator']) retrieved from /home/gerardsho/airflow_env/lib/python3.8/site-packages/airflow/example_dags/example_python_operator.py
[2023-04-22T01:49:27.117+0800] {logging_mixin.py:137} INFO - [2023-04-22T01:49:27.116+0800] {dag.py:2705} INFO - Sync 1 DAGs
[2023-04-22T01:49:27.128+0800] {logging_mixin.py:137} INFO - [2023-04-22T01:49:27.128+0800] {dag.py:3452} INFO - Setting next_dagrun for example_python_operator to None, run_after=None
[2023-04-22T01:49:27.150+0800] {processor.py:175} INFO - Processing /home/gerardsho/airflow_env/lib/python3.8/site-packages/airflow/example_dags/example_python_operator.py took 0.073 seconds
[2023-04-22T01:50:06.671+0800] {processor.py:153} INFO - Started process (PID=2829) to work on /home/gerardsho/airflow_env/lib/python3.8/site-packages/airflow/example_dags/example_python_operator.py
[2023-04-22T01:50:06.674+0800] {processor.py:743} INFO - Processing file /home/gerardsho/airflow_env/lib/python3.8/site-packages/airflow/example_dags/example_python_operator.py for tasks to queue
[2023-04-22T01:50:06.674+0800] {logging_mixin.py:137} INFO - [2023-04-22T01:50:06.674+0800] {dagbag.py:532} INFO - Filling up the DagBag from /home/gerardsho/airflow_env/lib/python3.8/site-packages/airflow/example_dags/example_python_operator.py
[2023-04-22T01:50:06.686+0800] {logging_mixin.py:137} INFO - [2023-04-22T01:50:06.686+0800] {taskmixin.py:211} WARNING - Dependency <Task(_PythonDecoratedOperator): print_the_context>, log_sql_query already registered for DAG: example_python_operator
[2023-04-22T01:50:06.686+0800] {logging_mixin.py:137} INFO - [2023-04-22T01:50:06.686+0800] {taskmixin.py:211} WARNING - Dependency <Task(_PythonDecoratedOperator): log_sql_query>, print_the_context already registered for DAG: example_python_operator
[2023-04-22T01:50:06.686+0800] {logging_mixin.py:137} INFO - [2023-04-22T01:50:06.686+0800] {taskmixin.py:211} WARNING - Dependency <Task(_PythonDecoratedOperator): print_the_context>, log_sql_query already registered for DAG: example_python_operator
[2023-04-22T01:50:06.686+0800] {logging_mixin.py:137} INFO - [2023-04-22T01:50:06.686+0800] {taskmixin.py:211} WARNING - Dependency <Task(_PythonDecoratedOperator): log_sql_query>, print_the_context already registered for DAG: example_python_operator
[2023-04-22T01:50:06.687+0800] {logging_mixin.py:137} INFO - [2023-04-22T01:50:06.687+0800] {taskmixin.py:211} WARNING - Dependency <Task(_PythonDecoratedOperator): print_the_context>, log_sql_query already registered for DAG: example_python_operator
[2023-04-22T01:50:06.687+0800] {logging_mixin.py:137} INFO - [2023-04-22T01:50:06.687+0800] {taskmixin.py:211} WARNING - Dependency <Task(_PythonDecoratedOperator): log_sql_query>, print_the_context already registered for DAG: example_python_operator
[2023-04-22T01:50:06.687+0800] {logging_mixin.py:137} INFO - [2023-04-22T01:50:06.687+0800] {taskmixin.py:211} WARNING - Dependency <Task(_PythonDecoratedOperator): print_the_context>, log_sql_query already registered for DAG: example_python_operator
[2023-04-22T01:50:06.687+0800] {logging_mixin.py:137} INFO - [2023-04-22T01:50:06.687+0800] {taskmixin.py:211} WARNING - Dependency <Task(_PythonDecoratedOperator): log_sql_query>, print_the_context already registered for DAG: example_python_operator
[2023-04-22T01:50:06.691+0800] {processor.py:753} INFO - DAG(s) dict_keys(['example_python_operator']) retrieved from /home/gerardsho/airflow_env/lib/python3.8/site-packages/airflow/example_dags/example_python_operator.py
[2023-04-22T01:50:06.706+0800] {logging_mixin.py:137} INFO - [2023-04-22T01:50:06.706+0800] {dag.py:2705} INFO - Sync 1 DAGs
[2023-04-22T01:50:06.719+0800] {logging_mixin.py:137} INFO - [2023-04-22T01:50:06.719+0800] {dag.py:3452} INFO - Setting next_dagrun for example_python_operator to None, run_after=None
[2023-04-22T01:50:06.737+0800] {processor.py:175} INFO - Processing /home/gerardsho/airflow_env/lib/python3.8/site-packages/airflow/example_dags/example_python_operator.py took 0.068 seconds
[2023-04-22T01:50:46.811+0800] {processor.py:153} INFO - Started process (PID=2875) to work on /home/gerardsho/airflow_env/lib/python3.8/site-packages/airflow/example_dags/example_python_operator.py
[2023-04-22T01:50:46.814+0800] {processor.py:743} INFO - Processing file /home/gerardsho/airflow_env/lib/python3.8/site-packages/airflow/example_dags/example_python_operator.py for tasks to queue
[2023-04-22T01:50:46.815+0800] {logging_mixin.py:137} INFO - [2023-04-22T01:50:46.815+0800] {dagbag.py:532} INFO - Filling up the DagBag from /home/gerardsho/airflow_env/lib/python3.8/site-packages/airflow/example_dags/example_python_operator.py
[2023-04-22T01:50:46.825+0800] {logging_mixin.py:137} INFO - [2023-04-22T01:50:46.824+0800] {taskmixin.py:211} WARNING - Dependency <Task(_PythonDecoratedOperator): print_the_context>, log_sql_query already registered for DAG: example_python_operator
[2023-04-22T01:50:46.825+0800] {logging_mixin.py:137} INFO - [2023-04-22T01:50:46.825+0800] {taskmixin.py:211} WARNING - Dependency <Task(_PythonDecoratedOperator): log_sql_query>, print_the_context already registered for DAG: example_python_operator
[2023-04-22T01:50:46.825+0800] {logging_mixin.py:137} INFO - [2023-04-22T01:50:46.825+0800] {taskmixin.py:211} WARNING - Dependency <Task(_PythonDecoratedOperator): print_the_context>, log_sql_query already registered for DAG: example_python_operator
[2023-04-22T01:50:46.825+0800] {logging_mixin.py:137} INFO - [2023-04-22T01:50:46.825+0800] {taskmixin.py:211} WARNING - Dependency <Task(_PythonDecoratedOperator): log_sql_query>, print_the_context already registered for DAG: example_python_operator
[2023-04-22T01:50:46.825+0800] {logging_mixin.py:137} INFO - [2023-04-22T01:50:46.825+0800] {taskmixin.py:211} WARNING - Dependency <Task(_PythonDecoratedOperator): print_the_context>, log_sql_query already registered for DAG: example_python_operator
[2023-04-22T01:50:46.825+0800] {logging_mixin.py:137} INFO - [2023-04-22T01:50:46.825+0800] {taskmixin.py:211} WARNING - Dependency <Task(_PythonDecoratedOperator): log_sql_query>, print_the_context already registered for DAG: example_python_operator
[2023-04-22T01:50:46.826+0800] {logging_mixin.py:137} INFO - [2023-04-22T01:50:46.826+0800] {taskmixin.py:211} WARNING - Dependency <Task(_PythonDecoratedOperator): print_the_context>, log_sql_query already registered for DAG: example_python_operator
[2023-04-22T01:50:46.826+0800] {logging_mixin.py:137} INFO - [2023-04-22T01:50:46.826+0800] {taskmixin.py:211} WARNING - Dependency <Task(_PythonDecoratedOperator): log_sql_query>, print_the_context already registered for DAG: example_python_operator
[2023-04-22T01:50:46.830+0800] {processor.py:753} INFO - DAG(s) dict_keys(['example_python_operator']) retrieved from /home/gerardsho/airflow_env/lib/python3.8/site-packages/airflow/example_dags/example_python_operator.py
[2023-04-22T01:50:46.841+0800] {logging_mixin.py:137} INFO - [2023-04-22T01:50:46.841+0800] {dag.py:2705} INFO - Sync 1 DAGs
[2023-04-22T01:50:46.852+0800] {logging_mixin.py:137} INFO - [2023-04-22T01:50:46.852+0800] {dag.py:3452} INFO - Setting next_dagrun for example_python_operator to None, run_after=None
[2023-04-22T01:50:46.876+0800] {processor.py:175} INFO - Processing /home/gerardsho/airflow_env/lib/python3.8/site-packages/airflow/example_dags/example_python_operator.py took 0.067 seconds
[2023-04-22T01:51:28.816+0800] {processor.py:153} INFO - Started process (PID=2930) to work on /home/gerardsho/airflow_env/lib/python3.8/site-packages/airflow/example_dags/example_python_operator.py
[2023-04-22T01:51:28.819+0800] {processor.py:743} INFO - Processing file /home/gerardsho/airflow_env/lib/python3.8/site-packages/airflow/example_dags/example_python_operator.py for tasks to queue
[2023-04-22T01:51:28.820+0800] {logging_mixin.py:137} INFO - [2023-04-22T01:51:28.820+0800] {dagbag.py:532} INFO - Filling up the DagBag from /home/gerardsho/airflow_env/lib/python3.8/site-packages/airflow/example_dags/example_python_operator.py
[2023-04-22T01:51:28.829+0800] {logging_mixin.py:137} INFO - [2023-04-22T01:51:28.829+0800] {taskmixin.py:211} WARNING - Dependency <Task(_PythonDecoratedOperator): print_the_context>, log_sql_query already registered for DAG: example_python_operator
[2023-04-22T01:51:28.829+0800] {logging_mixin.py:137} INFO - [2023-04-22T01:51:28.829+0800] {taskmixin.py:211} WARNING - Dependency <Task(_PythonDecoratedOperator): log_sql_query>, print_the_context already registered for DAG: example_python_operator
[2023-04-22T01:51:28.830+0800] {logging_mixin.py:137} INFO - [2023-04-22T01:51:28.830+0800] {taskmixin.py:211} WARNING - Dependency <Task(_PythonDecoratedOperator): print_the_context>, log_sql_query already registered for DAG: example_python_operator
[2023-04-22T01:51:28.830+0800] {logging_mixin.py:137} INFO - [2023-04-22T01:51:28.830+0800] {taskmixin.py:211} WARNING - Dependency <Task(_PythonDecoratedOperator): log_sql_query>, print_the_context already registered for DAG: example_python_operator
[2023-04-22T01:51:28.830+0800] {logging_mixin.py:137} INFO - [2023-04-22T01:51:28.830+0800] {taskmixin.py:211} WARNING - Dependency <Task(_PythonDecoratedOperator): print_the_context>, log_sql_query already registered for DAG: example_python_operator
[2023-04-22T01:51:28.830+0800] {logging_mixin.py:137} INFO - [2023-04-22T01:51:28.830+0800] {taskmixin.py:211} WARNING - Dependency <Task(_PythonDecoratedOperator): log_sql_query>, print_the_context already registered for DAG: example_python_operator
[2023-04-22T01:51:28.831+0800] {logging_mixin.py:137} INFO - [2023-04-22T01:51:28.830+0800] {taskmixin.py:211} WARNING - Dependency <Task(_PythonDecoratedOperator): print_the_context>, log_sql_query already registered for DAG: example_python_operator
[2023-04-22T01:51:28.831+0800] {logging_mixin.py:137} INFO - [2023-04-22T01:51:28.831+0800] {taskmixin.py:211} WARNING - Dependency <Task(_PythonDecoratedOperator): log_sql_query>, print_the_context already registered for DAG: example_python_operator
[2023-04-22T01:51:28.834+0800] {processor.py:753} INFO - DAG(s) dict_keys(['example_python_operator']) retrieved from /home/gerardsho/airflow_env/lib/python3.8/site-packages/airflow/example_dags/example_python_operator.py
[2023-04-22T01:51:28.847+0800] {logging_mixin.py:137} INFO - [2023-04-22T01:51:28.847+0800] {dag.py:2705} INFO - Sync 1 DAGs
[2023-04-22T01:51:28.858+0800] {logging_mixin.py:137} INFO - [2023-04-22T01:51:28.858+0800] {dag.py:3452} INFO - Setting next_dagrun for example_python_operator to None, run_after=None
[2023-04-22T01:51:28.875+0800] {processor.py:175} INFO - Processing /home/gerardsho/airflow_env/lib/python3.8/site-packages/airflow/example_dags/example_python_operator.py took 0.062 seconds
[2023-04-22T01:52:10.481+0800] {processor.py:153} INFO - Started process (PID=2980) to work on /home/gerardsho/airflow_env/lib/python3.8/site-packages/airflow/example_dags/example_python_operator.py
[2023-04-22T01:52:10.485+0800] {processor.py:743} INFO - Processing file /home/gerardsho/airflow_env/lib/python3.8/site-packages/airflow/example_dags/example_python_operator.py for tasks to queue
[2023-04-22T01:52:10.485+0800] {logging_mixin.py:137} INFO - [2023-04-22T01:52:10.485+0800] {dagbag.py:532} INFO - Filling up the DagBag from /home/gerardsho/airflow_env/lib/python3.8/site-packages/airflow/example_dags/example_python_operator.py
[2023-04-22T01:52:10.495+0800] {logging_mixin.py:137} INFO - [2023-04-22T01:52:10.495+0800] {taskmixin.py:211} WARNING - Dependency <Task(_PythonDecoratedOperator): print_the_context>, log_sql_query already registered for DAG: example_python_operator
[2023-04-22T01:52:10.495+0800] {logging_mixin.py:137} INFO - [2023-04-22T01:52:10.495+0800] {taskmixin.py:211} WARNING - Dependency <Task(_PythonDecoratedOperator): log_sql_query>, print_the_context already registered for DAG: example_python_operator
[2023-04-22T01:52:10.495+0800] {logging_mixin.py:137} INFO - [2023-04-22T01:52:10.495+0800] {taskmixin.py:211} WARNING - Dependency <Task(_PythonDecoratedOperator): print_the_context>, log_sql_query already registered for DAG: example_python_operator
[2023-04-22T01:52:10.495+0800] {logging_mixin.py:137} INFO - [2023-04-22T01:52:10.495+0800] {taskmixin.py:211} WARNING - Dependency <Task(_PythonDecoratedOperator): log_sql_query>, print_the_context already registered for DAG: example_python_operator
[2023-04-22T01:52:10.496+0800] {logging_mixin.py:137} INFO - [2023-04-22T01:52:10.496+0800] {taskmixin.py:211} WARNING - Dependency <Task(_PythonDecoratedOperator): print_the_context>, log_sql_query already registered for DAG: example_python_operator
[2023-04-22T01:52:10.496+0800] {logging_mixin.py:137} INFO - [2023-04-22T01:52:10.496+0800] {taskmixin.py:211} WARNING - Dependency <Task(_PythonDecoratedOperator): log_sql_query>, print_the_context already registered for DAG: example_python_operator
[2023-04-22T01:52:10.496+0800] {logging_mixin.py:137} INFO - [2023-04-22T01:52:10.496+0800] {taskmixin.py:211} WARNING - Dependency <Task(_PythonDecoratedOperator): print_the_context>, log_sql_query already registered for DAG: example_python_operator
[2023-04-22T01:52:10.496+0800] {logging_mixin.py:137} INFO - [2023-04-22T01:52:10.496+0800] {taskmixin.py:211} WARNING - Dependency <Task(_PythonDecoratedOperator): log_sql_query>, print_the_context already registered for DAG: example_python_operator
[2023-04-22T01:52:10.499+0800] {processor.py:753} INFO - DAG(s) dict_keys(['example_python_operator']) retrieved from /home/gerardsho/airflow_env/lib/python3.8/site-packages/airflow/example_dags/example_python_operator.py
[2023-04-22T01:52:10.512+0800] {logging_mixin.py:137} INFO - [2023-04-22T01:52:10.512+0800] {dag.py:2705} INFO - Sync 1 DAGs
[2023-04-22T01:52:10.522+0800] {logging_mixin.py:137} INFO - [2023-04-22T01:52:10.522+0800] {dag.py:3452} INFO - Setting next_dagrun for example_python_operator to None, run_after=None
[2023-04-22T01:52:10.539+0800] {processor.py:175} INFO - Processing /home/gerardsho/airflow_env/lib/python3.8/site-packages/airflow/example_dags/example_python_operator.py took 0.060 seconds
[2023-04-22T01:52:50.896+0800] {processor.py:153} INFO - Started process (PID=3022) to work on /home/gerardsho/airflow_env/lib/python3.8/site-packages/airflow/example_dags/example_python_operator.py
[2023-04-22T01:52:50.899+0800] {processor.py:743} INFO - Processing file /home/gerardsho/airflow_env/lib/python3.8/site-packages/airflow/example_dags/example_python_operator.py for tasks to queue
[2023-04-22T01:52:50.900+0800] {logging_mixin.py:137} INFO - [2023-04-22T01:52:50.900+0800] {dagbag.py:532} INFO - Filling up the DagBag from /home/gerardsho/airflow_env/lib/python3.8/site-packages/airflow/example_dags/example_python_operator.py
[2023-04-22T01:52:50.911+0800] {logging_mixin.py:137} INFO - [2023-04-22T01:52:50.911+0800] {taskmixin.py:211} WARNING - Dependency <Task(_PythonDecoratedOperator): print_the_context>, log_sql_query already registered for DAG: example_python_operator
[2023-04-22T01:52:50.911+0800] {logging_mixin.py:137} INFO - [2023-04-22T01:52:50.911+0800] {taskmixin.py:211} WARNING - Dependency <Task(_PythonDecoratedOperator): log_sql_query>, print_the_context already registered for DAG: example_python_operator
[2023-04-22T01:52:50.911+0800] {logging_mixin.py:137} INFO - [2023-04-22T01:52:50.911+0800] {taskmixin.py:211} WARNING - Dependency <Task(_PythonDecoratedOperator): print_the_context>, log_sql_query already registered for DAG: example_python_operator
[2023-04-22T01:52:50.911+0800] {logging_mixin.py:137} INFO - [2023-04-22T01:52:50.911+0800] {taskmixin.py:211} WARNING - Dependency <Task(_PythonDecoratedOperator): log_sql_query>, print_the_context already registered for DAG: example_python_operator
[2023-04-22T01:52:50.911+0800] {logging_mixin.py:137} INFO - [2023-04-22T01:52:50.911+0800] {taskmixin.py:211} WARNING - Dependency <Task(_PythonDecoratedOperator): print_the_context>, log_sql_query already registered for DAG: example_python_operator
[2023-04-22T01:52:50.912+0800] {logging_mixin.py:137} INFO - [2023-04-22T01:52:50.911+0800] {taskmixin.py:211} WARNING - Dependency <Task(_PythonDecoratedOperator): log_sql_query>, print_the_context already registered for DAG: example_python_operator
[2023-04-22T01:52:50.912+0800] {logging_mixin.py:137} INFO - [2023-04-22T01:52:50.912+0800] {taskmixin.py:211} WARNING - Dependency <Task(_PythonDecoratedOperator): print_the_context>, log_sql_query already registered for DAG: example_python_operator
[2023-04-22T01:52:50.912+0800] {logging_mixin.py:137} INFO - [2023-04-22T01:52:50.912+0800] {taskmixin.py:211} WARNING - Dependency <Task(_PythonDecoratedOperator): log_sql_query>, print_the_context already registered for DAG: example_python_operator
[2023-04-22T01:52:50.916+0800] {processor.py:753} INFO - DAG(s) dict_keys(['example_python_operator']) retrieved from /home/gerardsho/airflow_env/lib/python3.8/site-packages/airflow/example_dags/example_python_operator.py
[2023-04-22T01:52:50.927+0800] {logging_mixin.py:137} INFO - [2023-04-22T01:52:50.927+0800] {dag.py:2705} INFO - Sync 1 DAGs
[2023-04-22T01:52:50.937+0800] {logging_mixin.py:137} INFO - [2023-04-22T01:52:50.937+0800] {dag.py:3452} INFO - Setting next_dagrun for example_python_operator to None, run_after=None
[2023-04-22T01:52:50.955+0800] {processor.py:175} INFO - Processing /home/gerardsho/airflow_env/lib/python3.8/site-packages/airflow/example_dags/example_python_operator.py took 0.062 seconds
[2023-04-22T01:53:31.429+0800] {processor.py:153} INFO - Started process (PID=3064) to work on /home/gerardsho/airflow_env/lib/python3.8/site-packages/airflow/example_dags/example_python_operator.py
[2023-04-22T01:53:31.432+0800] {processor.py:743} INFO - Processing file /home/gerardsho/airflow_env/lib/python3.8/site-packages/airflow/example_dags/example_python_operator.py for tasks to queue
[2023-04-22T01:53:31.433+0800] {logging_mixin.py:137} INFO - [2023-04-22T01:53:31.433+0800] {dagbag.py:532} INFO - Filling up the DagBag from /home/gerardsho/airflow_env/lib/python3.8/site-packages/airflow/example_dags/example_python_operator.py
[2023-04-22T01:53:31.443+0800] {logging_mixin.py:137} INFO - [2023-04-22T01:53:31.443+0800] {taskmixin.py:211} WARNING - Dependency <Task(_PythonDecoratedOperator): print_the_context>, log_sql_query already registered for DAG: example_python_operator
[2023-04-22T01:53:31.443+0800] {logging_mixin.py:137} INFO - [2023-04-22T01:53:31.443+0800] {taskmixin.py:211} WARNING - Dependency <Task(_PythonDecoratedOperator): log_sql_query>, print_the_context already registered for DAG: example_python_operator
[2023-04-22T01:53:31.444+0800] {logging_mixin.py:137} INFO - [2023-04-22T01:53:31.444+0800] {taskmixin.py:211} WARNING - Dependency <Task(_PythonDecoratedOperator): print_the_context>, log_sql_query already registered for DAG: example_python_operator
[2023-04-22T01:53:31.444+0800] {logging_mixin.py:137} INFO - [2023-04-22T01:53:31.444+0800] {taskmixin.py:211} WARNING - Dependency <Task(_PythonDecoratedOperator): log_sql_query>, print_the_context already registered for DAG: example_python_operator
[2023-04-22T01:53:31.444+0800] {logging_mixin.py:137} INFO - [2023-04-22T01:53:31.444+0800] {taskmixin.py:211} WARNING - Dependency <Task(_PythonDecoratedOperator): print_the_context>, log_sql_query already registered for DAG: example_python_operator
[2023-04-22T01:53:31.444+0800] {logging_mixin.py:137} INFO - [2023-04-22T01:53:31.444+0800] {taskmixin.py:211} WARNING - Dependency <Task(_PythonDecoratedOperator): log_sql_query>, print_the_context already registered for DAG: example_python_operator
[2023-04-22T01:53:31.444+0800] {logging_mixin.py:137} INFO - [2023-04-22T01:53:31.444+0800] {taskmixin.py:211} WARNING - Dependency <Task(_PythonDecoratedOperator): print_the_context>, log_sql_query already registered for DAG: example_python_operator
[2023-04-22T01:53:31.445+0800] {logging_mixin.py:137} INFO - [2023-04-22T01:53:31.445+0800] {taskmixin.py:211} WARNING - Dependency <Task(_PythonDecoratedOperator): log_sql_query>, print_the_context already registered for DAG: example_python_operator
[2023-04-22T01:53:31.448+0800] {processor.py:753} INFO - DAG(s) dict_keys(['example_python_operator']) retrieved from /home/gerardsho/airflow_env/lib/python3.8/site-packages/airflow/example_dags/example_python_operator.py
[2023-04-22T01:53:31.462+0800] {logging_mixin.py:137} INFO - [2023-04-22T01:53:31.462+0800] {dag.py:2705} INFO - Sync 1 DAGs
[2023-04-22T01:53:31.472+0800] {logging_mixin.py:137} INFO - [2023-04-22T01:53:31.472+0800] {dag.py:3452} INFO - Setting next_dagrun for example_python_operator to None, run_after=None
[2023-04-22T01:53:31.490+0800] {processor.py:175} INFO - Processing /home/gerardsho/airflow_env/lib/python3.8/site-packages/airflow/example_dags/example_python_operator.py took 0.063 seconds
[2023-04-22T01:54:11.995+0800] {processor.py:153} INFO - Started process (PID=3106) to work on /home/gerardsho/airflow_env/lib/python3.8/site-packages/airflow/example_dags/example_python_operator.py
[2023-04-22T01:54:11.999+0800] {processor.py:743} INFO - Processing file /home/gerardsho/airflow_env/lib/python3.8/site-packages/airflow/example_dags/example_python_operator.py for tasks to queue
[2023-04-22T01:54:11.999+0800] {logging_mixin.py:137} INFO - [2023-04-22T01:54:11.999+0800] {dagbag.py:532} INFO - Filling up the DagBag from /home/gerardsho/airflow_env/lib/python3.8/site-packages/airflow/example_dags/example_python_operator.py
[2023-04-22T01:54:12.010+0800] {logging_mixin.py:137} INFO - [2023-04-22T01:54:12.009+0800] {taskmixin.py:211} WARNING - Dependency <Task(_PythonDecoratedOperator): print_the_context>, log_sql_query already registered for DAG: example_python_operator
[2023-04-22T01:54:12.010+0800] {logging_mixin.py:137} INFO - [2023-04-22T01:54:12.010+0800] {taskmixin.py:211} WARNING - Dependency <Task(_PythonDecoratedOperator): log_sql_query>, print_the_context already registered for DAG: example_python_operator
[2023-04-22T01:54:12.010+0800] {logging_mixin.py:137} INFO - [2023-04-22T01:54:12.010+0800] {taskmixin.py:211} WARNING - Dependency <Task(_PythonDecoratedOperator): print_the_context>, log_sql_query already registered for DAG: example_python_operator
[2023-04-22T01:54:12.010+0800] {logging_mixin.py:137} INFO - [2023-04-22T01:54:12.010+0800] {taskmixin.py:211} WARNING - Dependency <Task(_PythonDecoratedOperator): log_sql_query>, print_the_context already registered for DAG: example_python_operator
[2023-04-22T01:54:12.010+0800] {logging_mixin.py:137} INFO - [2023-04-22T01:54:12.010+0800] {taskmixin.py:211} WARNING - Dependency <Task(_PythonDecoratedOperator): print_the_context>, log_sql_query already registered for DAG: example_python_operator
[2023-04-22T01:54:12.010+0800] {logging_mixin.py:137} INFO - [2023-04-22T01:54:12.010+0800] {taskmixin.py:211} WARNING - Dependency <Task(_PythonDecoratedOperator): log_sql_query>, print_the_context already registered for DAG: example_python_operator
[2023-04-22T01:54:12.011+0800] {logging_mixin.py:137} INFO - [2023-04-22T01:54:12.011+0800] {taskmixin.py:211} WARNING - Dependency <Task(_PythonDecoratedOperator): print_the_context>, log_sql_query already registered for DAG: example_python_operator
[2023-04-22T01:54:12.011+0800] {logging_mixin.py:137} INFO - [2023-04-22T01:54:12.011+0800] {taskmixin.py:211} WARNING - Dependency <Task(_PythonDecoratedOperator): log_sql_query>, print_the_context already registered for DAG: example_python_operator
[2023-04-22T01:54:12.014+0800] {processor.py:753} INFO - DAG(s) dict_keys(['example_python_operator']) retrieved from /home/gerardsho/airflow_env/lib/python3.8/site-packages/airflow/example_dags/example_python_operator.py
[2023-04-22T01:54:12.027+0800] {logging_mixin.py:137} INFO - [2023-04-22T01:54:12.026+0800] {dag.py:2705} INFO - Sync 1 DAGs
[2023-04-22T01:54:12.039+0800] {logging_mixin.py:137} INFO - [2023-04-22T01:54:12.039+0800] {dag.py:3452} INFO - Setting next_dagrun for example_python_operator to None, run_after=None
[2023-04-22T01:54:12.057+0800] {processor.py:175} INFO - Processing /home/gerardsho/airflow_env/lib/python3.8/site-packages/airflow/example_dags/example_python_operator.py took 0.064 seconds
[2023-04-22T01:54:52.025+0800] {processor.py:153} INFO - Started process (PID=3152) to work on /home/gerardsho/airflow_env/lib/python3.8/site-packages/airflow/example_dags/example_python_operator.py
[2023-04-22T01:54:52.027+0800] {processor.py:743} INFO - Processing file /home/gerardsho/airflow_env/lib/python3.8/site-packages/airflow/example_dags/example_python_operator.py for tasks to queue
[2023-04-22T01:54:52.028+0800] {logging_mixin.py:137} INFO - [2023-04-22T01:54:52.028+0800] {dagbag.py:532} INFO - Filling up the DagBag from /home/gerardsho/airflow_env/lib/python3.8/site-packages/airflow/example_dags/example_python_operator.py
[2023-04-22T01:54:52.041+0800] {logging_mixin.py:137} INFO - [2023-04-22T01:54:52.041+0800] {taskmixin.py:211} WARNING - Dependency <Task(_PythonDecoratedOperator): print_the_context>, log_sql_query already registered for DAG: example_python_operator
[2023-04-22T01:54:52.041+0800] {logging_mixin.py:137} INFO - [2023-04-22T01:54:52.041+0800] {taskmixin.py:211} WARNING - Dependency <Task(_PythonDecoratedOperator): log_sql_query>, print_the_context already registered for DAG: example_python_operator
[2023-04-22T01:54:52.041+0800] {logging_mixin.py:137} INFO - [2023-04-22T01:54:52.041+0800] {taskmixin.py:211} WARNING - Dependency <Task(_PythonDecoratedOperator): print_the_context>, log_sql_query already registered for DAG: example_python_operator
[2023-04-22T01:54:52.041+0800] {logging_mixin.py:137} INFO - [2023-04-22T01:54:52.041+0800] {taskmixin.py:211} WARNING - Dependency <Task(_PythonDecoratedOperator): log_sql_query>, print_the_context already registered for DAG: example_python_operator
[2023-04-22T01:54:52.042+0800] {logging_mixin.py:137} INFO - [2023-04-22T01:54:52.042+0800] {taskmixin.py:211} WARNING - Dependency <Task(_PythonDecoratedOperator): print_the_context>, log_sql_query already registered for DAG: example_python_operator
[2023-04-22T01:54:52.042+0800] {logging_mixin.py:137} INFO - [2023-04-22T01:54:52.042+0800] {taskmixin.py:211} WARNING - Dependency <Task(_PythonDecoratedOperator): log_sql_query>, print_the_context already registered for DAG: example_python_operator
[2023-04-22T01:54:52.042+0800] {logging_mixin.py:137} INFO - [2023-04-22T01:54:52.042+0800] {taskmixin.py:211} WARNING - Dependency <Task(_PythonDecoratedOperator): print_the_context>, log_sql_query already registered for DAG: example_python_operator
[2023-04-22T01:54:52.042+0800] {logging_mixin.py:137} INFO - [2023-04-22T01:54:52.042+0800] {taskmixin.py:211} WARNING - Dependency <Task(_PythonDecoratedOperator): log_sql_query>, print_the_context already registered for DAG: example_python_operator
[2023-04-22T01:54:52.046+0800] {processor.py:753} INFO - DAG(s) dict_keys(['example_python_operator']) retrieved from /home/gerardsho/airflow_env/lib/python3.8/site-packages/airflow/example_dags/example_python_operator.py
[2023-04-22T01:54:52.063+0800] {logging_mixin.py:137} INFO - [2023-04-22T01:54:52.063+0800] {dag.py:2705} INFO - Sync 1 DAGs
[2023-04-22T01:54:52.078+0800] {logging_mixin.py:137} INFO - [2023-04-22T01:54:52.078+0800] {dag.py:3452} INFO - Setting next_dagrun for example_python_operator to None, run_after=None
[2023-04-22T01:54:52.096+0800] {processor.py:175} INFO - Processing /home/gerardsho/airflow_env/lib/python3.8/site-packages/airflow/example_dags/example_python_operator.py took 0.073 seconds
[2023-04-22T01:55:33.089+0800] {processor.py:153} INFO - Started process (PID=3198) to work on /home/gerardsho/airflow_env/lib/python3.8/site-packages/airflow/example_dags/example_python_operator.py
[2023-04-22T01:55:33.093+0800] {processor.py:743} INFO - Processing file /home/gerardsho/airflow_env/lib/python3.8/site-packages/airflow/example_dags/example_python_operator.py for tasks to queue
[2023-04-22T01:55:33.093+0800] {logging_mixin.py:137} INFO - [2023-04-22T01:55:33.093+0800] {dagbag.py:532} INFO - Filling up the DagBag from /home/gerardsho/airflow_env/lib/python3.8/site-packages/airflow/example_dags/example_python_operator.py
[2023-04-22T01:55:33.104+0800] {logging_mixin.py:137} INFO - [2023-04-22T01:55:33.104+0800] {taskmixin.py:211} WARNING - Dependency <Task(_PythonDecoratedOperator): print_the_context>, log_sql_query already registered for DAG: example_python_operator
[2023-04-22T01:55:33.104+0800] {logging_mixin.py:137} INFO - [2023-04-22T01:55:33.104+0800] {taskmixin.py:211} WARNING - Dependency <Task(_PythonDecoratedOperator): log_sql_query>, print_the_context already registered for DAG: example_python_operator
[2023-04-22T01:55:33.105+0800] {logging_mixin.py:137} INFO - [2023-04-22T01:55:33.105+0800] {taskmixin.py:211} WARNING - Dependency <Task(_PythonDecoratedOperator): print_the_context>, log_sql_query already registered for DAG: example_python_operator
[2023-04-22T01:55:33.105+0800] {logging_mixin.py:137} INFO - [2023-04-22T01:55:33.105+0800] {taskmixin.py:211} WARNING - Dependency <Task(_PythonDecoratedOperator): log_sql_query>, print_the_context already registered for DAG: example_python_operator
[2023-04-22T01:55:33.105+0800] {logging_mixin.py:137} INFO - [2023-04-22T01:55:33.105+0800] {taskmixin.py:211} WARNING - Dependency <Task(_PythonDecoratedOperator): print_the_context>, log_sql_query already registered for DAG: example_python_operator
[2023-04-22T01:55:33.105+0800] {logging_mixin.py:137} INFO - [2023-04-22T01:55:33.105+0800] {taskmixin.py:211} WARNING - Dependency <Task(_PythonDecoratedOperator): log_sql_query>, print_the_context already registered for DAG: example_python_operator
[2023-04-22T01:55:33.106+0800] {logging_mixin.py:137} INFO - [2023-04-22T01:55:33.106+0800] {taskmixin.py:211} WARNING - Dependency <Task(_PythonDecoratedOperator): print_the_context>, log_sql_query already registered for DAG: example_python_operator
[2023-04-22T01:55:33.106+0800] {logging_mixin.py:137} INFO - [2023-04-22T01:55:33.106+0800] {taskmixin.py:211} WARNING - Dependency <Task(_PythonDecoratedOperator): log_sql_query>, print_the_context already registered for DAG: example_python_operator
[2023-04-22T01:55:33.109+0800] {processor.py:753} INFO - DAG(s) dict_keys(['example_python_operator']) retrieved from /home/gerardsho/airflow_env/lib/python3.8/site-packages/airflow/example_dags/example_python_operator.py
[2023-04-22T01:55:33.124+0800] {logging_mixin.py:137} INFO - [2023-04-22T01:55:33.124+0800] {dag.py:2705} INFO - Sync 1 DAGs
[2023-04-22T01:55:33.135+0800] {logging_mixin.py:137} INFO - [2023-04-22T01:55:33.135+0800] {dag.py:3452} INFO - Setting next_dagrun for example_python_operator to None, run_after=None
[2023-04-22T01:55:33.155+0800] {processor.py:175} INFO - Processing /home/gerardsho/airflow_env/lib/python3.8/site-packages/airflow/example_dags/example_python_operator.py took 0.068 seconds
[2023-04-22T01:56:14.176+0800] {processor.py:153} INFO - Started process (PID=3243) to work on /home/gerardsho/airflow_env/lib/python3.8/site-packages/airflow/example_dags/example_python_operator.py
[2023-04-22T01:56:14.179+0800] {processor.py:743} INFO - Processing file /home/gerardsho/airflow_env/lib/python3.8/site-packages/airflow/example_dags/example_python_operator.py for tasks to queue
[2023-04-22T01:56:14.180+0800] {logging_mixin.py:137} INFO - [2023-04-22T01:56:14.180+0800] {dagbag.py:532} INFO - Filling up the DagBag from /home/gerardsho/airflow_env/lib/python3.8/site-packages/airflow/example_dags/example_python_operator.py
[2023-04-22T01:56:14.190+0800] {logging_mixin.py:137} INFO - [2023-04-22T01:56:14.190+0800] {taskmixin.py:211} WARNING - Dependency <Task(_PythonDecoratedOperator): print_the_context>, log_sql_query already registered for DAG: example_python_operator
[2023-04-22T01:56:14.190+0800] {logging_mixin.py:137} INFO - [2023-04-22T01:56:14.190+0800] {taskmixin.py:211} WARNING - Dependency <Task(_PythonDecoratedOperator): log_sql_query>, print_the_context already registered for DAG: example_python_operator
[2023-04-22T01:56:14.190+0800] {logging_mixin.py:137} INFO - [2023-04-22T01:56:14.190+0800] {taskmixin.py:211} WARNING - Dependency <Task(_PythonDecoratedOperator): print_the_context>, log_sql_query already registered for DAG: example_python_operator
[2023-04-22T01:56:14.191+0800] {logging_mixin.py:137} INFO - [2023-04-22T01:56:14.191+0800] {taskmixin.py:211} WARNING - Dependency <Task(_PythonDecoratedOperator): log_sql_query>, print_the_context already registered for DAG: example_python_operator
[2023-04-22T01:56:14.191+0800] {logging_mixin.py:137} INFO - [2023-04-22T01:56:14.191+0800] {taskmixin.py:211} WARNING - Dependency <Task(_PythonDecoratedOperator): print_the_context>, log_sql_query already registered for DAG: example_python_operator
[2023-04-22T01:56:14.191+0800] {logging_mixin.py:137} INFO - [2023-04-22T01:56:14.191+0800] {taskmixin.py:211} WARNING - Dependency <Task(_PythonDecoratedOperator): log_sql_query>, print_the_context already registered for DAG: example_python_operator
[2023-04-22T01:56:14.191+0800] {logging_mixin.py:137} INFO - [2023-04-22T01:56:14.191+0800] {taskmixin.py:211} WARNING - Dependency <Task(_PythonDecoratedOperator): print_the_context>, log_sql_query already registered for DAG: example_python_operator
[2023-04-22T01:56:14.191+0800] {logging_mixin.py:137} INFO - [2023-04-22T01:56:14.191+0800] {taskmixin.py:211} WARNING - Dependency <Task(_PythonDecoratedOperator): log_sql_query>, print_the_context already registered for DAG: example_python_operator
[2023-04-22T01:56:14.195+0800] {processor.py:753} INFO - DAG(s) dict_keys(['example_python_operator']) retrieved from /home/gerardsho/airflow_env/lib/python3.8/site-packages/airflow/example_dags/example_python_operator.py
[2023-04-22T01:56:14.208+0800] {logging_mixin.py:137} INFO - [2023-04-22T01:56:14.208+0800] {dag.py:2705} INFO - Sync 1 DAGs
[2023-04-22T01:56:14.218+0800] {logging_mixin.py:137} INFO - [2023-04-22T01:56:14.218+0800] {dag.py:3452} INFO - Setting next_dagrun for example_python_operator to None, run_after=None
[2023-04-22T01:56:14.236+0800] {processor.py:175} INFO - Processing /home/gerardsho/airflow_env/lib/python3.8/site-packages/airflow/example_dags/example_python_operator.py took 0.062 seconds
[2023-04-22T01:56:54.144+0800] {processor.py:153} INFO - Started process (PID=3291) to work on /home/gerardsho/airflow_env/lib/python3.8/site-packages/airflow/example_dags/example_python_operator.py
[2023-04-22T01:56:54.147+0800] {processor.py:743} INFO - Processing file /home/gerardsho/airflow_env/lib/python3.8/site-packages/airflow/example_dags/example_python_operator.py for tasks to queue
[2023-04-22T01:56:54.148+0800] {logging_mixin.py:137} INFO - [2023-04-22T01:56:54.148+0800] {dagbag.py:532} INFO - Filling up the DagBag from /home/gerardsho/airflow_env/lib/python3.8/site-packages/airflow/example_dags/example_python_operator.py
[2023-04-22T01:56:54.159+0800] {logging_mixin.py:137} INFO - [2023-04-22T01:56:54.159+0800] {taskmixin.py:211} WARNING - Dependency <Task(_PythonDecoratedOperator): print_the_context>, log_sql_query already registered for DAG: example_python_operator
[2023-04-22T01:56:54.159+0800] {logging_mixin.py:137} INFO - [2023-04-22T01:56:54.159+0800] {taskmixin.py:211} WARNING - Dependency <Task(_PythonDecoratedOperator): log_sql_query>, print_the_context already registered for DAG: example_python_operator
[2023-04-22T01:56:54.159+0800] {logging_mixin.py:137} INFO - [2023-04-22T01:56:54.159+0800] {taskmixin.py:211} WARNING - Dependency <Task(_PythonDecoratedOperator): print_the_context>, log_sql_query already registered for DAG: example_python_operator
[2023-04-22T01:56:54.160+0800] {logging_mixin.py:137} INFO - [2023-04-22T01:56:54.159+0800] {taskmixin.py:211} WARNING - Dependency <Task(_PythonDecoratedOperator): log_sql_query>, print_the_context already registered for DAG: example_python_operator
[2023-04-22T01:56:54.160+0800] {logging_mixin.py:137} INFO - [2023-04-22T01:56:54.160+0800] {taskmixin.py:211} WARNING - Dependency <Task(_PythonDecoratedOperator): print_the_context>, log_sql_query already registered for DAG: example_python_operator
[2023-04-22T01:56:54.160+0800] {logging_mixin.py:137} INFO - [2023-04-22T01:56:54.160+0800] {taskmixin.py:211} WARNING - Dependency <Task(_PythonDecoratedOperator): log_sql_query>, print_the_context already registered for DAG: example_python_operator
[2023-04-22T01:56:54.160+0800] {logging_mixin.py:137} INFO - [2023-04-22T01:56:54.160+0800] {taskmixin.py:211} WARNING - Dependency <Task(_PythonDecoratedOperator): print_the_context>, log_sql_query already registered for DAG: example_python_operator
[2023-04-22T01:56:54.160+0800] {logging_mixin.py:137} INFO - [2023-04-22T01:56:54.160+0800] {taskmixin.py:211} WARNING - Dependency <Task(_PythonDecoratedOperator): log_sql_query>, print_the_context already registered for DAG: example_python_operator
[2023-04-22T01:56:54.164+0800] {processor.py:753} INFO - DAG(s) dict_keys(['example_python_operator']) retrieved from /home/gerardsho/airflow_env/lib/python3.8/site-packages/airflow/example_dags/example_python_operator.py
[2023-04-22T01:56:54.179+0800] {logging_mixin.py:137} INFO - [2023-04-22T01:56:54.179+0800] {dag.py:2705} INFO - Sync 1 DAGs
[2023-04-22T01:56:54.192+0800] {logging_mixin.py:137} INFO - [2023-04-22T01:56:54.192+0800] {dag.py:3452} INFO - Setting next_dagrun for example_python_operator to None, run_after=None
[2023-04-22T01:56:54.210+0800] {processor.py:175} INFO - Processing /home/gerardsho/airflow_env/lib/python3.8/site-packages/airflow/example_dags/example_python_operator.py took 0.068 seconds
[2023-04-22T01:57:34.281+0800] {processor.py:153} INFO - Started process (PID=3336) to work on /home/gerardsho/airflow_env/lib/python3.8/site-packages/airflow/example_dags/example_python_operator.py
[2023-04-22T01:57:34.284+0800] {processor.py:743} INFO - Processing file /home/gerardsho/airflow_env/lib/python3.8/site-packages/airflow/example_dags/example_python_operator.py for tasks to queue
[2023-04-22T01:57:34.285+0800] {logging_mixin.py:137} INFO - [2023-04-22T01:57:34.285+0800] {dagbag.py:532} INFO - Filling up the DagBag from /home/gerardsho/airflow_env/lib/python3.8/site-packages/airflow/example_dags/example_python_operator.py
[2023-04-22T01:57:34.295+0800] {logging_mixin.py:137} INFO - [2023-04-22T01:57:34.295+0800] {taskmixin.py:211} WARNING - Dependency <Task(_PythonDecoratedOperator): print_the_context>, log_sql_query already registered for DAG: example_python_operator
[2023-04-22T01:57:34.295+0800] {logging_mixin.py:137} INFO - [2023-04-22T01:57:34.295+0800] {taskmixin.py:211} WARNING - Dependency <Task(_PythonDecoratedOperator): log_sql_query>, print_the_context already registered for DAG: example_python_operator
[2023-04-22T01:57:34.296+0800] {logging_mixin.py:137} INFO - [2023-04-22T01:57:34.296+0800] {taskmixin.py:211} WARNING - Dependency <Task(_PythonDecoratedOperator): print_the_context>, log_sql_query already registered for DAG: example_python_operator
[2023-04-22T01:57:34.296+0800] {logging_mixin.py:137} INFO - [2023-04-22T01:57:34.296+0800] {taskmixin.py:211} WARNING - Dependency <Task(_PythonDecoratedOperator): log_sql_query>, print_the_context already registered for DAG: example_python_operator
[2023-04-22T01:57:34.296+0800] {logging_mixin.py:137} INFO - [2023-04-22T01:57:34.296+0800] {taskmixin.py:211} WARNING - Dependency <Task(_PythonDecoratedOperator): print_the_context>, log_sql_query already registered for DAG: example_python_operator
[2023-04-22T01:57:34.296+0800] {logging_mixin.py:137} INFO - [2023-04-22T01:57:34.296+0800] {taskmixin.py:211} WARNING - Dependency <Task(_PythonDecoratedOperator): log_sql_query>, print_the_context already registered for DAG: example_python_operator
[2023-04-22T01:57:34.297+0800] {logging_mixin.py:137} INFO - [2023-04-22T01:57:34.297+0800] {taskmixin.py:211} WARNING - Dependency <Task(_PythonDecoratedOperator): print_the_context>, log_sql_query already registered for DAG: example_python_operator
[2023-04-22T01:57:34.297+0800] {logging_mixin.py:137} INFO - [2023-04-22T01:57:34.297+0800] {taskmixin.py:211} WARNING - Dependency <Task(_PythonDecoratedOperator): log_sql_query>, print_the_context already registered for DAG: example_python_operator
[2023-04-22T01:57:34.302+0800] {processor.py:753} INFO - DAG(s) dict_keys(['example_python_operator']) retrieved from /home/gerardsho/airflow_env/lib/python3.8/site-packages/airflow/example_dags/example_python_operator.py
[2023-04-22T01:57:34.317+0800] {logging_mixin.py:137} INFO - [2023-04-22T01:57:34.317+0800] {dag.py:2705} INFO - Sync 1 DAGs
[2023-04-22T01:57:34.329+0800] {logging_mixin.py:137} INFO - [2023-04-22T01:57:34.329+0800] {dag.py:3452} INFO - Setting next_dagrun for example_python_operator to None, run_after=None
[2023-04-22T01:57:34.347+0800] {processor.py:175} INFO - Processing /home/gerardsho/airflow_env/lib/python3.8/site-packages/airflow/example_dags/example_python_operator.py took 0.068 seconds
[2023-04-22T01:58:15.072+0800] {processor.py:153} INFO - Started process (PID=3385) to work on /home/gerardsho/airflow_env/lib/python3.8/site-packages/airflow/example_dags/example_python_operator.py
[2023-04-22T01:58:15.075+0800] {processor.py:743} INFO - Processing file /home/gerardsho/airflow_env/lib/python3.8/site-packages/airflow/example_dags/example_python_operator.py for tasks to queue
[2023-04-22T01:58:15.075+0800] {logging_mixin.py:137} INFO - [2023-04-22T01:58:15.075+0800] {dagbag.py:532} INFO - Filling up the DagBag from /home/gerardsho/airflow_env/lib/python3.8/site-packages/airflow/example_dags/example_python_operator.py
[2023-04-22T01:58:15.086+0800] {logging_mixin.py:137} INFO - [2023-04-22T01:58:15.086+0800] {taskmixin.py:211} WARNING - Dependency <Task(_PythonDecoratedOperator): print_the_context>, log_sql_query already registered for DAG: example_python_operator
[2023-04-22T01:58:15.086+0800] {logging_mixin.py:137} INFO - [2023-04-22T01:58:15.086+0800] {taskmixin.py:211} WARNING - Dependency <Task(_PythonDecoratedOperator): log_sql_query>, print_the_context already registered for DAG: example_python_operator
[2023-04-22T01:58:15.086+0800] {logging_mixin.py:137} INFO - [2023-04-22T01:58:15.086+0800] {taskmixin.py:211} WARNING - Dependency <Task(_PythonDecoratedOperator): print_the_context>, log_sql_query already registered for DAG: example_python_operator
[2023-04-22T01:58:15.087+0800] {logging_mixin.py:137} INFO - [2023-04-22T01:58:15.086+0800] {taskmixin.py:211} WARNING - Dependency <Task(_PythonDecoratedOperator): log_sql_query>, print_the_context already registered for DAG: example_python_operator
[2023-04-22T01:58:15.087+0800] {logging_mixin.py:137} INFO - [2023-04-22T01:58:15.087+0800] {taskmixin.py:211} WARNING - Dependency <Task(_PythonDecoratedOperator): print_the_context>, log_sql_query already registered for DAG: example_python_operator
[2023-04-22T01:58:15.087+0800] {logging_mixin.py:137} INFO - [2023-04-22T01:58:15.087+0800] {taskmixin.py:211} WARNING - Dependency <Task(_PythonDecoratedOperator): log_sql_query>, print_the_context already registered for DAG: example_python_operator
[2023-04-22T01:58:15.087+0800] {logging_mixin.py:137} INFO - [2023-04-22T01:58:15.087+0800] {taskmixin.py:211} WARNING - Dependency <Task(_PythonDecoratedOperator): print_the_context>, log_sql_query already registered for DAG: example_python_operator
[2023-04-22T01:58:15.087+0800] {logging_mixin.py:137} INFO - [2023-04-22T01:58:15.087+0800] {taskmixin.py:211} WARNING - Dependency <Task(_PythonDecoratedOperator): log_sql_query>, print_the_context already registered for DAG: example_python_operator
[2023-04-22T01:58:15.091+0800] {processor.py:753} INFO - DAG(s) dict_keys(['example_python_operator']) retrieved from /home/gerardsho/airflow_env/lib/python3.8/site-packages/airflow/example_dags/example_python_operator.py
[2023-04-22T01:58:15.107+0800] {logging_mixin.py:137} INFO - [2023-04-22T01:58:15.107+0800] {dag.py:2705} INFO - Sync 1 DAGs
[2023-04-22T01:58:15.119+0800] {logging_mixin.py:137} INFO - [2023-04-22T01:58:15.119+0800] {dag.py:3452} INFO - Setting next_dagrun for example_python_operator to None, run_after=None
[2023-04-22T01:58:15.137+0800] {processor.py:175} INFO - Processing /home/gerardsho/airflow_env/lib/python3.8/site-packages/airflow/example_dags/example_python_operator.py took 0.067 seconds
[2023-04-22T01:58:56.769+0800] {processor.py:153} INFO - Started process (PID=3427) to work on /home/gerardsho/airflow_env/lib/python3.8/site-packages/airflow/example_dags/example_python_operator.py
[2023-04-22T01:58:56.772+0800] {processor.py:743} INFO - Processing file /home/gerardsho/airflow_env/lib/python3.8/site-packages/airflow/example_dags/example_python_operator.py for tasks to queue
[2023-04-22T01:58:56.773+0800] {logging_mixin.py:137} INFO - [2023-04-22T01:58:56.773+0800] {dagbag.py:532} INFO - Filling up the DagBag from /home/gerardsho/airflow_env/lib/python3.8/site-packages/airflow/example_dags/example_python_operator.py
[2023-04-22T01:58:56.782+0800] {logging_mixin.py:137} INFO - [2023-04-22T01:58:56.782+0800] {taskmixin.py:211} WARNING - Dependency <Task(_PythonDecoratedOperator): print_the_context>, log_sql_query already registered for DAG: example_python_operator
[2023-04-22T01:58:56.782+0800] {logging_mixin.py:137} INFO - [2023-04-22T01:58:56.782+0800] {taskmixin.py:211} WARNING - Dependency <Task(_PythonDecoratedOperator): log_sql_query>, print_the_context already registered for DAG: example_python_operator
[2023-04-22T01:58:56.783+0800] {logging_mixin.py:137} INFO - [2023-04-22T01:58:56.783+0800] {taskmixin.py:211} WARNING - Dependency <Task(_PythonDecoratedOperator): print_the_context>, log_sql_query already registered for DAG: example_python_operator
[2023-04-22T01:58:56.783+0800] {logging_mixin.py:137} INFO - [2023-04-22T01:58:56.783+0800] {taskmixin.py:211} WARNING - Dependency <Task(_PythonDecoratedOperator): log_sql_query>, print_the_context already registered for DAG: example_python_operator
[2023-04-22T01:58:56.783+0800] {logging_mixin.py:137} INFO - [2023-04-22T01:58:56.783+0800] {taskmixin.py:211} WARNING - Dependency <Task(_PythonDecoratedOperator): print_the_context>, log_sql_query already registered for DAG: example_python_operator
[2023-04-22T01:58:56.783+0800] {logging_mixin.py:137} INFO - [2023-04-22T01:58:56.783+0800] {taskmixin.py:211} WARNING - Dependency <Task(_PythonDecoratedOperator): log_sql_query>, print_the_context already registered for DAG: example_python_operator
[2023-04-22T01:58:56.783+0800] {logging_mixin.py:137} INFO - [2023-04-22T01:58:56.783+0800] {taskmixin.py:211} WARNING - Dependency <Task(_PythonDecoratedOperator): print_the_context>, log_sql_query already registered for DAG: example_python_operator
[2023-04-22T01:58:56.784+0800] {logging_mixin.py:137} INFO - [2023-04-22T01:58:56.784+0800] {taskmixin.py:211} WARNING - Dependency <Task(_PythonDecoratedOperator): log_sql_query>, print_the_context already registered for DAG: example_python_operator
[2023-04-22T01:58:56.787+0800] {processor.py:753} INFO - DAG(s) dict_keys(['example_python_operator']) retrieved from /home/gerardsho/airflow_env/lib/python3.8/site-packages/airflow/example_dags/example_python_operator.py
[2023-04-22T01:58:56.801+0800] {logging_mixin.py:137} INFO - [2023-04-22T01:58:56.801+0800] {dag.py:2705} INFO - Sync 1 DAGs
[2023-04-22T01:58:56.811+0800] {logging_mixin.py:137} INFO - [2023-04-22T01:58:56.811+0800] {dag.py:3452} INFO - Setting next_dagrun for example_python_operator to None, run_after=None
[2023-04-22T01:58:56.829+0800] {processor.py:175} INFO - Processing /home/gerardsho/airflow_env/lib/python3.8/site-packages/airflow/example_dags/example_python_operator.py took 0.062 seconds
[2023-04-22T01:59:35.358+0800] {processor.py:153} INFO - Started process (PID=3469) to work on /home/gerardsho/airflow_env/lib/python3.8/site-packages/airflow/example_dags/example_python_operator.py
[2023-04-22T01:59:35.359+0800] {processor.py:743} INFO - Processing file /home/gerardsho/airflow_env/lib/python3.8/site-packages/airflow/example_dags/example_python_operator.py for tasks to queue
[2023-04-22T01:59:35.360+0800] {logging_mixin.py:137} INFO - [2023-04-22T01:59:35.360+0800] {dagbag.py:532} INFO - Filling up the DagBag from /home/gerardsho/airflow_env/lib/python3.8/site-packages/airflow/example_dags/example_python_operator.py
[2023-04-22T01:59:35.372+0800] {logging_mixin.py:137} INFO - [2023-04-22T01:59:35.372+0800] {taskmixin.py:211} WARNING - Dependency <Task(_PythonDecoratedOperator): print_the_context>, log_sql_query already registered for DAG: example_python_operator
[2023-04-22T01:59:35.372+0800] {logging_mixin.py:137} INFO - [2023-04-22T01:59:35.372+0800] {taskmixin.py:211} WARNING - Dependency <Task(_PythonDecoratedOperator): log_sql_query>, print_the_context already registered for DAG: example_python_operator
[2023-04-22T01:59:35.373+0800] {logging_mixin.py:137} INFO - [2023-04-22T01:59:35.373+0800] {taskmixin.py:211} WARNING - Dependency <Task(_PythonDecoratedOperator): print_the_context>, log_sql_query already registered for DAG: example_python_operator
[2023-04-22T01:59:35.373+0800] {logging_mixin.py:137} INFO - [2023-04-22T01:59:35.373+0800] {taskmixin.py:211} WARNING - Dependency <Task(_PythonDecoratedOperator): log_sql_query>, print_the_context already registered for DAG: example_python_operator
[2023-04-22T01:59:35.373+0800] {logging_mixin.py:137} INFO - [2023-04-22T01:59:35.373+0800] {taskmixin.py:211} WARNING - Dependency <Task(_PythonDecoratedOperator): print_the_context>, log_sql_query already registered for DAG: example_python_operator
[2023-04-22T01:59:35.373+0800] {logging_mixin.py:137} INFO - [2023-04-22T01:59:35.373+0800] {taskmixin.py:211} WARNING - Dependency <Task(_PythonDecoratedOperator): log_sql_query>, print_the_context already registered for DAG: example_python_operator
[2023-04-22T01:59:35.373+0800] {logging_mixin.py:137} INFO - [2023-04-22T01:59:35.373+0800] {taskmixin.py:211} WARNING - Dependency <Task(_PythonDecoratedOperator): print_the_context>, log_sql_query already registered for DAG: example_python_operator
[2023-04-22T01:59:35.373+0800] {logging_mixin.py:137} INFO - [2023-04-22T01:59:35.373+0800] {taskmixin.py:211} WARNING - Dependency <Task(_PythonDecoratedOperator): log_sql_query>, print_the_context already registered for DAG: example_python_operator
[2023-04-22T01:59:35.377+0800] {processor.py:753} INFO - DAG(s) dict_keys(['example_python_operator']) retrieved from /home/gerardsho/airflow_env/lib/python3.8/site-packages/airflow/example_dags/example_python_operator.py
[2023-04-22T01:59:35.389+0800] {logging_mixin.py:137} INFO - [2023-04-22T01:59:35.389+0800] {dag.py:2705} INFO - Sync 1 DAGs
[2023-04-22T01:59:35.399+0800] {logging_mixin.py:137} INFO - [2023-04-22T01:59:35.398+0800] {dag.py:3452} INFO - Setting next_dagrun for example_python_operator to None, run_after=None
[2023-04-22T01:59:35.416+0800] {processor.py:175} INFO - Processing /home/gerardsho/airflow_env/lib/python3.8/site-packages/airflow/example_dags/example_python_operator.py took 0.061 seconds
[2023-04-22T02:00:50.717+0800] {processor.py:153} INFO - Started process (PID=3526) to work on /home/gerardsho/airflow_env/lib/python3.8/site-packages/airflow/example_dags/example_python_operator.py
[2023-04-22T02:00:50.720+0800] {processor.py:743} INFO - Processing file /home/gerardsho/airflow_env/lib/python3.8/site-packages/airflow/example_dags/example_python_operator.py for tasks to queue
[2023-04-22T02:00:50.721+0800] {logging_mixin.py:137} INFO - [2023-04-22T02:00:50.720+0800] {dagbag.py:532} INFO - Filling up the DagBag from /home/gerardsho/airflow_env/lib/python3.8/site-packages/airflow/example_dags/example_python_operator.py
[2023-04-22T02:00:50.732+0800] {logging_mixin.py:137} INFO - [2023-04-22T02:00:50.732+0800] {taskmixin.py:211} WARNING - Dependency <Task(_PythonDecoratedOperator): print_the_context>, log_sql_query already registered for DAG: example_python_operator
[2023-04-22T02:00:50.732+0800] {logging_mixin.py:137} INFO - [2023-04-22T02:00:50.732+0800] {taskmixin.py:211} WARNING - Dependency <Task(_PythonDecoratedOperator): log_sql_query>, print_the_context already registered for DAG: example_python_operator
[2023-04-22T02:00:50.733+0800] {logging_mixin.py:137} INFO - [2023-04-22T02:00:50.732+0800] {taskmixin.py:211} WARNING - Dependency <Task(_PythonDecoratedOperator): print_the_context>, log_sql_query already registered for DAG: example_python_operator
[2023-04-22T02:00:50.733+0800] {logging_mixin.py:137} INFO - [2023-04-22T02:00:50.733+0800] {taskmixin.py:211} WARNING - Dependency <Task(_PythonDecoratedOperator): log_sql_query>, print_the_context already registered for DAG: example_python_operator
[2023-04-22T02:00:50.733+0800] {logging_mixin.py:137} INFO - [2023-04-22T02:00:50.733+0800] {taskmixin.py:211} WARNING - Dependency <Task(_PythonDecoratedOperator): print_the_context>, log_sql_query already registered for DAG: example_python_operator
[2023-04-22T02:00:50.733+0800] {logging_mixin.py:137} INFO - [2023-04-22T02:00:50.733+0800] {taskmixin.py:211} WARNING - Dependency <Task(_PythonDecoratedOperator): log_sql_query>, print_the_context already registered for DAG: example_python_operator
[2023-04-22T02:00:50.734+0800] {logging_mixin.py:137} INFO - [2023-04-22T02:00:50.734+0800] {taskmixin.py:211} WARNING - Dependency <Task(_PythonDecoratedOperator): print_the_context>, log_sql_query already registered for DAG: example_python_operator
[2023-04-22T02:00:50.734+0800] {logging_mixin.py:137} INFO - [2023-04-22T02:00:50.734+0800] {taskmixin.py:211} WARNING - Dependency <Task(_PythonDecoratedOperator): log_sql_query>, print_the_context already registered for DAG: example_python_operator
[2023-04-22T02:00:50.740+0800] {processor.py:753} INFO - DAG(s) dict_keys(['example_python_operator']) retrieved from /home/gerardsho/airflow_env/lib/python3.8/site-packages/airflow/example_dags/example_python_operator.py
[2023-04-22T02:00:50.898+0800] {logging_mixin.py:137} INFO - [2023-04-22T02:00:50.898+0800] {manager.py:504} INFO - Created Permission View: can edit on DAG:example_python_operator
[2023-04-22T02:00:50.910+0800] {logging_mixin.py:137} INFO - [2023-04-22T02:00:50.909+0800] {manager.py:504} INFO - Created Permission View: can delete on DAG:example_python_operator
[2023-04-22T02:00:50.917+0800] {logging_mixin.py:137} INFO - [2023-04-22T02:00:50.917+0800] {manager.py:504} INFO - Created Permission View: can read on DAG:example_python_operator
[2023-04-22T02:00:50.917+0800] {logging_mixin.py:137} INFO - [2023-04-22T02:00:50.917+0800] {dag.py:2705} INFO - Sync 1 DAGs
[2023-04-22T02:00:50.925+0800] {logging_mixin.py:137} INFO - [2023-04-22T02:00:50.924+0800] {dag.py:2726} INFO - Creating ORM DAG for example_python_operator
[2023-04-22T02:00:50.930+0800] {logging_mixin.py:137} INFO - [2023-04-22T02:00:50.930+0800] {dag.py:3452} INFO - Setting next_dagrun for example_python_operator to None, run_after=None
[2023-04-22T02:00:50.946+0800] {processor.py:175} INFO - Processing /home/gerardsho/airflow_env/lib/python3.8/site-packages/airflow/example_dags/example_python_operator.py took 0.231 seconds
[2023-04-22T02:01:32.451+0800] {processor.py:153} INFO - Started process (PID=3576) to work on /home/gerardsho/airflow_env/lib/python3.8/site-packages/airflow/example_dags/example_python_operator.py
[2023-04-22T02:01:32.454+0800] {processor.py:743} INFO - Processing file /home/gerardsho/airflow_env/lib/python3.8/site-packages/airflow/example_dags/example_python_operator.py for tasks to queue
[2023-04-22T02:01:32.455+0800] {logging_mixin.py:137} INFO - [2023-04-22T02:01:32.455+0800] {dagbag.py:532} INFO - Filling up the DagBag from /home/gerardsho/airflow_env/lib/python3.8/site-packages/airflow/example_dags/example_python_operator.py
[2023-04-22T02:01:32.469+0800] {logging_mixin.py:137} INFO - [2023-04-22T02:01:32.469+0800] {taskmixin.py:211} WARNING - Dependency <Task(_PythonDecoratedOperator): print_the_context>, log_sql_query already registered for DAG: example_python_operator
[2023-04-22T02:01:32.469+0800] {logging_mixin.py:137} INFO - [2023-04-22T02:01:32.469+0800] {taskmixin.py:211} WARNING - Dependency <Task(_PythonDecoratedOperator): log_sql_query>, print_the_context already registered for DAG: example_python_operator
[2023-04-22T02:01:32.469+0800] {logging_mixin.py:137} INFO - [2023-04-22T02:01:32.469+0800] {taskmixin.py:211} WARNING - Dependency <Task(_PythonDecoratedOperator): print_the_context>, log_sql_query already registered for DAG: example_python_operator
[2023-04-22T02:01:32.469+0800] {logging_mixin.py:137} INFO - [2023-04-22T02:01:32.469+0800] {taskmixin.py:211} WARNING - Dependency <Task(_PythonDecoratedOperator): log_sql_query>, print_the_context already registered for DAG: example_python_operator
[2023-04-22T02:01:32.470+0800] {logging_mixin.py:137} INFO - [2023-04-22T02:01:32.470+0800] {taskmixin.py:211} WARNING - Dependency <Task(_PythonDecoratedOperator): print_the_context>, log_sql_query already registered for DAG: example_python_operator
[2023-04-22T02:01:32.470+0800] {logging_mixin.py:137} INFO - [2023-04-22T02:01:32.470+0800] {taskmixin.py:211} WARNING - Dependency <Task(_PythonDecoratedOperator): log_sql_query>, print_the_context already registered for DAG: example_python_operator
[2023-04-22T02:01:32.470+0800] {logging_mixin.py:137} INFO - [2023-04-22T02:01:32.470+0800] {taskmixin.py:211} WARNING - Dependency <Task(_PythonDecoratedOperator): print_the_context>, log_sql_query already registered for DAG: example_python_operator
[2023-04-22T02:01:32.470+0800] {logging_mixin.py:137} INFO - [2023-04-22T02:01:32.470+0800] {taskmixin.py:211} WARNING - Dependency <Task(_PythonDecoratedOperator): log_sql_query>, print_the_context already registered for DAG: example_python_operator
[2023-04-22T02:01:32.474+0800] {processor.py:753} INFO - DAG(s) dict_keys(['example_python_operator']) retrieved from /home/gerardsho/airflow_env/lib/python3.8/site-packages/airflow/example_dags/example_python_operator.py
[2023-04-22T02:01:32.490+0800] {logging_mixin.py:137} INFO - [2023-04-22T02:01:32.489+0800] {dag.py:2705} INFO - Sync 1 DAGs
[2023-04-22T02:01:32.501+0800] {logging_mixin.py:137} INFO - [2023-04-22T02:01:32.501+0800] {dag.py:3452} INFO - Setting next_dagrun for example_python_operator to None, run_after=None
[2023-04-22T02:01:32.520+0800] {processor.py:175} INFO - Processing /home/gerardsho/airflow_env/lib/python3.8/site-packages/airflow/example_dags/example_python_operator.py took 0.071 seconds
[2023-04-22T02:02:14.822+0800] {processor.py:153} INFO - Started process (PID=3618) to work on /home/gerardsho/airflow_env/lib/python3.8/site-packages/airflow/example_dags/example_python_operator.py
[2023-04-22T02:02:14.823+0800] {processor.py:743} INFO - Processing file /home/gerardsho/airflow_env/lib/python3.8/site-packages/airflow/example_dags/example_python_operator.py for tasks to queue
[2023-04-22T02:02:14.823+0800] {logging_mixin.py:137} INFO - [2023-04-22T02:02:14.823+0800] {dagbag.py:532} INFO - Filling up the DagBag from /home/gerardsho/airflow_env/lib/python3.8/site-packages/airflow/example_dags/example_python_operator.py
[2023-04-22T02:02:14.833+0800] {logging_mixin.py:137} INFO - [2023-04-22T02:02:14.833+0800] {taskmixin.py:211} WARNING - Dependency <Task(_PythonDecoratedOperator): print_the_context>, log_sql_query already registered for DAG: example_python_operator
[2023-04-22T02:02:14.833+0800] {logging_mixin.py:137} INFO - [2023-04-22T02:02:14.833+0800] {taskmixin.py:211} WARNING - Dependency <Task(_PythonDecoratedOperator): log_sql_query>, print_the_context already registered for DAG: example_python_operator
[2023-04-22T02:02:14.834+0800] {logging_mixin.py:137} INFO - [2023-04-22T02:02:14.834+0800] {taskmixin.py:211} WARNING - Dependency <Task(_PythonDecoratedOperator): print_the_context>, log_sql_query already registered for DAG: example_python_operator
[2023-04-22T02:02:14.834+0800] {logging_mixin.py:137} INFO - [2023-04-22T02:02:14.834+0800] {taskmixin.py:211} WARNING - Dependency <Task(_PythonDecoratedOperator): log_sql_query>, print_the_context already registered for DAG: example_python_operator
[2023-04-22T02:02:14.834+0800] {logging_mixin.py:137} INFO - [2023-04-22T02:02:14.834+0800] {taskmixin.py:211} WARNING - Dependency <Task(_PythonDecoratedOperator): print_the_context>, log_sql_query already registered for DAG: example_python_operator
[2023-04-22T02:02:14.834+0800] {logging_mixin.py:137} INFO - [2023-04-22T02:02:14.834+0800] {taskmixin.py:211} WARNING - Dependency <Task(_PythonDecoratedOperator): log_sql_query>, print_the_context already registered for DAG: example_python_operator
[2023-04-22T02:02:14.834+0800] {logging_mixin.py:137} INFO - [2023-04-22T02:02:14.834+0800] {taskmixin.py:211} WARNING - Dependency <Task(_PythonDecoratedOperator): print_the_context>, log_sql_query already registered for DAG: example_python_operator
[2023-04-22T02:02:14.834+0800] {logging_mixin.py:137} INFO - [2023-04-22T02:02:14.834+0800] {taskmixin.py:211} WARNING - Dependency <Task(_PythonDecoratedOperator): log_sql_query>, print_the_context already registered for DAG: example_python_operator
[2023-04-22T02:02:14.838+0800] {processor.py:753} INFO - DAG(s) dict_keys(['example_python_operator']) retrieved from /home/gerardsho/airflow_env/lib/python3.8/site-packages/airflow/example_dags/example_python_operator.py
[2023-04-22T02:02:14.851+0800] {logging_mixin.py:137} INFO - [2023-04-22T02:02:14.851+0800] {dag.py:2705} INFO - Sync 1 DAGs
[2023-04-22T02:02:14.861+0800] {logging_mixin.py:137} INFO - [2023-04-22T02:02:14.861+0800] {dag.py:3452} INFO - Setting next_dagrun for example_python_operator to None, run_after=None
[2023-04-22T02:02:14.879+0800] {processor.py:175} INFO - Processing /home/gerardsho/airflow_env/lib/python3.8/site-packages/airflow/example_dags/example_python_operator.py took 0.060 seconds
[2023-04-22T02:02:55.992+0800] {processor.py:153} INFO - Started process (PID=3670) to work on /home/gerardsho/airflow_env/lib/python3.8/site-packages/airflow/example_dags/example_python_operator.py
[2023-04-22T02:02:55.995+0800] {processor.py:743} INFO - Processing file /home/gerardsho/airflow_env/lib/python3.8/site-packages/airflow/example_dags/example_python_operator.py for tasks to queue
[2023-04-22T02:02:55.995+0800] {logging_mixin.py:137} INFO - [2023-04-22T02:02:55.995+0800] {dagbag.py:532} INFO - Filling up the DagBag from /home/gerardsho/airflow_env/lib/python3.8/site-packages/airflow/example_dags/example_python_operator.py
[2023-04-22T02:02:56.005+0800] {logging_mixin.py:137} INFO - [2023-04-22T02:02:56.005+0800] {taskmixin.py:211} WARNING - Dependency <Task(_PythonDecoratedOperator): print_the_context>, log_sql_query already registered for DAG: example_python_operator
[2023-04-22T02:02:56.005+0800] {logging_mixin.py:137} INFO - [2023-04-22T02:02:56.005+0800] {taskmixin.py:211} WARNING - Dependency <Task(_PythonDecoratedOperator): log_sql_query>, print_the_context already registered for DAG: example_python_operator
[2023-04-22T02:02:56.006+0800] {logging_mixin.py:137} INFO - [2023-04-22T02:02:56.006+0800] {taskmixin.py:211} WARNING - Dependency <Task(_PythonDecoratedOperator): print_the_context>, log_sql_query already registered for DAG: example_python_operator
[2023-04-22T02:02:56.006+0800] {logging_mixin.py:137} INFO - [2023-04-22T02:02:56.006+0800] {taskmixin.py:211} WARNING - Dependency <Task(_PythonDecoratedOperator): log_sql_query>, print_the_context already registered for DAG: example_python_operator
[2023-04-22T02:02:56.006+0800] {logging_mixin.py:137} INFO - [2023-04-22T02:02:56.006+0800] {taskmixin.py:211} WARNING - Dependency <Task(_PythonDecoratedOperator): print_the_context>, log_sql_query already registered for DAG: example_python_operator
[2023-04-22T02:02:56.006+0800] {logging_mixin.py:137} INFO - [2023-04-22T02:02:56.006+0800] {taskmixin.py:211} WARNING - Dependency <Task(_PythonDecoratedOperator): log_sql_query>, print_the_context already registered for DAG: example_python_operator
[2023-04-22T02:02:56.006+0800] {logging_mixin.py:137} INFO - [2023-04-22T02:02:56.006+0800] {taskmixin.py:211} WARNING - Dependency <Task(_PythonDecoratedOperator): print_the_context>, log_sql_query already registered for DAG: example_python_operator
[2023-04-22T02:02:56.006+0800] {logging_mixin.py:137} INFO - [2023-04-22T02:02:56.006+0800] {taskmixin.py:211} WARNING - Dependency <Task(_PythonDecoratedOperator): log_sql_query>, print_the_context already registered for DAG: example_python_operator
[2023-04-22T02:02:56.010+0800] {processor.py:753} INFO - DAG(s) dict_keys(['example_python_operator']) retrieved from /home/gerardsho/airflow_env/lib/python3.8/site-packages/airflow/example_dags/example_python_operator.py
[2023-04-22T02:02:56.022+0800] {logging_mixin.py:137} INFO - [2023-04-22T02:02:56.022+0800] {dag.py:2705} INFO - Sync 1 DAGs
[2023-04-22T02:02:56.032+0800] {logging_mixin.py:137} INFO - [2023-04-22T02:02:56.032+0800] {dag.py:3452} INFO - Setting next_dagrun for example_python_operator to None, run_after=None
[2023-04-22T02:02:56.051+0800] {processor.py:175} INFO - Processing /home/gerardsho/airflow_env/lib/python3.8/site-packages/airflow/example_dags/example_python_operator.py took 0.062 seconds
[2023-04-22T02:03:37.065+0800] {processor.py:153} INFO - Started process (PID=3718) to work on /home/gerardsho/airflow_env/lib/python3.8/site-packages/airflow/example_dags/example_python_operator.py
[2023-04-22T02:03:37.069+0800] {processor.py:743} INFO - Processing file /home/gerardsho/airflow_env/lib/python3.8/site-packages/airflow/example_dags/example_python_operator.py for tasks to queue
[2023-04-22T02:03:37.069+0800] {logging_mixin.py:137} INFO - [2023-04-22T02:03:37.069+0800] {dagbag.py:532} INFO - Filling up the DagBag from /home/gerardsho/airflow_env/lib/python3.8/site-packages/airflow/example_dags/example_python_operator.py
[2023-04-22T02:03:37.080+0800] {logging_mixin.py:137} INFO - [2023-04-22T02:03:37.080+0800] {taskmixin.py:211} WARNING - Dependency <Task(_PythonDecoratedOperator): print_the_context>, log_sql_query already registered for DAG: example_python_operator
[2023-04-22T02:03:37.080+0800] {logging_mixin.py:137} INFO - [2023-04-22T02:03:37.080+0800] {taskmixin.py:211} WARNING - Dependency <Task(_PythonDecoratedOperator): log_sql_query>, print_the_context already registered for DAG: example_python_operator
[2023-04-22T02:03:37.080+0800] {logging_mixin.py:137} INFO - [2023-04-22T02:03:37.080+0800] {taskmixin.py:211} WARNING - Dependency <Task(_PythonDecoratedOperator): print_the_context>, log_sql_query already registered for DAG: example_python_operator
[2023-04-22T02:03:37.081+0800] {logging_mixin.py:137} INFO - [2023-04-22T02:03:37.081+0800] {taskmixin.py:211} WARNING - Dependency <Task(_PythonDecoratedOperator): log_sql_query>, print_the_context already registered for DAG: example_python_operator
[2023-04-22T02:03:37.081+0800] {logging_mixin.py:137} INFO - [2023-04-22T02:03:37.081+0800] {taskmixin.py:211} WARNING - Dependency <Task(_PythonDecoratedOperator): print_the_context>, log_sql_query already registered for DAG: example_python_operator
[2023-04-22T02:03:37.081+0800] {logging_mixin.py:137} INFO - [2023-04-22T02:03:37.081+0800] {taskmixin.py:211} WARNING - Dependency <Task(_PythonDecoratedOperator): log_sql_query>, print_the_context already registered for DAG: example_python_operator
[2023-04-22T02:03:37.081+0800] {logging_mixin.py:137} INFO - [2023-04-22T02:03:37.081+0800] {taskmixin.py:211} WARNING - Dependency <Task(_PythonDecoratedOperator): print_the_context>, log_sql_query already registered for DAG: example_python_operator
[2023-04-22T02:03:37.081+0800] {logging_mixin.py:137} INFO - [2023-04-22T02:03:37.081+0800] {taskmixin.py:211} WARNING - Dependency <Task(_PythonDecoratedOperator): log_sql_query>, print_the_context already registered for DAG: example_python_operator
[2023-04-22T02:03:37.087+0800] {processor.py:753} INFO - DAG(s) dict_keys(['example_python_operator']) retrieved from /home/gerardsho/airflow_env/lib/python3.8/site-packages/airflow/example_dags/example_python_operator.py
[2023-04-22T02:03:37.103+0800] {logging_mixin.py:137} INFO - [2023-04-22T02:03:37.103+0800] {dag.py:2705} INFO - Sync 1 DAGs
[2023-04-22T02:03:37.116+0800] {logging_mixin.py:137} INFO - [2023-04-22T02:03:37.116+0800] {dag.py:3452} INFO - Setting next_dagrun for example_python_operator to None, run_after=None
[2023-04-22T02:03:37.134+0800] {processor.py:175} INFO - Processing /home/gerardsho/airflow_env/lib/python3.8/site-packages/airflow/example_dags/example_python_operator.py took 0.071 seconds
[2023-04-22T02:04:17.081+0800] {processor.py:153} INFO - Started process (PID=3763) to work on /home/gerardsho/airflow_env/lib/python3.8/site-packages/airflow/example_dags/example_python_operator.py
[2023-04-22T02:04:17.084+0800] {processor.py:743} INFO - Processing file /home/gerardsho/airflow_env/lib/python3.8/site-packages/airflow/example_dags/example_python_operator.py for tasks to queue
[2023-04-22T02:04:17.085+0800] {logging_mixin.py:137} INFO - [2023-04-22T02:04:17.085+0800] {dagbag.py:532} INFO - Filling up the DagBag from /home/gerardsho/airflow_env/lib/python3.8/site-packages/airflow/example_dags/example_python_operator.py
[2023-04-22T02:04:17.095+0800] {logging_mixin.py:137} INFO - [2023-04-22T02:04:17.094+0800] {taskmixin.py:211} WARNING - Dependency <Task(_PythonDecoratedOperator): print_the_context>, log_sql_query already registered for DAG: example_python_operator
[2023-04-22T02:04:17.095+0800] {logging_mixin.py:137} INFO - [2023-04-22T02:04:17.095+0800] {taskmixin.py:211} WARNING - Dependency <Task(_PythonDecoratedOperator): log_sql_query>, print_the_context already registered for DAG: example_python_operator
[2023-04-22T02:04:17.095+0800] {logging_mixin.py:137} INFO - [2023-04-22T02:04:17.095+0800] {taskmixin.py:211} WARNING - Dependency <Task(_PythonDecoratedOperator): print_the_context>, log_sql_query already registered for DAG: example_python_operator
[2023-04-22T02:04:17.095+0800] {logging_mixin.py:137} INFO - [2023-04-22T02:04:17.095+0800] {taskmixin.py:211} WARNING - Dependency <Task(_PythonDecoratedOperator): log_sql_query>, print_the_context already registered for DAG: example_python_operator
[2023-04-22T02:04:17.095+0800] {logging_mixin.py:137} INFO - [2023-04-22T02:04:17.095+0800] {taskmixin.py:211} WARNING - Dependency <Task(_PythonDecoratedOperator): print_the_context>, log_sql_query already registered for DAG: example_python_operator
[2023-04-22T02:04:17.095+0800] {logging_mixin.py:137} INFO - [2023-04-22T02:04:17.095+0800] {taskmixin.py:211} WARNING - Dependency <Task(_PythonDecoratedOperator): log_sql_query>, print_the_context already registered for DAG: example_python_operator
[2023-04-22T02:04:17.096+0800] {logging_mixin.py:137} INFO - [2023-04-22T02:04:17.096+0800] {taskmixin.py:211} WARNING - Dependency <Task(_PythonDecoratedOperator): print_the_context>, log_sql_query already registered for DAG: example_python_operator
[2023-04-22T02:04:17.096+0800] {logging_mixin.py:137} INFO - [2023-04-22T02:04:17.096+0800] {taskmixin.py:211} WARNING - Dependency <Task(_PythonDecoratedOperator): log_sql_query>, print_the_context already registered for DAG: example_python_operator
[2023-04-22T02:04:17.099+0800] {processor.py:753} INFO - DAG(s) dict_keys(['example_python_operator']) retrieved from /home/gerardsho/airflow_env/lib/python3.8/site-packages/airflow/example_dags/example_python_operator.py
[2023-04-22T02:04:17.111+0800] {logging_mixin.py:137} INFO - [2023-04-22T02:04:17.111+0800] {dag.py:2705} INFO - Sync 1 DAGs
[2023-04-22T02:04:17.122+0800] {logging_mixin.py:137} INFO - [2023-04-22T02:04:17.121+0800] {dag.py:3452} INFO - Setting next_dagrun for example_python_operator to None, run_after=None
[2023-04-22T02:04:17.140+0800] {processor.py:175} INFO - Processing /home/gerardsho/airflow_env/lib/python3.8/site-packages/airflow/example_dags/example_python_operator.py took 0.061 seconds
[2023-04-22T02:04:57.130+0800] {processor.py:153} INFO - Started process (PID=3806) to work on /home/gerardsho/airflow_env/lib/python3.8/site-packages/airflow/example_dags/example_python_operator.py
[2023-04-22T02:04:57.131+0800] {processor.py:743} INFO - Processing file /home/gerardsho/airflow_env/lib/python3.8/site-packages/airflow/example_dags/example_python_operator.py for tasks to queue
[2023-04-22T02:04:57.131+0800] {logging_mixin.py:137} INFO - [2023-04-22T02:04:57.131+0800] {dagbag.py:532} INFO - Filling up the DagBag from /home/gerardsho/airflow_env/lib/python3.8/site-packages/airflow/example_dags/example_python_operator.py
[2023-04-22T02:04:57.142+0800] {logging_mixin.py:137} INFO - [2023-04-22T02:04:57.142+0800] {taskmixin.py:211} WARNING - Dependency <Task(_PythonDecoratedOperator): print_the_context>, log_sql_query already registered for DAG: example_python_operator
[2023-04-22T02:04:57.142+0800] {logging_mixin.py:137} INFO - [2023-04-22T02:04:57.142+0800] {taskmixin.py:211} WARNING - Dependency <Task(_PythonDecoratedOperator): log_sql_query>, print_the_context already registered for DAG: example_python_operator
[2023-04-22T02:04:57.142+0800] {logging_mixin.py:137} INFO - [2023-04-22T02:04:57.142+0800] {taskmixin.py:211} WARNING - Dependency <Task(_PythonDecoratedOperator): print_the_context>, log_sql_query already registered for DAG: example_python_operator
[2023-04-22T02:04:57.143+0800] {logging_mixin.py:137} INFO - [2023-04-22T02:04:57.142+0800] {taskmixin.py:211} WARNING - Dependency <Task(_PythonDecoratedOperator): log_sql_query>, print_the_context already registered for DAG: example_python_operator
[2023-04-22T02:04:57.143+0800] {logging_mixin.py:137} INFO - [2023-04-22T02:04:57.143+0800] {taskmixin.py:211} WARNING - Dependency <Task(_PythonDecoratedOperator): print_the_context>, log_sql_query already registered for DAG: example_python_operator
[2023-04-22T02:04:57.143+0800] {logging_mixin.py:137} INFO - [2023-04-22T02:04:57.143+0800] {taskmixin.py:211} WARNING - Dependency <Task(_PythonDecoratedOperator): log_sql_query>, print_the_context already registered for DAG: example_python_operator
[2023-04-22T02:04:57.143+0800] {logging_mixin.py:137} INFO - [2023-04-22T02:04:57.143+0800] {taskmixin.py:211} WARNING - Dependency <Task(_PythonDecoratedOperator): print_the_context>, log_sql_query already registered for DAG: example_python_operator
[2023-04-22T02:04:57.143+0800] {logging_mixin.py:137} INFO - [2023-04-22T02:04:57.143+0800] {taskmixin.py:211} WARNING - Dependency <Task(_PythonDecoratedOperator): log_sql_query>, print_the_context already registered for DAG: example_python_operator
[2023-04-22T02:04:57.148+0800] {processor.py:753} INFO - DAG(s) dict_keys(['example_python_operator']) retrieved from /home/gerardsho/airflow_env/lib/python3.8/site-packages/airflow/example_dags/example_python_operator.py
[2023-04-22T02:04:57.162+0800] {logging_mixin.py:137} INFO - [2023-04-22T02:04:57.162+0800] {dag.py:2705} INFO - Sync 1 DAGs
[2023-04-22T02:04:57.174+0800] {logging_mixin.py:137} INFO - [2023-04-22T02:04:57.174+0800] {dag.py:3452} INFO - Setting next_dagrun for example_python_operator to None, run_after=None
[2023-04-22T02:04:57.191+0800] {processor.py:175} INFO - Processing /home/gerardsho/airflow_env/lib/python3.8/site-packages/airflow/example_dags/example_python_operator.py took 0.064 seconds
