[2023-04-22T01:48:50.854+0800] {processor.py:153} INFO - Started process (PID=2750) to work on /home/gerardsho/airflow_env/lib/python3.8/site-packages/airflow/example_dags/example_task_group_decorator.py
[2023-04-22T01:48:50.854+0800] {processor.py:743} INFO - Processing file /home/gerardsho/airflow_env/lib/python3.8/site-packages/airflow/example_dags/example_task_group_decorator.py for tasks to queue
[2023-04-22T01:48:50.855+0800] {logging_mixin.py:137} INFO - [2023-04-22T01:48:50.855+0800] {dagbag.py:532} INFO - Filling up the DagBag from /home/gerardsho/airflow_env/lib/python3.8/site-packages/airflow/example_dags/example_task_group_decorator.py
[2023-04-22T01:48:50.870+0800] {processor.py:753} INFO - DAG(s) dict_keys(['example_task_group_decorator']) retrieved from /home/gerardsho/airflow_env/lib/python3.8/site-packages/airflow/example_dags/example_task_group_decorator.py
[2023-04-22T01:48:50.938+0800] {logging_mixin.py:137} INFO - [2023-04-22T01:48:50.938+0800] {manager.py:504} INFO - Created Permission View: can edit on DAG:example_task_group_decorator
[2023-04-22T01:48:50.946+0800] {logging_mixin.py:137} INFO - [2023-04-22T01:48:50.946+0800] {manager.py:504} INFO - Created Permission View: can delete on DAG:example_task_group_decorator
[2023-04-22T01:48:50.954+0800] {logging_mixin.py:137} INFO - [2023-04-22T01:48:50.954+0800] {manager.py:504} INFO - Created Permission View: can read on DAG:example_task_group_decorator
[2023-04-22T01:48:50.954+0800] {logging_mixin.py:137} INFO - [2023-04-22T01:48:50.954+0800] {dag.py:2705} INFO - Sync 1 DAGs
[2023-04-22T01:48:50.960+0800] {logging_mixin.py:137} INFO - [2023-04-22T01:48:50.960+0800] {dag.py:2726} INFO - Creating ORM DAG for example_task_group_decorator
[2023-04-22T01:48:50.965+0800] {logging_mixin.py:137} INFO - [2023-04-22T01:48:50.965+0800] {dag.py:3452} INFO - Setting next_dagrun for example_task_group_decorator to 2023-04-20T17:48:50.965185+00:00, run_after=2023-04-21T17:48:50.965185+00:00
[2023-04-22T01:48:50.983+0800] {processor.py:175} INFO - Processing /home/gerardsho/airflow_env/lib/python3.8/site-packages/airflow/example_dags/example_task_group_decorator.py took 0.132 seconds
[2023-04-22T01:49:34.490+0800] {processor.py:153} INFO - Started process (PID=2793) to work on /home/gerardsho/airflow_env/lib/python3.8/site-packages/airflow/example_dags/example_task_group_decorator.py
[2023-04-22T01:49:34.494+0800] {processor.py:743} INFO - Processing file /home/gerardsho/airflow_env/lib/python3.8/site-packages/airflow/example_dags/example_task_group_decorator.py for tasks to queue
[2023-04-22T01:49:34.494+0800] {logging_mixin.py:137} INFO - [2023-04-22T01:49:34.494+0800] {dagbag.py:532} INFO - Filling up the DagBag from /home/gerardsho/airflow_env/lib/python3.8/site-packages/airflow/example_dags/example_task_group_decorator.py
[2023-04-22T01:49:34.511+0800] {processor.py:753} INFO - DAG(s) dict_keys(['example_task_group_decorator']) retrieved from /home/gerardsho/airflow_env/lib/python3.8/site-packages/airflow/example_dags/example_task_group_decorator.py
[2023-04-22T01:49:34.525+0800] {logging_mixin.py:137} INFO - [2023-04-22T01:49:34.525+0800] {dag.py:2705} INFO - Sync 1 DAGs
[2023-04-22T01:49:34.536+0800] {logging_mixin.py:137} INFO - [2023-04-22T01:49:34.536+0800] {dag.py:3452} INFO - Setting next_dagrun for example_task_group_decorator to 2023-04-20T17:49:34.536664+00:00, run_after=2023-04-21T17:49:34.536664+00:00
[2023-04-22T01:49:34.553+0800] {processor.py:175} INFO - Processing /home/gerardsho/airflow_env/lib/python3.8/site-packages/airflow/example_dags/example_task_group_decorator.py took 0.065 seconds
[2023-04-22T01:50:13.270+0800] {processor.py:153} INFO - Started process (PID=2838) to work on /home/gerardsho/airflow_env/lib/python3.8/site-packages/airflow/example_dags/example_task_group_decorator.py
[2023-04-22T01:50:13.273+0800] {processor.py:743} INFO - Processing file /home/gerardsho/airflow_env/lib/python3.8/site-packages/airflow/example_dags/example_task_group_decorator.py for tasks to queue
[2023-04-22T01:50:13.273+0800] {logging_mixin.py:137} INFO - [2023-04-22T01:50:13.273+0800] {dagbag.py:532} INFO - Filling up the DagBag from /home/gerardsho/airflow_env/lib/python3.8/site-packages/airflow/example_dags/example_task_group_decorator.py
[2023-04-22T01:50:13.289+0800] {processor.py:753} INFO - DAG(s) dict_keys(['example_task_group_decorator']) retrieved from /home/gerardsho/airflow_env/lib/python3.8/site-packages/airflow/example_dags/example_task_group_decorator.py
[2023-04-22T01:50:13.301+0800] {logging_mixin.py:137} INFO - [2023-04-22T01:50:13.301+0800] {dag.py:2705} INFO - Sync 1 DAGs
[2023-04-22T01:50:13.312+0800] {logging_mixin.py:137} INFO - [2023-04-22T01:50:13.312+0800] {dag.py:3452} INFO - Setting next_dagrun for example_task_group_decorator to 2023-04-20T17:50:13.312252+00:00, run_after=2023-04-21T17:50:13.312252+00:00
[2023-04-22T01:50:13.328+0800] {processor.py:175} INFO - Processing /home/gerardsho/airflow_env/lib/python3.8/site-packages/airflow/example_dags/example_task_group_decorator.py took 0.061 seconds
[2023-04-22T01:50:53.896+0800] {processor.py:153} INFO - Started process (PID=2883) to work on /home/gerardsho/airflow_env/lib/python3.8/site-packages/airflow/example_dags/example_task_group_decorator.py
[2023-04-22T01:50:53.900+0800] {processor.py:743} INFO - Processing file /home/gerardsho/airflow_env/lib/python3.8/site-packages/airflow/example_dags/example_task_group_decorator.py for tasks to queue
[2023-04-22T01:50:53.900+0800] {logging_mixin.py:137} INFO - [2023-04-22T01:50:53.900+0800] {dagbag.py:532} INFO - Filling up the DagBag from /home/gerardsho/airflow_env/lib/python3.8/site-packages/airflow/example_dags/example_task_group_decorator.py
[2023-04-22T01:50:53.915+0800] {processor.py:753} INFO - DAG(s) dict_keys(['example_task_group_decorator']) retrieved from /home/gerardsho/airflow_env/lib/python3.8/site-packages/airflow/example_dags/example_task_group_decorator.py
[2023-04-22T01:50:53.927+0800] {logging_mixin.py:137} INFO - [2023-04-22T01:50:53.927+0800] {dag.py:2705} INFO - Sync 1 DAGs
[2023-04-22T01:50:53.939+0800] {logging_mixin.py:137} INFO - [2023-04-22T01:50:53.939+0800] {dag.py:3452} INFO - Setting next_dagrun for example_task_group_decorator to 2023-04-20T17:50:53.939462+00:00, run_after=2023-04-21T17:50:53.939462+00:00
[2023-04-22T01:50:53.956+0800] {processor.py:175} INFO - Processing /home/gerardsho/airflow_env/lib/python3.8/site-packages/airflow/example_dags/example_task_group_decorator.py took 0.062 seconds
[2023-04-22T01:51:35.582+0800] {processor.py:153} INFO - Started process (PID=2937) to work on /home/gerardsho/airflow_env/lib/python3.8/site-packages/airflow/example_dags/example_task_group_decorator.py
[2023-04-22T01:51:35.585+0800] {processor.py:743} INFO - Processing file /home/gerardsho/airflow_env/lib/python3.8/site-packages/airflow/example_dags/example_task_group_decorator.py for tasks to queue
[2023-04-22T01:51:35.586+0800] {logging_mixin.py:137} INFO - [2023-04-22T01:51:35.586+0800] {dagbag.py:532} INFO - Filling up the DagBag from /home/gerardsho/airflow_env/lib/python3.8/site-packages/airflow/example_dags/example_task_group_decorator.py
[2023-04-22T01:51:35.607+0800] {processor.py:753} INFO - DAG(s) dict_keys(['example_task_group_decorator']) retrieved from /home/gerardsho/airflow_env/lib/python3.8/site-packages/airflow/example_dags/example_task_group_decorator.py
[2023-04-22T01:51:35.620+0800] {logging_mixin.py:137} INFO - [2023-04-22T01:51:35.620+0800] {dag.py:2705} INFO - Sync 1 DAGs
[2023-04-22T01:51:35.633+0800] {logging_mixin.py:137} INFO - [2023-04-22T01:51:35.633+0800] {dag.py:3452} INFO - Setting next_dagrun for example_task_group_decorator to 2023-04-20T17:51:35.633102+00:00, run_after=2023-04-21T17:51:35.633102+00:00
[2023-04-22T01:51:35.651+0800] {processor.py:175} INFO - Processing /home/gerardsho/airflow_env/lib/python3.8/site-packages/airflow/example_dags/example_task_group_decorator.py took 0.070 seconds
[2023-04-22T01:52:16.740+0800] {processor.py:153} INFO - Started process (PID=2987) to work on /home/gerardsho/airflow_env/lib/python3.8/site-packages/airflow/example_dags/example_task_group_decorator.py
[2023-04-22T01:52:16.743+0800] {processor.py:743} INFO - Processing file /home/gerardsho/airflow_env/lib/python3.8/site-packages/airflow/example_dags/example_task_group_decorator.py for tasks to queue
[2023-04-22T01:52:16.744+0800] {logging_mixin.py:137} INFO - [2023-04-22T01:52:16.743+0800] {dagbag.py:532} INFO - Filling up the DagBag from /home/gerardsho/airflow_env/lib/python3.8/site-packages/airflow/example_dags/example_task_group_decorator.py
[2023-04-22T01:52:16.765+0800] {processor.py:753} INFO - DAG(s) dict_keys(['example_task_group_decorator']) retrieved from /home/gerardsho/airflow_env/lib/python3.8/site-packages/airflow/example_dags/example_task_group_decorator.py
[2023-04-22T01:52:16.780+0800] {logging_mixin.py:137} INFO - [2023-04-22T01:52:16.780+0800] {dag.py:2705} INFO - Sync 1 DAGs
[2023-04-22T01:52:16.794+0800] {logging_mixin.py:137} INFO - [2023-04-22T01:52:16.794+0800] {dag.py:3452} INFO - Setting next_dagrun for example_task_group_decorator to 2023-04-20T17:52:16.794058+00:00, run_after=2023-04-21T17:52:16.794058+00:00
[2023-04-22T01:52:16.812+0800] {processor.py:175} INFO - Processing /home/gerardsho/airflow_env/lib/python3.8/site-packages/airflow/example_dags/example_task_group_decorator.py took 0.075 seconds
[2023-04-22T01:52:57.781+0800] {processor.py:153} INFO - Started process (PID=3029) to work on /home/gerardsho/airflow_env/lib/python3.8/site-packages/airflow/example_dags/example_task_group_decorator.py
[2023-04-22T01:52:57.784+0800] {processor.py:743} INFO - Processing file /home/gerardsho/airflow_env/lib/python3.8/site-packages/airflow/example_dags/example_task_group_decorator.py for tasks to queue
[2023-04-22T01:52:57.785+0800] {logging_mixin.py:137} INFO - [2023-04-22T01:52:57.785+0800] {dagbag.py:532} INFO - Filling up the DagBag from /home/gerardsho/airflow_env/lib/python3.8/site-packages/airflow/example_dags/example_task_group_decorator.py
[2023-04-22T01:52:57.805+0800] {processor.py:753} INFO - DAG(s) dict_keys(['example_task_group_decorator']) retrieved from /home/gerardsho/airflow_env/lib/python3.8/site-packages/airflow/example_dags/example_task_group_decorator.py
[2023-04-22T01:52:57.822+0800] {logging_mixin.py:137} INFO - [2023-04-22T01:52:57.822+0800] {dag.py:2705} INFO - Sync 1 DAGs
[2023-04-22T01:52:57.839+0800] {logging_mixin.py:137} INFO - [2023-04-22T01:52:57.839+0800] {dag.py:3452} INFO - Setting next_dagrun for example_task_group_decorator to 2023-04-20T17:52:57.838919+00:00, run_after=2023-04-21T17:52:57.838919+00:00
[2023-04-22T01:52:57.860+0800] {processor.py:175} INFO - Processing /home/gerardsho/airflow_env/lib/python3.8/site-packages/airflow/example_dags/example_task_group_decorator.py took 0.081 seconds
[2023-04-22T01:53:38.386+0800] {processor.py:153} INFO - Started process (PID=3071) to work on /home/gerardsho/airflow_env/lib/python3.8/site-packages/airflow/example_dags/example_task_group_decorator.py
[2023-04-22T01:53:38.389+0800] {processor.py:743} INFO - Processing file /home/gerardsho/airflow_env/lib/python3.8/site-packages/airflow/example_dags/example_task_group_decorator.py for tasks to queue
[2023-04-22T01:53:38.390+0800] {logging_mixin.py:137} INFO - [2023-04-22T01:53:38.390+0800] {dagbag.py:532} INFO - Filling up the DagBag from /home/gerardsho/airflow_env/lib/python3.8/site-packages/airflow/example_dags/example_task_group_decorator.py
[2023-04-22T01:53:38.411+0800] {processor.py:753} INFO - DAG(s) dict_keys(['example_task_group_decorator']) retrieved from /home/gerardsho/airflow_env/lib/python3.8/site-packages/airflow/example_dags/example_task_group_decorator.py
[2023-04-22T01:53:38.428+0800] {logging_mixin.py:137} INFO - [2023-04-22T01:53:38.428+0800] {dag.py:2705} INFO - Sync 1 DAGs
[2023-04-22T01:53:38.441+0800] {logging_mixin.py:137} INFO - [2023-04-22T01:53:38.441+0800] {dag.py:3452} INFO - Setting next_dagrun for example_task_group_decorator to 2023-04-20T17:53:38.441304+00:00, run_after=2023-04-21T17:53:38.441304+00:00
[2023-04-22T01:53:38.464+0800] {processor.py:175} INFO - Processing /home/gerardsho/airflow_env/lib/python3.8/site-packages/airflow/example_dags/example_task_group_decorator.py took 0.080 seconds
[2023-04-22T01:54:17.536+0800] {processor.py:153} INFO - Started process (PID=3113) to work on /home/gerardsho/airflow_env/lib/python3.8/site-packages/airflow/example_dags/example_task_group_decorator.py
[2023-04-22T01:54:17.540+0800] {processor.py:743} INFO - Processing file /home/gerardsho/airflow_env/lib/python3.8/site-packages/airflow/example_dags/example_task_group_decorator.py for tasks to queue
[2023-04-22T01:54:17.540+0800] {logging_mixin.py:137} INFO - [2023-04-22T01:54:17.540+0800] {dagbag.py:532} INFO - Filling up the DagBag from /home/gerardsho/airflow_env/lib/python3.8/site-packages/airflow/example_dags/example_task_group_decorator.py
[2023-04-22T01:54:17.558+0800] {processor.py:753} INFO - DAG(s) dict_keys(['example_task_group_decorator']) retrieved from /home/gerardsho/airflow_env/lib/python3.8/site-packages/airflow/example_dags/example_task_group_decorator.py
[2023-04-22T01:54:17.573+0800] {logging_mixin.py:137} INFO - [2023-04-22T01:54:17.573+0800] {dag.py:2705} INFO - Sync 1 DAGs
[2023-04-22T01:54:17.586+0800] {logging_mixin.py:137} INFO - [2023-04-22T01:54:17.586+0800] {dag.py:3452} INFO - Setting next_dagrun for example_task_group_decorator to 2023-04-20T17:54:17.586620+00:00, run_after=2023-04-21T17:54:17.586620+00:00
[2023-04-22T01:54:17.603+0800] {processor.py:175} INFO - Processing /home/gerardsho/airflow_env/lib/python3.8/site-packages/airflow/example_dags/example_task_group_decorator.py took 0.069 seconds
[2023-04-22T01:54:59.449+0800] {processor.py:153} INFO - Started process (PID=3159) to work on /home/gerardsho/airflow_env/lib/python3.8/site-packages/airflow/example_dags/example_task_group_decorator.py
[2023-04-22T01:54:59.452+0800] {processor.py:743} INFO - Processing file /home/gerardsho/airflow_env/lib/python3.8/site-packages/airflow/example_dags/example_task_group_decorator.py for tasks to queue
[2023-04-22T01:54:59.452+0800] {logging_mixin.py:137} INFO - [2023-04-22T01:54:59.452+0800] {dagbag.py:532} INFO - Filling up the DagBag from /home/gerardsho/airflow_env/lib/python3.8/site-packages/airflow/example_dags/example_task_group_decorator.py
[2023-04-22T01:54:59.468+0800] {processor.py:753} INFO - DAG(s) dict_keys(['example_task_group_decorator']) retrieved from /home/gerardsho/airflow_env/lib/python3.8/site-packages/airflow/example_dags/example_task_group_decorator.py
[2023-04-22T01:54:59.482+0800] {logging_mixin.py:137} INFO - [2023-04-22T01:54:59.481+0800] {dag.py:2705} INFO - Sync 1 DAGs
[2023-04-22T01:54:59.492+0800] {logging_mixin.py:137} INFO - [2023-04-22T01:54:59.492+0800] {dag.py:3452} INFO - Setting next_dagrun for example_task_group_decorator to 2023-04-20T17:54:59.491941+00:00, run_after=2023-04-21T17:54:59.491941+00:00
[2023-04-22T01:54:59.511+0800] {processor.py:175} INFO - Processing /home/gerardsho/airflow_env/lib/python3.8/site-packages/airflow/example_dags/example_task_group_decorator.py took 0.065 seconds
[2023-04-22T01:55:40.506+0800] {processor.py:153} INFO - Started process (PID=3205) to work on /home/gerardsho/airflow_env/lib/python3.8/site-packages/airflow/example_dags/example_task_group_decorator.py
[2023-04-22T01:55:40.507+0800] {processor.py:743} INFO - Processing file /home/gerardsho/airflow_env/lib/python3.8/site-packages/airflow/example_dags/example_task_group_decorator.py for tasks to queue
[2023-04-22T01:55:40.507+0800] {logging_mixin.py:137} INFO - [2023-04-22T01:55:40.507+0800] {dagbag.py:532} INFO - Filling up the DagBag from /home/gerardsho/airflow_env/lib/python3.8/site-packages/airflow/example_dags/example_task_group_decorator.py
[2023-04-22T01:55:40.523+0800] {processor.py:753} INFO - DAG(s) dict_keys(['example_task_group_decorator']) retrieved from /home/gerardsho/airflow_env/lib/python3.8/site-packages/airflow/example_dags/example_task_group_decorator.py
[2023-04-22T01:55:40.537+0800] {logging_mixin.py:137} INFO - [2023-04-22T01:55:40.536+0800] {dag.py:2705} INFO - Sync 1 DAGs
[2023-04-22T01:55:40.549+0800] {logging_mixin.py:137} INFO - [2023-04-22T01:55:40.549+0800] {dag.py:3452} INFO - Setting next_dagrun for example_task_group_decorator to 2023-04-20T17:55:40.549050+00:00, run_after=2023-04-21T17:55:40.549050+00:00
[2023-04-22T01:55:40.566+0800] {processor.py:175} INFO - Processing /home/gerardsho/airflow_env/lib/python3.8/site-packages/airflow/example_dags/example_task_group_decorator.py took 0.062 seconds
[2023-04-22T01:56:20.752+0800] {processor.py:153} INFO - Started process (PID=3250) to work on /home/gerardsho/airflow_env/lib/python3.8/site-packages/airflow/example_dags/example_task_group_decorator.py
[2023-04-22T01:56:20.756+0800] {processor.py:743} INFO - Processing file /home/gerardsho/airflow_env/lib/python3.8/site-packages/airflow/example_dags/example_task_group_decorator.py for tasks to queue
[2023-04-22T01:56:20.756+0800] {logging_mixin.py:137} INFO - [2023-04-22T01:56:20.756+0800] {dagbag.py:532} INFO - Filling up the DagBag from /home/gerardsho/airflow_env/lib/python3.8/site-packages/airflow/example_dags/example_task_group_decorator.py
[2023-04-22T01:56:20.773+0800] {processor.py:753} INFO - DAG(s) dict_keys(['example_task_group_decorator']) retrieved from /home/gerardsho/airflow_env/lib/python3.8/site-packages/airflow/example_dags/example_task_group_decorator.py
[2023-04-22T01:56:20.787+0800] {logging_mixin.py:137} INFO - [2023-04-22T01:56:20.787+0800] {dag.py:2705} INFO - Sync 1 DAGs
[2023-04-22T01:56:20.800+0800] {logging_mixin.py:137} INFO - [2023-04-22T01:56:20.799+0800] {dag.py:3452} INFO - Setting next_dagrun for example_task_group_decorator to 2023-04-20T17:56:20.799821+00:00, run_after=2023-04-21T17:56:20.799821+00:00
[2023-04-22T01:56:20.819+0800] {processor.py:175} INFO - Processing /home/gerardsho/airflow_env/lib/python3.8/site-packages/airflow/example_dags/example_task_group_decorator.py took 0.068 seconds
[2023-04-22T01:57:01.554+0800] {processor.py:153} INFO - Started process (PID=3298) to work on /home/gerardsho/airflow_env/lib/python3.8/site-packages/airflow/example_dags/example_task_group_decorator.py
[2023-04-22T01:57:01.555+0800] {processor.py:743} INFO - Processing file /home/gerardsho/airflow_env/lib/python3.8/site-packages/airflow/example_dags/example_task_group_decorator.py for tasks to queue
[2023-04-22T01:57:01.556+0800] {logging_mixin.py:137} INFO - [2023-04-22T01:57:01.556+0800] {dagbag.py:532} INFO - Filling up the DagBag from /home/gerardsho/airflow_env/lib/python3.8/site-packages/airflow/example_dags/example_task_group_decorator.py
[2023-04-22T01:57:01.572+0800] {processor.py:753} INFO - DAG(s) dict_keys(['example_task_group_decorator']) retrieved from /home/gerardsho/airflow_env/lib/python3.8/site-packages/airflow/example_dags/example_task_group_decorator.py
[2023-04-22T01:57:01.588+0800] {logging_mixin.py:137} INFO - [2023-04-22T01:57:01.588+0800] {dag.py:2705} INFO - Sync 1 DAGs
[2023-04-22T01:57:01.600+0800] {logging_mixin.py:137} INFO - [2023-04-22T01:57:01.600+0800] {dag.py:3452} INFO - Setting next_dagrun for example_task_group_decorator to 2023-04-20T17:57:01.600158+00:00, run_after=2023-04-21T17:57:01.600158+00:00
[2023-04-22T01:57:01.620+0800] {processor.py:175} INFO - Processing /home/gerardsho/airflow_env/lib/python3.8/site-packages/airflow/example_dags/example_task_group_decorator.py took 0.067 seconds
[2023-04-22T01:57:41.587+0800] {processor.py:153} INFO - Started process (PID=3346) to work on /home/gerardsho/airflow_env/lib/python3.8/site-packages/airflow/example_dags/example_task_group_decorator.py
[2023-04-22T01:57:41.588+0800] {processor.py:743} INFO - Processing file /home/gerardsho/airflow_env/lib/python3.8/site-packages/airflow/example_dags/example_task_group_decorator.py for tasks to queue
[2023-04-22T01:57:41.588+0800] {logging_mixin.py:137} INFO - [2023-04-22T01:57:41.588+0800] {dagbag.py:532} INFO - Filling up the DagBag from /home/gerardsho/airflow_env/lib/python3.8/site-packages/airflow/example_dags/example_task_group_decorator.py
[2023-04-22T01:57:41.605+0800] {processor.py:753} INFO - DAG(s) dict_keys(['example_task_group_decorator']) retrieved from /home/gerardsho/airflow_env/lib/python3.8/site-packages/airflow/example_dags/example_task_group_decorator.py
[2023-04-22T01:57:41.619+0800] {logging_mixin.py:137} INFO - [2023-04-22T01:57:41.619+0800] {dag.py:2705} INFO - Sync 1 DAGs
[2023-04-22T01:57:41.632+0800] {logging_mixin.py:137} INFO - [2023-04-22T01:57:41.632+0800] {dag.py:3452} INFO - Setting next_dagrun for example_task_group_decorator to 2023-04-20T17:57:41.632166+00:00, run_after=2023-04-21T17:57:41.632166+00:00
[2023-04-22T01:57:41.650+0800] {processor.py:175} INFO - Processing /home/gerardsho/airflow_env/lib/python3.8/site-packages/airflow/example_dags/example_task_group_decorator.py took 0.065 seconds
[2023-04-22T01:58:21.847+0800] {processor.py:153} INFO - Started process (PID=3392) to work on /home/gerardsho/airflow_env/lib/python3.8/site-packages/airflow/example_dags/example_task_group_decorator.py
[2023-04-22T01:58:21.851+0800] {processor.py:743} INFO - Processing file /home/gerardsho/airflow_env/lib/python3.8/site-packages/airflow/example_dags/example_task_group_decorator.py for tasks to queue
[2023-04-22T01:58:21.851+0800] {logging_mixin.py:137} INFO - [2023-04-22T01:58:21.851+0800] {dagbag.py:532} INFO - Filling up the DagBag from /home/gerardsho/airflow_env/lib/python3.8/site-packages/airflow/example_dags/example_task_group_decorator.py
[2023-04-22T01:58:21.871+0800] {processor.py:753} INFO - DAG(s) dict_keys(['example_task_group_decorator']) retrieved from /home/gerardsho/airflow_env/lib/python3.8/site-packages/airflow/example_dags/example_task_group_decorator.py
[2023-04-22T01:58:21.887+0800] {logging_mixin.py:137} INFO - [2023-04-22T01:58:21.887+0800] {dag.py:2705} INFO - Sync 1 DAGs
[2023-04-22T01:58:21.899+0800] {logging_mixin.py:137} INFO - [2023-04-22T01:58:21.899+0800] {dag.py:3452} INFO - Setting next_dagrun for example_task_group_decorator to 2023-04-20T17:58:21.899370+00:00, run_after=2023-04-21T17:58:21.899370+00:00
[2023-04-22T01:58:21.919+0800] {processor.py:175} INFO - Processing /home/gerardsho/airflow_env/lib/python3.8/site-packages/airflow/example_dags/example_task_group_decorator.py took 0.074 seconds
[2023-04-22T01:59:03.492+0800] {processor.py:153} INFO - Started process (PID=3434) to work on /home/gerardsho/airflow_env/lib/python3.8/site-packages/airflow/example_dags/example_task_group_decorator.py
[2023-04-22T01:59:03.495+0800] {processor.py:743} INFO - Processing file /home/gerardsho/airflow_env/lib/python3.8/site-packages/airflow/example_dags/example_task_group_decorator.py for tasks to queue
[2023-04-22T01:59:03.495+0800] {logging_mixin.py:137} INFO - [2023-04-22T01:59:03.495+0800] {dagbag.py:532} INFO - Filling up the DagBag from /home/gerardsho/airflow_env/lib/python3.8/site-packages/airflow/example_dags/example_task_group_decorator.py
[2023-04-22T01:59:03.512+0800] {processor.py:753} INFO - DAG(s) dict_keys(['example_task_group_decorator']) retrieved from /home/gerardsho/airflow_env/lib/python3.8/site-packages/airflow/example_dags/example_task_group_decorator.py
[2023-04-22T01:59:03.526+0800] {logging_mixin.py:137} INFO - [2023-04-22T01:59:03.525+0800] {dag.py:2705} INFO - Sync 1 DAGs
[2023-04-22T01:59:03.537+0800] {logging_mixin.py:137} INFO - [2023-04-22T01:59:03.537+0800] {dag.py:3452} INFO - Setting next_dagrun for example_task_group_decorator to 2023-04-20T17:59:03.536874+00:00, run_after=2023-04-21T17:59:03.536874+00:00
[2023-04-22T01:59:03.555+0800] {processor.py:175} INFO - Processing /home/gerardsho/airflow_env/lib/python3.8/site-packages/airflow/example_dags/example_task_group_decorator.py took 0.065 seconds
[2023-04-22T01:59:42.398+0800] {processor.py:153} INFO - Started process (PID=3476) to work on /home/gerardsho/airflow_env/lib/python3.8/site-packages/airflow/example_dags/example_task_group_decorator.py
[2023-04-22T01:59:42.402+0800] {processor.py:743} INFO - Processing file /home/gerardsho/airflow_env/lib/python3.8/site-packages/airflow/example_dags/example_task_group_decorator.py for tasks to queue
[2023-04-22T01:59:42.402+0800] {logging_mixin.py:137} INFO - [2023-04-22T01:59:42.402+0800] {dagbag.py:532} INFO - Filling up the DagBag from /home/gerardsho/airflow_env/lib/python3.8/site-packages/airflow/example_dags/example_task_group_decorator.py
[2023-04-22T01:59:42.418+0800] {processor.py:753} INFO - DAG(s) dict_keys(['example_task_group_decorator']) retrieved from /home/gerardsho/airflow_env/lib/python3.8/site-packages/airflow/example_dags/example_task_group_decorator.py
[2023-04-22T01:59:42.432+0800] {logging_mixin.py:137} INFO - [2023-04-22T01:59:42.432+0800] {dag.py:2705} INFO - Sync 1 DAGs
[2023-04-22T01:59:42.443+0800] {logging_mixin.py:137} INFO - [2023-04-22T01:59:42.443+0800] {dag.py:3452} INFO - Setting next_dagrun for example_task_group_decorator to 2023-04-20T17:59:42.443623+00:00, run_after=2023-04-21T17:59:42.443623+00:00
[2023-04-22T01:59:42.463+0800] {processor.py:175} INFO - Processing /home/gerardsho/airflow_env/lib/python3.8/site-packages/airflow/example_dags/example_task_group_decorator.py took 0.066 seconds
[2023-04-22T02:00:58.556+0800] {processor.py:153} INFO - Started process (PID=3533) to work on /home/gerardsho/airflow_env/lib/python3.8/site-packages/airflow/example_dags/example_task_group_decorator.py
[2023-04-22T02:00:58.559+0800] {processor.py:743} INFO - Processing file /home/gerardsho/airflow_env/lib/python3.8/site-packages/airflow/example_dags/example_task_group_decorator.py for tasks to queue
[2023-04-22T02:00:58.560+0800] {logging_mixin.py:137} INFO - [2023-04-22T02:00:58.560+0800] {dagbag.py:532} INFO - Filling up the DagBag from /home/gerardsho/airflow_env/lib/python3.8/site-packages/airflow/example_dags/example_task_group_decorator.py
[2023-04-22T02:00:58.577+0800] {processor.py:753} INFO - DAG(s) dict_keys(['example_task_group_decorator']) retrieved from /home/gerardsho/airflow_env/lib/python3.8/site-packages/airflow/example_dags/example_task_group_decorator.py
[2023-04-22T02:00:58.657+0800] {logging_mixin.py:137} INFO - [2023-04-22T02:00:58.657+0800] {manager.py:504} INFO - Created Permission View: can edit on DAG:example_task_group_decorator
[2023-04-22T02:00:58.666+0800] {logging_mixin.py:137} INFO - [2023-04-22T02:00:58.666+0800] {manager.py:504} INFO - Created Permission View: can delete on DAG:example_task_group_decorator
[2023-04-22T02:00:58.673+0800] {logging_mixin.py:137} INFO - [2023-04-22T02:00:58.673+0800] {manager.py:504} INFO - Created Permission View: can read on DAG:example_task_group_decorator
[2023-04-22T02:00:58.673+0800] {logging_mixin.py:137} INFO - [2023-04-22T02:00:58.673+0800] {dag.py:2705} INFO - Sync 1 DAGs
[2023-04-22T02:00:58.679+0800] {logging_mixin.py:137} INFO - [2023-04-22T02:00:58.679+0800] {dag.py:2726} INFO - Creating ORM DAG for example_task_group_decorator
[2023-04-22T02:00:58.684+0800] {logging_mixin.py:137} INFO - [2023-04-22T02:00:58.684+0800] {dag.py:3452} INFO - Setting next_dagrun for example_task_group_decorator to 2023-04-20T18:00:58.684695+00:00, run_after=2023-04-21T18:00:58.684695+00:00
[2023-04-22T02:00:58.701+0800] {processor.py:175} INFO - Processing /home/gerardsho/airflow_env/lib/python3.8/site-packages/airflow/example_dags/example_task_group_decorator.py took 0.147 seconds
[2023-04-22T02:01:39.876+0800] {processor.py:153} INFO - Started process (PID=3583) to work on /home/gerardsho/airflow_env/lib/python3.8/site-packages/airflow/example_dags/example_task_group_decorator.py
[2023-04-22T02:01:39.881+0800] {processor.py:743} INFO - Processing file /home/gerardsho/airflow_env/lib/python3.8/site-packages/airflow/example_dags/example_task_group_decorator.py for tasks to queue
[2023-04-22T02:01:39.882+0800] {logging_mixin.py:137} INFO - [2023-04-22T02:01:39.882+0800] {dagbag.py:532} INFO - Filling up the DagBag from /home/gerardsho/airflow_env/lib/python3.8/site-packages/airflow/example_dags/example_task_group_decorator.py
[2023-04-22T02:01:39.933+0800] {processor.py:753} INFO - DAG(s) dict_keys(['example_task_group_decorator']) retrieved from /home/gerardsho/airflow_env/lib/python3.8/site-packages/airflow/example_dags/example_task_group_decorator.py
[2023-04-22T02:01:39.957+0800] {logging_mixin.py:137} INFO - [2023-04-22T02:01:39.956+0800] {dag.py:2705} INFO - Sync 1 DAGs
[2023-04-22T02:01:39.985+0800] {logging_mixin.py:137} INFO - [2023-04-22T02:01:39.984+0800] {dag.py:3452} INFO - Setting next_dagrun for example_task_group_decorator to 2023-04-20T18:01:39.984273+00:00, run_after=2023-04-21T18:01:39.984273+00:00
[2023-04-22T02:01:40.014+0800] {processor.py:175} INFO - Processing /home/gerardsho/airflow_env/lib/python3.8/site-packages/airflow/example_dags/example_task_group_decorator.py took 0.142 seconds
[2023-04-22T02:02:21.535+0800] {processor.py:153} INFO - Started process (PID=3625) to work on /home/gerardsho/airflow_env/lib/python3.8/site-packages/airflow/example_dags/example_task_group_decorator.py
[2023-04-22T02:02:21.538+0800] {processor.py:743} INFO - Processing file /home/gerardsho/airflow_env/lib/python3.8/site-packages/airflow/example_dags/example_task_group_decorator.py for tasks to queue
[2023-04-22T02:02:21.539+0800] {logging_mixin.py:137} INFO - [2023-04-22T02:02:21.539+0800] {dagbag.py:532} INFO - Filling up the DagBag from /home/gerardsho/airflow_env/lib/python3.8/site-packages/airflow/example_dags/example_task_group_decorator.py
[2023-04-22T02:02:21.556+0800] {processor.py:753} INFO - DAG(s) dict_keys(['example_task_group_decorator']) retrieved from /home/gerardsho/airflow_env/lib/python3.8/site-packages/airflow/example_dags/example_task_group_decorator.py
[2023-04-22T02:02:21.571+0800] {logging_mixin.py:137} INFO - [2023-04-22T02:02:21.571+0800] {dag.py:2705} INFO - Sync 1 DAGs
[2023-04-22T02:02:21.583+0800] {logging_mixin.py:137} INFO - [2023-04-22T02:02:21.583+0800] {dag.py:3452} INFO - Setting next_dagrun for example_task_group_decorator to 2023-04-20T18:02:21.582792+00:00, run_after=2023-04-21T18:02:21.582792+00:00
[2023-04-22T02:02:21.599+0800] {processor.py:175} INFO - Processing /home/gerardsho/airflow_env/lib/python3.8/site-packages/airflow/example_dags/example_task_group_decorator.py took 0.066 seconds
[2023-04-22T02:03:01.942+0800] {processor.py:153} INFO - Started process (PID=3677) to work on /home/gerardsho/airflow_env/lib/python3.8/site-packages/airflow/example_dags/example_task_group_decorator.py
[2023-04-22T02:03:01.946+0800] {processor.py:743} INFO - Processing file /home/gerardsho/airflow_env/lib/python3.8/site-packages/airflow/example_dags/example_task_group_decorator.py for tasks to queue
[2023-04-22T02:03:01.946+0800] {logging_mixin.py:137} INFO - [2023-04-22T02:03:01.946+0800] {dagbag.py:532} INFO - Filling up the DagBag from /home/gerardsho/airflow_env/lib/python3.8/site-packages/airflow/example_dags/example_task_group_decorator.py
[2023-04-22T02:03:01.961+0800] {processor.py:753} INFO - DAG(s) dict_keys(['example_task_group_decorator']) retrieved from /home/gerardsho/airflow_env/lib/python3.8/site-packages/airflow/example_dags/example_task_group_decorator.py
[2023-04-22T02:03:01.973+0800] {logging_mixin.py:137} INFO - [2023-04-22T02:03:01.973+0800] {dag.py:2705} INFO - Sync 1 DAGs
[2023-04-22T02:03:01.985+0800] {logging_mixin.py:137} INFO - [2023-04-22T02:03:01.984+0800] {dag.py:3452} INFO - Setting next_dagrun for example_task_group_decorator to 2023-04-20T18:03:01.984823+00:00, run_after=2023-04-21T18:03:01.984823+00:00
[2023-04-22T02:03:02.001+0800] {processor.py:175} INFO - Processing /home/gerardsho/airflow_env/lib/python3.8/site-packages/airflow/example_dags/example_task_group_decorator.py took 0.060 seconds
[2023-04-22T02:03:43.616+0800] {processor.py:153} INFO - Started process (PID=3727) to work on /home/gerardsho/airflow_env/lib/python3.8/site-packages/airflow/example_dags/example_task_group_decorator.py
[2023-04-22T02:03:43.619+0800] {processor.py:743} INFO - Processing file /home/gerardsho/airflow_env/lib/python3.8/site-packages/airflow/example_dags/example_task_group_decorator.py for tasks to queue
[2023-04-22T02:03:43.620+0800] {logging_mixin.py:137} INFO - [2023-04-22T02:03:43.620+0800] {dagbag.py:532} INFO - Filling up the DagBag from /home/gerardsho/airflow_env/lib/python3.8/site-packages/airflow/example_dags/example_task_group_decorator.py
[2023-04-22T02:03:43.636+0800] {processor.py:753} INFO - DAG(s) dict_keys(['example_task_group_decorator']) retrieved from /home/gerardsho/airflow_env/lib/python3.8/site-packages/airflow/example_dags/example_task_group_decorator.py
[2023-04-22T02:03:43.652+0800] {logging_mixin.py:137} INFO - [2023-04-22T02:03:43.652+0800] {dag.py:2705} INFO - Sync 1 DAGs
[2023-04-22T02:03:43.664+0800] {logging_mixin.py:137} INFO - [2023-04-22T02:03:43.664+0800] {dag.py:3452} INFO - Setting next_dagrun for example_task_group_decorator to 2023-04-20T18:03:43.664560+00:00, run_after=2023-04-21T18:03:43.664560+00:00
[2023-04-22T02:03:43.682+0800] {processor.py:175} INFO - Processing /home/gerardsho/airflow_env/lib/python3.8/site-packages/airflow/example_dags/example_task_group_decorator.py took 0.068 seconds
[2023-04-22T02:04:24.179+0800] {processor.py:153} INFO - Started process (PID=3770) to work on /home/gerardsho/airflow_env/lib/python3.8/site-packages/airflow/example_dags/example_task_group_decorator.py
[2023-04-22T02:04:24.182+0800] {processor.py:743} INFO - Processing file /home/gerardsho/airflow_env/lib/python3.8/site-packages/airflow/example_dags/example_task_group_decorator.py for tasks to queue
[2023-04-22T02:04:24.183+0800] {logging_mixin.py:137} INFO - [2023-04-22T02:04:24.183+0800] {dagbag.py:532} INFO - Filling up the DagBag from /home/gerardsho/airflow_env/lib/python3.8/site-packages/airflow/example_dags/example_task_group_decorator.py
[2023-04-22T02:04:24.200+0800] {processor.py:753} INFO - DAG(s) dict_keys(['example_task_group_decorator']) retrieved from /home/gerardsho/airflow_env/lib/python3.8/site-packages/airflow/example_dags/example_task_group_decorator.py
[2023-04-22T02:04:24.213+0800] {logging_mixin.py:137} INFO - [2023-04-22T02:04:24.213+0800] {dag.py:2705} INFO - Sync 1 DAGs
[2023-04-22T02:04:24.226+0800] {logging_mixin.py:137} INFO - [2023-04-22T02:04:24.225+0800] {dag.py:3452} INFO - Setting next_dagrun for example_task_group_decorator to 2023-04-20T18:04:24.225716+00:00, run_after=2023-04-21T18:04:24.225716+00:00
[2023-04-22T02:04:24.243+0800] {processor.py:175} INFO - Processing /home/gerardsho/airflow_env/lib/python3.8/site-packages/airflow/example_dags/example_task_group_decorator.py took 0.066 seconds
[2023-04-22T02:05:04.667+0800] {processor.py:153} INFO - Started process (PID=3813) to work on /home/gerardsho/airflow_env/lib/python3.8/site-packages/airflow/example_dags/example_task_group_decorator.py
[2023-04-22T02:05:04.670+0800] {processor.py:743} INFO - Processing file /home/gerardsho/airflow_env/lib/python3.8/site-packages/airflow/example_dags/example_task_group_decorator.py for tasks to queue
[2023-04-22T02:05:04.671+0800] {logging_mixin.py:137} INFO - [2023-04-22T02:05:04.671+0800] {dagbag.py:532} INFO - Filling up the DagBag from /home/gerardsho/airflow_env/lib/python3.8/site-packages/airflow/example_dags/example_task_group_decorator.py
[2023-04-22T02:05:04.687+0800] {processor.py:753} INFO - DAG(s) dict_keys(['example_task_group_decorator']) retrieved from /home/gerardsho/airflow_env/lib/python3.8/site-packages/airflow/example_dags/example_task_group_decorator.py
[2023-04-22T02:05:04.706+0800] {logging_mixin.py:137} INFO - [2023-04-22T02:05:04.706+0800] {dag.py:2705} INFO - Sync 1 DAGs
[2023-04-22T02:05:04.720+0800] {logging_mixin.py:137} INFO - [2023-04-22T02:05:04.720+0800] {dag.py:3452} INFO - Setting next_dagrun for example_task_group_decorator to 2023-04-20T18:05:04.720234+00:00, run_after=2023-04-21T18:05:04.720234+00:00
[2023-04-22T02:05:04.739+0800] {processor.py:175} INFO - Processing /home/gerardsho/airflow_env/lib/python3.8/site-packages/airflow/example_dags/example_task_group_decorator.py took 0.074 seconds
