[2023-04-22T01:48:23.862+0800] {processor.py:153} INFO - Started process (PID=2730) to work on /home/gerardsho/airflow_env/lib/python3.8/site-packages/airflow/example_dags/example_dag_decorator.py
[2023-04-22T01:48:23.863+0800] {processor.py:743} INFO - Processing file /home/gerardsho/airflow_env/lib/python3.8/site-packages/airflow/example_dags/example_dag_decorator.py for tasks to queue
[2023-04-22T01:48:23.863+0800] {logging_mixin.py:137} INFO - [2023-04-22T01:48:23.863+0800] {dagbag.py:532} INFO - Filling up the DagBag from /home/gerardsho/airflow_env/lib/python3.8/site-packages/airflow/example_dags/example_dag_decorator.py
[2023-04-22T01:48:23.876+0800] {logging_mixin.py:137} INFO - [2023-04-22T01:48:23.875+0800] {taskmixin.py:211} WARNING - Dependency <Task(_PythonDecoratedOperator): prepare_email>, send_email already registered for DAG: example_dag_decorator
[2023-04-22T01:48:23.876+0800] {logging_mixin.py:137} INFO - [2023-04-22T01:48:23.876+0800] {taskmixin.py:211} WARNING - Dependency <Task(EmailOperator): send_email>, prepare_email already registered for DAG: example_dag_decorator
[2023-04-22T01:48:23.885+0800] {processor.py:753} INFO - DAG(s) dict_keys(['example_dag_decorator']) retrieved from /home/gerardsho/airflow_env/lib/python3.8/site-packages/airflow/example_dags/example_dag_decorator.py
[2023-04-22T01:48:24.048+0800] {logging_mixin.py:137} INFO - [2023-04-22T01:48:24.048+0800] {manager.py:504} INFO - Created Permission View: can edit on DAG:example_dag_decorator
[2023-04-22T01:48:24.078+0800] {logging_mixin.py:137} INFO - [2023-04-22T01:48:24.078+0800] {manager.py:504} INFO - Created Permission View: can delete on DAG:example_dag_decorator
[2023-04-22T01:48:24.110+0800] {logging_mixin.py:137} INFO - [2023-04-22T01:48:24.109+0800] {manager.py:504} INFO - Created Permission View: can read on DAG:example_dag_decorator
[2023-04-22T01:48:24.110+0800] {logging_mixin.py:137} INFO - [2023-04-22T01:48:24.110+0800] {dag.py:2705} INFO - Sync 1 DAGs
[2023-04-22T01:48:24.118+0800] {logging_mixin.py:137} INFO - [2023-04-22T01:48:24.118+0800] {dag.py:2726} INFO - Creating ORM DAG for example_dag_decorator
[2023-04-22T01:48:24.122+0800] {logging_mixin.py:137} INFO - [2023-04-22T01:48:24.122+0800] {dag.py:3452} INFO - Setting next_dagrun for example_dag_decorator to None, run_after=None
[2023-04-22T01:48:24.183+0800] {processor.py:175} INFO - Processing /home/gerardsho/airflow_env/lib/python3.8/site-packages/airflow/example_dags/example_dag_decorator.py took 0.323 seconds
[2023-04-22T01:49:13.866+0800] {processor.py:153} INFO - Started process (PID=2773) to work on /home/gerardsho/airflow_env/lib/python3.8/site-packages/airflow/example_dags/example_dag_decorator.py
[2023-04-22T01:49:13.867+0800] {processor.py:743} INFO - Processing file /home/gerardsho/airflow_env/lib/python3.8/site-packages/airflow/example_dags/example_dag_decorator.py for tasks to queue
[2023-04-22T01:49:13.868+0800] {logging_mixin.py:137} INFO - [2023-04-22T01:49:13.867+0800] {dagbag.py:532} INFO - Filling up the DagBag from /home/gerardsho/airflow_env/lib/python3.8/site-packages/airflow/example_dags/example_dag_decorator.py
[2023-04-22T01:49:13.878+0800] {logging_mixin.py:137} INFO - [2023-04-22T01:49:13.877+0800] {taskmixin.py:211} WARNING - Dependency <Task(_PythonDecoratedOperator): prepare_email>, send_email already registered for DAG: example_dag_decorator
[2023-04-22T01:49:13.878+0800] {logging_mixin.py:137} INFO - [2023-04-22T01:49:13.878+0800] {taskmixin.py:211} WARNING - Dependency <Task(EmailOperator): send_email>, prepare_email already registered for DAG: example_dag_decorator
[2023-04-22T01:49:13.885+0800] {processor.py:753} INFO - DAG(s) dict_keys(['example_dag_decorator']) retrieved from /home/gerardsho/airflow_env/lib/python3.8/site-packages/airflow/example_dags/example_dag_decorator.py
[2023-04-22T01:49:13.912+0800] {logging_mixin.py:137} INFO - [2023-04-22T01:49:13.912+0800] {dag.py:2705} INFO - Sync 1 DAGs
[2023-04-22T01:49:13.923+0800] {logging_mixin.py:137} INFO - [2023-04-22T01:49:13.923+0800] {dag.py:3452} INFO - Setting next_dagrun for example_dag_decorator to None, run_after=None
[2023-04-22T01:49:13.940+0800] {processor.py:175} INFO - Processing /home/gerardsho/airflow_env/lib/python3.8/site-packages/airflow/example_dags/example_dag_decorator.py took 0.076 seconds
[2023-04-22T01:49:56.089+0800] {processor.py:153} INFO - Started process (PID=2816) to work on /home/gerardsho/airflow_env/lib/python3.8/site-packages/airflow/example_dags/example_dag_decorator.py
[2023-04-22T01:49:56.092+0800] {processor.py:743} INFO - Processing file /home/gerardsho/airflow_env/lib/python3.8/site-packages/airflow/example_dags/example_dag_decorator.py for tasks to queue
[2023-04-22T01:49:56.092+0800] {logging_mixin.py:137} INFO - [2023-04-22T01:49:56.092+0800] {dagbag.py:532} INFO - Filling up the DagBag from /home/gerardsho/airflow_env/lib/python3.8/site-packages/airflow/example_dags/example_dag_decorator.py
[2023-04-22T01:49:56.104+0800] {logging_mixin.py:137} INFO - [2023-04-22T01:49:56.103+0800] {taskmixin.py:211} WARNING - Dependency <Task(_PythonDecoratedOperator): prepare_email>, send_email already registered for DAG: example_dag_decorator
[2023-04-22T01:49:56.104+0800] {logging_mixin.py:137} INFO - [2023-04-22T01:49:56.104+0800] {taskmixin.py:211} WARNING - Dependency <Task(EmailOperator): send_email>, prepare_email already registered for DAG: example_dag_decorator
[2023-04-22T01:49:56.110+0800] {processor.py:753} INFO - DAG(s) dict_keys(['example_dag_decorator']) retrieved from /home/gerardsho/airflow_env/lib/python3.8/site-packages/airflow/example_dags/example_dag_decorator.py
[2023-04-22T01:49:56.141+0800] {logging_mixin.py:137} INFO - [2023-04-22T01:49:56.140+0800] {dag.py:2705} INFO - Sync 1 DAGs
[2023-04-22T01:49:56.150+0800] {logging_mixin.py:137} INFO - [2023-04-22T01:49:56.150+0800] {dag.py:3452} INFO - Setting next_dagrun for example_dag_decorator to None, run_after=None
[2023-04-22T01:49:56.166+0800] {processor.py:175} INFO - Processing /home/gerardsho/airflow_env/lib/python3.8/site-packages/airflow/example_dags/example_dag_decorator.py took 0.080 seconds
[2023-04-22T01:50:33.857+0800] {processor.py:153} INFO - Started process (PID=2860) to work on /home/gerardsho/airflow_env/lib/python3.8/site-packages/airflow/example_dags/example_dag_decorator.py
[2023-04-22T01:50:33.860+0800] {processor.py:743} INFO - Processing file /home/gerardsho/airflow_env/lib/python3.8/site-packages/airflow/example_dags/example_dag_decorator.py for tasks to queue
[2023-04-22T01:50:33.861+0800] {logging_mixin.py:137} INFO - [2023-04-22T01:50:33.860+0800] {dagbag.py:532} INFO - Filling up the DagBag from /home/gerardsho/airflow_env/lib/python3.8/site-packages/airflow/example_dags/example_dag_decorator.py
[2023-04-22T01:50:33.871+0800] {logging_mixin.py:137} INFO - [2023-04-22T01:50:33.871+0800] {taskmixin.py:211} WARNING - Dependency <Task(_PythonDecoratedOperator): prepare_email>, send_email already registered for DAG: example_dag_decorator
[2023-04-22T01:50:33.871+0800] {logging_mixin.py:137} INFO - [2023-04-22T01:50:33.871+0800] {taskmixin.py:211} WARNING - Dependency <Task(EmailOperator): send_email>, prepare_email already registered for DAG: example_dag_decorator
[2023-04-22T01:50:33.877+0800] {processor.py:753} INFO - DAG(s) dict_keys(['example_dag_decorator']) retrieved from /home/gerardsho/airflow_env/lib/python3.8/site-packages/airflow/example_dags/example_dag_decorator.py
[2023-04-22T01:50:33.904+0800] {logging_mixin.py:137} INFO - [2023-04-22T01:50:33.904+0800] {dag.py:2705} INFO - Sync 1 DAGs
[2023-04-22T01:50:33.914+0800] {logging_mixin.py:137} INFO - [2023-04-22T01:50:33.914+0800] {dag.py:3452} INFO - Setting next_dagrun for example_dag_decorator to None, run_after=None
[2023-04-22T01:50:33.931+0800] {processor.py:175} INFO - Processing /home/gerardsho/airflow_env/lib/python3.8/site-packages/airflow/example_dags/example_dag_decorator.py took 0.076 seconds
[2023-04-22T01:51:15.921+0800] {processor.py:153} INFO - Started process (PID=2916) to work on /home/gerardsho/airflow_env/lib/python3.8/site-packages/airflow/example_dags/example_dag_decorator.py
[2023-04-22T01:51:15.924+0800] {processor.py:743} INFO - Processing file /home/gerardsho/airflow_env/lib/python3.8/site-packages/airflow/example_dags/example_dag_decorator.py for tasks to queue
[2023-04-22T01:51:15.925+0800] {logging_mixin.py:137} INFO - [2023-04-22T01:51:15.925+0800] {dagbag.py:532} INFO - Filling up the DagBag from /home/gerardsho/airflow_env/lib/python3.8/site-packages/airflow/example_dags/example_dag_decorator.py
[2023-04-22T01:51:15.935+0800] {logging_mixin.py:137} INFO - [2023-04-22T01:51:15.935+0800] {taskmixin.py:211} WARNING - Dependency <Task(_PythonDecoratedOperator): prepare_email>, send_email already registered for DAG: example_dag_decorator
[2023-04-22T01:51:15.935+0800] {logging_mixin.py:137} INFO - [2023-04-22T01:51:15.935+0800] {taskmixin.py:211} WARNING - Dependency <Task(EmailOperator): send_email>, prepare_email already registered for DAG: example_dag_decorator
[2023-04-22T01:51:15.942+0800] {processor.py:753} INFO - DAG(s) dict_keys(['example_dag_decorator']) retrieved from /home/gerardsho/airflow_env/lib/python3.8/site-packages/airflow/example_dags/example_dag_decorator.py
[2023-04-22T01:51:15.972+0800] {logging_mixin.py:137} INFO - [2023-04-22T01:51:15.972+0800] {dag.py:2705} INFO - Sync 1 DAGs
[2023-04-22T01:51:15.982+0800] {logging_mixin.py:137} INFO - [2023-04-22T01:51:15.982+0800] {dag.py:3452} INFO - Setting next_dagrun for example_dag_decorator to None, run_after=None
[2023-04-22T01:51:16.001+0800] {processor.py:175} INFO - Processing /home/gerardsho/airflow_env/lib/python3.8/site-packages/airflow/example_dags/example_dag_decorator.py took 0.082 seconds
[2023-04-22T01:51:57.302+0800] {processor.py:153} INFO - Started process (PID=2967) to work on /home/gerardsho/airflow_env/lib/python3.8/site-packages/airflow/example_dags/example_dag_decorator.py
[2023-04-22T01:51:57.305+0800] {processor.py:743} INFO - Processing file /home/gerardsho/airflow_env/lib/python3.8/site-packages/airflow/example_dags/example_dag_decorator.py for tasks to queue
[2023-04-22T01:51:57.305+0800] {logging_mixin.py:137} INFO - [2023-04-22T01:51:57.305+0800] {dagbag.py:532} INFO - Filling up the DagBag from /home/gerardsho/airflow_env/lib/python3.8/site-packages/airflow/example_dags/example_dag_decorator.py
[2023-04-22T01:51:57.315+0800] {logging_mixin.py:137} INFO - [2023-04-22T01:51:57.315+0800] {taskmixin.py:211} WARNING - Dependency <Task(_PythonDecoratedOperator): prepare_email>, send_email already registered for DAG: example_dag_decorator
[2023-04-22T01:51:57.315+0800] {logging_mixin.py:137} INFO - [2023-04-22T01:51:57.315+0800] {taskmixin.py:211} WARNING - Dependency <Task(EmailOperator): send_email>, prepare_email already registered for DAG: example_dag_decorator
[2023-04-22T01:51:57.322+0800] {processor.py:753} INFO - DAG(s) dict_keys(['example_dag_decorator']) retrieved from /home/gerardsho/airflow_env/lib/python3.8/site-packages/airflow/example_dags/example_dag_decorator.py
[2023-04-22T01:51:57.352+0800] {logging_mixin.py:137} INFO - [2023-04-22T01:51:57.352+0800] {dag.py:2705} INFO - Sync 1 DAGs
[2023-04-22T01:51:57.362+0800] {logging_mixin.py:137} INFO - [2023-04-22T01:51:57.362+0800] {dag.py:3452} INFO - Setting next_dagrun for example_dag_decorator to None, run_after=None
[2023-04-22T01:51:57.381+0800] {processor.py:175} INFO - Processing /home/gerardsho/airflow_env/lib/python3.8/site-packages/airflow/example_dags/example_dag_decorator.py took 0.082 seconds
[2023-04-22T01:52:38.348+0800] {processor.py:153} INFO - Started process (PID=3009) to work on /home/gerardsho/airflow_env/lib/python3.8/site-packages/airflow/example_dags/example_dag_decorator.py
[2023-04-22T01:52:38.349+0800] {processor.py:743} INFO - Processing file /home/gerardsho/airflow_env/lib/python3.8/site-packages/airflow/example_dags/example_dag_decorator.py for tasks to queue
[2023-04-22T01:52:38.350+0800] {logging_mixin.py:137} INFO - [2023-04-22T01:52:38.350+0800] {dagbag.py:532} INFO - Filling up the DagBag from /home/gerardsho/airflow_env/lib/python3.8/site-packages/airflow/example_dags/example_dag_decorator.py
[2023-04-22T01:52:38.368+0800] {logging_mixin.py:137} INFO - [2023-04-22T01:52:38.367+0800] {taskmixin.py:211} WARNING - Dependency <Task(_PythonDecoratedOperator): prepare_email>, send_email already registered for DAG: example_dag_decorator
[2023-04-22T01:52:38.368+0800] {logging_mixin.py:137} INFO - [2023-04-22T01:52:38.368+0800] {taskmixin.py:211} WARNING - Dependency <Task(EmailOperator): send_email>, prepare_email already registered for DAG: example_dag_decorator
[2023-04-22T01:52:38.379+0800] {processor.py:753} INFO - DAG(s) dict_keys(['example_dag_decorator']) retrieved from /home/gerardsho/airflow_env/lib/python3.8/site-packages/airflow/example_dags/example_dag_decorator.py
[2023-04-22T01:52:38.415+0800] {logging_mixin.py:137} INFO - [2023-04-22T01:52:38.415+0800] {dag.py:2705} INFO - Sync 1 DAGs
[2023-04-22T01:52:38.429+0800] {logging_mixin.py:137} INFO - [2023-04-22T01:52:38.429+0800] {dag.py:3452} INFO - Setting next_dagrun for example_dag_decorator to None, run_after=None
[2023-04-22T01:52:38.447+0800] {processor.py:175} INFO - Processing /home/gerardsho/airflow_env/lib/python3.8/site-packages/airflow/example_dags/example_dag_decorator.py took 0.102 seconds
[2023-04-22T01:53:18.374+0800] {processor.py:153} INFO - Started process (PID=3051) to work on /home/gerardsho/airflow_env/lib/python3.8/site-packages/airflow/example_dags/example_dag_decorator.py
[2023-04-22T01:53:18.377+0800] {processor.py:743} INFO - Processing file /home/gerardsho/airflow_env/lib/python3.8/site-packages/airflow/example_dags/example_dag_decorator.py for tasks to queue
[2023-04-22T01:53:18.378+0800] {logging_mixin.py:137} INFO - [2023-04-22T01:53:18.378+0800] {dagbag.py:532} INFO - Filling up the DagBag from /home/gerardsho/airflow_env/lib/python3.8/site-packages/airflow/example_dags/example_dag_decorator.py
[2023-04-22T01:53:18.388+0800] {logging_mixin.py:137} INFO - [2023-04-22T01:53:18.388+0800] {taskmixin.py:211} WARNING - Dependency <Task(_PythonDecoratedOperator): prepare_email>, send_email already registered for DAG: example_dag_decorator
[2023-04-22T01:53:18.388+0800] {logging_mixin.py:137} INFO - [2023-04-22T01:53:18.388+0800] {taskmixin.py:211} WARNING - Dependency <Task(EmailOperator): send_email>, prepare_email already registered for DAG: example_dag_decorator
[2023-04-22T01:53:18.394+0800] {processor.py:753} INFO - DAG(s) dict_keys(['example_dag_decorator']) retrieved from /home/gerardsho/airflow_env/lib/python3.8/site-packages/airflow/example_dags/example_dag_decorator.py
[2023-04-22T01:53:18.425+0800] {logging_mixin.py:137} INFO - [2023-04-22T01:53:18.425+0800] {dag.py:2705} INFO - Sync 1 DAGs
[2023-04-22T01:53:18.436+0800] {logging_mixin.py:137} INFO - [2023-04-22T01:53:18.436+0800] {dag.py:3452} INFO - Setting next_dagrun for example_dag_decorator to None, run_after=None
[2023-04-22T01:53:18.452+0800] {processor.py:175} INFO - Processing /home/gerardsho/airflow_env/lib/python3.8/site-packages/airflow/example_dags/example_dag_decorator.py took 0.081 seconds
[2023-04-22T01:53:58.964+0800] {processor.py:153} INFO - Started process (PID=3093) to work on /home/gerardsho/airflow_env/lib/python3.8/site-packages/airflow/example_dags/example_dag_decorator.py
[2023-04-22T01:53:58.967+0800] {processor.py:743} INFO - Processing file /home/gerardsho/airflow_env/lib/python3.8/site-packages/airflow/example_dags/example_dag_decorator.py for tasks to queue
[2023-04-22T01:53:58.968+0800] {logging_mixin.py:137} INFO - [2023-04-22T01:53:58.968+0800] {dagbag.py:532} INFO - Filling up the DagBag from /home/gerardsho/airflow_env/lib/python3.8/site-packages/airflow/example_dags/example_dag_decorator.py
[2023-04-22T01:53:58.978+0800] {logging_mixin.py:137} INFO - [2023-04-22T01:53:58.978+0800] {taskmixin.py:211} WARNING - Dependency <Task(_PythonDecoratedOperator): prepare_email>, send_email already registered for DAG: example_dag_decorator
[2023-04-22T01:53:58.978+0800] {logging_mixin.py:137} INFO - [2023-04-22T01:53:58.978+0800] {taskmixin.py:211} WARNING - Dependency <Task(EmailOperator): send_email>, prepare_email already registered for DAG: example_dag_decorator
[2023-04-22T01:53:58.984+0800] {processor.py:753} INFO - DAG(s) dict_keys(['example_dag_decorator']) retrieved from /home/gerardsho/airflow_env/lib/python3.8/site-packages/airflow/example_dags/example_dag_decorator.py
[2023-04-22T01:53:59.010+0800] {logging_mixin.py:137} INFO - [2023-04-22T01:53:59.010+0800] {dag.py:2705} INFO - Sync 1 DAGs
[2023-04-22T01:53:59.020+0800] {logging_mixin.py:137} INFO - [2023-04-22T01:53:59.020+0800] {dag.py:3452} INFO - Setting next_dagrun for example_dag_decorator to None, run_after=None
[2023-04-22T01:53:59.040+0800] {processor.py:175} INFO - Processing /home/gerardsho/airflow_env/lib/python3.8/site-packages/airflow/example_dags/example_dag_decorator.py took 0.078 seconds
[2023-04-22T01:54:38.847+0800] {processor.py:153} INFO - Started process (PID=3138) to work on /home/gerardsho/airflow_env/lib/python3.8/site-packages/airflow/example_dags/example_dag_decorator.py
[2023-04-22T01:54:38.850+0800] {processor.py:743} INFO - Processing file /home/gerardsho/airflow_env/lib/python3.8/site-packages/airflow/example_dags/example_dag_decorator.py for tasks to queue
[2023-04-22T01:54:38.851+0800] {logging_mixin.py:137} INFO - [2023-04-22T01:54:38.851+0800] {dagbag.py:532} INFO - Filling up the DagBag from /home/gerardsho/airflow_env/lib/python3.8/site-packages/airflow/example_dags/example_dag_decorator.py
[2023-04-22T01:54:38.862+0800] {logging_mixin.py:137} INFO - [2023-04-22T01:54:38.862+0800] {taskmixin.py:211} WARNING - Dependency <Task(_PythonDecoratedOperator): prepare_email>, send_email already registered for DAG: example_dag_decorator
[2023-04-22T01:54:38.862+0800] {logging_mixin.py:137} INFO - [2023-04-22T01:54:38.862+0800] {taskmixin.py:211} WARNING - Dependency <Task(EmailOperator): send_email>, prepare_email already registered for DAG: example_dag_decorator
[2023-04-22T01:54:38.870+0800] {processor.py:753} INFO - DAG(s) dict_keys(['example_dag_decorator']) retrieved from /home/gerardsho/airflow_env/lib/python3.8/site-packages/airflow/example_dags/example_dag_decorator.py
[2023-04-22T01:54:38.903+0800] {logging_mixin.py:137} INFO - [2023-04-22T01:54:38.903+0800] {dag.py:2705} INFO - Sync 1 DAGs
[2023-04-22T01:54:38.915+0800] {logging_mixin.py:137} INFO - [2023-04-22T01:54:38.915+0800] {dag.py:3452} INFO - Setting next_dagrun for example_dag_decorator to None, run_after=None
[2023-04-22T01:54:38.934+0800] {processor.py:175} INFO - Processing /home/gerardsho/airflow_env/lib/python3.8/site-packages/airflow/example_dags/example_dag_decorator.py took 0.089 seconds
[2023-04-22T01:55:20.513+0800] {processor.py:153} INFO - Started process (PID=3183) to work on /home/gerardsho/airflow_env/lib/python3.8/site-packages/airflow/example_dags/example_dag_decorator.py
[2023-04-22T01:55:20.514+0800] {processor.py:743} INFO - Processing file /home/gerardsho/airflow_env/lib/python3.8/site-packages/airflow/example_dags/example_dag_decorator.py for tasks to queue
[2023-04-22T01:55:20.515+0800] {logging_mixin.py:137} INFO - [2023-04-22T01:55:20.515+0800] {dagbag.py:532} INFO - Filling up the DagBag from /home/gerardsho/airflow_env/lib/python3.8/site-packages/airflow/example_dags/example_dag_decorator.py
[2023-04-22T01:55:20.525+0800] {logging_mixin.py:137} INFO - [2023-04-22T01:55:20.525+0800] {taskmixin.py:211} WARNING - Dependency <Task(_PythonDecoratedOperator): prepare_email>, send_email already registered for DAG: example_dag_decorator
[2023-04-22T01:55:20.525+0800] {logging_mixin.py:137} INFO - [2023-04-22T01:55:20.525+0800] {taskmixin.py:211} WARNING - Dependency <Task(EmailOperator): send_email>, prepare_email already registered for DAG: example_dag_decorator
[2023-04-22T01:55:20.532+0800] {processor.py:753} INFO - DAG(s) dict_keys(['example_dag_decorator']) retrieved from /home/gerardsho/airflow_env/lib/python3.8/site-packages/airflow/example_dags/example_dag_decorator.py
[2023-04-22T01:55:20.564+0800] {logging_mixin.py:137} INFO - [2023-04-22T01:55:20.564+0800] {dag.py:2705} INFO - Sync 1 DAGs
[2023-04-22T01:55:20.577+0800] {logging_mixin.py:137} INFO - [2023-04-22T01:55:20.577+0800] {dag.py:3452} INFO - Setting next_dagrun for example_dag_decorator to None, run_after=None
[2023-04-22T01:55:20.598+0800] {processor.py:175} INFO - Processing /home/gerardsho/airflow_env/lib/python3.8/site-packages/airflow/example_dags/example_dag_decorator.py took 0.087 seconds
[2023-04-22T01:56:01.051+0800] {processor.py:153} INFO - Started process (PID=3228) to work on /home/gerardsho/airflow_env/lib/python3.8/site-packages/airflow/example_dags/example_dag_decorator.py
[2023-04-22T01:56:01.054+0800] {processor.py:743} INFO - Processing file /home/gerardsho/airflow_env/lib/python3.8/site-packages/airflow/example_dags/example_dag_decorator.py for tasks to queue
[2023-04-22T01:56:01.054+0800] {logging_mixin.py:137} INFO - [2023-04-22T01:56:01.054+0800] {dagbag.py:532} INFO - Filling up the DagBag from /home/gerardsho/airflow_env/lib/python3.8/site-packages/airflow/example_dags/example_dag_decorator.py
[2023-04-22T01:56:01.064+0800] {logging_mixin.py:137} INFO - [2023-04-22T01:56:01.064+0800] {taskmixin.py:211} WARNING - Dependency <Task(_PythonDecoratedOperator): prepare_email>, send_email already registered for DAG: example_dag_decorator
[2023-04-22T01:56:01.064+0800] {logging_mixin.py:137} INFO - [2023-04-22T01:56:01.064+0800] {taskmixin.py:211} WARNING - Dependency <Task(EmailOperator): send_email>, prepare_email already registered for DAG: example_dag_decorator
[2023-04-22T01:56:01.070+0800] {processor.py:753} INFO - DAG(s) dict_keys(['example_dag_decorator']) retrieved from /home/gerardsho/airflow_env/lib/python3.8/site-packages/airflow/example_dags/example_dag_decorator.py
[2023-04-22T01:56:01.096+0800] {logging_mixin.py:137} INFO - [2023-04-22T01:56:01.096+0800] {dag.py:2705} INFO - Sync 1 DAGs
[2023-04-22T01:56:01.105+0800] {logging_mixin.py:137} INFO - [2023-04-22T01:56:01.105+0800] {dag.py:3452} INFO - Setting next_dagrun for example_dag_decorator to None, run_after=None
[2023-04-22T01:56:01.123+0800] {processor.py:175} INFO - Processing /home/gerardsho/airflow_env/lib/python3.8/site-packages/airflow/example_dags/example_dag_decorator.py took 0.075 seconds
[2023-04-22T01:56:42.717+0800] {processor.py:153} INFO - Started process (PID=3276) to work on /home/gerardsho/airflow_env/lib/python3.8/site-packages/airflow/example_dags/example_dag_decorator.py
[2023-04-22T01:56:42.720+0800] {processor.py:743} INFO - Processing file /home/gerardsho/airflow_env/lib/python3.8/site-packages/airflow/example_dags/example_dag_decorator.py for tasks to queue
[2023-04-22T01:56:42.721+0800] {logging_mixin.py:137} INFO - [2023-04-22T01:56:42.720+0800] {dagbag.py:532} INFO - Filling up the DagBag from /home/gerardsho/airflow_env/lib/python3.8/site-packages/airflow/example_dags/example_dag_decorator.py
[2023-04-22T01:56:42.730+0800] {logging_mixin.py:137} INFO - [2023-04-22T01:56:42.730+0800] {taskmixin.py:211} WARNING - Dependency <Task(_PythonDecoratedOperator): prepare_email>, send_email already registered for DAG: example_dag_decorator
[2023-04-22T01:56:42.730+0800] {logging_mixin.py:137} INFO - [2023-04-22T01:56:42.730+0800] {taskmixin.py:211} WARNING - Dependency <Task(EmailOperator): send_email>, prepare_email already registered for DAG: example_dag_decorator
[2023-04-22T01:56:42.737+0800] {processor.py:753} INFO - DAG(s) dict_keys(['example_dag_decorator']) retrieved from /home/gerardsho/airflow_env/lib/python3.8/site-packages/airflow/example_dags/example_dag_decorator.py
[2023-04-22T01:56:42.764+0800] {logging_mixin.py:137} INFO - [2023-04-22T01:56:42.764+0800] {dag.py:2705} INFO - Sync 1 DAGs
[2023-04-22T01:56:42.774+0800] {logging_mixin.py:137} INFO - [2023-04-22T01:56:42.774+0800] {dag.py:3452} INFO - Setting next_dagrun for example_dag_decorator to None, run_after=None
[2023-04-22T01:56:42.792+0800] {processor.py:175} INFO - Processing /home/gerardsho/airflow_env/lib/python3.8/site-packages/airflow/example_dags/example_dag_decorator.py took 0.077 seconds
[2023-04-22T01:57:21.011+0800] {processor.py:153} INFO - Started process (PID=3321) to work on /home/gerardsho/airflow_env/lib/python3.8/site-packages/airflow/example_dags/example_dag_decorator.py
[2023-04-22T01:57:21.014+0800] {processor.py:743} INFO - Processing file /home/gerardsho/airflow_env/lib/python3.8/site-packages/airflow/example_dags/example_dag_decorator.py for tasks to queue
[2023-04-22T01:57:21.015+0800] {logging_mixin.py:137} INFO - [2023-04-22T01:57:21.015+0800] {dagbag.py:532} INFO - Filling up the DagBag from /home/gerardsho/airflow_env/lib/python3.8/site-packages/airflow/example_dags/example_dag_decorator.py
[2023-04-22T01:57:21.027+0800] {logging_mixin.py:137} INFO - [2023-04-22T01:57:21.027+0800] {taskmixin.py:211} WARNING - Dependency <Task(_PythonDecoratedOperator): prepare_email>, send_email already registered for DAG: example_dag_decorator
[2023-04-22T01:57:21.027+0800] {logging_mixin.py:137} INFO - [2023-04-22T01:57:21.027+0800] {taskmixin.py:211} WARNING - Dependency <Task(EmailOperator): send_email>, prepare_email already registered for DAG: example_dag_decorator
[2023-04-22T01:57:21.034+0800] {processor.py:753} INFO - DAG(s) dict_keys(['example_dag_decorator']) retrieved from /home/gerardsho/airflow_env/lib/python3.8/site-packages/airflow/example_dags/example_dag_decorator.py
[2023-04-22T01:57:21.066+0800] {logging_mixin.py:137} INFO - [2023-04-22T01:57:21.066+0800] {dag.py:2705} INFO - Sync 1 DAGs
[2023-04-22T01:57:21.077+0800] {logging_mixin.py:137} INFO - [2023-04-22T01:57:21.077+0800] {dag.py:3452} INFO - Setting next_dagrun for example_dag_decorator to None, run_after=None
[2023-04-22T01:57:21.097+0800] {processor.py:175} INFO - Processing /home/gerardsho/airflow_env/lib/python3.8/site-packages/airflow/example_dags/example_dag_decorator.py took 0.088 seconds
[2023-04-22T01:58:02.685+0800] {processor.py:153} INFO - Started process (PID=3371) to work on /home/gerardsho/airflow_env/lib/python3.8/site-packages/airflow/example_dags/example_dag_decorator.py
[2023-04-22T01:58:02.686+0800] {processor.py:743} INFO - Processing file /home/gerardsho/airflow_env/lib/python3.8/site-packages/airflow/example_dags/example_dag_decorator.py for tasks to queue
[2023-04-22T01:58:02.687+0800] {logging_mixin.py:137} INFO - [2023-04-22T01:58:02.686+0800] {dagbag.py:532} INFO - Filling up the DagBag from /home/gerardsho/airflow_env/lib/python3.8/site-packages/airflow/example_dags/example_dag_decorator.py
[2023-04-22T01:58:02.696+0800] {logging_mixin.py:137} INFO - [2023-04-22T01:58:02.696+0800] {taskmixin.py:211} WARNING - Dependency <Task(_PythonDecoratedOperator): prepare_email>, send_email already registered for DAG: example_dag_decorator
[2023-04-22T01:58:02.696+0800] {logging_mixin.py:137} INFO - [2023-04-22T01:58:02.696+0800] {taskmixin.py:211} WARNING - Dependency <Task(EmailOperator): send_email>, prepare_email already registered for DAG: example_dag_decorator
[2023-04-22T01:58:02.702+0800] {processor.py:753} INFO - DAG(s) dict_keys(['example_dag_decorator']) retrieved from /home/gerardsho/airflow_env/lib/python3.8/site-packages/airflow/example_dags/example_dag_decorator.py
[2023-04-22T01:58:02.729+0800] {logging_mixin.py:137} INFO - [2023-04-22T01:58:02.729+0800] {dag.py:2705} INFO - Sync 1 DAGs
[2023-04-22T01:58:02.739+0800] {logging_mixin.py:137} INFO - [2023-04-22T01:58:02.739+0800] {dag.py:3452} INFO - Setting next_dagrun for example_dag_decorator to None, run_after=None
[2023-04-22T01:58:02.756+0800] {processor.py:175} INFO - Processing /home/gerardsho/airflow_env/lib/python3.8/site-packages/airflow/example_dags/example_dag_decorator.py took 0.074 seconds
[2023-04-22T01:58:44.366+0800] {processor.py:153} INFO - Started process (PID=3414) to work on /home/gerardsho/airflow_env/lib/python3.8/site-packages/airflow/example_dags/example_dag_decorator.py
[2023-04-22T01:58:44.370+0800] {processor.py:743} INFO - Processing file /home/gerardsho/airflow_env/lib/python3.8/site-packages/airflow/example_dags/example_dag_decorator.py for tasks to queue
[2023-04-22T01:58:44.370+0800] {logging_mixin.py:137} INFO - [2023-04-22T01:58:44.370+0800] {dagbag.py:532} INFO - Filling up the DagBag from /home/gerardsho/airflow_env/lib/python3.8/site-packages/airflow/example_dags/example_dag_decorator.py
[2023-04-22T01:58:44.381+0800] {logging_mixin.py:137} INFO - [2023-04-22T01:58:44.381+0800] {taskmixin.py:211} WARNING - Dependency <Task(_PythonDecoratedOperator): prepare_email>, send_email already registered for DAG: example_dag_decorator
[2023-04-22T01:58:44.381+0800] {logging_mixin.py:137} INFO - [2023-04-22T01:58:44.381+0800] {taskmixin.py:211} WARNING - Dependency <Task(EmailOperator): send_email>, prepare_email already registered for DAG: example_dag_decorator
[2023-04-22T01:58:44.388+0800] {processor.py:753} INFO - DAG(s) dict_keys(['example_dag_decorator']) retrieved from /home/gerardsho/airflow_env/lib/python3.8/site-packages/airflow/example_dags/example_dag_decorator.py
[2023-04-22T01:58:44.418+0800] {logging_mixin.py:137} INFO - [2023-04-22T01:58:44.418+0800] {dag.py:2705} INFO - Sync 1 DAGs
[2023-04-22T01:58:44.428+0800] {logging_mixin.py:137} INFO - [2023-04-22T01:58:44.428+0800] {dag.py:3452} INFO - Setting next_dagrun for example_dag_decorator to None, run_after=None
[2023-04-22T01:58:44.448+0800] {processor.py:175} INFO - Processing /home/gerardsho/airflow_env/lib/python3.8/site-packages/airflow/example_dags/example_dag_decorator.py took 0.084 seconds
[2023-04-22T01:59:23.765+0800] {processor.py:153} INFO - Started process (PID=3456) to work on /home/gerardsho/airflow_env/lib/python3.8/site-packages/airflow/example_dags/example_dag_decorator.py
[2023-04-22T01:59:23.768+0800] {processor.py:743} INFO - Processing file /home/gerardsho/airflow_env/lib/python3.8/site-packages/airflow/example_dags/example_dag_decorator.py for tasks to queue
[2023-04-22T01:59:23.769+0800] {logging_mixin.py:137} INFO - [2023-04-22T01:59:23.769+0800] {dagbag.py:532} INFO - Filling up the DagBag from /home/gerardsho/airflow_env/lib/python3.8/site-packages/airflow/example_dags/example_dag_decorator.py
[2023-04-22T01:59:23.780+0800] {logging_mixin.py:137} INFO - [2023-04-22T01:59:23.779+0800] {taskmixin.py:211} WARNING - Dependency <Task(_PythonDecoratedOperator): prepare_email>, send_email already registered for DAG: example_dag_decorator
[2023-04-22T01:59:23.780+0800] {logging_mixin.py:137} INFO - [2023-04-22T01:59:23.780+0800] {taskmixin.py:211} WARNING - Dependency <Task(EmailOperator): send_email>, prepare_email already registered for DAG: example_dag_decorator
[2023-04-22T01:59:23.787+0800] {processor.py:753} INFO - DAG(s) dict_keys(['example_dag_decorator']) retrieved from /home/gerardsho/airflow_env/lib/python3.8/site-packages/airflow/example_dags/example_dag_decorator.py
[2023-04-22T01:59:23.816+0800] {logging_mixin.py:137} INFO - [2023-04-22T01:59:23.816+0800] {dag.py:2705} INFO - Sync 1 DAGs
[2023-04-22T01:59:23.827+0800] {logging_mixin.py:137} INFO - [2023-04-22T01:59:23.826+0800] {dag.py:3452} INFO - Setting next_dagrun for example_dag_decorator to None, run_after=None
[2023-04-22T01:59:23.913+0800] {processor.py:175} INFO - Processing /home/gerardsho/airflow_env/lib/python3.8/site-packages/airflow/example_dags/example_dag_decorator.py took 0.151 seconds
[2023-04-22T02:00:37.446+0800] {processor.py:153} INFO - Started process (PID=3513) to work on /home/gerardsho/airflow_env/lib/python3.8/site-packages/airflow/example_dags/example_dag_decorator.py
[2023-04-22T02:00:37.450+0800] {processor.py:743} INFO - Processing file /home/gerardsho/airflow_env/lib/python3.8/site-packages/airflow/example_dags/example_dag_decorator.py for tasks to queue
[2023-04-22T02:00:37.450+0800] {logging_mixin.py:137} INFO - [2023-04-22T02:00:37.450+0800] {dagbag.py:532} INFO - Filling up the DagBag from /home/gerardsho/airflow_env/lib/python3.8/site-packages/airflow/example_dags/example_dag_decorator.py
[2023-04-22T02:00:37.463+0800] {logging_mixin.py:137} INFO - [2023-04-22T02:00:37.463+0800] {taskmixin.py:211} WARNING - Dependency <Task(_PythonDecoratedOperator): prepare_email>, send_email already registered for DAG: example_dag_decorator
[2023-04-22T02:00:37.464+0800] {logging_mixin.py:137} INFO - [2023-04-22T02:00:37.464+0800] {taskmixin.py:211} WARNING - Dependency <Task(EmailOperator): send_email>, prepare_email already registered for DAG: example_dag_decorator
[2023-04-22T02:00:37.472+0800] {processor.py:753} INFO - DAG(s) dict_keys(['example_dag_decorator']) retrieved from /home/gerardsho/airflow_env/lib/python3.8/site-packages/airflow/example_dags/example_dag_decorator.py
[2023-04-22T02:00:37.544+0800] {logging_mixin.py:137} INFO - [2023-04-22T02:00:37.544+0800] {manager.py:504} INFO - Created Permission View: can edit on DAG:example_dag_decorator
[2023-04-22T02:00:37.556+0800] {logging_mixin.py:137} INFO - [2023-04-22T02:00:37.556+0800] {manager.py:504} INFO - Created Permission View: can delete on DAG:example_dag_decorator
[2023-04-22T02:00:37.567+0800] {logging_mixin.py:137} INFO - [2023-04-22T02:00:37.566+0800] {manager.py:504} INFO - Created Permission View: can read on DAG:example_dag_decorator
[2023-04-22T02:00:37.567+0800] {logging_mixin.py:137} INFO - [2023-04-22T02:00:37.567+0800] {dag.py:2705} INFO - Sync 1 DAGs
[2023-04-22T02:00:37.573+0800] {logging_mixin.py:137} INFO - [2023-04-22T02:00:37.573+0800] {dag.py:2726} INFO - Creating ORM DAG for example_dag_decorator
[2023-04-22T02:00:37.577+0800] {logging_mixin.py:137} INFO - [2023-04-22T02:00:37.577+0800] {dag.py:3452} INFO - Setting next_dagrun for example_dag_decorator to None, run_after=None
[2023-04-22T02:00:37.593+0800] {processor.py:175} INFO - Processing /home/gerardsho/airflow_env/lib/python3.8/site-packages/airflow/example_dags/example_dag_decorator.py took 0.148 seconds
[2023-04-22T02:01:21.007+0800] {processor.py:153} INFO - Started process (PID=3563) to work on /home/gerardsho/airflow_env/lib/python3.8/site-packages/airflow/example_dags/example_dag_decorator.py
[2023-04-22T02:01:21.010+0800] {processor.py:743} INFO - Processing file /home/gerardsho/airflow_env/lib/python3.8/site-packages/airflow/example_dags/example_dag_decorator.py for tasks to queue
[2023-04-22T02:01:21.010+0800] {logging_mixin.py:137} INFO - [2023-04-22T02:01:21.010+0800] {dagbag.py:532} INFO - Filling up the DagBag from /home/gerardsho/airflow_env/lib/python3.8/site-packages/airflow/example_dags/example_dag_decorator.py
[2023-04-22T02:01:21.022+0800] {logging_mixin.py:137} INFO - [2023-04-22T02:01:21.022+0800] {taskmixin.py:211} WARNING - Dependency <Task(_PythonDecoratedOperator): prepare_email>, send_email already registered for DAG: example_dag_decorator
[2023-04-22T02:01:21.022+0800] {logging_mixin.py:137} INFO - [2023-04-22T02:01:21.022+0800] {taskmixin.py:211} WARNING - Dependency <Task(EmailOperator): send_email>, prepare_email already registered for DAG: example_dag_decorator
[2023-04-22T02:01:21.030+0800] {processor.py:753} INFO - DAG(s) dict_keys(['example_dag_decorator']) retrieved from /home/gerardsho/airflow_env/lib/python3.8/site-packages/airflow/example_dags/example_dag_decorator.py
[2023-04-22T02:01:21.062+0800] {logging_mixin.py:137} INFO - [2023-04-22T02:01:21.062+0800] {dag.py:2705} INFO - Sync 1 DAGs
[2023-04-22T02:01:21.077+0800] {logging_mixin.py:137} INFO - [2023-04-22T02:01:21.077+0800] {dag.py:3452} INFO - Setting next_dagrun for example_dag_decorator to None, run_after=None
[2023-04-22T02:01:21.096+0800] {processor.py:175} INFO - Processing /home/gerardsho/airflow_env/lib/python3.8/site-packages/airflow/example_dags/example_dag_decorator.py took 0.091 seconds
[2023-04-22T02:02:01.040+0800] {processor.py:153} INFO - Started process (PID=3605) to work on /home/gerardsho/airflow_env/lib/python3.8/site-packages/airflow/example_dags/example_dag_decorator.py
[2023-04-22T02:02:01.042+0800] {processor.py:743} INFO - Processing file /home/gerardsho/airflow_env/lib/python3.8/site-packages/airflow/example_dags/example_dag_decorator.py for tasks to queue
[2023-04-22T02:02:01.043+0800] {logging_mixin.py:137} INFO - [2023-04-22T02:02:01.043+0800] {dagbag.py:532} INFO - Filling up the DagBag from /home/gerardsho/airflow_env/lib/python3.8/site-packages/airflow/example_dags/example_dag_decorator.py
[2023-04-22T02:02:01.059+0800] {logging_mixin.py:137} INFO - [2023-04-22T02:02:01.058+0800] {taskmixin.py:211} WARNING - Dependency <Task(_PythonDecoratedOperator): prepare_email>, send_email already registered for DAG: example_dag_decorator
[2023-04-22T02:02:01.059+0800] {logging_mixin.py:137} INFO - [2023-04-22T02:02:01.059+0800] {taskmixin.py:211} WARNING - Dependency <Task(EmailOperator): send_email>, prepare_email already registered for DAG: example_dag_decorator
[2023-04-22T02:02:01.067+0800] {processor.py:753} INFO - DAG(s) dict_keys(['example_dag_decorator']) retrieved from /home/gerardsho/airflow_env/lib/python3.8/site-packages/airflow/example_dags/example_dag_decorator.py
[2023-04-22T02:02:01.098+0800] {logging_mixin.py:137} INFO - [2023-04-22T02:02:01.098+0800] {dag.py:2705} INFO - Sync 1 DAGs
[2023-04-22T02:02:01.108+0800] {logging_mixin.py:137} INFO - [2023-04-22T02:02:01.108+0800] {dag.py:3452} INFO - Setting next_dagrun for example_dag_decorator to None, run_after=None
[2023-04-22T02:02:01.129+0800] {processor.py:175} INFO - Processing /home/gerardsho/airflow_env/lib/python3.8/site-packages/airflow/example_dags/example_dag_decorator.py took 0.090 seconds
[2023-04-22T02:02:42.296+0800] {processor.py:153} INFO - Started process (PID=3657) to work on /home/gerardsho/airflow_env/lib/python3.8/site-packages/airflow/example_dags/example_dag_decorator.py
[2023-04-22T02:02:42.297+0800] {processor.py:743} INFO - Processing file /home/gerardsho/airflow_env/lib/python3.8/site-packages/airflow/example_dags/example_dag_decorator.py for tasks to queue
[2023-04-22T02:02:42.297+0800] {logging_mixin.py:137} INFO - [2023-04-22T02:02:42.297+0800] {dagbag.py:532} INFO - Filling up the DagBag from /home/gerardsho/airflow_env/lib/python3.8/site-packages/airflow/example_dags/example_dag_decorator.py
[2023-04-22T02:02:42.310+0800] {logging_mixin.py:137} INFO - [2023-04-22T02:02:42.310+0800] {taskmixin.py:211} WARNING - Dependency <Task(_PythonDecoratedOperator): prepare_email>, send_email already registered for DAG: example_dag_decorator
[2023-04-22T02:02:42.310+0800] {logging_mixin.py:137} INFO - [2023-04-22T02:02:42.310+0800] {taskmixin.py:211} WARNING - Dependency <Task(EmailOperator): send_email>, prepare_email already registered for DAG: example_dag_decorator
[2023-04-22T02:02:42.317+0800] {processor.py:753} INFO - DAG(s) dict_keys(['example_dag_decorator']) retrieved from /home/gerardsho/airflow_env/lib/python3.8/site-packages/airflow/example_dags/example_dag_decorator.py
[2023-04-22T02:02:42.350+0800] {logging_mixin.py:137} INFO - [2023-04-22T02:02:42.350+0800] {dag.py:2705} INFO - Sync 1 DAGs
[2023-04-22T02:02:42.365+0800] {logging_mixin.py:137} INFO - [2023-04-22T02:02:42.364+0800] {dag.py:3452} INFO - Setting next_dagrun for example_dag_decorator to None, run_after=None
[2023-04-22T02:02:42.386+0800] {processor.py:175} INFO - Processing /home/gerardsho/airflow_env/lib/python3.8/site-packages/airflow/example_dags/example_dag_decorator.py took 0.092 seconds
[2023-04-22T02:03:24.506+0800] {processor.py:153} INFO - Started process (PID=3704) to work on /home/gerardsho/airflow_env/lib/python3.8/site-packages/airflow/example_dags/example_dag_decorator.py
[2023-04-22T02:03:24.510+0800] {processor.py:743} INFO - Processing file /home/gerardsho/airflow_env/lib/python3.8/site-packages/airflow/example_dags/example_dag_decorator.py for tasks to queue
[2023-04-22T02:03:24.510+0800] {logging_mixin.py:137} INFO - [2023-04-22T02:03:24.510+0800] {dagbag.py:532} INFO - Filling up the DagBag from /home/gerardsho/airflow_env/lib/python3.8/site-packages/airflow/example_dags/example_dag_decorator.py
[2023-04-22T02:03:24.524+0800] {logging_mixin.py:137} INFO - [2023-04-22T02:03:24.523+0800] {taskmixin.py:211} WARNING - Dependency <Task(_PythonDecoratedOperator): prepare_email>, send_email already registered for DAG: example_dag_decorator
[2023-04-22T02:03:24.524+0800] {logging_mixin.py:137} INFO - [2023-04-22T02:03:24.524+0800] {taskmixin.py:211} WARNING - Dependency <Task(EmailOperator): send_email>, prepare_email already registered for DAG: example_dag_decorator
[2023-04-22T02:03:24.531+0800] {processor.py:753} INFO - DAG(s) dict_keys(['example_dag_decorator']) retrieved from /home/gerardsho/airflow_env/lib/python3.8/site-packages/airflow/example_dags/example_dag_decorator.py
[2023-04-22T02:03:24.566+0800] {logging_mixin.py:137} INFO - [2023-04-22T02:03:24.566+0800] {dag.py:2705} INFO - Sync 1 DAGs
[2023-04-22T02:03:24.577+0800] {logging_mixin.py:137} INFO - [2023-04-22T02:03:24.577+0800] {dag.py:3452} INFO - Setting next_dagrun for example_dag_decorator to None, run_after=None
[2023-04-22T02:03:24.601+0800] {processor.py:175} INFO - Processing /home/gerardsho/airflow_env/lib/python3.8/site-packages/airflow/example_dags/example_dag_decorator.py took 0.098 seconds
[2023-04-22T02:04:03.892+0800] {processor.py:153} INFO - Started process (PID=3750) to work on /home/gerardsho/airflow_env/lib/python3.8/site-packages/airflow/example_dags/example_dag_decorator.py
[2023-04-22T02:04:03.896+0800] {processor.py:743} INFO - Processing file /home/gerardsho/airflow_env/lib/python3.8/site-packages/airflow/example_dags/example_dag_decorator.py for tasks to queue
[2023-04-22T02:04:03.897+0800] {logging_mixin.py:137} INFO - [2023-04-22T02:04:03.896+0800] {dagbag.py:532} INFO - Filling up the DagBag from /home/gerardsho/airflow_env/lib/python3.8/site-packages/airflow/example_dags/example_dag_decorator.py
[2023-04-22T02:04:03.908+0800] {logging_mixin.py:137} INFO - [2023-04-22T02:04:03.908+0800] {taskmixin.py:211} WARNING - Dependency <Task(_PythonDecoratedOperator): prepare_email>, send_email already registered for DAG: example_dag_decorator
[2023-04-22T02:04:03.908+0800] {logging_mixin.py:137} INFO - [2023-04-22T02:04:03.908+0800] {taskmixin.py:211} WARNING - Dependency <Task(EmailOperator): send_email>, prepare_email already registered for DAG: example_dag_decorator
[2023-04-22T02:04:03.916+0800] {processor.py:753} INFO - DAG(s) dict_keys(['example_dag_decorator']) retrieved from /home/gerardsho/airflow_env/lib/python3.8/site-packages/airflow/example_dags/example_dag_decorator.py
[2023-04-22T02:04:03.950+0800] {logging_mixin.py:137} INFO - [2023-04-22T02:04:03.950+0800] {dag.py:2705} INFO - Sync 1 DAGs
[2023-04-22T02:04:03.960+0800] {logging_mixin.py:137} INFO - [2023-04-22T02:04:03.960+0800] {dag.py:3452} INFO - Setting next_dagrun for example_dag_decorator to None, run_after=None
[2023-04-22T02:04:03.982+0800] {processor.py:175} INFO - Processing /home/gerardsho/airflow_env/lib/python3.8/site-packages/airflow/example_dags/example_dag_decorator.py took 0.092 seconds
[2023-04-22T02:04:45.078+0800] {processor.py:153} INFO - Started process (PID=3792) to work on /home/gerardsho/airflow_env/lib/python3.8/site-packages/airflow/example_dags/example_dag_decorator.py
[2023-04-22T02:04:45.082+0800] {processor.py:743} INFO - Processing file /home/gerardsho/airflow_env/lib/python3.8/site-packages/airflow/example_dags/example_dag_decorator.py for tasks to queue
[2023-04-22T02:04:45.082+0800] {logging_mixin.py:137} INFO - [2023-04-22T02:04:45.082+0800] {dagbag.py:532} INFO - Filling up the DagBag from /home/gerardsho/airflow_env/lib/python3.8/site-packages/airflow/example_dags/example_dag_decorator.py
[2023-04-22T02:04:45.092+0800] {logging_mixin.py:137} INFO - [2023-04-22T02:04:45.092+0800] {taskmixin.py:211} WARNING - Dependency <Task(_PythonDecoratedOperator): prepare_email>, send_email already registered for DAG: example_dag_decorator
[2023-04-22T02:04:45.092+0800] {logging_mixin.py:137} INFO - [2023-04-22T02:04:45.092+0800] {taskmixin.py:211} WARNING - Dependency <Task(EmailOperator): send_email>, prepare_email already registered for DAG: example_dag_decorator
[2023-04-22T02:04:45.099+0800] {processor.py:753} INFO - DAG(s) dict_keys(['example_dag_decorator']) retrieved from /home/gerardsho/airflow_env/lib/python3.8/site-packages/airflow/example_dags/example_dag_decorator.py
[2023-04-22T02:04:45.125+0800] {logging_mixin.py:137} INFO - [2023-04-22T02:04:45.125+0800] {dag.py:2705} INFO - Sync 1 DAGs
[2023-04-22T02:04:45.134+0800] {logging_mixin.py:137} INFO - [2023-04-22T02:04:45.134+0800] {dag.py:3452} INFO - Setting next_dagrun for example_dag_decorator to None, run_after=None
[2023-04-22T02:04:45.151+0800] {processor.py:175} INFO - Processing /home/gerardsho/airflow_env/lib/python3.8/site-packages/airflow/example_dags/example_dag_decorator.py took 0.076 seconds
