[2023-04-22T01:48:48.294+0800] {processor.py:153} INFO - Started process (PID=2748) to work on /home/gerardsho/airflow_env/lib/python3.8/site-packages/airflow/example_dags/example_bash_operator.py
[2023-04-22T01:48:48.295+0800] {processor.py:743} INFO - Processing file /home/gerardsho/airflow_env/lib/python3.8/site-packages/airflow/example_dags/example_bash_operator.py for tasks to queue
[2023-04-22T01:48:48.295+0800] {logging_mixin.py:137} INFO - [2023-04-22T01:48:48.295+0800] {dagbag.py:532} INFO - Filling up the DagBag from /home/gerardsho/airflow_env/lib/python3.8/site-packages/airflow/example_dags/example_bash_operator.py
[2023-04-22T01:48:48.307+0800] {processor.py:753} INFO - DAG(s) dict_keys(['example_bash_operator']) retrieved from /home/gerardsho/airflow_env/lib/python3.8/site-packages/airflow/example_dags/example_bash_operator.py
[2023-04-22T01:48:48.489+0800] {logging_mixin.py:137} INFO - [2023-04-22T01:48:48.489+0800] {manager.py:504} INFO - Created Permission View: can edit on DAG:example_bash_operator
[2023-04-22T01:48:48.545+0800] {logging_mixin.py:137} INFO - [2023-04-22T01:48:48.545+0800] {manager.py:504} INFO - Created Permission View: can delete on DAG:example_bash_operator
[2023-04-22T01:48:48.644+0800] {logging_mixin.py:137} INFO - [2023-04-22T01:48:48.643+0800] {manager.py:504} INFO - Created Permission View: can read on DAG:example_bash_operator
[2023-04-22T01:48:48.644+0800] {logging_mixin.py:137} INFO - [2023-04-22T01:48:48.644+0800] {dag.py:2705} INFO - Sync 1 DAGs
[2023-04-22T01:48:48.656+0800] {logging_mixin.py:137} INFO - [2023-04-22T01:48:48.656+0800] {dag.py:2726} INFO - Creating ORM DAG for example_bash_operator
[2023-04-22T01:48:48.662+0800] {logging_mixin.py:137} INFO - [2023-04-22T01:48:48.662+0800] {dag.py:3452} INFO - Setting next_dagrun for example_bash_operator to 2023-04-20T00:00:00+00:00, run_after=2023-04-21T00:00:00+00:00
[2023-04-22T01:48:48.793+0800] {processor.py:175} INFO - Processing /home/gerardsho/airflow_env/lib/python3.8/site-packages/airflow/example_dags/example_bash_operator.py took 0.501 seconds
[2023-04-22T01:49:32.218+0800] {processor.py:153} INFO - Started process (PID=2791) to work on /home/gerardsho/airflow_env/lib/python3.8/site-packages/airflow/example_dags/example_bash_operator.py
[2023-04-22T01:49:32.221+0800] {processor.py:743} INFO - Processing file /home/gerardsho/airflow_env/lib/python3.8/site-packages/airflow/example_dags/example_bash_operator.py for tasks to queue
[2023-04-22T01:49:32.221+0800] {logging_mixin.py:137} INFO - [2023-04-22T01:49:32.221+0800] {dagbag.py:532} INFO - Filling up the DagBag from /home/gerardsho/airflow_env/lib/python3.8/site-packages/airflow/example_dags/example_bash_operator.py
[2023-04-22T01:49:32.234+0800] {processor.py:753} INFO - DAG(s) dict_keys(['example_bash_operator']) retrieved from /home/gerardsho/airflow_env/lib/python3.8/site-packages/airflow/example_dags/example_bash_operator.py
[2023-04-22T01:49:32.250+0800] {logging_mixin.py:137} INFO - [2023-04-22T01:49:32.250+0800] {dag.py:2705} INFO - Sync 1 DAGs
[2023-04-22T01:49:32.261+0800] {logging_mixin.py:137} INFO - [2023-04-22T01:49:32.261+0800] {dag.py:3452} INFO - Setting next_dagrun for example_bash_operator to 2023-04-20T00:00:00+00:00, run_after=2023-04-21T00:00:00+00:00
[2023-04-22T01:49:32.280+0800] {processor.py:175} INFO - Processing /home/gerardsho/airflow_env/lib/python3.8/site-packages/airflow/example_dags/example_bash_operator.py took 0.064 seconds
[2023-04-22T01:50:11.531+0800] {processor.py:153} INFO - Started process (PID=2834) to work on /home/gerardsho/airflow_env/lib/python3.8/site-packages/airflow/example_dags/example_bash_operator.py
[2023-04-22T01:50:11.534+0800] {processor.py:743} INFO - Processing file /home/gerardsho/airflow_env/lib/python3.8/site-packages/airflow/example_dags/example_bash_operator.py for tasks to queue
[2023-04-22T01:50:11.535+0800] {logging_mixin.py:137} INFO - [2023-04-22T01:50:11.535+0800] {dagbag.py:532} INFO - Filling up the DagBag from /home/gerardsho/airflow_env/lib/python3.8/site-packages/airflow/example_dags/example_bash_operator.py
[2023-04-22T01:50:11.547+0800] {processor.py:753} INFO - DAG(s) dict_keys(['example_bash_operator']) retrieved from /home/gerardsho/airflow_env/lib/python3.8/site-packages/airflow/example_dags/example_bash_operator.py
[2023-04-22T01:50:11.563+0800] {logging_mixin.py:137} INFO - [2023-04-22T01:50:11.563+0800] {dag.py:2705} INFO - Sync 1 DAGs
[2023-04-22T01:50:11.574+0800] {logging_mixin.py:137} INFO - [2023-04-22T01:50:11.574+0800] {dag.py:3452} INFO - Setting next_dagrun for example_bash_operator to 2023-04-20T00:00:00+00:00, run_after=2023-04-21T00:00:00+00:00
[2023-04-22T01:50:11.591+0800] {processor.py:175} INFO - Processing /home/gerardsho/airflow_env/lib/python3.8/site-packages/airflow/example_dags/example_bash_operator.py took 0.062 seconds
[2023-04-22T01:50:51.631+0800] {processor.py:153} INFO - Started process (PID=2881) to work on /home/gerardsho/airflow_env/lib/python3.8/site-packages/airflow/example_dags/example_bash_operator.py
[2023-04-22T01:50:51.632+0800] {processor.py:743} INFO - Processing file /home/gerardsho/airflow_env/lib/python3.8/site-packages/airflow/example_dags/example_bash_operator.py for tasks to queue
[2023-04-22T01:50:51.633+0800] {logging_mixin.py:137} INFO - [2023-04-22T01:50:51.633+0800] {dagbag.py:532} INFO - Filling up the DagBag from /home/gerardsho/airflow_env/lib/python3.8/site-packages/airflow/example_dags/example_bash_operator.py
[2023-04-22T01:50:51.646+0800] {processor.py:753} INFO - DAG(s) dict_keys(['example_bash_operator']) retrieved from /home/gerardsho/airflow_env/lib/python3.8/site-packages/airflow/example_dags/example_bash_operator.py
[2023-04-22T01:50:51.663+0800] {logging_mixin.py:137} INFO - [2023-04-22T01:50:51.663+0800] {dag.py:2705} INFO - Sync 1 DAGs
[2023-04-22T01:50:51.674+0800] {logging_mixin.py:137} INFO - [2023-04-22T01:50:51.674+0800] {dag.py:3452} INFO - Setting next_dagrun for example_bash_operator to 2023-04-20T00:00:00+00:00, run_after=2023-04-21T00:00:00+00:00
[2023-04-22T01:50:51.693+0800] {processor.py:175} INFO - Processing /home/gerardsho/airflow_env/lib/python3.8/site-packages/airflow/example_dags/example_bash_operator.py took 0.063 seconds
[2023-04-22T01:51:33.316+0800] {processor.py:153} INFO - Started process (PID=2935) to work on /home/gerardsho/airflow_env/lib/python3.8/site-packages/airflow/example_dags/example_bash_operator.py
[2023-04-22T01:51:33.319+0800] {processor.py:743} INFO - Processing file /home/gerardsho/airflow_env/lib/python3.8/site-packages/airflow/example_dags/example_bash_operator.py for tasks to queue
[2023-04-22T01:51:33.319+0800] {logging_mixin.py:137} INFO - [2023-04-22T01:51:33.319+0800] {dagbag.py:532} INFO - Filling up the DagBag from /home/gerardsho/airflow_env/lib/python3.8/site-packages/airflow/example_dags/example_bash_operator.py
[2023-04-22T01:51:33.332+0800] {processor.py:753} INFO - DAG(s) dict_keys(['example_bash_operator']) retrieved from /home/gerardsho/airflow_env/lib/python3.8/site-packages/airflow/example_dags/example_bash_operator.py
[2023-04-22T01:51:33.348+0800] {logging_mixin.py:137} INFO - [2023-04-22T01:51:33.348+0800] {dag.py:2705} INFO - Sync 1 DAGs
[2023-04-22T01:51:33.359+0800] {logging_mixin.py:137} INFO - [2023-04-22T01:51:33.359+0800] {dag.py:3452} INFO - Setting next_dagrun for example_bash_operator to 2023-04-20T00:00:00+00:00, run_after=2023-04-21T00:00:00+00:00
[2023-04-22T01:51:33.377+0800] {processor.py:175} INFO - Processing /home/gerardsho/airflow_env/lib/python3.8/site-packages/airflow/example_dags/example_bash_operator.py took 0.064 seconds
[2023-04-22T01:52:15.398+0800] {processor.py:153} INFO - Started process (PID=2985) to work on /home/gerardsho/airflow_env/lib/python3.8/site-packages/airflow/example_dags/example_bash_operator.py
[2023-04-22T01:52:15.402+0800] {processor.py:743} INFO - Processing file /home/gerardsho/airflow_env/lib/python3.8/site-packages/airflow/example_dags/example_bash_operator.py for tasks to queue
[2023-04-22T01:52:15.402+0800] {logging_mixin.py:137} INFO - [2023-04-22T01:52:15.402+0800] {dagbag.py:532} INFO - Filling up the DagBag from /home/gerardsho/airflow_env/lib/python3.8/site-packages/airflow/example_dags/example_bash_operator.py
[2023-04-22T01:52:15.414+0800] {processor.py:753} INFO - DAG(s) dict_keys(['example_bash_operator']) retrieved from /home/gerardsho/airflow_env/lib/python3.8/site-packages/airflow/example_dags/example_bash_operator.py
[2023-04-22T01:52:15.447+0800] {logging_mixin.py:137} INFO - [2023-04-22T01:52:15.447+0800] {dag.py:2705} INFO - Sync 1 DAGs
[2023-04-22T01:52:15.469+0800] {logging_mixin.py:137} INFO - [2023-04-22T01:52:15.469+0800] {dag.py:3452} INFO - Setting next_dagrun for example_bash_operator to 2023-04-20T00:00:00+00:00, run_after=2023-04-21T00:00:00+00:00
[2023-04-22T01:52:15.495+0800] {processor.py:175} INFO - Processing /home/gerardsho/airflow_env/lib/python3.8/site-packages/airflow/example_dags/example_bash_operator.py took 0.100 seconds
[2023-04-22T01:52:56.056+0800] {processor.py:153} INFO - Started process (PID=3027) to work on /home/gerardsho/airflow_env/lib/python3.8/site-packages/airflow/example_dags/example_bash_operator.py
[2023-04-22T01:52:56.059+0800] {processor.py:743} INFO - Processing file /home/gerardsho/airflow_env/lib/python3.8/site-packages/airflow/example_dags/example_bash_operator.py for tasks to queue
[2023-04-22T01:52:56.061+0800] {logging_mixin.py:137} INFO - [2023-04-22T01:52:56.060+0800] {dagbag.py:532} INFO - Filling up the DagBag from /home/gerardsho/airflow_env/lib/python3.8/site-packages/airflow/example_dags/example_bash_operator.py
[2023-04-22T01:52:56.078+0800] {processor.py:753} INFO - DAG(s) dict_keys(['example_bash_operator']) retrieved from /home/gerardsho/airflow_env/lib/python3.8/site-packages/airflow/example_dags/example_bash_operator.py
[2023-04-22T01:52:56.099+0800] {logging_mixin.py:137} INFO - [2023-04-22T01:52:56.099+0800] {dag.py:2705} INFO - Sync 1 DAGs
[2023-04-22T01:52:56.114+0800] {logging_mixin.py:137} INFO - [2023-04-22T01:52:56.114+0800] {dag.py:3452} INFO - Setting next_dagrun for example_bash_operator to 2023-04-20T00:00:00+00:00, run_after=2023-04-21T00:00:00+00:00
[2023-04-22T01:52:56.131+0800] {processor.py:175} INFO - Processing /home/gerardsho/airflow_env/lib/python3.8/site-packages/airflow/example_dags/example_bash_operator.py took 0.078 seconds
[2023-04-22T01:53:36.106+0800] {processor.py:153} INFO - Started process (PID=3069) to work on /home/gerardsho/airflow_env/lib/python3.8/site-packages/airflow/example_dags/example_bash_operator.py
[2023-04-22T01:53:36.109+0800] {processor.py:743} INFO - Processing file /home/gerardsho/airflow_env/lib/python3.8/site-packages/airflow/example_dags/example_bash_operator.py for tasks to queue
[2023-04-22T01:53:36.110+0800] {logging_mixin.py:137} INFO - [2023-04-22T01:53:36.109+0800] {dagbag.py:532} INFO - Filling up the DagBag from /home/gerardsho/airflow_env/lib/python3.8/site-packages/airflow/example_dags/example_bash_operator.py
[2023-04-22T01:53:36.122+0800] {processor.py:753} INFO - DAG(s) dict_keys(['example_bash_operator']) retrieved from /home/gerardsho/airflow_env/lib/python3.8/site-packages/airflow/example_dags/example_bash_operator.py
[2023-04-22T01:53:36.139+0800] {logging_mixin.py:137} INFO - [2023-04-22T01:53:36.138+0800] {dag.py:2705} INFO - Sync 1 DAGs
[2023-04-22T01:53:36.149+0800] {logging_mixin.py:137} INFO - [2023-04-22T01:53:36.149+0800] {dag.py:3452} INFO - Setting next_dagrun for example_bash_operator to 2023-04-20T00:00:00+00:00, run_after=2023-04-21T00:00:00+00:00
[2023-04-22T01:53:36.167+0800] {processor.py:175} INFO - Processing /home/gerardsho/airflow_env/lib/python3.8/site-packages/airflow/example_dags/example_bash_operator.py took 0.064 seconds
[2023-04-22T01:54:16.005+0800] {processor.py:153} INFO - Started process (PID=3111) to work on /home/gerardsho/airflow_env/lib/python3.8/site-packages/airflow/example_dags/example_bash_operator.py
[2023-04-22T01:54:16.009+0800] {processor.py:743} INFO - Processing file /home/gerardsho/airflow_env/lib/python3.8/site-packages/airflow/example_dags/example_bash_operator.py for tasks to queue
[2023-04-22T01:54:16.009+0800] {logging_mixin.py:137} INFO - [2023-04-22T01:54:16.009+0800] {dagbag.py:532} INFO - Filling up the DagBag from /home/gerardsho/airflow_env/lib/python3.8/site-packages/airflow/example_dags/example_bash_operator.py
[2023-04-22T01:54:16.022+0800] {processor.py:753} INFO - DAG(s) dict_keys(['example_bash_operator']) retrieved from /home/gerardsho/airflow_env/lib/python3.8/site-packages/airflow/example_dags/example_bash_operator.py
[2023-04-22T01:54:16.042+0800] {logging_mixin.py:137} INFO - [2023-04-22T01:54:16.042+0800] {dag.py:2705} INFO - Sync 1 DAGs
[2023-04-22T01:54:16.054+0800] {logging_mixin.py:137} INFO - [2023-04-22T01:54:16.053+0800] {dag.py:3452} INFO - Setting next_dagrun for example_bash_operator to 2023-04-20T00:00:00+00:00, run_after=2023-04-21T00:00:00+00:00
[2023-04-22T01:54:16.071+0800] {processor.py:175} INFO - Processing /home/gerardsho/airflow_env/lib/python3.8/site-packages/airflow/example_dags/example_bash_operator.py took 0.068 seconds
[2023-04-22T01:54:57.183+0800] {processor.py:153} INFO - Started process (PID=3157) to work on /home/gerardsho/airflow_env/lib/python3.8/site-packages/airflow/example_dags/example_bash_operator.py
[2023-04-22T01:54:57.186+0800] {processor.py:743} INFO - Processing file /home/gerardsho/airflow_env/lib/python3.8/site-packages/airflow/example_dags/example_bash_operator.py for tasks to queue
[2023-04-22T01:54:57.186+0800] {logging_mixin.py:137} INFO - [2023-04-22T01:54:57.186+0800] {dagbag.py:532} INFO - Filling up the DagBag from /home/gerardsho/airflow_env/lib/python3.8/site-packages/airflow/example_dags/example_bash_operator.py
[2023-04-22T01:54:57.198+0800] {processor.py:753} INFO - DAG(s) dict_keys(['example_bash_operator']) retrieved from /home/gerardsho/airflow_env/lib/python3.8/site-packages/airflow/example_dags/example_bash_operator.py
[2023-04-22T01:54:57.215+0800] {logging_mixin.py:137} INFO - [2023-04-22T01:54:57.215+0800] {dag.py:2705} INFO - Sync 1 DAGs
[2023-04-22T01:54:57.226+0800] {logging_mixin.py:137} INFO - [2023-04-22T01:54:57.226+0800] {dag.py:3452} INFO - Setting next_dagrun for example_bash_operator to 2023-04-20T00:00:00+00:00, run_after=2023-04-21T00:00:00+00:00
[2023-04-22T01:54:57.243+0800] {processor.py:175} INFO - Processing /home/gerardsho/airflow_env/lib/python3.8/site-packages/airflow/example_dags/example_bash_operator.py took 0.062 seconds
[2023-04-22T01:55:38.241+0800] {processor.py:153} INFO - Started process (PID=3203) to work on /home/gerardsho/airflow_env/lib/python3.8/site-packages/airflow/example_dags/example_bash_operator.py
[2023-04-22T01:55:38.244+0800] {processor.py:743} INFO - Processing file /home/gerardsho/airflow_env/lib/python3.8/site-packages/airflow/example_dags/example_bash_operator.py for tasks to queue
[2023-04-22T01:55:38.245+0800] {logging_mixin.py:137} INFO - [2023-04-22T01:55:38.245+0800] {dagbag.py:532} INFO - Filling up the DagBag from /home/gerardsho/airflow_env/lib/python3.8/site-packages/airflow/example_dags/example_bash_operator.py
[2023-04-22T01:55:38.257+0800] {processor.py:753} INFO - DAG(s) dict_keys(['example_bash_operator']) retrieved from /home/gerardsho/airflow_env/lib/python3.8/site-packages/airflow/example_dags/example_bash_operator.py
[2023-04-22T01:55:38.278+0800] {logging_mixin.py:137} INFO - [2023-04-22T01:55:38.277+0800] {dag.py:2705} INFO - Sync 1 DAGs
[2023-04-22T01:55:38.292+0800] {logging_mixin.py:137} INFO - [2023-04-22T01:55:38.291+0800] {dag.py:3452} INFO - Setting next_dagrun for example_bash_operator to 2023-04-20T00:00:00+00:00, run_after=2023-04-21T00:00:00+00:00
[2023-04-22T01:55:38.310+0800] {processor.py:175} INFO - Processing /home/gerardsho/airflow_env/lib/python3.8/site-packages/airflow/example_dags/example_bash_operator.py took 0.072 seconds
[2023-04-22T01:56:18.490+0800] {processor.py:153} INFO - Started process (PID=3248) to work on /home/gerardsho/airflow_env/lib/python3.8/site-packages/airflow/example_dags/example_bash_operator.py
[2023-04-22T01:56:18.493+0800] {processor.py:743} INFO - Processing file /home/gerardsho/airflow_env/lib/python3.8/site-packages/airflow/example_dags/example_bash_operator.py for tasks to queue
[2023-04-22T01:56:18.493+0800] {logging_mixin.py:137} INFO - [2023-04-22T01:56:18.493+0800] {dagbag.py:532} INFO - Filling up the DagBag from /home/gerardsho/airflow_env/lib/python3.8/site-packages/airflow/example_dags/example_bash_operator.py
[2023-04-22T01:56:18.506+0800] {processor.py:753} INFO - DAG(s) dict_keys(['example_bash_operator']) retrieved from /home/gerardsho/airflow_env/lib/python3.8/site-packages/airflow/example_dags/example_bash_operator.py
[2023-04-22T01:56:18.523+0800] {logging_mixin.py:137} INFO - [2023-04-22T01:56:18.523+0800] {dag.py:2705} INFO - Sync 1 DAGs
[2023-04-22T01:56:18.534+0800] {logging_mixin.py:137} INFO - [2023-04-22T01:56:18.534+0800] {dag.py:3452} INFO - Setting next_dagrun for example_bash_operator to 2023-04-20T00:00:00+00:00, run_after=2023-04-21T00:00:00+00:00
[2023-04-22T01:56:18.551+0800] {processor.py:175} INFO - Processing /home/gerardsho/airflow_env/lib/python3.8/site-packages/airflow/example_dags/example_bash_operator.py took 0.064 seconds
[2023-04-22T01:56:59.288+0800] {processor.py:153} INFO - Started process (PID=3296) to work on /home/gerardsho/airflow_env/lib/python3.8/site-packages/airflow/example_dags/example_bash_operator.py
[2023-04-22T01:56:59.291+0800] {processor.py:743} INFO - Processing file /home/gerardsho/airflow_env/lib/python3.8/site-packages/airflow/example_dags/example_bash_operator.py for tasks to queue
[2023-04-22T01:56:59.292+0800] {logging_mixin.py:137} INFO - [2023-04-22T01:56:59.291+0800] {dagbag.py:532} INFO - Filling up the DagBag from /home/gerardsho/airflow_env/lib/python3.8/site-packages/airflow/example_dags/example_bash_operator.py
[2023-04-22T01:56:59.305+0800] {processor.py:753} INFO - DAG(s) dict_keys(['example_bash_operator']) retrieved from /home/gerardsho/airflow_env/lib/python3.8/site-packages/airflow/example_dags/example_bash_operator.py
[2023-04-22T01:56:59.326+0800] {logging_mixin.py:137} INFO - [2023-04-22T01:56:59.326+0800] {dag.py:2705} INFO - Sync 1 DAGs
[2023-04-22T01:56:59.340+0800] {logging_mixin.py:137} INFO - [2023-04-22T01:56:59.340+0800] {dag.py:3452} INFO - Setting next_dagrun for example_bash_operator to 2023-04-20T00:00:00+00:00, run_after=2023-04-21T00:00:00+00:00
[2023-04-22T01:56:59.359+0800] {processor.py:175} INFO - Processing /home/gerardsho/airflow_env/lib/python3.8/site-packages/airflow/example_dags/example_bash_operator.py took 0.072 seconds
[2023-04-22T01:57:39.839+0800] {processor.py:153} INFO - Started process (PID=3344) to work on /home/gerardsho/airflow_env/lib/python3.8/site-packages/airflow/example_dags/example_bash_operator.py
[2023-04-22T01:57:39.840+0800] {processor.py:743} INFO - Processing file /home/gerardsho/airflow_env/lib/python3.8/site-packages/airflow/example_dags/example_bash_operator.py for tasks to queue
[2023-04-22T01:57:39.841+0800] {logging_mixin.py:137} INFO - [2023-04-22T01:57:39.841+0800] {dagbag.py:532} INFO - Filling up the DagBag from /home/gerardsho/airflow_env/lib/python3.8/site-packages/airflow/example_dags/example_bash_operator.py
[2023-04-22T01:57:39.859+0800] {processor.py:753} INFO - DAG(s) dict_keys(['example_bash_operator']) retrieved from /home/gerardsho/airflow_env/lib/python3.8/site-packages/airflow/example_dags/example_bash_operator.py
[2023-04-22T01:57:39.879+0800] {logging_mixin.py:137} INFO - [2023-04-22T01:57:39.879+0800] {dag.py:2705} INFO - Sync 1 DAGs
[2023-04-22T01:57:39.891+0800] {logging_mixin.py:137} INFO - [2023-04-22T01:57:39.891+0800] {dag.py:3452} INFO - Setting next_dagrun for example_bash_operator to 2023-04-20T00:00:00+00:00, run_after=2023-04-21T00:00:00+00:00
[2023-04-22T01:57:39.910+0800] {processor.py:175} INFO - Processing /home/gerardsho/airflow_env/lib/python3.8/site-packages/airflow/example_dags/example_bash_operator.py took 0.074 seconds
[2023-04-22T01:58:19.679+0800] {processor.py:153} INFO - Started process (PID=3390) to work on /home/gerardsho/airflow_env/lib/python3.8/site-packages/airflow/example_dags/example_bash_operator.py
[2023-04-22T01:58:19.682+0800] {processor.py:743} INFO - Processing file /home/gerardsho/airflow_env/lib/python3.8/site-packages/airflow/example_dags/example_bash_operator.py for tasks to queue
[2023-04-22T01:58:19.683+0800] {logging_mixin.py:137} INFO - [2023-04-22T01:58:19.683+0800] {dagbag.py:532} INFO - Filling up the DagBag from /home/gerardsho/airflow_env/lib/python3.8/site-packages/airflow/example_dags/example_bash_operator.py
[2023-04-22T01:58:19.698+0800] {processor.py:753} INFO - DAG(s) dict_keys(['example_bash_operator']) retrieved from /home/gerardsho/airflow_env/lib/python3.8/site-packages/airflow/example_dags/example_bash_operator.py
[2023-04-22T01:58:19.723+0800] {logging_mixin.py:137} INFO - [2023-04-22T01:58:19.723+0800] {dag.py:2705} INFO - Sync 1 DAGs
[2023-04-22T01:58:19.739+0800] {logging_mixin.py:137} INFO - [2023-04-22T01:58:19.738+0800] {dag.py:3452} INFO - Setting next_dagrun for example_bash_operator to 2023-04-20T00:00:00+00:00, run_after=2023-04-21T00:00:00+00:00
[2023-04-22T01:58:19.758+0800] {processor.py:175} INFO - Processing /home/gerardsho/airflow_env/lib/python3.8/site-packages/airflow/example_dags/example_bash_operator.py took 0.081 seconds
[2023-04-22T01:59:02.337+0800] {processor.py:153} INFO - Started process (PID=3432) to work on /home/gerardsho/airflow_env/lib/python3.8/site-packages/airflow/example_dags/example_bash_operator.py
[2023-04-22T01:59:02.340+0800] {processor.py:743} INFO - Processing file /home/gerardsho/airflow_env/lib/python3.8/site-packages/airflow/example_dags/example_bash_operator.py for tasks to queue
[2023-04-22T01:59:02.340+0800] {logging_mixin.py:137} INFO - [2023-04-22T01:59:02.340+0800] {dagbag.py:532} INFO - Filling up the DagBag from /home/gerardsho/airflow_env/lib/python3.8/site-packages/airflow/example_dags/example_bash_operator.py
[2023-04-22T01:59:02.358+0800] {processor.py:753} INFO - DAG(s) dict_keys(['example_bash_operator']) retrieved from /home/gerardsho/airflow_env/lib/python3.8/site-packages/airflow/example_dags/example_bash_operator.py
[2023-04-22T01:59:02.382+0800] {logging_mixin.py:137} INFO - [2023-04-22T01:59:02.382+0800] {dag.py:2705} INFO - Sync 1 DAGs
[2023-04-22T01:59:02.395+0800] {logging_mixin.py:137} INFO - [2023-04-22T01:59:02.395+0800] {dag.py:3452} INFO - Setting next_dagrun for example_bash_operator to 2023-04-20T00:00:00+00:00, run_after=2023-04-21T00:00:00+00:00
[2023-04-22T01:59:02.413+0800] {processor.py:175} INFO - Processing /home/gerardsho/airflow_env/lib/python3.8/site-packages/airflow/example_dags/example_bash_operator.py took 0.079 seconds
[2023-04-22T01:59:40.133+0800] {processor.py:153} INFO - Started process (PID=3474) to work on /home/gerardsho/airflow_env/lib/python3.8/site-packages/airflow/example_dags/example_bash_operator.py
[2023-04-22T01:59:40.136+0800] {processor.py:743} INFO - Processing file /home/gerardsho/airflow_env/lib/python3.8/site-packages/airflow/example_dags/example_bash_operator.py for tasks to queue
[2023-04-22T01:59:40.136+0800] {logging_mixin.py:137} INFO - [2023-04-22T01:59:40.136+0800] {dagbag.py:532} INFO - Filling up the DagBag from /home/gerardsho/airflow_env/lib/python3.8/site-packages/airflow/example_dags/example_bash_operator.py
[2023-04-22T01:59:40.148+0800] {processor.py:753} INFO - DAG(s) dict_keys(['example_bash_operator']) retrieved from /home/gerardsho/airflow_env/lib/python3.8/site-packages/airflow/example_dags/example_bash_operator.py
[2023-04-22T01:59:40.164+0800] {logging_mixin.py:137} INFO - [2023-04-22T01:59:40.164+0800] {dag.py:2705} INFO - Sync 1 DAGs
[2023-04-22T01:59:40.175+0800] {logging_mixin.py:137} INFO - [2023-04-22T01:59:40.175+0800] {dag.py:3452} INFO - Setting next_dagrun for example_bash_operator to 2023-04-20T00:00:00+00:00, run_after=2023-04-21T00:00:00+00:00
[2023-04-22T01:59:40.197+0800] {processor.py:175} INFO - Processing /home/gerardsho/airflow_env/lib/python3.8/site-packages/airflow/example_dags/example_bash_operator.py took 0.066 seconds
[2023-04-22T02:00:57.032+0800] {processor.py:153} INFO - Started process (PID=3531) to work on /home/gerardsho/airflow_env/lib/python3.8/site-packages/airflow/example_dags/example_bash_operator.py
[2023-04-22T02:00:57.034+0800] {processor.py:743} INFO - Processing file /home/gerardsho/airflow_env/lib/python3.8/site-packages/airflow/example_dags/example_bash_operator.py for tasks to queue
[2023-04-22T02:00:57.035+0800] {logging_mixin.py:137} INFO - [2023-04-22T02:00:57.035+0800] {dagbag.py:532} INFO - Filling up the DagBag from /home/gerardsho/airflow_env/lib/python3.8/site-packages/airflow/example_dags/example_bash_operator.py
[2023-04-22T02:00:57.065+0800] {processor.py:753} INFO - DAG(s) dict_keys(['example_bash_operator']) retrieved from /home/gerardsho/airflow_env/lib/python3.8/site-packages/airflow/example_dags/example_bash_operator.py
[2023-04-22T02:00:57.157+0800] {logging_mixin.py:137} INFO - [2023-04-22T02:00:57.157+0800] {manager.py:504} INFO - Created Permission View: can edit on DAG:example_bash_operator
[2023-04-22T02:00:57.169+0800] {logging_mixin.py:137} INFO - [2023-04-22T02:00:57.168+0800] {manager.py:504} INFO - Created Permission View: can delete on DAG:example_bash_operator
[2023-04-22T02:00:57.178+0800] {logging_mixin.py:137} INFO - [2023-04-22T02:00:57.178+0800] {manager.py:504} INFO - Created Permission View: can read on DAG:example_bash_operator
[2023-04-22T02:00:57.179+0800] {logging_mixin.py:137} INFO - [2023-04-22T02:00:57.179+0800] {dag.py:2705} INFO - Sync 1 DAGs
[2023-04-22T02:00:57.185+0800] {logging_mixin.py:137} INFO - [2023-04-22T02:00:57.185+0800] {dag.py:2726} INFO - Creating ORM DAG for example_bash_operator
[2023-04-22T02:00:57.198+0800] {logging_mixin.py:137} INFO - [2023-04-22T02:00:57.198+0800] {dag.py:3452} INFO - Setting next_dagrun for example_bash_operator to 2023-04-20T00:00:00+00:00, run_after=2023-04-21T00:00:00+00:00
[2023-04-22T02:00:57.219+0800] {processor.py:175} INFO - Processing /home/gerardsho/airflow_env/lib/python3.8/site-packages/airflow/example_dags/example_bash_operator.py took 0.193 seconds
[2023-04-22T02:01:37.615+0800] {processor.py:153} INFO - Started process (PID=3581) to work on /home/gerardsho/airflow_env/lib/python3.8/site-packages/airflow/example_dags/example_bash_operator.py
[2023-04-22T02:01:37.618+0800] {processor.py:743} INFO - Processing file /home/gerardsho/airflow_env/lib/python3.8/site-packages/airflow/example_dags/example_bash_operator.py for tasks to queue
[2023-04-22T02:01:37.619+0800] {logging_mixin.py:137} INFO - [2023-04-22T02:01:37.619+0800] {dagbag.py:532} INFO - Filling up the DagBag from /home/gerardsho/airflow_env/lib/python3.8/site-packages/airflow/example_dags/example_bash_operator.py
[2023-04-22T02:01:37.634+0800] {processor.py:753} INFO - DAG(s) dict_keys(['example_bash_operator']) retrieved from /home/gerardsho/airflow_env/lib/python3.8/site-packages/airflow/example_dags/example_bash_operator.py
[2023-04-22T02:01:37.657+0800] {logging_mixin.py:137} INFO - [2023-04-22T02:01:37.657+0800] {dag.py:2705} INFO - Sync 1 DAGs
[2023-04-22T02:01:37.670+0800] {logging_mixin.py:137} INFO - [2023-04-22T02:01:37.669+0800] {dag.py:3452} INFO - Setting next_dagrun for example_bash_operator to 2023-04-20T00:00:00+00:00, run_after=2023-04-21T00:00:00+00:00
[2023-04-22T02:01:37.692+0800] {processor.py:175} INFO - Processing /home/gerardsho/airflow_env/lib/python3.8/site-packages/airflow/example_dags/example_bash_operator.py took 0.078 seconds
[2023-04-22T02:02:19.270+0800] {processor.py:153} INFO - Started process (PID=3623) to work on /home/gerardsho/airflow_env/lib/python3.8/site-packages/airflow/example_dags/example_bash_operator.py
[2023-04-22T02:02:19.273+0800] {processor.py:743} INFO - Processing file /home/gerardsho/airflow_env/lib/python3.8/site-packages/airflow/example_dags/example_bash_operator.py for tasks to queue
[2023-04-22T02:02:19.274+0800] {logging_mixin.py:137} INFO - [2023-04-22T02:02:19.274+0800] {dagbag.py:532} INFO - Filling up the DagBag from /home/gerardsho/airflow_env/lib/python3.8/site-packages/airflow/example_dags/example_bash_operator.py
[2023-04-22T02:02:19.285+0800] {processor.py:753} INFO - DAG(s) dict_keys(['example_bash_operator']) retrieved from /home/gerardsho/airflow_env/lib/python3.8/site-packages/airflow/example_dags/example_bash_operator.py
[2023-04-22T02:02:19.302+0800] {logging_mixin.py:137} INFO - [2023-04-22T02:02:19.302+0800] {dag.py:2705} INFO - Sync 1 DAGs
[2023-04-22T02:02:19.313+0800] {logging_mixin.py:137} INFO - [2023-04-22T02:02:19.313+0800] {dag.py:3452} INFO - Setting next_dagrun for example_bash_operator to 2023-04-20T00:00:00+00:00, run_after=2023-04-21T00:00:00+00:00
[2023-04-22T02:02:19.332+0800] {processor.py:175} INFO - Processing /home/gerardsho/airflow_env/lib/python3.8/site-packages/airflow/example_dags/example_bash_operator.py took 0.064 seconds
[2023-04-22T02:02:59.671+0800] {processor.py:153} INFO - Started process (PID=3675) to work on /home/gerardsho/airflow_env/lib/python3.8/site-packages/airflow/example_dags/example_bash_operator.py
[2023-04-22T02:02:59.674+0800] {processor.py:743} INFO - Processing file /home/gerardsho/airflow_env/lib/python3.8/site-packages/airflow/example_dags/example_bash_operator.py for tasks to queue
[2023-04-22T02:02:59.675+0800] {logging_mixin.py:137} INFO - [2023-04-22T02:02:59.674+0800] {dagbag.py:532} INFO - Filling up the DagBag from /home/gerardsho/airflow_env/lib/python3.8/site-packages/airflow/example_dags/example_bash_operator.py
[2023-04-22T02:02:59.688+0800] {processor.py:753} INFO - DAG(s) dict_keys(['example_bash_operator']) retrieved from /home/gerardsho/airflow_env/lib/python3.8/site-packages/airflow/example_dags/example_bash_operator.py
[2023-04-22T02:02:59.707+0800] {logging_mixin.py:137} INFO - [2023-04-22T02:02:59.707+0800] {dag.py:2705} INFO - Sync 1 DAGs
[2023-04-22T02:02:59.721+0800] {logging_mixin.py:137} INFO - [2023-04-22T02:02:59.721+0800] {dag.py:3452} INFO - Setting next_dagrun for example_bash_operator to 2023-04-20T00:00:00+00:00, run_after=2023-04-21T00:00:00+00:00
[2023-04-22T02:02:59.740+0800] {processor.py:175} INFO - Processing /home/gerardsho/airflow_env/lib/python3.8/site-packages/airflow/example_dags/example_bash_operator.py took 0.071 seconds
[2023-04-22T02:03:41.352+0800] {processor.py:153} INFO - Started process (PID=3725) to work on /home/gerardsho/airflow_env/lib/python3.8/site-packages/airflow/example_dags/example_bash_operator.py
[2023-04-22T02:03:41.355+0800] {processor.py:743} INFO - Processing file /home/gerardsho/airflow_env/lib/python3.8/site-packages/airflow/example_dags/example_bash_operator.py for tasks to queue
[2023-04-22T02:03:41.356+0800] {logging_mixin.py:137} INFO - [2023-04-22T02:03:41.356+0800] {dagbag.py:532} INFO - Filling up the DagBag from /home/gerardsho/airflow_env/lib/python3.8/site-packages/airflow/example_dags/example_bash_operator.py
[2023-04-22T02:03:41.368+0800] {processor.py:753} INFO - DAG(s) dict_keys(['example_bash_operator']) retrieved from /home/gerardsho/airflow_env/lib/python3.8/site-packages/airflow/example_dags/example_bash_operator.py
[2023-04-22T02:03:41.384+0800] {logging_mixin.py:137} INFO - [2023-04-22T02:03:41.384+0800] {dag.py:2705} INFO - Sync 1 DAGs
[2023-04-22T02:03:41.395+0800] {logging_mixin.py:137} INFO - [2023-04-22T02:03:41.395+0800] {dag.py:3452} INFO - Setting next_dagrun for example_bash_operator to 2023-04-20T00:00:00+00:00, run_after=2023-04-21T00:00:00+00:00
[2023-04-22T02:03:41.412+0800] {processor.py:175} INFO - Processing /home/gerardsho/airflow_env/lib/python3.8/site-packages/airflow/example_dags/example_bash_operator.py took 0.062 seconds
[2023-04-22T02:04:21.918+0800] {processor.py:153} INFO - Started process (PID=3768) to work on /home/gerardsho/airflow_env/lib/python3.8/site-packages/airflow/example_dags/example_bash_operator.py
[2023-04-22T02:04:21.922+0800] {processor.py:743} INFO - Processing file /home/gerardsho/airflow_env/lib/python3.8/site-packages/airflow/example_dags/example_bash_operator.py for tasks to queue
[2023-04-22T02:04:21.922+0800] {logging_mixin.py:137} INFO - [2023-04-22T02:04:21.922+0800] {dagbag.py:532} INFO - Filling up the DagBag from /home/gerardsho/airflow_env/lib/python3.8/site-packages/airflow/example_dags/example_bash_operator.py
[2023-04-22T02:04:21.934+0800] {processor.py:753} INFO - DAG(s) dict_keys(['example_bash_operator']) retrieved from /home/gerardsho/airflow_env/lib/python3.8/site-packages/airflow/example_dags/example_bash_operator.py
[2023-04-22T02:04:21.951+0800] {logging_mixin.py:137} INFO - [2023-04-22T02:04:21.951+0800] {dag.py:2705} INFO - Sync 1 DAGs
[2023-04-22T02:04:21.962+0800] {logging_mixin.py:137} INFO - [2023-04-22T02:04:21.962+0800] {dag.py:3452} INFO - Setting next_dagrun for example_bash_operator to 2023-04-20T00:00:00+00:00, run_after=2023-04-21T00:00:00+00:00
[2023-04-22T02:04:21.979+0800] {processor.py:175} INFO - Processing /home/gerardsho/airflow_env/lib/python3.8/site-packages/airflow/example_dags/example_bash_operator.py took 0.064 seconds
[2023-04-22T02:05:02.405+0800] {processor.py:153} INFO - Started process (PID=3811) to work on /home/gerardsho/airflow_env/lib/python3.8/site-packages/airflow/example_dags/example_bash_operator.py
[2023-04-22T02:05:02.408+0800] {processor.py:743} INFO - Processing file /home/gerardsho/airflow_env/lib/python3.8/site-packages/airflow/example_dags/example_bash_operator.py for tasks to queue
[2023-04-22T02:05:02.408+0800] {logging_mixin.py:137} INFO - [2023-04-22T02:05:02.408+0800] {dagbag.py:532} INFO - Filling up the DagBag from /home/gerardsho/airflow_env/lib/python3.8/site-packages/airflow/example_dags/example_bash_operator.py
[2023-04-22T02:05:02.426+0800] {processor.py:753} INFO - DAG(s) dict_keys(['example_bash_operator']) retrieved from /home/gerardsho/airflow_env/lib/python3.8/site-packages/airflow/example_dags/example_bash_operator.py
[2023-04-22T02:05:02.453+0800] {logging_mixin.py:137} INFO - [2023-04-22T02:05:02.453+0800] {dag.py:2705} INFO - Sync 1 DAGs
[2023-04-22T02:05:02.472+0800] {logging_mixin.py:137} INFO - [2023-04-22T02:05:02.472+0800] {dag.py:3452} INFO - Setting next_dagrun for example_bash_operator to 2023-04-20T00:00:00+00:00, run_after=2023-04-21T00:00:00+00:00
[2023-04-22T02:05:02.493+0800] {processor.py:175} INFO - Processing /home/gerardsho/airflow_env/lib/python3.8/site-packages/airflow/example_dags/example_bash_operator.py took 0.093 seconds
