[2023-04-22T01:48:21.460+0800] {processor.py:153} INFO - Started process (PID=2728) to work on /home/gerardsho/airflow_env/lib/python3.8/site-packages/airflow/example_dags/example_branch_labels.py
[2023-04-22T01:48:21.461+0800] {processor.py:743} INFO - Processing file /home/gerardsho/airflow_env/lib/python3.8/site-packages/airflow/example_dags/example_branch_labels.py for tasks to queue
[2023-04-22T01:48:21.461+0800] {logging_mixin.py:137} INFO - [2023-04-22T01:48:21.461+0800] {dagbag.py:532} INFO - Filling up the DagBag from /home/gerardsho/airflow_env/lib/python3.8/site-packages/airflow/example_dags/example_branch_labels.py
[2023-04-22T01:48:21.469+0800] {processor.py:753} INFO - DAG(s) dict_keys(['example_branch_labels']) retrieved from /home/gerardsho/airflow_env/lib/python3.8/site-packages/airflow/example_dags/example_branch_labels.py
[2023-04-22T01:48:21.580+0800] {logging_mixin.py:137} INFO - [2023-04-22T01:48:21.580+0800] {manager.py:504} INFO - Created Permission View: can edit on DAG:example_branch_labels
[2023-04-22T01:48:21.616+0800] {logging_mixin.py:137} INFO - [2023-04-22T01:48:21.616+0800] {manager.py:504} INFO - Created Permission View: can delete on DAG:example_branch_labels
[2023-04-22T01:48:21.643+0800] {logging_mixin.py:137} INFO - [2023-04-22T01:48:21.643+0800] {manager.py:504} INFO - Created Permission View: can read on DAG:example_branch_labels
[2023-04-22T01:48:21.643+0800] {logging_mixin.py:137} INFO - [2023-04-22T01:48:21.643+0800] {dag.py:2705} INFO - Sync 1 DAGs
[2023-04-22T01:48:21.651+0800] {logging_mixin.py:137} INFO - [2023-04-22T01:48:21.651+0800] {dag.py:2726} INFO - Creating ORM DAG for example_branch_labels
[2023-04-22T01:48:21.660+0800] {logging_mixin.py:137} INFO - [2023-04-22T01:48:21.659+0800] {dag.py:3452} INFO - Setting next_dagrun for example_branch_labels to 2023-04-20T00:00:00+00:00, run_after=2023-04-21T00:00:00+00:00
[2023-04-22T01:48:21.713+0800] {processor.py:175} INFO - Processing /home/gerardsho/airflow_env/lib/python3.8/site-packages/airflow/example_dags/example_branch_labels.py took 0.254 seconds
[2023-04-22T01:49:11.643+0800] {processor.py:153} INFO - Started process (PID=2771) to work on /home/gerardsho/airflow_env/lib/python3.8/site-packages/airflow/example_dags/example_branch_labels.py
[2023-04-22T01:49:11.647+0800] {processor.py:743} INFO - Processing file /home/gerardsho/airflow_env/lib/python3.8/site-packages/airflow/example_dags/example_branch_labels.py for tasks to queue
[2023-04-22T01:49:11.647+0800] {logging_mixin.py:137} INFO - [2023-04-22T01:49:11.647+0800] {dagbag.py:532} INFO - Filling up the DagBag from /home/gerardsho/airflow_env/lib/python3.8/site-packages/airflow/example_dags/example_branch_labels.py
[2023-04-22T01:49:11.655+0800] {processor.py:753} INFO - DAG(s) dict_keys(['example_branch_labels']) retrieved from /home/gerardsho/airflow_env/lib/python3.8/site-packages/airflow/example_dags/example_branch_labels.py
[2023-04-22T01:49:11.668+0800] {logging_mixin.py:137} INFO - [2023-04-22T01:49:11.668+0800] {dag.py:2705} INFO - Sync 1 DAGs
[2023-04-22T01:49:11.679+0800] {logging_mixin.py:137} INFO - [2023-04-22T01:49:11.679+0800] {dag.py:3452} INFO - Setting next_dagrun for example_branch_labels to 2023-04-20T00:00:00+00:00, run_after=2023-04-21T00:00:00+00:00
[2023-04-22T01:49:11.696+0800] {processor.py:175} INFO - Processing /home/gerardsho/airflow_env/lib/python3.8/site-packages/airflow/example_dags/example_branch_labels.py took 0.055 seconds
[2023-04-22T01:49:53.830+0800] {processor.py:153} INFO - Started process (PID=2814) to work on /home/gerardsho/airflow_env/lib/python3.8/site-packages/airflow/example_dags/example_branch_labels.py
[2023-04-22T01:49:53.833+0800] {processor.py:743} INFO - Processing file /home/gerardsho/airflow_env/lib/python3.8/site-packages/airflow/example_dags/example_branch_labels.py for tasks to queue
[2023-04-22T01:49:53.834+0800] {logging_mixin.py:137} INFO - [2023-04-22T01:49:53.834+0800] {dagbag.py:532} INFO - Filling up the DagBag from /home/gerardsho/airflow_env/lib/python3.8/site-packages/airflow/example_dags/example_branch_labels.py
[2023-04-22T01:49:53.843+0800] {processor.py:753} INFO - DAG(s) dict_keys(['example_branch_labels']) retrieved from /home/gerardsho/airflow_env/lib/python3.8/site-packages/airflow/example_dags/example_branch_labels.py
[2023-04-22T01:49:53.856+0800] {logging_mixin.py:137} INFO - [2023-04-22T01:49:53.856+0800] {dag.py:2705} INFO - Sync 1 DAGs
[2023-04-22T01:49:53.868+0800] {logging_mixin.py:137} INFO - [2023-04-22T01:49:53.867+0800] {dag.py:3452} INFO - Setting next_dagrun for example_branch_labels to 2023-04-20T00:00:00+00:00, run_after=2023-04-21T00:00:00+00:00
[2023-04-22T01:49:53.884+0800] {processor.py:175} INFO - Processing /home/gerardsho/airflow_env/lib/python3.8/site-packages/airflow/example_dags/example_branch_labels.py took 0.056 seconds
[2023-04-22T01:50:31.670+0800] {processor.py:153} INFO - Started process (PID=2858) to work on /home/gerardsho/airflow_env/lib/python3.8/site-packages/airflow/example_dags/example_branch_labels.py
[2023-04-22T01:50:31.673+0800] {processor.py:743} INFO - Processing file /home/gerardsho/airflow_env/lib/python3.8/site-packages/airflow/example_dags/example_branch_labels.py for tasks to queue
[2023-04-22T01:50:31.674+0800] {logging_mixin.py:137} INFO - [2023-04-22T01:50:31.674+0800] {dagbag.py:532} INFO - Filling up the DagBag from /home/gerardsho/airflow_env/lib/python3.8/site-packages/airflow/example_dags/example_branch_labels.py
[2023-04-22T01:50:31.682+0800] {processor.py:753} INFO - DAG(s) dict_keys(['example_branch_labels']) retrieved from /home/gerardsho/airflow_env/lib/python3.8/site-packages/airflow/example_dags/example_branch_labels.py
[2023-04-22T01:50:31.693+0800] {logging_mixin.py:137} INFO - [2023-04-22T01:50:31.693+0800] {dag.py:2705} INFO - Sync 1 DAGs
[2023-04-22T01:50:31.704+0800] {logging_mixin.py:137} INFO - [2023-04-22T01:50:31.703+0800] {dag.py:3452} INFO - Setting next_dagrun for example_branch_labels to 2023-04-20T00:00:00+00:00, run_after=2023-04-21T00:00:00+00:00
[2023-04-22T01:50:31.722+0800] {processor.py:175} INFO - Processing /home/gerardsho/airflow_env/lib/python3.8/site-packages/airflow/example_dags/example_branch_labels.py took 0.054 seconds
[2023-04-22T01:51:14.132+0800] {processor.py:153} INFO - Started process (PID=2914) to work on /home/gerardsho/airflow_env/lib/python3.8/site-packages/airflow/example_dags/example_branch_labels.py
[2023-04-22T01:51:14.135+0800] {processor.py:743} INFO - Processing file /home/gerardsho/airflow_env/lib/python3.8/site-packages/airflow/example_dags/example_branch_labels.py for tasks to queue
[2023-04-22T01:51:14.136+0800] {logging_mixin.py:137} INFO - [2023-04-22T01:51:14.135+0800] {dagbag.py:532} INFO - Filling up the DagBag from /home/gerardsho/airflow_env/lib/python3.8/site-packages/airflow/example_dags/example_branch_labels.py
[2023-04-22T01:51:14.143+0800] {processor.py:753} INFO - DAG(s) dict_keys(['example_branch_labels']) retrieved from /home/gerardsho/airflow_env/lib/python3.8/site-packages/airflow/example_dags/example_branch_labels.py
[2023-04-22T01:51:14.154+0800] {logging_mixin.py:137} INFO - [2023-04-22T01:51:14.154+0800] {dag.py:2705} INFO - Sync 1 DAGs
[2023-04-22T01:51:14.166+0800] {logging_mixin.py:137} INFO - [2023-04-22T01:51:14.166+0800] {dag.py:3452} INFO - Setting next_dagrun for example_branch_labels to 2023-04-20T00:00:00+00:00, run_after=2023-04-21T00:00:00+00:00
[2023-04-22T01:51:14.185+0800] {processor.py:175} INFO - Processing /home/gerardsho/airflow_env/lib/python3.8/site-packages/airflow/example_dags/example_branch_labels.py took 0.055 seconds
[2023-04-22T01:51:55.555+0800] {processor.py:153} INFO - Started process (PID=2965) to work on /home/gerardsho/airflow_env/lib/python3.8/site-packages/airflow/example_dags/example_branch_labels.py
[2023-04-22T01:51:55.558+0800] {processor.py:743} INFO - Processing file /home/gerardsho/airflow_env/lib/python3.8/site-packages/airflow/example_dags/example_branch_labels.py for tasks to queue
[2023-04-22T01:51:55.559+0800] {logging_mixin.py:137} INFO - [2023-04-22T01:51:55.559+0800] {dagbag.py:532} INFO - Filling up the DagBag from /home/gerardsho/airflow_env/lib/python3.8/site-packages/airflow/example_dags/example_branch_labels.py
[2023-04-22T01:51:55.567+0800] {processor.py:753} INFO - DAG(s) dict_keys(['example_branch_labels']) retrieved from /home/gerardsho/airflow_env/lib/python3.8/site-packages/airflow/example_dags/example_branch_labels.py
[2023-04-22T01:51:55.579+0800] {logging_mixin.py:137} INFO - [2023-04-22T01:51:55.579+0800] {dag.py:2705} INFO - Sync 1 DAGs
[2023-04-22T01:51:55.590+0800] {logging_mixin.py:137} INFO - [2023-04-22T01:51:55.590+0800] {dag.py:3452} INFO - Setting next_dagrun for example_branch_labels to 2023-04-20T00:00:00+00:00, run_after=2023-04-21T00:00:00+00:00
[2023-04-22T01:51:55.607+0800] {processor.py:175} INFO - Processing /home/gerardsho/airflow_env/lib/python3.8/site-packages/airflow/example_dags/example_branch_labels.py took 0.056 seconds
[2023-04-22T01:52:36.593+0800] {processor.py:153} INFO - Started process (PID=3007) to work on /home/gerardsho/airflow_env/lib/python3.8/site-packages/airflow/example_dags/example_branch_labels.py
[2023-04-22T01:52:36.596+0800] {processor.py:743} INFO - Processing file /home/gerardsho/airflow_env/lib/python3.8/site-packages/airflow/example_dags/example_branch_labels.py for tasks to queue
[2023-04-22T01:52:36.597+0800] {logging_mixin.py:137} INFO - [2023-04-22T01:52:36.597+0800] {dagbag.py:532} INFO - Filling up the DagBag from /home/gerardsho/airflow_env/lib/python3.8/site-packages/airflow/example_dags/example_branch_labels.py
[2023-04-22T01:52:36.607+0800] {processor.py:753} INFO - DAG(s) dict_keys(['example_branch_labels']) retrieved from /home/gerardsho/airflow_env/lib/python3.8/site-packages/airflow/example_dags/example_branch_labels.py
[2023-04-22T01:52:36.620+0800] {logging_mixin.py:137} INFO - [2023-04-22T01:52:36.620+0800] {dag.py:2705} INFO - Sync 1 DAGs
[2023-04-22T01:52:36.632+0800] {logging_mixin.py:137} INFO - [2023-04-22T01:52:36.632+0800] {dag.py:3452} INFO - Setting next_dagrun for example_branch_labels to 2023-04-20T00:00:00+00:00, run_after=2023-04-21T00:00:00+00:00
[2023-04-22T01:52:36.660+0800] {processor.py:175} INFO - Processing /home/gerardsho/airflow_env/lib/python3.8/site-packages/airflow/example_dags/example_branch_labels.py took 0.069 seconds
[2023-04-22T01:53:16.988+0800] {processor.py:153} INFO - Started process (PID=3049) to work on /home/gerardsho/airflow_env/lib/python3.8/site-packages/airflow/example_dags/example_branch_labels.py
[2023-04-22T01:53:16.991+0800] {processor.py:743} INFO - Processing file /home/gerardsho/airflow_env/lib/python3.8/site-packages/airflow/example_dags/example_branch_labels.py for tasks to queue
[2023-04-22T01:53:16.992+0800] {logging_mixin.py:137} INFO - [2023-04-22T01:53:16.991+0800] {dagbag.py:532} INFO - Filling up the DagBag from /home/gerardsho/airflow_env/lib/python3.8/site-packages/airflow/example_dags/example_branch_labels.py
[2023-04-22T01:53:17.001+0800] {processor.py:753} INFO - DAG(s) dict_keys(['example_branch_labels']) retrieved from /home/gerardsho/airflow_env/lib/python3.8/site-packages/airflow/example_dags/example_branch_labels.py
[2023-04-22T01:53:17.014+0800] {logging_mixin.py:137} INFO - [2023-04-22T01:53:17.013+0800] {dag.py:2705} INFO - Sync 1 DAGs
[2023-04-22T01:53:17.027+0800] {logging_mixin.py:137} INFO - [2023-04-22T01:53:17.027+0800] {dag.py:3452} INFO - Setting next_dagrun for example_branch_labels to 2023-04-20T00:00:00+00:00, run_after=2023-04-21T00:00:00+00:00
[2023-04-22T01:53:17.044+0800] {processor.py:175} INFO - Processing /home/gerardsho/airflow_env/lib/python3.8/site-packages/airflow/example_dags/example_branch_labels.py took 0.057 seconds
[2023-04-22T01:53:56.704+0800] {processor.py:153} INFO - Started process (PID=3091) to work on /home/gerardsho/airflow_env/lib/python3.8/site-packages/airflow/example_dags/example_branch_labels.py
[2023-04-22T01:53:56.707+0800] {processor.py:743} INFO - Processing file /home/gerardsho/airflow_env/lib/python3.8/site-packages/airflow/example_dags/example_branch_labels.py for tasks to queue
[2023-04-22T01:53:56.707+0800] {logging_mixin.py:137} INFO - [2023-04-22T01:53:56.707+0800] {dagbag.py:532} INFO - Filling up the DagBag from /home/gerardsho/airflow_env/lib/python3.8/site-packages/airflow/example_dags/example_branch_labels.py
[2023-04-22T01:53:56.719+0800] {processor.py:753} INFO - DAG(s) dict_keys(['example_branch_labels']) retrieved from /home/gerardsho/airflow_env/lib/python3.8/site-packages/airflow/example_dags/example_branch_labels.py
[2023-04-22T01:53:56.733+0800] {logging_mixin.py:137} INFO - [2023-04-22T01:53:56.733+0800] {dag.py:2705} INFO - Sync 1 DAGs
[2023-04-22T01:53:56.750+0800] {logging_mixin.py:137} INFO - [2023-04-22T01:53:56.750+0800] {dag.py:3452} INFO - Setting next_dagrun for example_branch_labels to 2023-04-20T00:00:00+00:00, run_after=2023-04-21T00:00:00+00:00
[2023-04-22T01:53:56.770+0800] {processor.py:175} INFO - Processing /home/gerardsho/airflow_env/lib/python3.8/site-packages/airflow/example_dags/example_branch_labels.py took 0.068 seconds
[2023-04-22T01:54:36.587+0800] {processor.py:153} INFO - Started process (PID=3136) to work on /home/gerardsho/airflow_env/lib/python3.8/site-packages/airflow/example_dags/example_branch_labels.py
[2023-04-22T01:54:36.590+0800] {processor.py:743} INFO - Processing file /home/gerardsho/airflow_env/lib/python3.8/site-packages/airflow/example_dags/example_branch_labels.py for tasks to queue
[2023-04-22T01:54:36.591+0800] {logging_mixin.py:137} INFO - [2023-04-22T01:54:36.590+0800] {dagbag.py:532} INFO - Filling up the DagBag from /home/gerardsho/airflow_env/lib/python3.8/site-packages/airflow/example_dags/example_branch_labels.py
[2023-04-22T01:54:36.599+0800] {processor.py:753} INFO - DAG(s) dict_keys(['example_branch_labels']) retrieved from /home/gerardsho/airflow_env/lib/python3.8/site-packages/airflow/example_dags/example_branch_labels.py
[2023-04-22T01:54:36.611+0800] {logging_mixin.py:137} INFO - [2023-04-22T01:54:36.611+0800] {dag.py:2705} INFO - Sync 1 DAGs
[2023-04-22T01:54:36.622+0800] {logging_mixin.py:137} INFO - [2023-04-22T01:54:36.622+0800] {dag.py:3452} INFO - Setting next_dagrun for example_branch_labels to 2023-04-20T00:00:00+00:00, run_after=2023-04-21T00:00:00+00:00
[2023-04-22T01:54:36.637+0800] {processor.py:175} INFO - Processing /home/gerardsho/airflow_env/lib/python3.8/site-packages/airflow/example_dags/example_branch_labels.py took 0.054 seconds
[2023-04-22T01:55:19.215+0800] {processor.py:153} INFO - Started process (PID=3181) to work on /home/gerardsho/airflow_env/lib/python3.8/site-packages/airflow/example_dags/example_branch_labels.py
[2023-04-22T01:55:19.218+0800] {processor.py:743} INFO - Processing file /home/gerardsho/airflow_env/lib/python3.8/site-packages/airflow/example_dags/example_branch_labels.py for tasks to queue
[2023-04-22T01:55:19.219+0800] {logging_mixin.py:137} INFO - [2023-04-22T01:55:19.219+0800] {dagbag.py:532} INFO - Filling up the DagBag from /home/gerardsho/airflow_env/lib/python3.8/site-packages/airflow/example_dags/example_branch_labels.py
[2023-04-22T01:55:19.227+0800] {processor.py:753} INFO - DAG(s) dict_keys(['example_branch_labels']) retrieved from /home/gerardsho/airflow_env/lib/python3.8/site-packages/airflow/example_dags/example_branch_labels.py
[2023-04-22T01:55:19.238+0800] {logging_mixin.py:137} INFO - [2023-04-22T01:55:19.238+0800] {dag.py:2705} INFO - Sync 1 DAGs
[2023-04-22T01:55:19.249+0800] {logging_mixin.py:137} INFO - [2023-04-22T01:55:19.249+0800] {dag.py:3452} INFO - Setting next_dagrun for example_branch_labels to 2023-04-20T00:00:00+00:00, run_after=2023-04-21T00:00:00+00:00
[2023-04-22T01:55:19.265+0800] {processor.py:175} INFO - Processing /home/gerardsho/airflow_env/lib/python3.8/site-packages/airflow/example_dags/example_branch_labels.py took 0.053 seconds
[2023-04-22T01:55:58.826+0800] {processor.py:153} INFO - Started process (PID=3226) to work on /home/gerardsho/airflow_env/lib/python3.8/site-packages/airflow/example_dags/example_branch_labels.py
[2023-04-22T01:55:58.829+0800] {processor.py:743} INFO - Processing file /home/gerardsho/airflow_env/lib/python3.8/site-packages/airflow/example_dags/example_branch_labels.py for tasks to queue
[2023-04-22T01:55:58.829+0800] {logging_mixin.py:137} INFO - [2023-04-22T01:55:58.829+0800] {dagbag.py:532} INFO - Filling up the DagBag from /home/gerardsho/airflow_env/lib/python3.8/site-packages/airflow/example_dags/example_branch_labels.py
[2023-04-22T01:55:58.838+0800] {processor.py:753} INFO - DAG(s) dict_keys(['example_branch_labels']) retrieved from /home/gerardsho/airflow_env/lib/python3.8/site-packages/airflow/example_dags/example_branch_labels.py
[2023-04-22T01:55:58.850+0800] {logging_mixin.py:137} INFO - [2023-04-22T01:55:58.850+0800] {dag.py:2705} INFO - Sync 1 DAGs
[2023-04-22T01:55:58.861+0800] {logging_mixin.py:137} INFO - [2023-04-22T01:55:58.861+0800] {dag.py:3452} INFO - Setting next_dagrun for example_branch_labels to 2023-04-20T00:00:00+00:00, run_after=2023-04-21T00:00:00+00:00
[2023-04-22T01:55:58.880+0800] {processor.py:175} INFO - Processing /home/gerardsho/airflow_env/lib/python3.8/site-packages/airflow/example_dags/example_branch_labels.py took 0.057 seconds
[2023-04-22T01:56:41.059+0800] {processor.py:153} INFO - Started process (PID=3274) to work on /home/gerardsho/airflow_env/lib/python3.8/site-packages/airflow/example_dags/example_branch_labels.py
[2023-04-22T01:56:41.062+0800] {processor.py:743} INFO - Processing file /home/gerardsho/airflow_env/lib/python3.8/site-packages/airflow/example_dags/example_branch_labels.py for tasks to queue
[2023-04-22T01:56:41.063+0800] {logging_mixin.py:137} INFO - [2023-04-22T01:56:41.063+0800] {dagbag.py:532} INFO - Filling up the DagBag from /home/gerardsho/airflow_env/lib/python3.8/site-packages/airflow/example_dags/example_branch_labels.py
[2023-04-22T01:56:41.071+0800] {processor.py:753} INFO - DAG(s) dict_keys(['example_branch_labels']) retrieved from /home/gerardsho/airflow_env/lib/python3.8/site-packages/airflow/example_dags/example_branch_labels.py
[2023-04-22T01:56:41.083+0800] {logging_mixin.py:137} INFO - [2023-04-22T01:56:41.083+0800] {dag.py:2705} INFO - Sync 1 DAGs
[2023-04-22T01:56:41.095+0800] {logging_mixin.py:137} INFO - [2023-04-22T01:56:41.095+0800] {dag.py:3452} INFO - Setting next_dagrun for example_branch_labels to 2023-04-20T00:00:00+00:00, run_after=2023-04-21T00:00:00+00:00
[2023-04-22T01:56:41.112+0800] {processor.py:175} INFO - Processing /home/gerardsho/airflow_env/lib/python3.8/site-packages/airflow/example_dags/example_branch_labels.py took 0.056 seconds
[2023-04-22T01:57:19.142+0800] {processor.py:153} INFO - Started process (PID=3318) to work on /home/gerardsho/airflow_env/lib/python3.8/site-packages/airflow/example_dags/example_branch_labels.py
[2023-04-22T01:57:19.145+0800] {processor.py:743} INFO - Processing file /home/gerardsho/airflow_env/lib/python3.8/site-packages/airflow/example_dags/example_branch_labels.py for tasks to queue
[2023-04-22T01:57:19.146+0800] {logging_mixin.py:137} INFO - [2023-04-22T01:57:19.146+0800] {dagbag.py:532} INFO - Filling up the DagBag from /home/gerardsho/airflow_env/lib/python3.8/site-packages/airflow/example_dags/example_branch_labels.py
[2023-04-22T01:57:19.154+0800] {processor.py:753} INFO - DAG(s) dict_keys(['example_branch_labels']) retrieved from /home/gerardsho/airflow_env/lib/python3.8/site-packages/airflow/example_dags/example_branch_labels.py
[2023-04-22T01:57:19.169+0800] {logging_mixin.py:137} INFO - [2023-04-22T01:57:19.169+0800] {dag.py:2705} INFO - Sync 1 DAGs
[2023-04-22T01:57:19.182+0800] {logging_mixin.py:137} INFO - [2023-04-22T01:57:19.182+0800] {dag.py:3452} INFO - Setting next_dagrun for example_branch_labels to 2023-04-20T00:00:00+00:00, run_after=2023-04-21T00:00:00+00:00
[2023-04-22T01:57:19.201+0800] {processor.py:175} INFO - Processing /home/gerardsho/airflow_env/lib/python3.8/site-packages/airflow/example_dags/example_branch_labels.py took 0.060 seconds
[2023-04-22T01:58:01.134+0800] {processor.py:153} INFO - Started process (PID=3369) to work on /home/gerardsho/airflow_env/lib/python3.8/site-packages/airflow/example_dags/example_branch_labels.py
[2023-04-22T01:58:01.137+0800] {processor.py:743} INFO - Processing file /home/gerardsho/airflow_env/lib/python3.8/site-packages/airflow/example_dags/example_branch_labels.py for tasks to queue
[2023-04-22T01:58:01.138+0800] {logging_mixin.py:137} INFO - [2023-04-22T01:58:01.138+0800] {dagbag.py:532} INFO - Filling up the DagBag from /home/gerardsho/airflow_env/lib/python3.8/site-packages/airflow/example_dags/example_branch_labels.py
[2023-04-22T01:58:01.146+0800] {processor.py:753} INFO - DAG(s) dict_keys(['example_branch_labels']) retrieved from /home/gerardsho/airflow_env/lib/python3.8/site-packages/airflow/example_dags/example_branch_labels.py
[2023-04-22T01:58:01.157+0800] {logging_mixin.py:137} INFO - [2023-04-22T01:58:01.157+0800] {dag.py:2705} INFO - Sync 1 DAGs
[2023-04-22T01:58:01.172+0800] {logging_mixin.py:137} INFO - [2023-04-22T01:58:01.172+0800] {dag.py:3452} INFO - Setting next_dagrun for example_branch_labels to 2023-04-20T00:00:00+00:00, run_after=2023-04-21T00:00:00+00:00
[2023-04-22T01:58:01.196+0800] {processor.py:175} INFO - Processing /home/gerardsho/airflow_env/lib/python3.8/site-packages/airflow/example_dags/example_branch_labels.py took 0.064 seconds
[2023-04-22T01:58:42.334+0800] {processor.py:153} INFO - Started process (PID=3412) to work on /home/gerardsho/airflow_env/lib/python3.8/site-packages/airflow/example_dags/example_branch_labels.py
[2023-04-22T01:58:42.335+0800] {processor.py:743} INFO - Processing file /home/gerardsho/airflow_env/lib/python3.8/site-packages/airflow/example_dags/example_branch_labels.py for tasks to queue
[2023-04-22T01:58:42.336+0800] {logging_mixin.py:137} INFO - [2023-04-22T01:58:42.336+0800] {dagbag.py:532} INFO - Filling up the DagBag from /home/gerardsho/airflow_env/lib/python3.8/site-packages/airflow/example_dags/example_branch_labels.py
[2023-04-22T01:58:42.345+0800] {processor.py:753} INFO - DAG(s) dict_keys(['example_branch_labels']) retrieved from /home/gerardsho/airflow_env/lib/python3.8/site-packages/airflow/example_dags/example_branch_labels.py
[2023-04-22T01:58:42.357+0800] {logging_mixin.py:137} INFO - [2023-04-22T01:58:42.357+0800] {dag.py:2705} INFO - Sync 1 DAGs
[2023-04-22T01:58:42.369+0800] {logging_mixin.py:137} INFO - [2023-04-22T01:58:42.369+0800] {dag.py:3452} INFO - Setting next_dagrun for example_branch_labels to 2023-04-20T00:00:00+00:00, run_after=2023-04-21T00:00:00+00:00
[2023-04-22T01:58:42.385+0800] {processor.py:175} INFO - Processing /home/gerardsho/airflow_env/lib/python3.8/site-packages/airflow/example_dags/example_branch_labels.py took 0.052 seconds
[2023-04-22T01:59:22.484+0800] {processor.py:153} INFO - Started process (PID=3454) to work on /home/gerardsho/airflow_env/lib/python3.8/site-packages/airflow/example_dags/example_branch_labels.py
[2023-04-22T01:59:22.487+0800] {processor.py:743} INFO - Processing file /home/gerardsho/airflow_env/lib/python3.8/site-packages/airflow/example_dags/example_branch_labels.py for tasks to queue
[2023-04-22T01:59:22.487+0800] {logging_mixin.py:137} INFO - [2023-04-22T01:59:22.487+0800] {dagbag.py:532} INFO - Filling up the DagBag from /home/gerardsho/airflow_env/lib/python3.8/site-packages/airflow/example_dags/example_branch_labels.py
[2023-04-22T01:59:22.495+0800] {processor.py:753} INFO - DAG(s) dict_keys(['example_branch_labels']) retrieved from /home/gerardsho/airflow_env/lib/python3.8/site-packages/airflow/example_dags/example_branch_labels.py
[2023-04-22T01:59:22.507+0800] {logging_mixin.py:137} INFO - [2023-04-22T01:59:22.507+0800] {dag.py:2705} INFO - Sync 1 DAGs
[2023-04-22T01:59:22.518+0800] {logging_mixin.py:137} INFO - [2023-04-22T01:59:22.518+0800] {dag.py:3452} INFO - Setting next_dagrun for example_branch_labels to 2023-04-20T00:00:00+00:00, run_after=2023-04-21T00:00:00+00:00
[2023-04-22T01:59:22.536+0800] {processor.py:175} INFO - Processing /home/gerardsho/airflow_env/lib/python3.8/site-packages/airflow/example_dags/example_branch_labels.py took 0.054 seconds
[2023-04-22T02:00:34.976+0800] {processor.py:153} INFO - Started process (PID=3511) to work on /home/gerardsho/airflow_env/lib/python3.8/site-packages/airflow/example_dags/example_branch_labels.py
[2023-04-22T02:00:34.980+0800] {processor.py:743} INFO - Processing file /home/gerardsho/airflow_env/lib/python3.8/site-packages/airflow/example_dags/example_branch_labels.py for tasks to queue
[2023-04-22T02:00:34.980+0800] {logging_mixin.py:137} INFO - [2023-04-22T02:00:34.980+0800] {dagbag.py:532} INFO - Filling up the DagBag from /home/gerardsho/airflow_env/lib/python3.8/site-packages/airflow/example_dags/example_branch_labels.py
[2023-04-22T02:00:34.989+0800] {processor.py:753} INFO - DAG(s) dict_keys(['example_branch_labels']) retrieved from /home/gerardsho/airflow_env/lib/python3.8/site-packages/airflow/example_dags/example_branch_labels.py
[2023-04-22T02:00:35.056+0800] {logging_mixin.py:137} INFO - [2023-04-22T02:00:35.056+0800] {manager.py:504} INFO - Created Permission View: can edit on DAG:example_branch_labels
[2023-04-22T02:00:35.068+0800] {logging_mixin.py:137} INFO - [2023-04-22T02:00:35.067+0800] {manager.py:504} INFO - Created Permission View: can delete on DAG:example_branch_labels
[2023-04-22T02:00:35.078+0800] {logging_mixin.py:137} INFO - [2023-04-22T02:00:35.077+0800] {manager.py:504} INFO - Created Permission View: can read on DAG:example_branch_labels
[2023-04-22T02:00:35.078+0800] {logging_mixin.py:137} INFO - [2023-04-22T02:00:35.078+0800] {dag.py:2705} INFO - Sync 1 DAGs
[2023-04-22T02:00:35.084+0800] {logging_mixin.py:137} INFO - [2023-04-22T02:00:35.084+0800] {dag.py:2726} INFO - Creating ORM DAG for example_branch_labels
[2023-04-22T02:00:35.089+0800] {logging_mixin.py:137} INFO - [2023-04-22T02:00:35.089+0800] {dag.py:3452} INFO - Setting next_dagrun for example_branch_labels to 2023-04-20T00:00:00+00:00, run_after=2023-04-21T00:00:00+00:00
[2023-04-22T02:00:35.103+0800] {processor.py:175} INFO - Processing /home/gerardsho/airflow_env/lib/python3.8/site-packages/airflow/example_dags/example_branch_labels.py took 0.129 seconds
[2023-04-22T02:01:19.605+0800] {processor.py:153} INFO - Started process (PID=3561) to work on /home/gerardsho/airflow_env/lib/python3.8/site-packages/airflow/example_dags/example_branch_labels.py
[2023-04-22T02:01:19.606+0800] {processor.py:743} INFO - Processing file /home/gerardsho/airflow_env/lib/python3.8/site-packages/airflow/example_dags/example_branch_labels.py for tasks to queue
[2023-04-22T02:01:19.606+0800] {logging_mixin.py:137} INFO - [2023-04-22T02:01:19.606+0800] {dagbag.py:532} INFO - Filling up the DagBag from /home/gerardsho/airflow_env/lib/python3.8/site-packages/airflow/example_dags/example_branch_labels.py
[2023-04-22T02:01:19.617+0800] {processor.py:753} INFO - DAG(s) dict_keys(['example_branch_labels']) retrieved from /home/gerardsho/airflow_env/lib/python3.8/site-packages/airflow/example_dags/example_branch_labels.py
[2023-04-22T02:01:19.630+0800] {logging_mixin.py:137} INFO - [2023-04-22T02:01:19.630+0800] {dag.py:2705} INFO - Sync 1 DAGs
[2023-04-22T02:01:19.646+0800] {logging_mixin.py:137} INFO - [2023-04-22T02:01:19.645+0800] {dag.py:3452} INFO - Setting next_dagrun for example_branch_labels to 2023-04-20T00:00:00+00:00, run_after=2023-04-21T00:00:00+00:00
[2023-04-22T02:01:19.664+0800] {processor.py:175} INFO - Processing /home/gerardsho/airflow_env/lib/python3.8/site-packages/airflow/example_dags/example_branch_labels.py took 0.062 seconds
[2023-04-22T02:01:59.006+0800] {processor.py:153} INFO - Started process (PID=3603) to work on /home/gerardsho/airflow_env/lib/python3.8/site-packages/airflow/example_dags/example_branch_labels.py
[2023-04-22T02:01:59.009+0800] {processor.py:743} INFO - Processing file /home/gerardsho/airflow_env/lib/python3.8/site-packages/airflow/example_dags/example_branch_labels.py for tasks to queue
[2023-04-22T02:01:59.010+0800] {logging_mixin.py:137} INFO - [2023-04-22T02:01:59.010+0800] {dagbag.py:532} INFO - Filling up the DagBag from /home/gerardsho/airflow_env/lib/python3.8/site-packages/airflow/example_dags/example_branch_labels.py
[2023-04-22T02:01:59.023+0800] {processor.py:753} INFO - DAG(s) dict_keys(['example_branch_labels']) retrieved from /home/gerardsho/airflow_env/lib/python3.8/site-packages/airflow/example_dags/example_branch_labels.py
[2023-04-22T02:01:59.038+0800] {logging_mixin.py:137} INFO - [2023-04-22T02:01:59.038+0800] {dag.py:2705} INFO - Sync 1 DAGs
[2023-04-22T02:01:59.052+0800] {logging_mixin.py:137} INFO - [2023-04-22T02:01:59.052+0800] {dag.py:3452} INFO - Setting next_dagrun for example_branch_labels to 2023-04-20T00:00:00+00:00, run_after=2023-04-21T00:00:00+00:00
[2023-04-22T02:01:59.069+0800] {processor.py:175} INFO - Processing /home/gerardsho/airflow_env/lib/python3.8/site-packages/airflow/example_dags/example_branch_labels.py took 0.065 seconds
[2023-04-22T02:02:40.538+0800] {processor.py:153} INFO - Started process (PID=3655) to work on /home/gerardsho/airflow_env/lib/python3.8/site-packages/airflow/example_dags/example_branch_labels.py
[2023-04-22T02:02:40.541+0800] {processor.py:743} INFO - Processing file /home/gerardsho/airflow_env/lib/python3.8/site-packages/airflow/example_dags/example_branch_labels.py for tasks to queue
[2023-04-22T02:02:40.542+0800] {logging_mixin.py:137} INFO - [2023-04-22T02:02:40.541+0800] {dagbag.py:532} INFO - Filling up the DagBag from /home/gerardsho/airflow_env/lib/python3.8/site-packages/airflow/example_dags/example_branch_labels.py
[2023-04-22T02:02:40.550+0800] {processor.py:753} INFO - DAG(s) dict_keys(['example_branch_labels']) retrieved from /home/gerardsho/airflow_env/lib/python3.8/site-packages/airflow/example_dags/example_branch_labels.py
[2023-04-22T02:02:40.562+0800] {logging_mixin.py:137} INFO - [2023-04-22T02:02:40.562+0800] {dag.py:2705} INFO - Sync 1 DAGs
[2023-04-22T02:02:40.574+0800] {logging_mixin.py:137} INFO - [2023-04-22T02:02:40.573+0800] {dag.py:3452} INFO - Setting next_dagrun for example_branch_labels to 2023-04-20T00:00:00+00:00, run_after=2023-04-21T00:00:00+00:00
[2023-04-22T02:02:40.595+0800] {processor.py:175} INFO - Processing /home/gerardsho/airflow_env/lib/python3.8/site-packages/airflow/example_dags/example_branch_labels.py took 0.060 seconds
[2023-04-22T02:03:22.220+0800] {processor.py:153} INFO - Started process (PID=3702) to work on /home/gerardsho/airflow_env/lib/python3.8/site-packages/airflow/example_dags/example_branch_labels.py
[2023-04-22T02:03:22.223+0800] {processor.py:743} INFO - Processing file /home/gerardsho/airflow_env/lib/python3.8/site-packages/airflow/example_dags/example_branch_labels.py for tasks to queue
[2023-04-22T02:03:22.224+0800] {logging_mixin.py:137} INFO - [2023-04-22T02:03:22.224+0800] {dagbag.py:532} INFO - Filling up the DagBag from /home/gerardsho/airflow_env/lib/python3.8/site-packages/airflow/example_dags/example_branch_labels.py
[2023-04-22T02:03:22.232+0800] {processor.py:753} INFO - DAG(s) dict_keys(['example_branch_labels']) retrieved from /home/gerardsho/airflow_env/lib/python3.8/site-packages/airflow/example_dags/example_branch_labels.py
[2023-04-22T02:03:22.244+0800] {logging_mixin.py:137} INFO - [2023-04-22T02:03:22.244+0800] {dag.py:2705} INFO - Sync 1 DAGs
[2023-04-22T02:03:22.258+0800] {logging_mixin.py:137} INFO - [2023-04-22T02:03:22.258+0800] {dag.py:3452} INFO - Setting next_dagrun for example_branch_labels to 2023-04-20T00:00:00+00:00, run_after=2023-04-21T00:00:00+00:00
[2023-04-22T02:03:22.274+0800] {processor.py:175} INFO - Processing /home/gerardsho/airflow_env/lib/python3.8/site-packages/airflow/example_dags/example_branch_labels.py took 0.055 seconds
[2023-04-22T02:04:01.631+0800] {processor.py:153} INFO - Started process (PID=3748) to work on /home/gerardsho/airflow_env/lib/python3.8/site-packages/airflow/example_dags/example_branch_labels.py
[2023-04-22T02:04:01.634+0800] {processor.py:743} INFO - Processing file /home/gerardsho/airflow_env/lib/python3.8/site-packages/airflow/example_dags/example_branch_labels.py for tasks to queue
[2023-04-22T02:04:01.635+0800] {logging_mixin.py:137} INFO - [2023-04-22T02:04:01.635+0800] {dagbag.py:532} INFO - Filling up the DagBag from /home/gerardsho/airflow_env/lib/python3.8/site-packages/airflow/example_dags/example_branch_labels.py
[2023-04-22T02:04:01.643+0800] {processor.py:753} INFO - DAG(s) dict_keys(['example_branch_labels']) retrieved from /home/gerardsho/airflow_env/lib/python3.8/site-packages/airflow/example_dags/example_branch_labels.py
[2023-04-22T02:04:01.656+0800] {logging_mixin.py:137} INFO - [2023-04-22T02:04:01.656+0800] {dag.py:2705} INFO - Sync 1 DAGs
[2023-04-22T02:04:01.668+0800] {logging_mixin.py:137} INFO - [2023-04-22T02:04:01.668+0800] {dag.py:3452} INFO - Setting next_dagrun for example_branch_labels to 2023-04-20T00:00:00+00:00, run_after=2023-04-21T00:00:00+00:00
[2023-04-22T02:04:01.685+0800] {processor.py:175} INFO - Processing /home/gerardsho/airflow_env/lib/python3.8/site-packages/airflow/example_dags/example_branch_labels.py took 0.057 seconds
[2023-04-22T02:04:43.316+0800] {processor.py:153} INFO - Started process (PID=3790) to work on /home/gerardsho/airflow_env/lib/python3.8/site-packages/airflow/example_dags/example_branch_labels.py
[2023-04-22T02:04:43.319+0800] {processor.py:743} INFO - Processing file /home/gerardsho/airflow_env/lib/python3.8/site-packages/airflow/example_dags/example_branch_labels.py for tasks to queue
[2023-04-22T02:04:43.319+0800] {logging_mixin.py:137} INFO - [2023-04-22T02:04:43.319+0800] {dagbag.py:532} INFO - Filling up the DagBag from /home/gerardsho/airflow_env/lib/python3.8/site-packages/airflow/example_dags/example_branch_labels.py
[2023-04-22T02:04:43.329+0800] {processor.py:753} INFO - DAG(s) dict_keys(['example_branch_labels']) retrieved from /home/gerardsho/airflow_env/lib/python3.8/site-packages/airflow/example_dags/example_branch_labels.py
[2023-04-22T02:04:43.344+0800] {logging_mixin.py:137} INFO - [2023-04-22T02:04:43.344+0800] {dag.py:2705} INFO - Sync 1 DAGs
[2023-04-22T02:04:43.356+0800] {logging_mixin.py:137} INFO - [2023-04-22T02:04:43.356+0800] {dag.py:3452} INFO - Setting next_dagrun for example_branch_labels to 2023-04-20T00:00:00+00:00, run_after=2023-04-21T00:00:00+00:00
[2023-04-22T02:04:43.376+0800] {processor.py:175} INFO - Processing /home/gerardsho/airflow_env/lib/python3.8/site-packages/airflow/example_dags/example_branch_labels.py took 0.062 seconds
