[2023-04-22T01:48:44.081+0800] {processor.py:153} INFO - Started process (PID=2745) to work on /home/gerardsho/airflow_env/lib/python3.8/site-packages/airflow/example_dags/example_branch_operator.py
[2023-04-22T01:48:44.081+0800] {processor.py:743} INFO - Processing file /home/gerardsho/airflow_env/lib/python3.8/site-packages/airflow/example_dags/example_branch_operator.py for tasks to queue
[2023-04-22T01:48:44.082+0800] {logging_mixin.py:137} INFO - [2023-04-22T01:48:44.082+0800] {dagbag.py:532} INFO - Filling up the DagBag from /home/gerardsho/airflow_env/lib/python3.8/site-packages/airflow/example_dags/example_branch_operator.py
[2023-04-22T01:48:44.091+0800] {processor.py:753} INFO - DAG(s) dict_keys(['example_branch_operator']) retrieved from /home/gerardsho/airflow_env/lib/python3.8/site-packages/airflow/example_dags/example_branch_operator.py
[2023-04-22T01:48:44.292+0800] {logging_mixin.py:137} INFO - [2023-04-22T01:48:44.292+0800] {manager.py:504} INFO - Created Permission View: can edit on DAG:example_branch_operator
[2023-04-22T01:48:44.359+0800] {logging_mixin.py:137} INFO - [2023-04-22T01:48:44.359+0800] {manager.py:504} INFO - Created Permission View: can delete on DAG:example_branch_operator
[2023-04-22T01:48:44.405+0800] {logging_mixin.py:137} INFO - [2023-04-22T01:48:44.405+0800] {manager.py:504} INFO - Created Permission View: can read on DAG:example_branch_operator
[2023-04-22T01:48:44.406+0800] {logging_mixin.py:137} INFO - [2023-04-22T01:48:44.405+0800] {dag.py:2705} INFO - Sync 1 DAGs
[2023-04-22T01:48:44.415+0800] {logging_mixin.py:137} INFO - [2023-04-22T01:48:44.414+0800] {dag.py:2726} INFO - Creating ORM DAG for example_branch_operator
[2023-04-22T01:48:44.420+0800] {logging_mixin.py:137} INFO - [2023-04-22T01:48:44.420+0800] {dag.py:3452} INFO - Setting next_dagrun for example_branch_operator to 2023-04-20T00:00:00+00:00, run_after=2023-04-21T00:00:00+00:00
[2023-04-22T01:48:44.508+0800] {processor.py:175} INFO - Processing /home/gerardsho/airflow_env/lib/python3.8/site-packages/airflow/example_dags/example_branch_operator.py took 0.429 seconds
[2023-04-22T01:49:29.347+0800] {processor.py:153} INFO - Started process (PID=2788) to work on /home/gerardsho/airflow_env/lib/python3.8/site-packages/airflow/example_dags/example_branch_operator.py
[2023-04-22T01:49:29.351+0800] {processor.py:743} INFO - Processing file /home/gerardsho/airflow_env/lib/python3.8/site-packages/airflow/example_dags/example_branch_operator.py for tasks to queue
[2023-04-22T01:49:29.351+0800] {logging_mixin.py:137} INFO - [2023-04-22T01:49:29.351+0800] {dagbag.py:532} INFO - Filling up the DagBag from /home/gerardsho/airflow_env/lib/python3.8/site-packages/airflow/example_dags/example_branch_operator.py
[2023-04-22T01:49:29.364+0800] {processor.py:753} INFO - DAG(s) dict_keys(['example_branch_operator']) retrieved from /home/gerardsho/airflow_env/lib/python3.8/site-packages/airflow/example_dags/example_branch_operator.py
[2023-04-22T01:49:29.380+0800] {logging_mixin.py:137} INFO - [2023-04-22T01:49:29.379+0800] {dag.py:2705} INFO - Sync 1 DAGs
[2023-04-22T01:49:29.394+0800] {logging_mixin.py:137} INFO - [2023-04-22T01:49:29.394+0800] {dag.py:3452} INFO - Setting next_dagrun for example_branch_operator to 2023-04-20T00:00:00+00:00, run_after=2023-04-21T00:00:00+00:00
[2023-04-22T01:49:29.413+0800] {processor.py:175} INFO - Processing /home/gerardsho/airflow_env/lib/python3.8/site-packages/airflow/example_dags/example_branch_operator.py took 0.068 seconds
[2023-04-22T01:50:08.121+0800] {processor.py:153} INFO - Started process (PID=2831) to work on /home/gerardsho/airflow_env/lib/python3.8/site-packages/airflow/example_dags/example_branch_operator.py
[2023-04-22T01:50:08.124+0800] {processor.py:743} INFO - Processing file /home/gerardsho/airflow_env/lib/python3.8/site-packages/airflow/example_dags/example_branch_operator.py for tasks to queue
[2023-04-22T01:50:08.125+0800] {logging_mixin.py:137} INFO - [2023-04-22T01:50:08.125+0800] {dagbag.py:532} INFO - Filling up the DagBag from /home/gerardsho/airflow_env/lib/python3.8/site-packages/airflow/example_dags/example_branch_operator.py
[2023-04-22T01:50:08.134+0800] {processor.py:753} INFO - DAG(s) dict_keys(['example_branch_operator']) retrieved from /home/gerardsho/airflow_env/lib/python3.8/site-packages/airflow/example_dags/example_branch_operator.py
[2023-04-22T01:50:08.146+0800] {logging_mixin.py:137} INFO - [2023-04-22T01:50:08.146+0800] {dag.py:2705} INFO - Sync 1 DAGs
[2023-04-22T01:50:08.157+0800] {logging_mixin.py:137} INFO - [2023-04-22T01:50:08.156+0800] {dag.py:3452} INFO - Setting next_dagrun for example_branch_operator to 2023-04-20T00:00:00+00:00, run_after=2023-04-21T00:00:00+00:00
[2023-04-22T01:50:08.175+0800] {processor.py:175} INFO - Processing /home/gerardsho/airflow_env/lib/python3.8/site-packages/airflow/example_dags/example_branch_operator.py took 0.056 seconds
[2023-04-22T01:50:48.339+0800] {processor.py:153} INFO - Started process (PID=2877) to work on /home/gerardsho/airflow_env/lib/python3.8/site-packages/airflow/example_dags/example_branch_operator.py
[2023-04-22T01:50:48.342+0800] {processor.py:743} INFO - Processing file /home/gerardsho/airflow_env/lib/python3.8/site-packages/airflow/example_dags/example_branch_operator.py for tasks to queue
[2023-04-22T01:50:48.342+0800] {logging_mixin.py:137} INFO - [2023-04-22T01:50:48.342+0800] {dagbag.py:532} INFO - Filling up the DagBag from /home/gerardsho/airflow_env/lib/python3.8/site-packages/airflow/example_dags/example_branch_operator.py
[2023-04-22T01:50:48.355+0800] {processor.py:753} INFO - DAG(s) dict_keys(['example_branch_operator']) retrieved from /home/gerardsho/airflow_env/lib/python3.8/site-packages/airflow/example_dags/example_branch_operator.py
[2023-04-22T01:50:48.372+0800] {logging_mixin.py:137} INFO - [2023-04-22T01:50:48.372+0800] {dag.py:2705} INFO - Sync 1 DAGs
[2023-04-22T01:50:48.387+0800] {logging_mixin.py:137} INFO - [2023-04-22T01:50:48.387+0800] {dag.py:3452} INFO - Setting next_dagrun for example_branch_operator to 2023-04-20T00:00:00+00:00, run_after=2023-04-21T00:00:00+00:00
[2023-04-22T01:50:48.403+0800] {processor.py:175} INFO - Processing /home/gerardsho/airflow_env/lib/python3.8/site-packages/airflow/example_dags/example_branch_operator.py took 0.066 seconds
[2023-04-22T01:51:30.535+0800] {processor.py:153} INFO - Started process (PID=2932) to work on /home/gerardsho/airflow_env/lib/python3.8/site-packages/airflow/example_dags/example_branch_operator.py
[2023-04-22T01:51:30.538+0800] {processor.py:743} INFO - Processing file /home/gerardsho/airflow_env/lib/python3.8/site-packages/airflow/example_dags/example_branch_operator.py for tasks to queue
[2023-04-22T01:51:30.539+0800] {logging_mixin.py:137} INFO - [2023-04-22T01:51:30.539+0800] {dagbag.py:532} INFO - Filling up the DagBag from /home/gerardsho/airflow_env/lib/python3.8/site-packages/airflow/example_dags/example_branch_operator.py
[2023-04-22T01:51:30.548+0800] {processor.py:753} INFO - DAG(s) dict_keys(['example_branch_operator']) retrieved from /home/gerardsho/airflow_env/lib/python3.8/site-packages/airflow/example_dags/example_branch_operator.py
[2023-04-22T01:51:30.560+0800] {logging_mixin.py:137} INFO - [2023-04-22T01:51:30.560+0800] {dag.py:2705} INFO - Sync 1 DAGs
[2023-04-22T01:51:30.571+0800] {logging_mixin.py:137} INFO - [2023-04-22T01:51:30.571+0800] {dag.py:3452} INFO - Setting next_dagrun for example_branch_operator to 2023-04-20T00:00:00+00:00, run_after=2023-04-21T00:00:00+00:00
[2023-04-22T01:51:30.588+0800] {processor.py:175} INFO - Processing /home/gerardsho/airflow_env/lib/python3.8/site-packages/airflow/example_dags/example_branch_operator.py took 0.055 seconds
[2023-04-22T01:52:12.737+0800] {processor.py:153} INFO - Started process (PID=2982) to work on /home/gerardsho/airflow_env/lib/python3.8/site-packages/airflow/example_dags/example_branch_operator.py
[2023-04-22T01:52:12.738+0800] {processor.py:743} INFO - Processing file /home/gerardsho/airflow_env/lib/python3.8/site-packages/airflow/example_dags/example_branch_operator.py for tasks to queue
[2023-04-22T01:52:12.739+0800] {logging_mixin.py:137} INFO - [2023-04-22T01:52:12.739+0800] {dagbag.py:532} INFO - Filling up the DagBag from /home/gerardsho/airflow_env/lib/python3.8/site-packages/airflow/example_dags/example_branch_operator.py
[2023-04-22T01:52:12.748+0800] {processor.py:753} INFO - DAG(s) dict_keys(['example_branch_operator']) retrieved from /home/gerardsho/airflow_env/lib/python3.8/site-packages/airflow/example_dags/example_branch_operator.py
[2023-04-22T01:52:12.760+0800] {logging_mixin.py:137} INFO - [2023-04-22T01:52:12.760+0800] {dag.py:2705} INFO - Sync 1 DAGs
[2023-04-22T01:52:12.770+0800] {logging_mixin.py:137} INFO - [2023-04-22T01:52:12.770+0800] {dag.py:3452} INFO - Setting next_dagrun for example_branch_operator to 2023-04-20T00:00:00+00:00, run_after=2023-04-21T00:00:00+00:00
[2023-04-22T01:52:12.790+0800] {processor.py:175} INFO - Processing /home/gerardsho/airflow_env/lib/python3.8/site-packages/airflow/example_dags/example_branch_operator.py took 0.054 seconds
[2023-04-22T01:52:52.630+0800] {processor.py:153} INFO - Started process (PID=3024) to work on /home/gerardsho/airflow_env/lib/python3.8/site-packages/airflow/example_dags/example_branch_operator.py
[2023-04-22T01:52:52.631+0800] {processor.py:743} INFO - Processing file /home/gerardsho/airflow_env/lib/python3.8/site-packages/airflow/example_dags/example_branch_operator.py for tasks to queue
[2023-04-22T01:52:52.632+0800] {logging_mixin.py:137} INFO - [2023-04-22T01:52:52.632+0800] {dagbag.py:532} INFO - Filling up the DagBag from /home/gerardsho/airflow_env/lib/python3.8/site-packages/airflow/example_dags/example_branch_operator.py
[2023-04-22T01:52:52.643+0800] {processor.py:753} INFO - DAG(s) dict_keys(['example_branch_operator']) retrieved from /home/gerardsho/airflow_env/lib/python3.8/site-packages/airflow/example_dags/example_branch_operator.py
[2023-04-22T01:52:52.657+0800] {logging_mixin.py:137} INFO - [2023-04-22T01:52:52.657+0800] {dag.py:2705} INFO - Sync 1 DAGs
[2023-04-22T01:52:52.670+0800] {logging_mixin.py:137} INFO - [2023-04-22T01:52:52.669+0800] {dag.py:3452} INFO - Setting next_dagrun for example_branch_operator to 2023-04-20T00:00:00+00:00, run_after=2023-04-21T00:00:00+00:00
[2023-04-22T01:52:52.690+0800] {processor.py:175} INFO - Processing /home/gerardsho/airflow_env/lib/python3.8/site-packages/airflow/example_dags/example_branch_operator.py took 0.062 seconds
[2023-04-22T01:53:33.262+0800] {processor.py:153} INFO - Started process (PID=3066) to work on /home/gerardsho/airflow_env/lib/python3.8/site-packages/airflow/example_dags/example_branch_operator.py
[2023-04-22T01:53:33.266+0800] {processor.py:743} INFO - Processing file /home/gerardsho/airflow_env/lib/python3.8/site-packages/airflow/example_dags/example_branch_operator.py for tasks to queue
[2023-04-22T01:53:33.266+0800] {logging_mixin.py:137} INFO - [2023-04-22T01:53:33.266+0800] {dagbag.py:532} INFO - Filling up the DagBag from /home/gerardsho/airflow_env/lib/python3.8/site-packages/airflow/example_dags/example_branch_operator.py
[2023-04-22T01:53:33.277+0800] {processor.py:753} INFO - DAG(s) dict_keys(['example_branch_operator']) retrieved from /home/gerardsho/airflow_env/lib/python3.8/site-packages/airflow/example_dags/example_branch_operator.py
[2023-04-22T01:53:33.290+0800] {logging_mixin.py:137} INFO - [2023-04-22T01:53:33.289+0800] {dag.py:2705} INFO - Sync 1 DAGs
[2023-04-22T01:53:33.302+0800] {logging_mixin.py:137} INFO - [2023-04-22T01:53:33.301+0800] {dag.py:3452} INFO - Setting next_dagrun for example_branch_operator to 2023-04-20T00:00:00+00:00, run_after=2023-04-21T00:00:00+00:00
[2023-04-22T01:53:33.319+0800] {processor.py:175} INFO - Processing /home/gerardsho/airflow_env/lib/python3.8/site-packages/airflow/example_dags/example_branch_operator.py took 0.059 seconds
[2023-04-22T01:54:14.266+0800] {processor.py:153} INFO - Started process (PID=3108) to work on /home/gerardsho/airflow_env/lib/python3.8/site-packages/airflow/example_dags/example_branch_operator.py
[2023-04-22T01:54:14.269+0800] {processor.py:743} INFO - Processing file /home/gerardsho/airflow_env/lib/python3.8/site-packages/airflow/example_dags/example_branch_operator.py for tasks to queue
[2023-04-22T01:54:14.269+0800] {logging_mixin.py:137} INFO - [2023-04-22T01:54:14.269+0800] {dagbag.py:532} INFO - Filling up the DagBag from /home/gerardsho/airflow_env/lib/python3.8/site-packages/airflow/example_dags/example_branch_operator.py
[2023-04-22T01:54:14.279+0800] {processor.py:753} INFO - DAG(s) dict_keys(['example_branch_operator']) retrieved from /home/gerardsho/airflow_env/lib/python3.8/site-packages/airflow/example_dags/example_branch_operator.py
[2023-04-22T01:54:14.292+0800] {logging_mixin.py:137} INFO - [2023-04-22T01:54:14.292+0800] {dag.py:2705} INFO - Sync 1 DAGs
[2023-04-22T01:54:14.305+0800] {logging_mixin.py:137} INFO - [2023-04-22T01:54:14.305+0800] {dag.py:3452} INFO - Setting next_dagrun for example_branch_operator to 2023-04-20T00:00:00+00:00, run_after=2023-04-21T00:00:00+00:00
[2023-04-22T01:54:14.325+0800] {processor.py:175} INFO - Processing /home/gerardsho/airflow_env/lib/python3.8/site-packages/airflow/example_dags/example_branch_operator.py took 0.061 seconds
[2023-04-22T01:54:54.285+0800] {processor.py:153} INFO - Started process (PID=3154) to work on /home/gerardsho/airflow_env/lib/python3.8/site-packages/airflow/example_dags/example_branch_operator.py
[2023-04-22T01:54:54.288+0800] {processor.py:743} INFO - Processing file /home/gerardsho/airflow_env/lib/python3.8/site-packages/airflow/example_dags/example_branch_operator.py for tasks to queue
[2023-04-22T01:54:54.289+0800] {logging_mixin.py:137} INFO - [2023-04-22T01:54:54.288+0800] {dagbag.py:532} INFO - Filling up the DagBag from /home/gerardsho/airflow_env/lib/python3.8/site-packages/airflow/example_dags/example_branch_operator.py
[2023-04-22T01:54:54.299+0800] {processor.py:753} INFO - DAG(s) dict_keys(['example_branch_operator']) retrieved from /home/gerardsho/airflow_env/lib/python3.8/site-packages/airflow/example_dags/example_branch_operator.py
[2023-04-22T01:54:54.313+0800] {logging_mixin.py:137} INFO - [2023-04-22T01:54:54.313+0800] {dag.py:2705} INFO - Sync 1 DAGs
[2023-04-22T01:54:54.327+0800] {logging_mixin.py:137} INFO - [2023-04-22T01:54:54.327+0800] {dag.py:3452} INFO - Setting next_dagrun for example_branch_operator to 2023-04-20T00:00:00+00:00, run_after=2023-04-21T00:00:00+00:00
[2023-04-22T01:54:54.344+0800] {processor.py:175} INFO - Processing /home/gerardsho/airflow_env/lib/python3.8/site-packages/airflow/example_dags/example_branch_operator.py took 0.060 seconds
[2023-04-22T01:55:35.354+0800] {processor.py:153} INFO - Started process (PID=3200) to work on /home/gerardsho/airflow_env/lib/python3.8/site-packages/airflow/example_dags/example_branch_operator.py
[2023-04-22T01:55:35.357+0800] {processor.py:743} INFO - Processing file /home/gerardsho/airflow_env/lib/python3.8/site-packages/airflow/example_dags/example_branch_operator.py for tasks to queue
[2023-04-22T01:55:35.358+0800] {logging_mixin.py:137} INFO - [2023-04-22T01:55:35.358+0800] {dagbag.py:532} INFO - Filling up the DagBag from /home/gerardsho/airflow_env/lib/python3.8/site-packages/airflow/example_dags/example_branch_operator.py
[2023-04-22T01:55:35.368+0800] {processor.py:753} INFO - DAG(s) dict_keys(['example_branch_operator']) retrieved from /home/gerardsho/airflow_env/lib/python3.8/site-packages/airflow/example_dags/example_branch_operator.py
[2023-04-22T01:55:35.382+0800] {logging_mixin.py:137} INFO - [2023-04-22T01:55:35.382+0800] {dag.py:2705} INFO - Sync 1 DAGs
[2023-04-22T01:55:35.395+0800] {logging_mixin.py:137} INFO - [2023-04-22T01:55:35.395+0800] {dag.py:3452} INFO - Setting next_dagrun for example_branch_operator to 2023-04-20T00:00:00+00:00, run_after=2023-04-21T00:00:00+00:00
[2023-04-22T01:55:35.412+0800] {processor.py:175} INFO - Processing /home/gerardsho/airflow_env/lib/python3.8/site-packages/airflow/example_dags/example_branch_operator.py took 0.061 seconds
[2023-04-22T01:56:15.931+0800] {processor.py:153} INFO - Started process (PID=3245) to work on /home/gerardsho/airflow_env/lib/python3.8/site-packages/airflow/example_dags/example_branch_operator.py
[2023-04-22T01:56:15.934+0800] {processor.py:743} INFO - Processing file /home/gerardsho/airflow_env/lib/python3.8/site-packages/airflow/example_dags/example_branch_operator.py for tasks to queue
[2023-04-22T01:56:15.935+0800] {logging_mixin.py:137} INFO - [2023-04-22T01:56:15.935+0800] {dagbag.py:532} INFO - Filling up the DagBag from /home/gerardsho/airflow_env/lib/python3.8/site-packages/airflow/example_dags/example_branch_operator.py
[2023-04-22T01:56:15.946+0800] {processor.py:753} INFO - DAG(s) dict_keys(['example_branch_operator']) retrieved from /home/gerardsho/airflow_env/lib/python3.8/site-packages/airflow/example_dags/example_branch_operator.py
[2023-04-22T01:56:15.963+0800] {logging_mixin.py:137} INFO - [2023-04-22T01:56:15.963+0800] {dag.py:2705} INFO - Sync 1 DAGs
[2023-04-22T01:56:15.979+0800] {logging_mixin.py:137} INFO - [2023-04-22T01:56:15.978+0800] {dag.py:3452} INFO - Setting next_dagrun for example_branch_operator to 2023-04-20T00:00:00+00:00, run_after=2023-04-21T00:00:00+00:00
[2023-04-22T01:56:15.999+0800] {processor.py:175} INFO - Processing /home/gerardsho/airflow_env/lib/python3.8/site-packages/airflow/example_dags/example_branch_operator.py took 0.070 seconds
[2023-04-22T01:56:56.418+0800] {processor.py:153} INFO - Started process (PID=3293) to work on /home/gerardsho/airflow_env/lib/python3.8/site-packages/airflow/example_dags/example_branch_operator.py
[2023-04-22T01:56:56.421+0800] {processor.py:743} INFO - Processing file /home/gerardsho/airflow_env/lib/python3.8/site-packages/airflow/example_dags/example_branch_operator.py for tasks to queue
[2023-04-22T01:56:56.421+0800] {logging_mixin.py:137} INFO - [2023-04-22T01:56:56.421+0800] {dagbag.py:532} INFO - Filling up the DagBag from /home/gerardsho/airflow_env/lib/python3.8/site-packages/airflow/example_dags/example_branch_operator.py
[2023-04-22T01:56:56.431+0800] {processor.py:753} INFO - DAG(s) dict_keys(['example_branch_operator']) retrieved from /home/gerardsho/airflow_env/lib/python3.8/site-packages/airflow/example_dags/example_branch_operator.py
[2023-04-22T01:56:56.443+0800] {logging_mixin.py:137} INFO - [2023-04-22T01:56:56.443+0800] {dag.py:2705} INFO - Sync 1 DAGs
[2023-04-22T01:56:56.454+0800] {logging_mixin.py:137} INFO - [2023-04-22T01:56:56.454+0800] {dag.py:3452} INFO - Setting next_dagrun for example_branch_operator to 2023-04-20T00:00:00+00:00, run_after=2023-04-21T00:00:00+00:00
[2023-04-22T01:56:56.471+0800] {processor.py:175} INFO - Processing /home/gerardsho/airflow_env/lib/python3.8/site-packages/airflow/example_dags/example_branch_operator.py took 0.056 seconds
[2023-04-22T01:57:36.437+0800] {processor.py:153} INFO - Started process (PID=3338) to work on /home/gerardsho/airflow_env/lib/python3.8/site-packages/airflow/example_dags/example_branch_operator.py
[2023-04-22T01:57:36.441+0800] {processor.py:743} INFO - Processing file /home/gerardsho/airflow_env/lib/python3.8/site-packages/airflow/example_dags/example_branch_operator.py for tasks to queue
[2023-04-22T01:57:36.441+0800] {logging_mixin.py:137} INFO - [2023-04-22T01:57:36.441+0800] {dagbag.py:532} INFO - Filling up the DagBag from /home/gerardsho/airflow_env/lib/python3.8/site-packages/airflow/example_dags/example_branch_operator.py
[2023-04-22T01:57:36.450+0800] {processor.py:753} INFO - DAG(s) dict_keys(['example_branch_operator']) retrieved from /home/gerardsho/airflow_env/lib/python3.8/site-packages/airflow/example_dags/example_branch_operator.py
[2023-04-22T01:57:36.466+0800] {logging_mixin.py:137} INFO - [2023-04-22T01:57:36.466+0800] {dag.py:2705} INFO - Sync 1 DAGs
[2023-04-22T01:57:36.478+0800] {logging_mixin.py:137} INFO - [2023-04-22T01:57:36.478+0800] {dag.py:3452} INFO - Setting next_dagrun for example_branch_operator to 2023-04-20T00:00:00+00:00, run_after=2023-04-21T00:00:00+00:00
[2023-04-22T01:57:36.495+0800] {processor.py:175} INFO - Processing /home/gerardsho/airflow_env/lib/python3.8/site-packages/airflow/example_dags/example_branch_operator.py took 0.060 seconds
[2023-04-22T01:58:16.574+0800] {processor.py:153} INFO - Started process (PID=3387) to work on /home/gerardsho/airflow_env/lib/python3.8/site-packages/airflow/example_dags/example_branch_operator.py
[2023-04-22T01:58:16.577+0800] {processor.py:743} INFO - Processing file /home/gerardsho/airflow_env/lib/python3.8/site-packages/airflow/example_dags/example_branch_operator.py for tasks to queue
[2023-04-22T01:58:16.578+0800] {logging_mixin.py:137} INFO - [2023-04-22T01:58:16.578+0800] {dagbag.py:532} INFO - Filling up the DagBag from /home/gerardsho/airflow_env/lib/python3.8/site-packages/airflow/example_dags/example_branch_operator.py
[2023-04-22T01:58:16.593+0800] {processor.py:753} INFO - DAG(s) dict_keys(['example_branch_operator']) retrieved from /home/gerardsho/airflow_env/lib/python3.8/site-packages/airflow/example_dags/example_branch_operator.py
[2023-04-22T01:58:16.615+0800] {logging_mixin.py:137} INFO - [2023-04-22T01:58:16.614+0800] {dag.py:2705} INFO - Sync 1 DAGs
[2023-04-22T01:58:16.646+0800] {logging_mixin.py:137} INFO - [2023-04-22T01:58:16.646+0800] {dag.py:3452} INFO - Setting next_dagrun for example_branch_operator to 2023-04-20T00:00:00+00:00, run_after=2023-04-21T00:00:00+00:00
[2023-04-22T01:58:16.674+0800] {processor.py:175} INFO - Processing /home/gerardsho/airflow_env/lib/python3.8/site-packages/airflow/example_dags/example_branch_operator.py took 0.102 seconds
[2023-04-22T01:58:58.934+0800] {processor.py:153} INFO - Started process (PID=3429) to work on /home/gerardsho/airflow_env/lib/python3.8/site-packages/airflow/example_dags/example_branch_operator.py
[2023-04-22T01:58:58.938+0800] {processor.py:743} INFO - Processing file /home/gerardsho/airflow_env/lib/python3.8/site-packages/airflow/example_dags/example_branch_operator.py for tasks to queue
[2023-04-22T01:58:58.938+0800] {logging_mixin.py:137} INFO - [2023-04-22T01:58:58.938+0800] {dagbag.py:532} INFO - Filling up the DagBag from /home/gerardsho/airflow_env/lib/python3.8/site-packages/airflow/example_dags/example_branch_operator.py
[2023-04-22T01:58:58.948+0800] {processor.py:753} INFO - DAG(s) dict_keys(['example_branch_operator']) retrieved from /home/gerardsho/airflow_env/lib/python3.8/site-packages/airflow/example_dags/example_branch_operator.py
[2023-04-22T01:58:58.960+0800] {logging_mixin.py:137} INFO - [2023-04-22T01:58:58.960+0800] {dag.py:2705} INFO - Sync 1 DAGs
[2023-04-22T01:58:58.970+0800] {logging_mixin.py:137} INFO - [2023-04-22T01:58:58.970+0800] {dag.py:3452} INFO - Setting next_dagrun for example_branch_operator to 2023-04-20T00:00:00+00:00, run_after=2023-04-21T00:00:00+00:00
[2023-04-22T01:58:58.986+0800] {processor.py:175} INFO - Processing /home/gerardsho/airflow_env/lib/python3.8/site-packages/airflow/example_dags/example_branch_operator.py took 0.054 seconds
[2023-04-22T01:59:37.628+0800] {processor.py:153} INFO - Started process (PID=3471) to work on /home/gerardsho/airflow_env/lib/python3.8/site-packages/airflow/example_dags/example_branch_operator.py
[2023-04-22T01:59:37.631+0800] {processor.py:743} INFO - Processing file /home/gerardsho/airflow_env/lib/python3.8/site-packages/airflow/example_dags/example_branch_operator.py for tasks to queue
[2023-04-22T01:59:37.632+0800] {logging_mixin.py:137} INFO - [2023-04-22T01:59:37.632+0800] {dagbag.py:532} INFO - Filling up the DagBag from /home/gerardsho/airflow_env/lib/python3.8/site-packages/airflow/example_dags/example_branch_operator.py
[2023-04-22T01:59:37.643+0800] {processor.py:753} INFO - DAG(s) dict_keys(['example_branch_operator']) retrieved from /home/gerardsho/airflow_env/lib/python3.8/site-packages/airflow/example_dags/example_branch_operator.py
[2023-04-22T01:59:37.657+0800] {logging_mixin.py:137} INFO - [2023-04-22T01:59:37.657+0800] {dag.py:2705} INFO - Sync 1 DAGs
[2023-04-22T01:59:37.670+0800] {logging_mixin.py:137} INFO - [2023-04-22T01:59:37.669+0800] {dag.py:3452} INFO - Setting next_dagrun for example_branch_operator to 2023-04-20T00:00:00+00:00, run_after=2023-04-21T00:00:00+00:00
[2023-04-22T01:59:37.687+0800] {processor.py:175} INFO - Processing /home/gerardsho/airflow_env/lib/python3.8/site-packages/airflow/example_dags/example_branch_operator.py took 0.061 seconds
[2023-04-22T02:00:53.287+0800] {processor.py:153} INFO - Started process (PID=3528) to work on /home/gerardsho/airflow_env/lib/python3.8/site-packages/airflow/example_dags/example_branch_operator.py
[2023-04-22T02:00:53.291+0800] {processor.py:743} INFO - Processing file /home/gerardsho/airflow_env/lib/python3.8/site-packages/airflow/example_dags/example_branch_operator.py for tasks to queue
[2023-04-22T02:00:53.291+0800] {logging_mixin.py:137} INFO - [2023-04-22T02:00:53.291+0800] {dagbag.py:532} INFO - Filling up the DagBag from /home/gerardsho/airflow_env/lib/python3.8/site-packages/airflow/example_dags/example_branch_operator.py
[2023-04-22T02:00:53.301+0800] {processor.py:753} INFO - DAG(s) dict_keys(['example_branch_operator']) retrieved from /home/gerardsho/airflow_env/lib/python3.8/site-packages/airflow/example_dags/example_branch_operator.py
[2023-04-22T02:00:53.371+0800] {logging_mixin.py:137} INFO - [2023-04-22T02:00:53.371+0800] {manager.py:504} INFO - Created Permission View: can edit on DAG:example_branch_operator
[2023-04-22T02:00:53.384+0800] {logging_mixin.py:137} INFO - [2023-04-22T02:00:53.383+0800] {manager.py:504} INFO - Created Permission View: can delete on DAG:example_branch_operator
[2023-04-22T02:00:53.398+0800] {logging_mixin.py:137} INFO - [2023-04-22T02:00:53.397+0800] {manager.py:504} INFO - Created Permission View: can read on DAG:example_branch_operator
[2023-04-22T02:00:53.398+0800] {logging_mixin.py:137} INFO - [2023-04-22T02:00:53.398+0800] {dag.py:2705} INFO - Sync 1 DAGs
[2023-04-22T02:00:53.405+0800] {logging_mixin.py:137} INFO - [2023-04-22T02:00:53.404+0800] {dag.py:2726} INFO - Creating ORM DAG for example_branch_operator
[2023-04-22T02:00:53.414+0800] {logging_mixin.py:137} INFO - [2023-04-22T02:00:53.414+0800] {dag.py:3452} INFO - Setting next_dagrun for example_branch_operator to 2023-04-20T00:00:00+00:00, run_after=2023-04-21T00:00:00+00:00
[2023-04-22T02:00:53.437+0800] {processor.py:175} INFO - Processing /home/gerardsho/airflow_env/lib/python3.8/site-packages/airflow/example_dags/example_branch_operator.py took 0.153 seconds
[2023-04-22T02:01:34.718+0800] {processor.py:153} INFO - Started process (PID=3578) to work on /home/gerardsho/airflow_env/lib/python3.8/site-packages/airflow/example_dags/example_branch_operator.py
[2023-04-22T02:01:34.719+0800] {processor.py:743} INFO - Processing file /home/gerardsho/airflow_env/lib/python3.8/site-packages/airflow/example_dags/example_branch_operator.py for tasks to queue
[2023-04-22T02:01:34.719+0800] {logging_mixin.py:137} INFO - [2023-04-22T02:01:34.719+0800] {dagbag.py:532} INFO - Filling up the DagBag from /home/gerardsho/airflow_env/lib/python3.8/site-packages/airflow/example_dags/example_branch_operator.py
[2023-04-22T02:01:34.729+0800] {processor.py:753} INFO - DAG(s) dict_keys(['example_branch_operator']) retrieved from /home/gerardsho/airflow_env/lib/python3.8/site-packages/airflow/example_dags/example_branch_operator.py
[2023-04-22T02:01:34.741+0800] {logging_mixin.py:137} INFO - [2023-04-22T02:01:34.741+0800] {dag.py:2705} INFO - Sync 1 DAGs
[2023-04-22T02:01:34.754+0800] {logging_mixin.py:137} INFO - [2023-04-22T02:01:34.754+0800] {dag.py:3452} INFO - Setting next_dagrun for example_branch_operator to 2023-04-20T00:00:00+00:00, run_after=2023-04-21T00:00:00+00:00
[2023-04-22T02:01:34.770+0800] {processor.py:175} INFO - Processing /home/gerardsho/airflow_env/lib/python3.8/site-packages/airflow/example_dags/example_branch_operator.py took 0.055 seconds
[2023-04-22T02:02:16.549+0800] {processor.py:153} INFO - Started process (PID=3620) to work on /home/gerardsho/airflow_env/lib/python3.8/site-packages/airflow/example_dags/example_branch_operator.py
[2023-04-22T02:02:16.552+0800] {processor.py:743} INFO - Processing file /home/gerardsho/airflow_env/lib/python3.8/site-packages/airflow/example_dags/example_branch_operator.py for tasks to queue
[2023-04-22T02:02:16.553+0800] {logging_mixin.py:137} INFO - [2023-04-22T02:02:16.553+0800] {dagbag.py:532} INFO - Filling up the DagBag from /home/gerardsho/airflow_env/lib/python3.8/site-packages/airflow/example_dags/example_branch_operator.py
[2023-04-22T02:02:16.562+0800] {processor.py:753} INFO - DAG(s) dict_keys(['example_branch_operator']) retrieved from /home/gerardsho/airflow_env/lib/python3.8/site-packages/airflow/example_dags/example_branch_operator.py
[2023-04-22T02:02:16.574+0800] {logging_mixin.py:137} INFO - [2023-04-22T02:02:16.574+0800] {dag.py:2705} INFO - Sync 1 DAGs
[2023-04-22T02:02:16.585+0800] {logging_mixin.py:137} INFO - [2023-04-22T02:02:16.585+0800] {dag.py:3452} INFO - Setting next_dagrun for example_branch_operator to 2023-04-20T00:00:00+00:00, run_after=2023-04-21T00:00:00+00:00
[2023-04-22T02:02:16.601+0800] {processor.py:175} INFO - Processing /home/gerardsho/airflow_env/lib/python3.8/site-packages/airflow/example_dags/example_branch_operator.py took 0.054 seconds
[2023-04-22T02:02:57.722+0800] {processor.py:153} INFO - Started process (PID=3672) to work on /home/gerardsho/airflow_env/lib/python3.8/site-packages/airflow/example_dags/example_branch_operator.py
[2023-04-22T02:02:57.726+0800] {processor.py:743} INFO - Processing file /home/gerardsho/airflow_env/lib/python3.8/site-packages/airflow/example_dags/example_branch_operator.py for tasks to queue
[2023-04-22T02:02:57.726+0800] {logging_mixin.py:137} INFO - [2023-04-22T02:02:57.726+0800] {dagbag.py:532} INFO - Filling up the DagBag from /home/gerardsho/airflow_env/lib/python3.8/site-packages/airflow/example_dags/example_branch_operator.py
[2023-04-22T02:02:57.736+0800] {processor.py:753} INFO - DAG(s) dict_keys(['example_branch_operator']) retrieved from /home/gerardsho/airflow_env/lib/python3.8/site-packages/airflow/example_dags/example_branch_operator.py
[2023-04-22T02:02:57.752+0800] {logging_mixin.py:137} INFO - [2023-04-22T02:02:57.752+0800] {dag.py:2705} INFO - Sync 1 DAGs
[2023-04-22T02:02:57.769+0800] {logging_mixin.py:137} INFO - [2023-04-22T02:02:57.768+0800] {dag.py:3452} INFO - Setting next_dagrun for example_branch_operator to 2023-04-20T00:00:00+00:00, run_after=2023-04-21T00:00:00+00:00
[2023-04-22T02:02:57.787+0800] {processor.py:175} INFO - Processing /home/gerardsho/airflow_env/lib/python3.8/site-packages/airflow/example_dags/example_branch_operator.py took 0.066 seconds
[2023-04-22T02:03:38.799+0800] {processor.py:153} INFO - Started process (PID=3722) to work on /home/gerardsho/airflow_env/lib/python3.8/site-packages/airflow/example_dags/example_branch_operator.py
[2023-04-22T02:03:38.802+0800] {processor.py:743} INFO - Processing file /home/gerardsho/airflow_env/lib/python3.8/site-packages/airflow/example_dags/example_branch_operator.py for tasks to queue
[2023-04-22T02:03:38.803+0800] {logging_mixin.py:137} INFO - [2023-04-22T02:03:38.803+0800] {dagbag.py:532} INFO - Filling up the DagBag from /home/gerardsho/airflow_env/lib/python3.8/site-packages/airflow/example_dags/example_branch_operator.py
[2023-04-22T02:03:38.816+0800] {processor.py:753} INFO - DAG(s) dict_keys(['example_branch_operator']) retrieved from /home/gerardsho/airflow_env/lib/python3.8/site-packages/airflow/example_dags/example_branch_operator.py
[2023-04-22T02:03:38.832+0800] {logging_mixin.py:137} INFO - [2023-04-22T02:03:38.832+0800] {dag.py:2705} INFO - Sync 1 DAGs
[2023-04-22T02:03:38.848+0800] {logging_mixin.py:137} INFO - [2023-04-22T02:03:38.848+0800] {dag.py:3452} INFO - Setting next_dagrun for example_branch_operator to 2023-04-20T00:00:00+00:00, run_after=2023-04-21T00:00:00+00:00
[2023-04-22T02:03:38.869+0800] {processor.py:175} INFO - Processing /home/gerardsho/airflow_env/lib/python3.8/site-packages/airflow/example_dags/example_branch_operator.py took 0.072 seconds
[2023-04-22T02:04:19.346+0800] {processor.py:153} INFO - Started process (PID=3765) to work on /home/gerardsho/airflow_env/lib/python3.8/site-packages/airflow/example_dags/example_branch_operator.py
[2023-04-22T02:04:19.349+0800] {processor.py:743} INFO - Processing file /home/gerardsho/airflow_env/lib/python3.8/site-packages/airflow/example_dags/example_branch_operator.py for tasks to queue
[2023-04-22T02:04:19.350+0800] {logging_mixin.py:137} INFO - [2023-04-22T02:04:19.350+0800] {dagbag.py:532} INFO - Filling up the DagBag from /home/gerardsho/airflow_env/lib/python3.8/site-packages/airflow/example_dags/example_branch_operator.py
[2023-04-22T02:04:19.361+0800] {processor.py:753} INFO - DAG(s) dict_keys(['example_branch_operator']) retrieved from /home/gerardsho/airflow_env/lib/python3.8/site-packages/airflow/example_dags/example_branch_operator.py
[2023-04-22T02:04:19.375+0800] {logging_mixin.py:137} INFO - [2023-04-22T02:04:19.374+0800] {dag.py:2705} INFO - Sync 1 DAGs
[2023-04-22T02:04:19.387+0800] {logging_mixin.py:137} INFO - [2023-04-22T02:04:19.387+0800] {dag.py:3452} INFO - Setting next_dagrun for example_branch_operator to 2023-04-20T00:00:00+00:00, run_after=2023-04-21T00:00:00+00:00
[2023-04-22T02:04:19.404+0800] {processor.py:175} INFO - Processing /home/gerardsho/airflow_env/lib/python3.8/site-packages/airflow/example_dags/example_branch_operator.py took 0.060 seconds
[2023-04-22T02:04:59.397+0800] {processor.py:153} INFO - Started process (PID=3808) to work on /home/gerardsho/airflow_env/lib/python3.8/site-packages/airflow/example_dags/example_branch_operator.py
[2023-04-22T02:04:59.400+0800] {processor.py:743} INFO - Processing file /home/gerardsho/airflow_env/lib/python3.8/site-packages/airflow/example_dags/example_branch_operator.py for tasks to queue
[2023-04-22T02:04:59.401+0800] {logging_mixin.py:137} INFO - [2023-04-22T02:04:59.400+0800] {dagbag.py:532} INFO - Filling up the DagBag from /home/gerardsho/airflow_env/lib/python3.8/site-packages/airflow/example_dags/example_branch_operator.py
[2023-04-22T02:04:59.410+0800] {processor.py:753} INFO - DAG(s) dict_keys(['example_branch_operator']) retrieved from /home/gerardsho/airflow_env/lib/python3.8/site-packages/airflow/example_dags/example_branch_operator.py
[2023-04-22T02:04:59.422+0800] {logging_mixin.py:137} INFO - [2023-04-22T02:04:59.422+0800] {dag.py:2705} INFO - Sync 1 DAGs
[2023-04-22T02:04:59.433+0800] {logging_mixin.py:137} INFO - [2023-04-22T02:04:59.433+0800] {dag.py:3452} INFO - Setting next_dagrun for example_branch_operator to 2023-04-20T00:00:00+00:00, run_after=2023-04-21T00:00:00+00:00
[2023-04-22T02:04:59.448+0800] {processor.py:175} INFO - Processing /home/gerardsho/airflow_env/lib/python3.8/site-packages/airflow/example_dags/example_branch_operator.py took 0.054 seconds
