[2023-04-22T01:48:58.586+0800] {processor.py:153} INFO - Started process (PID=2757) to work on /home/gerardsho/airflow_env/lib/python3.8/site-packages/airflow/example_dags/example_subdag_operator.py
[2023-04-22T01:48:58.586+0800] {processor.py:743} INFO - Processing file /home/gerardsho/airflow_env/lib/python3.8/site-packages/airflow/example_dags/example_subdag_operator.py for tasks to queue
[2023-04-22T01:48:58.587+0800] {logging_mixin.py:137} INFO - [2023-04-22T01:48:58.587+0800] {dagbag.py:532} INFO - Filling up the DagBag from /home/gerardsho/airflow_env/lib/python3.8/site-packages/airflow/example_dags/example_subdag_operator.py
[2023-04-22T01:48:58.603+0800] {processor.py:753} INFO - DAG(s) dict_keys(['example_subdag_operator.section-1', 'example_subdag_operator.section-2', 'example_subdag_operator']) retrieved from /home/gerardsho/airflow_env/lib/python3.8/site-packages/airflow/example_dags/example_subdag_operator.py
[2023-04-22T01:48:58.689+0800] {logging_mixin.py:137} INFO - [2023-04-22T01:48:58.689+0800] {manager.py:504} INFO - Created Permission View: can edit on DAG:example_subdag_operator
[2023-04-22T01:48:58.700+0800] {logging_mixin.py:137} INFO - [2023-04-22T01:48:58.700+0800] {manager.py:504} INFO - Created Permission View: can delete on DAG:example_subdag_operator
[2023-04-22T01:48:58.708+0800] {logging_mixin.py:137} INFO - [2023-04-22T01:48:58.708+0800] {manager.py:504} INFO - Created Permission View: can read on DAG:example_subdag_operator
[2023-04-22T01:48:58.708+0800] {logging_mixin.py:137} INFO - [2023-04-22T01:48:58.708+0800] {dag.py:2705} INFO - Sync 3 DAGs
[2023-04-22T01:48:58.714+0800] {logging_mixin.py:137} INFO - [2023-04-22T01:48:58.714+0800] {dag.py:2726} INFO - Creating ORM DAG for example_subdag_operator
[2023-04-22T01:48:58.714+0800] {logging_mixin.py:137} INFO - [2023-04-22T01:48:58.714+0800] {dag.py:2726} INFO - Creating ORM DAG for example_subdag_operator.section-2
[2023-04-22T01:48:58.714+0800] {logging_mixin.py:137} INFO - [2023-04-22T01:48:58.714+0800] {dag.py:2726} INFO - Creating ORM DAG for example_subdag_operator.section-1
[2023-04-22T01:48:58.718+0800] {logging_mixin.py:137} INFO - [2023-04-22T01:48:58.718+0800] {dag.py:3452} INFO - Setting next_dagrun for example_subdag_operator to 2022-01-01T00:00:00+00:00, run_after=2022-01-01T00:00:00+00:00
[2023-04-22T01:48:58.719+0800] {logging_mixin.py:137} INFO - [2023-04-22T01:48:58.719+0800] {dag.py:3452} INFO - Setting next_dagrun for example_subdag_operator.section-1 to None, run_after=None
[2023-04-22T01:48:58.719+0800] {logging_mixin.py:137} INFO - [2023-04-22T01:48:58.719+0800] {dag.py:3452} INFO - Setting next_dagrun for example_subdag_operator.section-2 to None, run_after=None
[2023-04-22T01:48:58.722+0800] {logging_mixin.py:137} INFO - [2023-04-22T01:48:58.722+0800] {dag.py:2705} INFO - Sync 2 DAGs
[2023-04-22T01:48:58.724+0800] {logging_mixin.py:137} INFO - [2023-04-22T01:48:58.724+0800] {dag.py:3452} INFO - Setting next_dagrun for example_subdag_operator.section-1 to None, run_after=None
[2023-04-22T01:48:58.726+0800] {logging_mixin.py:137} INFO - [2023-04-22T01:48:58.726+0800] {dag.py:3452} INFO - Setting next_dagrun for example_subdag_operator.section-2 to None, run_after=None
[2023-04-22T01:48:58.750+0800] {processor.py:175} INFO - Processing /home/gerardsho/airflow_env/lib/python3.8/site-packages/airflow/example_dags/example_subdag_operator.py took 0.166 seconds
[2023-04-22T01:49:41.905+0800] {processor.py:153} INFO - Started process (PID=2801) to work on /home/gerardsho/airflow_env/lib/python3.8/site-packages/airflow/example_dags/example_subdag_operator.py
[2023-04-22T01:49:41.908+0800] {processor.py:743} INFO - Processing file /home/gerardsho/airflow_env/lib/python3.8/site-packages/airflow/example_dags/example_subdag_operator.py for tasks to queue
[2023-04-22T01:49:41.909+0800] {logging_mixin.py:137} INFO - [2023-04-22T01:49:41.909+0800] {dagbag.py:532} INFO - Filling up the DagBag from /home/gerardsho/airflow_env/lib/python3.8/site-packages/airflow/example_dags/example_subdag_operator.py
[2023-04-22T01:49:41.924+0800] {processor.py:753} INFO - DAG(s) dict_keys(['example_subdag_operator.section-1', 'example_subdag_operator.section-2', 'example_subdag_operator']) retrieved from /home/gerardsho/airflow_env/lib/python3.8/site-packages/airflow/example_dags/example_subdag_operator.py
[2023-04-22T01:49:41.934+0800] {logging_mixin.py:137} INFO - [2023-04-22T01:49:41.934+0800] {dag.py:2705} INFO - Sync 3 DAGs
[2023-04-22T01:49:41.945+0800] {logging_mixin.py:137} INFO - [2023-04-22T01:49:41.945+0800] {dag.py:3452} INFO - Setting next_dagrun for example_subdag_operator to 2022-01-01T00:00:00+00:00, run_after=2022-01-01T00:00:00+00:00
[2023-04-22T01:49:41.947+0800] {logging_mixin.py:137} INFO - [2023-04-22T01:49:41.947+0800] {dag.py:3452} INFO - Setting next_dagrun for example_subdag_operator.section-1 to None, run_after=None
[2023-04-22T01:49:41.947+0800] {logging_mixin.py:137} INFO - [2023-04-22T01:49:41.947+0800] {dag.py:3452} INFO - Setting next_dagrun for example_subdag_operator.section-2 to None, run_after=None
[2023-04-22T01:49:41.951+0800] {logging_mixin.py:137} INFO - [2023-04-22T01:49:41.951+0800] {dag.py:2705} INFO - Sync 2 DAGs
[2023-04-22T01:49:41.953+0800] {logging_mixin.py:137} INFO - [2023-04-22T01:49:41.953+0800] {dag.py:3452} INFO - Setting next_dagrun for example_subdag_operator.section-1 to None, run_after=None
[2023-04-22T01:49:41.953+0800] {logging_mixin.py:137} INFO - [2023-04-22T01:49:41.953+0800] {dag.py:3452} INFO - Setting next_dagrun for example_subdag_operator.section-2 to None, run_after=None
[2023-04-22T01:49:41.970+0800] {processor.py:175} INFO - Processing /home/gerardsho/airflow_env/lib/python3.8/site-packages/airflow/example_dags/example_subdag_operator.py took 0.067 seconds
[2023-04-22T01:50:18.415+0800] {processor.py:153} INFO - Started process (PID=2845) to work on /home/gerardsho/airflow_env/lib/python3.8/site-packages/airflow/example_dags/example_subdag_operator.py
[2023-04-22T01:50:18.418+0800] {processor.py:743} INFO - Processing file /home/gerardsho/airflow_env/lib/python3.8/site-packages/airflow/example_dags/example_subdag_operator.py for tasks to queue
[2023-04-22T01:50:18.419+0800] {logging_mixin.py:137} INFO - [2023-04-22T01:50:18.419+0800] {dagbag.py:532} INFO - Filling up the DagBag from /home/gerardsho/airflow_env/lib/python3.8/site-packages/airflow/example_dags/example_subdag_operator.py
[2023-04-22T01:50:18.434+0800] {processor.py:753} INFO - DAG(s) dict_keys(['example_subdag_operator.section-1', 'example_subdag_operator.section-2', 'example_subdag_operator']) retrieved from /home/gerardsho/airflow_env/lib/python3.8/site-packages/airflow/example_dags/example_subdag_operator.py
[2023-04-22T01:50:18.444+0800] {logging_mixin.py:137} INFO - [2023-04-22T01:50:18.444+0800] {dag.py:2705} INFO - Sync 3 DAGs
[2023-04-22T01:50:18.455+0800] {logging_mixin.py:137} INFO - [2023-04-22T01:50:18.455+0800] {dag.py:3452} INFO - Setting next_dagrun for example_subdag_operator to 2022-01-01T00:00:00+00:00, run_after=2022-01-01T00:00:00+00:00
[2023-04-22T01:50:18.456+0800] {logging_mixin.py:137} INFO - [2023-04-22T01:50:18.456+0800] {dag.py:3452} INFO - Setting next_dagrun for example_subdag_operator.section-1 to None, run_after=None
[2023-04-22T01:50:18.457+0800] {logging_mixin.py:137} INFO - [2023-04-22T01:50:18.457+0800] {dag.py:3452} INFO - Setting next_dagrun for example_subdag_operator.section-2 to None, run_after=None
[2023-04-22T01:50:18.460+0800] {logging_mixin.py:137} INFO - [2023-04-22T01:50:18.460+0800] {dag.py:2705} INFO - Sync 2 DAGs
[2023-04-22T01:50:18.463+0800] {logging_mixin.py:137} INFO - [2023-04-22T01:50:18.463+0800] {dag.py:3452} INFO - Setting next_dagrun for example_subdag_operator.section-1 to None, run_after=None
[2023-04-22T01:50:18.463+0800] {logging_mixin.py:137} INFO - [2023-04-22T01:50:18.463+0800] {dag.py:3452} INFO - Setting next_dagrun for example_subdag_operator.section-2 to None, run_after=None
[2023-04-22T01:50:18.478+0800] {processor.py:175} INFO - Processing /home/gerardsho/airflow_env/lib/python3.8/site-packages/airflow/example_dags/example_subdag_operator.py took 0.065 seconds
[2023-04-22T01:51:00.789+0800] {processor.py:153} INFO - Started process (PID=2890) to work on /home/gerardsho/airflow_env/lib/python3.8/site-packages/airflow/example_dags/example_subdag_operator.py
[2023-04-22T01:51:00.792+0800] {processor.py:743} INFO - Processing file /home/gerardsho/airflow_env/lib/python3.8/site-packages/airflow/example_dags/example_subdag_operator.py for tasks to queue
[2023-04-22T01:51:00.793+0800] {logging_mixin.py:137} INFO - [2023-04-22T01:51:00.793+0800] {dagbag.py:532} INFO - Filling up the DagBag from /home/gerardsho/airflow_env/lib/python3.8/site-packages/airflow/example_dags/example_subdag_operator.py
[2023-04-22T01:51:00.808+0800] {processor.py:753} INFO - DAG(s) dict_keys(['example_subdag_operator.section-1', 'example_subdag_operator.section-2', 'example_subdag_operator']) retrieved from /home/gerardsho/airflow_env/lib/python3.8/site-packages/airflow/example_dags/example_subdag_operator.py
[2023-04-22T01:51:00.822+0800] {logging_mixin.py:137} INFO - [2023-04-22T01:51:00.822+0800] {dag.py:2705} INFO - Sync 3 DAGs
[2023-04-22T01:51:00.843+0800] {logging_mixin.py:137} INFO - [2023-04-22T01:51:00.843+0800] {dag.py:3452} INFO - Setting next_dagrun for example_subdag_operator to 2022-01-01T00:00:00+00:00, run_after=2022-01-01T00:00:00+00:00
[2023-04-22T01:51:00.846+0800] {logging_mixin.py:137} INFO - [2023-04-22T01:51:00.846+0800] {dag.py:3452} INFO - Setting next_dagrun for example_subdag_operator.section-1 to None, run_after=None
[2023-04-22T01:51:00.846+0800] {logging_mixin.py:137} INFO - [2023-04-22T01:51:00.846+0800] {dag.py:3452} INFO - Setting next_dagrun for example_subdag_operator.section-2 to None, run_after=None
[2023-04-22T01:51:00.853+0800] {logging_mixin.py:137} INFO - [2023-04-22T01:51:00.853+0800] {dag.py:2705} INFO - Sync 2 DAGs
[2023-04-22T01:51:00.858+0800] {logging_mixin.py:137} INFO - [2023-04-22T01:51:00.858+0800] {dag.py:3452} INFO - Setting next_dagrun for example_subdag_operator.section-1 to None, run_after=None
[2023-04-22T01:51:00.859+0800] {logging_mixin.py:137} INFO - [2023-04-22T01:51:00.859+0800] {dag.py:3452} INFO - Setting next_dagrun for example_subdag_operator.section-2 to None, run_after=None
[2023-04-22T01:51:00.873+0800] {processor.py:175} INFO - Processing /home/gerardsho/airflow_env/lib/python3.8/site-packages/airflow/example_dags/example_subdag_operator.py took 0.086 seconds
[2023-04-22T01:51:43.004+0800] {processor.py:153} INFO - Started process (PID=2944) to work on /home/gerardsho/airflow_env/lib/python3.8/site-packages/airflow/example_dags/example_subdag_operator.py
[2023-04-22T01:51:43.007+0800] {processor.py:743} INFO - Processing file /home/gerardsho/airflow_env/lib/python3.8/site-packages/airflow/example_dags/example_subdag_operator.py for tasks to queue
[2023-04-22T01:51:43.008+0800] {logging_mixin.py:137} INFO - [2023-04-22T01:51:43.008+0800] {dagbag.py:532} INFO - Filling up the DagBag from /home/gerardsho/airflow_env/lib/python3.8/site-packages/airflow/example_dags/example_subdag_operator.py
[2023-04-22T01:51:43.023+0800] {processor.py:753} INFO - DAG(s) dict_keys(['example_subdag_operator.section-1', 'example_subdag_operator.section-2', 'example_subdag_operator']) retrieved from /home/gerardsho/airflow_env/lib/python3.8/site-packages/airflow/example_dags/example_subdag_operator.py
[2023-04-22T01:51:43.033+0800] {logging_mixin.py:137} INFO - [2023-04-22T01:51:43.033+0800] {dag.py:2705} INFO - Sync 3 DAGs
[2023-04-22T01:51:43.044+0800] {logging_mixin.py:137} INFO - [2023-04-22T01:51:43.044+0800] {dag.py:3452} INFO - Setting next_dagrun for example_subdag_operator to 2022-01-01T00:00:00+00:00, run_after=2022-01-01T00:00:00+00:00
[2023-04-22T01:51:43.046+0800] {logging_mixin.py:137} INFO - [2023-04-22T01:51:43.046+0800] {dag.py:3452} INFO - Setting next_dagrun for example_subdag_operator.section-1 to None, run_after=None
[2023-04-22T01:51:43.047+0800] {logging_mixin.py:137} INFO - [2023-04-22T01:51:43.046+0800] {dag.py:3452} INFO - Setting next_dagrun for example_subdag_operator.section-2 to None, run_after=None
[2023-04-22T01:51:43.050+0800] {logging_mixin.py:137} INFO - [2023-04-22T01:51:43.050+0800] {dag.py:2705} INFO - Sync 2 DAGs
[2023-04-22T01:51:43.052+0800] {logging_mixin.py:137} INFO - [2023-04-22T01:51:43.052+0800] {dag.py:3452} INFO - Setting next_dagrun for example_subdag_operator.section-1 to None, run_after=None
[2023-04-22T01:51:43.053+0800] {logging_mixin.py:137} INFO - [2023-04-22T01:51:43.052+0800] {dag.py:3452} INFO - Setting next_dagrun for example_subdag_operator.section-2 to None, run_after=None
[2023-04-22T01:51:43.066+0800] {processor.py:175} INFO - Processing /home/gerardsho/airflow_env/lib/python3.8/site-packages/airflow/example_dags/example_subdag_operator.py took 0.066 seconds
[2023-04-22T01:52:24.028+0800] {processor.py:153} INFO - Started process (PID=2994) to work on /home/gerardsho/airflow_env/lib/python3.8/site-packages/airflow/example_dags/example_subdag_operator.py
[2023-04-22T01:52:24.029+0800] {processor.py:743} INFO - Processing file /home/gerardsho/airflow_env/lib/python3.8/site-packages/airflow/example_dags/example_subdag_operator.py for tasks to queue
[2023-04-22T01:52:24.030+0800] {logging_mixin.py:137} INFO - [2023-04-22T01:52:24.030+0800] {dagbag.py:532} INFO - Filling up the DagBag from /home/gerardsho/airflow_env/lib/python3.8/site-packages/airflow/example_dags/example_subdag_operator.py
[2023-04-22T01:52:24.045+0800] {processor.py:753} INFO - DAG(s) dict_keys(['example_subdag_operator.section-1', 'example_subdag_operator.section-2', 'example_subdag_operator']) retrieved from /home/gerardsho/airflow_env/lib/python3.8/site-packages/airflow/example_dags/example_subdag_operator.py
[2023-04-22T01:52:24.055+0800] {logging_mixin.py:137} INFO - [2023-04-22T01:52:24.055+0800] {dag.py:2705} INFO - Sync 3 DAGs
[2023-04-22T01:52:24.066+0800] {logging_mixin.py:137} INFO - [2023-04-22T01:52:24.065+0800] {dag.py:3452} INFO - Setting next_dagrun for example_subdag_operator to 2022-01-01T00:00:00+00:00, run_after=2022-01-01T00:00:00+00:00
[2023-04-22T01:52:24.067+0800] {logging_mixin.py:137} INFO - [2023-04-22T01:52:24.067+0800] {dag.py:3452} INFO - Setting next_dagrun for example_subdag_operator.section-1 to None, run_after=None
[2023-04-22T01:52:24.067+0800] {logging_mixin.py:137} INFO - [2023-04-22T01:52:24.067+0800] {dag.py:3452} INFO - Setting next_dagrun for example_subdag_operator.section-2 to None, run_after=None
[2023-04-22T01:52:24.070+0800] {logging_mixin.py:137} INFO - [2023-04-22T01:52:24.070+0800] {dag.py:2705} INFO - Sync 2 DAGs
[2023-04-22T01:52:24.073+0800] {logging_mixin.py:137} INFO - [2023-04-22T01:52:24.072+0800] {dag.py:3452} INFO - Setting next_dagrun for example_subdag_operator.section-1 to None, run_after=None
[2023-04-22T01:52:24.073+0800] {logging_mixin.py:137} INFO - [2023-04-22T01:52:24.073+0800] {dag.py:3452} INFO - Setting next_dagrun for example_subdag_operator.section-2 to None, run_after=None
[2023-04-22T01:52:24.086+0800] {processor.py:175} INFO - Processing /home/gerardsho/airflow_env/lib/python3.8/site-packages/airflow/example_dags/example_subdag_operator.py took 0.059 seconds
[2023-04-22T01:53:05.201+0800] {processor.py:153} INFO - Started process (PID=3036) to work on /home/gerardsho/airflow_env/lib/python3.8/site-packages/airflow/example_dags/example_subdag_operator.py
[2023-04-22T01:53:05.204+0800] {processor.py:743} INFO - Processing file /home/gerardsho/airflow_env/lib/python3.8/site-packages/airflow/example_dags/example_subdag_operator.py for tasks to queue
[2023-04-22T01:53:05.205+0800] {logging_mixin.py:137} INFO - [2023-04-22T01:53:05.205+0800] {dagbag.py:532} INFO - Filling up the DagBag from /home/gerardsho/airflow_env/lib/python3.8/site-packages/airflow/example_dags/example_subdag_operator.py
[2023-04-22T01:53:05.224+0800] {processor.py:753} INFO - DAG(s) dict_keys(['example_subdag_operator.section-1', 'example_subdag_operator.section-2', 'example_subdag_operator']) retrieved from /home/gerardsho/airflow_env/lib/python3.8/site-packages/airflow/example_dags/example_subdag_operator.py
[2023-04-22T01:53:05.236+0800] {logging_mixin.py:137} INFO - [2023-04-22T01:53:05.235+0800] {dag.py:2705} INFO - Sync 3 DAGs
[2023-04-22T01:53:05.248+0800] {logging_mixin.py:137} INFO - [2023-04-22T01:53:05.248+0800] {dag.py:3452} INFO - Setting next_dagrun for example_subdag_operator to 2022-01-01T00:00:00+00:00, run_after=2022-01-01T00:00:00+00:00
[2023-04-22T01:53:05.249+0800] {logging_mixin.py:137} INFO - [2023-04-22T01:53:05.249+0800] {dag.py:3452} INFO - Setting next_dagrun for example_subdag_operator.section-1 to None, run_after=None
[2023-04-22T01:53:05.250+0800] {logging_mixin.py:137} INFO - [2023-04-22T01:53:05.250+0800] {dag.py:3452} INFO - Setting next_dagrun for example_subdag_operator.section-2 to None, run_after=None
[2023-04-22T01:53:05.253+0800] {logging_mixin.py:137} INFO - [2023-04-22T01:53:05.253+0800] {dag.py:2705} INFO - Sync 2 DAGs
[2023-04-22T01:53:05.257+0800] {logging_mixin.py:137} INFO - [2023-04-22T01:53:05.256+0800] {dag.py:3452} INFO - Setting next_dagrun for example_subdag_operator.section-1 to None, run_after=None
[2023-04-22T01:53:05.257+0800] {logging_mixin.py:137} INFO - [2023-04-22T01:53:05.257+0800] {dag.py:3452} INFO - Setting next_dagrun for example_subdag_operator.section-2 to None, run_after=None
[2023-04-22T01:53:05.271+0800] {processor.py:175} INFO - Processing /home/gerardsho/airflow_env/lib/python3.8/site-packages/airflow/example_dags/example_subdag_operator.py took 0.071 seconds
[2023-04-22T01:53:44.119+0800] {processor.py:153} INFO - Started process (PID=3078) to work on /home/gerardsho/airflow_env/lib/python3.8/site-packages/airflow/example_dags/example_subdag_operator.py
[2023-04-22T01:53:44.123+0800] {processor.py:743} INFO - Processing file /home/gerardsho/airflow_env/lib/python3.8/site-packages/airflow/example_dags/example_subdag_operator.py for tasks to queue
[2023-04-22T01:53:44.123+0800] {logging_mixin.py:137} INFO - [2023-04-22T01:53:44.123+0800] {dagbag.py:532} INFO - Filling up the DagBag from /home/gerardsho/airflow_env/lib/python3.8/site-packages/airflow/example_dags/example_subdag_operator.py
[2023-04-22T01:53:44.137+0800] {processor.py:753} INFO - DAG(s) dict_keys(['example_subdag_operator.section-1', 'example_subdag_operator.section-2', 'example_subdag_operator']) retrieved from /home/gerardsho/airflow_env/lib/python3.8/site-packages/airflow/example_dags/example_subdag_operator.py
[2023-04-22T01:53:44.148+0800] {logging_mixin.py:137} INFO - [2023-04-22T01:53:44.148+0800] {dag.py:2705} INFO - Sync 3 DAGs
[2023-04-22T01:53:44.158+0800] {logging_mixin.py:137} INFO - [2023-04-22T01:53:44.158+0800] {dag.py:3452} INFO - Setting next_dagrun for example_subdag_operator to 2022-01-01T00:00:00+00:00, run_after=2022-01-01T00:00:00+00:00
[2023-04-22T01:53:44.159+0800] {logging_mixin.py:137} INFO - [2023-04-22T01:53:44.159+0800] {dag.py:3452} INFO - Setting next_dagrun for example_subdag_operator.section-1 to None, run_after=None
[2023-04-22T01:53:44.160+0800] {logging_mixin.py:137} INFO - [2023-04-22T01:53:44.160+0800] {dag.py:3452} INFO - Setting next_dagrun for example_subdag_operator.section-2 to None, run_after=None
[2023-04-22T01:53:44.163+0800] {logging_mixin.py:137} INFO - [2023-04-22T01:53:44.162+0800] {dag.py:2705} INFO - Sync 2 DAGs
[2023-04-22T01:53:44.165+0800] {logging_mixin.py:137} INFO - [2023-04-22T01:53:44.164+0800] {dag.py:3452} INFO - Setting next_dagrun for example_subdag_operator.section-1 to None, run_after=None
[2023-04-22T01:53:44.165+0800] {logging_mixin.py:137} INFO - [2023-04-22T01:53:44.165+0800] {dag.py:3452} INFO - Setting next_dagrun for example_subdag_operator.section-2 to None, run_after=None
[2023-04-22T01:53:44.180+0800] {processor.py:175} INFO - Processing /home/gerardsho/airflow_env/lib/python3.8/site-packages/airflow/example_dags/example_subdag_operator.py took 0.063 seconds
[2023-04-22T01:54:24.556+0800] {processor.py:153} INFO - Started process (PID=3122) to work on /home/gerardsho/airflow_env/lib/python3.8/site-packages/airflow/example_dags/example_subdag_operator.py
[2023-04-22T01:54:24.559+0800] {processor.py:743} INFO - Processing file /home/gerardsho/airflow_env/lib/python3.8/site-packages/airflow/example_dags/example_subdag_operator.py for tasks to queue
[2023-04-22T01:54:24.560+0800] {logging_mixin.py:137} INFO - [2023-04-22T01:54:24.560+0800] {dagbag.py:532} INFO - Filling up the DagBag from /home/gerardsho/airflow_env/lib/python3.8/site-packages/airflow/example_dags/example_subdag_operator.py
[2023-04-22T01:54:24.574+0800] {processor.py:753} INFO - DAG(s) dict_keys(['example_subdag_operator.section-1', 'example_subdag_operator.section-2', 'example_subdag_operator']) retrieved from /home/gerardsho/airflow_env/lib/python3.8/site-packages/airflow/example_dags/example_subdag_operator.py
[2023-04-22T01:54:24.584+0800] {logging_mixin.py:137} INFO - [2023-04-22T01:54:24.584+0800] {dag.py:2705} INFO - Sync 3 DAGs
[2023-04-22T01:54:24.595+0800] {logging_mixin.py:137} INFO - [2023-04-22T01:54:24.594+0800] {dag.py:3452} INFO - Setting next_dagrun for example_subdag_operator to 2022-01-01T00:00:00+00:00, run_after=2022-01-01T00:00:00+00:00
[2023-04-22T01:54:24.596+0800] {logging_mixin.py:137} INFO - [2023-04-22T01:54:24.596+0800] {dag.py:3452} INFO - Setting next_dagrun for example_subdag_operator.section-1 to None, run_after=None
[2023-04-22T01:54:24.596+0800] {logging_mixin.py:137} INFO - [2023-04-22T01:54:24.596+0800] {dag.py:3452} INFO - Setting next_dagrun for example_subdag_operator.section-2 to None, run_after=None
[2023-04-22T01:54:24.599+0800] {logging_mixin.py:137} INFO - [2023-04-22T01:54:24.599+0800] {dag.py:2705} INFO - Sync 2 DAGs
[2023-04-22T01:54:24.601+0800] {logging_mixin.py:137} INFO - [2023-04-22T01:54:24.601+0800] {dag.py:3452} INFO - Setting next_dagrun for example_subdag_operator.section-1 to None, run_after=None
[2023-04-22T01:54:24.601+0800] {logging_mixin.py:137} INFO - [2023-04-22T01:54:24.601+0800] {dag.py:3452} INFO - Setting next_dagrun for example_subdag_operator.section-2 to None, run_after=None
[2023-04-22T01:54:24.617+0800] {processor.py:175} INFO - Processing /home/gerardsho/airflow_env/lib/python3.8/site-packages/airflow/example_dags/example_subdag_operator.py took 0.063 seconds
[2023-04-22T01:55:06.327+0800] {processor.py:153} INFO - Started process (PID=3168) to work on /home/gerardsho/airflow_env/lib/python3.8/site-packages/airflow/example_dags/example_subdag_operator.py
[2023-04-22T01:55:06.330+0800] {processor.py:743} INFO - Processing file /home/gerardsho/airflow_env/lib/python3.8/site-packages/airflow/example_dags/example_subdag_operator.py for tasks to queue
[2023-04-22T01:55:06.331+0800] {logging_mixin.py:137} INFO - [2023-04-22T01:55:06.331+0800] {dagbag.py:532} INFO - Filling up the DagBag from /home/gerardsho/airflow_env/lib/python3.8/site-packages/airflow/example_dags/example_subdag_operator.py
[2023-04-22T01:55:06.354+0800] {processor.py:753} INFO - DAG(s) dict_keys(['example_subdag_operator.section-1', 'example_subdag_operator.section-2', 'example_subdag_operator']) retrieved from /home/gerardsho/airflow_env/lib/python3.8/site-packages/airflow/example_dags/example_subdag_operator.py
[2023-04-22T01:55:06.368+0800] {logging_mixin.py:137} INFO - [2023-04-22T01:55:06.368+0800] {dag.py:2705} INFO - Sync 3 DAGs
[2023-04-22T01:55:06.381+0800] {logging_mixin.py:137} INFO - [2023-04-22T01:55:06.381+0800] {dag.py:3452} INFO - Setting next_dagrun for example_subdag_operator to 2022-01-01T00:00:00+00:00, run_after=2022-01-01T00:00:00+00:00
[2023-04-22T01:55:06.382+0800] {logging_mixin.py:137} INFO - [2023-04-22T01:55:06.382+0800] {dag.py:3452} INFO - Setting next_dagrun for example_subdag_operator.section-1 to None, run_after=None
[2023-04-22T01:55:06.383+0800] {logging_mixin.py:137} INFO - [2023-04-22T01:55:06.383+0800] {dag.py:3452} INFO - Setting next_dagrun for example_subdag_operator.section-2 to None, run_after=None
[2023-04-22T01:55:06.386+0800] {logging_mixin.py:137} INFO - [2023-04-22T01:55:06.386+0800] {dag.py:2705} INFO - Sync 2 DAGs
[2023-04-22T01:55:06.390+0800] {logging_mixin.py:137} INFO - [2023-04-22T01:55:06.390+0800] {dag.py:3452} INFO - Setting next_dagrun for example_subdag_operator.section-1 to None, run_after=None
[2023-04-22T01:55:06.390+0800] {logging_mixin.py:137} INFO - [2023-04-22T01:55:06.390+0800] {dag.py:3452} INFO - Setting next_dagrun for example_subdag_operator.section-2 to None, run_after=None
[2023-04-22T01:55:06.405+0800] {processor.py:175} INFO - Processing /home/gerardsho/airflow_env/lib/python3.8/site-packages/airflow/example_dags/example_subdag_operator.py took 0.080 seconds
[2023-04-22T01:55:46.790+0800] {processor.py:153} INFO - Started process (PID=3213) to work on /home/gerardsho/airflow_env/lib/python3.8/site-packages/airflow/example_dags/example_subdag_operator.py
[2023-04-22T01:55:46.793+0800] {processor.py:743} INFO - Processing file /home/gerardsho/airflow_env/lib/python3.8/site-packages/airflow/example_dags/example_subdag_operator.py for tasks to queue
[2023-04-22T01:55:46.794+0800] {logging_mixin.py:137} INFO - [2023-04-22T01:55:46.794+0800] {dagbag.py:532} INFO - Filling up the DagBag from /home/gerardsho/airflow_env/lib/python3.8/site-packages/airflow/example_dags/example_subdag_operator.py
[2023-04-22T01:55:46.810+0800] {processor.py:753} INFO - DAG(s) dict_keys(['example_subdag_operator.section-1', 'example_subdag_operator.section-2', 'example_subdag_operator']) retrieved from /home/gerardsho/airflow_env/lib/python3.8/site-packages/airflow/example_dags/example_subdag_operator.py
[2023-04-22T01:55:46.823+0800] {logging_mixin.py:137} INFO - [2023-04-22T01:55:46.823+0800] {dag.py:2705} INFO - Sync 3 DAGs
[2023-04-22T01:55:46.835+0800] {logging_mixin.py:137} INFO - [2023-04-22T01:55:46.835+0800] {dag.py:3452} INFO - Setting next_dagrun for example_subdag_operator to 2022-01-01T00:00:00+00:00, run_after=2022-01-01T00:00:00+00:00
[2023-04-22T01:55:46.837+0800] {logging_mixin.py:137} INFO - [2023-04-22T01:55:46.836+0800] {dag.py:3452} INFO - Setting next_dagrun for example_subdag_operator.section-1 to None, run_after=None
[2023-04-22T01:55:46.837+0800] {logging_mixin.py:137} INFO - [2023-04-22T01:55:46.837+0800] {dag.py:3452} INFO - Setting next_dagrun for example_subdag_operator.section-2 to None, run_after=None
[2023-04-22T01:55:46.840+0800] {logging_mixin.py:137} INFO - [2023-04-22T01:55:46.840+0800] {dag.py:2705} INFO - Sync 2 DAGs
[2023-04-22T01:55:46.842+0800] {logging_mixin.py:137} INFO - [2023-04-22T01:55:46.842+0800] {dag.py:3452} INFO - Setting next_dagrun for example_subdag_operator.section-1 to None, run_after=None
[2023-04-22T01:55:46.843+0800] {logging_mixin.py:137} INFO - [2023-04-22T01:55:46.842+0800] {dag.py:3452} INFO - Setting next_dagrun for example_subdag_operator.section-2 to None, run_after=None
[2023-04-22T01:55:46.856+0800] {processor.py:175} INFO - Processing /home/gerardsho/airflow_env/lib/python3.8/site-packages/airflow/example_dags/example_subdag_operator.py took 0.068 seconds
[2023-04-22T01:56:27.883+0800] {processor.py:153} INFO - Started process (PID=3259) to work on /home/gerardsho/airflow_env/lib/python3.8/site-packages/airflow/example_dags/example_subdag_operator.py
[2023-04-22T01:56:27.887+0800] {processor.py:743} INFO - Processing file /home/gerardsho/airflow_env/lib/python3.8/site-packages/airflow/example_dags/example_subdag_operator.py for tasks to queue
[2023-04-22T01:56:27.887+0800] {logging_mixin.py:137} INFO - [2023-04-22T01:56:27.887+0800] {dagbag.py:532} INFO - Filling up the DagBag from /home/gerardsho/airflow_env/lib/python3.8/site-packages/airflow/example_dags/example_subdag_operator.py
[2023-04-22T01:56:27.902+0800] {processor.py:753} INFO - DAG(s) dict_keys(['example_subdag_operator.section-1', 'example_subdag_operator.section-2', 'example_subdag_operator']) retrieved from /home/gerardsho/airflow_env/lib/python3.8/site-packages/airflow/example_dags/example_subdag_operator.py
[2023-04-22T01:56:27.911+0800] {logging_mixin.py:137} INFO - [2023-04-22T01:56:27.911+0800] {dag.py:2705} INFO - Sync 3 DAGs
[2023-04-22T01:56:27.921+0800] {logging_mixin.py:137} INFO - [2023-04-22T01:56:27.921+0800] {dag.py:3452} INFO - Setting next_dagrun for example_subdag_operator to 2022-01-01T00:00:00+00:00, run_after=2022-01-01T00:00:00+00:00
[2023-04-22T01:56:27.923+0800] {logging_mixin.py:137} INFO - [2023-04-22T01:56:27.922+0800] {dag.py:3452} INFO - Setting next_dagrun for example_subdag_operator.section-1 to None, run_after=None
[2023-04-22T01:56:27.923+0800] {logging_mixin.py:137} INFO - [2023-04-22T01:56:27.923+0800] {dag.py:3452} INFO - Setting next_dagrun for example_subdag_operator.section-2 to None, run_after=None
[2023-04-22T01:56:27.926+0800] {logging_mixin.py:137} INFO - [2023-04-22T01:56:27.926+0800] {dag.py:2705} INFO - Sync 2 DAGs
[2023-04-22T01:56:27.928+0800] {logging_mixin.py:137} INFO - [2023-04-22T01:56:27.928+0800] {dag.py:3452} INFO - Setting next_dagrun for example_subdag_operator.section-1 to None, run_after=None
[2023-04-22T01:56:27.928+0800] {logging_mixin.py:137} INFO - [2023-04-22T01:56:27.928+0800] {dag.py:3452} INFO - Setting next_dagrun for example_subdag_operator.section-2 to None, run_after=None
[2023-04-22T01:56:27.942+0800] {processor.py:175} INFO - Processing /home/gerardsho/airflow_env/lib/python3.8/site-packages/airflow/example_dags/example_subdag_operator.py took 0.061 seconds
[2023-04-22T01:57:07.849+0800] {processor.py:153} INFO - Started process (PID=3305) to work on /home/gerardsho/airflow_env/lib/python3.8/site-packages/airflow/example_dags/example_subdag_operator.py
[2023-04-22T01:57:07.850+0800] {processor.py:743} INFO - Processing file /home/gerardsho/airflow_env/lib/python3.8/site-packages/airflow/example_dags/example_subdag_operator.py for tasks to queue
[2023-04-22T01:57:07.851+0800] {logging_mixin.py:137} INFO - [2023-04-22T01:57:07.851+0800] {dagbag.py:532} INFO - Filling up the DagBag from /home/gerardsho/airflow_env/lib/python3.8/site-packages/airflow/example_dags/example_subdag_operator.py
[2023-04-22T01:57:07.868+0800] {processor.py:753} INFO - DAG(s) dict_keys(['example_subdag_operator.section-1', 'example_subdag_operator.section-2', 'example_subdag_operator']) retrieved from /home/gerardsho/airflow_env/lib/python3.8/site-packages/airflow/example_dags/example_subdag_operator.py
[2023-04-22T01:57:07.882+0800] {logging_mixin.py:137} INFO - [2023-04-22T01:57:07.882+0800] {dag.py:2705} INFO - Sync 3 DAGs
[2023-04-22T01:57:07.897+0800] {logging_mixin.py:137} INFO - [2023-04-22T01:57:07.897+0800] {dag.py:3452} INFO - Setting next_dagrun for example_subdag_operator to 2022-01-01T00:00:00+00:00, run_after=2022-01-01T00:00:00+00:00
[2023-04-22T01:57:07.900+0800] {logging_mixin.py:137} INFO - [2023-04-22T01:57:07.899+0800] {dag.py:3452} INFO - Setting next_dagrun for example_subdag_operator.section-1 to None, run_after=None
[2023-04-22T01:57:07.900+0800] {logging_mixin.py:137} INFO - [2023-04-22T01:57:07.900+0800] {dag.py:3452} INFO - Setting next_dagrun for example_subdag_operator.section-2 to None, run_after=None
[2023-04-22T01:57:07.905+0800] {logging_mixin.py:137} INFO - [2023-04-22T01:57:07.905+0800] {dag.py:2705} INFO - Sync 2 DAGs
[2023-04-22T01:57:07.908+0800] {logging_mixin.py:137} INFO - [2023-04-22T01:57:07.908+0800] {dag.py:3452} INFO - Setting next_dagrun for example_subdag_operator.section-1 to None, run_after=None
[2023-04-22T01:57:07.908+0800] {logging_mixin.py:137} INFO - [2023-04-22T01:57:07.908+0800] {dag.py:3452} INFO - Setting next_dagrun for example_subdag_operator.section-2 to None, run_after=None
[2023-04-22T01:57:07.922+0800] {processor.py:175} INFO - Processing /home/gerardsho/airflow_env/lib/python3.8/site-packages/airflow/example_dags/example_subdag_operator.py took 0.077 seconds
[2023-04-22T01:57:48.997+0800] {processor.py:153} INFO - Started process (PID=3353) to work on /home/gerardsho/airflow_env/lib/python3.8/site-packages/airflow/example_dags/example_subdag_operator.py
[2023-04-22T01:57:48.998+0800] {processor.py:743} INFO - Processing file /home/gerardsho/airflow_env/lib/python3.8/site-packages/airflow/example_dags/example_subdag_operator.py for tasks to queue
[2023-04-22T01:57:48.999+0800] {logging_mixin.py:137} INFO - [2023-04-22T01:57:48.999+0800] {dagbag.py:532} INFO - Filling up the DagBag from /home/gerardsho/airflow_env/lib/python3.8/site-packages/airflow/example_dags/example_subdag_operator.py
[2023-04-22T01:57:49.017+0800] {processor.py:753} INFO - DAG(s) dict_keys(['example_subdag_operator.section-1', 'example_subdag_operator.section-2', 'example_subdag_operator']) retrieved from /home/gerardsho/airflow_env/lib/python3.8/site-packages/airflow/example_dags/example_subdag_operator.py
[2023-04-22T01:57:49.028+0800] {logging_mixin.py:137} INFO - [2023-04-22T01:57:49.028+0800] {dag.py:2705} INFO - Sync 3 DAGs
[2023-04-22T01:57:49.040+0800] {logging_mixin.py:137} INFO - [2023-04-22T01:57:49.040+0800] {dag.py:3452} INFO - Setting next_dagrun for example_subdag_operator to 2022-01-01T00:00:00+00:00, run_after=2022-01-01T00:00:00+00:00
[2023-04-22T01:57:49.043+0800] {logging_mixin.py:137} INFO - [2023-04-22T01:57:49.043+0800] {dag.py:3452} INFO - Setting next_dagrun for example_subdag_operator.section-1 to None, run_after=None
[2023-04-22T01:57:49.043+0800] {logging_mixin.py:137} INFO - [2023-04-22T01:57:49.043+0800] {dag.py:3452} INFO - Setting next_dagrun for example_subdag_operator.section-2 to None, run_after=None
[2023-04-22T01:57:49.046+0800] {logging_mixin.py:137} INFO - [2023-04-22T01:57:49.046+0800] {dag.py:2705} INFO - Sync 2 DAGs
[2023-04-22T01:57:49.048+0800] {logging_mixin.py:137} INFO - [2023-04-22T01:57:49.048+0800] {dag.py:3452} INFO - Setting next_dagrun for example_subdag_operator.section-1 to None, run_after=None
[2023-04-22T01:57:49.049+0800] {logging_mixin.py:137} INFO - [2023-04-22T01:57:49.049+0800] {dag.py:3452} INFO - Setting next_dagrun for example_subdag_operator.section-2 to None, run_after=None
[2023-04-22T01:57:49.062+0800] {processor.py:175} INFO - Processing /home/gerardsho/airflow_env/lib/python3.8/site-packages/airflow/example_dags/example_subdag_operator.py took 0.067 seconds
[2023-04-22T01:58:29.268+0800] {processor.py:153} INFO - Started process (PID=3399) to work on /home/gerardsho/airflow_env/lib/python3.8/site-packages/airflow/example_dags/example_subdag_operator.py
[2023-04-22T01:58:29.271+0800] {processor.py:743} INFO - Processing file /home/gerardsho/airflow_env/lib/python3.8/site-packages/airflow/example_dags/example_subdag_operator.py for tasks to queue
[2023-04-22T01:58:29.272+0800] {logging_mixin.py:137} INFO - [2023-04-22T01:58:29.272+0800] {dagbag.py:532} INFO - Filling up the DagBag from /home/gerardsho/airflow_env/lib/python3.8/site-packages/airflow/example_dags/example_subdag_operator.py
[2023-04-22T01:58:29.315+0800] {processor.py:753} INFO - DAG(s) dict_keys(['example_subdag_operator.section-1', 'example_subdag_operator.section-2', 'example_subdag_operator']) retrieved from /home/gerardsho/airflow_env/lib/python3.8/site-packages/airflow/example_dags/example_subdag_operator.py
[2023-04-22T01:58:29.333+0800] {logging_mixin.py:137} INFO - [2023-04-22T01:58:29.333+0800] {dag.py:2705} INFO - Sync 3 DAGs
[2023-04-22T01:58:29.349+0800] {logging_mixin.py:137} INFO - [2023-04-22T01:58:29.348+0800] {dag.py:3452} INFO - Setting next_dagrun for example_subdag_operator to 2022-01-01T00:00:00+00:00, run_after=2022-01-01T00:00:00+00:00
[2023-04-22T01:58:29.350+0800] {logging_mixin.py:137} INFO - [2023-04-22T01:58:29.350+0800] {dag.py:3452} INFO - Setting next_dagrun for example_subdag_operator.section-1 to None, run_after=None
[2023-04-22T01:58:29.351+0800] {logging_mixin.py:137} INFO - [2023-04-22T01:58:29.351+0800] {dag.py:3452} INFO - Setting next_dagrun for example_subdag_operator.section-2 to None, run_after=None
[2023-04-22T01:58:29.355+0800] {logging_mixin.py:137} INFO - [2023-04-22T01:58:29.355+0800] {dag.py:2705} INFO - Sync 2 DAGs
[2023-04-22T01:58:29.357+0800] {logging_mixin.py:137} INFO - [2023-04-22T01:58:29.357+0800] {dag.py:3452} INFO - Setting next_dagrun for example_subdag_operator.section-1 to None, run_after=None
[2023-04-22T01:58:29.358+0800] {logging_mixin.py:137} INFO - [2023-04-22T01:58:29.358+0800] {dag.py:3452} INFO - Setting next_dagrun for example_subdag_operator.section-2 to None, run_after=None
[2023-04-22T01:58:29.377+0800] {processor.py:175} INFO - Processing /home/gerardsho/airflow_env/lib/python3.8/site-packages/airflow/example_dags/example_subdag_operator.py took 0.111 seconds
[2023-04-22T01:59:10.363+0800] {processor.py:153} INFO - Started process (PID=3441) to work on /home/gerardsho/airflow_env/lib/python3.8/site-packages/airflow/example_dags/example_subdag_operator.py
[2023-04-22T01:59:10.368+0800] {processor.py:743} INFO - Processing file /home/gerardsho/airflow_env/lib/python3.8/site-packages/airflow/example_dags/example_subdag_operator.py for tasks to queue
[2023-04-22T01:59:10.369+0800] {logging_mixin.py:137} INFO - [2023-04-22T01:59:10.369+0800] {dagbag.py:532} INFO - Filling up the DagBag from /home/gerardsho/airflow_env/lib/python3.8/site-packages/airflow/example_dags/example_subdag_operator.py
[2023-04-22T01:59:10.385+0800] {processor.py:753} INFO - DAG(s) dict_keys(['example_subdag_operator.section-1', 'example_subdag_operator.section-2', 'example_subdag_operator']) retrieved from /home/gerardsho/airflow_env/lib/python3.8/site-packages/airflow/example_dags/example_subdag_operator.py
[2023-04-22T01:59:10.396+0800] {logging_mixin.py:137} INFO - [2023-04-22T01:59:10.396+0800] {dag.py:2705} INFO - Sync 3 DAGs
[2023-04-22T01:59:10.406+0800] {logging_mixin.py:137} INFO - [2023-04-22T01:59:10.406+0800] {dag.py:3452} INFO - Setting next_dagrun for example_subdag_operator to 2022-01-01T00:00:00+00:00, run_after=2022-01-01T00:00:00+00:00
[2023-04-22T01:59:10.407+0800] {logging_mixin.py:137} INFO - [2023-04-22T01:59:10.407+0800] {dag.py:3452} INFO - Setting next_dagrun for example_subdag_operator.section-1 to None, run_after=None
[2023-04-22T01:59:10.408+0800] {logging_mixin.py:137} INFO - [2023-04-22T01:59:10.408+0800] {dag.py:3452} INFO - Setting next_dagrun for example_subdag_operator.section-2 to None, run_after=None
[2023-04-22T01:59:10.410+0800] {logging_mixin.py:137} INFO - [2023-04-22T01:59:10.410+0800] {dag.py:2705} INFO - Sync 2 DAGs
[2023-04-22T01:59:10.412+0800] {logging_mixin.py:137} INFO - [2023-04-22T01:59:10.412+0800] {dag.py:3452} INFO - Setting next_dagrun for example_subdag_operator.section-1 to None, run_after=None
[2023-04-22T01:59:10.413+0800] {logging_mixin.py:137} INFO - [2023-04-22T01:59:10.413+0800] {dag.py:3452} INFO - Setting next_dagrun for example_subdag_operator.section-2 to None, run_after=None
[2023-04-22T01:59:10.429+0800] {processor.py:175} INFO - Processing /home/gerardsho/airflow_env/lib/python3.8/site-packages/airflow/example_dags/example_subdag_operator.py took 0.070 seconds
[2023-04-22T01:59:49.278+0800] {processor.py:153} INFO - Started process (PID=3483) to work on /home/gerardsho/airflow_env/lib/python3.8/site-packages/airflow/example_dags/example_subdag_operator.py
[2023-04-22T01:59:49.281+0800] {processor.py:743} INFO - Processing file /home/gerardsho/airflow_env/lib/python3.8/site-packages/airflow/example_dags/example_subdag_operator.py for tasks to queue
[2023-04-22T01:59:49.282+0800] {logging_mixin.py:137} INFO - [2023-04-22T01:59:49.281+0800] {dagbag.py:532} INFO - Filling up the DagBag from /home/gerardsho/airflow_env/lib/python3.8/site-packages/airflow/example_dags/example_subdag_operator.py
[2023-04-22T01:59:49.297+0800] {processor.py:753} INFO - DAG(s) dict_keys(['example_subdag_operator.section-1', 'example_subdag_operator.section-2', 'example_subdag_operator']) retrieved from /home/gerardsho/airflow_env/lib/python3.8/site-packages/airflow/example_dags/example_subdag_operator.py
[2023-04-22T01:59:49.307+0800] {logging_mixin.py:137} INFO - [2023-04-22T01:59:49.307+0800] {dag.py:2705} INFO - Sync 3 DAGs
[2023-04-22T01:59:49.317+0800] {logging_mixin.py:137} INFO - [2023-04-22T01:59:49.316+0800] {dag.py:3452} INFO - Setting next_dagrun for example_subdag_operator to 2022-01-01T00:00:00+00:00, run_after=2022-01-01T00:00:00+00:00
[2023-04-22T01:59:49.318+0800] {logging_mixin.py:137} INFO - [2023-04-22T01:59:49.318+0800] {dag.py:3452} INFO - Setting next_dagrun for example_subdag_operator.section-1 to None, run_after=None
[2023-04-22T01:59:49.318+0800] {logging_mixin.py:137} INFO - [2023-04-22T01:59:49.318+0800] {dag.py:3452} INFO - Setting next_dagrun for example_subdag_operator.section-2 to None, run_after=None
[2023-04-22T01:59:49.321+0800] {logging_mixin.py:137} INFO - [2023-04-22T01:59:49.321+0800] {dag.py:2705} INFO - Sync 2 DAGs
[2023-04-22T01:59:49.323+0800] {logging_mixin.py:137} INFO - [2023-04-22T01:59:49.323+0800] {dag.py:3452} INFO - Setting next_dagrun for example_subdag_operator.section-1 to None, run_after=None
[2023-04-22T01:59:49.323+0800] {logging_mixin.py:137} INFO - [2023-04-22T01:59:49.323+0800] {dag.py:3452} INFO - Setting next_dagrun for example_subdag_operator.section-2 to None, run_after=None
[2023-04-22T01:59:49.337+0800] {processor.py:175} INFO - Processing /home/gerardsho/airflow_env/lib/python3.8/site-packages/airflow/example_dags/example_subdag_operator.py took 0.062 seconds
[2023-04-22T02:01:06.289+0800] {processor.py:153} INFO - Started process (PID=3540) to work on /home/gerardsho/airflow_env/lib/python3.8/site-packages/airflow/example_dags/example_subdag_operator.py
[2023-04-22T02:01:06.292+0800] {processor.py:743} INFO - Processing file /home/gerardsho/airflow_env/lib/python3.8/site-packages/airflow/example_dags/example_subdag_operator.py for tasks to queue
[2023-04-22T02:01:06.293+0800] {logging_mixin.py:137} INFO - [2023-04-22T02:01:06.292+0800] {dagbag.py:532} INFO - Filling up the DagBag from /home/gerardsho/airflow_env/lib/python3.8/site-packages/airflow/example_dags/example_subdag_operator.py
[2023-04-22T02:01:06.307+0800] {processor.py:753} INFO - DAG(s) dict_keys(['example_subdag_operator.section-1', 'example_subdag_operator.section-2', 'example_subdag_operator']) retrieved from /home/gerardsho/airflow_env/lib/python3.8/site-packages/airflow/example_dags/example_subdag_operator.py
[2023-04-22T02:01:06.377+0800] {logging_mixin.py:137} INFO - [2023-04-22T02:01:06.376+0800] {manager.py:504} INFO - Created Permission View: can edit on DAG:example_subdag_operator
[2023-04-22T02:01:06.389+0800] {logging_mixin.py:137} INFO - [2023-04-22T02:01:06.389+0800] {manager.py:504} INFO - Created Permission View: can delete on DAG:example_subdag_operator
[2023-04-22T02:01:06.401+0800] {logging_mixin.py:137} INFO - [2023-04-22T02:01:06.401+0800] {manager.py:504} INFO - Created Permission View: can read on DAG:example_subdag_operator
[2023-04-22T02:01:06.401+0800] {logging_mixin.py:137} INFO - [2023-04-22T02:01:06.401+0800] {dag.py:2705} INFO - Sync 3 DAGs
[2023-04-22T02:01:06.408+0800] {logging_mixin.py:137} INFO - [2023-04-22T02:01:06.408+0800] {dag.py:2726} INFO - Creating ORM DAG for example_subdag_operator
[2023-04-22T02:01:06.408+0800] {logging_mixin.py:137} INFO - [2023-04-22T02:01:06.408+0800] {dag.py:2726} INFO - Creating ORM DAG for example_subdag_operator.section-1
[2023-04-22T02:01:06.408+0800] {logging_mixin.py:137} INFO - [2023-04-22T02:01:06.408+0800] {dag.py:2726} INFO - Creating ORM DAG for example_subdag_operator.section-2
[2023-04-22T02:01:06.413+0800] {logging_mixin.py:137} INFO - [2023-04-22T02:01:06.413+0800] {dag.py:3452} INFO - Setting next_dagrun for example_subdag_operator to 2022-01-01T00:00:00+00:00, run_after=2022-01-01T00:00:00+00:00
[2023-04-22T02:01:06.414+0800] {logging_mixin.py:137} INFO - [2023-04-22T02:01:06.414+0800] {dag.py:3452} INFO - Setting next_dagrun for example_subdag_operator.section-1 to None, run_after=None
[2023-04-22T02:01:06.414+0800] {logging_mixin.py:137} INFO - [2023-04-22T02:01:06.414+0800] {dag.py:3452} INFO - Setting next_dagrun for example_subdag_operator.section-2 to None, run_after=None
[2023-04-22T02:01:06.418+0800] {logging_mixin.py:137} INFO - [2023-04-22T02:01:06.418+0800] {dag.py:2705} INFO - Sync 2 DAGs
[2023-04-22T02:01:06.420+0800] {logging_mixin.py:137} INFO - [2023-04-22T02:01:06.420+0800] {dag.py:3452} INFO - Setting next_dagrun for example_subdag_operator.section-1 to None, run_after=None
[2023-04-22T02:01:06.422+0800] {logging_mixin.py:137} INFO - [2023-04-22T02:01:06.421+0800] {dag.py:3452} INFO - Setting next_dagrun for example_subdag_operator.section-2 to None, run_after=None
[2023-04-22T02:01:06.437+0800] {processor.py:175} INFO - Processing /home/gerardsho/airflow_env/lib/python3.8/site-packages/airflow/example_dags/example_subdag_operator.py took 0.150 seconds
[2023-04-22T02:01:46.740+0800] {processor.py:153} INFO - Started process (PID=3590) to work on /home/gerardsho/airflow_env/lib/python3.8/site-packages/airflow/example_dags/example_subdag_operator.py
[2023-04-22T02:01:46.741+0800] {processor.py:743} INFO - Processing file /home/gerardsho/airflow_env/lib/python3.8/site-packages/airflow/example_dags/example_subdag_operator.py for tasks to queue
[2023-04-22T02:01:46.742+0800] {logging_mixin.py:137} INFO - [2023-04-22T02:01:46.741+0800] {dagbag.py:532} INFO - Filling up the DagBag from /home/gerardsho/airflow_env/lib/python3.8/site-packages/airflow/example_dags/example_subdag_operator.py
[2023-04-22T02:01:46.759+0800] {processor.py:753} INFO - DAG(s) dict_keys(['example_subdag_operator.section-1', 'example_subdag_operator.section-2', 'example_subdag_operator']) retrieved from /home/gerardsho/airflow_env/lib/python3.8/site-packages/airflow/example_dags/example_subdag_operator.py
[2023-04-22T02:01:46.770+0800] {logging_mixin.py:137} INFO - [2023-04-22T02:01:46.770+0800] {dag.py:2705} INFO - Sync 3 DAGs
[2023-04-22T02:01:46.782+0800] {logging_mixin.py:137} INFO - [2023-04-22T02:01:46.782+0800] {dag.py:3452} INFO - Setting next_dagrun for example_subdag_operator to 2022-01-01T00:00:00+00:00, run_after=2022-01-01T00:00:00+00:00
[2023-04-22T02:01:46.783+0800] {logging_mixin.py:137} INFO - [2023-04-22T02:01:46.783+0800] {dag.py:3452} INFO - Setting next_dagrun for example_subdag_operator.section-1 to None, run_after=None
[2023-04-22T02:01:46.784+0800] {logging_mixin.py:137} INFO - [2023-04-22T02:01:46.784+0800] {dag.py:3452} INFO - Setting next_dagrun for example_subdag_operator.section-2 to None, run_after=None
[2023-04-22T02:01:46.787+0800] {logging_mixin.py:137} INFO - [2023-04-22T02:01:46.787+0800] {dag.py:2705} INFO - Sync 2 DAGs
[2023-04-22T02:01:46.789+0800] {logging_mixin.py:137} INFO - [2023-04-22T02:01:46.789+0800] {dag.py:3452} INFO - Setting next_dagrun for example_subdag_operator.section-1 to None, run_after=None
[2023-04-22T02:01:46.789+0800] {logging_mixin.py:137} INFO - [2023-04-22T02:01:46.789+0800] {dag.py:3452} INFO - Setting next_dagrun for example_subdag_operator.section-2 to None, run_after=None
[2023-04-22T02:01:46.803+0800] {processor.py:175} INFO - Processing /home/gerardsho/airflow_env/lib/python3.8/site-packages/airflow/example_dags/example_subdag_operator.py took 0.065 seconds
[2023-04-22T02:02:27.755+0800] {processor.py:153} INFO - Started process (PID=3634) to work on /home/gerardsho/airflow_env/lib/python3.8/site-packages/airflow/example_dags/example_subdag_operator.py
[2023-04-22T02:02:27.759+0800] {processor.py:743} INFO - Processing file /home/gerardsho/airflow_env/lib/python3.8/site-packages/airflow/example_dags/example_subdag_operator.py for tasks to queue
[2023-04-22T02:02:27.759+0800] {logging_mixin.py:137} INFO - [2023-04-22T02:02:27.759+0800] {dagbag.py:532} INFO - Filling up the DagBag from /home/gerardsho/airflow_env/lib/python3.8/site-packages/airflow/example_dags/example_subdag_operator.py
[2023-04-22T02:02:27.774+0800] {processor.py:753} INFO - DAG(s) dict_keys(['example_subdag_operator.section-1', 'example_subdag_operator.section-2', 'example_subdag_operator']) retrieved from /home/gerardsho/airflow_env/lib/python3.8/site-packages/airflow/example_dags/example_subdag_operator.py
[2023-04-22T02:02:27.783+0800] {logging_mixin.py:137} INFO - [2023-04-22T02:02:27.783+0800] {dag.py:2705} INFO - Sync 3 DAGs
[2023-04-22T02:02:27.793+0800] {logging_mixin.py:137} INFO - [2023-04-22T02:02:27.793+0800] {dag.py:3452} INFO - Setting next_dagrun for example_subdag_operator to 2022-01-01T00:00:00+00:00, run_after=2022-01-01T00:00:00+00:00
[2023-04-22T02:02:27.795+0800] {logging_mixin.py:137} INFO - [2023-04-22T02:02:27.795+0800] {dag.py:3452} INFO - Setting next_dagrun for example_subdag_operator.section-1 to None, run_after=None
[2023-04-22T02:02:27.795+0800] {logging_mixin.py:137} INFO - [2023-04-22T02:02:27.795+0800] {dag.py:3452} INFO - Setting next_dagrun for example_subdag_operator.section-2 to None, run_after=None
[2023-04-22T02:02:27.798+0800] {logging_mixin.py:137} INFO - [2023-04-22T02:02:27.798+0800] {dag.py:2705} INFO - Sync 2 DAGs
[2023-04-22T02:02:27.801+0800] {logging_mixin.py:137} INFO - [2023-04-22T02:02:27.801+0800] {dag.py:3452} INFO - Setting next_dagrun for example_subdag_operator.section-1 to None, run_after=None
[2023-04-22T02:02:27.801+0800] {logging_mixin.py:137} INFO - [2023-04-22T02:02:27.801+0800] {dag.py:3452} INFO - Setting next_dagrun for example_subdag_operator.section-2 to None, run_after=None
[2023-04-22T02:02:27.814+0800] {processor.py:175} INFO - Processing /home/gerardsho/airflow_env/lib/python3.8/site-packages/airflow/example_dags/example_subdag_operator.py took 0.061 seconds
[2023-04-22T02:03:09.173+0800] {processor.py:153} INFO - Started process (PID=3685) to work on /home/gerardsho/airflow_env/lib/python3.8/site-packages/airflow/example_dags/example_subdag_operator.py
[2023-04-22T02:03:09.176+0800] {processor.py:743} INFO - Processing file /home/gerardsho/airflow_env/lib/python3.8/site-packages/airflow/example_dags/example_subdag_operator.py for tasks to queue
[2023-04-22T02:03:09.177+0800] {logging_mixin.py:137} INFO - [2023-04-22T02:03:09.177+0800] {dagbag.py:532} INFO - Filling up the DagBag from /home/gerardsho/airflow_env/lib/python3.8/site-packages/airflow/example_dags/example_subdag_operator.py
[2023-04-22T02:03:09.191+0800] {processor.py:753} INFO - DAG(s) dict_keys(['example_subdag_operator.section-1', 'example_subdag_operator.section-2', 'example_subdag_operator']) retrieved from /home/gerardsho/airflow_env/lib/python3.8/site-packages/airflow/example_dags/example_subdag_operator.py
[2023-04-22T02:03:09.200+0800] {logging_mixin.py:137} INFO - [2023-04-22T02:03:09.200+0800] {dag.py:2705} INFO - Sync 3 DAGs
[2023-04-22T02:03:09.211+0800] {logging_mixin.py:137} INFO - [2023-04-22T02:03:09.211+0800] {dag.py:3452} INFO - Setting next_dagrun for example_subdag_operator to 2022-01-01T00:00:00+00:00, run_after=2022-01-01T00:00:00+00:00
[2023-04-22T02:03:09.212+0800] {logging_mixin.py:137} INFO - [2023-04-22T02:03:09.212+0800] {dag.py:3452} INFO - Setting next_dagrun for example_subdag_operator.section-1 to None, run_after=None
[2023-04-22T02:03:09.213+0800] {logging_mixin.py:137} INFO - [2023-04-22T02:03:09.213+0800] {dag.py:3452} INFO - Setting next_dagrun for example_subdag_operator.section-2 to None, run_after=None
[2023-04-22T02:03:09.215+0800] {logging_mixin.py:137} INFO - [2023-04-22T02:03:09.215+0800] {dag.py:2705} INFO - Sync 2 DAGs
[2023-04-22T02:03:09.217+0800] {logging_mixin.py:137} INFO - [2023-04-22T02:03:09.217+0800] {dag.py:3452} INFO - Setting next_dagrun for example_subdag_operator.section-1 to None, run_after=None
[2023-04-22T02:03:09.217+0800] {logging_mixin.py:137} INFO - [2023-04-22T02:03:09.217+0800] {dag.py:3452} INFO - Setting next_dagrun for example_subdag_operator.section-2 to None, run_after=None
[2023-04-22T02:03:09.232+0800] {processor.py:175} INFO - Processing /home/gerardsho/airflow_env/lib/python3.8/site-packages/airflow/example_dags/example_subdag_operator.py took 0.062 seconds
[2023-04-22T02:03:50.208+0800] {processor.py:153} INFO - Started process (PID=3734) to work on /home/gerardsho/airflow_env/lib/python3.8/site-packages/airflow/example_dags/example_subdag_operator.py
[2023-04-22T02:03:50.211+0800] {processor.py:743} INFO - Processing file /home/gerardsho/airflow_env/lib/python3.8/site-packages/airflow/example_dags/example_subdag_operator.py for tasks to queue
[2023-04-22T02:03:50.211+0800] {logging_mixin.py:137} INFO - [2023-04-22T02:03:50.211+0800] {dagbag.py:532} INFO - Filling up the DagBag from /home/gerardsho/airflow_env/lib/python3.8/site-packages/airflow/example_dags/example_subdag_operator.py
[2023-04-22T02:03:50.227+0800] {processor.py:753} INFO - DAG(s) dict_keys(['example_subdag_operator.section-1', 'example_subdag_operator.section-2', 'example_subdag_operator']) retrieved from /home/gerardsho/airflow_env/lib/python3.8/site-packages/airflow/example_dags/example_subdag_operator.py
[2023-04-22T02:03:50.238+0800] {logging_mixin.py:137} INFO - [2023-04-22T02:03:50.237+0800] {dag.py:2705} INFO - Sync 3 DAGs
[2023-04-22T02:03:50.249+0800] {logging_mixin.py:137} INFO - [2023-04-22T02:03:50.249+0800] {dag.py:3452} INFO - Setting next_dagrun for example_subdag_operator to 2022-01-01T00:00:00+00:00, run_after=2022-01-01T00:00:00+00:00
[2023-04-22T02:03:50.250+0800] {logging_mixin.py:137} INFO - [2023-04-22T02:03:50.250+0800] {dag.py:3452} INFO - Setting next_dagrun for example_subdag_operator.section-1 to None, run_after=None
[2023-04-22T02:03:50.251+0800] {logging_mixin.py:137} INFO - [2023-04-22T02:03:50.251+0800] {dag.py:3452} INFO - Setting next_dagrun for example_subdag_operator.section-2 to None, run_after=None
[2023-04-22T02:03:50.254+0800] {logging_mixin.py:137} INFO - [2023-04-22T02:03:50.254+0800] {dag.py:2705} INFO - Sync 2 DAGs
[2023-04-22T02:03:50.256+0800] {logging_mixin.py:137} INFO - [2023-04-22T02:03:50.256+0800] {dag.py:3452} INFO - Setting next_dagrun for example_subdag_operator.section-1 to None, run_after=None
[2023-04-22T02:03:50.256+0800] {logging_mixin.py:137} INFO - [2023-04-22T02:03:50.256+0800] {dag.py:3452} INFO - Setting next_dagrun for example_subdag_operator.section-2 to None, run_after=None
[2023-04-22T02:03:50.269+0800] {processor.py:175} INFO - Processing /home/gerardsho/airflow_env/lib/python3.8/site-packages/airflow/example_dags/example_subdag_operator.py took 0.064 seconds
[2023-04-22T02:04:30.236+0800] {processor.py:153} INFO - Started process (PID=3777) to work on /home/gerardsho/airflow_env/lib/python3.8/site-packages/airflow/example_dags/example_subdag_operator.py
[2023-04-22T02:04:30.239+0800] {processor.py:743} INFO - Processing file /home/gerardsho/airflow_env/lib/python3.8/site-packages/airflow/example_dags/example_subdag_operator.py for tasks to queue
[2023-04-22T02:04:30.240+0800] {logging_mixin.py:137} INFO - [2023-04-22T02:04:30.240+0800] {dagbag.py:532} INFO - Filling up the DagBag from /home/gerardsho/airflow_env/lib/python3.8/site-packages/airflow/example_dags/example_subdag_operator.py
[2023-04-22T02:04:30.255+0800] {processor.py:753} INFO - DAG(s) dict_keys(['example_subdag_operator.section-1', 'example_subdag_operator.section-2', 'example_subdag_operator']) retrieved from /home/gerardsho/airflow_env/lib/python3.8/site-packages/airflow/example_dags/example_subdag_operator.py
[2023-04-22T02:04:30.268+0800] {logging_mixin.py:137} INFO - [2023-04-22T02:04:30.268+0800] {dag.py:2705} INFO - Sync 3 DAGs
[2023-04-22T02:04:30.280+0800] {logging_mixin.py:137} INFO - [2023-04-22T02:04:30.280+0800] {dag.py:3452} INFO - Setting next_dagrun for example_subdag_operator to 2022-01-01T00:00:00+00:00, run_after=2022-01-01T00:00:00+00:00
[2023-04-22T02:04:30.282+0800] {logging_mixin.py:137} INFO - [2023-04-22T02:04:30.282+0800] {dag.py:3452} INFO - Setting next_dagrun for example_subdag_operator.section-1 to None, run_after=None
[2023-04-22T02:04:30.282+0800] {logging_mixin.py:137} INFO - [2023-04-22T02:04:30.282+0800] {dag.py:3452} INFO - Setting next_dagrun for example_subdag_operator.section-2 to None, run_after=None
[2023-04-22T02:04:30.285+0800] {logging_mixin.py:137} INFO - [2023-04-22T02:04:30.285+0800] {dag.py:2705} INFO - Sync 2 DAGs
[2023-04-22T02:04:30.288+0800] {logging_mixin.py:137} INFO - [2023-04-22T02:04:30.288+0800] {dag.py:3452} INFO - Setting next_dagrun for example_subdag_operator.section-1 to None, run_after=None
[2023-04-22T02:04:30.288+0800] {logging_mixin.py:137} INFO - [2023-04-22T02:04:30.288+0800] {dag.py:3452} INFO - Setting next_dagrun for example_subdag_operator.section-2 to None, run_after=None
[2023-04-22T02:04:30.301+0800] {processor.py:175} INFO - Processing /home/gerardsho/airflow_env/lib/python3.8/site-packages/airflow/example_dags/example_subdag_operator.py took 0.067 seconds
