[2023-04-22T01:48:26.704+0800] {processor.py:153} INFO - Started process (PID=2732) to work on /home/gerardsho/airflow_env/lib/python3.8/site-packages/airflow/example_dags/example_datasets.py
[2023-04-22T01:48:26.705+0800] {processor.py:743} INFO - Processing file /home/gerardsho/airflow_env/lib/python3.8/site-packages/airflow/example_dags/example_datasets.py for tasks to queue
[2023-04-22T01:48:26.705+0800] {logging_mixin.py:137} INFO - [2023-04-22T01:48:26.705+0800] {dagbag.py:532} INFO - Filling up the DagBag from /home/gerardsho/airflow_env/lib/python3.8/site-packages/airflow/example_dags/example_datasets.py
[2023-04-22T01:48:26.714+0800] {processor.py:753} INFO - DAG(s) dict_keys(['dataset_consumes_1_and_2', 'dataset_consumes_1', 'dataset_produces_2', 'dataset_consumes_unknown_never_scheduled', 'dataset_produces_1', 'dataset_consumes_1_never_scheduled']) retrieved from /home/gerardsho/airflow_env/lib/python3.8/site-packages/airflow/example_dags/example_datasets.py
[2023-04-22T01:48:26.824+0800] {logging_mixin.py:137} INFO - [2023-04-22T01:48:26.823+0800] {manager.py:504} INFO - Created Permission View: can edit on DAG:dataset_consumes_1_and_2
[2023-04-22T01:48:26.854+0800] {logging_mixin.py:137} INFO - [2023-04-22T01:48:26.853+0800] {manager.py:504} INFO - Created Permission View: can delete on DAG:dataset_consumes_1_and_2
[2023-04-22T01:48:26.881+0800] {logging_mixin.py:137} INFO - [2023-04-22T01:48:26.881+0800] {manager.py:504} INFO - Created Permission View: can read on DAG:dataset_consumes_1_and_2
[2023-04-22T01:48:26.950+0800] {logging_mixin.py:137} INFO - [2023-04-22T01:48:26.950+0800] {manager.py:504} INFO - Created Permission View: can edit on DAG:dataset_consumes_1
[2023-04-22T01:48:26.984+0800] {logging_mixin.py:137} INFO - [2023-04-22T01:48:26.983+0800] {manager.py:504} INFO - Created Permission View: can delete on DAG:dataset_consumes_1
[2023-04-22T01:48:27.013+0800] {logging_mixin.py:137} INFO - [2023-04-22T01:48:27.012+0800] {manager.py:504} INFO - Created Permission View: can read on DAG:dataset_consumes_1
[2023-04-22T01:48:27.088+0800] {logging_mixin.py:137} INFO - [2023-04-22T01:48:27.088+0800] {manager.py:504} INFO - Created Permission View: can edit on DAG:dataset_produces_2
[2023-04-22T01:48:27.118+0800] {logging_mixin.py:137} INFO - [2023-04-22T01:48:27.118+0800] {manager.py:504} INFO - Created Permission View: can delete on DAG:dataset_produces_2
[2023-04-22T01:48:27.144+0800] {logging_mixin.py:137} INFO - [2023-04-22T01:48:27.144+0800] {manager.py:504} INFO - Created Permission View: can read on DAG:dataset_produces_2
[2023-04-22T01:48:27.215+0800] {logging_mixin.py:137} INFO - [2023-04-22T01:48:27.215+0800] {manager.py:504} INFO - Created Permission View: can edit on DAG:dataset_consumes_unknown_never_scheduled
[2023-04-22T01:48:27.243+0800] {logging_mixin.py:137} INFO - [2023-04-22T01:48:27.243+0800] {manager.py:504} INFO - Created Permission View: can delete on DAG:dataset_consumes_unknown_never_scheduled
[2023-04-22T01:48:27.280+0800] {logging_mixin.py:137} INFO - [2023-04-22T01:48:27.280+0800] {manager.py:504} INFO - Created Permission View: can read on DAG:dataset_consumes_unknown_never_scheduled
[2023-04-22T01:48:27.334+0800] {logging_mixin.py:137} INFO - [2023-04-22T01:48:27.334+0800] {manager.py:504} INFO - Created Permission View: can edit on DAG:dataset_produces_1
[2023-04-22T01:48:27.373+0800] {logging_mixin.py:137} INFO - [2023-04-22T01:48:27.373+0800] {manager.py:504} INFO - Created Permission View: can delete on DAG:dataset_produces_1
[2023-04-22T01:48:27.408+0800] {logging_mixin.py:137} INFO - [2023-04-22T01:48:27.407+0800] {manager.py:504} INFO - Created Permission View: can read on DAG:dataset_produces_1
[2023-04-22T01:48:27.500+0800] {logging_mixin.py:137} INFO - [2023-04-22T01:48:27.500+0800] {manager.py:504} INFO - Created Permission View: can edit on DAG:dataset_consumes_1_never_scheduled
[2023-04-22T01:48:27.534+0800] {logging_mixin.py:137} INFO - [2023-04-22T01:48:27.533+0800] {manager.py:504} INFO - Created Permission View: can delete on DAG:dataset_consumes_1_never_scheduled
[2023-04-22T01:48:27.565+0800] {logging_mixin.py:137} INFO - [2023-04-22T01:48:27.565+0800] {manager.py:504} INFO - Created Permission View: can read on DAG:dataset_consumes_1_never_scheduled
[2023-04-22T01:48:27.566+0800] {logging_mixin.py:137} INFO - [2023-04-22T01:48:27.565+0800] {dag.py:2705} INFO - Sync 6 DAGs
[2023-04-22T01:48:27.573+0800] {logging_mixin.py:137} INFO - [2023-04-22T01:48:27.573+0800] {dag.py:2726} INFO - Creating ORM DAG for dataset_produces_1
[2023-04-22T01:48:27.574+0800] {logging_mixin.py:137} INFO - [2023-04-22T01:48:27.574+0800] {dag.py:2726} INFO - Creating ORM DAG for dataset_consumes_unknown_never_scheduled
[2023-04-22T01:48:27.574+0800] {logging_mixin.py:137} INFO - [2023-04-22T01:48:27.574+0800] {dag.py:2726} INFO - Creating ORM DAG for dataset_consumes_1
[2023-04-22T01:48:27.574+0800] {logging_mixin.py:137} INFO - [2023-04-22T01:48:27.574+0800] {dag.py:2726} INFO - Creating ORM DAG for dataset_consumes_1_never_scheduled
[2023-04-22T01:48:27.574+0800] {logging_mixin.py:137} INFO - [2023-04-22T01:48:27.574+0800] {dag.py:2726} INFO - Creating ORM DAG for dataset_produces_2
[2023-04-22T01:48:27.574+0800] {logging_mixin.py:137} INFO - [2023-04-22T01:48:27.574+0800] {dag.py:2726} INFO - Creating ORM DAG for dataset_consumes_1_and_2
[2023-04-22T01:48:27.578+0800] {logging_mixin.py:137} INFO - [2023-04-22T01:48:27.578+0800] {dag.py:3452} INFO - Setting next_dagrun for dataset_consumes_1 to None, run_after=None
[2023-04-22T01:48:27.579+0800] {logging_mixin.py:137} INFO - [2023-04-22T01:48:27.579+0800] {dag.py:3452} INFO - Setting next_dagrun for dataset_consumes_1_and_2 to None, run_after=None
[2023-04-22T01:48:27.579+0800] {logging_mixin.py:137} INFO - [2023-04-22T01:48:27.579+0800] {dag.py:3452} INFO - Setting next_dagrun for dataset_consumes_1_never_scheduled to None, run_after=None
[2023-04-22T01:48:27.579+0800] {logging_mixin.py:137} INFO - [2023-04-22T01:48:27.579+0800] {dag.py:3452} INFO - Setting next_dagrun for dataset_consumes_unknown_never_scheduled to None, run_after=None
[2023-04-22T01:48:27.580+0800] {logging_mixin.py:137} INFO - [2023-04-22T01:48:27.580+0800] {dag.py:3452} INFO - Setting next_dagrun for dataset_produces_1 to 2023-04-20T00:00:00+00:00, run_after=2023-04-21T00:00:00+00:00
[2023-04-22T01:48:27.580+0800] {logging_mixin.py:137} INFO - [2023-04-22T01:48:27.580+0800] {dag.py:3452} INFO - Setting next_dagrun for dataset_produces_2 to None, run_after=None
[2023-04-22T01:48:27.636+0800] {processor.py:175} INFO - Processing /home/gerardsho/airflow_env/lib/python3.8/site-packages/airflow/example_dags/example_datasets.py took 0.934 seconds
[2023-04-22T01:49:16.002+0800] {processor.py:153} INFO - Started process (PID=2775) to work on /home/gerardsho/airflow_env/lib/python3.8/site-packages/airflow/example_dags/example_datasets.py
[2023-04-22T01:49:16.005+0800] {processor.py:743} INFO - Processing file /home/gerardsho/airflow_env/lib/python3.8/site-packages/airflow/example_dags/example_datasets.py for tasks to queue
[2023-04-22T01:49:16.005+0800] {logging_mixin.py:137} INFO - [2023-04-22T01:49:16.005+0800] {dagbag.py:532} INFO - Filling up the DagBag from /home/gerardsho/airflow_env/lib/python3.8/site-packages/airflow/example_dags/example_datasets.py
[2023-04-22T01:49:16.015+0800] {processor.py:753} INFO - DAG(s) dict_keys(['dataset_consumes_1_never_scheduled', 'dataset_consumes_1_and_2', 'dataset_produces_1', 'dataset_consumes_1', 'dataset_produces_2', 'dataset_consumes_unknown_never_scheduled']) retrieved from /home/gerardsho/airflow_env/lib/python3.8/site-packages/airflow/example_dags/example_datasets.py
[2023-04-22T01:49:16.034+0800] {logging_mixin.py:137} INFO - [2023-04-22T01:49:16.033+0800] {dag.py:2705} INFO - Sync 6 DAGs
[2023-04-22T01:49:16.044+0800] {logging_mixin.py:137} INFO - [2023-04-22T01:49:16.044+0800] {dag.py:3452} INFO - Setting next_dagrun for dataset_consumes_1 to None, run_after=None
[2023-04-22T01:49:16.045+0800] {logging_mixin.py:137} INFO - [2023-04-22T01:49:16.045+0800] {dag.py:3452} INFO - Setting next_dagrun for dataset_consumes_1_and_2 to None, run_after=None
[2023-04-22T01:49:16.046+0800] {logging_mixin.py:137} INFO - [2023-04-22T01:49:16.046+0800] {dag.py:3452} INFO - Setting next_dagrun for dataset_consumes_1_never_scheduled to None, run_after=None
[2023-04-22T01:49:16.046+0800] {logging_mixin.py:137} INFO - [2023-04-22T01:49:16.046+0800] {dag.py:3452} INFO - Setting next_dagrun for dataset_consumes_unknown_never_scheduled to None, run_after=None
[2023-04-22T01:49:16.047+0800] {logging_mixin.py:137} INFO - [2023-04-22T01:49:16.047+0800] {dag.py:3452} INFO - Setting next_dagrun for dataset_produces_1 to 2023-04-20T00:00:00+00:00, run_after=2023-04-21T00:00:00+00:00
[2023-04-22T01:49:16.048+0800] {logging_mixin.py:137} INFO - [2023-04-22T01:49:16.048+0800] {dag.py:3452} INFO - Setting next_dagrun for dataset_produces_2 to None, run_after=None
[2023-04-22T01:49:16.068+0800] {processor.py:175} INFO - Processing /home/gerardsho/airflow_env/lib/python3.8/site-packages/airflow/example_dags/example_datasets.py took 0.069 seconds
[2023-04-22T01:49:57.671+0800] {processor.py:153} INFO - Started process (PID=2818) to work on /home/gerardsho/airflow_env/lib/python3.8/site-packages/airflow/example_dags/example_datasets.py
[2023-04-22T01:49:57.674+0800] {processor.py:743} INFO - Processing file /home/gerardsho/airflow_env/lib/python3.8/site-packages/airflow/example_dags/example_datasets.py for tasks to queue
[2023-04-22T01:49:57.675+0800] {logging_mixin.py:137} INFO - [2023-04-22T01:49:57.674+0800] {dagbag.py:532} INFO - Filling up the DagBag from /home/gerardsho/airflow_env/lib/python3.8/site-packages/airflow/example_dags/example_datasets.py
[2023-04-22T01:49:57.685+0800] {processor.py:753} INFO - DAG(s) dict_keys(['dataset_consumes_1_and_2', 'dataset_consumes_1_never_scheduled', 'dataset_produces_1', 'dataset_consumes_1', 'dataset_consumes_unknown_never_scheduled', 'dataset_produces_2']) retrieved from /home/gerardsho/airflow_env/lib/python3.8/site-packages/airflow/example_dags/example_datasets.py
[2023-04-22T01:49:57.703+0800] {logging_mixin.py:137} INFO - [2023-04-22T01:49:57.703+0800] {dag.py:2705} INFO - Sync 6 DAGs
[2023-04-22T01:49:57.715+0800] {logging_mixin.py:137} INFO - [2023-04-22T01:49:57.715+0800] {dag.py:3452} INFO - Setting next_dagrun for dataset_consumes_1 to None, run_after=None
[2023-04-22T01:49:57.717+0800] {logging_mixin.py:137} INFO - [2023-04-22T01:49:57.717+0800] {dag.py:3452} INFO - Setting next_dagrun for dataset_consumes_1_and_2 to None, run_after=None
[2023-04-22T01:49:57.717+0800] {logging_mixin.py:137} INFO - [2023-04-22T01:49:57.717+0800] {dag.py:3452} INFO - Setting next_dagrun for dataset_consumes_1_never_scheduled to None, run_after=None
[2023-04-22T01:49:57.718+0800] {logging_mixin.py:137} INFO - [2023-04-22T01:49:57.718+0800] {dag.py:3452} INFO - Setting next_dagrun for dataset_consumes_unknown_never_scheduled to None, run_after=None
[2023-04-22T01:49:57.719+0800] {logging_mixin.py:137} INFO - [2023-04-22T01:49:57.719+0800] {dag.py:3452} INFO - Setting next_dagrun for dataset_produces_1 to 2023-04-20T00:00:00+00:00, run_after=2023-04-21T00:00:00+00:00
[2023-04-22T01:49:57.720+0800] {logging_mixin.py:137} INFO - [2023-04-22T01:49:57.720+0800] {dag.py:3452} INFO - Setting next_dagrun for dataset_produces_2 to None, run_after=None
[2023-04-22T01:49:57.744+0800] {processor.py:175} INFO - Processing /home/gerardsho/airflow_env/lib/python3.8/site-packages/airflow/example_dags/example_datasets.py took 0.076 seconds
[2023-04-22T01:50:36.135+0800] {processor.py:153} INFO - Started process (PID=2864) to work on /home/gerardsho/airflow_env/lib/python3.8/site-packages/airflow/example_dags/example_datasets.py
[2023-04-22T01:50:36.138+0800] {processor.py:743} INFO - Processing file /home/gerardsho/airflow_env/lib/python3.8/site-packages/airflow/example_dags/example_datasets.py for tasks to queue
[2023-04-22T01:50:36.138+0800] {logging_mixin.py:137} INFO - [2023-04-22T01:50:36.138+0800] {dagbag.py:532} INFO - Filling up the DagBag from /home/gerardsho/airflow_env/lib/python3.8/site-packages/airflow/example_dags/example_datasets.py
[2023-04-22T01:50:36.148+0800] {processor.py:753} INFO - DAG(s) dict_keys(['dataset_consumes_unknown_never_scheduled', 'dataset_consumes_1_never_scheduled', 'dataset_produces_1', 'dataset_produces_2', 'dataset_consumes_1_and_2', 'dataset_consumes_1']) retrieved from /home/gerardsho/airflow_env/lib/python3.8/site-packages/airflow/example_dags/example_datasets.py
[2023-04-22T01:50:36.164+0800] {logging_mixin.py:137} INFO - [2023-04-22T01:50:36.164+0800] {dag.py:2705} INFO - Sync 6 DAGs
[2023-04-22T01:50:36.175+0800] {logging_mixin.py:137} INFO - [2023-04-22T01:50:36.175+0800] {dag.py:3452} INFO - Setting next_dagrun for dataset_consumes_1 to None, run_after=None
[2023-04-22T01:50:36.177+0800] {logging_mixin.py:137} INFO - [2023-04-22T01:50:36.177+0800] {dag.py:3452} INFO - Setting next_dagrun for dataset_consumes_1_and_2 to None, run_after=None
[2023-04-22T01:50:36.177+0800] {logging_mixin.py:137} INFO - [2023-04-22T01:50:36.177+0800] {dag.py:3452} INFO - Setting next_dagrun for dataset_consumes_1_never_scheduled to None, run_after=None
[2023-04-22T01:50:36.178+0800] {logging_mixin.py:137} INFO - [2023-04-22T01:50:36.178+0800] {dag.py:3452} INFO - Setting next_dagrun for dataset_consumes_unknown_never_scheduled to None, run_after=None
[2023-04-22T01:50:36.179+0800] {logging_mixin.py:137} INFO - [2023-04-22T01:50:36.179+0800] {dag.py:3452} INFO - Setting next_dagrun for dataset_produces_1 to 2023-04-20T00:00:00+00:00, run_after=2023-04-21T00:00:00+00:00
[2023-04-22T01:50:36.179+0800] {logging_mixin.py:137} INFO - [2023-04-22T01:50:36.179+0800] {dag.py:3452} INFO - Setting next_dagrun for dataset_produces_2 to None, run_after=None
[2023-04-22T01:50:36.202+0800] {processor.py:175} INFO - Processing /home/gerardsho/airflow_env/lib/python3.8/site-packages/airflow/example_dags/example_datasets.py took 0.070 seconds
[2023-04-22T01:51:17.612+0800] {processor.py:153} INFO - Started process (PID=2918) to work on /home/gerardsho/airflow_env/lib/python3.8/site-packages/airflow/example_dags/example_datasets.py
[2023-04-22T01:51:17.615+0800] {processor.py:743} INFO - Processing file /home/gerardsho/airflow_env/lib/python3.8/site-packages/airflow/example_dags/example_datasets.py for tasks to queue
[2023-04-22T01:51:17.616+0800] {logging_mixin.py:137} INFO - [2023-04-22T01:51:17.616+0800] {dagbag.py:532} INFO - Filling up the DagBag from /home/gerardsho/airflow_env/lib/python3.8/site-packages/airflow/example_dags/example_datasets.py
[2023-04-22T01:51:17.624+0800] {processor.py:753} INFO - DAG(s) dict_keys(['dataset_consumes_1', 'dataset_consumes_1_and_2', 'dataset_consumes_1_never_scheduled', 'dataset_produces_1', 'dataset_produces_2', 'dataset_consumes_unknown_never_scheduled']) retrieved from /home/gerardsho/airflow_env/lib/python3.8/site-packages/airflow/example_dags/example_datasets.py
[2023-04-22T01:51:17.641+0800] {logging_mixin.py:137} INFO - [2023-04-22T01:51:17.641+0800] {dag.py:2705} INFO - Sync 6 DAGs
[2023-04-22T01:51:17.652+0800] {logging_mixin.py:137} INFO - [2023-04-22T01:51:17.652+0800] {dag.py:3452} INFO - Setting next_dagrun for dataset_consumes_1 to None, run_after=None
[2023-04-22T01:51:17.653+0800] {logging_mixin.py:137} INFO - [2023-04-22T01:51:17.653+0800] {dag.py:3452} INFO - Setting next_dagrun for dataset_consumes_1_and_2 to None, run_after=None
[2023-04-22T01:51:17.654+0800] {logging_mixin.py:137} INFO - [2023-04-22T01:51:17.654+0800] {dag.py:3452} INFO - Setting next_dagrun for dataset_consumes_1_never_scheduled to None, run_after=None
[2023-04-22T01:51:17.654+0800] {logging_mixin.py:137} INFO - [2023-04-22T01:51:17.654+0800] {dag.py:3452} INFO - Setting next_dagrun for dataset_consumes_unknown_never_scheduled to None, run_after=None
[2023-04-22T01:51:17.655+0800] {logging_mixin.py:137} INFO - [2023-04-22T01:51:17.655+0800] {dag.py:3452} INFO - Setting next_dagrun for dataset_produces_1 to 2023-04-20T00:00:00+00:00, run_after=2023-04-21T00:00:00+00:00
[2023-04-22T01:51:17.656+0800] {logging_mixin.py:137} INFO - [2023-04-22T01:51:17.656+0800] {dag.py:3452} INFO - Setting next_dagrun for dataset_produces_2 to None, run_after=None
[2023-04-22T01:51:17.678+0800] {processor.py:175} INFO - Processing /home/gerardsho/airflow_env/lib/python3.8/site-packages/airflow/example_dags/example_datasets.py took 0.068 seconds
[2023-04-22T01:51:59.207+0800] {processor.py:153} INFO - Started process (PID=2969) to work on /home/gerardsho/airflow_env/lib/python3.8/site-packages/airflow/example_dags/example_datasets.py
[2023-04-22T01:51:59.210+0800] {processor.py:743} INFO - Processing file /home/gerardsho/airflow_env/lib/python3.8/site-packages/airflow/example_dags/example_datasets.py for tasks to queue
[2023-04-22T01:51:59.211+0800] {logging_mixin.py:137} INFO - [2023-04-22T01:51:59.210+0800] {dagbag.py:532} INFO - Filling up the DagBag from /home/gerardsho/airflow_env/lib/python3.8/site-packages/airflow/example_dags/example_datasets.py
[2023-04-22T01:51:59.223+0800] {processor.py:753} INFO - DAG(s) dict_keys(['dataset_consumes_1_and_2', 'dataset_produces_1', 'dataset_consumes_1_never_scheduled', 'dataset_consumes_unknown_never_scheduled', 'dataset_produces_2', 'dataset_consumes_1']) retrieved from /home/gerardsho/airflow_env/lib/python3.8/site-packages/airflow/example_dags/example_datasets.py
[2023-04-22T01:51:59.248+0800] {logging_mixin.py:137} INFO - [2023-04-22T01:51:59.247+0800] {dag.py:2705} INFO - Sync 6 DAGs
[2023-04-22T01:51:59.263+0800] {logging_mixin.py:137} INFO - [2023-04-22T01:51:59.263+0800] {dag.py:3452} INFO - Setting next_dagrun for dataset_consumes_1 to None, run_after=None
[2023-04-22T01:51:59.265+0800] {logging_mixin.py:137} INFO - [2023-04-22T01:51:59.265+0800] {dag.py:3452} INFO - Setting next_dagrun for dataset_consumes_1_and_2 to None, run_after=None
[2023-04-22T01:51:59.265+0800] {logging_mixin.py:137} INFO - [2023-04-22T01:51:59.265+0800] {dag.py:3452} INFO - Setting next_dagrun for dataset_consumes_1_never_scheduled to None, run_after=None
[2023-04-22T01:51:59.266+0800] {logging_mixin.py:137} INFO - [2023-04-22T01:51:59.266+0800] {dag.py:3452} INFO - Setting next_dagrun for dataset_consumes_unknown_never_scheduled to None, run_after=None
[2023-04-22T01:51:59.268+0800] {logging_mixin.py:137} INFO - [2023-04-22T01:51:59.268+0800] {dag.py:3452} INFO - Setting next_dagrun for dataset_produces_1 to 2023-04-20T00:00:00+00:00, run_after=2023-04-21T00:00:00+00:00
[2023-04-22T01:51:59.268+0800] {logging_mixin.py:137} INFO - [2023-04-22T01:51:59.268+0800] {dag.py:3452} INFO - Setting next_dagrun for dataset_produces_2 to None, run_after=None
[2023-04-22T01:51:59.292+0800] {processor.py:175} INFO - Processing /home/gerardsho/airflow_env/lib/python3.8/site-packages/airflow/example_dags/example_datasets.py took 0.087 seconds
[2023-04-22T01:52:39.754+0800] {processor.py:153} INFO - Started process (PID=3011) to work on /home/gerardsho/airflow_env/lib/python3.8/site-packages/airflow/example_dags/example_datasets.py
[2023-04-22T01:52:39.755+0800] {processor.py:743} INFO - Processing file /home/gerardsho/airflow_env/lib/python3.8/site-packages/airflow/example_dags/example_datasets.py for tasks to queue
[2023-04-22T01:52:39.755+0800] {logging_mixin.py:137} INFO - [2023-04-22T01:52:39.755+0800] {dagbag.py:532} INFO - Filling up the DagBag from /home/gerardsho/airflow_env/lib/python3.8/site-packages/airflow/example_dags/example_datasets.py
[2023-04-22T01:52:39.767+0800] {processor.py:753} INFO - DAG(s) dict_keys(['dataset_consumes_1_and_2', 'dataset_produces_1', 'dataset_consumes_1_never_scheduled', 'dataset_consumes_unknown_never_scheduled', 'dataset_produces_2', 'dataset_consumes_1']) retrieved from /home/gerardsho/airflow_env/lib/python3.8/site-packages/airflow/example_dags/example_datasets.py
[2023-04-22T01:52:39.790+0800] {logging_mixin.py:137} INFO - [2023-04-22T01:52:39.789+0800] {dag.py:2705} INFO - Sync 6 DAGs
[2023-04-22T01:52:39.804+0800] {logging_mixin.py:137} INFO - [2023-04-22T01:52:39.804+0800] {dag.py:3452} INFO - Setting next_dagrun for dataset_consumes_1 to None, run_after=None
[2023-04-22T01:52:39.805+0800] {logging_mixin.py:137} INFO - [2023-04-22T01:52:39.805+0800] {dag.py:3452} INFO - Setting next_dagrun for dataset_consumes_1_and_2 to None, run_after=None
[2023-04-22T01:52:39.806+0800] {logging_mixin.py:137} INFO - [2023-04-22T01:52:39.806+0800] {dag.py:3452} INFO - Setting next_dagrun for dataset_consumes_1_never_scheduled to None, run_after=None
[2023-04-22T01:52:39.806+0800] {logging_mixin.py:137} INFO - [2023-04-22T01:52:39.806+0800] {dag.py:3452} INFO - Setting next_dagrun for dataset_consumes_unknown_never_scheduled to None, run_after=None
[2023-04-22T01:52:39.807+0800] {logging_mixin.py:137} INFO - [2023-04-22T01:52:39.807+0800] {dag.py:3452} INFO - Setting next_dagrun for dataset_produces_1 to 2023-04-20T00:00:00+00:00, run_after=2023-04-21T00:00:00+00:00
[2023-04-22T01:52:39.808+0800] {logging_mixin.py:137} INFO - [2023-04-22T01:52:39.808+0800] {dag.py:3452} INFO - Setting next_dagrun for dataset_produces_2 to None, run_after=None
[2023-04-22T01:52:39.831+0800] {processor.py:175} INFO - Processing /home/gerardsho/airflow_env/lib/python3.8/site-packages/airflow/example_dags/example_datasets.py took 0.080 seconds
[2023-04-22T01:53:20.168+0800] {processor.py:153} INFO - Started process (PID=3053) to work on /home/gerardsho/airflow_env/lib/python3.8/site-packages/airflow/example_dags/example_datasets.py
[2023-04-22T01:53:20.172+0800] {processor.py:743} INFO - Processing file /home/gerardsho/airflow_env/lib/python3.8/site-packages/airflow/example_dags/example_datasets.py for tasks to queue
[2023-04-22T01:53:20.172+0800] {logging_mixin.py:137} INFO - [2023-04-22T01:53:20.172+0800] {dagbag.py:532} INFO - Filling up the DagBag from /home/gerardsho/airflow_env/lib/python3.8/site-packages/airflow/example_dags/example_datasets.py
[2023-04-22T01:53:20.181+0800] {processor.py:753} INFO - DAG(s) dict_keys(['dataset_produces_2', 'dataset_consumes_1_and_2', 'dataset_consumes_1_never_scheduled', 'dataset_consumes_unknown_never_scheduled', 'dataset_consumes_1', 'dataset_produces_1']) retrieved from /home/gerardsho/airflow_env/lib/python3.8/site-packages/airflow/example_dags/example_datasets.py
[2023-04-22T01:53:20.198+0800] {logging_mixin.py:137} INFO - [2023-04-22T01:53:20.198+0800] {dag.py:2705} INFO - Sync 6 DAGs
[2023-04-22T01:53:20.208+0800] {logging_mixin.py:137} INFO - [2023-04-22T01:53:20.208+0800] {dag.py:3452} INFO - Setting next_dagrun for dataset_consumes_1 to None, run_after=None
[2023-04-22T01:53:20.210+0800] {logging_mixin.py:137} INFO - [2023-04-22T01:53:20.210+0800] {dag.py:3452} INFO - Setting next_dagrun for dataset_consumes_1_and_2 to None, run_after=None
[2023-04-22T01:53:20.210+0800] {logging_mixin.py:137} INFO - [2023-04-22T01:53:20.210+0800] {dag.py:3452} INFO - Setting next_dagrun for dataset_consumes_1_never_scheduled to None, run_after=None
[2023-04-22T01:53:20.210+0800] {logging_mixin.py:137} INFO - [2023-04-22T01:53:20.210+0800] {dag.py:3452} INFO - Setting next_dagrun for dataset_consumes_unknown_never_scheduled to None, run_after=None
[2023-04-22T01:53:20.212+0800] {logging_mixin.py:137} INFO - [2023-04-22T01:53:20.212+0800] {dag.py:3452} INFO - Setting next_dagrun for dataset_produces_1 to 2023-04-20T00:00:00+00:00, run_after=2023-04-21T00:00:00+00:00
[2023-04-22T01:53:20.212+0800] {logging_mixin.py:137} INFO - [2023-04-22T01:53:20.212+0800] {dag.py:3452} INFO - Setting next_dagrun for dataset_produces_2 to None, run_after=None
[2023-04-22T01:53:20.235+0800] {processor.py:175} INFO - Processing /home/gerardsho/airflow_env/lib/python3.8/site-packages/airflow/example_dags/example_datasets.py took 0.069 seconds
[2023-04-22T01:54:00.708+0800] {processor.py:153} INFO - Started process (PID=3095) to work on /home/gerardsho/airflow_env/lib/python3.8/site-packages/airflow/example_dags/example_datasets.py
[2023-04-22T01:54:00.712+0800] {processor.py:743} INFO - Processing file /home/gerardsho/airflow_env/lib/python3.8/site-packages/airflow/example_dags/example_datasets.py for tasks to queue
[2023-04-22T01:54:00.712+0800] {logging_mixin.py:137} INFO - [2023-04-22T01:54:00.712+0800] {dagbag.py:532} INFO - Filling up the DagBag from /home/gerardsho/airflow_env/lib/python3.8/site-packages/airflow/example_dags/example_datasets.py
[2023-04-22T01:54:00.721+0800] {processor.py:753} INFO - DAG(s) dict_keys(['dataset_consumes_unknown_never_scheduled', 'dataset_consumes_1_and_2', 'dataset_produces_1', 'dataset_consumes_1_never_scheduled', 'dataset_produces_2', 'dataset_consumes_1']) retrieved from /home/gerardsho/airflow_env/lib/python3.8/site-packages/airflow/example_dags/example_datasets.py
[2023-04-22T01:54:00.738+0800] {logging_mixin.py:137} INFO - [2023-04-22T01:54:00.738+0800] {dag.py:2705} INFO - Sync 6 DAGs
[2023-04-22T01:54:00.748+0800] {logging_mixin.py:137} INFO - [2023-04-22T01:54:00.748+0800] {dag.py:3452} INFO - Setting next_dagrun for dataset_consumes_1 to None, run_after=None
[2023-04-22T01:54:00.750+0800] {logging_mixin.py:137} INFO - [2023-04-22T01:54:00.750+0800] {dag.py:3452} INFO - Setting next_dagrun for dataset_consumes_1_and_2 to None, run_after=None
[2023-04-22T01:54:00.751+0800] {logging_mixin.py:137} INFO - [2023-04-22T01:54:00.751+0800] {dag.py:3452} INFO - Setting next_dagrun for dataset_consumes_1_never_scheduled to None, run_after=None
[2023-04-22T01:54:00.751+0800] {logging_mixin.py:137} INFO - [2023-04-22T01:54:00.751+0800] {dag.py:3452} INFO - Setting next_dagrun for dataset_consumes_unknown_never_scheduled to None, run_after=None
[2023-04-22T01:54:00.752+0800] {logging_mixin.py:137} INFO - [2023-04-22T01:54:00.752+0800] {dag.py:3452} INFO - Setting next_dagrun for dataset_produces_1 to 2023-04-20T00:00:00+00:00, run_after=2023-04-21T00:00:00+00:00
[2023-04-22T01:54:00.753+0800] {logging_mixin.py:137} INFO - [2023-04-22T01:54:00.753+0800] {dag.py:3452} INFO - Setting next_dagrun for dataset_produces_2 to None, run_after=None
[2023-04-22T01:54:00.775+0800] {processor.py:175} INFO - Processing /home/gerardsho/airflow_env/lib/python3.8/site-packages/airflow/example_dags/example_datasets.py took 0.068 seconds
[2023-04-22T01:54:40.580+0800] {processor.py:153} INFO - Started process (PID=3140) to work on /home/gerardsho/airflow_env/lib/python3.8/site-packages/airflow/example_dags/example_datasets.py
[2023-04-22T01:54:40.583+0800] {processor.py:743} INFO - Processing file /home/gerardsho/airflow_env/lib/python3.8/site-packages/airflow/example_dags/example_datasets.py for tasks to queue
[2023-04-22T01:54:40.584+0800] {logging_mixin.py:137} INFO - [2023-04-22T01:54:40.584+0800] {dagbag.py:532} INFO - Filling up the DagBag from /home/gerardsho/airflow_env/lib/python3.8/site-packages/airflow/example_dags/example_datasets.py
[2023-04-22T01:54:40.593+0800] {processor.py:753} INFO - DAG(s) dict_keys(['dataset_produces_1', 'dataset_consumes_unknown_never_scheduled', 'dataset_consumes_1_never_scheduled', 'dataset_consumes_1', 'dataset_consumes_1_and_2', 'dataset_produces_2']) retrieved from /home/gerardsho/airflow_env/lib/python3.8/site-packages/airflow/example_dags/example_datasets.py
[2023-04-22T01:54:40.614+0800] {logging_mixin.py:137} INFO - [2023-04-22T01:54:40.614+0800] {dag.py:2705} INFO - Sync 6 DAGs
[2023-04-22T01:54:40.627+0800] {logging_mixin.py:137} INFO - [2023-04-22T01:54:40.627+0800] {dag.py:3452} INFO - Setting next_dagrun for dataset_consumes_1 to None, run_after=None
[2023-04-22T01:54:40.629+0800] {logging_mixin.py:137} INFO - [2023-04-22T01:54:40.629+0800] {dag.py:3452} INFO - Setting next_dagrun for dataset_consumes_1_and_2 to None, run_after=None
[2023-04-22T01:54:40.630+0800] {logging_mixin.py:137} INFO - [2023-04-22T01:54:40.630+0800] {dag.py:3452} INFO - Setting next_dagrun for dataset_consumes_1_never_scheduled to None, run_after=None
[2023-04-22T01:54:40.630+0800] {logging_mixin.py:137} INFO - [2023-04-22T01:54:40.630+0800] {dag.py:3452} INFO - Setting next_dagrun for dataset_consumes_unknown_never_scheduled to None, run_after=None
[2023-04-22T01:54:40.631+0800] {logging_mixin.py:137} INFO - [2023-04-22T01:54:40.631+0800] {dag.py:3452} INFO - Setting next_dagrun for dataset_produces_1 to 2023-04-20T00:00:00+00:00, run_after=2023-04-21T00:00:00+00:00
[2023-04-22T01:54:40.632+0800] {logging_mixin.py:137} INFO - [2023-04-22T01:54:40.632+0800] {dag.py:3452} INFO - Setting next_dagrun for dataset_produces_2 to None, run_after=None
[2023-04-22T01:54:40.654+0800] {processor.py:175} INFO - Processing /home/gerardsho/airflow_env/lib/python3.8/site-packages/airflow/example_dags/example_datasets.py took 0.076 seconds
[2023-04-22T01:55:22.797+0800] {processor.py:153} INFO - Started process (PID=3185) to work on /home/gerardsho/airflow_env/lib/python3.8/site-packages/airflow/example_dags/example_datasets.py
[2023-04-22T01:55:22.800+0800] {processor.py:743} INFO - Processing file /home/gerardsho/airflow_env/lib/python3.8/site-packages/airflow/example_dags/example_datasets.py for tasks to queue
[2023-04-22T01:55:22.800+0800] {logging_mixin.py:137} INFO - [2023-04-22T01:55:22.800+0800] {dagbag.py:532} INFO - Filling up the DagBag from /home/gerardsho/airflow_env/lib/python3.8/site-packages/airflow/example_dags/example_datasets.py
[2023-04-22T01:55:22.811+0800] {processor.py:753} INFO - DAG(s) dict_keys(['dataset_consumes_1_never_scheduled', 'dataset_consumes_1_and_2', 'dataset_consumes_1', 'dataset_produces_1', 'dataset_produces_2', 'dataset_consumes_unknown_never_scheduled']) retrieved from /home/gerardsho/airflow_env/lib/python3.8/site-packages/airflow/example_dags/example_datasets.py
[2023-04-22T01:55:22.833+0800] {logging_mixin.py:137} INFO - [2023-04-22T01:55:22.832+0800] {dag.py:2705} INFO - Sync 6 DAGs
[2023-04-22T01:55:22.847+0800] {logging_mixin.py:137} INFO - [2023-04-22T01:55:22.846+0800] {dag.py:3452} INFO - Setting next_dagrun for dataset_consumes_1 to None, run_after=None
[2023-04-22T01:55:22.848+0800] {logging_mixin.py:137} INFO - [2023-04-22T01:55:22.848+0800] {dag.py:3452} INFO - Setting next_dagrun for dataset_consumes_1_and_2 to None, run_after=None
[2023-04-22T01:55:22.849+0800] {logging_mixin.py:137} INFO - [2023-04-22T01:55:22.849+0800] {dag.py:3452} INFO - Setting next_dagrun for dataset_consumes_1_never_scheduled to None, run_after=None
[2023-04-22T01:55:22.849+0800] {logging_mixin.py:137} INFO - [2023-04-22T01:55:22.849+0800] {dag.py:3452} INFO - Setting next_dagrun for dataset_consumes_unknown_never_scheduled to None, run_after=None
[2023-04-22T01:55:22.851+0800] {logging_mixin.py:137} INFO - [2023-04-22T01:55:22.851+0800] {dag.py:3452} INFO - Setting next_dagrun for dataset_produces_1 to 2023-04-20T00:00:00+00:00, run_after=2023-04-21T00:00:00+00:00
[2023-04-22T01:55:22.851+0800] {logging_mixin.py:137} INFO - [2023-04-22T01:55:22.851+0800] {dag.py:3452} INFO - Setting next_dagrun for dataset_produces_2 to None, run_after=None
[2023-04-22T01:55:22.878+0800] {processor.py:175} INFO - Processing /home/gerardsho/airflow_env/lib/python3.8/site-packages/airflow/example_dags/example_datasets.py took 0.083 seconds
[2023-04-22T01:56:02.826+0800] {processor.py:153} INFO - Started process (PID=3230) to work on /home/gerardsho/airflow_env/lib/python3.8/site-packages/airflow/example_dags/example_datasets.py
[2023-04-22T01:56:02.829+0800] {processor.py:743} INFO - Processing file /home/gerardsho/airflow_env/lib/python3.8/site-packages/airflow/example_dags/example_datasets.py for tasks to queue
[2023-04-22T01:56:02.830+0800] {logging_mixin.py:137} INFO - [2023-04-22T01:56:02.830+0800] {dagbag.py:532} INFO - Filling up the DagBag from /home/gerardsho/airflow_env/lib/python3.8/site-packages/airflow/example_dags/example_datasets.py
[2023-04-22T01:56:02.839+0800] {processor.py:753} INFO - DAG(s) dict_keys(['dataset_produces_2', 'dataset_consumes_1', 'dataset_produces_1', 'dataset_consumes_1_and_2', 'dataset_consumes_unknown_never_scheduled', 'dataset_consumes_1_never_scheduled']) retrieved from /home/gerardsho/airflow_env/lib/python3.8/site-packages/airflow/example_dags/example_datasets.py
[2023-04-22T01:56:02.856+0800] {logging_mixin.py:137} INFO - [2023-04-22T01:56:02.856+0800] {dag.py:2705} INFO - Sync 6 DAGs
[2023-04-22T01:56:02.867+0800] {logging_mixin.py:137} INFO - [2023-04-22T01:56:02.867+0800] {dag.py:3452} INFO - Setting next_dagrun for dataset_consumes_1 to None, run_after=None
[2023-04-22T01:56:02.868+0800] {logging_mixin.py:137} INFO - [2023-04-22T01:56:02.868+0800] {dag.py:3452} INFO - Setting next_dagrun for dataset_consumes_1_and_2 to None, run_after=None
[2023-04-22T01:56:02.869+0800] {logging_mixin.py:137} INFO - [2023-04-22T01:56:02.869+0800] {dag.py:3452} INFO - Setting next_dagrun for dataset_consumes_1_never_scheduled to None, run_after=None
[2023-04-22T01:56:02.869+0800] {logging_mixin.py:137} INFO - [2023-04-22T01:56:02.869+0800] {dag.py:3452} INFO - Setting next_dagrun for dataset_consumes_unknown_never_scheduled to None, run_after=None
[2023-04-22T01:56:02.870+0800] {logging_mixin.py:137} INFO - [2023-04-22T01:56:02.870+0800] {dag.py:3452} INFO - Setting next_dagrun for dataset_produces_1 to 2023-04-20T00:00:00+00:00, run_after=2023-04-21T00:00:00+00:00
[2023-04-22T01:56:02.871+0800] {logging_mixin.py:137} INFO - [2023-04-22T01:56:02.871+0800] {dag.py:3452} INFO - Setting next_dagrun for dataset_produces_2 to None, run_after=None
[2023-04-22T01:56:02.893+0800] {processor.py:175} INFO - Processing /home/gerardsho/airflow_env/lib/python3.8/site-packages/airflow/example_dags/example_datasets.py took 0.069 seconds
[2023-04-22T01:56:44.994+0800] {processor.py:153} INFO - Started process (PID=3278) to work on /home/gerardsho/airflow_env/lib/python3.8/site-packages/airflow/example_dags/example_datasets.py
[2023-04-22T01:56:44.997+0800] {processor.py:743} INFO - Processing file /home/gerardsho/airflow_env/lib/python3.8/site-packages/airflow/example_dags/example_datasets.py for tasks to queue
[2023-04-22T01:56:44.997+0800] {logging_mixin.py:137} INFO - [2023-04-22T01:56:44.997+0800] {dagbag.py:532} INFO - Filling up the DagBag from /home/gerardsho/airflow_env/lib/python3.8/site-packages/airflow/example_dags/example_datasets.py
[2023-04-22T01:56:45.007+0800] {processor.py:753} INFO - DAG(s) dict_keys(['dataset_produces_2', 'dataset_consumes_1_never_scheduled', 'dataset_consumes_1_and_2', 'dataset_produces_1', 'dataset_consumes_1', 'dataset_consumes_unknown_never_scheduled']) retrieved from /home/gerardsho/airflow_env/lib/python3.8/site-packages/airflow/example_dags/example_datasets.py
[2023-04-22T01:56:45.025+0800] {logging_mixin.py:137} INFO - [2023-04-22T01:56:45.025+0800] {dag.py:2705} INFO - Sync 6 DAGs
[2023-04-22T01:56:45.037+0800] {logging_mixin.py:137} INFO - [2023-04-22T01:56:45.037+0800] {dag.py:3452} INFO - Setting next_dagrun for dataset_consumes_1 to None, run_after=None
[2023-04-22T01:56:45.039+0800] {logging_mixin.py:137} INFO - [2023-04-22T01:56:45.038+0800] {dag.py:3452} INFO - Setting next_dagrun for dataset_consumes_1_and_2 to None, run_after=None
[2023-04-22T01:56:45.039+0800] {logging_mixin.py:137} INFO - [2023-04-22T01:56:45.039+0800] {dag.py:3452} INFO - Setting next_dagrun for dataset_consumes_1_never_scheduled to None, run_after=None
[2023-04-22T01:56:45.039+0800] {logging_mixin.py:137} INFO - [2023-04-22T01:56:45.039+0800] {dag.py:3452} INFO - Setting next_dagrun for dataset_consumes_unknown_never_scheduled to None, run_after=None
[2023-04-22T01:56:45.041+0800] {logging_mixin.py:137} INFO - [2023-04-22T01:56:45.041+0800] {dag.py:3452} INFO - Setting next_dagrun for dataset_produces_1 to 2023-04-20T00:00:00+00:00, run_after=2023-04-21T00:00:00+00:00
[2023-04-22T01:56:45.041+0800] {logging_mixin.py:137} INFO - [2023-04-22T01:56:45.041+0800] {dag.py:3452} INFO - Setting next_dagrun for dataset_produces_2 to None, run_after=None
[2023-04-22T01:56:45.064+0800] {processor.py:175} INFO - Processing /home/gerardsho/airflow_env/lib/python3.8/site-packages/airflow/example_dags/example_datasets.py took 0.072 seconds
[2023-04-22T01:57:23.276+0800] {processor.py:153} INFO - Started process (PID=3323) to work on /home/gerardsho/airflow_env/lib/python3.8/site-packages/airflow/example_dags/example_datasets.py
[2023-04-22T01:57:23.279+0800] {processor.py:743} INFO - Processing file /home/gerardsho/airflow_env/lib/python3.8/site-packages/airflow/example_dags/example_datasets.py for tasks to queue
[2023-04-22T01:57:23.279+0800] {logging_mixin.py:137} INFO - [2023-04-22T01:57:23.279+0800] {dagbag.py:532} INFO - Filling up the DagBag from /home/gerardsho/airflow_env/lib/python3.8/site-packages/airflow/example_dags/example_datasets.py
[2023-04-22T01:57:23.293+0800] {processor.py:753} INFO - DAG(s) dict_keys(['dataset_consumes_unknown_never_scheduled', 'dataset_produces_2', 'dataset_consumes_1_and_2', 'dataset_produces_1', 'dataset_consumes_1', 'dataset_consumes_1_never_scheduled']) retrieved from /home/gerardsho/airflow_env/lib/python3.8/site-packages/airflow/example_dags/example_datasets.py
[2023-04-22T01:57:23.325+0800] {logging_mixin.py:137} INFO - [2023-04-22T01:57:23.324+0800] {dag.py:2705} INFO - Sync 6 DAGs
[2023-04-22T01:57:23.344+0800] {logging_mixin.py:137} INFO - [2023-04-22T01:57:23.344+0800] {dag.py:3452} INFO - Setting next_dagrun for dataset_consumes_1 to None, run_after=None
[2023-04-22T01:57:23.346+0800] {logging_mixin.py:137} INFO - [2023-04-22T01:57:23.346+0800] {dag.py:3452} INFO - Setting next_dagrun for dataset_consumes_1_and_2 to None, run_after=None
[2023-04-22T01:57:23.347+0800] {logging_mixin.py:137} INFO - [2023-04-22T01:57:23.347+0800] {dag.py:3452} INFO - Setting next_dagrun for dataset_consumes_1_never_scheduled to None, run_after=None
[2023-04-22T01:57:23.347+0800] {logging_mixin.py:137} INFO - [2023-04-22T01:57:23.347+0800] {dag.py:3452} INFO - Setting next_dagrun for dataset_consumes_unknown_never_scheduled to None, run_after=None
[2023-04-22T01:57:23.349+0800] {logging_mixin.py:137} INFO - [2023-04-22T01:57:23.348+0800] {dag.py:3452} INFO - Setting next_dagrun for dataset_produces_1 to 2023-04-20T00:00:00+00:00, run_after=2023-04-21T00:00:00+00:00
[2023-04-22T01:57:23.349+0800] {logging_mixin.py:137} INFO - [2023-04-22T01:57:23.349+0800] {dag.py:3452} INFO - Setting next_dagrun for dataset_produces_2 to None, run_after=None
[2023-04-22T01:57:23.378+0800] {processor.py:175} INFO - Processing /home/gerardsho/airflow_env/lib/python3.8/site-packages/airflow/example_dags/example_datasets.py took 0.105 seconds
[2023-04-22T01:58:04.548+0800] {processor.py:153} INFO - Started process (PID=3373) to work on /home/gerardsho/airflow_env/lib/python3.8/site-packages/airflow/example_dags/example_datasets.py
[2023-04-22T01:58:04.551+0800] {processor.py:743} INFO - Processing file /home/gerardsho/airflow_env/lib/python3.8/site-packages/airflow/example_dags/example_datasets.py for tasks to queue
[2023-04-22T01:58:04.552+0800] {logging_mixin.py:137} INFO - [2023-04-22T01:58:04.552+0800] {dagbag.py:532} INFO - Filling up the DagBag from /home/gerardsho/airflow_env/lib/python3.8/site-packages/airflow/example_dags/example_datasets.py
[2023-04-22T01:58:04.562+0800] {processor.py:753} INFO - DAG(s) dict_keys(['dataset_consumes_unknown_never_scheduled', 'dataset_consumes_1', 'dataset_produces_1', 'dataset_consumes_1_never_scheduled', 'dataset_consumes_1_and_2', 'dataset_produces_2']) retrieved from /home/gerardsho/airflow_env/lib/python3.8/site-packages/airflow/example_dags/example_datasets.py
[2023-04-22T01:58:04.580+0800] {logging_mixin.py:137} INFO - [2023-04-22T01:58:04.580+0800] {dag.py:2705} INFO - Sync 6 DAGs
[2023-04-22T01:58:04.593+0800] {logging_mixin.py:137} INFO - [2023-04-22T01:58:04.593+0800] {dag.py:3452} INFO - Setting next_dagrun for dataset_consumes_1 to None, run_after=None
[2023-04-22T01:58:04.594+0800] {logging_mixin.py:137} INFO - [2023-04-22T01:58:04.594+0800] {dag.py:3452} INFO - Setting next_dagrun for dataset_consumes_1_and_2 to None, run_after=None
[2023-04-22T01:58:04.595+0800] {logging_mixin.py:137} INFO - [2023-04-22T01:58:04.595+0800] {dag.py:3452} INFO - Setting next_dagrun for dataset_consumes_1_never_scheduled to None, run_after=None
[2023-04-22T01:58:04.595+0800] {logging_mixin.py:137} INFO - [2023-04-22T01:58:04.595+0800] {dag.py:3452} INFO - Setting next_dagrun for dataset_consumes_unknown_never_scheduled to None, run_after=None
[2023-04-22T01:58:04.596+0800] {logging_mixin.py:137} INFO - [2023-04-22T01:58:04.596+0800] {dag.py:3452} INFO - Setting next_dagrun for dataset_produces_1 to 2023-04-20T00:00:00+00:00, run_after=2023-04-21T00:00:00+00:00
[2023-04-22T01:58:04.597+0800] {logging_mixin.py:137} INFO - [2023-04-22T01:58:04.597+0800] {dag.py:3452} INFO - Setting next_dagrun for dataset_produces_2 to None, run_after=None
[2023-04-22T01:58:04.621+0800] {processor.py:175} INFO - Processing /home/gerardsho/airflow_env/lib/python3.8/site-packages/airflow/example_dags/example_datasets.py took 0.075 seconds
[2023-04-22T01:58:46.627+0800] {processor.py:153} INFO - Started process (PID=3416) to work on /home/gerardsho/airflow_env/lib/python3.8/site-packages/airflow/example_dags/example_datasets.py
[2023-04-22T01:58:46.630+0800] {processor.py:743} INFO - Processing file /home/gerardsho/airflow_env/lib/python3.8/site-packages/airflow/example_dags/example_datasets.py for tasks to queue
[2023-04-22T01:58:46.630+0800] {logging_mixin.py:137} INFO - [2023-04-22T01:58:46.630+0800] {dagbag.py:532} INFO - Filling up the DagBag from /home/gerardsho/airflow_env/lib/python3.8/site-packages/airflow/example_dags/example_datasets.py
[2023-04-22T01:58:46.642+0800] {processor.py:753} INFO - DAG(s) dict_keys(['dataset_consumes_1_never_scheduled', 'dataset_produces_1', 'dataset_consumes_unknown_never_scheduled', 'dataset_produces_2', 'dataset_consumes_1', 'dataset_consumes_1_and_2']) retrieved from /home/gerardsho/airflow_env/lib/python3.8/site-packages/airflow/example_dags/example_datasets.py
[2023-04-22T01:58:46.662+0800] {logging_mixin.py:137} INFO - [2023-04-22T01:58:46.662+0800] {dag.py:2705} INFO - Sync 6 DAGs
[2023-04-22T01:58:46.676+0800] {logging_mixin.py:137} INFO - [2023-04-22T01:58:46.676+0800] {dag.py:3452} INFO - Setting next_dagrun for dataset_consumes_1 to None, run_after=None
[2023-04-22T01:58:46.677+0800] {logging_mixin.py:137} INFO - [2023-04-22T01:58:46.677+0800] {dag.py:3452} INFO - Setting next_dagrun for dataset_consumes_1_and_2 to None, run_after=None
[2023-04-22T01:58:46.678+0800] {logging_mixin.py:137} INFO - [2023-04-22T01:58:46.678+0800] {dag.py:3452} INFO - Setting next_dagrun for dataset_consumes_1_never_scheduled to None, run_after=None
[2023-04-22T01:58:46.678+0800] {logging_mixin.py:137} INFO - [2023-04-22T01:58:46.678+0800] {dag.py:3452} INFO - Setting next_dagrun for dataset_consumes_unknown_never_scheduled to None, run_after=None
[2023-04-22T01:58:46.680+0800] {logging_mixin.py:137} INFO - [2023-04-22T01:58:46.680+0800] {dag.py:3452} INFO - Setting next_dagrun for dataset_produces_1 to 2023-04-20T00:00:00+00:00, run_after=2023-04-21T00:00:00+00:00
[2023-04-22T01:58:46.681+0800] {logging_mixin.py:137} INFO - [2023-04-22T01:58:46.681+0800] {dag.py:3452} INFO - Setting next_dagrun for dataset_produces_2 to None, run_after=None
[2023-04-22T01:58:46.705+0800] {processor.py:175} INFO - Processing /home/gerardsho/airflow_env/lib/python3.8/site-packages/airflow/example_dags/example_datasets.py took 0.080 seconds
[2023-04-22T01:59:26.134+0800] {processor.py:153} INFO - Started process (PID=3458) to work on /home/gerardsho/airflow_env/lib/python3.8/site-packages/airflow/example_dags/example_datasets.py
[2023-04-22T01:59:26.137+0800] {processor.py:743} INFO - Processing file /home/gerardsho/airflow_env/lib/python3.8/site-packages/airflow/example_dags/example_datasets.py for tasks to queue
[2023-04-22T01:59:26.137+0800] {logging_mixin.py:137} INFO - [2023-04-22T01:59:26.137+0800] {dagbag.py:532} INFO - Filling up the DagBag from /home/gerardsho/airflow_env/lib/python3.8/site-packages/airflow/example_dags/example_datasets.py
[2023-04-22T01:59:26.146+0800] {processor.py:753} INFO - DAG(s) dict_keys(['dataset_consumes_1_and_2', 'dataset_consumes_unknown_never_scheduled', 'dataset_produces_1', 'dataset_consumes_1', 'dataset_produces_2', 'dataset_consumes_1_never_scheduled']) retrieved from /home/gerardsho/airflow_env/lib/python3.8/site-packages/airflow/example_dags/example_datasets.py
[2023-04-22T01:59:26.163+0800] {logging_mixin.py:137} INFO - [2023-04-22T01:59:26.163+0800] {dag.py:2705} INFO - Sync 6 DAGs
[2023-04-22T01:59:26.173+0800] {logging_mixin.py:137} INFO - [2023-04-22T01:59:26.173+0800] {dag.py:3452} INFO - Setting next_dagrun for dataset_consumes_1 to None, run_after=None
[2023-04-22T01:59:26.175+0800] {logging_mixin.py:137} INFO - [2023-04-22T01:59:26.175+0800] {dag.py:3452} INFO - Setting next_dagrun for dataset_consumes_1_and_2 to None, run_after=None
[2023-04-22T01:59:26.175+0800] {logging_mixin.py:137} INFO - [2023-04-22T01:59:26.175+0800] {dag.py:3452} INFO - Setting next_dagrun for dataset_consumes_1_never_scheduled to None, run_after=None
[2023-04-22T01:59:26.176+0800] {logging_mixin.py:137} INFO - [2023-04-22T01:59:26.176+0800] {dag.py:3452} INFO - Setting next_dagrun for dataset_consumes_unknown_never_scheduled to None, run_after=None
[2023-04-22T01:59:26.177+0800] {logging_mixin.py:137} INFO - [2023-04-22T01:59:26.177+0800] {dag.py:3452} INFO - Setting next_dagrun for dataset_produces_1 to 2023-04-20T00:00:00+00:00, run_after=2023-04-21T00:00:00+00:00
[2023-04-22T01:59:26.177+0800] {logging_mixin.py:137} INFO - [2023-04-22T01:59:26.177+0800] {dag.py:3452} INFO - Setting next_dagrun for dataset_produces_2 to None, run_after=None
[2023-04-22T01:59:26.197+0800] {processor.py:175} INFO - Processing /home/gerardsho/airflow_env/lib/python3.8/site-packages/airflow/example_dags/example_datasets.py took 0.066 seconds
[2023-04-22T02:00:38.987+0800] {processor.py:153} INFO - Started process (PID=3515) to work on /home/gerardsho/airflow_env/lib/python3.8/site-packages/airflow/example_dags/example_datasets.py
[2023-04-22T02:00:38.990+0800] {processor.py:743} INFO - Processing file /home/gerardsho/airflow_env/lib/python3.8/site-packages/airflow/example_dags/example_datasets.py for tasks to queue
[2023-04-22T02:00:38.991+0800] {logging_mixin.py:137} INFO - [2023-04-22T02:00:38.991+0800] {dagbag.py:532} INFO - Filling up the DagBag from /home/gerardsho/airflow_env/lib/python3.8/site-packages/airflow/example_dags/example_datasets.py
[2023-04-22T02:00:39.000+0800] {processor.py:753} INFO - DAG(s) dict_keys(['dataset_produces_1', 'dataset_consumes_1_and_2', 'dataset_consumes_1_never_scheduled', 'dataset_produces_2', 'dataset_consumes_unknown_never_scheduled', 'dataset_consumes_1']) retrieved from /home/gerardsho/airflow_env/lib/python3.8/site-packages/airflow/example_dags/example_datasets.py
[2023-04-22T02:00:39.069+0800] {logging_mixin.py:137} INFO - [2023-04-22T02:00:39.068+0800] {manager.py:504} INFO - Created Permission View: can edit on DAG:dataset_produces_1
[2023-04-22T02:00:39.079+0800] {logging_mixin.py:137} INFO - [2023-04-22T02:00:39.079+0800] {manager.py:504} INFO - Created Permission View: can delete on DAG:dataset_produces_1
[2023-04-22T02:00:39.086+0800] {logging_mixin.py:137} INFO - [2023-04-22T02:00:39.086+0800] {manager.py:504} INFO - Created Permission View: can read on DAG:dataset_produces_1
[2023-04-22T02:00:39.116+0800] {logging_mixin.py:137} INFO - [2023-04-22T02:00:39.116+0800] {manager.py:504} INFO - Created Permission View: can edit on DAG:dataset_consumes_1_and_2
[2023-04-22T02:00:39.128+0800] {logging_mixin.py:137} INFO - [2023-04-22T02:00:39.127+0800] {manager.py:504} INFO - Created Permission View: can delete on DAG:dataset_consumes_1_and_2
[2023-04-22T02:00:39.141+0800] {logging_mixin.py:137} INFO - [2023-04-22T02:00:39.141+0800] {manager.py:504} INFO - Created Permission View: can read on DAG:dataset_consumes_1_and_2
[2023-04-22T02:00:39.166+0800] {logging_mixin.py:137} INFO - [2023-04-22T02:00:39.165+0800] {manager.py:504} INFO - Created Permission View: can edit on DAG:dataset_consumes_1_never_scheduled
[2023-04-22T02:00:39.178+0800] {logging_mixin.py:137} INFO - [2023-04-22T02:00:39.178+0800] {manager.py:504} INFO - Created Permission View: can delete on DAG:dataset_consumes_1_never_scheduled
[2023-04-22T02:00:39.190+0800] {logging_mixin.py:137} INFO - [2023-04-22T02:00:39.189+0800] {manager.py:504} INFO - Created Permission View: can read on DAG:dataset_consumes_1_never_scheduled
[2023-04-22T02:00:39.227+0800] {logging_mixin.py:137} INFO - [2023-04-22T02:00:39.227+0800] {manager.py:504} INFO - Created Permission View: can edit on DAG:dataset_produces_2
[2023-04-22T02:00:39.240+0800] {logging_mixin.py:137} INFO - [2023-04-22T02:00:39.239+0800] {manager.py:504} INFO - Created Permission View: can delete on DAG:dataset_produces_2
[2023-04-22T02:00:39.250+0800] {logging_mixin.py:137} INFO - [2023-04-22T02:00:39.250+0800] {manager.py:504} INFO - Created Permission View: can read on DAG:dataset_produces_2
[2023-04-22T02:00:39.269+0800] {logging_mixin.py:137} INFO - [2023-04-22T02:00:39.269+0800] {manager.py:504} INFO - Created Permission View: can edit on DAG:dataset_consumes_unknown_never_scheduled
[2023-04-22T02:00:39.278+0800] {logging_mixin.py:137} INFO - [2023-04-22T02:00:39.278+0800] {manager.py:504} INFO - Created Permission View: can delete on DAG:dataset_consumes_unknown_never_scheduled
[2023-04-22T02:00:39.286+0800] {logging_mixin.py:137} INFO - [2023-04-22T02:00:39.285+0800] {manager.py:504} INFO - Created Permission View: can read on DAG:dataset_consumes_unknown_never_scheduled
[2023-04-22T02:00:39.301+0800] {logging_mixin.py:137} INFO - [2023-04-22T02:00:39.300+0800] {manager.py:504} INFO - Created Permission View: can edit on DAG:dataset_consumes_1
[2023-04-22T02:00:39.309+0800] {logging_mixin.py:137} INFO - [2023-04-22T02:00:39.309+0800] {manager.py:504} INFO - Created Permission View: can delete on DAG:dataset_consumes_1
[2023-04-22T02:00:39.317+0800] {logging_mixin.py:137} INFO - [2023-04-22T02:00:39.317+0800] {manager.py:504} INFO - Created Permission View: can read on DAG:dataset_consumes_1
[2023-04-22T02:00:39.317+0800] {logging_mixin.py:137} INFO - [2023-04-22T02:00:39.317+0800] {dag.py:2705} INFO - Sync 6 DAGs
[2023-04-22T02:00:39.326+0800] {logging_mixin.py:137} INFO - [2023-04-22T02:00:39.326+0800] {dag.py:2726} INFO - Creating ORM DAG for dataset_consumes_1_and_2
[2023-04-22T02:00:39.326+0800] {logging_mixin.py:137} INFO - [2023-04-22T02:00:39.326+0800] {dag.py:2726} INFO - Creating ORM DAG for dataset_consumes_1_never_scheduled
[2023-04-22T02:00:39.326+0800] {logging_mixin.py:137} INFO - [2023-04-22T02:00:39.326+0800] {dag.py:2726} INFO - Creating ORM DAG for dataset_produces_1
[2023-04-22T02:00:39.326+0800] {logging_mixin.py:137} INFO - [2023-04-22T02:00:39.326+0800] {dag.py:2726} INFO - Creating ORM DAG for dataset_produces_2
[2023-04-22T02:00:39.327+0800] {logging_mixin.py:137} INFO - [2023-04-22T02:00:39.327+0800] {dag.py:2726} INFO - Creating ORM DAG for dataset_consumes_unknown_never_scheduled
[2023-04-22T02:00:39.327+0800] {logging_mixin.py:137} INFO - [2023-04-22T02:00:39.327+0800] {dag.py:2726} INFO - Creating ORM DAG for dataset_consumes_1
[2023-04-22T02:00:39.331+0800] {logging_mixin.py:137} INFO - [2023-04-22T02:00:39.331+0800] {dag.py:3452} INFO - Setting next_dagrun for dataset_consumes_1 to None, run_after=None
[2023-04-22T02:00:39.332+0800] {logging_mixin.py:137} INFO - [2023-04-22T02:00:39.332+0800] {dag.py:3452} INFO - Setting next_dagrun for dataset_consumes_1_and_2 to None, run_after=None
[2023-04-22T02:00:39.332+0800] {logging_mixin.py:137} INFO - [2023-04-22T02:00:39.332+0800] {dag.py:3452} INFO - Setting next_dagrun for dataset_consumes_1_never_scheduled to None, run_after=None
[2023-04-22T02:00:39.332+0800] {logging_mixin.py:137} INFO - [2023-04-22T02:00:39.332+0800] {dag.py:3452} INFO - Setting next_dagrun for dataset_consumes_unknown_never_scheduled to None, run_after=None
[2023-04-22T02:00:39.333+0800] {logging_mixin.py:137} INFO - [2023-04-22T02:00:39.333+0800] {dag.py:3452} INFO - Setting next_dagrun for dataset_produces_1 to 2023-04-20T00:00:00+00:00, run_after=2023-04-21T00:00:00+00:00
[2023-04-22T02:00:39.333+0800] {logging_mixin.py:137} INFO - [2023-04-22T02:00:39.333+0800] {dag.py:3452} INFO - Setting next_dagrun for dataset_produces_2 to None, run_after=None
[2023-04-22T02:00:39.368+0800] {processor.py:175} INFO - Processing /home/gerardsho/airflow_env/lib/python3.8/site-packages/airflow/example_dags/example_datasets.py took 0.384 seconds
[2023-04-22T02:01:23.274+0800] {processor.py:153} INFO - Started process (PID=3565) to work on /home/gerardsho/airflow_env/lib/python3.8/site-packages/airflow/example_dags/example_datasets.py
[2023-04-22T02:01:23.276+0800] {processor.py:743} INFO - Processing file /home/gerardsho/airflow_env/lib/python3.8/site-packages/airflow/example_dags/example_datasets.py for tasks to queue
[2023-04-22T02:01:23.277+0800] {logging_mixin.py:137} INFO - [2023-04-22T02:01:23.277+0800] {dagbag.py:532} INFO - Filling up the DagBag from /home/gerardsho/airflow_env/lib/python3.8/site-packages/airflow/example_dags/example_datasets.py
[2023-04-22T02:01:23.285+0800] {processor.py:753} INFO - DAG(s) dict_keys(['dataset_consumes_1_never_scheduled', 'dataset_consumes_1_and_2', 'dataset_consumes_1', 'dataset_produces_2', 'dataset_produces_1', 'dataset_consumes_unknown_never_scheduled']) retrieved from /home/gerardsho/airflow_env/lib/python3.8/site-packages/airflow/example_dags/example_datasets.py
[2023-04-22T02:01:23.305+0800] {logging_mixin.py:137} INFO - [2023-04-22T02:01:23.305+0800] {dag.py:2705} INFO - Sync 6 DAGs
[2023-04-22T02:01:23.316+0800] {logging_mixin.py:137} INFO - [2023-04-22T02:01:23.316+0800] {dag.py:3452} INFO - Setting next_dagrun for dataset_consumes_1 to None, run_after=None
[2023-04-22T02:01:23.317+0800] {logging_mixin.py:137} INFO - [2023-04-22T02:01:23.317+0800] {dag.py:3452} INFO - Setting next_dagrun for dataset_consumes_1_and_2 to None, run_after=None
[2023-04-22T02:01:23.318+0800] {logging_mixin.py:137} INFO - [2023-04-22T02:01:23.318+0800] {dag.py:3452} INFO - Setting next_dagrun for dataset_consumes_1_never_scheduled to None, run_after=None
[2023-04-22T02:01:23.318+0800] {logging_mixin.py:137} INFO - [2023-04-22T02:01:23.318+0800] {dag.py:3452} INFO - Setting next_dagrun for dataset_consumes_unknown_never_scheduled to None, run_after=None
[2023-04-22T02:01:23.319+0800] {logging_mixin.py:137} INFO - [2023-04-22T02:01:23.319+0800] {dag.py:3452} INFO - Setting next_dagrun for dataset_produces_1 to 2023-04-20T00:00:00+00:00, run_after=2023-04-21T00:00:00+00:00
[2023-04-22T02:01:23.320+0800] {logging_mixin.py:137} INFO - [2023-04-22T02:01:23.320+0800] {dag.py:3452} INFO - Setting next_dagrun for dataset_produces_2 to None, run_after=None
[2023-04-22T02:01:23.344+0800] {processor.py:175} INFO - Processing /home/gerardsho/airflow_env/lib/python3.8/site-packages/airflow/example_dags/example_datasets.py took 0.072 seconds
[2023-04-22T02:02:03.319+0800] {processor.py:153} INFO - Started process (PID=3607) to work on /home/gerardsho/airflow_env/lib/python3.8/site-packages/airflow/example_dags/example_datasets.py
[2023-04-22T02:02:03.322+0800] {processor.py:743} INFO - Processing file /home/gerardsho/airflow_env/lib/python3.8/site-packages/airflow/example_dags/example_datasets.py for tasks to queue
[2023-04-22T02:02:03.322+0800] {logging_mixin.py:137} INFO - [2023-04-22T02:02:03.322+0800] {dagbag.py:532} INFO - Filling up the DagBag from /home/gerardsho/airflow_env/lib/python3.8/site-packages/airflow/example_dags/example_datasets.py
[2023-04-22T02:02:03.332+0800] {processor.py:753} INFO - DAG(s) dict_keys(['dataset_consumes_1_and_2', 'dataset_consumes_unknown_never_scheduled', 'dataset_produces_2', 'dataset_consumes_1', 'dataset_consumes_1_never_scheduled', 'dataset_produces_1']) retrieved from /home/gerardsho/airflow_env/lib/python3.8/site-packages/airflow/example_dags/example_datasets.py
[2023-04-22T02:02:03.348+0800] {logging_mixin.py:137} INFO - [2023-04-22T02:02:03.348+0800] {dag.py:2705} INFO - Sync 6 DAGs
[2023-04-22T02:02:03.360+0800] {logging_mixin.py:137} INFO - [2023-04-22T02:02:03.360+0800] {dag.py:3452} INFO - Setting next_dagrun for dataset_consumes_1 to None, run_after=None
[2023-04-22T02:02:03.362+0800] {logging_mixin.py:137} INFO - [2023-04-22T02:02:03.362+0800] {dag.py:3452} INFO - Setting next_dagrun for dataset_consumes_1_and_2 to None, run_after=None
[2023-04-22T02:02:03.363+0800] {logging_mixin.py:137} INFO - [2023-04-22T02:02:03.363+0800] {dag.py:3452} INFO - Setting next_dagrun for dataset_consumes_1_never_scheduled to None, run_after=None
[2023-04-22T02:02:03.364+0800] {logging_mixin.py:137} INFO - [2023-04-22T02:02:03.364+0800] {dag.py:3452} INFO - Setting next_dagrun for dataset_consumes_unknown_never_scheduled to None, run_after=None
[2023-04-22T02:02:03.366+0800] {logging_mixin.py:137} INFO - [2023-04-22T02:02:03.366+0800] {dag.py:3452} INFO - Setting next_dagrun for dataset_produces_1 to 2023-04-20T00:00:00+00:00, run_after=2023-04-21T00:00:00+00:00
[2023-04-22T02:02:03.368+0800] {logging_mixin.py:137} INFO - [2023-04-22T02:02:03.368+0800] {dag.py:3452} INFO - Setting next_dagrun for dataset_produces_2 to None, run_after=None
[2023-04-22T02:02:03.398+0800] {processor.py:175} INFO - Processing /home/gerardsho/airflow_env/lib/python3.8/site-packages/airflow/example_dags/example_datasets.py took 0.082 seconds
[2023-04-22T02:02:43.959+0800] {processor.py:153} INFO - Started process (PID=3659) to work on /home/gerardsho/airflow_env/lib/python3.8/site-packages/airflow/example_dags/example_datasets.py
[2023-04-22T02:02:43.963+0800] {processor.py:743} INFO - Processing file /home/gerardsho/airflow_env/lib/python3.8/site-packages/airflow/example_dags/example_datasets.py for tasks to queue
[2023-04-22T02:02:43.964+0800] {logging_mixin.py:137} INFO - [2023-04-22T02:02:43.964+0800] {dagbag.py:532} INFO - Filling up the DagBag from /home/gerardsho/airflow_env/lib/python3.8/site-packages/airflow/example_dags/example_datasets.py
[2023-04-22T02:02:43.973+0800] {processor.py:753} INFO - DAG(s) dict_keys(['dataset_consumes_1_never_scheduled', 'dataset_produces_2', 'dataset_produces_1', 'dataset_consumes_1', 'dataset_consumes_unknown_never_scheduled', 'dataset_consumes_1_and_2']) retrieved from /home/gerardsho/airflow_env/lib/python3.8/site-packages/airflow/example_dags/example_datasets.py
[2023-04-22T02:02:43.991+0800] {logging_mixin.py:137} INFO - [2023-04-22T02:02:43.991+0800] {dag.py:2705} INFO - Sync 6 DAGs
[2023-04-22T02:02:44.002+0800] {logging_mixin.py:137} INFO - [2023-04-22T02:02:44.002+0800] {dag.py:3452} INFO - Setting next_dagrun for dataset_consumes_1 to None, run_after=None
[2023-04-22T02:02:44.004+0800] {logging_mixin.py:137} INFO - [2023-04-22T02:02:44.004+0800] {dag.py:3452} INFO - Setting next_dagrun for dataset_consumes_1_and_2 to None, run_after=None
[2023-04-22T02:02:44.004+0800] {logging_mixin.py:137} INFO - [2023-04-22T02:02:44.004+0800] {dag.py:3452} INFO - Setting next_dagrun for dataset_consumes_1_never_scheduled to None, run_after=None
[2023-04-22T02:02:44.005+0800] {logging_mixin.py:137} INFO - [2023-04-22T02:02:44.005+0800] {dag.py:3452} INFO - Setting next_dagrun for dataset_consumes_unknown_never_scheduled to None, run_after=None
[2023-04-22T02:02:44.006+0800] {logging_mixin.py:137} INFO - [2023-04-22T02:02:44.006+0800] {dag.py:3452} INFO - Setting next_dagrun for dataset_produces_1 to 2023-04-20T00:00:00+00:00, run_after=2023-04-21T00:00:00+00:00
[2023-04-22T02:02:44.006+0800] {logging_mixin.py:137} INFO - [2023-04-22T02:02:44.006+0800] {dag.py:3452} INFO - Setting next_dagrun for dataset_produces_2 to None, run_after=None
[2023-04-22T02:02:44.029+0800] {processor.py:175} INFO - Processing /home/gerardsho/airflow_env/lib/python3.8/site-packages/airflow/example_dags/example_datasets.py took 0.072 seconds
[2023-04-22T02:03:26.871+0800] {processor.py:153} INFO - Started process (PID=3706) to work on /home/gerardsho/airflow_env/lib/python3.8/site-packages/airflow/example_dags/example_datasets.py
[2023-04-22T02:03:26.874+0800] {processor.py:743} INFO - Processing file /home/gerardsho/airflow_env/lib/python3.8/site-packages/airflow/example_dags/example_datasets.py for tasks to queue
[2023-04-22T02:03:26.875+0800] {logging_mixin.py:137} INFO - [2023-04-22T02:03:26.875+0800] {dagbag.py:532} INFO - Filling up the DagBag from /home/gerardsho/airflow_env/lib/python3.8/site-packages/airflow/example_dags/example_datasets.py
[2023-04-22T02:03:26.887+0800] {processor.py:753} INFO - DAG(s) dict_keys(['dataset_consumes_unknown_never_scheduled', 'dataset_consumes_1_and_2', 'dataset_consumes_1', 'dataset_produces_1', 'dataset_produces_2', 'dataset_consumes_1_never_scheduled']) retrieved from /home/gerardsho/airflow_env/lib/python3.8/site-packages/airflow/example_dags/example_datasets.py
[2023-04-22T02:03:26.908+0800] {logging_mixin.py:137} INFO - [2023-04-22T02:03:26.907+0800] {dag.py:2705} INFO - Sync 6 DAGs
[2023-04-22T02:03:26.920+0800] {logging_mixin.py:137} INFO - [2023-04-22T02:03:26.920+0800] {dag.py:3452} INFO - Setting next_dagrun for dataset_consumes_1 to None, run_after=None
[2023-04-22T02:03:26.922+0800] {logging_mixin.py:137} INFO - [2023-04-22T02:03:26.922+0800] {dag.py:3452} INFO - Setting next_dagrun for dataset_consumes_1_and_2 to None, run_after=None
[2023-04-22T02:03:26.923+0800] {logging_mixin.py:137} INFO - [2023-04-22T02:03:26.923+0800] {dag.py:3452} INFO - Setting next_dagrun for dataset_consumes_1_never_scheduled to None, run_after=None
[2023-04-22T02:03:26.923+0800] {logging_mixin.py:137} INFO - [2023-04-22T02:03:26.923+0800] {dag.py:3452} INFO - Setting next_dagrun for dataset_consumes_unknown_never_scheduled to None, run_after=None
[2023-04-22T02:03:26.924+0800] {logging_mixin.py:137} INFO - [2023-04-22T02:03:26.924+0800] {dag.py:3452} INFO - Setting next_dagrun for dataset_produces_1 to 2023-04-20T00:00:00+00:00, run_after=2023-04-21T00:00:00+00:00
[2023-04-22T02:03:26.925+0800] {logging_mixin.py:137} INFO - [2023-04-22T02:03:26.925+0800] {dag.py:3452} INFO - Setting next_dagrun for dataset_produces_2 to None, run_after=None
[2023-04-22T02:03:26.947+0800] {processor.py:175} INFO - Processing /home/gerardsho/airflow_env/lib/python3.8/site-packages/airflow/example_dags/example_datasets.py took 0.078 seconds
[2023-04-22T02:04:05.644+0800] {processor.py:153} INFO - Started process (PID=3752) to work on /home/gerardsho/airflow_env/lib/python3.8/site-packages/airflow/example_dags/example_datasets.py
[2023-04-22T02:04:05.648+0800] {processor.py:743} INFO - Processing file /home/gerardsho/airflow_env/lib/python3.8/site-packages/airflow/example_dags/example_datasets.py for tasks to queue
[2023-04-22T02:04:05.648+0800] {logging_mixin.py:137} INFO - [2023-04-22T02:04:05.648+0800] {dagbag.py:532} INFO - Filling up the DagBag from /home/gerardsho/airflow_env/lib/python3.8/site-packages/airflow/example_dags/example_datasets.py
[2023-04-22T02:04:05.657+0800] {processor.py:753} INFO - DAG(s) dict_keys(['dataset_consumes_unknown_never_scheduled', 'dataset_consumes_1_and_2', 'dataset_produces_2', 'dataset_consumes_1_never_scheduled', 'dataset_produces_1', 'dataset_consumes_1']) retrieved from /home/gerardsho/airflow_env/lib/python3.8/site-packages/airflow/example_dags/example_datasets.py
[2023-04-22T02:04:05.674+0800] {logging_mixin.py:137} INFO - [2023-04-22T02:04:05.674+0800] {dag.py:2705} INFO - Sync 6 DAGs
[2023-04-22T02:04:05.685+0800] {logging_mixin.py:137} INFO - [2023-04-22T02:04:05.685+0800] {dag.py:3452} INFO - Setting next_dagrun for dataset_consumes_1 to None, run_after=None
[2023-04-22T02:04:05.688+0800] {logging_mixin.py:137} INFO - [2023-04-22T02:04:05.688+0800] {dag.py:3452} INFO - Setting next_dagrun for dataset_consumes_1_and_2 to None, run_after=None
[2023-04-22T02:04:05.688+0800] {logging_mixin.py:137} INFO - [2023-04-22T02:04:05.688+0800] {dag.py:3452} INFO - Setting next_dagrun for dataset_consumes_1_never_scheduled to None, run_after=None
[2023-04-22T02:04:05.689+0800] {logging_mixin.py:137} INFO - [2023-04-22T02:04:05.689+0800] {dag.py:3452} INFO - Setting next_dagrun for dataset_consumes_unknown_never_scheduled to None, run_after=None
[2023-04-22T02:04:05.690+0800] {logging_mixin.py:137} INFO - [2023-04-22T02:04:05.690+0800] {dag.py:3452} INFO - Setting next_dagrun for dataset_produces_1 to 2023-04-20T00:00:00+00:00, run_after=2023-04-21T00:00:00+00:00
[2023-04-22T02:04:05.690+0800] {logging_mixin.py:137} INFO - [2023-04-22T02:04:05.690+0800] {dag.py:3452} INFO - Setting next_dagrun for dataset_produces_2 to None, run_after=None
[2023-04-22T02:04:05.713+0800] {processor.py:175} INFO - Processing /home/gerardsho/airflow_env/lib/python3.8/site-packages/airflow/example_dags/example_datasets.py took 0.071 seconds
[2023-04-22T02:04:46.835+0800] {processor.py:153} INFO - Started process (PID=3794) to work on /home/gerardsho/airflow_env/lib/python3.8/site-packages/airflow/example_dags/example_datasets.py
[2023-04-22T02:04:46.838+0800] {processor.py:743} INFO - Processing file /home/gerardsho/airflow_env/lib/python3.8/site-packages/airflow/example_dags/example_datasets.py for tasks to queue
[2023-04-22T02:04:46.838+0800] {logging_mixin.py:137} INFO - [2023-04-22T02:04:46.838+0800] {dagbag.py:532} INFO - Filling up the DagBag from /home/gerardsho/airflow_env/lib/python3.8/site-packages/airflow/example_dags/example_datasets.py
[2023-04-22T02:04:46.848+0800] {processor.py:753} INFO - DAG(s) dict_keys(['dataset_produces_1', 'dataset_consumes_1_and_2', 'dataset_consumes_1_never_scheduled', 'dataset_consumes_unknown_never_scheduled', 'dataset_produces_2', 'dataset_consumes_1']) retrieved from /home/gerardsho/airflow_env/lib/python3.8/site-packages/airflow/example_dags/example_datasets.py
[2023-04-22T02:04:46.865+0800] {logging_mixin.py:137} INFO - [2023-04-22T02:04:46.865+0800] {dag.py:2705} INFO - Sync 6 DAGs
[2023-04-22T02:04:46.875+0800] {logging_mixin.py:137} INFO - [2023-04-22T02:04:46.875+0800] {dag.py:3452} INFO - Setting next_dagrun for dataset_consumes_1 to None, run_after=None
[2023-04-22T02:04:46.877+0800] {logging_mixin.py:137} INFO - [2023-04-22T02:04:46.877+0800] {dag.py:3452} INFO - Setting next_dagrun for dataset_consumes_1_and_2 to None, run_after=None
[2023-04-22T02:04:46.877+0800] {logging_mixin.py:137} INFO - [2023-04-22T02:04:46.877+0800] {dag.py:3452} INFO - Setting next_dagrun for dataset_consumes_1_never_scheduled to None, run_after=None
[2023-04-22T02:04:46.878+0800] {logging_mixin.py:137} INFO - [2023-04-22T02:04:46.878+0800] {dag.py:3452} INFO - Setting next_dagrun for dataset_consumes_unknown_never_scheduled to None, run_after=None
[2023-04-22T02:04:46.879+0800] {logging_mixin.py:137} INFO - [2023-04-22T02:04:46.879+0800] {dag.py:3452} INFO - Setting next_dagrun for dataset_produces_1 to 2023-04-20T00:00:00+00:00, run_after=2023-04-21T00:00:00+00:00
[2023-04-22T02:04:46.879+0800] {logging_mixin.py:137} INFO - [2023-04-22T02:04:46.879+0800] {dag.py:3452} INFO - Setting next_dagrun for dataset_produces_2 to None, run_after=None
[2023-04-22T02:04:46.900+0800] {processor.py:175} INFO - Processing /home/gerardsho/airflow_env/lib/python3.8/site-packages/airflow/example_dags/example_datasets.py took 0.068 seconds
