[2023-04-22T01:48:18.869+0800] {processor.py:153} INFO - Started process (PID=2726) to work on /home/gerardsho/airflow_env/lib/python3.8/site-packages/airflow/example_dags/example_kubernetes_executor.py
[2023-04-22T01:48:18.870+0800] {processor.py:743} INFO - Processing file /home/gerardsho/airflow_env/lib/python3.8/site-packages/airflow/example_dags/example_kubernetes_executor.py for tasks to queue
[2023-04-22T01:48:18.870+0800] {logging_mixin.py:137} INFO - [2023-04-22T01:48:18.870+0800] {dagbag.py:532} INFO - Filling up the DagBag from /home/gerardsho/airflow_env/lib/python3.8/site-packages/airflow/example_dags/example_kubernetes_executor.py
[2023-04-22T01:48:18.879+0800] {logging_mixin.py:137} INFO - [2023-04-22T01:48:18.879+0800] {example_kubernetes_executor.py:41} WARNING - The example_kubernetes_executor example DAG requires the kubernetes provider. Please install it with: pip install apache-airflow[cncf.kubernetes]
[2023-04-22T01:48:18.879+0800] {processor.py:755} WARNING - No viable dags retrieved from /home/gerardsho/airflow_env/lib/python3.8/site-packages/airflow/example_dags/example_kubernetes_executor.py
[2023-04-22T01:48:18.884+0800] {processor.py:175} INFO - Processing /home/gerardsho/airflow_env/lib/python3.8/site-packages/airflow/example_dags/example_kubernetes_executor.py took 0.017 seconds
[2023-04-22T01:49:09.910+0800] {processor.py:153} INFO - Started process (PID=2769) to work on /home/gerardsho/airflow_env/lib/python3.8/site-packages/airflow/example_dags/example_kubernetes_executor.py
[2023-04-22T01:49:09.913+0800] {processor.py:743} INFO - Processing file /home/gerardsho/airflow_env/lib/python3.8/site-packages/airflow/example_dags/example_kubernetes_executor.py for tasks to queue
[2023-04-22T01:49:09.914+0800] {logging_mixin.py:137} INFO - [2023-04-22T01:49:09.914+0800] {dagbag.py:532} INFO - Filling up the DagBag from /home/gerardsho/airflow_env/lib/python3.8/site-packages/airflow/example_dags/example_kubernetes_executor.py
[2023-04-22T01:49:09.923+0800] {logging_mixin.py:137} INFO - [2023-04-22T01:49:09.923+0800] {example_kubernetes_executor.py:41} WARNING - The example_kubernetes_executor example DAG requires the kubernetes provider. Please install it with: pip install apache-airflow[cncf.kubernetes]
[2023-04-22T01:49:09.923+0800] {processor.py:755} WARNING - No viable dags retrieved from /home/gerardsho/airflow_env/lib/python3.8/site-packages/airflow/example_dags/example_kubernetes_executor.py
[2023-04-22T01:49:09.928+0800] {processor.py:175} INFO - Processing /home/gerardsho/airflow_env/lib/python3.8/site-packages/airflow/example_dags/example_kubernetes_executor.py took 0.020 seconds
[2023-04-22T01:49:52.170+0800] {processor.py:153} INFO - Started process (PID=2812) to work on /home/gerardsho/airflow_env/lib/python3.8/site-packages/airflow/example_dags/example_kubernetes_executor.py
[2023-04-22T01:49:52.173+0800] {processor.py:743} INFO - Processing file /home/gerardsho/airflow_env/lib/python3.8/site-packages/airflow/example_dags/example_kubernetes_executor.py for tasks to queue
[2023-04-22T01:49:52.174+0800] {logging_mixin.py:137} INFO - [2023-04-22T01:49:52.174+0800] {dagbag.py:532} INFO - Filling up the DagBag from /home/gerardsho/airflow_env/lib/python3.8/site-packages/airflow/example_dags/example_kubernetes_executor.py
[2023-04-22T01:49:52.187+0800] {logging_mixin.py:137} INFO - [2023-04-22T01:49:52.186+0800] {example_kubernetes_executor.py:41} WARNING - The example_kubernetes_executor example DAG requires the kubernetes provider. Please install it with: pip install apache-airflow[cncf.kubernetes]
[2023-04-22T01:49:52.187+0800] {processor.py:755} WARNING - No viable dags retrieved from /home/gerardsho/airflow_env/lib/python3.8/site-packages/airflow/example_dags/example_kubernetes_executor.py
[2023-04-22T01:49:52.193+0800] {processor.py:175} INFO - Processing /home/gerardsho/airflow_env/lib/python3.8/site-packages/airflow/example_dags/example_kubernetes_executor.py took 0.024 seconds
[2023-04-22T01:50:29.855+0800] {processor.py:153} INFO - Started process (PID=2856) to work on /home/gerardsho/airflow_env/lib/python3.8/site-packages/airflow/example_dags/example_kubernetes_executor.py
[2023-04-22T01:50:29.859+0800] {processor.py:743} INFO - Processing file /home/gerardsho/airflow_env/lib/python3.8/site-packages/airflow/example_dags/example_kubernetes_executor.py for tasks to queue
[2023-04-22T01:50:29.859+0800] {logging_mixin.py:137} INFO - [2023-04-22T01:50:29.859+0800] {dagbag.py:532} INFO - Filling up the DagBag from /home/gerardsho/airflow_env/lib/python3.8/site-packages/airflow/example_dags/example_kubernetes_executor.py
[2023-04-22T01:50:29.868+0800] {logging_mixin.py:137} INFO - [2023-04-22T01:50:29.868+0800] {example_kubernetes_executor.py:41} WARNING - The example_kubernetes_executor example DAG requires the kubernetes provider. Please install it with: pip install apache-airflow[cncf.kubernetes]
[2023-04-22T01:50:29.868+0800] {processor.py:755} WARNING - No viable dags retrieved from /home/gerardsho/airflow_env/lib/python3.8/site-packages/airflow/example_dags/example_kubernetes_executor.py
[2023-04-22T01:50:29.874+0800] {processor.py:175} INFO - Processing /home/gerardsho/airflow_env/lib/python3.8/site-packages/airflow/example_dags/example_kubernetes_executor.py took 0.021 seconds
[2023-04-22T01:51:12.220+0800] {processor.py:153} INFO - Started process (PID=2912) to work on /home/gerardsho/airflow_env/lib/python3.8/site-packages/airflow/example_dags/example_kubernetes_executor.py
[2023-04-22T01:51:12.223+0800] {processor.py:743} INFO - Processing file /home/gerardsho/airflow_env/lib/python3.8/site-packages/airflow/example_dags/example_kubernetes_executor.py for tasks to queue
[2023-04-22T01:51:12.224+0800] {logging_mixin.py:137} INFO - [2023-04-22T01:51:12.223+0800] {dagbag.py:532} INFO - Filling up the DagBag from /home/gerardsho/airflow_env/lib/python3.8/site-packages/airflow/example_dags/example_kubernetes_executor.py
[2023-04-22T01:51:12.234+0800] {logging_mixin.py:137} INFO - [2023-04-22T01:51:12.234+0800] {example_kubernetes_executor.py:41} WARNING - The example_kubernetes_executor example DAG requires the kubernetes provider. Please install it with: pip install apache-airflow[cncf.kubernetes]
[2023-04-22T01:51:12.234+0800] {processor.py:755} WARNING - No viable dags retrieved from /home/gerardsho/airflow_env/lib/python3.8/site-packages/airflow/example_dags/example_kubernetes_executor.py
[2023-04-22T01:51:12.240+0800] {processor.py:175} INFO - Processing /home/gerardsho/airflow_env/lib/python3.8/site-packages/airflow/example_dags/example_kubernetes_executor.py took 0.022 seconds
[2023-04-22T01:51:53.286+0800] {processor.py:153} INFO - Started process (PID=2963) to work on /home/gerardsho/airflow_env/lib/python3.8/site-packages/airflow/example_dags/example_kubernetes_executor.py
[2023-04-22T01:51:53.289+0800] {processor.py:743} INFO - Processing file /home/gerardsho/airflow_env/lib/python3.8/site-packages/airflow/example_dags/example_kubernetes_executor.py for tasks to queue
[2023-04-22T01:51:53.290+0800] {logging_mixin.py:137} INFO - [2023-04-22T01:51:53.290+0800] {dagbag.py:532} INFO - Filling up the DagBag from /home/gerardsho/airflow_env/lib/python3.8/site-packages/airflow/example_dags/example_kubernetes_executor.py
[2023-04-22T01:51:53.299+0800] {logging_mixin.py:137} INFO - [2023-04-22T01:51:53.299+0800] {example_kubernetes_executor.py:41} WARNING - The example_kubernetes_executor example DAG requires the kubernetes provider. Please install it with: pip install apache-airflow[cncf.kubernetes]
[2023-04-22T01:51:53.299+0800] {processor.py:755} WARNING - No viable dags retrieved from /home/gerardsho/airflow_env/lib/python3.8/site-packages/airflow/example_dags/example_kubernetes_executor.py
[2023-04-22T01:51:53.305+0800] {processor.py:175} INFO - Processing /home/gerardsho/airflow_env/lib/python3.8/site-packages/airflow/example_dags/example_kubernetes_executor.py took 0.021 seconds
[2023-04-22T01:52:34.330+0800] {processor.py:153} INFO - Started process (PID=3005) to work on /home/gerardsho/airflow_env/lib/python3.8/site-packages/airflow/example_dags/example_kubernetes_executor.py
[2023-04-22T01:52:34.331+0800] {processor.py:743} INFO - Processing file /home/gerardsho/airflow_env/lib/python3.8/site-packages/airflow/example_dags/example_kubernetes_executor.py for tasks to queue
[2023-04-22T01:52:34.332+0800] {logging_mixin.py:137} INFO - [2023-04-22T01:52:34.332+0800] {dagbag.py:532} INFO - Filling up the DagBag from /home/gerardsho/airflow_env/lib/python3.8/site-packages/airflow/example_dags/example_kubernetes_executor.py
[2023-04-22T01:52:34.349+0800] {logging_mixin.py:137} INFO - [2023-04-22T01:52:34.349+0800] {example_kubernetes_executor.py:41} WARNING - The example_kubernetes_executor example DAG requires the kubernetes provider. Please install it with: pip install apache-airflow[cncf.kubernetes]
[2023-04-22T01:52:34.349+0800] {processor.py:755} WARNING - No viable dags retrieved from /home/gerardsho/airflow_env/lib/python3.8/site-packages/airflow/example_dags/example_kubernetes_executor.py
[2023-04-22T01:52:34.357+0800] {processor.py:175} INFO - Processing /home/gerardsho/airflow_env/lib/python3.8/site-packages/airflow/example_dags/example_kubernetes_executor.py took 0.029 seconds
[2023-04-22T01:53:15.539+0800] {processor.py:153} INFO - Started process (PID=3047) to work on /home/gerardsho/airflow_env/lib/python3.8/site-packages/airflow/example_dags/example_kubernetes_executor.py
[2023-04-22T01:53:15.543+0800] {processor.py:743} INFO - Processing file /home/gerardsho/airflow_env/lib/python3.8/site-packages/airflow/example_dags/example_kubernetes_executor.py for tasks to queue
[2023-04-22T01:53:15.543+0800] {logging_mixin.py:137} INFO - [2023-04-22T01:53:15.543+0800] {dagbag.py:532} INFO - Filling up the DagBag from /home/gerardsho/airflow_env/lib/python3.8/site-packages/airflow/example_dags/example_kubernetes_executor.py
[2023-04-22T01:53:15.555+0800] {logging_mixin.py:137} INFO - [2023-04-22T01:53:15.555+0800] {example_kubernetes_executor.py:41} WARNING - The example_kubernetes_executor example DAG requires the kubernetes provider. Please install it with: pip install apache-airflow[cncf.kubernetes]
[2023-04-22T01:53:15.555+0800] {processor.py:755} WARNING - No viable dags retrieved from /home/gerardsho/airflow_env/lib/python3.8/site-packages/airflow/example_dags/example_kubernetes_executor.py
[2023-04-22T01:53:15.562+0800] {processor.py:175} INFO - Processing /home/gerardsho/airflow_env/lib/python3.8/site-packages/airflow/example_dags/example_kubernetes_executor.py took 0.025 seconds
[2023-04-22T01:53:54.421+0800] {processor.py:153} INFO - Started process (PID=3089) to work on /home/gerardsho/airflow_env/lib/python3.8/site-packages/airflow/example_dags/example_kubernetes_executor.py
[2023-04-22T01:53:54.424+0800] {processor.py:743} INFO - Processing file /home/gerardsho/airflow_env/lib/python3.8/site-packages/airflow/example_dags/example_kubernetes_executor.py for tasks to queue
[2023-04-22T01:53:54.425+0800] {logging_mixin.py:137} INFO - [2023-04-22T01:53:54.425+0800] {dagbag.py:532} INFO - Filling up the DagBag from /home/gerardsho/airflow_env/lib/python3.8/site-packages/airflow/example_dags/example_kubernetes_executor.py
[2023-04-22T01:53:54.436+0800] {logging_mixin.py:137} INFO - [2023-04-22T01:53:54.435+0800] {example_kubernetes_executor.py:41} WARNING - The example_kubernetes_executor example DAG requires the kubernetes provider. Please install it with: pip install apache-airflow[cncf.kubernetes]
[2023-04-22T01:53:54.436+0800] {processor.py:755} WARNING - No viable dags retrieved from /home/gerardsho/airflow_env/lib/python3.8/site-packages/airflow/example_dags/example_kubernetes_executor.py
[2023-04-22T01:53:54.441+0800] {processor.py:175} INFO - Processing /home/gerardsho/airflow_env/lib/python3.8/site-packages/airflow/example_dags/example_kubernetes_executor.py took 0.023 seconds
[2023-04-22T01:54:34.943+0800] {processor.py:153} INFO - Started process (PID=3133) to work on /home/gerardsho/airflow_env/lib/python3.8/site-packages/airflow/example_dags/example_kubernetes_executor.py
[2023-04-22T01:54:34.944+0800] {processor.py:743} INFO - Processing file /home/gerardsho/airflow_env/lib/python3.8/site-packages/airflow/example_dags/example_kubernetes_executor.py for tasks to queue
[2023-04-22T01:54:34.944+0800] {logging_mixin.py:137} INFO - [2023-04-22T01:54:34.944+0800] {dagbag.py:532} INFO - Filling up the DagBag from /home/gerardsho/airflow_env/lib/python3.8/site-packages/airflow/example_dags/example_kubernetes_executor.py
[2023-04-22T01:54:34.954+0800] {logging_mixin.py:137} INFO - [2023-04-22T01:54:34.954+0800] {example_kubernetes_executor.py:41} WARNING - The example_kubernetes_executor example DAG requires the kubernetes provider. Please install it with: pip install apache-airflow[cncf.kubernetes]
[2023-04-22T01:54:34.954+0800] {processor.py:755} WARNING - No viable dags retrieved from /home/gerardsho/airflow_env/lib/python3.8/site-packages/airflow/example_dags/example_kubernetes_executor.py
[2023-04-22T01:54:34.959+0800] {processor.py:175} INFO - Processing /home/gerardsho/airflow_env/lib/python3.8/site-packages/airflow/example_dags/example_kubernetes_executor.py took 0.019 seconds
[2023-04-22T01:55:17.773+0800] {processor.py:153} INFO - Started process (PID=3179) to work on /home/gerardsho/airflow_env/lib/python3.8/site-packages/airflow/example_dags/example_kubernetes_executor.py
[2023-04-22T01:55:17.776+0800] {processor.py:743} INFO - Processing file /home/gerardsho/airflow_env/lib/python3.8/site-packages/airflow/example_dags/example_kubernetes_executor.py for tasks to queue
[2023-04-22T01:55:17.777+0800] {logging_mixin.py:137} INFO - [2023-04-22T01:55:17.776+0800] {dagbag.py:532} INFO - Filling up the DagBag from /home/gerardsho/airflow_env/lib/python3.8/site-packages/airflow/example_dags/example_kubernetes_executor.py
[2023-04-22T01:55:17.786+0800] {logging_mixin.py:137} INFO - [2023-04-22T01:55:17.786+0800] {example_kubernetes_executor.py:41} WARNING - The example_kubernetes_executor example DAG requires the kubernetes provider. Please install it with: pip install apache-airflow[cncf.kubernetes]
[2023-04-22T01:55:17.787+0800] {processor.py:755} WARNING - No viable dags retrieved from /home/gerardsho/airflow_env/lib/python3.8/site-packages/airflow/example_dags/example_kubernetes_executor.py
[2023-04-22T01:55:17.792+0800] {processor.py:175} INFO - Processing /home/gerardsho/airflow_env/lib/python3.8/site-packages/airflow/example_dags/example_kubernetes_executor.py took 0.020 seconds
[2023-04-22T01:55:57.181+0800] {processor.py:153} INFO - Started process (PID=3224) to work on /home/gerardsho/airflow_env/lib/python3.8/site-packages/airflow/example_dags/example_kubernetes_executor.py
[2023-04-22T01:55:57.184+0800] {processor.py:743} INFO - Processing file /home/gerardsho/airflow_env/lib/python3.8/site-packages/airflow/example_dags/example_kubernetes_executor.py for tasks to queue
[2023-04-22T01:55:57.185+0800] {logging_mixin.py:137} INFO - [2023-04-22T01:55:57.185+0800] {dagbag.py:532} INFO - Filling up the DagBag from /home/gerardsho/airflow_env/lib/python3.8/site-packages/airflow/example_dags/example_kubernetes_executor.py
[2023-04-22T01:55:57.193+0800] {logging_mixin.py:137} INFO - [2023-04-22T01:55:57.193+0800] {example_kubernetes_executor.py:41} WARNING - The example_kubernetes_executor example DAG requires the kubernetes provider. Please install it with: pip install apache-airflow[cncf.kubernetes]
[2023-04-22T01:55:57.193+0800] {processor.py:755} WARNING - No viable dags retrieved from /home/gerardsho/airflow_env/lib/python3.8/site-packages/airflow/example_dags/example_kubernetes_executor.py
[2023-04-22T01:55:57.198+0800] {processor.py:175} INFO - Processing /home/gerardsho/airflow_env/lib/python3.8/site-packages/airflow/example_dags/example_kubernetes_executor.py took 0.020 seconds
[2023-04-22T01:56:38.775+0800] {processor.py:153} INFO - Started process (PID=3271) to work on /home/gerardsho/airflow_env/lib/python3.8/site-packages/airflow/example_dags/example_kubernetes_executor.py
[2023-04-22T01:56:38.778+0800] {processor.py:743} INFO - Processing file /home/gerardsho/airflow_env/lib/python3.8/site-packages/airflow/example_dags/example_kubernetes_executor.py for tasks to queue
[2023-04-22T01:56:38.779+0800] {logging_mixin.py:137} INFO - [2023-04-22T01:56:38.778+0800] {dagbag.py:532} INFO - Filling up the DagBag from /home/gerardsho/airflow_env/lib/python3.8/site-packages/airflow/example_dags/example_kubernetes_executor.py
[2023-04-22T01:56:38.787+0800] {logging_mixin.py:137} INFO - [2023-04-22T01:56:38.787+0800] {example_kubernetes_executor.py:41} WARNING - The example_kubernetes_executor example DAG requires the kubernetes provider. Please install it with: pip install apache-airflow[cncf.kubernetes]
[2023-04-22T01:56:38.787+0800] {processor.py:755} WARNING - No viable dags retrieved from /home/gerardsho/airflow_env/lib/python3.8/site-packages/airflow/example_dags/example_kubernetes_executor.py
[2023-04-22T01:56:38.792+0800] {processor.py:175} INFO - Processing /home/gerardsho/airflow_env/lib/python3.8/site-packages/airflow/example_dags/example_kubernetes_executor.py took 0.020 seconds
[2023-04-22T01:57:17.205+0800] {processor.py:153} INFO - Started process (PID=3316) to work on /home/gerardsho/airflow_env/lib/python3.8/site-packages/airflow/example_dags/example_kubernetes_executor.py
[2023-04-22T01:57:17.206+0800] {processor.py:743} INFO - Processing file /home/gerardsho/airflow_env/lib/python3.8/site-packages/airflow/example_dags/example_kubernetes_executor.py for tasks to queue
[2023-04-22T01:57:17.207+0800] {logging_mixin.py:137} INFO - [2023-04-22T01:57:17.207+0800] {dagbag.py:532} INFO - Filling up the DagBag from /home/gerardsho/airflow_env/lib/python3.8/site-packages/airflow/example_dags/example_kubernetes_executor.py
[2023-04-22T01:57:17.219+0800] {logging_mixin.py:137} INFO - [2023-04-22T01:57:17.218+0800] {example_kubernetes_executor.py:41} WARNING - The example_kubernetes_executor example DAG requires the kubernetes provider. Please install it with: pip install apache-airflow[cncf.kubernetes]
[2023-04-22T01:57:17.219+0800] {processor.py:755} WARNING - No viable dags retrieved from /home/gerardsho/airflow_env/lib/python3.8/site-packages/airflow/example_dags/example_kubernetes_executor.py
[2023-04-22T01:57:17.226+0800] {processor.py:175} INFO - Processing /home/gerardsho/airflow_env/lib/python3.8/site-packages/airflow/example_dags/example_kubernetes_executor.py took 0.023 seconds
[2023-04-22T01:57:59.393+0800] {processor.py:153} INFO - Started process (PID=3367) to work on /home/gerardsho/airflow_env/lib/python3.8/site-packages/airflow/example_dags/example_kubernetes_executor.py
[2023-04-22T01:57:59.396+0800] {processor.py:743} INFO - Processing file /home/gerardsho/airflow_env/lib/python3.8/site-packages/airflow/example_dags/example_kubernetes_executor.py for tasks to queue
[2023-04-22T01:57:59.397+0800] {logging_mixin.py:137} INFO - [2023-04-22T01:57:59.396+0800] {dagbag.py:532} INFO - Filling up the DagBag from /home/gerardsho/airflow_env/lib/python3.8/site-packages/airflow/example_dags/example_kubernetes_executor.py
[2023-04-22T01:57:59.405+0800] {logging_mixin.py:137} INFO - [2023-04-22T01:57:59.405+0800] {example_kubernetes_executor.py:41} WARNING - The example_kubernetes_executor example DAG requires the kubernetes provider. Please install it with: pip install apache-airflow[cncf.kubernetes]
[2023-04-22T01:57:59.405+0800] {processor.py:755} WARNING - No viable dags retrieved from /home/gerardsho/airflow_env/lib/python3.8/site-packages/airflow/example_dags/example_kubernetes_executor.py
[2023-04-22T01:57:59.411+0800] {processor.py:175} INFO - Processing /home/gerardsho/airflow_env/lib/python3.8/site-packages/airflow/example_dags/example_kubernetes_executor.py took 0.021 seconds
[2023-04-22T01:58:40.609+0800] {processor.py:153} INFO - Started process (PID=3410) to work on /home/gerardsho/airflow_env/lib/python3.8/site-packages/airflow/example_dags/example_kubernetes_executor.py
[2023-04-22T01:58:40.610+0800] {processor.py:743} INFO - Processing file /home/gerardsho/airflow_env/lib/python3.8/site-packages/airflow/example_dags/example_kubernetes_executor.py for tasks to queue
[2023-04-22T01:58:40.611+0800] {logging_mixin.py:137} INFO - [2023-04-22T01:58:40.611+0800] {dagbag.py:532} INFO - Filling up the DagBag from /home/gerardsho/airflow_env/lib/python3.8/site-packages/airflow/example_dags/example_kubernetes_executor.py
[2023-04-22T01:58:40.636+0800] {logging_mixin.py:137} INFO - [2023-04-22T01:58:40.636+0800] {example_kubernetes_executor.py:41} WARNING - The example_kubernetes_executor example DAG requires the kubernetes provider. Please install it with: pip install apache-airflow[cncf.kubernetes]
[2023-04-22T01:58:40.636+0800] {processor.py:755} WARNING - No viable dags retrieved from /home/gerardsho/airflow_env/lib/python3.8/site-packages/airflow/example_dags/example_kubernetes_executor.py
[2023-04-22T01:58:40.648+0800] {processor.py:175} INFO - Processing /home/gerardsho/airflow_env/lib/python3.8/site-packages/airflow/example_dags/example_kubernetes_executor.py took 0.046 seconds
[2023-04-22T01:59:20.219+0800] {processor.py:153} INFO - Started process (PID=3452) to work on /home/gerardsho/airflow_env/lib/python3.8/site-packages/airflow/example_dags/example_kubernetes_executor.py
[2023-04-22T01:59:20.222+0800] {processor.py:743} INFO - Processing file /home/gerardsho/airflow_env/lib/python3.8/site-packages/airflow/example_dags/example_kubernetes_executor.py for tasks to queue
[2023-04-22T01:59:20.223+0800] {logging_mixin.py:137} INFO - [2023-04-22T01:59:20.223+0800] {dagbag.py:532} INFO - Filling up the DagBag from /home/gerardsho/airflow_env/lib/python3.8/site-packages/airflow/example_dags/example_kubernetes_executor.py
[2023-04-22T01:59:20.232+0800] {logging_mixin.py:137} INFO - [2023-04-22T01:59:20.231+0800] {example_kubernetes_executor.py:41} WARNING - The example_kubernetes_executor example DAG requires the kubernetes provider. Please install it with: pip install apache-airflow[cncf.kubernetes]
[2023-04-22T01:59:20.232+0800] {processor.py:755} WARNING - No viable dags retrieved from /home/gerardsho/airflow_env/lib/python3.8/site-packages/airflow/example_dags/example_kubernetes_executor.py
[2023-04-22T01:59:20.237+0800] {processor.py:175} INFO - Processing /home/gerardsho/airflow_env/lib/python3.8/site-packages/airflow/example_dags/example_kubernetes_executor.py took 0.020 seconds
[2023-04-22T02:00:32.593+0800] {processor.py:153} INFO - Started process (PID=3508) to work on /home/gerardsho/airflow_env/lib/python3.8/site-packages/airflow/example_dags/example_kubernetes_executor.py
[2023-04-22T02:00:32.596+0800] {processor.py:743} INFO - Processing file /home/gerardsho/airflow_env/lib/python3.8/site-packages/airflow/example_dags/example_kubernetes_executor.py for tasks to queue
[2023-04-22T02:00:32.597+0800] {logging_mixin.py:137} INFO - [2023-04-22T02:00:32.597+0800] {dagbag.py:532} INFO - Filling up the DagBag from /home/gerardsho/airflow_env/lib/python3.8/site-packages/airflow/example_dags/example_kubernetes_executor.py
[2023-04-22T02:00:32.605+0800] {logging_mixin.py:137} INFO - [2023-04-22T02:00:32.605+0800] {example_kubernetes_executor.py:41} WARNING - The example_kubernetes_executor example DAG requires the kubernetes provider. Please install it with: pip install apache-airflow[cncf.kubernetes]
[2023-04-22T02:00:32.606+0800] {processor.py:755} WARNING - No viable dags retrieved from /home/gerardsho/airflow_env/lib/python3.8/site-packages/airflow/example_dags/example_kubernetes_executor.py
[2023-04-22T02:00:32.610+0800] {processor.py:175} INFO - Processing /home/gerardsho/airflow_env/lib/python3.8/site-packages/airflow/example_dags/example_kubernetes_executor.py took 0.019 seconds
[2023-04-22T02:01:18.129+0800] {processor.py:153} INFO - Started process (PID=3559) to work on /home/gerardsho/airflow_env/lib/python3.8/site-packages/airflow/example_dags/example_kubernetes_executor.py
[2023-04-22T02:01:18.131+0800] {processor.py:743} INFO - Processing file /home/gerardsho/airflow_env/lib/python3.8/site-packages/airflow/example_dags/example_kubernetes_executor.py for tasks to queue
[2023-04-22T02:01:18.132+0800] {logging_mixin.py:137} INFO - [2023-04-22T02:01:18.132+0800] {dagbag.py:532} INFO - Filling up the DagBag from /home/gerardsho/airflow_env/lib/python3.8/site-packages/airflow/example_dags/example_kubernetes_executor.py
[2023-04-22T02:01:18.142+0800] {logging_mixin.py:137} INFO - [2023-04-22T02:01:18.142+0800] {example_kubernetes_executor.py:41} WARNING - The example_kubernetes_executor example DAG requires the kubernetes provider. Please install it with: pip install apache-airflow[cncf.kubernetes]
[2023-04-22T02:01:18.143+0800] {processor.py:755} WARNING - No viable dags retrieved from /home/gerardsho/airflow_env/lib/python3.8/site-packages/airflow/example_dags/example_kubernetes_executor.py
[2023-04-22T02:01:18.149+0800] {processor.py:175} INFO - Processing /home/gerardsho/airflow_env/lib/python3.8/site-packages/airflow/example_dags/example_kubernetes_executor.py took 0.022 seconds
[2023-04-22T02:01:58.170+0800] {processor.py:153} INFO - Started process (PID=3601) to work on /home/gerardsho/airflow_env/lib/python3.8/site-packages/airflow/example_dags/example_kubernetes_executor.py
[2023-04-22T02:01:58.173+0800] {processor.py:743} INFO - Processing file /home/gerardsho/airflow_env/lib/python3.8/site-packages/airflow/example_dags/example_kubernetes_executor.py for tasks to queue
[2023-04-22T02:01:58.174+0800] {logging_mixin.py:137} INFO - [2023-04-22T02:01:58.174+0800] {dagbag.py:532} INFO - Filling up the DagBag from /home/gerardsho/airflow_env/lib/python3.8/site-packages/airflow/example_dags/example_kubernetes_executor.py
[2023-04-22T02:01:58.186+0800] {logging_mixin.py:137} INFO - [2023-04-22T02:01:58.186+0800] {example_kubernetes_executor.py:41} WARNING - The example_kubernetes_executor example DAG requires the kubernetes provider. Please install it with: pip install apache-airflow[cncf.kubernetes]
[2023-04-22T02:01:58.186+0800] {processor.py:755} WARNING - No viable dags retrieved from /home/gerardsho/airflow_env/lib/python3.8/site-packages/airflow/example_dags/example_kubernetes_executor.py
[2023-04-22T02:01:58.193+0800] {processor.py:175} INFO - Processing /home/gerardsho/airflow_env/lib/python3.8/site-packages/airflow/example_dags/example_kubernetes_executor.py took 0.024 seconds
[2023-04-22T02:02:38.275+0800] {processor.py:153} INFO - Started process (PID=3649) to work on /home/gerardsho/airflow_env/lib/python3.8/site-packages/airflow/example_dags/example_kubernetes_executor.py
[2023-04-22T02:02:38.278+0800] {processor.py:743} INFO - Processing file /home/gerardsho/airflow_env/lib/python3.8/site-packages/airflow/example_dags/example_kubernetes_executor.py for tasks to queue
[2023-04-22T02:02:38.278+0800] {logging_mixin.py:137} INFO - [2023-04-22T02:02:38.278+0800] {dagbag.py:532} INFO - Filling up the DagBag from /home/gerardsho/airflow_env/lib/python3.8/site-packages/airflow/example_dags/example_kubernetes_executor.py
[2023-04-22T02:02:38.288+0800] {logging_mixin.py:137} INFO - [2023-04-22T02:02:38.288+0800] {example_kubernetes_executor.py:41} WARNING - The example_kubernetes_executor example DAG requires the kubernetes provider. Please install it with: pip install apache-airflow[cncf.kubernetes]
[2023-04-22T02:02:38.288+0800] {processor.py:755} WARNING - No viable dags retrieved from /home/gerardsho/airflow_env/lib/python3.8/site-packages/airflow/example_dags/example_kubernetes_executor.py
[2023-04-22T02:02:38.294+0800] {processor.py:175} INFO - Processing /home/gerardsho/airflow_env/lib/python3.8/site-packages/airflow/example_dags/example_kubernetes_executor.py took 0.021 seconds
[2023-04-22T02:03:19.941+0800] {processor.py:153} INFO - Started process (PID=3700) to work on /home/gerardsho/airflow_env/lib/python3.8/site-packages/airflow/example_dags/example_kubernetes_executor.py
[2023-04-22T02:03:19.945+0800] {processor.py:743} INFO - Processing file /home/gerardsho/airflow_env/lib/python3.8/site-packages/airflow/example_dags/example_kubernetes_executor.py for tasks to queue
[2023-04-22T02:03:19.945+0800] {logging_mixin.py:137} INFO - [2023-04-22T02:03:19.945+0800] {dagbag.py:532} INFO - Filling up the DagBag from /home/gerardsho/airflow_env/lib/python3.8/site-packages/airflow/example_dags/example_kubernetes_executor.py
[2023-04-22T02:03:19.954+0800] {logging_mixin.py:137} INFO - [2023-04-22T02:03:19.954+0800] {example_kubernetes_executor.py:41} WARNING - The example_kubernetes_executor example DAG requires the kubernetes provider. Please install it with: pip install apache-airflow[cncf.kubernetes]
[2023-04-22T02:03:19.954+0800] {processor.py:755} WARNING - No viable dags retrieved from /home/gerardsho/airflow_env/lib/python3.8/site-packages/airflow/example_dags/example_kubernetes_executor.py
[2023-04-22T02:03:19.959+0800] {processor.py:175} INFO - Processing /home/gerardsho/airflow_env/lib/python3.8/site-packages/airflow/example_dags/example_kubernetes_executor.py took 0.020 seconds
[2023-04-22T02:03:59.654+0800] {processor.py:153} INFO - Started process (PID=3746) to work on /home/gerardsho/airflow_env/lib/python3.8/site-packages/airflow/example_dags/example_kubernetes_executor.py
[2023-04-22T02:03:59.657+0800] {processor.py:743} INFO - Processing file /home/gerardsho/airflow_env/lib/python3.8/site-packages/airflow/example_dags/example_kubernetes_executor.py for tasks to queue
[2023-04-22T02:03:59.658+0800] {logging_mixin.py:137} INFO - [2023-04-22T02:03:59.658+0800] {dagbag.py:532} INFO - Filling up the DagBag from /home/gerardsho/airflow_env/lib/python3.8/site-packages/airflow/example_dags/example_kubernetes_executor.py
[2023-04-22T02:03:59.666+0800] {logging_mixin.py:137} INFO - [2023-04-22T02:03:59.666+0800] {example_kubernetes_executor.py:41} WARNING - The example_kubernetes_executor example DAG requires the kubernetes provider. Please install it with: pip install apache-airflow[cncf.kubernetes]
[2023-04-22T02:03:59.667+0800] {processor.py:755} WARNING - No viable dags retrieved from /home/gerardsho/airflow_env/lib/python3.8/site-packages/airflow/example_dags/example_kubernetes_executor.py
[2023-04-22T02:03:59.672+0800] {processor.py:175} INFO - Processing /home/gerardsho/airflow_env/lib/python3.8/site-packages/airflow/example_dags/example_kubernetes_executor.py took 0.021 seconds
[2023-04-22T02:04:41.047+0800] {processor.py:153} INFO - Started process (PID=3788) to work on /home/gerardsho/airflow_env/lib/python3.8/site-packages/airflow/example_dags/example_kubernetes_executor.py
[2023-04-22T02:04:41.050+0800] {processor.py:743} INFO - Processing file /home/gerardsho/airflow_env/lib/python3.8/site-packages/airflow/example_dags/example_kubernetes_executor.py for tasks to queue
[2023-04-22T02:04:41.051+0800] {logging_mixin.py:137} INFO - [2023-04-22T02:04:41.051+0800] {dagbag.py:532} INFO - Filling up the DagBag from /home/gerardsho/airflow_env/lib/python3.8/site-packages/airflow/example_dags/example_kubernetes_executor.py
[2023-04-22T02:04:41.060+0800] {logging_mixin.py:137} INFO - [2023-04-22T02:04:41.060+0800] {example_kubernetes_executor.py:41} WARNING - The example_kubernetes_executor example DAG requires the kubernetes provider. Please install it with: pip install apache-airflow[cncf.kubernetes]
[2023-04-22T02:04:41.060+0800] {processor.py:755} WARNING - No viable dags retrieved from /home/gerardsho/airflow_env/lib/python3.8/site-packages/airflow/example_dags/example_kubernetes_executor.py
[2023-04-22T02:04:41.065+0800] {processor.py:175} INFO - Processing /home/gerardsho/airflow_env/lib/python3.8/site-packages/airflow/example_dags/example_kubernetes_executor.py took 0.021 seconds
