[2023-04-22T01:48:28.741+0800] {processor.py:153} INFO - Started process (PID=2733) to work on /home/gerardsho/airflow_env/lib/python3.8/site-packages/airflow/example_dags/example_complex.py
[2023-04-22T01:48:28.742+0800] {processor.py:743} INFO - Processing file /home/gerardsho/airflow_env/lib/python3.8/site-packages/airflow/example_dags/example_complex.py for tasks to queue
[2023-04-22T01:48:28.742+0800] {logging_mixin.py:137} INFO - [2023-04-22T01:48:28.742+0800] {dagbag.py:532} INFO - Filling up the DagBag from /home/gerardsho/airflow_env/lib/python3.8/site-packages/airflow/example_dags/example_complex.py
[2023-04-22T01:48:28.748+0800] {logging_mixin.py:137} INFO - [2023-04-22T01:48:28.748+0800] {taskmixin.py:211} WARNING - Dependency <Task(BashOperator): create_entry_group>, delete_entry_group already registered for DAG: example_complex
[2023-04-22T01:48:28.748+0800] {logging_mixin.py:137} INFO - [2023-04-22T01:48:28.748+0800] {taskmixin.py:211} WARNING - Dependency <Task(BashOperator): delete_entry_group>, create_entry_group already registered for DAG: example_complex
[2023-04-22T01:48:28.748+0800] {logging_mixin.py:137} INFO - [2023-04-22T01:48:28.748+0800] {taskmixin.py:211} WARNING - Dependency <Task(BashOperator): create_entry_gcs>, delete_entry already registered for DAG: example_complex
[2023-04-22T01:48:28.748+0800] {logging_mixin.py:137} INFO - [2023-04-22T01:48:28.748+0800] {taskmixin.py:211} WARNING - Dependency <Task(BashOperator): delete_entry>, create_entry_gcs already registered for DAG: example_complex
[2023-04-22T01:48:28.749+0800] {logging_mixin.py:137} INFO - [2023-04-22T01:48:28.749+0800] {taskmixin.py:211} WARNING - Dependency <Task(BashOperator): create_tag>, delete_tag already registered for DAG: example_complex
[2023-04-22T01:48:28.749+0800] {logging_mixin.py:137} INFO - [2023-04-22T01:48:28.749+0800] {taskmixin.py:211} WARNING - Dependency <Task(BashOperator): delete_tag>, create_tag already registered for DAG: example_complex
[2023-04-22T01:48:28.752+0800] {processor.py:753} INFO - DAG(s) dict_keys(['example_complex']) retrieved from /home/gerardsho/airflow_env/lib/python3.8/site-packages/airflow/example_dags/example_complex.py
[2023-04-22T01:48:28.897+0800] {logging_mixin.py:137} INFO - [2023-04-22T01:48:28.896+0800] {manager.py:504} INFO - Created Permission View: can edit on DAG:example_complex
[2023-04-22T01:48:28.928+0800] {logging_mixin.py:137} INFO - [2023-04-22T01:48:28.928+0800] {manager.py:504} INFO - Created Permission View: can delete on DAG:example_complex
[2023-04-22T01:48:28.956+0800] {logging_mixin.py:137} INFO - [2023-04-22T01:48:28.956+0800] {manager.py:504} INFO - Created Permission View: can read on DAG:example_complex
[2023-04-22T01:48:28.956+0800] {logging_mixin.py:137} INFO - [2023-04-22T01:48:28.956+0800] {dag.py:2705} INFO - Sync 1 DAGs
[2023-04-22T01:48:28.961+0800] {logging_mixin.py:137} INFO - [2023-04-22T01:48:28.961+0800] {dag.py:2726} INFO - Creating ORM DAG for example_complex
[2023-04-22T01:48:28.966+0800] {logging_mixin.py:137} INFO - [2023-04-22T01:48:28.966+0800] {dag.py:3452} INFO - Setting next_dagrun for example_complex to None, run_after=None
[2023-04-22T01:48:29.000+0800] {processor.py:175} INFO - Processing /home/gerardsho/airflow_env/lib/python3.8/site-packages/airflow/example_dags/example_complex.py took 0.261 seconds
[2023-04-22T01:49:16.786+0800] {processor.py:153} INFO - Started process (PID=2776) to work on /home/gerardsho/airflow_env/lib/python3.8/site-packages/airflow/example_dags/example_complex.py
[2023-04-22T01:49:16.789+0800] {processor.py:743} INFO - Processing file /home/gerardsho/airflow_env/lib/python3.8/site-packages/airflow/example_dags/example_complex.py for tasks to queue
[2023-04-22T01:49:16.790+0800] {logging_mixin.py:137} INFO - [2023-04-22T01:49:16.789+0800] {dagbag.py:532} INFO - Filling up the DagBag from /home/gerardsho/airflow_env/lib/python3.8/site-packages/airflow/example_dags/example_complex.py
[2023-04-22T01:49:16.796+0800] {logging_mixin.py:137} INFO - [2023-04-22T01:49:16.796+0800] {taskmixin.py:211} WARNING - Dependency <Task(BashOperator): create_entry_group>, delete_entry_group already registered for DAG: example_complex
[2023-04-22T01:49:16.796+0800] {logging_mixin.py:137} INFO - [2023-04-22T01:49:16.796+0800] {taskmixin.py:211} WARNING - Dependency <Task(BashOperator): delete_entry_group>, create_entry_group already registered for DAG: example_complex
[2023-04-22T01:49:16.796+0800] {logging_mixin.py:137} INFO - [2023-04-22T01:49:16.796+0800] {taskmixin.py:211} WARNING - Dependency <Task(BashOperator): create_entry_gcs>, delete_entry already registered for DAG: example_complex
[2023-04-22T01:49:16.796+0800] {logging_mixin.py:137} INFO - [2023-04-22T01:49:16.796+0800] {taskmixin.py:211} WARNING - Dependency <Task(BashOperator): delete_entry>, create_entry_gcs already registered for DAG: example_complex
[2023-04-22T01:49:16.796+0800] {logging_mixin.py:137} INFO - [2023-04-22T01:49:16.796+0800] {taskmixin.py:211} WARNING - Dependency <Task(BashOperator): create_tag>, delete_tag already registered for DAG: example_complex
[2023-04-22T01:49:16.797+0800] {logging_mixin.py:137} INFO - [2023-04-22T01:49:16.796+0800] {taskmixin.py:211} WARNING - Dependency <Task(BashOperator): delete_tag>, create_tag already registered for DAG: example_complex
[2023-04-22T01:49:16.801+0800] {processor.py:753} INFO - DAG(s) dict_keys(['example_complex']) retrieved from /home/gerardsho/airflow_env/lib/python3.8/site-packages/airflow/example_dags/example_complex.py
[2023-04-22T01:49:16.816+0800] {logging_mixin.py:137} INFO - [2023-04-22T01:49:16.815+0800] {dag.py:2705} INFO - Sync 1 DAGs
[2023-04-22T01:49:16.825+0800] {logging_mixin.py:137} INFO - [2023-04-22T01:49:16.825+0800] {dag.py:3452} INFO - Setting next_dagrun for example_complex to None, run_after=None
[2023-04-22T01:49:16.841+0800] {processor.py:175} INFO - Processing /home/gerardsho/airflow_env/lib/python3.8/site-packages/airflow/example_dags/example_complex.py took 0.058 seconds
[2023-04-22T01:49:57.829+0800] {processor.py:153} INFO - Started process (PID=2819) to work on /home/gerardsho/airflow_env/lib/python3.8/site-packages/airflow/example_dags/example_complex.py
[2023-04-22T01:49:57.832+0800] {processor.py:743} INFO - Processing file /home/gerardsho/airflow_env/lib/python3.8/site-packages/airflow/example_dags/example_complex.py for tasks to queue
[2023-04-22T01:49:57.833+0800] {logging_mixin.py:137} INFO - [2023-04-22T01:49:57.833+0800] {dagbag.py:532} INFO - Filling up the DagBag from /home/gerardsho/airflow_env/lib/python3.8/site-packages/airflow/example_dags/example_complex.py
[2023-04-22T01:49:57.841+0800] {logging_mixin.py:137} INFO - [2023-04-22T01:49:57.841+0800] {taskmixin.py:211} WARNING - Dependency <Task(BashOperator): create_entry_group>, delete_entry_group already registered for DAG: example_complex
[2023-04-22T01:49:57.841+0800] {logging_mixin.py:137} INFO - [2023-04-22T01:49:57.841+0800] {taskmixin.py:211} WARNING - Dependency <Task(BashOperator): delete_entry_group>, create_entry_group already registered for DAG: example_complex
[2023-04-22T01:49:57.841+0800] {logging_mixin.py:137} INFO - [2023-04-22T01:49:57.841+0800] {taskmixin.py:211} WARNING - Dependency <Task(BashOperator): create_entry_gcs>, delete_entry already registered for DAG: example_complex
[2023-04-22T01:49:57.841+0800] {logging_mixin.py:137} INFO - [2023-04-22T01:49:57.841+0800] {taskmixin.py:211} WARNING - Dependency <Task(BashOperator): delete_entry>, create_entry_gcs already registered for DAG: example_complex
[2023-04-22T01:49:57.842+0800] {logging_mixin.py:137} INFO - [2023-04-22T01:49:57.841+0800] {taskmixin.py:211} WARNING - Dependency <Task(BashOperator): create_tag>, delete_tag already registered for DAG: example_complex
[2023-04-22T01:49:57.842+0800] {logging_mixin.py:137} INFO - [2023-04-22T01:49:57.842+0800] {taskmixin.py:211} WARNING - Dependency <Task(BashOperator): delete_tag>, create_tag already registered for DAG: example_complex
[2023-04-22T01:49:57.846+0800] {processor.py:753} INFO - DAG(s) dict_keys(['example_complex']) retrieved from /home/gerardsho/airflow_env/lib/python3.8/site-packages/airflow/example_dags/example_complex.py
[2023-04-22T01:49:57.865+0800] {logging_mixin.py:137} INFO - [2023-04-22T01:49:57.865+0800] {dag.py:2705} INFO - Sync 1 DAGs
[2023-04-22T01:49:57.877+0800] {logging_mixin.py:137} INFO - [2023-04-22T01:49:57.877+0800] {dag.py:3452} INFO - Setting next_dagrun for example_complex to None, run_after=None
[2023-04-22T01:49:57.893+0800] {processor.py:175} INFO - Processing /home/gerardsho/airflow_env/lib/python3.8/site-packages/airflow/example_dags/example_complex.py took 0.066 seconds
[2023-04-22T01:50:37.073+0800] {processor.py:153} INFO - Started process (PID=2865) to work on /home/gerardsho/airflow_env/lib/python3.8/site-packages/airflow/example_dags/example_complex.py
[2023-04-22T01:50:37.077+0800] {processor.py:743} INFO - Processing file /home/gerardsho/airflow_env/lib/python3.8/site-packages/airflow/example_dags/example_complex.py for tasks to queue
[2023-04-22T01:50:37.077+0800] {logging_mixin.py:137} INFO - [2023-04-22T01:50:37.077+0800] {dagbag.py:532} INFO - Filling up the DagBag from /home/gerardsho/airflow_env/lib/python3.8/site-packages/airflow/example_dags/example_complex.py
[2023-04-22T01:50:37.083+0800] {logging_mixin.py:137} INFO - [2023-04-22T01:50:37.083+0800] {taskmixin.py:211} WARNING - Dependency <Task(BashOperator): create_entry_group>, delete_entry_group already registered for DAG: example_complex
[2023-04-22T01:50:37.083+0800] {logging_mixin.py:137} INFO - [2023-04-22T01:50:37.083+0800] {taskmixin.py:211} WARNING - Dependency <Task(BashOperator): delete_entry_group>, create_entry_group already registered for DAG: example_complex
[2023-04-22T01:50:37.083+0800] {logging_mixin.py:137} INFO - [2023-04-22T01:50:37.083+0800] {taskmixin.py:211} WARNING - Dependency <Task(BashOperator): create_entry_gcs>, delete_entry already registered for DAG: example_complex
[2023-04-22T01:50:37.083+0800] {logging_mixin.py:137} INFO - [2023-04-22T01:50:37.083+0800] {taskmixin.py:211} WARNING - Dependency <Task(BashOperator): delete_entry>, create_entry_gcs already registered for DAG: example_complex
[2023-04-22T01:50:37.083+0800] {logging_mixin.py:137} INFO - [2023-04-22T01:50:37.083+0800] {taskmixin.py:211} WARNING - Dependency <Task(BashOperator): create_tag>, delete_tag already registered for DAG: example_complex
[2023-04-22T01:50:37.084+0800] {logging_mixin.py:137} INFO - [2023-04-22T01:50:37.083+0800] {taskmixin.py:211} WARNING - Dependency <Task(BashOperator): delete_tag>, create_tag already registered for DAG: example_complex
[2023-04-22T01:50:37.087+0800] {processor.py:753} INFO - DAG(s) dict_keys(['example_complex']) retrieved from /home/gerardsho/airflow_env/lib/python3.8/site-packages/airflow/example_dags/example_complex.py
[2023-04-22T01:50:37.102+0800] {logging_mixin.py:137} INFO - [2023-04-22T01:50:37.102+0800] {dag.py:2705} INFO - Sync 1 DAGs
[2023-04-22T01:50:37.112+0800] {logging_mixin.py:137} INFO - [2023-04-22T01:50:37.112+0800] {dag.py:3452} INFO - Setting next_dagrun for example_complex to None, run_after=None
[2023-04-22T01:50:37.130+0800] {processor.py:175} INFO - Processing /home/gerardsho/airflow_env/lib/python3.8/site-packages/airflow/example_dags/example_complex.py took 0.059 seconds
[2023-04-22T01:51:18.747+0800] {processor.py:153} INFO - Started process (PID=2919) to work on /home/gerardsho/airflow_env/lib/python3.8/site-packages/airflow/example_dags/example_complex.py
[2023-04-22T01:51:18.750+0800] {processor.py:743} INFO - Processing file /home/gerardsho/airflow_env/lib/python3.8/site-packages/airflow/example_dags/example_complex.py for tasks to queue
[2023-04-22T01:51:18.750+0800] {logging_mixin.py:137} INFO - [2023-04-22T01:51:18.750+0800] {dagbag.py:532} INFO - Filling up the DagBag from /home/gerardsho/airflow_env/lib/python3.8/site-packages/airflow/example_dags/example_complex.py
[2023-04-22T01:51:18.756+0800] {logging_mixin.py:137} INFO - [2023-04-22T01:51:18.756+0800] {taskmixin.py:211} WARNING - Dependency <Task(BashOperator): create_entry_group>, delete_entry_group already registered for DAG: example_complex
[2023-04-22T01:51:18.756+0800] {logging_mixin.py:137} INFO - [2023-04-22T01:51:18.756+0800] {taskmixin.py:211} WARNING - Dependency <Task(BashOperator): delete_entry_group>, create_entry_group already registered for DAG: example_complex
[2023-04-22T01:51:18.756+0800] {logging_mixin.py:137} INFO - [2023-04-22T01:51:18.756+0800] {taskmixin.py:211} WARNING - Dependency <Task(BashOperator): create_entry_gcs>, delete_entry already registered for DAG: example_complex
[2023-04-22T01:51:18.756+0800] {logging_mixin.py:137} INFO - [2023-04-22T01:51:18.756+0800] {taskmixin.py:211} WARNING - Dependency <Task(BashOperator): delete_entry>, create_entry_gcs already registered for DAG: example_complex
[2023-04-22T01:51:18.756+0800] {logging_mixin.py:137} INFO - [2023-04-22T01:51:18.756+0800] {taskmixin.py:211} WARNING - Dependency <Task(BashOperator): create_tag>, delete_tag already registered for DAG: example_complex
[2023-04-22T01:51:18.757+0800] {logging_mixin.py:137} INFO - [2023-04-22T01:51:18.756+0800] {taskmixin.py:211} WARNING - Dependency <Task(BashOperator): delete_tag>, create_tag already registered for DAG: example_complex
[2023-04-22T01:51:18.760+0800] {processor.py:753} INFO - DAG(s) dict_keys(['example_complex']) retrieved from /home/gerardsho/airflow_env/lib/python3.8/site-packages/airflow/example_dags/example_complex.py
[2023-04-22T01:51:18.775+0800] {logging_mixin.py:137} INFO - [2023-04-22T01:51:18.775+0800] {dag.py:2705} INFO - Sync 1 DAGs
[2023-04-22T01:51:18.785+0800] {logging_mixin.py:137} INFO - [2023-04-22T01:51:18.785+0800] {dag.py:3452} INFO - Setting next_dagrun for example_complex to None, run_after=None
[2023-04-22T01:51:18.803+0800] {processor.py:175} INFO - Processing /home/gerardsho/airflow_env/lib/python3.8/site-packages/airflow/example_dags/example_complex.py took 0.059 seconds
[2023-04-22T01:52:00.342+0800] {processor.py:153} INFO - Started process (PID=2970) to work on /home/gerardsho/airflow_env/lib/python3.8/site-packages/airflow/example_dags/example_complex.py
[2023-04-22T01:52:00.345+0800] {processor.py:743} INFO - Processing file /home/gerardsho/airflow_env/lib/python3.8/site-packages/airflow/example_dags/example_complex.py for tasks to queue
[2023-04-22T01:52:00.346+0800] {logging_mixin.py:137} INFO - [2023-04-22T01:52:00.346+0800] {dagbag.py:532} INFO - Filling up the DagBag from /home/gerardsho/airflow_env/lib/python3.8/site-packages/airflow/example_dags/example_complex.py
[2023-04-22T01:52:00.352+0800] {logging_mixin.py:137} INFO - [2023-04-22T01:52:00.352+0800] {taskmixin.py:211} WARNING - Dependency <Task(BashOperator): create_entry_group>, delete_entry_group already registered for DAG: example_complex
[2023-04-22T01:52:00.352+0800] {logging_mixin.py:137} INFO - [2023-04-22T01:52:00.352+0800] {taskmixin.py:211} WARNING - Dependency <Task(BashOperator): delete_entry_group>, create_entry_group already registered for DAG: example_complex
[2023-04-22T01:52:00.352+0800] {logging_mixin.py:137} INFO - [2023-04-22T01:52:00.352+0800] {taskmixin.py:211} WARNING - Dependency <Task(BashOperator): create_entry_gcs>, delete_entry already registered for DAG: example_complex
[2023-04-22T01:52:00.352+0800] {logging_mixin.py:137} INFO - [2023-04-22T01:52:00.352+0800] {taskmixin.py:211} WARNING - Dependency <Task(BashOperator): delete_entry>, create_entry_gcs already registered for DAG: example_complex
[2023-04-22T01:52:00.353+0800] {logging_mixin.py:137} INFO - [2023-04-22T01:52:00.352+0800] {taskmixin.py:211} WARNING - Dependency <Task(BashOperator): create_tag>, delete_tag already registered for DAG: example_complex
[2023-04-22T01:52:00.353+0800] {logging_mixin.py:137} INFO - [2023-04-22T01:52:00.353+0800] {taskmixin.py:211} WARNING - Dependency <Task(BashOperator): delete_tag>, create_tag already registered for DAG: example_complex
[2023-04-22T01:52:00.357+0800] {processor.py:753} INFO - DAG(s) dict_keys(['example_complex']) retrieved from /home/gerardsho/airflow_env/lib/python3.8/site-packages/airflow/example_dags/example_complex.py
[2023-04-22T01:52:00.374+0800] {logging_mixin.py:137} INFO - [2023-04-22T01:52:00.374+0800] {dag.py:2705} INFO - Sync 1 DAGs
[2023-04-22T01:52:00.385+0800] {logging_mixin.py:137} INFO - [2023-04-22T01:52:00.385+0800] {dag.py:3452} INFO - Setting next_dagrun for example_complex to None, run_after=None
[2023-04-22T01:52:00.404+0800] {processor.py:175} INFO - Processing /home/gerardsho/airflow_env/lib/python3.8/site-packages/airflow/example_dags/example_complex.py took 0.064 seconds
[2023-04-22T01:52:40.887+0800] {processor.py:153} INFO - Started process (PID=3012) to work on /home/gerardsho/airflow_env/lib/python3.8/site-packages/airflow/example_dags/example_complex.py
[2023-04-22T01:52:40.888+0800] {processor.py:743} INFO - Processing file /home/gerardsho/airflow_env/lib/python3.8/site-packages/airflow/example_dags/example_complex.py for tasks to queue
[2023-04-22T01:52:40.888+0800] {logging_mixin.py:137} INFO - [2023-04-22T01:52:40.888+0800] {dagbag.py:532} INFO - Filling up the DagBag from /home/gerardsho/airflow_env/lib/python3.8/site-packages/airflow/example_dags/example_complex.py
[2023-04-22T01:52:40.894+0800] {logging_mixin.py:137} INFO - [2023-04-22T01:52:40.894+0800] {taskmixin.py:211} WARNING - Dependency <Task(BashOperator): create_entry_group>, delete_entry_group already registered for DAG: example_complex
[2023-04-22T01:52:40.894+0800] {logging_mixin.py:137} INFO - [2023-04-22T01:52:40.894+0800] {taskmixin.py:211} WARNING - Dependency <Task(BashOperator): delete_entry_group>, create_entry_group already registered for DAG: example_complex
[2023-04-22T01:52:40.895+0800] {logging_mixin.py:137} INFO - [2023-04-22T01:52:40.894+0800] {taskmixin.py:211} WARNING - Dependency <Task(BashOperator): create_entry_gcs>, delete_entry already registered for DAG: example_complex
[2023-04-22T01:52:40.895+0800] {logging_mixin.py:137} INFO - [2023-04-22T01:52:40.895+0800] {taskmixin.py:211} WARNING - Dependency <Task(BashOperator): delete_entry>, create_entry_gcs already registered for DAG: example_complex
[2023-04-22T01:52:40.895+0800] {logging_mixin.py:137} INFO - [2023-04-22T01:52:40.895+0800] {taskmixin.py:211} WARNING - Dependency <Task(BashOperator): create_tag>, delete_tag already registered for DAG: example_complex
[2023-04-22T01:52:40.895+0800] {logging_mixin.py:137} INFO - [2023-04-22T01:52:40.895+0800] {taskmixin.py:211} WARNING - Dependency <Task(BashOperator): delete_tag>, create_tag already registered for DAG: example_complex
[2023-04-22T01:52:40.899+0800] {processor.py:753} INFO - DAG(s) dict_keys(['example_complex']) retrieved from /home/gerardsho/airflow_env/lib/python3.8/site-packages/airflow/example_dags/example_complex.py
[2023-04-22T01:52:40.914+0800] {logging_mixin.py:137} INFO - [2023-04-22T01:52:40.914+0800] {dag.py:2705} INFO - Sync 1 DAGs
[2023-04-22T01:52:40.924+0800] {logging_mixin.py:137} INFO - [2023-04-22T01:52:40.924+0800] {dag.py:3452} INFO - Setting next_dagrun for example_complex to None, run_after=None
[2023-04-22T01:52:40.940+0800] {processor.py:175} INFO - Processing /home/gerardsho/airflow_env/lib/python3.8/site-packages/airflow/example_dags/example_complex.py took 0.056 seconds
[2023-04-22T01:53:21.301+0800] {processor.py:153} INFO - Started process (PID=3054) to work on /home/gerardsho/airflow_env/lib/python3.8/site-packages/airflow/example_dags/example_complex.py
[2023-04-22T01:53:21.305+0800] {processor.py:743} INFO - Processing file /home/gerardsho/airflow_env/lib/python3.8/site-packages/airflow/example_dags/example_complex.py for tasks to queue
[2023-04-22T01:53:21.305+0800] {logging_mixin.py:137} INFO - [2023-04-22T01:53:21.305+0800] {dagbag.py:532} INFO - Filling up the DagBag from /home/gerardsho/airflow_env/lib/python3.8/site-packages/airflow/example_dags/example_complex.py
[2023-04-22T01:53:21.312+0800] {logging_mixin.py:137} INFO - [2023-04-22T01:53:21.312+0800] {taskmixin.py:211} WARNING - Dependency <Task(BashOperator): create_entry_group>, delete_entry_group already registered for DAG: example_complex
[2023-04-22T01:53:21.312+0800] {logging_mixin.py:137} INFO - [2023-04-22T01:53:21.312+0800] {taskmixin.py:211} WARNING - Dependency <Task(BashOperator): delete_entry_group>, create_entry_group already registered for DAG: example_complex
[2023-04-22T01:53:21.312+0800] {logging_mixin.py:137} INFO - [2023-04-22T01:53:21.312+0800] {taskmixin.py:211} WARNING - Dependency <Task(BashOperator): create_entry_gcs>, delete_entry already registered for DAG: example_complex
[2023-04-22T01:53:21.312+0800] {logging_mixin.py:137} INFO - [2023-04-22T01:53:21.312+0800] {taskmixin.py:211} WARNING - Dependency <Task(BashOperator): delete_entry>, create_entry_gcs already registered for DAG: example_complex
[2023-04-22T01:53:21.312+0800] {logging_mixin.py:137} INFO - [2023-04-22T01:53:21.312+0800] {taskmixin.py:211} WARNING - Dependency <Task(BashOperator): create_tag>, delete_tag already registered for DAG: example_complex
[2023-04-22T01:53:21.312+0800] {logging_mixin.py:137} INFO - [2023-04-22T01:53:21.312+0800] {taskmixin.py:211} WARNING - Dependency <Task(BashOperator): delete_tag>, create_tag already registered for DAG: example_complex
[2023-04-22T01:53:21.316+0800] {processor.py:753} INFO - DAG(s) dict_keys(['example_complex']) retrieved from /home/gerardsho/airflow_env/lib/python3.8/site-packages/airflow/example_dags/example_complex.py
[2023-04-22T01:53:21.331+0800] {logging_mixin.py:137} INFO - [2023-04-22T01:53:21.331+0800] {dag.py:2705} INFO - Sync 1 DAGs
[2023-04-22T01:53:21.342+0800] {logging_mixin.py:137} INFO - [2023-04-22T01:53:21.342+0800] {dag.py:3452} INFO - Setting next_dagrun for example_complex to None, run_after=None
[2023-04-22T01:53:21.357+0800] {processor.py:175} INFO - Processing /home/gerardsho/airflow_env/lib/python3.8/site-packages/airflow/example_dags/example_complex.py took 0.058 seconds
[2023-04-22T01:54:01.843+0800] {processor.py:153} INFO - Started process (PID=3096) to work on /home/gerardsho/airflow_env/lib/python3.8/site-packages/airflow/example_dags/example_complex.py
[2023-04-22T01:54:01.846+0800] {processor.py:743} INFO - Processing file /home/gerardsho/airflow_env/lib/python3.8/site-packages/airflow/example_dags/example_complex.py for tasks to queue
[2023-04-22T01:54:01.847+0800] {logging_mixin.py:137} INFO - [2023-04-22T01:54:01.846+0800] {dagbag.py:532} INFO - Filling up the DagBag from /home/gerardsho/airflow_env/lib/python3.8/site-packages/airflow/example_dags/example_complex.py
[2023-04-22T01:54:01.852+0800] {logging_mixin.py:137} INFO - [2023-04-22T01:54:01.852+0800] {taskmixin.py:211} WARNING - Dependency <Task(BashOperator): create_entry_group>, delete_entry_group already registered for DAG: example_complex
[2023-04-22T01:54:01.852+0800] {logging_mixin.py:137} INFO - [2023-04-22T01:54:01.852+0800] {taskmixin.py:211} WARNING - Dependency <Task(BashOperator): delete_entry_group>, create_entry_group already registered for DAG: example_complex
[2023-04-22T01:54:01.853+0800] {logging_mixin.py:137} INFO - [2023-04-22T01:54:01.853+0800] {taskmixin.py:211} WARNING - Dependency <Task(BashOperator): create_entry_gcs>, delete_entry already registered for DAG: example_complex
[2023-04-22T01:54:01.853+0800] {logging_mixin.py:137} INFO - [2023-04-22T01:54:01.853+0800] {taskmixin.py:211} WARNING - Dependency <Task(BashOperator): delete_entry>, create_entry_gcs already registered for DAG: example_complex
[2023-04-22T01:54:01.853+0800] {logging_mixin.py:137} INFO - [2023-04-22T01:54:01.853+0800] {taskmixin.py:211} WARNING - Dependency <Task(BashOperator): create_tag>, delete_tag already registered for DAG: example_complex
[2023-04-22T01:54:01.853+0800] {logging_mixin.py:137} INFO - [2023-04-22T01:54:01.853+0800] {taskmixin.py:211} WARNING - Dependency <Task(BashOperator): delete_tag>, create_tag already registered for DAG: example_complex
[2023-04-22T01:54:01.856+0800] {processor.py:753} INFO - DAG(s) dict_keys(['example_complex']) retrieved from /home/gerardsho/airflow_env/lib/python3.8/site-packages/airflow/example_dags/example_complex.py
[2023-04-22T01:54:01.872+0800] {logging_mixin.py:137} INFO - [2023-04-22T01:54:01.871+0800] {dag.py:2705} INFO - Sync 1 DAGs
[2023-04-22T01:54:01.882+0800] {logging_mixin.py:137} INFO - [2023-04-22T01:54:01.882+0800] {dag.py:3452} INFO - Setting next_dagrun for example_complex to None, run_after=None
[2023-04-22T01:54:01.899+0800] {processor.py:175} INFO - Processing /home/gerardsho/airflow_env/lib/python3.8/site-packages/airflow/example_dags/example_complex.py took 0.058 seconds
[2023-04-22T01:54:41.720+0800] {processor.py:153} INFO - Started process (PID=3141) to work on /home/gerardsho/airflow_env/lib/python3.8/site-packages/airflow/example_dags/example_complex.py
[2023-04-22T01:54:41.723+0800] {processor.py:743} INFO - Processing file /home/gerardsho/airflow_env/lib/python3.8/site-packages/airflow/example_dags/example_complex.py for tasks to queue
[2023-04-22T01:54:41.723+0800] {logging_mixin.py:137} INFO - [2023-04-22T01:54:41.723+0800] {dagbag.py:532} INFO - Filling up the DagBag from /home/gerardsho/airflow_env/lib/python3.8/site-packages/airflow/example_dags/example_complex.py
[2023-04-22T01:54:41.731+0800] {logging_mixin.py:137} INFO - [2023-04-22T01:54:41.731+0800] {taskmixin.py:211} WARNING - Dependency <Task(BashOperator): create_entry_group>, delete_entry_group already registered for DAG: example_complex
[2023-04-22T01:54:41.731+0800] {logging_mixin.py:137} INFO - [2023-04-22T01:54:41.731+0800] {taskmixin.py:211} WARNING - Dependency <Task(BashOperator): delete_entry_group>, create_entry_group already registered for DAG: example_complex
[2023-04-22T01:54:41.731+0800] {logging_mixin.py:137} INFO - [2023-04-22T01:54:41.731+0800] {taskmixin.py:211} WARNING - Dependency <Task(BashOperator): create_entry_gcs>, delete_entry already registered for DAG: example_complex
[2023-04-22T01:54:41.731+0800] {logging_mixin.py:137} INFO - [2023-04-22T01:54:41.731+0800] {taskmixin.py:211} WARNING - Dependency <Task(BashOperator): delete_entry>, create_entry_gcs already registered for DAG: example_complex
[2023-04-22T01:54:41.731+0800] {logging_mixin.py:137} INFO - [2023-04-22T01:54:41.731+0800] {taskmixin.py:211} WARNING - Dependency <Task(BashOperator): create_tag>, delete_tag already registered for DAG: example_complex
[2023-04-22T01:54:41.731+0800] {logging_mixin.py:137} INFO - [2023-04-22T01:54:41.731+0800] {taskmixin.py:211} WARNING - Dependency <Task(BashOperator): delete_tag>, create_tag already registered for DAG: example_complex
[2023-04-22T01:54:41.736+0800] {processor.py:753} INFO - DAG(s) dict_keys(['example_complex']) retrieved from /home/gerardsho/airflow_env/lib/python3.8/site-packages/airflow/example_dags/example_complex.py
[2023-04-22T01:54:41.753+0800] {logging_mixin.py:137} INFO - [2023-04-22T01:54:41.753+0800] {dag.py:2705} INFO - Sync 1 DAGs
[2023-04-22T01:54:41.767+0800] {logging_mixin.py:137} INFO - [2023-04-22T01:54:41.767+0800] {dag.py:3452} INFO - Setting next_dagrun for example_complex to None, run_after=None
[2023-04-22T01:54:41.786+0800] {processor.py:175} INFO - Processing /home/gerardsho/airflow_env/lib/python3.8/site-packages/airflow/example_dags/example_complex.py took 0.068 seconds
[2023-04-22T01:55:23.927+0800] {processor.py:153} INFO - Started process (PID=3186) to work on /home/gerardsho/airflow_env/lib/python3.8/site-packages/airflow/example_dags/example_complex.py
[2023-04-22T01:55:23.930+0800] {processor.py:743} INFO - Processing file /home/gerardsho/airflow_env/lib/python3.8/site-packages/airflow/example_dags/example_complex.py for tasks to queue
[2023-04-22T01:55:23.931+0800] {logging_mixin.py:137} INFO - [2023-04-22T01:55:23.931+0800] {dagbag.py:532} INFO - Filling up the DagBag from /home/gerardsho/airflow_env/lib/python3.8/site-packages/airflow/example_dags/example_complex.py
[2023-04-22T01:55:23.936+0800] {logging_mixin.py:137} INFO - [2023-04-22T01:55:23.936+0800] {taskmixin.py:211} WARNING - Dependency <Task(BashOperator): create_entry_group>, delete_entry_group already registered for DAG: example_complex
[2023-04-22T01:55:23.936+0800] {logging_mixin.py:137} INFO - [2023-04-22T01:55:23.936+0800] {taskmixin.py:211} WARNING - Dependency <Task(BashOperator): delete_entry_group>, create_entry_group already registered for DAG: example_complex
[2023-04-22T01:55:23.937+0800] {logging_mixin.py:137} INFO - [2023-04-22T01:55:23.937+0800] {taskmixin.py:211} WARNING - Dependency <Task(BashOperator): create_entry_gcs>, delete_entry already registered for DAG: example_complex
[2023-04-22T01:55:23.937+0800] {logging_mixin.py:137} INFO - [2023-04-22T01:55:23.937+0800] {taskmixin.py:211} WARNING - Dependency <Task(BashOperator): delete_entry>, create_entry_gcs already registered for DAG: example_complex
[2023-04-22T01:55:23.937+0800] {logging_mixin.py:137} INFO - [2023-04-22T01:55:23.937+0800] {taskmixin.py:211} WARNING - Dependency <Task(BashOperator): create_tag>, delete_tag already registered for DAG: example_complex
[2023-04-22T01:55:23.937+0800] {logging_mixin.py:137} INFO - [2023-04-22T01:55:23.937+0800] {taskmixin.py:211} WARNING - Dependency <Task(BashOperator): delete_tag>, create_tag already registered for DAG: example_complex
[2023-04-22T01:55:23.942+0800] {processor.py:753} INFO - DAG(s) dict_keys(['example_complex']) retrieved from /home/gerardsho/airflow_env/lib/python3.8/site-packages/airflow/example_dags/example_complex.py
[2023-04-22T01:55:23.959+0800] {logging_mixin.py:137} INFO - [2023-04-22T01:55:23.959+0800] {dag.py:2705} INFO - Sync 1 DAGs
[2023-04-22T01:55:23.969+0800] {logging_mixin.py:137} INFO - [2023-04-22T01:55:23.969+0800] {dag.py:3452} INFO - Setting next_dagrun for example_complex to None, run_after=None
[2023-04-22T01:55:23.988+0800] {processor.py:175} INFO - Processing /home/gerardsho/airflow_env/lib/python3.8/site-packages/airflow/example_dags/example_complex.py took 0.062 seconds
[2023-04-22T01:56:03.356+0800] {processor.py:153} INFO - Started process (PID=3231) to work on /home/gerardsho/airflow_env/lib/python3.8/site-packages/airflow/example_dags/example_complex.py
[2023-04-22T01:56:03.359+0800] {processor.py:743} INFO - Processing file /home/gerardsho/airflow_env/lib/python3.8/site-packages/airflow/example_dags/example_complex.py for tasks to queue
[2023-04-22T01:56:03.360+0800] {logging_mixin.py:137} INFO - [2023-04-22T01:56:03.360+0800] {dagbag.py:532} INFO - Filling up the DagBag from /home/gerardsho/airflow_env/lib/python3.8/site-packages/airflow/example_dags/example_complex.py
[2023-04-22T01:56:03.366+0800] {logging_mixin.py:137} INFO - [2023-04-22T01:56:03.366+0800] {taskmixin.py:211} WARNING - Dependency <Task(BashOperator): create_entry_group>, delete_entry_group already registered for DAG: example_complex
[2023-04-22T01:56:03.366+0800] {logging_mixin.py:137} INFO - [2023-04-22T01:56:03.366+0800] {taskmixin.py:211} WARNING - Dependency <Task(BashOperator): delete_entry_group>, create_entry_group already registered for DAG: example_complex
[2023-04-22T01:56:03.366+0800] {logging_mixin.py:137} INFO - [2023-04-22T01:56:03.366+0800] {taskmixin.py:211} WARNING - Dependency <Task(BashOperator): create_entry_gcs>, delete_entry already registered for DAG: example_complex
[2023-04-22T01:56:03.366+0800] {logging_mixin.py:137} INFO - [2023-04-22T01:56:03.366+0800] {taskmixin.py:211} WARNING - Dependency <Task(BashOperator): delete_entry>, create_entry_gcs already registered for DAG: example_complex
[2023-04-22T01:56:03.366+0800] {logging_mixin.py:137} INFO - [2023-04-22T01:56:03.366+0800] {taskmixin.py:211} WARNING - Dependency <Task(BashOperator): create_tag>, delete_tag already registered for DAG: example_complex
[2023-04-22T01:56:03.366+0800] {logging_mixin.py:137} INFO - [2023-04-22T01:56:03.366+0800] {taskmixin.py:211} WARNING - Dependency <Task(BashOperator): delete_tag>, create_tag already registered for DAG: example_complex
[2023-04-22T01:56:03.370+0800] {processor.py:753} INFO - DAG(s) dict_keys(['example_complex']) retrieved from /home/gerardsho/airflow_env/lib/python3.8/site-packages/airflow/example_dags/example_complex.py
[2023-04-22T01:56:03.385+0800] {logging_mixin.py:137} INFO - [2023-04-22T01:56:03.385+0800] {dag.py:2705} INFO - Sync 1 DAGs
[2023-04-22T01:56:03.395+0800] {logging_mixin.py:137} INFO - [2023-04-22T01:56:03.395+0800] {dag.py:3452} INFO - Setting next_dagrun for example_complex to None, run_after=None
[2023-04-22T01:56:03.412+0800] {processor.py:175} INFO - Processing /home/gerardsho/airflow_env/lib/python3.8/site-packages/airflow/example_dags/example_complex.py took 0.058 seconds
[2023-04-22T01:56:46.124+0800] {processor.py:153} INFO - Started process (PID=3279) to work on /home/gerardsho/airflow_env/lib/python3.8/site-packages/airflow/example_dags/example_complex.py
[2023-04-22T01:56:46.127+0800] {processor.py:743} INFO - Processing file /home/gerardsho/airflow_env/lib/python3.8/site-packages/airflow/example_dags/example_complex.py for tasks to queue
[2023-04-22T01:56:46.128+0800] {logging_mixin.py:137} INFO - [2023-04-22T01:56:46.127+0800] {dagbag.py:532} INFO - Filling up the DagBag from /home/gerardsho/airflow_env/lib/python3.8/site-packages/airflow/example_dags/example_complex.py
[2023-04-22T01:56:46.134+0800] {logging_mixin.py:137} INFO - [2023-04-22T01:56:46.134+0800] {taskmixin.py:211} WARNING - Dependency <Task(BashOperator): create_entry_group>, delete_entry_group already registered for DAG: example_complex
[2023-04-22T01:56:46.134+0800] {logging_mixin.py:137} INFO - [2023-04-22T01:56:46.134+0800] {taskmixin.py:211} WARNING - Dependency <Task(BashOperator): delete_entry_group>, create_entry_group already registered for DAG: example_complex
[2023-04-22T01:56:46.135+0800] {logging_mixin.py:137} INFO - [2023-04-22T01:56:46.134+0800] {taskmixin.py:211} WARNING - Dependency <Task(BashOperator): create_entry_gcs>, delete_entry already registered for DAG: example_complex
[2023-04-22T01:56:46.135+0800] {logging_mixin.py:137} INFO - [2023-04-22T01:56:46.135+0800] {taskmixin.py:211} WARNING - Dependency <Task(BashOperator): delete_entry>, create_entry_gcs already registered for DAG: example_complex
[2023-04-22T01:56:46.135+0800] {logging_mixin.py:137} INFO - [2023-04-22T01:56:46.135+0800] {taskmixin.py:211} WARNING - Dependency <Task(BashOperator): create_tag>, delete_tag already registered for DAG: example_complex
[2023-04-22T01:56:46.135+0800] {logging_mixin.py:137} INFO - [2023-04-22T01:56:46.135+0800] {taskmixin.py:211} WARNING - Dependency <Task(BashOperator): delete_tag>, create_tag already registered for DAG: example_complex
[2023-04-22T01:56:46.138+0800] {processor.py:753} INFO - DAG(s) dict_keys(['example_complex']) retrieved from /home/gerardsho/airflow_env/lib/python3.8/site-packages/airflow/example_dags/example_complex.py
[2023-04-22T01:56:46.156+0800] {logging_mixin.py:137} INFO - [2023-04-22T01:56:46.156+0800] {dag.py:2705} INFO - Sync 1 DAGs
[2023-04-22T01:56:46.168+0800] {logging_mixin.py:137} INFO - [2023-04-22T01:56:46.168+0800] {dag.py:3452} INFO - Setting next_dagrun for example_complex to None, run_after=None
[2023-04-22T01:56:46.187+0800] {processor.py:175} INFO - Processing /home/gerardsho/airflow_env/lib/python3.8/site-packages/airflow/example_dags/example_complex.py took 0.065 seconds
[2023-04-22T01:57:24.526+0800] {processor.py:153} INFO - Started process (PID=3324) to work on /home/gerardsho/airflow_env/lib/python3.8/site-packages/airflow/example_dags/example_complex.py
[2023-04-22T01:57:24.527+0800] {processor.py:743} INFO - Processing file /home/gerardsho/airflow_env/lib/python3.8/site-packages/airflow/example_dags/example_complex.py for tasks to queue
[2023-04-22T01:57:24.528+0800] {logging_mixin.py:137} INFO - [2023-04-22T01:57:24.528+0800] {dagbag.py:532} INFO - Filling up the DagBag from /home/gerardsho/airflow_env/lib/python3.8/site-packages/airflow/example_dags/example_complex.py
[2023-04-22T01:57:24.541+0800] {logging_mixin.py:137} INFO - [2023-04-22T01:57:24.541+0800] {taskmixin.py:211} WARNING - Dependency <Task(BashOperator): create_entry_group>, delete_entry_group already registered for DAG: example_complex
[2023-04-22T01:57:24.541+0800] {logging_mixin.py:137} INFO - [2023-04-22T01:57:24.541+0800] {taskmixin.py:211} WARNING - Dependency <Task(BashOperator): delete_entry_group>, create_entry_group already registered for DAG: example_complex
[2023-04-22T01:57:24.542+0800] {logging_mixin.py:137} INFO - [2023-04-22T01:57:24.542+0800] {taskmixin.py:211} WARNING - Dependency <Task(BashOperator): create_entry_gcs>, delete_entry already registered for DAG: example_complex
[2023-04-22T01:57:24.542+0800] {logging_mixin.py:137} INFO - [2023-04-22T01:57:24.542+0800] {taskmixin.py:211} WARNING - Dependency <Task(BashOperator): delete_entry>, create_entry_gcs already registered for DAG: example_complex
[2023-04-22T01:57:24.542+0800] {logging_mixin.py:137} INFO - [2023-04-22T01:57:24.542+0800] {taskmixin.py:211} WARNING - Dependency <Task(BashOperator): create_tag>, delete_tag already registered for DAG: example_complex
[2023-04-22T01:57:24.542+0800] {logging_mixin.py:137} INFO - [2023-04-22T01:57:24.542+0800] {taskmixin.py:211} WARNING - Dependency <Task(BashOperator): delete_tag>, create_tag already registered for DAG: example_complex
[2023-04-22T01:57:24.552+0800] {processor.py:753} INFO - DAG(s) dict_keys(['example_complex']) retrieved from /home/gerardsho/airflow_env/lib/python3.8/site-packages/airflow/example_dags/example_complex.py
[2023-04-22T01:57:24.585+0800] {logging_mixin.py:137} INFO - [2023-04-22T01:57:24.584+0800] {dag.py:2705} INFO - Sync 1 DAGs
[2023-04-22T01:57:24.615+0800] {logging_mixin.py:137} INFO - [2023-04-22T01:57:24.615+0800] {dag.py:3452} INFO - Setting next_dagrun for example_complex to None, run_after=None
[2023-04-22T01:57:24.647+0800] {processor.py:175} INFO - Processing /home/gerardsho/airflow_env/lib/python3.8/site-packages/airflow/example_dags/example_complex.py took 0.125 seconds
[2023-04-22T01:58:05.695+0800] {processor.py:153} INFO - Started process (PID=3374) to work on /home/gerardsho/airflow_env/lib/python3.8/site-packages/airflow/example_dags/example_complex.py
[2023-04-22T01:58:05.696+0800] {processor.py:743} INFO - Processing file /home/gerardsho/airflow_env/lib/python3.8/site-packages/airflow/example_dags/example_complex.py for tasks to queue
[2023-04-22T01:58:05.697+0800] {logging_mixin.py:137} INFO - [2023-04-22T01:58:05.697+0800] {dagbag.py:532} INFO - Filling up the DagBag from /home/gerardsho/airflow_env/lib/python3.8/site-packages/airflow/example_dags/example_complex.py
[2023-04-22T01:58:05.708+0800] {logging_mixin.py:137} INFO - [2023-04-22T01:58:05.708+0800] {taskmixin.py:211} WARNING - Dependency <Task(BashOperator): create_entry_group>, delete_entry_group already registered for DAG: example_complex
[2023-04-22T01:58:05.708+0800] {logging_mixin.py:137} INFO - [2023-04-22T01:58:05.708+0800] {taskmixin.py:211} WARNING - Dependency <Task(BashOperator): delete_entry_group>, create_entry_group already registered for DAG: example_complex
[2023-04-22T01:58:05.708+0800] {logging_mixin.py:137} INFO - [2023-04-22T01:58:05.708+0800] {taskmixin.py:211} WARNING - Dependency <Task(BashOperator): create_entry_gcs>, delete_entry already registered for DAG: example_complex
[2023-04-22T01:58:05.708+0800] {logging_mixin.py:137} INFO - [2023-04-22T01:58:05.708+0800] {taskmixin.py:211} WARNING - Dependency <Task(BashOperator): delete_entry>, create_entry_gcs already registered for DAG: example_complex
[2023-04-22T01:58:05.709+0800] {logging_mixin.py:137} INFO - [2023-04-22T01:58:05.709+0800] {taskmixin.py:211} WARNING - Dependency <Task(BashOperator): create_tag>, delete_tag already registered for DAG: example_complex
[2023-04-22T01:58:05.709+0800] {logging_mixin.py:137} INFO - [2023-04-22T01:58:05.709+0800] {taskmixin.py:211} WARNING - Dependency <Task(BashOperator): delete_tag>, create_tag already registered for DAG: example_complex
[2023-04-22T01:58:05.714+0800] {processor.py:753} INFO - DAG(s) dict_keys(['example_complex']) retrieved from /home/gerardsho/airflow_env/lib/python3.8/site-packages/airflow/example_dags/example_complex.py
[2023-04-22T01:58:05.753+0800] {logging_mixin.py:137} INFO - [2023-04-22T01:58:05.753+0800] {dag.py:2705} INFO - Sync 1 DAGs
[2023-04-22T01:58:05.776+0800] {logging_mixin.py:137} INFO - [2023-04-22T01:58:05.776+0800] {dag.py:3452} INFO - Setting next_dagrun for example_complex to None, run_after=None
[2023-04-22T01:58:05.796+0800] {processor.py:175} INFO - Processing /home/gerardsho/airflow_env/lib/python3.8/site-packages/airflow/example_dags/example_complex.py took 0.105 seconds
[2023-04-22T01:58:47.483+0800] {processor.py:153} INFO - Started process (PID=3417) to work on /home/gerardsho/airflow_env/lib/python3.8/site-packages/airflow/example_dags/example_complex.py
[2023-04-22T01:58:47.487+0800] {processor.py:743} INFO - Processing file /home/gerardsho/airflow_env/lib/python3.8/site-packages/airflow/example_dags/example_complex.py for tasks to queue
[2023-04-22T01:58:47.487+0800] {logging_mixin.py:137} INFO - [2023-04-22T01:58:47.487+0800] {dagbag.py:532} INFO - Filling up the DagBag from /home/gerardsho/airflow_env/lib/python3.8/site-packages/airflow/example_dags/example_complex.py
[2023-04-22T01:58:47.493+0800] {logging_mixin.py:137} INFO - [2023-04-22T01:58:47.493+0800] {taskmixin.py:211} WARNING - Dependency <Task(BashOperator): create_entry_group>, delete_entry_group already registered for DAG: example_complex
[2023-04-22T01:58:47.493+0800] {logging_mixin.py:137} INFO - [2023-04-22T01:58:47.493+0800] {taskmixin.py:211} WARNING - Dependency <Task(BashOperator): delete_entry_group>, create_entry_group already registered for DAG: example_complex
[2023-04-22T01:58:47.493+0800] {logging_mixin.py:137} INFO - [2023-04-22T01:58:47.493+0800] {taskmixin.py:211} WARNING - Dependency <Task(BashOperator): create_entry_gcs>, delete_entry already registered for DAG: example_complex
[2023-04-22T01:58:47.493+0800] {logging_mixin.py:137} INFO - [2023-04-22T01:58:47.493+0800] {taskmixin.py:211} WARNING - Dependency <Task(BashOperator): delete_entry>, create_entry_gcs already registered for DAG: example_complex
[2023-04-22T01:58:47.493+0800] {logging_mixin.py:137} INFO - [2023-04-22T01:58:47.493+0800] {taskmixin.py:211} WARNING - Dependency <Task(BashOperator): create_tag>, delete_tag already registered for DAG: example_complex
[2023-04-22T01:58:47.493+0800] {logging_mixin.py:137} INFO - [2023-04-22T01:58:47.493+0800] {taskmixin.py:211} WARNING - Dependency <Task(BashOperator): delete_tag>, create_tag already registered for DAG: example_complex
[2023-04-22T01:58:47.498+0800] {processor.py:753} INFO - DAG(s) dict_keys(['example_complex']) retrieved from /home/gerardsho/airflow_env/lib/python3.8/site-packages/airflow/example_dags/example_complex.py
[2023-04-22T01:58:47.518+0800] {logging_mixin.py:137} INFO - [2023-04-22T01:58:47.518+0800] {dag.py:2705} INFO - Sync 1 DAGs
[2023-04-22T01:58:47.530+0800] {logging_mixin.py:137} INFO - [2023-04-22T01:58:47.529+0800] {dag.py:3452} INFO - Setting next_dagrun for example_complex to None, run_after=None
[2023-04-22T01:58:47.550+0800] {processor.py:175} INFO - Processing /home/gerardsho/airflow_env/lib/python3.8/site-packages/airflow/example_dags/example_complex.py took 0.070 seconds
[2023-04-22T01:59:27.266+0800] {processor.py:153} INFO - Started process (PID=3459) to work on /home/gerardsho/airflow_env/lib/python3.8/site-packages/airflow/example_dags/example_complex.py
[2023-04-22T01:59:27.269+0800] {processor.py:743} INFO - Processing file /home/gerardsho/airflow_env/lib/python3.8/site-packages/airflow/example_dags/example_complex.py for tasks to queue
[2023-04-22T01:59:27.270+0800] {logging_mixin.py:137} INFO - [2023-04-22T01:59:27.270+0800] {dagbag.py:532} INFO - Filling up the DagBag from /home/gerardsho/airflow_env/lib/python3.8/site-packages/airflow/example_dags/example_complex.py
[2023-04-22T01:59:27.276+0800] {logging_mixin.py:137} INFO - [2023-04-22T01:59:27.276+0800] {taskmixin.py:211} WARNING - Dependency <Task(BashOperator): create_entry_group>, delete_entry_group already registered for DAG: example_complex
[2023-04-22T01:59:27.276+0800] {logging_mixin.py:137} INFO - [2023-04-22T01:59:27.276+0800] {taskmixin.py:211} WARNING - Dependency <Task(BashOperator): delete_entry_group>, create_entry_group already registered for DAG: example_complex
[2023-04-22T01:59:27.276+0800] {logging_mixin.py:137} INFO - [2023-04-22T01:59:27.276+0800] {taskmixin.py:211} WARNING - Dependency <Task(BashOperator): create_entry_gcs>, delete_entry already registered for DAG: example_complex
[2023-04-22T01:59:27.276+0800] {logging_mixin.py:137} INFO - [2023-04-22T01:59:27.276+0800] {taskmixin.py:211} WARNING - Dependency <Task(BashOperator): delete_entry>, create_entry_gcs already registered for DAG: example_complex
[2023-04-22T01:59:27.276+0800] {logging_mixin.py:137} INFO - [2023-04-22T01:59:27.276+0800] {taskmixin.py:211} WARNING - Dependency <Task(BashOperator): create_tag>, delete_tag already registered for DAG: example_complex
[2023-04-22T01:59:27.277+0800] {logging_mixin.py:137} INFO - [2023-04-22T01:59:27.276+0800] {taskmixin.py:211} WARNING - Dependency <Task(BashOperator): delete_tag>, create_tag already registered for DAG: example_complex
[2023-04-22T01:59:27.280+0800] {processor.py:753} INFO - DAG(s) dict_keys(['example_complex']) retrieved from /home/gerardsho/airflow_env/lib/python3.8/site-packages/airflow/example_dags/example_complex.py
[2023-04-22T01:59:27.296+0800] {logging_mixin.py:137} INFO - [2023-04-22T01:59:27.296+0800] {dag.py:2705} INFO - Sync 1 DAGs
[2023-04-22T01:59:27.305+0800] {logging_mixin.py:137} INFO - [2023-04-22T01:59:27.305+0800] {dag.py:3452} INFO - Setting next_dagrun for example_complex to None, run_after=None
[2023-04-22T01:59:27.323+0800] {processor.py:175} INFO - Processing /home/gerardsho/airflow_env/lib/python3.8/site-packages/airflow/example_dags/example_complex.py took 0.060 seconds
[2023-04-22T02:00:40.415+0800] {processor.py:153} INFO - Started process (PID=3516) to work on /home/gerardsho/airflow_env/lib/python3.8/site-packages/airflow/example_dags/example_complex.py
[2023-04-22T02:00:40.418+0800] {processor.py:743} INFO - Processing file /home/gerardsho/airflow_env/lib/python3.8/site-packages/airflow/example_dags/example_complex.py for tasks to queue
[2023-04-22T02:00:40.419+0800] {logging_mixin.py:137} INFO - [2023-04-22T02:00:40.419+0800] {dagbag.py:532} INFO - Filling up the DagBag from /home/gerardsho/airflow_env/lib/python3.8/site-packages/airflow/example_dags/example_complex.py
[2023-04-22T02:00:40.426+0800] {logging_mixin.py:137} INFO - [2023-04-22T02:00:40.426+0800] {taskmixin.py:211} WARNING - Dependency <Task(BashOperator): create_entry_group>, delete_entry_group already registered for DAG: example_complex
[2023-04-22T02:00:40.426+0800] {logging_mixin.py:137} INFO - [2023-04-22T02:00:40.426+0800] {taskmixin.py:211} WARNING - Dependency <Task(BashOperator): delete_entry_group>, create_entry_group already registered for DAG: example_complex
[2023-04-22T02:00:40.426+0800] {logging_mixin.py:137} INFO - [2023-04-22T02:00:40.426+0800] {taskmixin.py:211} WARNING - Dependency <Task(BashOperator): create_entry_gcs>, delete_entry already registered for DAG: example_complex
[2023-04-22T02:00:40.426+0800] {logging_mixin.py:137} INFO - [2023-04-22T02:00:40.426+0800] {taskmixin.py:211} WARNING - Dependency <Task(BashOperator): delete_entry>, create_entry_gcs already registered for DAG: example_complex
[2023-04-22T02:00:40.427+0800] {logging_mixin.py:137} INFO - [2023-04-22T02:00:40.426+0800] {taskmixin.py:211} WARNING - Dependency <Task(BashOperator): create_tag>, delete_tag already registered for DAG: example_complex
[2023-04-22T02:00:40.427+0800] {logging_mixin.py:137} INFO - [2023-04-22T02:00:40.427+0800] {taskmixin.py:211} WARNING - Dependency <Task(BashOperator): delete_tag>, create_tag already registered for DAG: example_complex
[2023-04-22T02:00:40.431+0800] {processor.py:753} INFO - DAG(s) dict_keys(['example_complex']) retrieved from /home/gerardsho/airflow_env/lib/python3.8/site-packages/airflow/example_dags/example_complex.py
[2023-04-22T02:00:40.519+0800] {logging_mixin.py:137} INFO - [2023-04-22T02:00:40.519+0800] {manager.py:504} INFO - Created Permission View: can edit on DAG:example_complex
[2023-04-22T02:00:40.532+0800] {logging_mixin.py:137} INFO - [2023-04-22T02:00:40.532+0800] {manager.py:504} INFO - Created Permission View: can delete on DAG:example_complex
[2023-04-22T02:00:40.544+0800] {logging_mixin.py:137} INFO - [2023-04-22T02:00:40.544+0800] {manager.py:504} INFO - Created Permission View: can read on DAG:example_complex
[2023-04-22T02:00:40.545+0800] {logging_mixin.py:137} INFO - [2023-04-22T02:00:40.545+0800] {dag.py:2705} INFO - Sync 1 DAGs
[2023-04-22T02:00:40.550+0800] {logging_mixin.py:137} INFO - [2023-04-22T02:00:40.550+0800] {dag.py:2726} INFO - Creating ORM DAG for example_complex
[2023-04-22T02:00:40.555+0800] {logging_mixin.py:137} INFO - [2023-04-22T02:00:40.555+0800] {dag.py:3452} INFO - Setting next_dagrun for example_complex to None, run_after=None
[2023-04-22T02:00:40.572+0800] {processor.py:175} INFO - Processing /home/gerardsho/airflow_env/lib/python3.8/site-packages/airflow/example_dags/example_complex.py took 0.159 seconds
[2023-04-22T02:01:24.403+0800] {processor.py:153} INFO - Started process (PID=3566) to work on /home/gerardsho/airflow_env/lib/python3.8/site-packages/airflow/example_dags/example_complex.py
[2023-04-22T02:01:24.404+0800] {processor.py:743} INFO - Processing file /home/gerardsho/airflow_env/lib/python3.8/site-packages/airflow/example_dags/example_complex.py for tasks to queue
[2023-04-22T02:01:24.405+0800] {logging_mixin.py:137} INFO - [2023-04-22T02:01:24.404+0800] {dagbag.py:532} INFO - Filling up the DagBag from /home/gerardsho/airflow_env/lib/python3.8/site-packages/airflow/example_dags/example_complex.py
[2023-04-22T02:01:24.411+0800] {logging_mixin.py:137} INFO - [2023-04-22T02:01:24.410+0800] {taskmixin.py:211} WARNING - Dependency <Task(BashOperator): create_entry_group>, delete_entry_group already registered for DAG: example_complex
[2023-04-22T02:01:24.411+0800] {logging_mixin.py:137} INFO - [2023-04-22T02:01:24.411+0800] {taskmixin.py:211} WARNING - Dependency <Task(BashOperator): delete_entry_group>, create_entry_group already registered for DAG: example_complex
[2023-04-22T02:01:24.411+0800] {logging_mixin.py:137} INFO - [2023-04-22T02:01:24.411+0800] {taskmixin.py:211} WARNING - Dependency <Task(BashOperator): create_entry_gcs>, delete_entry already registered for DAG: example_complex
[2023-04-22T02:01:24.411+0800] {logging_mixin.py:137} INFO - [2023-04-22T02:01:24.411+0800] {taskmixin.py:211} WARNING - Dependency <Task(BashOperator): delete_entry>, create_entry_gcs already registered for DAG: example_complex
[2023-04-22T02:01:24.411+0800] {logging_mixin.py:137} INFO - [2023-04-22T02:01:24.411+0800] {taskmixin.py:211} WARNING - Dependency <Task(BashOperator): create_tag>, delete_tag already registered for DAG: example_complex
[2023-04-22T02:01:24.411+0800] {logging_mixin.py:137} INFO - [2023-04-22T02:01:24.411+0800] {taskmixin.py:211} WARNING - Dependency <Task(BashOperator): delete_tag>, create_tag already registered for DAG: example_complex
[2023-04-22T02:01:24.415+0800] {processor.py:753} INFO - DAG(s) dict_keys(['example_complex']) retrieved from /home/gerardsho/airflow_env/lib/python3.8/site-packages/airflow/example_dags/example_complex.py
[2023-04-22T02:01:24.431+0800] {logging_mixin.py:137} INFO - [2023-04-22T02:01:24.430+0800] {dag.py:2705} INFO - Sync 1 DAGs
[2023-04-22T02:01:24.441+0800] {logging_mixin.py:137} INFO - [2023-04-22T02:01:24.441+0800] {dag.py:3452} INFO - Setting next_dagrun for example_complex to None, run_after=None
[2023-04-22T02:01:24.457+0800] {processor.py:175} INFO - Processing /home/gerardsho/airflow_env/lib/python3.8/site-packages/airflow/example_dags/example_complex.py took 0.057 seconds
[2023-04-22T02:02:04.446+0800] {processor.py:153} INFO - Started process (PID=3608) to work on /home/gerardsho/airflow_env/lib/python3.8/site-packages/airflow/example_dags/example_complex.py
[2023-04-22T02:02:04.447+0800] {processor.py:743} INFO - Processing file /home/gerardsho/airflow_env/lib/python3.8/site-packages/airflow/example_dags/example_complex.py for tasks to queue
[2023-04-22T02:02:04.448+0800] {logging_mixin.py:137} INFO - [2023-04-22T02:02:04.448+0800] {dagbag.py:532} INFO - Filling up the DagBag from /home/gerardsho/airflow_env/lib/python3.8/site-packages/airflow/example_dags/example_complex.py
[2023-04-22T02:02:04.455+0800] {logging_mixin.py:137} INFO - [2023-04-22T02:02:04.455+0800] {taskmixin.py:211} WARNING - Dependency <Task(BashOperator): create_entry_group>, delete_entry_group already registered for DAG: example_complex
[2023-04-22T02:02:04.455+0800] {logging_mixin.py:137} INFO - [2023-04-22T02:02:04.455+0800] {taskmixin.py:211} WARNING - Dependency <Task(BashOperator): delete_entry_group>, create_entry_group already registered for DAG: example_complex
[2023-04-22T02:02:04.455+0800] {logging_mixin.py:137} INFO - [2023-04-22T02:02:04.455+0800] {taskmixin.py:211} WARNING - Dependency <Task(BashOperator): create_entry_gcs>, delete_entry already registered for DAG: example_complex
[2023-04-22T02:02:04.455+0800] {logging_mixin.py:137} INFO - [2023-04-22T02:02:04.455+0800] {taskmixin.py:211} WARNING - Dependency <Task(BashOperator): delete_entry>, create_entry_gcs already registered for DAG: example_complex
[2023-04-22T02:02:04.455+0800] {logging_mixin.py:137} INFO - [2023-04-22T02:02:04.455+0800] {taskmixin.py:211} WARNING - Dependency <Task(BashOperator): create_tag>, delete_tag already registered for DAG: example_complex
[2023-04-22T02:02:04.455+0800] {logging_mixin.py:137} INFO - [2023-04-22T02:02:04.455+0800] {taskmixin.py:211} WARNING - Dependency <Task(BashOperator): delete_tag>, create_tag already registered for DAG: example_complex
[2023-04-22T02:02:04.459+0800] {processor.py:753} INFO - DAG(s) dict_keys(['example_complex']) retrieved from /home/gerardsho/airflow_env/lib/python3.8/site-packages/airflow/example_dags/example_complex.py
[2023-04-22T02:02:04.473+0800] {logging_mixin.py:137} INFO - [2023-04-22T02:02:04.473+0800] {dag.py:2705} INFO - Sync 1 DAGs
[2023-04-22T02:02:04.484+0800] {logging_mixin.py:137} INFO - [2023-04-22T02:02:04.484+0800] {dag.py:3452} INFO - Setting next_dagrun for example_complex to None, run_after=None
[2023-04-22T02:02:04.502+0800] {processor.py:175} INFO - Processing /home/gerardsho/airflow_env/lib/python3.8/site-packages/airflow/example_dags/example_complex.py took 0.058 seconds
[2023-04-22T02:02:45.089+0800] {processor.py:153} INFO - Started process (PID=3660) to work on /home/gerardsho/airflow_env/lib/python3.8/site-packages/airflow/example_dags/example_complex.py
[2023-04-22T02:02:45.090+0800] {processor.py:743} INFO - Processing file /home/gerardsho/airflow_env/lib/python3.8/site-packages/airflow/example_dags/example_complex.py for tasks to queue
[2023-04-22T02:02:45.090+0800] {logging_mixin.py:137} INFO - [2023-04-22T02:02:45.090+0800] {dagbag.py:532} INFO - Filling up the DagBag from /home/gerardsho/airflow_env/lib/python3.8/site-packages/airflow/example_dags/example_complex.py
[2023-04-22T02:02:45.097+0800] {logging_mixin.py:137} INFO - [2023-04-22T02:02:45.097+0800] {taskmixin.py:211} WARNING - Dependency <Task(BashOperator): create_entry_group>, delete_entry_group already registered for DAG: example_complex
[2023-04-22T02:02:45.097+0800] {logging_mixin.py:137} INFO - [2023-04-22T02:02:45.097+0800] {taskmixin.py:211} WARNING - Dependency <Task(BashOperator): delete_entry_group>, create_entry_group already registered for DAG: example_complex
[2023-04-22T02:02:45.097+0800] {logging_mixin.py:137} INFO - [2023-04-22T02:02:45.097+0800] {taskmixin.py:211} WARNING - Dependency <Task(BashOperator): create_entry_gcs>, delete_entry already registered for DAG: example_complex
[2023-04-22T02:02:45.097+0800] {logging_mixin.py:137} INFO - [2023-04-22T02:02:45.097+0800] {taskmixin.py:211} WARNING - Dependency <Task(BashOperator): delete_entry>, create_entry_gcs already registered for DAG: example_complex
[2023-04-22T02:02:45.097+0800] {logging_mixin.py:137} INFO - [2023-04-22T02:02:45.097+0800] {taskmixin.py:211} WARNING - Dependency <Task(BashOperator): create_tag>, delete_tag already registered for DAG: example_complex
[2023-04-22T02:02:45.097+0800] {logging_mixin.py:137} INFO - [2023-04-22T02:02:45.097+0800] {taskmixin.py:211} WARNING - Dependency <Task(BashOperator): delete_tag>, create_tag already registered for DAG: example_complex
[2023-04-22T02:02:45.101+0800] {processor.py:753} INFO - DAG(s) dict_keys(['example_complex']) retrieved from /home/gerardsho/airflow_env/lib/python3.8/site-packages/airflow/example_dags/example_complex.py
[2023-04-22T02:02:45.122+0800] {logging_mixin.py:137} INFO - [2023-04-22T02:02:45.122+0800] {dag.py:2705} INFO - Sync 1 DAGs
[2023-04-22T02:02:45.135+0800] {logging_mixin.py:137} INFO - [2023-04-22T02:02:45.134+0800] {dag.py:3452} INFO - Setting next_dagrun for example_complex to None, run_after=None
[2023-04-22T02:02:45.153+0800] {processor.py:175} INFO - Processing /home/gerardsho/airflow_env/lib/python3.8/site-packages/airflow/example_dags/example_complex.py took 0.066 seconds
[2023-04-22T02:03:27.893+0800] {processor.py:153} INFO - Started process (PID=3707) to work on /home/gerardsho/airflow_env/lib/python3.8/site-packages/airflow/example_dags/example_complex.py
[2023-04-22T02:03:27.896+0800] {processor.py:743} INFO - Processing file /home/gerardsho/airflow_env/lib/python3.8/site-packages/airflow/example_dags/example_complex.py for tasks to queue
[2023-04-22T02:03:27.897+0800] {logging_mixin.py:137} INFO - [2023-04-22T02:03:27.897+0800] {dagbag.py:532} INFO - Filling up the DagBag from /home/gerardsho/airflow_env/lib/python3.8/site-packages/airflow/example_dags/example_complex.py
[2023-04-22T02:03:27.903+0800] {logging_mixin.py:137} INFO - [2023-04-22T02:03:27.903+0800] {taskmixin.py:211} WARNING - Dependency <Task(BashOperator): create_entry_group>, delete_entry_group already registered for DAG: example_complex
[2023-04-22T02:03:27.903+0800] {logging_mixin.py:137} INFO - [2023-04-22T02:03:27.903+0800] {taskmixin.py:211} WARNING - Dependency <Task(BashOperator): delete_entry_group>, create_entry_group already registered for DAG: example_complex
[2023-04-22T02:03:27.903+0800] {logging_mixin.py:137} INFO - [2023-04-22T02:03:27.903+0800] {taskmixin.py:211} WARNING - Dependency <Task(BashOperator): create_entry_gcs>, delete_entry already registered for DAG: example_complex
[2023-04-22T02:03:27.904+0800] {logging_mixin.py:137} INFO - [2023-04-22T02:03:27.903+0800] {taskmixin.py:211} WARNING - Dependency <Task(BashOperator): delete_entry>, create_entry_gcs already registered for DAG: example_complex
[2023-04-22T02:03:27.904+0800] {logging_mixin.py:137} INFO - [2023-04-22T02:03:27.904+0800] {taskmixin.py:211} WARNING - Dependency <Task(BashOperator): create_tag>, delete_tag already registered for DAG: example_complex
[2023-04-22T02:03:27.904+0800] {logging_mixin.py:137} INFO - [2023-04-22T02:03:27.904+0800] {taskmixin.py:211} WARNING - Dependency <Task(BashOperator): delete_tag>, create_tag already registered for DAG: example_complex
[2023-04-22T02:03:27.907+0800] {processor.py:753} INFO - DAG(s) dict_keys(['example_complex']) retrieved from /home/gerardsho/airflow_env/lib/python3.8/site-packages/airflow/example_dags/example_complex.py
[2023-04-22T02:03:27.922+0800] {logging_mixin.py:137} INFO - [2023-04-22T02:03:27.922+0800] {dag.py:2705} INFO - Sync 1 DAGs
[2023-04-22T02:03:27.932+0800] {logging_mixin.py:137} INFO - [2023-04-22T02:03:27.932+0800] {dag.py:3452} INFO - Setting next_dagrun for example_complex to None, run_after=None
[2023-04-22T02:03:27.950+0800] {processor.py:175} INFO - Processing /home/gerardsho/airflow_env/lib/python3.8/site-packages/airflow/example_dags/example_complex.py took 0.058 seconds
[2023-04-22T02:04:06.774+0800] {processor.py:153} INFO - Started process (PID=3753) to work on /home/gerardsho/airflow_env/lib/python3.8/site-packages/airflow/example_dags/example_complex.py
[2023-04-22T02:04:06.777+0800] {processor.py:743} INFO - Processing file /home/gerardsho/airflow_env/lib/python3.8/site-packages/airflow/example_dags/example_complex.py for tasks to queue
[2023-04-22T02:04:06.778+0800] {logging_mixin.py:137} INFO - [2023-04-22T02:04:06.778+0800] {dagbag.py:532} INFO - Filling up the DagBag from /home/gerardsho/airflow_env/lib/python3.8/site-packages/airflow/example_dags/example_complex.py
[2023-04-22T02:04:06.784+0800] {logging_mixin.py:137} INFO - [2023-04-22T02:04:06.784+0800] {taskmixin.py:211} WARNING - Dependency <Task(BashOperator): create_entry_group>, delete_entry_group already registered for DAG: example_complex
[2023-04-22T02:04:06.784+0800] {logging_mixin.py:137} INFO - [2023-04-22T02:04:06.784+0800] {taskmixin.py:211} WARNING - Dependency <Task(BashOperator): delete_entry_group>, create_entry_group already registered for DAG: example_complex
[2023-04-22T02:04:06.784+0800] {logging_mixin.py:137} INFO - [2023-04-22T02:04:06.784+0800] {taskmixin.py:211} WARNING - Dependency <Task(BashOperator): create_entry_gcs>, delete_entry already registered for DAG: example_complex
[2023-04-22T02:04:06.784+0800] {logging_mixin.py:137} INFO - [2023-04-22T02:04:06.784+0800] {taskmixin.py:211} WARNING - Dependency <Task(BashOperator): delete_entry>, create_entry_gcs already registered for DAG: example_complex
[2023-04-22T02:04:06.785+0800] {logging_mixin.py:137} INFO - [2023-04-22T02:04:06.785+0800] {taskmixin.py:211} WARNING - Dependency <Task(BashOperator): create_tag>, delete_tag already registered for DAG: example_complex
[2023-04-22T02:04:06.785+0800] {logging_mixin.py:137} INFO - [2023-04-22T02:04:06.785+0800] {taskmixin.py:211} WARNING - Dependency <Task(BashOperator): delete_tag>, create_tag already registered for DAG: example_complex
[2023-04-22T02:04:06.790+0800] {processor.py:753} INFO - DAG(s) dict_keys(['example_complex']) retrieved from /home/gerardsho/airflow_env/lib/python3.8/site-packages/airflow/example_dags/example_complex.py
[2023-04-22T02:04:06.807+0800] {logging_mixin.py:137} INFO - [2023-04-22T02:04:06.807+0800] {dag.py:2705} INFO - Sync 1 DAGs
[2023-04-22T02:04:06.819+0800] {logging_mixin.py:137} INFO - [2023-04-22T02:04:06.819+0800] {dag.py:3452} INFO - Setting next_dagrun for example_complex to None, run_after=None
[2023-04-22T02:04:06.837+0800] {processor.py:175} INFO - Processing /home/gerardsho/airflow_env/lib/python3.8/site-packages/airflow/example_dags/example_complex.py took 0.064 seconds
[2023-04-22T02:04:47.968+0800] {processor.py:153} INFO - Started process (PID=3795) to work on /home/gerardsho/airflow_env/lib/python3.8/site-packages/airflow/example_dags/example_complex.py
[2023-04-22T02:04:47.971+0800] {processor.py:743} INFO - Processing file /home/gerardsho/airflow_env/lib/python3.8/site-packages/airflow/example_dags/example_complex.py for tasks to queue
[2023-04-22T02:04:47.972+0800] {logging_mixin.py:137} INFO - [2023-04-22T02:04:47.972+0800] {dagbag.py:532} INFO - Filling up the DagBag from /home/gerardsho/airflow_env/lib/python3.8/site-packages/airflow/example_dags/example_complex.py
[2023-04-22T02:04:47.978+0800] {logging_mixin.py:137} INFO - [2023-04-22T02:04:47.978+0800] {taskmixin.py:211} WARNING - Dependency <Task(BashOperator): create_entry_group>, delete_entry_group already registered for DAG: example_complex
[2023-04-22T02:04:47.978+0800] {logging_mixin.py:137} INFO - [2023-04-22T02:04:47.978+0800] {taskmixin.py:211} WARNING - Dependency <Task(BashOperator): delete_entry_group>, create_entry_group already registered for DAG: example_complex
[2023-04-22T02:04:47.978+0800] {logging_mixin.py:137} INFO - [2023-04-22T02:04:47.978+0800] {taskmixin.py:211} WARNING - Dependency <Task(BashOperator): create_entry_gcs>, delete_entry already registered for DAG: example_complex
[2023-04-22T02:04:47.978+0800] {logging_mixin.py:137} INFO - [2023-04-22T02:04:47.978+0800] {taskmixin.py:211} WARNING - Dependency <Task(BashOperator): delete_entry>, create_entry_gcs already registered for DAG: example_complex
[2023-04-22T02:04:47.978+0800] {logging_mixin.py:137} INFO - [2023-04-22T02:04:47.978+0800] {taskmixin.py:211} WARNING - Dependency <Task(BashOperator): create_tag>, delete_tag already registered for DAG: example_complex
[2023-04-22T02:04:47.978+0800] {logging_mixin.py:137} INFO - [2023-04-22T02:04:47.978+0800] {taskmixin.py:211} WARNING - Dependency <Task(BashOperator): delete_tag>, create_tag already registered for DAG: example_complex
[2023-04-22T02:04:47.983+0800] {processor.py:753} INFO - DAG(s) dict_keys(['example_complex']) retrieved from /home/gerardsho/airflow_env/lib/python3.8/site-packages/airflow/example_dags/example_complex.py
[2023-04-22T02:04:47.999+0800] {logging_mixin.py:137} INFO - [2023-04-22T02:04:47.999+0800] {dag.py:2705} INFO - Sync 1 DAGs
[2023-04-22T02:04:48.009+0800] {logging_mixin.py:137} INFO - [2023-04-22T02:04:48.009+0800] {dag.py:3452} INFO - Setting next_dagrun for example_complex to None, run_after=None
[2023-04-22T02:04:48.030+0800] {processor.py:175} INFO - Processing /home/gerardsho/airflow_env/lib/python3.8/site-packages/airflow/example_dags/example_complex.py took 0.064 seconds
