[2023-04-22T01:48:39.971+0800] {processor.py:153} INFO - Started process (PID=2742) to work on /home/gerardsho/airflow_env/lib/python3.8/site-packages/airflow/example_dags/example_latest_only.py
[2023-04-22T01:48:39.972+0800] {processor.py:743} INFO - Processing file /home/gerardsho/airflow_env/lib/python3.8/site-packages/airflow/example_dags/example_latest_only.py for tasks to queue
[2023-04-22T01:48:39.972+0800] {logging_mixin.py:137} INFO - [2023-04-22T01:48:39.972+0800] {dagbag.py:532} INFO - Filling up the DagBag from /home/gerardsho/airflow_env/lib/python3.8/site-packages/airflow/example_dags/example_latest_only.py
[2023-04-22T01:48:39.980+0800] {processor.py:753} INFO - DAG(s) dict_keys(['latest_only']) retrieved from /home/gerardsho/airflow_env/lib/python3.8/site-packages/airflow/example_dags/example_latest_only.py
[2023-04-22T01:48:40.196+0800] {logging_mixin.py:137} INFO - [2023-04-22T01:48:40.195+0800] {manager.py:504} INFO - Created Permission View: can edit on DAG:latest_only
[2023-04-22T01:48:40.276+0800] {logging_mixin.py:137} INFO - [2023-04-22T01:48:40.276+0800] {manager.py:504} INFO - Created Permission View: can delete on DAG:latest_only
[2023-04-22T01:48:40.328+0800] {logging_mixin.py:137} INFO - [2023-04-22T01:48:40.327+0800] {manager.py:504} INFO - Created Permission View: can read on DAG:latest_only
[2023-04-22T01:48:40.328+0800] {logging_mixin.py:137} INFO - [2023-04-22T01:48:40.328+0800] {dag.py:2705} INFO - Sync 1 DAGs
[2023-04-22T01:48:40.335+0800] {logging_mixin.py:137} INFO - [2023-04-22T01:48:40.335+0800] {dag.py:2726} INFO - Creating ORM DAG for latest_only
[2023-04-22T01:48:40.339+0800] {logging_mixin.py:137} INFO - [2023-04-22T01:48:40.339+0800] {dag.py:3452} INFO - Setting next_dagrun for latest_only to 2023-04-21T13:48:40.339746+00:00, run_after=2023-04-21T17:48:40.339746+00:00
[2023-04-22T01:48:40.452+0800] {processor.py:175} INFO - Processing /home/gerardsho/airflow_env/lib/python3.8/site-packages/airflow/example_dags/example_latest_only.py took 0.484 seconds
[2023-04-22T01:49:26.134+0800] {processor.py:153} INFO - Started process (PID=2785) to work on /home/gerardsho/airflow_env/lib/python3.8/site-packages/airflow/example_dags/example_latest_only.py
[2023-04-22T01:49:26.137+0800] {processor.py:743} INFO - Processing file /home/gerardsho/airflow_env/lib/python3.8/site-packages/airflow/example_dags/example_latest_only.py for tasks to queue
[2023-04-22T01:49:26.137+0800] {logging_mixin.py:137} INFO - [2023-04-22T01:49:26.137+0800] {dagbag.py:532} INFO - Filling up the DagBag from /home/gerardsho/airflow_env/lib/python3.8/site-packages/airflow/example_dags/example_latest_only.py
[2023-04-22T01:49:26.153+0800] {processor.py:753} INFO - DAG(s) dict_keys(['latest_only']) retrieved from /home/gerardsho/airflow_env/lib/python3.8/site-packages/airflow/example_dags/example_latest_only.py
[2023-04-22T01:49:26.172+0800] {logging_mixin.py:137} INFO - [2023-04-22T01:49:26.171+0800] {dag.py:2705} INFO - Sync 1 DAGs
[2023-04-22T01:49:26.192+0800] {logging_mixin.py:137} INFO - [2023-04-22T01:49:26.192+0800] {dag.py:3452} INFO - Setting next_dagrun for latest_only to 2023-04-21T13:49:26.192376+00:00, run_after=2023-04-21T17:49:26.192376+00:00
[2023-04-22T01:49:26.215+0800] {processor.py:175} INFO - Processing /home/gerardsho/airflow_env/lib/python3.8/site-packages/airflow/example_dags/example_latest_only.py took 0.084 seconds
[2023-04-22T01:50:06.390+0800] {processor.py:153} INFO - Started process (PID=2828) to work on /home/gerardsho/airflow_env/lib/python3.8/site-packages/airflow/example_dags/example_latest_only.py
[2023-04-22T01:50:06.393+0800] {processor.py:743} INFO - Processing file /home/gerardsho/airflow_env/lib/python3.8/site-packages/airflow/example_dags/example_latest_only.py for tasks to queue
[2023-04-22T01:50:06.394+0800] {logging_mixin.py:137} INFO - [2023-04-22T01:50:06.394+0800] {dagbag.py:532} INFO - Filling up the DagBag from /home/gerardsho/airflow_env/lib/python3.8/site-packages/airflow/example_dags/example_latest_only.py
[2023-04-22T01:50:06.401+0800] {processor.py:753} INFO - DAG(s) dict_keys(['latest_only']) retrieved from /home/gerardsho/airflow_env/lib/python3.8/site-packages/airflow/example_dags/example_latest_only.py
[2023-04-22T01:50:06.412+0800] {logging_mixin.py:137} INFO - [2023-04-22T01:50:06.412+0800] {dag.py:2705} INFO - Sync 1 DAGs
[2023-04-22T01:50:06.422+0800] {logging_mixin.py:137} INFO - [2023-04-22T01:50:06.422+0800] {dag.py:3452} INFO - Setting next_dagrun for latest_only to 2023-04-21T13:50:06.421928+00:00, run_after=2023-04-21T17:50:06.421928+00:00
[2023-04-22T01:50:06.438+0800] {processor.py:175} INFO - Processing /home/gerardsho/airflow_env/lib/python3.8/site-packages/airflow/example_dags/example_latest_only.py took 0.050 seconds
[2023-04-22T01:50:45.669+0800] {processor.py:153} INFO - Started process (PID=2874) to work on /home/gerardsho/airflow_env/lib/python3.8/site-packages/airflow/example_dags/example_latest_only.py
[2023-04-22T01:50:45.672+0800] {processor.py:743} INFO - Processing file /home/gerardsho/airflow_env/lib/python3.8/site-packages/airflow/example_dags/example_latest_only.py for tasks to queue
[2023-04-22T01:50:45.673+0800] {logging_mixin.py:137} INFO - [2023-04-22T01:50:45.672+0800] {dagbag.py:532} INFO - Filling up the DagBag from /home/gerardsho/airflow_env/lib/python3.8/site-packages/airflow/example_dags/example_latest_only.py
[2023-04-22T01:50:45.682+0800] {processor.py:753} INFO - DAG(s) dict_keys(['latest_only']) retrieved from /home/gerardsho/airflow_env/lib/python3.8/site-packages/airflow/example_dags/example_latest_only.py
[2023-04-22T01:50:45.692+0800] {logging_mixin.py:137} INFO - [2023-04-22T01:50:45.692+0800] {dag.py:2705} INFO - Sync 1 DAGs
[2023-04-22T01:50:45.702+0800] {logging_mixin.py:137} INFO - [2023-04-22T01:50:45.702+0800] {dag.py:3452} INFO - Setting next_dagrun for latest_only to 2023-04-21T13:50:45.702193+00:00, run_after=2023-04-21T17:50:45.702193+00:00
[2023-04-22T01:50:45.719+0800] {processor.py:175} INFO - Processing /home/gerardsho/airflow_env/lib/python3.8/site-packages/airflow/example_dags/example_latest_only.py took 0.053 seconds
[2023-04-22T01:51:27.675+0800] {processor.py:153} INFO - Started process (PID=2929) to work on /home/gerardsho/airflow_env/lib/python3.8/site-packages/airflow/example_dags/example_latest_only.py
[2023-04-22T01:51:27.677+0800] {processor.py:743} INFO - Processing file /home/gerardsho/airflow_env/lib/python3.8/site-packages/airflow/example_dags/example_latest_only.py for tasks to queue
[2023-04-22T01:51:27.678+0800] {logging_mixin.py:137} INFO - [2023-04-22T01:51:27.678+0800] {dagbag.py:532} INFO - Filling up the DagBag from /home/gerardsho/airflow_env/lib/python3.8/site-packages/airflow/example_dags/example_latest_only.py
[2023-04-22T01:51:27.686+0800] {processor.py:753} INFO - DAG(s) dict_keys(['latest_only']) retrieved from /home/gerardsho/airflow_env/lib/python3.8/site-packages/airflow/example_dags/example_latest_only.py
[2023-04-22T01:51:27.697+0800] {logging_mixin.py:137} INFO - [2023-04-22T01:51:27.697+0800] {dag.py:2705} INFO - Sync 1 DAGs
[2023-04-22T01:51:27.707+0800] {logging_mixin.py:137} INFO - [2023-04-22T01:51:27.707+0800] {dag.py:3452} INFO - Setting next_dagrun for latest_only to 2023-04-21T13:51:27.707465+00:00, run_after=2023-04-21T17:51:27.707465+00:00
[2023-04-22T01:51:27.726+0800] {processor.py:175} INFO - Processing /home/gerardsho/airflow_env/lib/python3.8/site-packages/airflow/example_dags/example_latest_only.py took 0.053 seconds
[2023-04-22T01:52:09.348+0800] {processor.py:153} INFO - Started process (PID=2979) to work on /home/gerardsho/airflow_env/lib/python3.8/site-packages/airflow/example_dags/example_latest_only.py
[2023-04-22T01:52:09.351+0800] {processor.py:743} INFO - Processing file /home/gerardsho/airflow_env/lib/python3.8/site-packages/airflow/example_dags/example_latest_only.py for tasks to queue
[2023-04-22T01:52:09.352+0800] {logging_mixin.py:137} INFO - [2023-04-22T01:52:09.352+0800] {dagbag.py:532} INFO - Filling up the DagBag from /home/gerardsho/airflow_env/lib/python3.8/site-packages/airflow/example_dags/example_latest_only.py
[2023-04-22T01:52:09.362+0800] {processor.py:753} INFO - DAG(s) dict_keys(['latest_only']) retrieved from /home/gerardsho/airflow_env/lib/python3.8/site-packages/airflow/example_dags/example_latest_only.py
[2023-04-22T01:52:09.374+0800] {logging_mixin.py:137} INFO - [2023-04-22T01:52:09.374+0800] {dag.py:2705} INFO - Sync 1 DAGs
[2023-04-22T01:52:09.388+0800] {logging_mixin.py:137} INFO - [2023-04-22T01:52:09.388+0800] {dag.py:3452} INFO - Setting next_dagrun for latest_only to 2023-04-21T13:52:09.388198+00:00, run_after=2023-04-21T17:52:09.388198+00:00
[2023-04-22T01:52:09.406+0800] {processor.py:175} INFO - Processing /home/gerardsho/airflow_env/lib/python3.8/site-packages/airflow/example_dags/example_latest_only.py took 0.060 seconds
[2023-04-22T01:52:49.764+0800] {processor.py:153} INFO - Started process (PID=3021) to work on /home/gerardsho/airflow_env/lib/python3.8/site-packages/airflow/example_dags/example_latest_only.py
[2023-04-22T01:52:49.765+0800] {processor.py:743} INFO - Processing file /home/gerardsho/airflow_env/lib/python3.8/site-packages/airflow/example_dags/example_latest_only.py for tasks to queue
[2023-04-22T01:52:49.765+0800] {logging_mixin.py:137} INFO - [2023-04-22T01:52:49.765+0800] {dagbag.py:532} INFO - Filling up the DagBag from /home/gerardsho/airflow_env/lib/python3.8/site-packages/airflow/example_dags/example_latest_only.py
[2023-04-22T01:52:49.773+0800] {processor.py:753} INFO - DAG(s) dict_keys(['latest_only']) retrieved from /home/gerardsho/airflow_env/lib/python3.8/site-packages/airflow/example_dags/example_latest_only.py
[2023-04-22T01:52:49.784+0800] {logging_mixin.py:137} INFO - [2023-04-22T01:52:49.784+0800] {dag.py:2705} INFO - Sync 1 DAGs
[2023-04-22T01:52:49.796+0800] {logging_mixin.py:137} INFO - [2023-04-22T01:52:49.796+0800] {dag.py:3452} INFO - Setting next_dagrun for latest_only to 2023-04-21T13:52:49.796303+00:00, run_after=2023-04-21T17:52:49.796303+00:00
[2023-04-22T01:52:49.813+0800] {processor.py:175} INFO - Processing /home/gerardsho/airflow_env/lib/python3.8/site-packages/airflow/example_dags/example_latest_only.py took 0.052 seconds
[2023-04-22T01:53:30.295+0800] {processor.py:153} INFO - Started process (PID=3063) to work on /home/gerardsho/airflow_env/lib/python3.8/site-packages/airflow/example_dags/example_latest_only.py
[2023-04-22T01:53:30.298+0800] {processor.py:743} INFO - Processing file /home/gerardsho/airflow_env/lib/python3.8/site-packages/airflow/example_dags/example_latest_only.py for tasks to queue
[2023-04-22T01:53:30.298+0800] {logging_mixin.py:137} INFO - [2023-04-22T01:53:30.298+0800] {dagbag.py:532} INFO - Filling up the DagBag from /home/gerardsho/airflow_env/lib/python3.8/site-packages/airflow/example_dags/example_latest_only.py
[2023-04-22T01:53:30.308+0800] {processor.py:753} INFO - DAG(s) dict_keys(['latest_only']) retrieved from /home/gerardsho/airflow_env/lib/python3.8/site-packages/airflow/example_dags/example_latest_only.py
[2023-04-22T01:53:30.323+0800] {logging_mixin.py:137} INFO - [2023-04-22T01:53:30.323+0800] {dag.py:2705} INFO - Sync 1 DAGs
[2023-04-22T01:53:30.337+0800] {logging_mixin.py:137} INFO - [2023-04-22T01:53:30.337+0800] {dag.py:3452} INFO - Setting next_dagrun for latest_only to 2023-04-21T13:53:30.337668+00:00, run_after=2023-04-21T17:53:30.337668+00:00
[2023-04-22T01:53:30.355+0800] {processor.py:175} INFO - Processing /home/gerardsho/airflow_env/lib/python3.8/site-packages/airflow/example_dags/example_latest_only.py took 0.063 seconds
[2023-04-22T01:54:10.859+0800] {processor.py:153} INFO - Started process (PID=3105) to work on /home/gerardsho/airflow_env/lib/python3.8/site-packages/airflow/example_dags/example_latest_only.py
[2023-04-22T01:54:10.860+0800] {processor.py:743} INFO - Processing file /home/gerardsho/airflow_env/lib/python3.8/site-packages/airflow/example_dags/example_latest_only.py for tasks to queue
[2023-04-22T01:54:10.861+0800] {logging_mixin.py:137} INFO - [2023-04-22T01:54:10.861+0800] {dagbag.py:532} INFO - Filling up the DagBag from /home/gerardsho/airflow_env/lib/python3.8/site-packages/airflow/example_dags/example_latest_only.py
[2023-04-22T01:54:10.868+0800] {processor.py:753} INFO - DAG(s) dict_keys(['latest_only']) retrieved from /home/gerardsho/airflow_env/lib/python3.8/site-packages/airflow/example_dags/example_latest_only.py
[2023-04-22T01:54:10.880+0800] {logging_mixin.py:137} INFO - [2023-04-22T01:54:10.879+0800] {dag.py:2705} INFO - Sync 1 DAGs
[2023-04-22T01:54:10.890+0800] {logging_mixin.py:137} INFO - [2023-04-22T01:54:10.890+0800] {dag.py:3452} INFO - Setting next_dagrun for latest_only to 2023-04-21T13:54:10.889873+00:00, run_after=2023-04-21T17:54:10.889873+00:00
[2023-04-22T01:54:10.911+0800] {processor.py:175} INFO - Processing /home/gerardsho/airflow_env/lib/python3.8/site-packages/airflow/example_dags/example_latest_only.py took 0.054 seconds
[2023-04-22T01:54:50.880+0800] {processor.py:153} INFO - Started process (PID=3151) to work on /home/gerardsho/airflow_env/lib/python3.8/site-packages/airflow/example_dags/example_latest_only.py
[2023-04-22T01:54:50.881+0800] {processor.py:743} INFO - Processing file /home/gerardsho/airflow_env/lib/python3.8/site-packages/airflow/example_dags/example_latest_only.py for tasks to queue
[2023-04-22T01:54:50.883+0800] {logging_mixin.py:137} INFO - [2023-04-22T01:54:50.882+0800] {dagbag.py:532} INFO - Filling up the DagBag from /home/gerardsho/airflow_env/lib/python3.8/site-packages/airflow/example_dags/example_latest_only.py
[2023-04-22T01:54:50.895+0800] {processor.py:753} INFO - DAG(s) dict_keys(['latest_only']) retrieved from /home/gerardsho/airflow_env/lib/python3.8/site-packages/airflow/example_dags/example_latest_only.py
[2023-04-22T01:54:50.909+0800] {logging_mixin.py:137} INFO - [2023-04-22T01:54:50.909+0800] {dag.py:2705} INFO - Sync 1 DAGs
[2023-04-22T01:54:50.923+0800] {logging_mixin.py:137} INFO - [2023-04-22T01:54:50.923+0800] {dag.py:3452} INFO - Setting next_dagrun for latest_only to 2023-04-21T13:54:50.922952+00:00, run_after=2023-04-21T17:54:50.922952+00:00
[2023-04-22T01:54:50.947+0800] {processor.py:175} INFO - Processing /home/gerardsho/airflow_env/lib/python3.8/site-packages/airflow/example_dags/example_latest_only.py took 0.069 seconds
[2023-04-22T01:55:31.943+0800] {processor.py:153} INFO - Started process (PID=3197) to work on /home/gerardsho/airflow_env/lib/python3.8/site-packages/airflow/example_dags/example_latest_only.py
[2023-04-22T01:55:31.946+0800] {processor.py:743} INFO - Processing file /home/gerardsho/airflow_env/lib/python3.8/site-packages/airflow/example_dags/example_latest_only.py for tasks to queue
[2023-04-22T01:55:31.947+0800] {logging_mixin.py:137} INFO - [2023-04-22T01:55:31.947+0800] {dagbag.py:532} INFO - Filling up the DagBag from /home/gerardsho/airflow_env/lib/python3.8/site-packages/airflow/example_dags/example_latest_only.py
[2023-04-22T01:55:31.955+0800] {processor.py:753} INFO - DAG(s) dict_keys(['latest_only']) retrieved from /home/gerardsho/airflow_env/lib/python3.8/site-packages/airflow/example_dags/example_latest_only.py
[2023-04-22T01:55:31.965+0800] {logging_mixin.py:137} INFO - [2023-04-22T01:55:31.965+0800] {dag.py:2705} INFO - Sync 1 DAGs
[2023-04-22T01:55:31.975+0800] {logging_mixin.py:137} INFO - [2023-04-22T01:55:31.975+0800] {dag.py:3452} INFO - Setting next_dagrun for latest_only to 2023-04-21T13:55:31.975335+00:00, run_after=2023-04-21T17:55:31.975335+00:00
[2023-04-22T01:55:31.992+0800] {processor.py:175} INFO - Processing /home/gerardsho/airflow_env/lib/python3.8/site-packages/airflow/example_dags/example_latest_only.py took 0.052 seconds
[2023-04-22T01:56:13.033+0800] {processor.py:153} INFO - Started process (PID=3242) to work on /home/gerardsho/airflow_env/lib/python3.8/site-packages/airflow/example_dags/example_latest_only.py
[2023-04-22T01:56:13.036+0800] {processor.py:743} INFO - Processing file /home/gerardsho/airflow_env/lib/python3.8/site-packages/airflow/example_dags/example_latest_only.py for tasks to queue
[2023-04-22T01:56:13.037+0800] {logging_mixin.py:137} INFO - [2023-04-22T01:56:13.037+0800] {dagbag.py:532} INFO - Filling up the DagBag from /home/gerardsho/airflow_env/lib/python3.8/site-packages/airflow/example_dags/example_latest_only.py
[2023-04-22T01:56:13.045+0800] {processor.py:753} INFO - DAG(s) dict_keys(['latest_only']) retrieved from /home/gerardsho/airflow_env/lib/python3.8/site-packages/airflow/example_dags/example_latest_only.py
[2023-04-22T01:56:13.058+0800] {logging_mixin.py:137} INFO - [2023-04-22T01:56:13.058+0800] {dag.py:2705} INFO - Sync 1 DAGs
[2023-04-22T01:56:13.070+0800] {logging_mixin.py:137} INFO - [2023-04-22T01:56:13.070+0800] {dag.py:3452} INFO - Setting next_dagrun for latest_only to 2023-04-21T13:56:13.070246+00:00, run_after=2023-04-21T17:56:13.070246+00:00
[2023-04-22T01:56:13.089+0800] {processor.py:175} INFO - Processing /home/gerardsho/airflow_env/lib/python3.8/site-packages/airflow/example_dags/example_latest_only.py took 0.058 seconds
[2023-04-22T01:56:53.990+0800] {processor.py:153} INFO - Started process (PID=3290) to work on /home/gerardsho/airflow_env/lib/python3.8/site-packages/airflow/example_dags/example_latest_only.py
[2023-04-22T01:56:53.993+0800] {processor.py:743} INFO - Processing file /home/gerardsho/airflow_env/lib/python3.8/site-packages/airflow/example_dags/example_latest_only.py for tasks to queue
[2023-04-22T01:56:53.993+0800] {logging_mixin.py:137} INFO - [2023-04-22T01:56:53.993+0800] {dagbag.py:532} INFO - Filling up the DagBag from /home/gerardsho/airflow_env/lib/python3.8/site-packages/airflow/example_dags/example_latest_only.py
[2023-04-22T01:56:54.002+0800] {processor.py:753} INFO - DAG(s) dict_keys(['latest_only']) retrieved from /home/gerardsho/airflow_env/lib/python3.8/site-packages/airflow/example_dags/example_latest_only.py
[2023-04-22T01:56:54.013+0800] {logging_mixin.py:137} INFO - [2023-04-22T01:56:54.013+0800] {dag.py:2705} INFO - Sync 1 DAGs
[2023-04-22T01:56:54.024+0800] {logging_mixin.py:137} INFO - [2023-04-22T01:56:54.024+0800] {dag.py:3452} INFO - Setting next_dagrun for latest_only to 2023-04-21T13:56:54.024629+00:00, run_after=2023-04-21T17:56:54.024629+00:00
[2023-04-22T01:56:54.043+0800] {processor.py:175} INFO - Processing /home/gerardsho/airflow_env/lib/python3.8/site-packages/airflow/example_dags/example_latest_only.py took 0.056 seconds
[2023-04-22T01:57:33.409+0800] {processor.py:153} INFO - Started process (PID=3335) to work on /home/gerardsho/airflow_env/lib/python3.8/site-packages/airflow/example_dags/example_latest_only.py
[2023-04-22T01:57:33.413+0800] {processor.py:743} INFO - Processing file /home/gerardsho/airflow_env/lib/python3.8/site-packages/airflow/example_dags/example_latest_only.py for tasks to queue
[2023-04-22T01:57:33.413+0800] {logging_mixin.py:137} INFO - [2023-04-22T01:57:33.413+0800] {dagbag.py:532} INFO - Filling up the DagBag from /home/gerardsho/airflow_env/lib/python3.8/site-packages/airflow/example_dags/example_latest_only.py
[2023-04-22T01:57:33.421+0800] {processor.py:753} INFO - DAG(s) dict_keys(['latest_only']) retrieved from /home/gerardsho/airflow_env/lib/python3.8/site-packages/airflow/example_dags/example_latest_only.py
[2023-04-22T01:57:33.433+0800] {logging_mixin.py:137} INFO - [2023-04-22T01:57:33.433+0800] {dag.py:2705} INFO - Sync 1 DAGs
[2023-04-22T01:57:33.444+0800] {logging_mixin.py:137} INFO - [2023-04-22T01:57:33.444+0800] {dag.py:3452} INFO - Setting next_dagrun for latest_only to 2023-04-21T13:57:33.444227+00:00, run_after=2023-04-21T17:57:33.444227+00:00
[2023-04-22T01:57:33.462+0800] {processor.py:175} INFO - Processing /home/gerardsho/airflow_env/lib/python3.8/site-packages/airflow/example_dags/example_latest_only.py took 0.054 seconds
[2023-04-22T01:58:13.970+0800] {processor.py:153} INFO - Started process (PID=3384) to work on /home/gerardsho/airflow_env/lib/python3.8/site-packages/airflow/example_dags/example_latest_only.py
[2023-04-22T01:58:13.974+0800] {processor.py:743} INFO - Processing file /home/gerardsho/airflow_env/lib/python3.8/site-packages/airflow/example_dags/example_latest_only.py for tasks to queue
[2023-04-22T01:58:13.974+0800] {logging_mixin.py:137} INFO - [2023-04-22T01:58:13.974+0800] {dagbag.py:532} INFO - Filling up the DagBag from /home/gerardsho/airflow_env/lib/python3.8/site-packages/airflow/example_dags/example_latest_only.py
[2023-04-22T01:58:13.983+0800] {processor.py:753} INFO - DAG(s) dict_keys(['latest_only']) retrieved from /home/gerardsho/airflow_env/lib/python3.8/site-packages/airflow/example_dags/example_latest_only.py
[2023-04-22T01:58:13.998+0800] {logging_mixin.py:137} INFO - [2023-04-22T01:58:13.998+0800] {dag.py:2705} INFO - Sync 1 DAGs
[2023-04-22T01:58:14.012+0800] {logging_mixin.py:137} INFO - [2023-04-22T01:58:14.011+0800] {dag.py:3452} INFO - Setting next_dagrun for latest_only to 2023-04-21T13:58:14.011609+00:00, run_after=2023-04-21T17:58:14.011609+00:00
[2023-04-22T01:58:14.033+0800] {processor.py:175} INFO - Processing /home/gerardsho/airflow_env/lib/python3.8/site-packages/airflow/example_dags/example_latest_only.py took 0.064 seconds
[2023-04-22T01:58:55.636+0800] {processor.py:153} INFO - Started process (PID=3426) to work on /home/gerardsho/airflow_env/lib/python3.8/site-packages/airflow/example_dags/example_latest_only.py
[2023-04-22T01:58:55.639+0800] {processor.py:743} INFO - Processing file /home/gerardsho/airflow_env/lib/python3.8/site-packages/airflow/example_dags/example_latest_only.py for tasks to queue
[2023-04-22T01:58:55.640+0800] {logging_mixin.py:137} INFO - [2023-04-22T01:58:55.640+0800] {dagbag.py:532} INFO - Filling up the DagBag from /home/gerardsho/airflow_env/lib/python3.8/site-packages/airflow/example_dags/example_latest_only.py
[2023-04-22T01:58:55.648+0800] {processor.py:753} INFO - DAG(s) dict_keys(['latest_only']) retrieved from /home/gerardsho/airflow_env/lib/python3.8/site-packages/airflow/example_dags/example_latest_only.py
[2023-04-22T01:58:55.659+0800] {logging_mixin.py:137} INFO - [2023-04-22T01:58:55.658+0800] {dag.py:2705} INFO - Sync 1 DAGs
[2023-04-22T01:58:55.670+0800] {logging_mixin.py:137} INFO - [2023-04-22T01:58:55.670+0800] {dag.py:3452} INFO - Setting next_dagrun for latest_only to 2023-04-21T13:58:55.670305+00:00, run_after=2023-04-21T17:58:55.670305+00:00
[2023-04-22T01:58:55.688+0800] {processor.py:175} INFO - Processing /home/gerardsho/airflow_env/lib/python3.8/site-packages/airflow/example_dags/example_latest_only.py took 0.054 seconds
[2023-04-22T01:59:35.136+0800] {processor.py:153} INFO - Started process (PID=3468) to work on /home/gerardsho/airflow_env/lib/python3.8/site-packages/airflow/example_dags/example_latest_only.py
[2023-04-22T01:59:35.139+0800] {processor.py:743} INFO - Processing file /home/gerardsho/airflow_env/lib/python3.8/site-packages/airflow/example_dags/example_latest_only.py for tasks to queue
[2023-04-22T01:59:35.139+0800] {logging_mixin.py:137} INFO - [2023-04-22T01:59:35.139+0800] {dagbag.py:532} INFO - Filling up the DagBag from /home/gerardsho/airflow_env/lib/python3.8/site-packages/airflow/example_dags/example_latest_only.py
[2023-04-22T01:59:35.147+0800] {processor.py:753} INFO - DAG(s) dict_keys(['latest_only']) retrieved from /home/gerardsho/airflow_env/lib/python3.8/site-packages/airflow/example_dags/example_latest_only.py
[2023-04-22T01:59:35.157+0800] {logging_mixin.py:137} INFO - [2023-04-22T01:59:35.157+0800] {dag.py:2705} INFO - Sync 1 DAGs
[2023-04-22T01:59:35.167+0800] {logging_mixin.py:137} INFO - [2023-04-22T01:59:35.167+0800] {dag.py:3452} INFO - Setting next_dagrun for latest_only to 2023-04-21T13:59:35.167711+00:00, run_after=2023-04-21T17:59:35.167711+00:00
[2023-04-22T01:59:35.185+0800] {processor.py:175} INFO - Processing /home/gerardsho/airflow_env/lib/python3.8/site-packages/airflow/example_dags/example_latest_only.py took 0.051 seconds
[2023-04-22T02:00:49.483+0800] {processor.py:153} INFO - Started process (PID=3525) to work on /home/gerardsho/airflow_env/lib/python3.8/site-packages/airflow/example_dags/example_latest_only.py
[2023-04-22T02:00:49.487+0800] {processor.py:743} INFO - Processing file /home/gerardsho/airflow_env/lib/python3.8/site-packages/airflow/example_dags/example_latest_only.py for tasks to queue
[2023-04-22T02:00:49.487+0800] {logging_mixin.py:137} INFO - [2023-04-22T02:00:49.487+0800] {dagbag.py:532} INFO - Filling up the DagBag from /home/gerardsho/airflow_env/lib/python3.8/site-packages/airflow/example_dags/example_latest_only.py
[2023-04-22T02:00:49.495+0800] {processor.py:753} INFO - DAG(s) dict_keys(['latest_only']) retrieved from /home/gerardsho/airflow_env/lib/python3.8/site-packages/airflow/example_dags/example_latest_only.py
[2023-04-22T02:00:49.562+0800] {logging_mixin.py:137} INFO - [2023-04-22T02:00:49.562+0800] {manager.py:504} INFO - Created Permission View: can edit on DAG:latest_only
[2023-04-22T02:00:49.576+0800] {logging_mixin.py:137} INFO - [2023-04-22T02:00:49.575+0800] {manager.py:504} INFO - Created Permission View: can delete on DAG:latest_only
[2023-04-22T02:00:49.587+0800] {logging_mixin.py:137} INFO - [2023-04-22T02:00:49.586+0800] {manager.py:504} INFO - Created Permission View: can read on DAG:latest_only
[2023-04-22T02:00:49.587+0800] {logging_mixin.py:137} INFO - [2023-04-22T02:00:49.587+0800] {dag.py:2705} INFO - Sync 1 DAGs
[2023-04-22T02:00:49.592+0800] {logging_mixin.py:137} INFO - [2023-04-22T02:00:49.592+0800] {dag.py:2726} INFO - Creating ORM DAG for latest_only
[2023-04-22T02:00:49.597+0800] {logging_mixin.py:137} INFO - [2023-04-22T02:00:49.597+0800] {dag.py:3452} INFO - Setting next_dagrun for latest_only to 2023-04-21T14:00:49.596877+00:00, run_after=2023-04-21T18:00:49.596877+00:00
[2023-04-22T02:00:49.614+0800] {processor.py:175} INFO - Processing /home/gerardsho/airflow_env/lib/python3.8/site-packages/airflow/example_dags/example_latest_only.py took 0.133 seconds
[2023-04-22T02:01:31.315+0800] {processor.py:153} INFO - Started process (PID=3575) to work on /home/gerardsho/airflow_env/lib/python3.8/site-packages/airflow/example_dags/example_latest_only.py
[2023-04-22T02:01:31.318+0800] {processor.py:743} INFO - Processing file /home/gerardsho/airflow_env/lib/python3.8/site-packages/airflow/example_dags/example_latest_only.py for tasks to queue
[2023-04-22T02:01:31.318+0800] {logging_mixin.py:137} INFO - [2023-04-22T02:01:31.318+0800] {dagbag.py:532} INFO - Filling up the DagBag from /home/gerardsho/airflow_env/lib/python3.8/site-packages/airflow/example_dags/example_latest_only.py
[2023-04-22T02:01:31.326+0800] {processor.py:753} INFO - DAG(s) dict_keys(['latest_only']) retrieved from /home/gerardsho/airflow_env/lib/python3.8/site-packages/airflow/example_dags/example_latest_only.py
[2023-04-22T02:01:31.336+0800] {logging_mixin.py:137} INFO - [2023-04-22T02:01:31.336+0800] {dag.py:2705} INFO - Sync 1 DAGs
[2023-04-22T02:01:31.346+0800] {logging_mixin.py:137} INFO - [2023-04-22T02:01:31.346+0800] {dag.py:3452} INFO - Setting next_dagrun for latest_only to 2023-04-21T14:01:31.346534+00:00, run_after=2023-04-21T18:01:31.346534+00:00
[2023-04-22T02:01:31.363+0800] {processor.py:175} INFO - Processing /home/gerardsho/airflow_env/lib/python3.8/site-packages/airflow/example_dags/example_latest_only.py took 0.051 seconds
[2023-04-22T02:02:13.684+0800] {processor.py:153} INFO - Started process (PID=3617) to work on /home/gerardsho/airflow_env/lib/python3.8/site-packages/airflow/example_dags/example_latest_only.py
[2023-04-22T02:02:13.688+0800] {processor.py:743} INFO - Processing file /home/gerardsho/airflow_env/lib/python3.8/site-packages/airflow/example_dags/example_latest_only.py for tasks to queue
[2023-04-22T02:02:13.689+0800] {logging_mixin.py:137} INFO - [2023-04-22T02:02:13.688+0800] {dagbag.py:532} INFO - Filling up the DagBag from /home/gerardsho/airflow_env/lib/python3.8/site-packages/airflow/example_dags/example_latest_only.py
[2023-04-22T02:02:13.699+0800] {processor.py:753} INFO - DAG(s) dict_keys(['latest_only']) retrieved from /home/gerardsho/airflow_env/lib/python3.8/site-packages/airflow/example_dags/example_latest_only.py
[2023-04-22T02:02:13.709+0800] {logging_mixin.py:137} INFO - [2023-04-22T02:02:13.709+0800] {dag.py:2705} INFO - Sync 1 DAGs
[2023-04-22T02:02:13.720+0800] {logging_mixin.py:137} INFO - [2023-04-22T02:02:13.720+0800] {dag.py:3452} INFO - Setting next_dagrun for latest_only to 2023-04-21T14:02:13.719938+00:00, run_after=2023-04-21T18:02:13.719938+00:00
[2023-04-22T02:02:13.740+0800] {processor.py:175} INFO - Processing /home/gerardsho/airflow_env/lib/python3.8/site-packages/airflow/example_dags/example_latest_only.py took 0.058 seconds
[2023-04-22T02:02:54.855+0800] {processor.py:153} INFO - Started process (PID=3669) to work on /home/gerardsho/airflow_env/lib/python3.8/site-packages/airflow/example_dags/example_latest_only.py
[2023-04-22T02:02:54.858+0800] {processor.py:743} INFO - Processing file /home/gerardsho/airflow_env/lib/python3.8/site-packages/airflow/example_dags/example_latest_only.py for tasks to queue
[2023-04-22T02:02:54.858+0800] {logging_mixin.py:137} INFO - [2023-04-22T02:02:54.858+0800] {dagbag.py:532} INFO - Filling up the DagBag from /home/gerardsho/airflow_env/lib/python3.8/site-packages/airflow/example_dags/example_latest_only.py
[2023-04-22T02:02:54.866+0800] {processor.py:753} INFO - DAG(s) dict_keys(['latest_only']) retrieved from /home/gerardsho/airflow_env/lib/python3.8/site-packages/airflow/example_dags/example_latest_only.py
[2023-04-22T02:02:54.878+0800] {logging_mixin.py:137} INFO - [2023-04-22T02:02:54.878+0800] {dag.py:2705} INFO - Sync 1 DAGs
[2023-04-22T02:02:54.889+0800] {logging_mixin.py:137} INFO - [2023-04-22T02:02:54.889+0800] {dag.py:3452} INFO - Setting next_dagrun for latest_only to 2023-04-21T14:02:54.889389+00:00, run_after=2023-04-21T18:02:54.889389+00:00
[2023-04-22T02:02:54.908+0800] {processor.py:175} INFO - Processing /home/gerardsho/airflow_env/lib/python3.8/site-packages/airflow/example_dags/example_latest_only.py took 0.056 seconds
[2023-04-22T02:03:35.936+0800] {processor.py:153} INFO - Started process (PID=3717) to work on /home/gerardsho/airflow_env/lib/python3.8/site-packages/airflow/example_dags/example_latest_only.py
[2023-04-22T02:03:35.937+0800] {processor.py:743} INFO - Processing file /home/gerardsho/airflow_env/lib/python3.8/site-packages/airflow/example_dags/example_latest_only.py for tasks to queue
[2023-04-22T02:03:35.938+0800] {logging_mixin.py:137} INFO - [2023-04-22T02:03:35.937+0800] {dagbag.py:532} INFO - Filling up the DagBag from /home/gerardsho/airflow_env/lib/python3.8/site-packages/airflow/example_dags/example_latest_only.py
[2023-04-22T02:03:35.948+0800] {processor.py:753} INFO - DAG(s) dict_keys(['latest_only']) retrieved from /home/gerardsho/airflow_env/lib/python3.8/site-packages/airflow/example_dags/example_latest_only.py
[2023-04-22T02:03:35.966+0800] {logging_mixin.py:137} INFO - [2023-04-22T02:03:35.966+0800] {dag.py:2705} INFO - Sync 1 DAGs
[2023-04-22T02:03:35.990+0800] {logging_mixin.py:137} INFO - [2023-04-22T02:03:35.989+0800] {dag.py:3452} INFO - Setting next_dagrun for latest_only to 2023-04-21T14:03:35.989614+00:00, run_after=2023-04-21T18:03:35.989614+00:00
[2023-04-22T02:03:36.012+0800] {processor.py:175} INFO - Processing /home/gerardsho/airflow_env/lib/python3.8/site-packages/airflow/example_dags/example_latest_only.py took 0.078 seconds
[2023-04-22T02:04:15.944+0800] {processor.py:153} INFO - Started process (PID=3762) to work on /home/gerardsho/airflow_env/lib/python3.8/site-packages/airflow/example_dags/example_latest_only.py
[2023-04-22T02:04:15.948+0800] {processor.py:743} INFO - Processing file /home/gerardsho/airflow_env/lib/python3.8/site-packages/airflow/example_dags/example_latest_only.py for tasks to queue
[2023-04-22T02:04:15.948+0800] {logging_mixin.py:137} INFO - [2023-04-22T02:04:15.948+0800] {dagbag.py:532} INFO - Filling up the DagBag from /home/gerardsho/airflow_env/lib/python3.8/site-packages/airflow/example_dags/example_latest_only.py
[2023-04-22T02:04:15.956+0800] {processor.py:753} INFO - DAG(s) dict_keys(['latest_only']) retrieved from /home/gerardsho/airflow_env/lib/python3.8/site-packages/airflow/example_dags/example_latest_only.py
[2023-04-22T02:04:15.967+0800] {logging_mixin.py:137} INFO - [2023-04-22T02:04:15.967+0800] {dag.py:2705} INFO - Sync 1 DAGs
[2023-04-22T02:04:15.977+0800] {logging_mixin.py:137} INFO - [2023-04-22T02:04:15.977+0800] {dag.py:3452} INFO - Setting next_dagrun for latest_only to 2023-04-21T14:04:15.977717+00:00, run_after=2023-04-21T18:04:15.977717+00:00
[2023-04-22T02:04:15.995+0800] {processor.py:175} INFO - Processing /home/gerardsho/airflow_env/lib/python3.8/site-packages/airflow/example_dags/example_latest_only.py took 0.053 seconds
[2023-04-22T02:04:55.985+0800] {processor.py:153} INFO - Started process (PID=3805) to work on /home/gerardsho/airflow_env/lib/python3.8/site-packages/airflow/example_dags/example_latest_only.py
[2023-04-22T02:04:55.988+0800] {processor.py:743} INFO - Processing file /home/gerardsho/airflow_env/lib/python3.8/site-packages/airflow/example_dags/example_latest_only.py for tasks to queue
[2023-04-22T02:04:55.988+0800] {logging_mixin.py:137} INFO - [2023-04-22T02:04:55.988+0800] {dagbag.py:532} INFO - Filling up the DagBag from /home/gerardsho/airflow_env/lib/python3.8/site-packages/airflow/example_dags/example_latest_only.py
[2023-04-22T02:04:55.996+0800] {processor.py:753} INFO - DAG(s) dict_keys(['latest_only']) retrieved from /home/gerardsho/airflow_env/lib/python3.8/site-packages/airflow/example_dags/example_latest_only.py
[2023-04-22T02:04:56.008+0800] {logging_mixin.py:137} INFO - [2023-04-22T02:04:56.008+0800] {dag.py:2705} INFO - Sync 1 DAGs
[2023-04-22T02:04:56.018+0800] {logging_mixin.py:137} INFO - [2023-04-22T02:04:56.018+0800] {dag.py:3452} INFO - Setting next_dagrun for latest_only to 2023-04-21T14:04:56.018439+00:00, run_after=2023-04-21T18:04:56.018439+00:00
[2023-04-22T02:04:56.035+0800] {processor.py:175} INFO - Processing /home/gerardsho/airflow_env/lib/python3.8/site-packages/airflow/example_dags/example_latest_only.py took 0.052 seconds
