[2023-04-22T01:48:54.478+0800] {processor.py:153} INFO - Started process (PID=2753) to work on /home/gerardsho/airflow_env/lib/python3.8/site-packages/airflow/example_dags/example_trigger_controller_dag.py
[2023-04-22T01:48:54.479+0800] {processor.py:743} INFO - Processing file /home/gerardsho/airflow_env/lib/python3.8/site-packages/airflow/example_dags/example_trigger_controller_dag.py for tasks to queue
[2023-04-22T01:48:54.479+0800] {logging_mixin.py:137} INFO - [2023-04-22T01:48:54.479+0800] {dagbag.py:532} INFO - Filling up the DagBag from /home/gerardsho/airflow_env/lib/python3.8/site-packages/airflow/example_dags/example_trigger_controller_dag.py
[2023-04-22T01:48:54.488+0800] {processor.py:753} INFO - DAG(s) dict_keys(['example_trigger_controller_dag']) retrieved from /home/gerardsho/airflow_env/lib/python3.8/site-packages/airflow/example_dags/example_trigger_controller_dag.py
[2023-04-22T01:48:54.584+0800] {logging_mixin.py:137} INFO - [2023-04-22T01:48:54.584+0800] {manager.py:504} INFO - Created Permission View: can edit on DAG:example_trigger_controller_dag
[2023-04-22T01:48:54.593+0800] {logging_mixin.py:137} INFO - [2023-04-22T01:48:54.593+0800] {manager.py:504} INFO - Created Permission View: can delete on DAG:example_trigger_controller_dag
[2023-04-22T01:48:54.601+0800] {logging_mixin.py:137} INFO - [2023-04-22T01:48:54.601+0800] {manager.py:504} INFO - Created Permission View: can read on DAG:example_trigger_controller_dag
[2023-04-22T01:48:54.601+0800] {logging_mixin.py:137} INFO - [2023-04-22T01:48:54.601+0800] {dag.py:2705} INFO - Sync 1 DAGs
[2023-04-22T01:48:54.608+0800] {logging_mixin.py:137} INFO - [2023-04-22T01:48:54.608+0800] {dag.py:2726} INFO - Creating ORM DAG for example_trigger_controller_dag
[2023-04-22T01:48:54.613+0800] {logging_mixin.py:137} INFO - [2023-04-22T01:48:54.613+0800] {dag.py:3452} INFO - Setting next_dagrun for example_trigger_controller_dag to 2021-01-01T00:00:00+00:00, run_after=2021-01-01T00:00:00+00:00
[2023-04-22T01:48:54.627+0800] {processor.py:175} INFO - Processing /home/gerardsho/airflow_env/lib/python3.8/site-packages/airflow/example_dags/example_trigger_controller_dag.py took 0.151 seconds
[2023-04-22T01:49:37.364+0800] {processor.py:153} INFO - Started process (PID=2796) to work on /home/gerardsho/airflow_env/lib/python3.8/site-packages/airflow/example_dags/example_trigger_controller_dag.py
[2023-04-22T01:49:37.367+0800] {processor.py:743} INFO - Processing file /home/gerardsho/airflow_env/lib/python3.8/site-packages/airflow/example_dags/example_trigger_controller_dag.py for tasks to queue
[2023-04-22T01:49:37.368+0800] {logging_mixin.py:137} INFO - [2023-04-22T01:49:37.368+0800] {dagbag.py:532} INFO - Filling up the DagBag from /home/gerardsho/airflow_env/lib/python3.8/site-packages/airflow/example_dags/example_trigger_controller_dag.py
[2023-04-22T01:49:37.375+0800] {processor.py:753} INFO - DAG(s) dict_keys(['example_trigger_controller_dag']) retrieved from /home/gerardsho/airflow_env/lib/python3.8/site-packages/airflow/example_dags/example_trigger_controller_dag.py
[2023-04-22T01:49:37.386+0800] {logging_mixin.py:137} INFO - [2023-04-22T01:49:37.386+0800] {dag.py:2705} INFO - Sync 1 DAGs
[2023-04-22T01:49:37.396+0800] {logging_mixin.py:137} INFO - [2023-04-22T01:49:37.396+0800] {dag.py:3452} INFO - Setting next_dagrun for example_trigger_controller_dag to 2021-01-01T00:00:00+00:00, run_after=2021-01-01T00:00:00+00:00
[2023-04-22T01:49:37.414+0800] {processor.py:175} INFO - Processing /home/gerardsho/airflow_env/lib/python3.8/site-packages/airflow/example_dags/example_trigger_controller_dag.py took 0.052 seconds
[2023-04-22T01:50:15.400+0800] {processor.py:153} INFO - Started process (PID=2841) to work on /home/gerardsho/airflow_env/lib/python3.8/site-packages/airflow/example_dags/example_trigger_controller_dag.py
[2023-04-22T01:50:15.403+0800] {processor.py:743} INFO - Processing file /home/gerardsho/airflow_env/lib/python3.8/site-packages/airflow/example_dags/example_trigger_controller_dag.py for tasks to queue
[2023-04-22T01:50:15.403+0800] {logging_mixin.py:137} INFO - [2023-04-22T01:50:15.403+0800] {dagbag.py:532} INFO - Filling up the DagBag from /home/gerardsho/airflow_env/lib/python3.8/site-packages/airflow/example_dags/example_trigger_controller_dag.py
[2023-04-22T01:50:15.411+0800] {processor.py:753} INFO - DAG(s) dict_keys(['example_trigger_controller_dag']) retrieved from /home/gerardsho/airflow_env/lib/python3.8/site-packages/airflow/example_dags/example_trigger_controller_dag.py
[2023-04-22T01:50:15.422+0800] {logging_mixin.py:137} INFO - [2023-04-22T01:50:15.422+0800] {dag.py:2705} INFO - Sync 1 DAGs
[2023-04-22T01:50:15.432+0800] {logging_mixin.py:137} INFO - [2023-04-22T01:50:15.432+0800] {dag.py:3452} INFO - Setting next_dagrun for example_trigger_controller_dag to 2021-01-01T00:00:00+00:00, run_after=2021-01-01T00:00:00+00:00
[2023-04-22T01:50:15.450+0800] {processor.py:175} INFO - Processing /home/gerardsho/airflow_env/lib/python3.8/site-packages/airflow/example_dags/example_trigger_controller_dag.py took 0.052 seconds
[2023-04-22T01:50:56.774+0800] {processor.py:153} INFO - Started process (PID=2886) to work on /home/gerardsho/airflow_env/lib/python3.8/site-packages/airflow/example_dags/example_trigger_controller_dag.py
[2023-04-22T01:50:56.777+0800] {processor.py:743} INFO - Processing file /home/gerardsho/airflow_env/lib/python3.8/site-packages/airflow/example_dags/example_trigger_controller_dag.py for tasks to queue
[2023-04-22T01:50:56.777+0800] {logging_mixin.py:137} INFO - [2023-04-22T01:50:56.777+0800] {dagbag.py:532} INFO - Filling up the DagBag from /home/gerardsho/airflow_env/lib/python3.8/site-packages/airflow/example_dags/example_trigger_controller_dag.py
[2023-04-22T01:50:56.784+0800] {processor.py:753} INFO - DAG(s) dict_keys(['example_trigger_controller_dag']) retrieved from /home/gerardsho/airflow_env/lib/python3.8/site-packages/airflow/example_dags/example_trigger_controller_dag.py
[2023-04-22T01:50:56.796+0800] {logging_mixin.py:137} INFO - [2023-04-22T01:50:56.796+0800] {dag.py:2705} INFO - Sync 1 DAGs
[2023-04-22T01:50:56.806+0800] {logging_mixin.py:137} INFO - [2023-04-22T01:50:56.806+0800] {dag.py:3452} INFO - Setting next_dagrun for example_trigger_controller_dag to 2021-01-01T00:00:00+00:00, run_after=2021-01-01T00:00:00+00:00
[2023-04-22T01:50:56.823+0800] {processor.py:175} INFO - Processing /home/gerardsho/airflow_env/lib/python3.8/site-packages/airflow/example_dags/example_trigger_controller_dag.py took 0.051 seconds
[2023-04-22T01:51:38.943+0800] {processor.py:153} INFO - Started process (PID=2940) to work on /home/gerardsho/airflow_env/lib/python3.8/site-packages/airflow/example_dags/example_trigger_controller_dag.py
[2023-04-22T01:51:38.946+0800] {processor.py:743} INFO - Processing file /home/gerardsho/airflow_env/lib/python3.8/site-packages/airflow/example_dags/example_trigger_controller_dag.py for tasks to queue
[2023-04-22T01:51:38.947+0800] {logging_mixin.py:137} INFO - [2023-04-22T01:51:38.947+0800] {dagbag.py:532} INFO - Filling up the DagBag from /home/gerardsho/airflow_env/lib/python3.8/site-packages/airflow/example_dags/example_trigger_controller_dag.py
[2023-04-22T01:51:38.954+0800] {processor.py:753} INFO - DAG(s) dict_keys(['example_trigger_controller_dag']) retrieved from /home/gerardsho/airflow_env/lib/python3.8/site-packages/airflow/example_dags/example_trigger_controller_dag.py
[2023-04-22T01:51:38.968+0800] {logging_mixin.py:137} INFO - [2023-04-22T01:51:38.968+0800] {dag.py:2705} INFO - Sync 1 DAGs
[2023-04-22T01:51:38.983+0800] {logging_mixin.py:137} INFO - [2023-04-22T01:51:38.983+0800] {dag.py:3452} INFO - Setting next_dagrun for example_trigger_controller_dag to 2021-01-01T00:00:00+00:00, run_after=2021-01-01T00:00:00+00:00
[2023-04-22T01:51:39.000+0800] {processor.py:175} INFO - Processing /home/gerardsho/airflow_env/lib/python3.8/site-packages/airflow/example_dags/example_trigger_controller_dag.py took 0.060 seconds
[2023-04-22T01:52:19.482+0800] {processor.py:153} INFO - Started process (PID=2990) to work on /home/gerardsho/airflow_env/lib/python3.8/site-packages/airflow/example_dags/example_trigger_controller_dag.py
[2023-04-22T01:52:19.485+0800] {processor.py:743} INFO - Processing file /home/gerardsho/airflow_env/lib/python3.8/site-packages/airflow/example_dags/example_trigger_controller_dag.py for tasks to queue
[2023-04-22T01:52:19.486+0800] {logging_mixin.py:137} INFO - [2023-04-22T01:52:19.486+0800] {dagbag.py:532} INFO - Filling up the DagBag from /home/gerardsho/airflow_env/lib/python3.8/site-packages/airflow/example_dags/example_trigger_controller_dag.py
[2023-04-22T01:52:19.492+0800] {processor.py:753} INFO - DAG(s) dict_keys(['example_trigger_controller_dag']) retrieved from /home/gerardsho/airflow_env/lib/python3.8/site-packages/airflow/example_dags/example_trigger_controller_dag.py
[2023-04-22T01:52:19.504+0800] {logging_mixin.py:137} INFO - [2023-04-22T01:52:19.504+0800] {dag.py:2705} INFO - Sync 1 DAGs
[2023-04-22T01:52:19.515+0800] {logging_mixin.py:137} INFO - [2023-04-22T01:52:19.515+0800] {dag.py:3452} INFO - Setting next_dagrun for example_trigger_controller_dag to 2021-01-01T00:00:00+00:00, run_after=2021-01-01T00:00:00+00:00
[2023-04-22T01:52:19.534+0800] {processor.py:175} INFO - Processing /home/gerardsho/airflow_env/lib/python3.8/site-packages/airflow/example_dags/example_trigger_controller_dag.py took 0.054 seconds
[2023-04-22T01:53:01.032+0800] {processor.py:153} INFO - Started process (PID=3032) to work on /home/gerardsho/airflow_env/lib/python3.8/site-packages/airflow/example_dags/example_trigger_controller_dag.py
[2023-04-22T01:53:01.035+0800] {processor.py:743} INFO - Processing file /home/gerardsho/airflow_env/lib/python3.8/site-packages/airflow/example_dags/example_trigger_controller_dag.py for tasks to queue
[2023-04-22T01:53:01.035+0800] {logging_mixin.py:137} INFO - [2023-04-22T01:53:01.035+0800] {dagbag.py:532} INFO - Filling up the DagBag from /home/gerardsho/airflow_env/lib/python3.8/site-packages/airflow/example_dags/example_trigger_controller_dag.py
[2023-04-22T01:53:01.042+0800] {processor.py:753} INFO - DAG(s) dict_keys(['example_trigger_controller_dag']) retrieved from /home/gerardsho/airflow_env/lib/python3.8/site-packages/airflow/example_dags/example_trigger_controller_dag.py
[2023-04-22T01:53:01.054+0800] {logging_mixin.py:137} INFO - [2023-04-22T01:53:01.054+0800] {dag.py:2705} INFO - Sync 1 DAGs
[2023-04-22T01:53:01.067+0800] {logging_mixin.py:137} INFO - [2023-04-22T01:53:01.067+0800] {dag.py:3452} INFO - Setting next_dagrun for example_trigger_controller_dag to 2021-01-01T00:00:00+00:00, run_after=2021-01-01T00:00:00+00:00
[2023-04-22T01:53:01.089+0800] {processor.py:175} INFO - Processing /home/gerardsho/airflow_env/lib/python3.8/site-packages/airflow/example_dags/example_trigger_controller_dag.py took 0.059 seconds
[2023-04-22T01:53:40.424+0800] {processor.py:153} INFO - Started process (PID=3074) to work on /home/gerardsho/airflow_env/lib/python3.8/site-packages/airflow/example_dags/example_trigger_controller_dag.py
[2023-04-22T01:53:40.427+0800] {processor.py:743} INFO - Processing file /home/gerardsho/airflow_env/lib/python3.8/site-packages/airflow/example_dags/example_trigger_controller_dag.py for tasks to queue
[2023-04-22T01:53:40.428+0800] {logging_mixin.py:137} INFO - [2023-04-22T01:53:40.428+0800] {dagbag.py:532} INFO - Filling up the DagBag from /home/gerardsho/airflow_env/lib/python3.8/site-packages/airflow/example_dags/example_trigger_controller_dag.py
[2023-04-22T01:53:40.436+0800] {processor.py:753} INFO - DAG(s) dict_keys(['example_trigger_controller_dag']) retrieved from /home/gerardsho/airflow_env/lib/python3.8/site-packages/airflow/example_dags/example_trigger_controller_dag.py
[2023-04-22T01:53:40.448+0800] {logging_mixin.py:137} INFO - [2023-04-22T01:53:40.448+0800] {dag.py:2705} INFO - Sync 1 DAGs
[2023-04-22T01:53:40.458+0800] {logging_mixin.py:137} INFO - [2023-04-22T01:53:40.458+0800] {dag.py:3452} INFO - Setting next_dagrun for example_trigger_controller_dag to 2021-01-01T00:00:00+00:00, run_after=2021-01-01T00:00:00+00:00
[2023-04-22T01:53:40.476+0800] {processor.py:175} INFO - Processing /home/gerardsho/airflow_env/lib/python3.8/site-packages/airflow/example_dags/example_trigger_controller_dag.py took 0.054 seconds
[2023-04-22T01:54:20.001+0800] {processor.py:153} INFO - Started process (PID=3117) to work on /home/gerardsho/airflow_env/lib/python3.8/site-packages/airflow/example_dags/example_trigger_controller_dag.py
[2023-04-22T01:54:20.002+0800] {processor.py:743} INFO - Processing file /home/gerardsho/airflow_env/lib/python3.8/site-packages/airflow/example_dags/example_trigger_controller_dag.py for tasks to queue
[2023-04-22T01:54:20.003+0800] {logging_mixin.py:137} INFO - [2023-04-22T01:54:20.003+0800] {dagbag.py:532} INFO - Filling up the DagBag from /home/gerardsho/airflow_env/lib/python3.8/site-packages/airflow/example_dags/example_trigger_controller_dag.py
[2023-04-22T01:54:20.010+0800] {processor.py:753} INFO - DAG(s) dict_keys(['example_trigger_controller_dag']) retrieved from /home/gerardsho/airflow_env/lib/python3.8/site-packages/airflow/example_dags/example_trigger_controller_dag.py
[2023-04-22T01:54:20.021+0800] {logging_mixin.py:137} INFO - [2023-04-22T01:54:20.021+0800] {dag.py:2705} INFO - Sync 1 DAGs
[2023-04-22T01:54:20.036+0800] {logging_mixin.py:137} INFO - [2023-04-22T01:54:20.036+0800] {dag.py:3452} INFO - Setting next_dagrun for example_trigger_controller_dag to 2021-01-01T00:00:00+00:00, run_after=2021-01-01T00:00:00+00:00
[2023-04-22T01:54:20.056+0800] {processor.py:175} INFO - Processing /home/gerardsho/airflow_env/lib/python3.8/site-packages/airflow/example_dags/example_trigger_controller_dag.py took 0.057 seconds
[2023-04-22T01:55:02.330+0800] {processor.py:153} INFO - Started process (PID=3162) to work on /home/gerardsho/airflow_env/lib/python3.8/site-packages/airflow/example_dags/example_trigger_controller_dag.py
[2023-04-22T01:55:02.333+0800] {processor.py:743} INFO - Processing file /home/gerardsho/airflow_env/lib/python3.8/site-packages/airflow/example_dags/example_trigger_controller_dag.py for tasks to queue
[2023-04-22T01:55:02.333+0800] {logging_mixin.py:137} INFO - [2023-04-22T01:55:02.333+0800] {dagbag.py:532} INFO - Filling up the DagBag from /home/gerardsho/airflow_env/lib/python3.8/site-packages/airflow/example_dags/example_trigger_controller_dag.py
[2023-04-22T01:55:02.339+0800] {processor.py:753} INFO - DAG(s) dict_keys(['example_trigger_controller_dag']) retrieved from /home/gerardsho/airflow_env/lib/python3.8/site-packages/airflow/example_dags/example_trigger_controller_dag.py
[2023-04-22T01:55:02.351+0800] {logging_mixin.py:137} INFO - [2023-04-22T01:55:02.351+0800] {dag.py:2705} INFO - Sync 1 DAGs
[2023-04-22T01:55:02.362+0800] {logging_mixin.py:137} INFO - [2023-04-22T01:55:02.362+0800] {dag.py:3452} INFO - Setting next_dagrun for example_trigger_controller_dag to 2021-01-01T00:00:00+00:00, run_after=2021-01-01T00:00:00+00:00
[2023-04-22T01:55:02.380+0800] {processor.py:175} INFO - Processing /home/gerardsho/airflow_env/lib/python3.8/site-packages/airflow/example_dags/example_trigger_controller_dag.py took 0.052 seconds
[2023-04-22T01:55:42.242+0800] {processor.py:153} INFO - Started process (PID=3209) to work on /home/gerardsho/airflow_env/lib/python3.8/site-packages/airflow/example_dags/example_trigger_controller_dag.py
[2023-04-22T01:55:42.243+0800] {processor.py:743} INFO - Processing file /home/gerardsho/airflow_env/lib/python3.8/site-packages/airflow/example_dags/example_trigger_controller_dag.py for tasks to queue
[2023-04-22T01:55:42.243+0800] {logging_mixin.py:137} INFO - [2023-04-22T01:55:42.243+0800] {dagbag.py:532} INFO - Filling up the DagBag from /home/gerardsho/airflow_env/lib/python3.8/site-packages/airflow/example_dags/example_trigger_controller_dag.py
[2023-04-22T01:55:42.250+0800] {processor.py:753} INFO - DAG(s) dict_keys(['example_trigger_controller_dag']) retrieved from /home/gerardsho/airflow_env/lib/python3.8/site-packages/airflow/example_dags/example_trigger_controller_dag.py
[2023-04-22T01:55:42.262+0800] {logging_mixin.py:137} INFO - [2023-04-22T01:55:42.262+0800] {dag.py:2705} INFO - Sync 1 DAGs
[2023-04-22T01:55:42.272+0800] {logging_mixin.py:137} INFO - [2023-04-22T01:55:42.272+0800] {dag.py:3452} INFO - Setting next_dagrun for example_trigger_controller_dag to 2021-01-01T00:00:00+00:00, run_after=2021-01-01T00:00:00+00:00
[2023-04-22T01:55:42.292+0800] {processor.py:175} INFO - Processing /home/gerardsho/airflow_env/lib/python3.8/site-packages/airflow/example_dags/example_trigger_controller_dag.py took 0.052 seconds
[2023-04-22T01:56:23.334+0800] {processor.py:153} INFO - Started process (PID=3253) to work on /home/gerardsho/airflow_env/lib/python3.8/site-packages/airflow/example_dags/example_trigger_controller_dag.py
[2023-04-22T01:56:23.337+0800] {processor.py:743} INFO - Processing file /home/gerardsho/airflow_env/lib/python3.8/site-packages/airflow/example_dags/example_trigger_controller_dag.py for tasks to queue
[2023-04-22T01:56:23.338+0800] {logging_mixin.py:137} INFO - [2023-04-22T01:56:23.338+0800] {dagbag.py:532} INFO - Filling up the DagBag from /home/gerardsho/airflow_env/lib/python3.8/site-packages/airflow/example_dags/example_trigger_controller_dag.py
[2023-04-22T01:56:23.345+0800] {processor.py:753} INFO - DAG(s) dict_keys(['example_trigger_controller_dag']) retrieved from /home/gerardsho/airflow_env/lib/python3.8/site-packages/airflow/example_dags/example_trigger_controller_dag.py
[2023-04-22T01:56:23.358+0800] {logging_mixin.py:137} INFO - [2023-04-22T01:56:23.358+0800] {dag.py:2705} INFO - Sync 1 DAGs
[2023-04-22T01:56:23.370+0800] {logging_mixin.py:137} INFO - [2023-04-22T01:56:23.370+0800] {dag.py:3452} INFO - Setting next_dagrun for example_trigger_controller_dag to 2021-01-01T00:00:00+00:00, run_after=2021-01-01T00:00:00+00:00
[2023-04-22T01:56:23.389+0800] {processor.py:175} INFO - Processing /home/gerardsho/airflow_env/lib/python3.8/site-packages/airflow/example_dags/example_trigger_controller_dag.py took 0.057 seconds
[2023-04-22T01:57:03.908+0800] {processor.py:153} INFO - Started process (PID=3301) to work on /home/gerardsho/airflow_env/lib/python3.8/site-packages/airflow/example_dags/example_trigger_controller_dag.py
[2023-04-22T01:57:03.910+0800] {processor.py:743} INFO - Processing file /home/gerardsho/airflow_env/lib/python3.8/site-packages/airflow/example_dags/example_trigger_controller_dag.py for tasks to queue
[2023-04-22T01:57:03.911+0800] {logging_mixin.py:137} INFO - [2023-04-22T01:57:03.911+0800] {dagbag.py:532} INFO - Filling up the DagBag from /home/gerardsho/airflow_env/lib/python3.8/site-packages/airflow/example_dags/example_trigger_controller_dag.py
[2023-04-22T01:57:03.941+0800] {processor.py:753} INFO - DAG(s) dict_keys(['example_trigger_controller_dag']) retrieved from /home/gerardsho/airflow_env/lib/python3.8/site-packages/airflow/example_dags/example_trigger_controller_dag.py
[2023-04-22T01:57:03.964+0800] {logging_mixin.py:137} INFO - [2023-04-22T01:57:03.964+0800] {dag.py:2705} INFO - Sync 1 DAGs
[2023-04-22T01:57:03.986+0800] {logging_mixin.py:137} INFO - [2023-04-22T01:57:03.986+0800] {dag.py:3452} INFO - Setting next_dagrun for example_trigger_controller_dag to 2021-01-01T00:00:00+00:00, run_after=2021-01-01T00:00:00+00:00
[2023-04-22T01:57:04.011+0800] {processor.py:175} INFO - Processing /home/gerardsho/airflow_env/lib/python3.8/site-packages/airflow/example_dags/example_trigger_controller_dag.py took 0.105 seconds
[2023-04-22T01:57:44.679+0800] {processor.py:153} INFO - Started process (PID=3349) to work on /home/gerardsho/airflow_env/lib/python3.8/site-packages/airflow/example_dags/example_trigger_controller_dag.py
[2023-04-22T01:57:44.682+0800] {processor.py:743} INFO - Processing file /home/gerardsho/airflow_env/lib/python3.8/site-packages/airflow/example_dags/example_trigger_controller_dag.py for tasks to queue
[2023-04-22T01:57:44.683+0800] {logging_mixin.py:137} INFO - [2023-04-22T01:57:44.683+0800] {dagbag.py:532} INFO - Filling up the DagBag from /home/gerardsho/airflow_env/lib/python3.8/site-packages/airflow/example_dags/example_trigger_controller_dag.py
[2023-04-22T01:57:44.689+0800] {processor.py:753} INFO - DAG(s) dict_keys(['example_trigger_controller_dag']) retrieved from /home/gerardsho/airflow_env/lib/python3.8/site-packages/airflow/example_dags/example_trigger_controller_dag.py
[2023-04-22T01:57:44.700+0800] {logging_mixin.py:137} INFO - [2023-04-22T01:57:44.700+0800] {dag.py:2705} INFO - Sync 1 DAGs
[2023-04-22T01:57:44.710+0800] {logging_mixin.py:137} INFO - [2023-04-22T01:57:44.710+0800] {dag.py:3452} INFO - Setting next_dagrun for example_trigger_controller_dag to 2021-01-01T00:00:00+00:00, run_after=2021-01-01T00:00:00+00:00
[2023-04-22T01:57:44.727+0800] {processor.py:175} INFO - Processing /home/gerardsho/airflow_env/lib/python3.8/site-packages/airflow/example_dags/example_trigger_controller_dag.py took 0.051 seconds
[2023-04-22T01:58:25.220+0800] {processor.py:153} INFO - Started process (PID=3395) to work on /home/gerardsho/airflow_env/lib/python3.8/site-packages/airflow/example_dags/example_trigger_controller_dag.py
[2023-04-22T01:58:25.223+0800] {processor.py:743} INFO - Processing file /home/gerardsho/airflow_env/lib/python3.8/site-packages/airflow/example_dags/example_trigger_controller_dag.py for tasks to queue
[2023-04-22T01:58:25.224+0800] {logging_mixin.py:137} INFO - [2023-04-22T01:58:25.224+0800] {dagbag.py:532} INFO - Filling up the DagBag from /home/gerardsho/airflow_env/lib/python3.8/site-packages/airflow/example_dags/example_trigger_controller_dag.py
[2023-04-22T01:58:25.233+0800] {processor.py:753} INFO - DAG(s) dict_keys(['example_trigger_controller_dag']) retrieved from /home/gerardsho/airflow_env/lib/python3.8/site-packages/airflow/example_dags/example_trigger_controller_dag.py
[2023-04-22T01:58:25.250+0800] {logging_mixin.py:137} INFO - [2023-04-22T01:58:25.249+0800] {dag.py:2705} INFO - Sync 1 DAGs
[2023-04-22T01:58:25.266+0800] {logging_mixin.py:137} INFO - [2023-04-22T01:58:25.266+0800] {dag.py:3452} INFO - Setting next_dagrun for example_trigger_controller_dag to 2021-01-01T00:00:00+00:00, run_after=2021-01-01T00:00:00+00:00
[2023-04-22T01:58:25.287+0800] {processor.py:175} INFO - Processing /home/gerardsho/airflow_env/lib/python3.8/site-packages/airflow/example_dags/example_trigger_controller_dag.py took 0.068 seconds
[2023-04-22T01:59:06.221+0800] {processor.py:153} INFO - Started process (PID=3437) to work on /home/gerardsho/airflow_env/lib/python3.8/site-packages/airflow/example_dags/example_trigger_controller_dag.py
[2023-04-22T01:59:06.224+0800] {processor.py:743} INFO - Processing file /home/gerardsho/airflow_env/lib/python3.8/site-packages/airflow/example_dags/example_trigger_controller_dag.py for tasks to queue
[2023-04-22T01:59:06.224+0800] {logging_mixin.py:137} INFO - [2023-04-22T01:59:06.224+0800] {dagbag.py:532} INFO - Filling up the DagBag from /home/gerardsho/airflow_env/lib/python3.8/site-packages/airflow/example_dags/example_trigger_controller_dag.py
[2023-04-22T01:59:06.230+0800] {processor.py:753} INFO - DAG(s) dict_keys(['example_trigger_controller_dag']) retrieved from /home/gerardsho/airflow_env/lib/python3.8/site-packages/airflow/example_dags/example_trigger_controller_dag.py
[2023-04-22T01:59:06.242+0800] {logging_mixin.py:137} INFO - [2023-04-22T01:59:06.242+0800] {dag.py:2705} INFO - Sync 1 DAGs
[2023-04-22T01:59:06.254+0800] {logging_mixin.py:137} INFO - [2023-04-22T01:59:06.254+0800] {dag.py:3452} INFO - Setting next_dagrun for example_trigger_controller_dag to 2021-01-01T00:00:00+00:00, run_after=2021-01-01T00:00:00+00:00
[2023-04-22T01:59:06.274+0800] {processor.py:175} INFO - Processing /home/gerardsho/airflow_env/lib/python3.8/site-packages/airflow/example_dags/example_trigger_controller_dag.py took 0.056 seconds
[2023-04-22T01:59:45.278+0800] {processor.py:153} INFO - Started process (PID=3479) to work on /home/gerardsho/airflow_env/lib/python3.8/site-packages/airflow/example_dags/example_trigger_controller_dag.py
[2023-04-22T01:59:45.281+0800] {processor.py:743} INFO - Processing file /home/gerardsho/airflow_env/lib/python3.8/site-packages/airflow/example_dags/example_trigger_controller_dag.py for tasks to queue
[2023-04-22T01:59:45.282+0800] {logging_mixin.py:137} INFO - [2023-04-22T01:59:45.282+0800] {dagbag.py:532} INFO - Filling up the DagBag from /home/gerardsho/airflow_env/lib/python3.8/site-packages/airflow/example_dags/example_trigger_controller_dag.py
[2023-04-22T01:59:45.288+0800] {processor.py:753} INFO - DAG(s) dict_keys(['example_trigger_controller_dag']) retrieved from /home/gerardsho/airflow_env/lib/python3.8/site-packages/airflow/example_dags/example_trigger_controller_dag.py
[2023-04-22T01:59:45.299+0800] {logging_mixin.py:137} INFO - [2023-04-22T01:59:45.299+0800] {dag.py:2705} INFO - Sync 1 DAGs
[2023-04-22T01:59:45.309+0800] {logging_mixin.py:137} INFO - [2023-04-22T01:59:45.309+0800] {dag.py:3452} INFO - Setting next_dagrun for example_trigger_controller_dag to 2021-01-01T00:00:00+00:00, run_after=2021-01-01T00:00:00+00:00
[2023-04-22T01:59:45.326+0800] {processor.py:175} INFO - Processing /home/gerardsho/airflow_env/lib/python3.8/site-packages/airflow/example_dags/example_trigger_controller_dag.py took 0.051 seconds
[2023-04-22T02:01:02.181+0800] {processor.py:153} INFO - Started process (PID=3536) to work on /home/gerardsho/airflow_env/lib/python3.8/site-packages/airflow/example_dags/example_trigger_controller_dag.py
[2023-04-22T02:01:02.184+0800] {processor.py:743} INFO - Processing file /home/gerardsho/airflow_env/lib/python3.8/site-packages/airflow/example_dags/example_trigger_controller_dag.py for tasks to queue
[2023-04-22T02:01:02.185+0800] {logging_mixin.py:137} INFO - [2023-04-22T02:01:02.184+0800] {dagbag.py:532} INFO - Filling up the DagBag from /home/gerardsho/airflow_env/lib/python3.8/site-packages/airflow/example_dags/example_trigger_controller_dag.py
[2023-04-22T02:01:02.191+0800] {processor.py:753} INFO - DAG(s) dict_keys(['example_trigger_controller_dag']) retrieved from /home/gerardsho/airflow_env/lib/python3.8/site-packages/airflow/example_dags/example_trigger_controller_dag.py
[2023-04-22T02:01:02.258+0800] {logging_mixin.py:137} INFO - [2023-04-22T02:01:02.258+0800] {manager.py:504} INFO - Created Permission View: can edit on DAG:example_trigger_controller_dag
[2023-04-22T02:01:02.272+0800] {logging_mixin.py:137} INFO - [2023-04-22T02:01:02.272+0800] {manager.py:504} INFO - Created Permission View: can delete on DAG:example_trigger_controller_dag
[2023-04-22T02:01:02.282+0800] {logging_mixin.py:137} INFO - [2023-04-22T02:01:02.282+0800] {manager.py:504} INFO - Created Permission View: can read on DAG:example_trigger_controller_dag
[2023-04-22T02:01:02.283+0800] {logging_mixin.py:137} INFO - [2023-04-22T02:01:02.282+0800] {dag.py:2705} INFO - Sync 1 DAGs
[2023-04-22T02:01:02.288+0800] {logging_mixin.py:137} INFO - [2023-04-22T02:01:02.288+0800] {dag.py:2726} INFO - Creating ORM DAG for example_trigger_controller_dag
[2023-04-22T02:01:02.292+0800] {logging_mixin.py:137} INFO - [2023-04-22T02:01:02.292+0800] {dag.py:3452} INFO - Setting next_dagrun for example_trigger_controller_dag to 2021-01-01T00:00:00+00:00, run_after=2021-01-01T00:00:00+00:00
[2023-04-22T02:01:02.309+0800] {processor.py:175} INFO - Processing /home/gerardsho/airflow_env/lib/python3.8/site-packages/airflow/example_dags/example_trigger_controller_dag.py took 0.131 seconds
[2023-04-22T02:01:42.723+0800] {processor.py:153} INFO - Started process (PID=3586) to work on /home/gerardsho/airflow_env/lib/python3.8/site-packages/airflow/example_dags/example_trigger_controller_dag.py
[2023-04-22T02:01:42.727+0800] {processor.py:743} INFO - Processing file /home/gerardsho/airflow_env/lib/python3.8/site-packages/airflow/example_dags/example_trigger_controller_dag.py for tasks to queue
[2023-04-22T02:01:42.728+0800] {logging_mixin.py:137} INFO - [2023-04-22T02:01:42.728+0800] {dagbag.py:532} INFO - Filling up the DagBag from /home/gerardsho/airflow_env/lib/python3.8/site-packages/airflow/example_dags/example_trigger_controller_dag.py
[2023-04-22T02:01:42.735+0800] {processor.py:753} INFO - DAG(s) dict_keys(['example_trigger_controller_dag']) retrieved from /home/gerardsho/airflow_env/lib/python3.8/site-packages/airflow/example_dags/example_trigger_controller_dag.py
[2023-04-22T02:01:42.747+0800] {logging_mixin.py:137} INFO - [2023-04-22T02:01:42.747+0800] {dag.py:2705} INFO - Sync 1 DAGs
[2023-04-22T02:01:42.759+0800] {logging_mixin.py:137} INFO - [2023-04-22T02:01:42.759+0800] {dag.py:3452} INFO - Setting next_dagrun for example_trigger_controller_dag to 2021-01-01T00:00:00+00:00, run_after=2021-01-01T00:00:00+00:00
[2023-04-22T02:01:42.779+0800] {processor.py:175} INFO - Processing /home/gerardsho/airflow_env/lib/python3.8/site-packages/airflow/example_dags/example_trigger_controller_dag.py took 0.057 seconds
[2023-04-22T02:02:23.991+0800] {processor.py:153} INFO - Started process (PID=3628) to work on /home/gerardsho/airflow_env/lib/python3.8/site-packages/airflow/example_dags/example_trigger_controller_dag.py
[2023-04-22T02:02:23.994+0800] {processor.py:743} INFO - Processing file /home/gerardsho/airflow_env/lib/python3.8/site-packages/airflow/example_dags/example_trigger_controller_dag.py for tasks to queue
[2023-04-22T02:02:23.994+0800] {logging_mixin.py:137} INFO - [2023-04-22T02:02:23.994+0800] {dagbag.py:532} INFO - Filling up the DagBag from /home/gerardsho/airflow_env/lib/python3.8/site-packages/airflow/example_dags/example_trigger_controller_dag.py
[2023-04-22T02:02:24.001+0800] {processor.py:753} INFO - DAG(s) dict_keys(['example_trigger_controller_dag']) retrieved from /home/gerardsho/airflow_env/lib/python3.8/site-packages/airflow/example_dags/example_trigger_controller_dag.py
[2023-04-22T02:02:24.011+0800] {logging_mixin.py:137} INFO - [2023-04-22T02:02:24.011+0800] {dag.py:2705} INFO - Sync 1 DAGs
[2023-04-22T02:02:24.021+0800] {logging_mixin.py:137} INFO - [2023-04-22T02:02:24.021+0800] {dag.py:3452} INFO - Setting next_dagrun for example_trigger_controller_dag to 2021-01-01T00:00:00+00:00, run_after=2021-01-01T00:00:00+00:00
[2023-04-22T02:02:24.040+0800] {processor.py:175} INFO - Processing /home/gerardsho/airflow_env/lib/python3.8/site-packages/airflow/example_dags/example_trigger_controller_dag.py took 0.052 seconds
[2023-04-22T02:03:05.152+0800] {processor.py:153} INFO - Started process (PID=3680) to work on /home/gerardsho/airflow_env/lib/python3.8/site-packages/airflow/example_dags/example_trigger_controller_dag.py
[2023-04-22T02:03:05.156+0800] {processor.py:743} INFO - Processing file /home/gerardsho/airflow_env/lib/python3.8/site-packages/airflow/example_dags/example_trigger_controller_dag.py for tasks to queue
[2023-04-22T02:03:05.156+0800] {logging_mixin.py:137} INFO - [2023-04-22T02:03:05.156+0800] {dagbag.py:532} INFO - Filling up the DagBag from /home/gerardsho/airflow_env/lib/python3.8/site-packages/airflow/example_dags/example_trigger_controller_dag.py
[2023-04-22T02:03:05.163+0800] {processor.py:753} INFO - DAG(s) dict_keys(['example_trigger_controller_dag']) retrieved from /home/gerardsho/airflow_env/lib/python3.8/site-packages/airflow/example_dags/example_trigger_controller_dag.py
[2023-04-22T02:03:05.175+0800] {logging_mixin.py:137} INFO - [2023-04-22T02:03:05.175+0800] {dag.py:2705} INFO - Sync 1 DAGs
[2023-04-22T02:03:05.186+0800] {logging_mixin.py:137} INFO - [2023-04-22T02:03:05.186+0800] {dag.py:3452} INFO - Setting next_dagrun for example_trigger_controller_dag to 2021-01-01T00:00:00+00:00, run_after=2021-01-01T00:00:00+00:00
[2023-04-22T02:03:05.205+0800] {processor.py:175} INFO - Processing /home/gerardsho/airflow_env/lib/python3.8/site-packages/airflow/example_dags/example_trigger_controller_dag.py took 0.055 seconds
[2023-04-22T02:03:45.651+0800] {processor.py:153} INFO - Started process (PID=3730) to work on /home/gerardsho/airflow_env/lib/python3.8/site-packages/airflow/example_dags/example_trigger_controller_dag.py
[2023-04-22T02:03:45.654+0800] {processor.py:743} INFO - Processing file /home/gerardsho/airflow_env/lib/python3.8/site-packages/airflow/example_dags/example_trigger_controller_dag.py for tasks to queue
[2023-04-22T02:03:45.655+0800] {logging_mixin.py:137} INFO - [2023-04-22T02:03:45.655+0800] {dagbag.py:532} INFO - Filling up the DagBag from /home/gerardsho/airflow_env/lib/python3.8/site-packages/airflow/example_dags/example_trigger_controller_dag.py
[2023-04-22T02:03:45.662+0800] {processor.py:753} INFO - DAG(s) dict_keys(['example_trigger_controller_dag']) retrieved from /home/gerardsho/airflow_env/lib/python3.8/site-packages/airflow/example_dags/example_trigger_controller_dag.py
[2023-04-22T02:03:45.673+0800] {logging_mixin.py:137} INFO - [2023-04-22T02:03:45.673+0800] {dag.py:2705} INFO - Sync 1 DAGs
[2023-04-22T02:03:45.683+0800] {logging_mixin.py:137} INFO - [2023-04-22T02:03:45.683+0800] {dag.py:3452} INFO - Setting next_dagrun for example_trigger_controller_dag to 2021-01-01T00:00:00+00:00, run_after=2021-01-01T00:00:00+00:00
[2023-04-22T02:03:45.701+0800] {processor.py:175} INFO - Processing /home/gerardsho/airflow_env/lib/python3.8/site-packages/airflow/example_dags/example_trigger_controller_dag.py took 0.052 seconds
[2023-04-22T02:04:27.369+0800] {processor.py:153} INFO - Started process (PID=3773) to work on /home/gerardsho/airflow_env/lib/python3.8/site-packages/airflow/example_dags/example_trigger_controller_dag.py
[2023-04-22T02:04:27.372+0800] {processor.py:743} INFO - Processing file /home/gerardsho/airflow_env/lib/python3.8/site-packages/airflow/example_dags/example_trigger_controller_dag.py for tasks to queue
[2023-04-22T02:04:27.373+0800] {logging_mixin.py:137} INFO - [2023-04-22T02:04:27.373+0800] {dagbag.py:532} INFO - Filling up the DagBag from /home/gerardsho/airflow_env/lib/python3.8/site-packages/airflow/example_dags/example_trigger_controller_dag.py
[2023-04-22T02:04:27.379+0800] {processor.py:753} INFO - DAG(s) dict_keys(['example_trigger_controller_dag']) retrieved from /home/gerardsho/airflow_env/lib/python3.8/site-packages/airflow/example_dags/example_trigger_controller_dag.py
[2023-04-22T02:04:27.390+0800] {logging_mixin.py:137} INFO - [2023-04-22T02:04:27.390+0800] {dag.py:2705} INFO - Sync 1 DAGs
[2023-04-22T02:04:27.401+0800] {logging_mixin.py:137} INFO - [2023-04-22T02:04:27.401+0800] {dag.py:3452} INFO - Setting next_dagrun for example_trigger_controller_dag to 2021-01-01T00:00:00+00:00, run_after=2021-01-01T00:00:00+00:00
[2023-04-22T02:04:27.417+0800] {processor.py:175} INFO - Processing /home/gerardsho/airflow_env/lib/python3.8/site-packages/airflow/example_dags/example_trigger_controller_dag.py took 0.051 seconds
[2023-04-22T02:05:07.549+0800] {processor.py:153} INFO - Started process (PID=3816) to work on /home/gerardsho/airflow_env/lib/python3.8/site-packages/airflow/example_dags/example_trigger_controller_dag.py
[2023-04-22T02:05:07.552+0800] {processor.py:743} INFO - Processing file /home/gerardsho/airflow_env/lib/python3.8/site-packages/airflow/example_dags/example_trigger_controller_dag.py for tasks to queue
[2023-04-22T02:05:07.552+0800] {logging_mixin.py:137} INFO - [2023-04-22T02:05:07.552+0800] {dagbag.py:532} INFO - Filling up the DagBag from /home/gerardsho/airflow_env/lib/python3.8/site-packages/airflow/example_dags/example_trigger_controller_dag.py
[2023-04-22T02:05:07.558+0800] {processor.py:753} INFO - DAG(s) dict_keys(['example_trigger_controller_dag']) retrieved from /home/gerardsho/airflow_env/lib/python3.8/site-packages/airflow/example_dags/example_trigger_controller_dag.py
[2023-04-22T02:05:07.571+0800] {logging_mixin.py:137} INFO - [2023-04-22T02:05:07.570+0800] {dag.py:2705} INFO - Sync 1 DAGs
[2023-04-22T02:05:07.581+0800] {logging_mixin.py:137} INFO - [2023-04-22T02:05:07.580+0800] {dag.py:3452} INFO - Setting next_dagrun for example_trigger_controller_dag to 2021-01-01T00:00:00+00:00, run_after=2021-01-01T00:00:00+00:00
[2023-04-22T02:05:07.598+0800] {processor.py:175} INFO - Processing /home/gerardsho/airflow_env/lib/python3.8/site-packages/airflow/example_dags/example_trigger_controller_dag.py took 0.052 seconds
