[2023-04-22T01:48:39.231+0800] {processor.py:153} INFO - Started process (PID=2741) to work on /home/gerardsho/airflow_env/lib/python3.8/site-packages/airflow/example_dags/tutorial_taskflow_api.py
[2023-04-22T01:48:39.231+0800] {processor.py:743} INFO - Processing file /home/gerardsho/airflow_env/lib/python3.8/site-packages/airflow/example_dags/tutorial_taskflow_api.py for tasks to queue
[2023-04-22T01:48:39.232+0800] {logging_mixin.py:137} INFO - [2023-04-22T01:48:39.232+0800] {dagbag.py:532} INFO - Filling up the DagBag from /home/gerardsho/airflow_env/lib/python3.8/site-packages/airflow/example_dags/tutorial_taskflow_api.py
[2023-04-22T01:48:39.244+0800] {processor.py:753} INFO - DAG(s) dict_keys(['tutorial_taskflow_api']) retrieved from /home/gerardsho/airflow_env/lib/python3.8/site-packages/airflow/example_dags/tutorial_taskflow_api.py
[2023-04-22T01:48:39.399+0800] {logging_mixin.py:137} INFO - [2023-04-22T01:48:39.399+0800] {manager.py:504} INFO - Created Permission View: can edit on DAG:tutorial_taskflow_api
[2023-04-22T01:48:39.469+0800] {logging_mixin.py:137} INFO - [2023-04-22T01:48:39.469+0800] {manager.py:504} INFO - Created Permission View: can delete on DAG:tutorial_taskflow_api
[2023-04-22T01:48:39.514+0800] {logging_mixin.py:137} INFO - [2023-04-22T01:48:39.514+0800] {manager.py:504} INFO - Created Permission View: can read on DAG:tutorial_taskflow_api
[2023-04-22T01:48:39.514+0800] {logging_mixin.py:137} INFO - [2023-04-22T01:48:39.514+0800] {dag.py:2705} INFO - Sync 1 DAGs
[2023-04-22T01:48:39.522+0800] {logging_mixin.py:137} INFO - [2023-04-22T01:48:39.522+0800] {dag.py:2726} INFO - Creating ORM DAG for tutorial_taskflow_api
[2023-04-22T01:48:39.527+0800] {logging_mixin.py:137} INFO - [2023-04-22T01:48:39.527+0800] {dag.py:3452} INFO - Setting next_dagrun for tutorial_taskflow_api to None, run_after=None
[2023-04-22T01:48:39.615+0800] {processor.py:175} INFO - Processing /home/gerardsho/airflow_env/lib/python3.8/site-packages/airflow/example_dags/tutorial_taskflow_api.py took 0.386 seconds
[2023-04-22T01:49:25.350+0800] {processor.py:153} INFO - Started process (PID=2784) to work on /home/gerardsho/airflow_env/lib/python3.8/site-packages/airflow/example_dags/tutorial_taskflow_api.py
[2023-04-22T01:49:25.354+0800] {processor.py:743} INFO - Processing file /home/gerardsho/airflow_env/lib/python3.8/site-packages/airflow/example_dags/tutorial_taskflow_api.py for tasks to queue
[2023-04-22T01:49:25.354+0800] {logging_mixin.py:137} INFO - [2023-04-22T01:49:25.354+0800] {dagbag.py:532} INFO - Filling up the DagBag from /home/gerardsho/airflow_env/lib/python3.8/site-packages/airflow/example_dags/tutorial_taskflow_api.py
[2023-04-22T01:49:25.368+0800] {processor.py:753} INFO - DAG(s) dict_keys(['tutorial_taskflow_api']) retrieved from /home/gerardsho/airflow_env/lib/python3.8/site-packages/airflow/example_dags/tutorial_taskflow_api.py
[2023-04-22T01:49:25.380+0800] {logging_mixin.py:137} INFO - [2023-04-22T01:49:25.380+0800] {dag.py:2705} INFO - Sync 1 DAGs
[2023-04-22T01:49:25.391+0800] {logging_mixin.py:137} INFO - [2023-04-22T01:49:25.390+0800] {dag.py:3452} INFO - Setting next_dagrun for tutorial_taskflow_api to None, run_after=None
[2023-04-22T01:49:25.409+0800] {processor.py:175} INFO - Processing /home/gerardsho/airflow_env/lib/python3.8/site-packages/airflow/example_dags/tutorial_taskflow_api.py took 0.060 seconds
[2023-04-22T01:50:05.258+0800] {processor.py:153} INFO - Started process (PID=2827) to work on /home/gerardsho/airflow_env/lib/python3.8/site-packages/airflow/example_dags/tutorial_taskflow_api.py
[2023-04-22T01:50:05.262+0800] {processor.py:743} INFO - Processing file /home/gerardsho/airflow_env/lib/python3.8/site-packages/airflow/example_dags/tutorial_taskflow_api.py for tasks to queue
[2023-04-22T01:50:05.262+0800] {logging_mixin.py:137} INFO - [2023-04-22T01:50:05.262+0800] {dagbag.py:532} INFO - Filling up the DagBag from /home/gerardsho/airflow_env/lib/python3.8/site-packages/airflow/example_dags/tutorial_taskflow_api.py
[2023-04-22T01:50:05.275+0800] {processor.py:753} INFO - DAG(s) dict_keys(['tutorial_taskflow_api']) retrieved from /home/gerardsho/airflow_env/lib/python3.8/site-packages/airflow/example_dags/tutorial_taskflow_api.py
[2023-04-22T01:50:05.287+0800] {logging_mixin.py:137} INFO - [2023-04-22T01:50:05.287+0800] {dag.py:2705} INFO - Sync 1 DAGs
[2023-04-22T01:50:05.299+0800] {logging_mixin.py:137} INFO - [2023-04-22T01:50:05.299+0800] {dag.py:3452} INFO - Setting next_dagrun for tutorial_taskflow_api to None, run_after=None
[2023-04-22T01:50:05.316+0800] {processor.py:175} INFO - Processing /home/gerardsho/airflow_env/lib/python3.8/site-packages/airflow/example_dags/tutorial_taskflow_api.py took 0.061 seconds
[2023-04-22T01:50:45.356+0800] {processor.py:153} INFO - Started process (PID=2873) to work on /home/gerardsho/airflow_env/lib/python3.8/site-packages/airflow/example_dags/tutorial_taskflow_api.py
[2023-04-22T01:50:45.359+0800] {processor.py:743} INFO - Processing file /home/gerardsho/airflow_env/lib/python3.8/site-packages/airflow/example_dags/tutorial_taskflow_api.py for tasks to queue
[2023-04-22T01:50:45.360+0800] {logging_mixin.py:137} INFO - [2023-04-22T01:50:45.360+0800] {dagbag.py:532} INFO - Filling up the DagBag from /home/gerardsho/airflow_env/lib/python3.8/site-packages/airflow/example_dags/tutorial_taskflow_api.py
[2023-04-22T01:50:45.373+0800] {processor.py:753} INFO - DAG(s) dict_keys(['tutorial_taskflow_api']) retrieved from /home/gerardsho/airflow_env/lib/python3.8/site-packages/airflow/example_dags/tutorial_taskflow_api.py
[2023-04-22T01:50:45.383+0800] {logging_mixin.py:137} INFO - [2023-04-22T01:50:45.383+0800] {dag.py:2705} INFO - Sync 1 DAGs
[2023-04-22T01:50:45.393+0800] {logging_mixin.py:137} INFO - [2023-04-22T01:50:45.393+0800] {dag.py:3452} INFO - Setting next_dagrun for tutorial_taskflow_api to None, run_after=None
[2023-04-22T01:50:45.418+0800] {processor.py:175} INFO - Processing /home/gerardsho/airflow_env/lib/python3.8/site-packages/airflow/example_dags/tutorial_taskflow_api.py took 0.063 seconds
[2023-04-22T01:51:26.540+0800] {processor.py:153} INFO - Started process (PID=2928) to work on /home/gerardsho/airflow_env/lib/python3.8/site-packages/airflow/example_dags/tutorial_taskflow_api.py
[2023-04-22T01:51:26.543+0800] {processor.py:743} INFO - Processing file /home/gerardsho/airflow_env/lib/python3.8/site-packages/airflow/example_dags/tutorial_taskflow_api.py for tasks to queue
[2023-04-22T01:51:26.544+0800] {logging_mixin.py:137} INFO - [2023-04-22T01:51:26.544+0800] {dagbag.py:532} INFO - Filling up the DagBag from /home/gerardsho/airflow_env/lib/python3.8/site-packages/airflow/example_dags/tutorial_taskflow_api.py
[2023-04-22T01:51:26.556+0800] {processor.py:753} INFO - DAG(s) dict_keys(['tutorial_taskflow_api']) retrieved from /home/gerardsho/airflow_env/lib/python3.8/site-packages/airflow/example_dags/tutorial_taskflow_api.py
[2023-04-22T01:51:26.566+0800] {logging_mixin.py:137} INFO - [2023-04-22T01:51:26.566+0800] {dag.py:2705} INFO - Sync 1 DAGs
[2023-04-22T01:51:26.577+0800] {logging_mixin.py:137} INFO - [2023-04-22T01:51:26.577+0800] {dag.py:3452} INFO - Setting next_dagrun for tutorial_taskflow_api to None, run_after=None
[2023-04-22T01:51:26.595+0800] {processor.py:175} INFO - Processing /home/gerardsho/airflow_env/lib/python3.8/site-packages/airflow/example_dags/tutorial_taskflow_api.py took 0.057 seconds
[2023-04-22T01:52:08.210+0800] {processor.py:153} INFO - Started process (PID=2978) to work on /home/gerardsho/airflow_env/lib/python3.8/site-packages/airflow/example_dags/tutorial_taskflow_api.py
[2023-04-22T01:52:08.212+0800] {processor.py:743} INFO - Processing file /home/gerardsho/airflow_env/lib/python3.8/site-packages/airflow/example_dags/tutorial_taskflow_api.py for tasks to queue
[2023-04-22T01:52:08.212+0800] {logging_mixin.py:137} INFO - [2023-04-22T01:52:08.212+0800] {dagbag.py:532} INFO - Filling up the DagBag from /home/gerardsho/airflow_env/lib/python3.8/site-packages/airflow/example_dags/tutorial_taskflow_api.py
[2023-04-22T01:52:08.238+0800] {processor.py:753} INFO - DAG(s) dict_keys(['tutorial_taskflow_api']) retrieved from /home/gerardsho/airflow_env/lib/python3.8/site-packages/airflow/example_dags/tutorial_taskflow_api.py
[2023-04-22T01:52:08.256+0800] {logging_mixin.py:137} INFO - [2023-04-22T01:52:08.256+0800] {dag.py:2705} INFO - Sync 1 DAGs
[2023-04-22T01:52:08.277+0800] {logging_mixin.py:137} INFO - [2023-04-22T01:52:08.277+0800] {dag.py:3452} INFO - Setting next_dagrun for tutorial_taskflow_api to None, run_after=None
[2023-04-22T01:52:08.295+0800] {processor.py:175} INFO - Processing /home/gerardsho/airflow_env/lib/python3.8/site-packages/airflow/example_dags/tutorial_taskflow_api.py took 0.089 seconds
[2023-04-22T01:52:48.631+0800] {processor.py:153} INFO - Started process (PID=3020) to work on /home/gerardsho/airflow_env/lib/python3.8/site-packages/airflow/example_dags/tutorial_taskflow_api.py
[2023-04-22T01:52:48.634+0800] {processor.py:743} INFO - Processing file /home/gerardsho/airflow_env/lib/python3.8/site-packages/airflow/example_dags/tutorial_taskflow_api.py for tasks to queue
[2023-04-22T01:52:48.635+0800] {logging_mixin.py:137} INFO - [2023-04-22T01:52:48.635+0800] {dagbag.py:532} INFO - Filling up the DagBag from /home/gerardsho/airflow_env/lib/python3.8/site-packages/airflow/example_dags/tutorial_taskflow_api.py
[2023-04-22T01:52:48.648+0800] {processor.py:753} INFO - DAG(s) dict_keys(['tutorial_taskflow_api']) retrieved from /home/gerardsho/airflow_env/lib/python3.8/site-packages/airflow/example_dags/tutorial_taskflow_api.py
[2023-04-22T01:52:48.658+0800] {logging_mixin.py:137} INFO - [2023-04-22T01:52:48.658+0800] {dag.py:2705} INFO - Sync 1 DAGs
[2023-04-22T01:52:48.668+0800] {logging_mixin.py:137} INFO - [2023-04-22T01:52:48.668+0800] {dag.py:3452} INFO - Setting next_dagrun for tutorial_taskflow_api to None, run_after=None
[2023-04-22T01:52:48.687+0800] {processor.py:175} INFO - Processing /home/gerardsho/airflow_env/lib/python3.8/site-packages/airflow/example_dags/tutorial_taskflow_api.py took 0.059 seconds
[2023-04-22T01:53:29.164+0800] {processor.py:153} INFO - Started process (PID=3062) to work on /home/gerardsho/airflow_env/lib/python3.8/site-packages/airflow/example_dags/tutorial_taskflow_api.py
[2023-04-22T01:53:29.167+0800] {processor.py:743} INFO - Processing file /home/gerardsho/airflow_env/lib/python3.8/site-packages/airflow/example_dags/tutorial_taskflow_api.py for tasks to queue
[2023-04-22T01:53:29.167+0800] {logging_mixin.py:137} INFO - [2023-04-22T01:53:29.167+0800] {dagbag.py:532} INFO - Filling up the DagBag from /home/gerardsho/airflow_env/lib/python3.8/site-packages/airflow/example_dags/tutorial_taskflow_api.py
[2023-04-22T01:53:29.179+0800] {processor.py:753} INFO - DAG(s) dict_keys(['tutorial_taskflow_api']) retrieved from /home/gerardsho/airflow_env/lib/python3.8/site-packages/airflow/example_dags/tutorial_taskflow_api.py
[2023-04-22T01:53:29.191+0800] {logging_mixin.py:137} INFO - [2023-04-22T01:53:29.191+0800] {dag.py:2705} INFO - Sync 1 DAGs
[2023-04-22T01:53:29.202+0800] {logging_mixin.py:137} INFO - [2023-04-22T01:53:29.202+0800] {dag.py:3452} INFO - Setting next_dagrun for tutorial_taskflow_api to None, run_after=None
[2023-04-22T01:53:29.223+0800] {processor.py:175} INFO - Processing /home/gerardsho/airflow_env/lib/python3.8/site-packages/airflow/example_dags/tutorial_taskflow_api.py took 0.061 seconds
[2023-04-22T01:54:09.711+0800] {processor.py:153} INFO - Started process (PID=3104) to work on /home/gerardsho/airflow_env/lib/python3.8/site-packages/airflow/example_dags/tutorial_taskflow_api.py
[2023-04-22T01:54:09.714+0800] {processor.py:743} INFO - Processing file /home/gerardsho/airflow_env/lib/python3.8/site-packages/airflow/example_dags/tutorial_taskflow_api.py for tasks to queue
[2023-04-22T01:54:09.715+0800] {logging_mixin.py:137} INFO - [2023-04-22T01:54:09.715+0800] {dagbag.py:532} INFO - Filling up the DagBag from /home/gerardsho/airflow_env/lib/python3.8/site-packages/airflow/example_dags/tutorial_taskflow_api.py
[2023-04-22T01:54:09.729+0800] {processor.py:753} INFO - DAG(s) dict_keys(['tutorial_taskflow_api']) retrieved from /home/gerardsho/airflow_env/lib/python3.8/site-packages/airflow/example_dags/tutorial_taskflow_api.py
[2023-04-22T01:54:09.742+0800] {logging_mixin.py:137} INFO - [2023-04-22T01:54:09.742+0800] {dag.py:2705} INFO - Sync 1 DAGs
[2023-04-22T01:54:09.755+0800] {logging_mixin.py:137} INFO - [2023-04-22T01:54:09.755+0800] {dag.py:3452} INFO - Setting next_dagrun for tutorial_taskflow_api to None, run_after=None
[2023-04-22T01:54:09.774+0800] {processor.py:175} INFO - Processing /home/gerardsho/airflow_env/lib/python3.8/site-packages/airflow/example_dags/tutorial_taskflow_api.py took 0.066 seconds
[2023-04-22T01:54:50.073+0800] {processor.py:153} INFO - Started process (PID=3149) to work on /home/gerardsho/airflow_env/lib/python3.8/site-packages/airflow/example_dags/tutorial_taskflow_api.py
[2023-04-22T01:54:50.077+0800] {processor.py:743} INFO - Processing file /home/gerardsho/airflow_env/lib/python3.8/site-packages/airflow/example_dags/tutorial_taskflow_api.py for tasks to queue
[2023-04-22T01:54:50.077+0800] {logging_mixin.py:137} INFO - [2023-04-22T01:54:50.077+0800] {dagbag.py:532} INFO - Filling up the DagBag from /home/gerardsho/airflow_env/lib/python3.8/site-packages/airflow/example_dags/tutorial_taskflow_api.py
[2023-04-22T01:54:50.092+0800] {processor.py:753} INFO - DAG(s) dict_keys(['tutorial_taskflow_api']) retrieved from /home/gerardsho/airflow_env/lib/python3.8/site-packages/airflow/example_dags/tutorial_taskflow_api.py
[2023-04-22T01:54:50.104+0800] {logging_mixin.py:137} INFO - [2023-04-22T01:54:50.104+0800] {dag.py:2705} INFO - Sync 1 DAGs
[2023-04-22T01:54:50.119+0800] {logging_mixin.py:137} INFO - [2023-04-22T01:54:50.118+0800] {dag.py:3452} INFO - Setting next_dagrun for tutorial_taskflow_api to None, run_after=None
[2023-04-22T01:54:50.141+0800] {processor.py:175} INFO - Processing /home/gerardsho/airflow_env/lib/python3.8/site-packages/airflow/example_dags/tutorial_taskflow_api.py took 0.069 seconds
[2023-04-22T01:55:31.778+0800] {processor.py:153} INFO - Started process (PID=3196) to work on /home/gerardsho/airflow_env/lib/python3.8/site-packages/airflow/example_dags/tutorial_taskflow_api.py
[2023-04-22T01:55:31.781+0800] {processor.py:743} INFO - Processing file /home/gerardsho/airflow_env/lib/python3.8/site-packages/airflow/example_dags/tutorial_taskflow_api.py for tasks to queue
[2023-04-22T01:55:31.781+0800] {logging_mixin.py:137} INFO - [2023-04-22T01:55:31.781+0800] {dagbag.py:532} INFO - Filling up the DagBag from /home/gerardsho/airflow_env/lib/python3.8/site-packages/airflow/example_dags/tutorial_taskflow_api.py
[2023-04-22T01:55:31.793+0800] {processor.py:753} INFO - DAG(s) dict_keys(['tutorial_taskflow_api']) retrieved from /home/gerardsho/airflow_env/lib/python3.8/site-packages/airflow/example_dags/tutorial_taskflow_api.py
[2023-04-22T01:55:31.804+0800] {logging_mixin.py:137} INFO - [2023-04-22T01:55:31.804+0800] {dag.py:2705} INFO - Sync 1 DAGs
[2023-04-22T01:55:31.814+0800] {logging_mixin.py:137} INFO - [2023-04-22T01:55:31.814+0800] {dag.py:3452} INFO - Setting next_dagrun for tutorial_taskflow_api to None, run_after=None
[2023-04-22T01:55:31.830+0800] {processor.py:175} INFO - Processing /home/gerardsho/airflow_env/lib/python3.8/site-packages/airflow/example_dags/tutorial_taskflow_api.py took 0.054 seconds
[2023-04-22T01:56:12.321+0800] {processor.py:153} INFO - Started process (PID=3241) to work on /home/gerardsho/airflow_env/lib/python3.8/site-packages/airflow/example_dags/tutorial_taskflow_api.py
[2023-04-22T01:56:12.324+0800] {processor.py:743} INFO - Processing file /home/gerardsho/airflow_env/lib/python3.8/site-packages/airflow/example_dags/tutorial_taskflow_api.py for tasks to queue
[2023-04-22T01:56:12.325+0800] {logging_mixin.py:137} INFO - [2023-04-22T01:56:12.325+0800] {dagbag.py:532} INFO - Filling up the DagBag from /home/gerardsho/airflow_env/lib/python3.8/site-packages/airflow/example_dags/tutorial_taskflow_api.py
[2023-04-22T01:56:12.338+0800] {processor.py:753} INFO - DAG(s) dict_keys(['tutorial_taskflow_api']) retrieved from /home/gerardsho/airflow_env/lib/python3.8/site-packages/airflow/example_dags/tutorial_taskflow_api.py
[2023-04-22T01:56:12.350+0800] {logging_mixin.py:137} INFO - [2023-04-22T01:56:12.350+0800] {dag.py:2705} INFO - Sync 1 DAGs
[2023-04-22T01:56:12.361+0800] {logging_mixin.py:137} INFO - [2023-04-22T01:56:12.361+0800] {dag.py:3452} INFO - Setting next_dagrun for tutorial_taskflow_api to None, run_after=None
[2023-04-22T01:56:12.379+0800] {processor.py:175} INFO - Processing /home/gerardsho/airflow_env/lib/python3.8/site-packages/airflow/example_dags/tutorial_taskflow_api.py took 0.060 seconds
[2023-04-22T01:56:52.860+0800] {processor.py:153} INFO - Started process (PID=3287) to work on /home/gerardsho/airflow_env/lib/python3.8/site-packages/airflow/example_dags/tutorial_taskflow_api.py
[2023-04-22T01:56:52.863+0800] {processor.py:743} INFO - Processing file /home/gerardsho/airflow_env/lib/python3.8/site-packages/airflow/example_dags/tutorial_taskflow_api.py for tasks to queue
[2023-04-22T01:56:52.863+0800] {logging_mixin.py:137} INFO - [2023-04-22T01:56:52.863+0800] {dagbag.py:532} INFO - Filling up the DagBag from /home/gerardsho/airflow_env/lib/python3.8/site-packages/airflow/example_dags/tutorial_taskflow_api.py
[2023-04-22T01:56:52.876+0800] {processor.py:753} INFO - DAG(s) dict_keys(['tutorial_taskflow_api']) retrieved from /home/gerardsho/airflow_env/lib/python3.8/site-packages/airflow/example_dags/tutorial_taskflow_api.py
[2023-04-22T01:56:52.887+0800] {logging_mixin.py:137} INFO - [2023-04-22T01:56:52.887+0800] {dag.py:2705} INFO - Sync 1 DAGs
[2023-04-22T01:56:52.898+0800] {logging_mixin.py:137} INFO - [2023-04-22T01:56:52.898+0800] {dag.py:3452} INFO - Setting next_dagrun for tutorial_taskflow_api to None, run_after=None
[2023-04-22T01:56:52.914+0800] {processor.py:175} INFO - Processing /home/gerardsho/airflow_env/lib/python3.8/site-packages/airflow/example_dags/tutorial_taskflow_api.py took 0.056 seconds
[2023-04-22T01:57:32.273+0800] {processor.py:153} INFO - Started process (PID=3334) to work on /home/gerardsho/airflow_env/lib/python3.8/site-packages/airflow/example_dags/tutorial_taskflow_api.py
[2023-04-22T01:57:32.276+0800] {processor.py:743} INFO - Processing file /home/gerardsho/airflow_env/lib/python3.8/site-packages/airflow/example_dags/tutorial_taskflow_api.py for tasks to queue
[2023-04-22T01:57:32.277+0800] {logging_mixin.py:137} INFO - [2023-04-22T01:57:32.277+0800] {dagbag.py:532} INFO - Filling up the DagBag from /home/gerardsho/airflow_env/lib/python3.8/site-packages/airflow/example_dags/tutorial_taskflow_api.py
[2023-04-22T01:57:32.289+0800] {processor.py:753} INFO - DAG(s) dict_keys(['tutorial_taskflow_api']) retrieved from /home/gerardsho/airflow_env/lib/python3.8/site-packages/airflow/example_dags/tutorial_taskflow_api.py
[2023-04-22T01:57:32.302+0800] {logging_mixin.py:137} INFO - [2023-04-22T01:57:32.302+0800] {dag.py:2705} INFO - Sync 1 DAGs
[2023-04-22T01:57:32.315+0800] {logging_mixin.py:137} INFO - [2023-04-22T01:57:32.315+0800] {dag.py:3452} INFO - Setting next_dagrun for tutorial_taskflow_api to None, run_after=None
[2023-04-22T01:57:32.335+0800] {processor.py:175} INFO - Processing /home/gerardsho/airflow_env/lib/python3.8/site-packages/airflow/example_dags/tutorial_taskflow_api.py took 0.065 seconds
[2023-04-22T01:58:12.821+0800] {processor.py:153} INFO - Started process (PID=3383) to work on /home/gerardsho/airflow_env/lib/python3.8/site-packages/airflow/example_dags/tutorial_taskflow_api.py
[2023-04-22T01:58:12.824+0800] {processor.py:743} INFO - Processing file /home/gerardsho/airflow_env/lib/python3.8/site-packages/airflow/example_dags/tutorial_taskflow_api.py for tasks to queue
[2023-04-22T01:58:12.825+0800] {logging_mixin.py:137} INFO - [2023-04-22T01:58:12.825+0800] {dagbag.py:532} INFO - Filling up the DagBag from /home/gerardsho/airflow_env/lib/python3.8/site-packages/airflow/example_dags/tutorial_taskflow_api.py
[2023-04-22T01:58:12.836+0800] {processor.py:753} INFO - DAG(s) dict_keys(['tutorial_taskflow_api']) retrieved from /home/gerardsho/airflow_env/lib/python3.8/site-packages/airflow/example_dags/tutorial_taskflow_api.py
[2023-04-22T01:58:12.848+0800] {logging_mixin.py:137} INFO - [2023-04-22T01:58:12.848+0800] {dag.py:2705} INFO - Sync 1 DAGs
[2023-04-22T01:58:12.860+0800] {logging_mixin.py:137} INFO - [2023-04-22T01:58:12.860+0800] {dag.py:3452} INFO - Setting next_dagrun for tutorial_taskflow_api to None, run_after=None
[2023-04-22T01:58:12.876+0800] {processor.py:175} INFO - Processing /home/gerardsho/airflow_env/lib/python3.8/site-packages/airflow/example_dags/tutorial_taskflow_api.py took 0.057 seconds
[2023-04-22T01:58:54.498+0800] {processor.py:153} INFO - Started process (PID=3425) to work on /home/gerardsho/airflow_env/lib/python3.8/site-packages/airflow/example_dags/tutorial_taskflow_api.py
[2023-04-22T01:58:54.499+0800] {processor.py:743} INFO - Processing file /home/gerardsho/airflow_env/lib/python3.8/site-packages/airflow/example_dags/tutorial_taskflow_api.py for tasks to queue
[2023-04-22T01:58:54.499+0800] {logging_mixin.py:137} INFO - [2023-04-22T01:58:54.499+0800] {dagbag.py:532} INFO - Filling up the DagBag from /home/gerardsho/airflow_env/lib/python3.8/site-packages/airflow/example_dags/tutorial_taskflow_api.py
[2023-04-22T01:58:54.511+0800] {processor.py:753} INFO - DAG(s) dict_keys(['tutorial_taskflow_api']) retrieved from /home/gerardsho/airflow_env/lib/python3.8/site-packages/airflow/example_dags/tutorial_taskflow_api.py
[2023-04-22T01:58:54.522+0800] {logging_mixin.py:137} INFO - [2023-04-22T01:58:54.522+0800] {dag.py:2705} INFO - Sync 1 DAGs
[2023-04-22T01:58:54.532+0800] {logging_mixin.py:137} INFO - [2023-04-22T01:58:54.532+0800] {dag.py:3452} INFO - Setting next_dagrun for tutorial_taskflow_api to None, run_after=None
[2023-04-22T01:58:54.550+0800] {processor.py:175} INFO - Processing /home/gerardsho/airflow_env/lib/python3.8/site-packages/airflow/example_dags/tutorial_taskflow_api.py took 0.054 seconds
[2023-04-22T01:59:34.002+0800] {processor.py:153} INFO - Started process (PID=3467) to work on /home/gerardsho/airflow_env/lib/python3.8/site-packages/airflow/example_dags/tutorial_taskflow_api.py
[2023-04-22T01:59:34.003+0800] {processor.py:743} INFO - Processing file /home/gerardsho/airflow_env/lib/python3.8/site-packages/airflow/example_dags/tutorial_taskflow_api.py for tasks to queue
[2023-04-22T01:59:34.004+0800] {logging_mixin.py:137} INFO - [2023-04-22T01:59:34.004+0800] {dagbag.py:532} INFO - Filling up the DagBag from /home/gerardsho/airflow_env/lib/python3.8/site-packages/airflow/example_dags/tutorial_taskflow_api.py
[2023-04-22T01:59:34.016+0800] {processor.py:753} INFO - DAG(s) dict_keys(['tutorial_taskflow_api']) retrieved from /home/gerardsho/airflow_env/lib/python3.8/site-packages/airflow/example_dags/tutorial_taskflow_api.py
[2023-04-22T01:59:34.026+0800] {logging_mixin.py:137} INFO - [2023-04-22T01:59:34.026+0800] {dag.py:2705} INFO - Sync 1 DAGs
[2023-04-22T01:59:34.036+0800] {logging_mixin.py:137} INFO - [2023-04-22T01:59:34.036+0800] {dag.py:3452} INFO - Setting next_dagrun for tutorial_taskflow_api to None, run_after=None
[2023-04-22T01:59:34.053+0800] {processor.py:175} INFO - Processing /home/gerardsho/airflow_env/lib/python3.8/site-packages/airflow/example_dags/tutorial_taskflow_api.py took 0.053 seconds
[2023-04-22T02:00:48.233+0800] {processor.py:153} INFO - Started process (PID=3524) to work on /home/gerardsho/airflow_env/lib/python3.8/site-packages/airflow/example_dags/tutorial_taskflow_api.py
[2023-04-22T02:00:48.236+0800] {processor.py:743} INFO - Processing file /home/gerardsho/airflow_env/lib/python3.8/site-packages/airflow/example_dags/tutorial_taskflow_api.py for tasks to queue
[2023-04-22T02:00:48.236+0800] {logging_mixin.py:137} INFO - [2023-04-22T02:00:48.236+0800] {dagbag.py:532} INFO - Filling up the DagBag from /home/gerardsho/airflow_env/lib/python3.8/site-packages/airflow/example_dags/tutorial_taskflow_api.py
[2023-04-22T02:00:48.249+0800] {processor.py:753} INFO - DAG(s) dict_keys(['tutorial_taskflow_api']) retrieved from /home/gerardsho/airflow_env/lib/python3.8/site-packages/airflow/example_dags/tutorial_taskflow_api.py
[2023-04-22T02:00:48.314+0800] {logging_mixin.py:137} INFO - [2023-04-22T02:00:48.313+0800] {manager.py:504} INFO - Created Permission View: can edit on DAG:tutorial_taskflow_api
[2023-04-22T02:00:48.325+0800] {logging_mixin.py:137} INFO - [2023-04-22T02:00:48.325+0800] {manager.py:504} INFO - Created Permission View: can delete on DAG:tutorial_taskflow_api
[2023-04-22T02:00:48.337+0800] {logging_mixin.py:137} INFO - [2023-04-22T02:00:48.337+0800] {manager.py:504} INFO - Created Permission View: can read on DAG:tutorial_taskflow_api
[2023-04-22T02:00:48.337+0800] {logging_mixin.py:137} INFO - [2023-04-22T02:00:48.337+0800] {dag.py:2705} INFO - Sync 1 DAGs
[2023-04-22T02:00:48.343+0800] {logging_mixin.py:137} INFO - [2023-04-22T02:00:48.343+0800] {dag.py:2726} INFO - Creating ORM DAG for tutorial_taskflow_api
[2023-04-22T02:00:48.347+0800] {logging_mixin.py:137} INFO - [2023-04-22T02:00:48.347+0800] {dag.py:3452} INFO - Setting next_dagrun for tutorial_taskflow_api to None, run_after=None
[2023-04-22T02:00:48.364+0800] {processor.py:175} INFO - Processing /home/gerardsho/airflow_env/lib/python3.8/site-packages/airflow/example_dags/tutorial_taskflow_api.py took 0.133 seconds
[2023-04-22T02:01:30.158+0800] {processor.py:153} INFO - Started process (PID=3574) to work on /home/gerardsho/airflow_env/lib/python3.8/site-packages/airflow/example_dags/tutorial_taskflow_api.py
[2023-04-22T02:01:30.162+0800] {processor.py:743} INFO - Processing file /home/gerardsho/airflow_env/lib/python3.8/site-packages/airflow/example_dags/tutorial_taskflow_api.py for tasks to queue
[2023-04-22T02:01:30.162+0800] {logging_mixin.py:137} INFO - [2023-04-22T02:01:30.162+0800] {dagbag.py:532} INFO - Filling up the DagBag from /home/gerardsho/airflow_env/lib/python3.8/site-packages/airflow/example_dags/tutorial_taskflow_api.py
[2023-04-22T02:01:30.175+0800] {processor.py:753} INFO - DAG(s) dict_keys(['tutorial_taskflow_api']) retrieved from /home/gerardsho/airflow_env/lib/python3.8/site-packages/airflow/example_dags/tutorial_taskflow_api.py
[2023-04-22T02:01:30.186+0800] {logging_mixin.py:137} INFO - [2023-04-22T02:01:30.186+0800] {dag.py:2705} INFO - Sync 1 DAGs
[2023-04-22T02:01:30.196+0800] {logging_mixin.py:137} INFO - [2023-04-22T02:01:30.196+0800] {dag.py:3452} INFO - Setting next_dagrun for tutorial_taskflow_api to None, run_after=None
[2023-04-22T02:01:30.211+0800] {processor.py:175} INFO - Processing /home/gerardsho/airflow_env/lib/python3.8/site-packages/airflow/example_dags/tutorial_taskflow_api.py took 0.055 seconds
[2023-04-22T02:02:12.550+0800] {processor.py:153} INFO - Started process (PID=3616) to work on /home/gerardsho/airflow_env/lib/python3.8/site-packages/airflow/example_dags/tutorial_taskflow_api.py
[2023-04-22T02:02:12.553+0800] {processor.py:743} INFO - Processing file /home/gerardsho/airflow_env/lib/python3.8/site-packages/airflow/example_dags/tutorial_taskflow_api.py for tasks to queue
[2023-04-22T02:02:12.554+0800] {logging_mixin.py:137} INFO - [2023-04-22T02:02:12.554+0800] {dagbag.py:532} INFO - Filling up the DagBag from /home/gerardsho/airflow_env/lib/python3.8/site-packages/airflow/example_dags/tutorial_taskflow_api.py
[2023-04-22T02:02:12.569+0800] {processor.py:753} INFO - DAG(s) dict_keys(['tutorial_taskflow_api']) retrieved from /home/gerardsho/airflow_env/lib/python3.8/site-packages/airflow/example_dags/tutorial_taskflow_api.py
[2023-04-22T02:02:12.582+0800] {logging_mixin.py:137} INFO - [2023-04-22T02:02:12.582+0800] {dag.py:2705} INFO - Sync 1 DAGs
[2023-04-22T02:02:12.593+0800] {logging_mixin.py:137} INFO - [2023-04-22T02:02:12.593+0800] {dag.py:3452} INFO - Setting next_dagrun for tutorial_taskflow_api to None, run_after=None
[2023-04-22T02:02:12.610+0800] {processor.py:175} INFO - Processing /home/gerardsho/airflow_env/lib/python3.8/site-packages/airflow/example_dags/tutorial_taskflow_api.py took 0.063 seconds
[2023-04-22T02:02:53.723+0800] {processor.py:153} INFO - Started process (PID=3668) to work on /home/gerardsho/airflow_env/lib/python3.8/site-packages/airflow/example_dags/tutorial_taskflow_api.py
[2023-04-22T02:02:53.727+0800] {processor.py:743} INFO - Processing file /home/gerardsho/airflow_env/lib/python3.8/site-packages/airflow/example_dags/tutorial_taskflow_api.py for tasks to queue
[2023-04-22T02:02:53.727+0800] {logging_mixin.py:137} INFO - [2023-04-22T02:02:53.727+0800] {dagbag.py:532} INFO - Filling up the DagBag from /home/gerardsho/airflow_env/lib/python3.8/site-packages/airflow/example_dags/tutorial_taskflow_api.py
[2023-04-22T02:02:53.740+0800] {processor.py:753} INFO - DAG(s) dict_keys(['tutorial_taskflow_api']) retrieved from /home/gerardsho/airflow_env/lib/python3.8/site-packages/airflow/example_dags/tutorial_taskflow_api.py
[2023-04-22T02:02:53.751+0800] {logging_mixin.py:137} INFO - [2023-04-22T02:02:53.751+0800] {dag.py:2705} INFO - Sync 1 DAGs
[2023-04-22T02:02:53.762+0800] {logging_mixin.py:137} INFO - [2023-04-22T02:02:53.762+0800] {dag.py:3452} INFO - Setting next_dagrun for tutorial_taskflow_api to None, run_after=None
[2023-04-22T02:02:53.780+0800] {processor.py:175} INFO - Processing /home/gerardsho/airflow_env/lib/python3.8/site-packages/airflow/example_dags/tutorial_taskflow_api.py took 0.058 seconds
[2023-04-22T02:03:34.802+0800] {processor.py:153} INFO - Started process (PID=3716) to work on /home/gerardsho/airflow_env/lib/python3.8/site-packages/airflow/example_dags/tutorial_taskflow_api.py
[2023-04-22T02:03:34.805+0800] {processor.py:743} INFO - Processing file /home/gerardsho/airflow_env/lib/python3.8/site-packages/airflow/example_dags/tutorial_taskflow_api.py for tasks to queue
[2023-04-22T02:03:34.805+0800] {logging_mixin.py:137} INFO - [2023-04-22T02:03:34.805+0800] {dagbag.py:532} INFO - Filling up the DagBag from /home/gerardsho/airflow_env/lib/python3.8/site-packages/airflow/example_dags/tutorial_taskflow_api.py
[2023-04-22T02:03:34.817+0800] {processor.py:753} INFO - DAG(s) dict_keys(['tutorial_taskflow_api']) retrieved from /home/gerardsho/airflow_env/lib/python3.8/site-packages/airflow/example_dags/tutorial_taskflow_api.py
[2023-04-22T02:03:34.828+0800] {logging_mixin.py:137} INFO - [2023-04-22T02:03:34.828+0800] {dag.py:2705} INFO - Sync 1 DAGs
[2023-04-22T02:03:34.838+0800] {logging_mixin.py:137} INFO - [2023-04-22T02:03:34.838+0800] {dag.py:3452} INFO - Setting next_dagrun for tutorial_taskflow_api to None, run_after=None
[2023-04-22T02:03:34.855+0800] {processor.py:175} INFO - Processing /home/gerardsho/airflow_env/lib/python3.8/site-packages/airflow/example_dags/tutorial_taskflow_api.py took 0.055 seconds
[2023-04-22T02:04:14.795+0800] {processor.py:153} INFO - Started process (PID=3761) to work on /home/gerardsho/airflow_env/lib/python3.8/site-packages/airflow/example_dags/tutorial_taskflow_api.py
[2023-04-22T02:04:14.799+0800] {processor.py:743} INFO - Processing file /home/gerardsho/airflow_env/lib/python3.8/site-packages/airflow/example_dags/tutorial_taskflow_api.py for tasks to queue
[2023-04-22T02:04:14.799+0800] {logging_mixin.py:137} INFO - [2023-04-22T02:04:14.799+0800] {dagbag.py:532} INFO - Filling up the DagBag from /home/gerardsho/airflow_env/lib/python3.8/site-packages/airflow/example_dags/tutorial_taskflow_api.py
[2023-04-22T02:04:14.812+0800] {processor.py:753} INFO - DAG(s) dict_keys(['tutorial_taskflow_api']) retrieved from /home/gerardsho/airflow_env/lib/python3.8/site-packages/airflow/example_dags/tutorial_taskflow_api.py
[2023-04-22T02:04:14.823+0800] {logging_mixin.py:137} INFO - [2023-04-22T02:04:14.823+0800] {dag.py:2705} INFO - Sync 1 DAGs
[2023-04-22T02:04:14.833+0800] {logging_mixin.py:137} INFO - [2023-04-22T02:04:14.833+0800] {dag.py:3452} INFO - Setting next_dagrun for tutorial_taskflow_api to None, run_after=None
[2023-04-22T02:04:14.851+0800] {processor.py:175} INFO - Processing /home/gerardsho/airflow_env/lib/python3.8/site-packages/airflow/example_dags/tutorial_taskflow_api.py took 0.058 seconds
[2023-04-22T02:04:55.758+0800] {processor.py:153} INFO - Started process (PID=3804) to work on /home/gerardsho/airflow_env/lib/python3.8/site-packages/airflow/example_dags/tutorial_taskflow_api.py
[2023-04-22T02:04:55.759+0800] {processor.py:743} INFO - Processing file /home/gerardsho/airflow_env/lib/python3.8/site-packages/airflow/example_dags/tutorial_taskflow_api.py for tasks to queue
[2023-04-22T02:04:55.760+0800] {logging_mixin.py:137} INFO - [2023-04-22T02:04:55.760+0800] {dagbag.py:532} INFO - Filling up the DagBag from /home/gerardsho/airflow_env/lib/python3.8/site-packages/airflow/example_dags/tutorial_taskflow_api.py
[2023-04-22T02:04:55.778+0800] {processor.py:753} INFO - DAG(s) dict_keys(['tutorial_taskflow_api']) retrieved from /home/gerardsho/airflow_env/lib/python3.8/site-packages/airflow/example_dags/tutorial_taskflow_api.py
[2023-04-22T02:04:55.793+0800] {logging_mixin.py:137} INFO - [2023-04-22T02:04:55.793+0800] {dag.py:2705} INFO - Sync 1 DAGs
[2023-04-22T02:04:55.805+0800] {logging_mixin.py:137} INFO - [2023-04-22T02:04:55.804+0800] {dag.py:3452} INFO - Setting next_dagrun for tutorial_taskflow_api to None, run_after=None
[2023-04-22T02:04:55.822+0800] {processor.py:175} INFO - Processing /home/gerardsho/airflow_env/lib/python3.8/site-packages/airflow/example_dags/tutorial_taskflow_api.py took 0.067 seconds
