[2023-04-22T01:48:34.364+0800] {processor.py:153} INFO - Started process (PID=2738) to work on /home/gerardsho/airflow_env/lib/python3.8/site-packages/airflow/example_dags/tutorial_dag.py
[2023-04-22T01:48:34.365+0800] {processor.py:743} INFO - Processing file /home/gerardsho/airflow_env/lib/python3.8/site-packages/airflow/example_dags/tutorial_dag.py for tasks to queue
[2023-04-22T01:48:34.365+0800] {logging_mixin.py:137} INFO - [2023-04-22T01:48:34.365+0800] {dagbag.py:532} INFO - Filling up the DagBag from /home/gerardsho/airflow_env/lib/python3.8/site-packages/airflow/example_dags/tutorial_dag.py
[2023-04-22T01:48:34.375+0800] {processor.py:753} INFO - DAG(s) dict_keys(['tutorial_dag']) retrieved from /home/gerardsho/airflow_env/lib/python3.8/site-packages/airflow/example_dags/tutorial_dag.py
[2023-04-22T01:48:34.597+0800] {logging_mixin.py:137} INFO - [2023-04-22T01:48:34.597+0800] {manager.py:504} INFO - Created Permission View: can edit on DAG:tutorial_dag
[2023-04-22T01:48:34.673+0800] {logging_mixin.py:137} INFO - [2023-04-22T01:48:34.672+0800] {manager.py:504} INFO - Created Permission View: can delete on DAG:tutorial_dag
[2023-04-22T01:48:34.727+0800] {logging_mixin.py:137} INFO - [2023-04-22T01:48:34.727+0800] {manager.py:504} INFO - Created Permission View: can read on DAG:tutorial_dag
[2023-04-22T01:48:34.728+0800] {logging_mixin.py:137} INFO - [2023-04-22T01:48:34.728+0800] {dag.py:2705} INFO - Sync 1 DAGs
[2023-04-22T01:48:34.738+0800] {logging_mixin.py:137} INFO - [2023-04-22T01:48:34.738+0800] {dag.py:2726} INFO - Creating ORM DAG for tutorial_dag
[2023-04-22T01:48:34.742+0800] {logging_mixin.py:137} INFO - [2023-04-22T01:48:34.742+0800] {dag.py:3452} INFO - Setting next_dagrun for tutorial_dag to None, run_after=None
[2023-04-22T01:48:34.840+0800] {processor.py:175} INFO - Processing /home/gerardsho/airflow_env/lib/python3.8/site-packages/airflow/example_dags/tutorial_dag.py took 0.478 seconds
[2023-04-22T01:49:21.929+0800] {processor.py:153} INFO - Started process (PID=2781) to work on /home/gerardsho/airflow_env/lib/python3.8/site-packages/airflow/example_dags/tutorial_dag.py
[2023-04-22T01:49:21.932+0800] {processor.py:743} INFO - Processing file /home/gerardsho/airflow_env/lib/python3.8/site-packages/airflow/example_dags/tutorial_dag.py for tasks to queue
[2023-04-22T01:49:21.933+0800] {logging_mixin.py:137} INFO - [2023-04-22T01:49:21.933+0800] {dagbag.py:532} INFO - Filling up the DagBag from /home/gerardsho/airflow_env/lib/python3.8/site-packages/airflow/example_dags/tutorial_dag.py
[2023-04-22T01:49:21.940+0800] {processor.py:753} INFO - DAG(s) dict_keys(['tutorial_dag']) retrieved from /home/gerardsho/airflow_env/lib/python3.8/site-packages/airflow/example_dags/tutorial_dag.py
[2023-04-22T01:49:21.952+0800] {logging_mixin.py:137} INFO - [2023-04-22T01:49:21.952+0800] {dag.py:2705} INFO - Sync 1 DAGs
[2023-04-22T01:49:21.963+0800] {logging_mixin.py:137} INFO - [2023-04-22T01:49:21.963+0800] {dag.py:3452} INFO - Setting next_dagrun for tutorial_dag to None, run_after=None
[2023-04-22T01:49:21.979+0800] {processor.py:175} INFO - Processing /home/gerardsho/airflow_env/lib/python3.8/site-packages/airflow/example_dags/tutorial_dag.py took 0.052 seconds
[2023-04-22T01:50:02.524+0800] {processor.py:153} INFO - Started process (PID=2824) to work on /home/gerardsho/airflow_env/lib/python3.8/site-packages/airflow/example_dags/tutorial_dag.py
[2023-04-22T01:50:02.527+0800] {processor.py:743} INFO - Processing file /home/gerardsho/airflow_env/lib/python3.8/site-packages/airflow/example_dags/tutorial_dag.py for tasks to queue
[2023-04-22T01:50:02.528+0800] {logging_mixin.py:137} INFO - [2023-04-22T01:50:02.528+0800] {dagbag.py:532} INFO - Filling up the DagBag from /home/gerardsho/airflow_env/lib/python3.8/site-packages/airflow/example_dags/tutorial_dag.py
[2023-04-22T01:50:02.536+0800] {processor.py:753} INFO - DAG(s) dict_keys(['tutorial_dag']) retrieved from /home/gerardsho/airflow_env/lib/python3.8/site-packages/airflow/example_dags/tutorial_dag.py
[2023-04-22T01:50:02.547+0800] {logging_mixin.py:137} INFO - [2023-04-22T01:50:02.547+0800] {dag.py:2705} INFO - Sync 1 DAGs
[2023-04-22T01:50:02.559+0800] {logging_mixin.py:137} INFO - [2023-04-22T01:50:02.559+0800] {dag.py:3452} INFO - Setting next_dagrun for tutorial_dag to None, run_after=None
[2023-04-22T01:50:02.577+0800] {processor.py:175} INFO - Processing /home/gerardsho/airflow_env/lib/python3.8/site-packages/airflow/example_dags/tutorial_dag.py took 0.055 seconds
[2023-04-22T01:50:42.472+0800] {processor.py:153} INFO - Started process (PID=2870) to work on /home/gerardsho/airflow_env/lib/python3.8/site-packages/airflow/example_dags/tutorial_dag.py
[2023-04-22T01:50:42.473+0800] {processor.py:743} INFO - Processing file /home/gerardsho/airflow_env/lib/python3.8/site-packages/airflow/example_dags/tutorial_dag.py for tasks to queue
[2023-04-22T01:50:42.473+0800] {logging_mixin.py:137} INFO - [2023-04-22T01:50:42.473+0800] {dagbag.py:532} INFO - Filling up the DagBag from /home/gerardsho/airflow_env/lib/python3.8/site-packages/airflow/example_dags/tutorial_dag.py
[2023-04-22T01:50:42.481+0800] {processor.py:753} INFO - DAG(s) dict_keys(['tutorial_dag']) retrieved from /home/gerardsho/airflow_env/lib/python3.8/site-packages/airflow/example_dags/tutorial_dag.py
[2023-04-22T01:50:42.492+0800] {logging_mixin.py:137} INFO - [2023-04-22T01:50:42.492+0800] {dag.py:2705} INFO - Sync 1 DAGs
[2023-04-22T01:50:42.503+0800] {logging_mixin.py:137} INFO - [2023-04-22T01:50:42.503+0800] {dag.py:3452} INFO - Setting next_dagrun for tutorial_dag to None, run_after=None
[2023-04-22T01:50:42.521+0800] {processor.py:175} INFO - Processing /home/gerardsho/airflow_env/lib/python3.8/site-packages/airflow/example_dags/tutorial_dag.py took 0.051 seconds
[2023-04-22T01:51:23.651+0800] {processor.py:153} INFO - Started process (PID=2925) to work on /home/gerardsho/airflow_env/lib/python3.8/site-packages/airflow/example_dags/tutorial_dag.py
[2023-04-22T01:51:23.654+0800] {processor.py:743} INFO - Processing file /home/gerardsho/airflow_env/lib/python3.8/site-packages/airflow/example_dags/tutorial_dag.py for tasks to queue
[2023-04-22T01:51:23.654+0800] {logging_mixin.py:137} INFO - [2023-04-22T01:51:23.654+0800] {dagbag.py:532} INFO - Filling up the DagBag from /home/gerardsho/airflow_env/lib/python3.8/site-packages/airflow/example_dags/tutorial_dag.py
[2023-04-22T01:51:23.661+0800] {processor.py:753} INFO - DAG(s) dict_keys(['tutorial_dag']) retrieved from /home/gerardsho/airflow_env/lib/python3.8/site-packages/airflow/example_dags/tutorial_dag.py
[2023-04-22T01:51:23.672+0800] {logging_mixin.py:137} INFO - [2023-04-22T01:51:23.672+0800] {dag.py:2705} INFO - Sync 1 DAGs
[2023-04-22T01:51:23.683+0800] {logging_mixin.py:137} INFO - [2023-04-22T01:51:23.683+0800] {dag.py:3452} INFO - Setting next_dagrun for tutorial_dag to None, run_after=None
[2023-04-22T01:51:23.706+0800] {processor.py:175} INFO - Processing /home/gerardsho/airflow_env/lib/python3.8/site-packages/airflow/example_dags/tutorial_dag.py took 0.058 seconds
[2023-04-22T01:52:05.846+0800] {processor.py:153} INFO - Started process (PID=2975) to work on /home/gerardsho/airflow_env/lib/python3.8/site-packages/airflow/example_dags/tutorial_dag.py
[2023-04-22T01:52:05.847+0800] {processor.py:743} INFO - Processing file /home/gerardsho/airflow_env/lib/python3.8/site-packages/airflow/example_dags/tutorial_dag.py for tasks to queue
[2023-04-22T01:52:05.848+0800] {logging_mixin.py:137} INFO - [2023-04-22T01:52:05.848+0800] {dagbag.py:532} INFO - Filling up the DagBag from /home/gerardsho/airflow_env/lib/python3.8/site-packages/airflow/example_dags/tutorial_dag.py
[2023-04-22T01:52:05.856+0800] {processor.py:753} INFO - DAG(s) dict_keys(['tutorial_dag']) retrieved from /home/gerardsho/airflow_env/lib/python3.8/site-packages/airflow/example_dags/tutorial_dag.py
[2023-04-22T01:52:05.869+0800] {logging_mixin.py:137} INFO - [2023-04-22T01:52:05.869+0800] {dag.py:2705} INFO - Sync 1 DAGs
[2023-04-22T01:52:05.881+0800] {logging_mixin.py:137} INFO - [2023-04-22T01:52:05.881+0800] {dag.py:3452} INFO - Setting next_dagrun for tutorial_dag to None, run_after=None
[2023-04-22T01:52:05.898+0800] {processor.py:175} INFO - Processing /home/gerardsho/airflow_env/lib/python3.8/site-packages/airflow/example_dags/tutorial_dag.py took 0.055 seconds
[2023-04-22T01:52:45.740+0800] {processor.py:153} INFO - Started process (PID=3017) to work on /home/gerardsho/airflow_env/lib/python3.8/site-packages/airflow/example_dags/tutorial_dag.py
[2023-04-22T01:52:45.744+0800] {processor.py:743} INFO - Processing file /home/gerardsho/airflow_env/lib/python3.8/site-packages/airflow/example_dags/tutorial_dag.py for tasks to queue
[2023-04-22T01:52:45.745+0800] {logging_mixin.py:137} INFO - [2023-04-22T01:52:45.745+0800] {dagbag.py:532} INFO - Filling up the DagBag from /home/gerardsho/airflow_env/lib/python3.8/site-packages/airflow/example_dags/tutorial_dag.py
[2023-04-22T01:52:45.753+0800] {processor.py:753} INFO - DAG(s) dict_keys(['tutorial_dag']) retrieved from /home/gerardsho/airflow_env/lib/python3.8/site-packages/airflow/example_dags/tutorial_dag.py
[2023-04-22T01:52:45.765+0800] {logging_mixin.py:137} INFO - [2023-04-22T01:52:45.765+0800] {dag.py:2705} INFO - Sync 1 DAGs
[2023-04-22T01:52:45.775+0800] {logging_mixin.py:137} INFO - [2023-04-22T01:52:45.775+0800] {dag.py:3452} INFO - Setting next_dagrun for tutorial_dag to None, run_after=None
[2023-04-22T01:52:45.793+0800] {processor.py:175} INFO - Processing /home/gerardsho/airflow_env/lib/python3.8/site-packages/airflow/example_dags/tutorial_dag.py took 0.055 seconds
[2023-04-22T01:53:26.937+0800] {processor.py:153} INFO - Started process (PID=3059) to work on /home/gerardsho/airflow_env/lib/python3.8/site-packages/airflow/example_dags/tutorial_dag.py
[2023-04-22T01:53:26.940+0800] {processor.py:743} INFO - Processing file /home/gerardsho/airflow_env/lib/python3.8/site-packages/airflow/example_dags/tutorial_dag.py for tasks to queue
[2023-04-22T01:53:26.940+0800] {logging_mixin.py:137} INFO - [2023-04-22T01:53:26.940+0800] {dagbag.py:532} INFO - Filling up the DagBag from /home/gerardsho/airflow_env/lib/python3.8/site-packages/airflow/example_dags/tutorial_dag.py
[2023-04-22T01:53:26.948+0800] {processor.py:753} INFO - DAG(s) dict_keys(['tutorial_dag']) retrieved from /home/gerardsho/airflow_env/lib/python3.8/site-packages/airflow/example_dags/tutorial_dag.py
[2023-04-22T01:53:26.960+0800] {logging_mixin.py:137} INFO - [2023-04-22T01:53:26.960+0800] {dag.py:2705} INFO - Sync 1 DAGs
[2023-04-22T01:53:26.971+0800] {logging_mixin.py:137} INFO - [2023-04-22T01:53:26.970+0800] {dag.py:3452} INFO - Setting next_dagrun for tutorial_dag to None, run_after=None
[2023-04-22T01:53:26.987+0800] {processor.py:175} INFO - Processing /home/gerardsho/airflow_env/lib/python3.8/site-packages/airflow/example_dags/tutorial_dag.py took 0.053 seconds
[2023-04-22T01:54:06.960+0800] {processor.py:153} INFO - Started process (PID=3101) to work on /home/gerardsho/airflow_env/lib/python3.8/site-packages/airflow/example_dags/tutorial_dag.py
[2023-04-22T01:54:06.963+0800] {processor.py:743} INFO - Processing file /home/gerardsho/airflow_env/lib/python3.8/site-packages/airflow/example_dags/tutorial_dag.py for tasks to queue
[2023-04-22T01:54:06.963+0800] {logging_mixin.py:137} INFO - [2023-04-22T01:54:06.963+0800] {dagbag.py:532} INFO - Filling up the DagBag from /home/gerardsho/airflow_env/lib/python3.8/site-packages/airflow/example_dags/tutorial_dag.py
[2023-04-22T01:54:06.970+0800] {processor.py:753} INFO - DAG(s) dict_keys(['tutorial_dag']) retrieved from /home/gerardsho/airflow_env/lib/python3.8/site-packages/airflow/example_dags/tutorial_dag.py
[2023-04-22T01:54:06.981+0800] {logging_mixin.py:137} INFO - [2023-04-22T01:54:06.981+0800] {dag.py:2705} INFO - Sync 1 DAGs
[2023-04-22T01:54:06.992+0800] {logging_mixin.py:137} INFO - [2023-04-22T01:54:06.992+0800] {dag.py:3452} INFO - Setting next_dagrun for tutorial_dag to None, run_after=None
[2023-04-22T01:54:07.009+0800] {processor.py:175} INFO - Processing /home/gerardsho/airflow_env/lib/python3.8/site-packages/airflow/example_dags/tutorial_dag.py took 0.051 seconds
[2023-04-22T01:54:46.861+0800] {processor.py:153} INFO - Started process (PID=3146) to work on /home/gerardsho/airflow_env/lib/python3.8/site-packages/airflow/example_dags/tutorial_dag.py
[2023-04-22T01:54:46.864+0800] {processor.py:743} INFO - Processing file /home/gerardsho/airflow_env/lib/python3.8/site-packages/airflow/example_dags/tutorial_dag.py for tasks to queue
[2023-04-22T01:54:46.865+0800] {logging_mixin.py:137} INFO - [2023-04-22T01:54:46.865+0800] {dagbag.py:532} INFO - Filling up the DagBag from /home/gerardsho/airflow_env/lib/python3.8/site-packages/airflow/example_dags/tutorial_dag.py
[2023-04-22T01:54:46.872+0800] {processor.py:753} INFO - DAG(s) dict_keys(['tutorial_dag']) retrieved from /home/gerardsho/airflow_env/lib/python3.8/site-packages/airflow/example_dags/tutorial_dag.py
[2023-04-22T01:54:46.884+0800] {logging_mixin.py:137} INFO - [2023-04-22T01:54:46.883+0800] {dag.py:2705} INFO - Sync 1 DAGs
[2023-04-22T01:54:46.894+0800] {logging_mixin.py:137} INFO - [2023-04-22T01:54:46.894+0800] {dag.py:3452} INFO - Setting next_dagrun for tutorial_dag to None, run_after=None
[2023-04-22T01:54:46.910+0800] {processor.py:175} INFO - Processing /home/gerardsho/airflow_env/lib/python3.8/site-packages/airflow/example_dags/tutorial_dag.py took 0.050 seconds
[2023-04-22T01:55:29.063+0800] {processor.py:153} INFO - Started process (PID=3192) to work on /home/gerardsho/airflow_env/lib/python3.8/site-packages/airflow/example_dags/tutorial_dag.py
[2023-04-22T01:55:29.066+0800] {processor.py:743} INFO - Processing file /home/gerardsho/airflow_env/lib/python3.8/site-packages/airflow/example_dags/tutorial_dag.py for tasks to queue
[2023-04-22T01:55:29.066+0800] {logging_mixin.py:137} INFO - [2023-04-22T01:55:29.066+0800] {dagbag.py:532} INFO - Filling up the DagBag from /home/gerardsho/airflow_env/lib/python3.8/site-packages/airflow/example_dags/tutorial_dag.py
[2023-04-22T01:55:29.074+0800] {processor.py:753} INFO - DAG(s) dict_keys(['tutorial_dag']) retrieved from /home/gerardsho/airflow_env/lib/python3.8/site-packages/airflow/example_dags/tutorial_dag.py
[2023-04-22T01:55:29.087+0800] {logging_mixin.py:137} INFO - [2023-04-22T01:55:29.087+0800] {dag.py:2705} INFO - Sync 1 DAGs
[2023-04-22T01:55:29.099+0800] {logging_mixin.py:137} INFO - [2023-04-22T01:55:29.099+0800] {dag.py:3452} INFO - Setting next_dagrun for tutorial_dag to None, run_after=None
[2023-04-22T01:55:29.118+0800] {processor.py:175} INFO - Processing /home/gerardsho/airflow_env/lib/python3.8/site-packages/airflow/example_dags/tutorial_dag.py took 0.057 seconds
[2023-04-22T01:56:09.033+0800] {processor.py:153} INFO - Started process (PID=3238) to work on /home/gerardsho/airflow_env/lib/python3.8/site-packages/airflow/example_dags/tutorial_dag.py
[2023-04-22T01:56:09.036+0800] {processor.py:743} INFO - Processing file /home/gerardsho/airflow_env/lib/python3.8/site-packages/airflow/example_dags/tutorial_dag.py for tasks to queue
[2023-04-22T01:56:09.037+0800] {logging_mixin.py:137} INFO - [2023-04-22T01:56:09.037+0800] {dagbag.py:532} INFO - Filling up the DagBag from /home/gerardsho/airflow_env/lib/python3.8/site-packages/airflow/example_dags/tutorial_dag.py
[2023-04-22T01:56:09.045+0800] {processor.py:753} INFO - DAG(s) dict_keys(['tutorial_dag']) retrieved from /home/gerardsho/airflow_env/lib/python3.8/site-packages/airflow/example_dags/tutorial_dag.py
[2023-04-22T01:56:09.056+0800] {logging_mixin.py:137} INFO - [2023-04-22T01:56:09.056+0800] {dag.py:2705} INFO - Sync 1 DAGs
[2023-04-22T01:56:09.066+0800] {logging_mixin.py:137} INFO - [2023-04-22T01:56:09.066+0800] {dag.py:3452} INFO - Setting next_dagrun for tutorial_dag to None, run_after=None
[2023-04-22T01:56:09.083+0800] {processor.py:175} INFO - Processing /home/gerardsho/airflow_env/lib/python3.8/site-packages/airflow/example_dags/tutorial_dag.py took 0.053 seconds
[2023-04-22T01:56:50.149+0800] {processor.py:153} INFO - Started process (PID=3284) to work on /home/gerardsho/airflow_env/lib/python3.8/site-packages/airflow/example_dags/tutorial_dag.py
[2023-04-22T01:56:50.150+0800] {processor.py:743} INFO - Processing file /home/gerardsho/airflow_env/lib/python3.8/site-packages/airflow/example_dags/tutorial_dag.py for tasks to queue
[2023-04-22T01:56:50.151+0800] {logging_mixin.py:137} INFO - [2023-04-22T01:56:50.151+0800] {dagbag.py:532} INFO - Filling up the DagBag from /home/gerardsho/airflow_env/lib/python3.8/site-packages/airflow/example_dags/tutorial_dag.py
[2023-04-22T01:56:50.161+0800] {processor.py:753} INFO - DAG(s) dict_keys(['tutorial_dag']) retrieved from /home/gerardsho/airflow_env/lib/python3.8/site-packages/airflow/example_dags/tutorial_dag.py
[2023-04-22T01:56:50.177+0800] {logging_mixin.py:137} INFO - [2023-04-22T01:56:50.177+0800] {dag.py:2705} INFO - Sync 1 DAGs
[2023-04-22T01:56:50.191+0800] {logging_mixin.py:137} INFO - [2023-04-22T01:56:50.191+0800] {dag.py:3452} INFO - Setting next_dagrun for tutorial_dag to None, run_after=None
[2023-04-22T01:56:50.209+0800] {processor.py:175} INFO - Processing /home/gerardsho/airflow_env/lib/python3.8/site-packages/airflow/example_dags/tutorial_dag.py took 0.063 seconds
[2023-04-22T01:57:29.553+0800] {processor.py:153} INFO - Started process (PID=3331) to work on /home/gerardsho/airflow_env/lib/python3.8/site-packages/airflow/example_dags/tutorial_dag.py
[2023-04-22T01:57:29.556+0800] {processor.py:743} INFO - Processing file /home/gerardsho/airflow_env/lib/python3.8/site-packages/airflow/example_dags/tutorial_dag.py for tasks to queue
[2023-04-22T01:57:29.557+0800] {logging_mixin.py:137} INFO - [2023-04-22T01:57:29.557+0800] {dagbag.py:532} INFO - Filling up the DagBag from /home/gerardsho/airflow_env/lib/python3.8/site-packages/airflow/example_dags/tutorial_dag.py
[2023-04-22T01:57:29.565+0800] {processor.py:753} INFO - DAG(s) dict_keys(['tutorial_dag']) retrieved from /home/gerardsho/airflow_env/lib/python3.8/site-packages/airflow/example_dags/tutorial_dag.py
[2023-04-22T01:57:29.576+0800] {logging_mixin.py:137} INFO - [2023-04-22T01:57:29.576+0800] {dag.py:2705} INFO - Sync 1 DAGs
[2023-04-22T01:57:29.587+0800] {logging_mixin.py:137} INFO - [2023-04-22T01:57:29.587+0800] {dag.py:3452} INFO - Setting next_dagrun for tutorial_dag to None, run_after=None
[2023-04-22T01:57:29.605+0800] {processor.py:175} INFO - Processing /home/gerardsho/airflow_env/lib/python3.8/site-packages/airflow/example_dags/tutorial_dag.py took 0.054 seconds
[2023-04-22T01:58:10.836+0800] {processor.py:153} INFO - Started process (PID=3380) to work on /home/gerardsho/airflow_env/lib/python3.8/site-packages/airflow/example_dags/tutorial_dag.py
[2023-04-22T01:58:10.837+0800] {processor.py:743} INFO - Processing file /home/gerardsho/airflow_env/lib/python3.8/site-packages/airflow/example_dags/tutorial_dag.py for tasks to queue
[2023-04-22T01:58:10.838+0800] {logging_mixin.py:137} INFO - [2023-04-22T01:58:10.838+0800] {dagbag.py:532} INFO - Filling up the DagBag from /home/gerardsho/airflow_env/lib/python3.8/site-packages/airflow/example_dags/tutorial_dag.py
[2023-04-22T01:58:10.850+0800] {processor.py:753} INFO - DAG(s) dict_keys(['tutorial_dag']) retrieved from /home/gerardsho/airflow_env/lib/python3.8/site-packages/airflow/example_dags/tutorial_dag.py
[2023-04-22T01:58:10.868+0800] {logging_mixin.py:137} INFO - [2023-04-22T01:58:10.868+0800] {dag.py:2705} INFO - Sync 1 DAGs
[2023-04-22T01:58:10.888+0800] {logging_mixin.py:137} INFO - [2023-04-22T01:58:10.888+0800] {dag.py:3452} INFO - Setting next_dagrun for tutorial_dag to None, run_after=None
[2023-04-22T01:58:10.917+0800] {processor.py:175} INFO - Processing /home/gerardsho/airflow_env/lib/python3.8/site-packages/airflow/example_dags/tutorial_dag.py took 0.083 seconds
[2023-04-22T01:58:52.219+0800] {processor.py:153} INFO - Started process (PID=3422) to work on /home/gerardsho/airflow_env/lib/python3.8/site-packages/airflow/example_dags/tutorial_dag.py
[2023-04-22T01:58:52.222+0800] {processor.py:743} INFO - Processing file /home/gerardsho/airflow_env/lib/python3.8/site-packages/airflow/example_dags/tutorial_dag.py for tasks to queue
[2023-04-22T01:58:52.223+0800] {logging_mixin.py:137} INFO - [2023-04-22T01:58:52.223+0800] {dagbag.py:532} INFO - Filling up the DagBag from /home/gerardsho/airflow_env/lib/python3.8/site-packages/airflow/example_dags/tutorial_dag.py
[2023-04-22T01:58:52.230+0800] {processor.py:753} INFO - DAG(s) dict_keys(['tutorial_dag']) retrieved from /home/gerardsho/airflow_env/lib/python3.8/site-packages/airflow/example_dags/tutorial_dag.py
[2023-04-22T01:58:52.241+0800] {logging_mixin.py:137} INFO - [2023-04-22T01:58:52.241+0800] {dag.py:2705} INFO - Sync 1 DAGs
[2023-04-22T01:58:52.251+0800] {logging_mixin.py:137} INFO - [2023-04-22T01:58:52.251+0800] {dag.py:3452} INFO - Setting next_dagrun for tutorial_dag to None, run_after=None
[2023-04-22T01:58:52.268+0800] {processor.py:175} INFO - Processing /home/gerardsho/airflow_env/lib/python3.8/site-packages/airflow/example_dags/tutorial_dag.py took 0.051 seconds
[2023-04-22T01:59:32.090+0800] {processor.py:153} INFO - Started process (PID=3464) to work on /home/gerardsho/airflow_env/lib/python3.8/site-packages/airflow/example_dags/tutorial_dag.py
[2023-04-22T01:59:32.093+0800] {processor.py:743} INFO - Processing file /home/gerardsho/airflow_env/lib/python3.8/site-packages/airflow/example_dags/tutorial_dag.py for tasks to queue
[2023-04-22T01:59:32.093+0800] {logging_mixin.py:137} INFO - [2023-04-22T01:59:32.093+0800] {dagbag.py:532} INFO - Filling up the DagBag from /home/gerardsho/airflow_env/lib/python3.8/site-packages/airflow/example_dags/tutorial_dag.py
[2023-04-22T01:59:32.101+0800] {processor.py:753} INFO - DAG(s) dict_keys(['tutorial_dag']) retrieved from /home/gerardsho/airflow_env/lib/python3.8/site-packages/airflow/example_dags/tutorial_dag.py
[2023-04-22T01:59:32.112+0800] {logging_mixin.py:137} INFO - [2023-04-22T01:59:32.111+0800] {dag.py:2705} INFO - Sync 1 DAGs
[2023-04-22T01:59:32.122+0800] {logging_mixin.py:137} INFO - [2023-04-22T01:59:32.122+0800] {dag.py:3452} INFO - Setting next_dagrun for tutorial_dag to None, run_after=None
[2023-04-22T01:59:32.138+0800] {processor.py:175} INFO - Processing /home/gerardsho/airflow_env/lib/python3.8/site-packages/airflow/example_dags/tutorial_dag.py took 0.050 seconds
[2023-04-22T02:00:45.472+0800] {processor.py:153} INFO - Started process (PID=3521) to work on /home/gerardsho/airflow_env/lib/python3.8/site-packages/airflow/example_dags/tutorial_dag.py
[2023-04-22T02:00:45.475+0800] {processor.py:743} INFO - Processing file /home/gerardsho/airflow_env/lib/python3.8/site-packages/airflow/example_dags/tutorial_dag.py for tasks to queue
[2023-04-22T02:00:45.475+0800] {logging_mixin.py:137} INFO - [2023-04-22T02:00:45.475+0800] {dagbag.py:532} INFO - Filling up the DagBag from /home/gerardsho/airflow_env/lib/python3.8/site-packages/airflow/example_dags/tutorial_dag.py
[2023-04-22T02:00:45.483+0800] {processor.py:753} INFO - DAG(s) dict_keys(['tutorial_dag']) retrieved from /home/gerardsho/airflow_env/lib/python3.8/site-packages/airflow/example_dags/tutorial_dag.py
[2023-04-22T02:00:45.550+0800] {logging_mixin.py:137} INFO - [2023-04-22T02:00:45.550+0800] {manager.py:504} INFO - Created Permission View: can edit on DAG:tutorial_dag
[2023-04-22T02:00:45.564+0800] {logging_mixin.py:137} INFO - [2023-04-22T02:00:45.563+0800] {manager.py:504} INFO - Created Permission View: can delete on DAG:tutorial_dag
[2023-04-22T02:00:45.576+0800] {logging_mixin.py:137} INFO - [2023-04-22T02:00:45.576+0800] {manager.py:504} INFO - Created Permission View: can read on DAG:tutorial_dag
[2023-04-22T02:00:45.576+0800] {logging_mixin.py:137} INFO - [2023-04-22T02:00:45.576+0800] {dag.py:2705} INFO - Sync 1 DAGs
[2023-04-22T02:00:45.582+0800] {logging_mixin.py:137} INFO - [2023-04-22T02:00:45.581+0800] {dag.py:2726} INFO - Creating ORM DAG for tutorial_dag
[2023-04-22T02:00:45.586+0800] {logging_mixin.py:137} INFO - [2023-04-22T02:00:45.586+0800] {dag.py:3452} INFO - Setting next_dagrun for tutorial_dag to None, run_after=None
[2023-04-22T02:00:45.602+0800] {processor.py:175} INFO - Processing /home/gerardsho/airflow_env/lib/python3.8/site-packages/airflow/example_dags/tutorial_dag.py took 0.132 seconds
[2023-04-22T02:01:28.330+0800] {processor.py:153} INFO - Started process (PID=3571) to work on /home/gerardsho/airflow_env/lib/python3.8/site-packages/airflow/example_dags/tutorial_dag.py
[2023-04-22T02:01:28.333+0800] {processor.py:743} INFO - Processing file /home/gerardsho/airflow_env/lib/python3.8/site-packages/airflow/example_dags/tutorial_dag.py for tasks to queue
[2023-04-22T02:01:28.334+0800] {logging_mixin.py:137} INFO - [2023-04-22T02:01:28.334+0800] {dagbag.py:532} INFO - Filling up the DagBag from /home/gerardsho/airflow_env/lib/python3.8/site-packages/airflow/example_dags/tutorial_dag.py
[2023-04-22T02:01:28.341+0800] {processor.py:753} INFO - DAG(s) dict_keys(['tutorial_dag']) retrieved from /home/gerardsho/airflow_env/lib/python3.8/site-packages/airflow/example_dags/tutorial_dag.py
[2023-04-22T02:01:28.355+0800] {logging_mixin.py:137} INFO - [2023-04-22T02:01:28.355+0800] {dag.py:2705} INFO - Sync 1 DAGs
[2023-04-22T02:01:28.367+0800] {logging_mixin.py:137} INFO - [2023-04-22T02:01:28.367+0800] {dag.py:3452} INFO - Setting next_dagrun for tutorial_dag to None, run_after=None
[2023-04-22T02:01:28.384+0800] {processor.py:175} INFO - Processing /home/gerardsho/airflow_env/lib/python3.8/site-packages/airflow/example_dags/tutorial_dag.py took 0.056 seconds
[2023-04-22T02:02:09.135+0800] {processor.py:153} INFO - Started process (PID=3613) to work on /home/gerardsho/airflow_env/lib/python3.8/site-packages/airflow/example_dags/tutorial_dag.py
[2023-04-22T02:02:09.138+0800] {processor.py:743} INFO - Processing file /home/gerardsho/airflow_env/lib/python3.8/site-packages/airflow/example_dags/tutorial_dag.py for tasks to queue
[2023-04-22T02:02:09.139+0800] {logging_mixin.py:137} INFO - [2023-04-22T02:02:09.139+0800] {dagbag.py:532} INFO - Filling up the DagBag from /home/gerardsho/airflow_env/lib/python3.8/site-packages/airflow/example_dags/tutorial_dag.py
[2023-04-22T02:02:09.148+0800] {processor.py:753} INFO - DAG(s) dict_keys(['tutorial_dag']) retrieved from /home/gerardsho/airflow_env/lib/python3.8/site-packages/airflow/example_dags/tutorial_dag.py
[2023-04-22T02:02:09.161+0800] {logging_mixin.py:137} INFO - [2023-04-22T02:02:09.161+0800] {dag.py:2705} INFO - Sync 1 DAGs
[2023-04-22T02:02:09.174+0800] {logging_mixin.py:137} INFO - [2023-04-22T02:02:09.174+0800] {dag.py:3452} INFO - Setting next_dagrun for tutorial_dag to None, run_after=None
[2023-04-22T02:02:09.203+0800] {processor.py:175} INFO - Processing /home/gerardsho/airflow_env/lib/python3.8/site-packages/airflow/example_dags/tutorial_dag.py took 0.069 seconds
[2023-04-22T02:02:50.673+0800] {processor.py:153} INFO - Started process (PID=3665) to work on /home/gerardsho/airflow_env/lib/python3.8/site-packages/airflow/example_dags/tutorial_dag.py
[2023-04-22T02:02:50.676+0800] {processor.py:743} INFO - Processing file /home/gerardsho/airflow_env/lib/python3.8/site-packages/airflow/example_dags/tutorial_dag.py for tasks to queue
[2023-04-22T02:02:50.676+0800] {logging_mixin.py:137} INFO - [2023-04-22T02:02:50.676+0800] {dagbag.py:532} INFO - Filling up the DagBag from /home/gerardsho/airflow_env/lib/python3.8/site-packages/airflow/example_dags/tutorial_dag.py
[2023-04-22T02:02:50.684+0800] {processor.py:753} INFO - DAG(s) dict_keys(['tutorial_dag']) retrieved from /home/gerardsho/airflow_env/lib/python3.8/site-packages/airflow/example_dags/tutorial_dag.py
[2023-04-22T02:02:50.697+0800] {logging_mixin.py:137} INFO - [2023-04-22T02:02:50.697+0800] {dag.py:2705} INFO - Sync 1 DAGs
[2023-04-22T02:02:50.707+0800] {logging_mixin.py:137} INFO - [2023-04-22T02:02:50.707+0800] {dag.py:3452} INFO - Setting next_dagrun for tutorial_dag to None, run_after=None
[2023-04-22T02:02:50.726+0800] {processor.py:175} INFO - Processing /home/gerardsho/airflow_env/lib/python3.8/site-packages/airflow/example_dags/tutorial_dag.py took 0.056 seconds
[2023-04-22T02:03:32.359+0800] {processor.py:153} INFO - Started process (PID=3713) to work on /home/gerardsho/airflow_env/lib/python3.8/site-packages/airflow/example_dags/tutorial_dag.py
[2023-04-22T02:03:32.363+0800] {processor.py:743} INFO - Processing file /home/gerardsho/airflow_env/lib/python3.8/site-packages/airflow/example_dags/tutorial_dag.py for tasks to queue
[2023-04-22T02:03:32.363+0800] {logging_mixin.py:137} INFO - [2023-04-22T02:03:32.363+0800] {dagbag.py:532} INFO - Filling up the DagBag from /home/gerardsho/airflow_env/lib/python3.8/site-packages/airflow/example_dags/tutorial_dag.py
[2023-04-22T02:03:32.372+0800] {processor.py:753} INFO - DAG(s) dict_keys(['tutorial_dag']) retrieved from /home/gerardsho/airflow_env/lib/python3.8/site-packages/airflow/example_dags/tutorial_dag.py
[2023-04-22T02:03:32.387+0800] {logging_mixin.py:137} INFO - [2023-04-22T02:03:32.387+0800] {dag.py:2705} INFO - Sync 1 DAGs
[2023-04-22T02:03:32.401+0800] {logging_mixin.py:137} INFO - [2023-04-22T02:03:32.401+0800] {dag.py:3452} INFO - Setting next_dagrun for tutorial_dag to None, run_after=None
[2023-04-22T02:03:32.420+0800] {processor.py:175} INFO - Processing /home/gerardsho/airflow_env/lib/python3.8/site-packages/airflow/example_dags/tutorial_dag.py took 0.062 seconds
[2023-04-22T02:04:11.775+0800] {processor.py:153} INFO - Started process (PID=3758) to work on /home/gerardsho/airflow_env/lib/python3.8/site-packages/airflow/example_dags/tutorial_dag.py
[2023-04-22T02:04:11.779+0800] {processor.py:743} INFO - Processing file /home/gerardsho/airflow_env/lib/python3.8/site-packages/airflow/example_dags/tutorial_dag.py for tasks to queue
[2023-04-22T02:04:11.779+0800] {logging_mixin.py:137} INFO - [2023-04-22T02:04:11.779+0800] {dagbag.py:532} INFO - Filling up the DagBag from /home/gerardsho/airflow_env/lib/python3.8/site-packages/airflow/example_dags/tutorial_dag.py
[2023-04-22T02:04:11.786+0800] {processor.py:753} INFO - DAG(s) dict_keys(['tutorial_dag']) retrieved from /home/gerardsho/airflow_env/lib/python3.8/site-packages/airflow/example_dags/tutorial_dag.py
[2023-04-22T02:04:11.798+0800] {logging_mixin.py:137} INFO - [2023-04-22T02:04:11.798+0800] {dag.py:2705} INFO - Sync 1 DAGs
[2023-04-22T02:04:11.809+0800] {logging_mixin.py:137} INFO - [2023-04-22T02:04:11.809+0800] {dag.py:3452} INFO - Setting next_dagrun for tutorial_dag to None, run_after=None
[2023-04-22T02:04:11.827+0800] {processor.py:175} INFO - Processing /home/gerardsho/airflow_env/lib/python3.8/site-packages/airflow/example_dags/tutorial_dag.py took 0.054 seconds
[2023-04-22T02:04:52.317+0800] {processor.py:153} INFO - Started process (PID=3800) to work on /home/gerardsho/airflow_env/lib/python3.8/site-packages/airflow/example_dags/tutorial_dag.py
[2023-04-22T02:04:52.319+0800] {processor.py:743} INFO - Processing file /home/gerardsho/airflow_env/lib/python3.8/site-packages/airflow/example_dags/tutorial_dag.py for tasks to queue
[2023-04-22T02:04:52.320+0800] {logging_mixin.py:137} INFO - [2023-04-22T02:04:52.320+0800] {dagbag.py:532} INFO - Filling up the DagBag from /home/gerardsho/airflow_env/lib/python3.8/site-packages/airflow/example_dags/tutorial_dag.py
[2023-04-22T02:04:52.330+0800] {processor.py:753} INFO - DAG(s) dict_keys(['tutorial_dag']) retrieved from /home/gerardsho/airflow_env/lib/python3.8/site-packages/airflow/example_dags/tutorial_dag.py
[2023-04-22T02:04:52.346+0800] {logging_mixin.py:137} INFO - [2023-04-22T02:04:52.346+0800] {dag.py:2705} INFO - Sync 1 DAGs
[2023-04-22T02:04:52.360+0800] {logging_mixin.py:137} INFO - [2023-04-22T02:04:52.360+0800] {dag.py:3452} INFO - Setting next_dagrun for tutorial_dag to None, run_after=None
[2023-04-22T02:04:52.378+0800] {processor.py:175} INFO - Processing /home/gerardsho/airflow_env/lib/python3.8/site-packages/airflow/example_dags/tutorial_dag.py took 0.063 seconds
