[2023-04-22T01:48:20.017+0800] {processor.py:153} INFO - Started process (PID=2727) to work on /home/gerardsho/airflow_env/lib/python3.8/site-packages/airflow/example_dags/tutorial_taskflow_api_virtualenv.py
[2023-04-22T01:48:20.017+0800] {processor.py:743} INFO - Processing file /home/gerardsho/airflow_env/lib/python3.8/site-packages/airflow/example_dags/tutorial_taskflow_api_virtualenv.py for tasks to queue
[2023-04-22T01:48:20.018+0800] {logging_mixin.py:137} INFO - [2023-04-22T01:48:20.018+0800] {dagbag.py:532} INFO - Filling up the DagBag from /home/gerardsho/airflow_env/lib/python3.8/site-packages/airflow/example_dags/tutorial_taskflow_api_virtualenv.py
[2023-04-22T01:48:20.030+0800] {processor.py:753} INFO - DAG(s) dict_keys(['tutorial_taskflow_api_virtualenv']) retrieved from /home/gerardsho/airflow_env/lib/python3.8/site-packages/airflow/example_dags/tutorial_taskflow_api_virtualenv.py
[2023-04-22T01:48:20.173+0800] {logging_mixin.py:137} INFO - [2023-04-22T01:48:20.173+0800] {manager.py:504} INFO - Created Permission View: can edit on DAG:tutorial_taskflow_api_virtualenv
[2023-04-22T01:48:20.207+0800] {logging_mixin.py:137} INFO - [2023-04-22T01:48:20.207+0800] {manager.py:504} INFO - Created Permission View: can delete on DAG:tutorial_taskflow_api_virtualenv
[2023-04-22T01:48:20.255+0800] {logging_mixin.py:137} INFO - [2023-04-22T01:48:20.255+0800] {manager.py:504} INFO - Created Permission View: can read on DAG:tutorial_taskflow_api_virtualenv
[2023-04-22T01:48:20.255+0800] {logging_mixin.py:137} INFO - [2023-04-22T01:48:20.255+0800] {dag.py:2705} INFO - Sync 1 DAGs
[2023-04-22T01:48:20.267+0800] {logging_mixin.py:137} INFO - [2023-04-22T01:48:20.267+0800] {dag.py:2726} INFO - Creating ORM DAG for tutorial_taskflow_api_virtualenv
[2023-04-22T01:48:20.275+0800] {logging_mixin.py:137} INFO - [2023-04-22T01:48:20.275+0800] {dag.py:3452} INFO - Setting next_dagrun for tutorial_taskflow_api_virtualenv to None, run_after=None
[2023-04-22T01:48:20.332+0800] {processor.py:175} INFO - Processing /home/gerardsho/airflow_env/lib/python3.8/site-packages/airflow/example_dags/tutorial_taskflow_api_virtualenv.py took 0.317 seconds
[2023-04-22T01:49:11.045+0800] {processor.py:153} INFO - Started process (PID=2770) to work on /home/gerardsho/airflow_env/lib/python3.8/site-packages/airflow/example_dags/tutorial_taskflow_api_virtualenv.py
[2023-04-22T01:49:11.048+0800] {processor.py:743} INFO - Processing file /home/gerardsho/airflow_env/lib/python3.8/site-packages/airflow/example_dags/tutorial_taskflow_api_virtualenv.py for tasks to queue
[2023-04-22T01:49:11.048+0800] {logging_mixin.py:137} INFO - [2023-04-22T01:49:11.048+0800] {dagbag.py:532} INFO - Filling up the DagBag from /home/gerardsho/airflow_env/lib/python3.8/site-packages/airflow/example_dags/tutorial_taskflow_api_virtualenv.py
[2023-04-22T01:49:11.063+0800] {processor.py:753} INFO - DAG(s) dict_keys(['tutorial_taskflow_api_virtualenv']) retrieved from /home/gerardsho/airflow_env/lib/python3.8/site-packages/airflow/example_dags/tutorial_taskflow_api_virtualenv.py
[2023-04-22T01:49:11.075+0800] {logging_mixin.py:137} INFO - [2023-04-22T01:49:11.075+0800] {dag.py:2705} INFO - Sync 1 DAGs
[2023-04-22T01:49:11.086+0800] {logging_mixin.py:137} INFO - [2023-04-22T01:49:11.086+0800] {dag.py:3452} INFO - Setting next_dagrun for tutorial_taskflow_api_virtualenv to None, run_after=None
[2023-04-22T01:49:11.103+0800] {processor.py:175} INFO - Processing /home/gerardsho/airflow_env/lib/python3.8/site-packages/airflow/example_dags/tutorial_taskflow_api_virtualenv.py took 0.061 seconds
[2023-04-22T01:49:52.678+0800] {processor.py:153} INFO - Started process (PID=2813) to work on /home/gerardsho/airflow_env/lib/python3.8/site-packages/airflow/example_dags/tutorial_taskflow_api_virtualenv.py
[2023-04-22T01:49:52.681+0800] {processor.py:743} INFO - Processing file /home/gerardsho/airflow_env/lib/python3.8/site-packages/airflow/example_dags/tutorial_taskflow_api_virtualenv.py for tasks to queue
[2023-04-22T01:49:52.681+0800] {logging_mixin.py:137} INFO - [2023-04-22T01:49:52.681+0800] {dagbag.py:532} INFO - Filling up the DagBag from /home/gerardsho/airflow_env/lib/python3.8/site-packages/airflow/example_dags/tutorial_taskflow_api_virtualenv.py
[2023-04-22T01:49:52.694+0800] {processor.py:753} INFO - DAG(s) dict_keys(['tutorial_taskflow_api_virtualenv']) retrieved from /home/gerardsho/airflow_env/lib/python3.8/site-packages/airflow/example_dags/tutorial_taskflow_api_virtualenv.py
[2023-04-22T01:49:52.705+0800] {logging_mixin.py:137} INFO - [2023-04-22T01:49:52.705+0800] {dag.py:2705} INFO - Sync 1 DAGs
[2023-04-22T01:49:52.714+0800] {logging_mixin.py:137} INFO - [2023-04-22T01:49:52.714+0800] {dag.py:3452} INFO - Setting next_dagrun for tutorial_taskflow_api_virtualenv to None, run_after=None
[2023-04-22T01:49:52.739+0800] {processor.py:175} INFO - Processing /home/gerardsho/airflow_env/lib/python3.8/site-packages/airflow/example_dags/tutorial_taskflow_api_virtualenv.py took 0.063 seconds
[2023-04-22T01:50:30.535+0800] {processor.py:153} INFO - Started process (PID=2857) to work on /home/gerardsho/airflow_env/lib/python3.8/site-packages/airflow/example_dags/tutorial_taskflow_api_virtualenv.py
[2023-04-22T01:50:30.538+0800] {processor.py:743} INFO - Processing file /home/gerardsho/airflow_env/lib/python3.8/site-packages/airflow/example_dags/tutorial_taskflow_api_virtualenv.py for tasks to queue
[2023-04-22T01:50:30.539+0800] {logging_mixin.py:137} INFO - [2023-04-22T01:50:30.538+0800] {dagbag.py:532} INFO - Filling up the DagBag from /home/gerardsho/airflow_env/lib/python3.8/site-packages/airflow/example_dags/tutorial_taskflow_api_virtualenv.py
[2023-04-22T01:50:30.551+0800] {processor.py:753} INFO - DAG(s) dict_keys(['tutorial_taskflow_api_virtualenv']) retrieved from /home/gerardsho/airflow_env/lib/python3.8/site-packages/airflow/example_dags/tutorial_taskflow_api_virtualenv.py
[2023-04-22T01:50:30.562+0800] {logging_mixin.py:137} INFO - [2023-04-22T01:50:30.561+0800] {dag.py:2705} INFO - Sync 1 DAGs
[2023-04-22T01:50:30.572+0800] {logging_mixin.py:137} INFO - [2023-04-22T01:50:30.572+0800] {dag.py:3452} INFO - Setting next_dagrun for tutorial_taskflow_api_virtualenv to None, run_after=None
[2023-04-22T01:50:30.589+0800] {processor.py:175} INFO - Processing /home/gerardsho/airflow_env/lib/python3.8/site-packages/airflow/example_dags/tutorial_taskflow_api_virtualenv.py took 0.057 seconds
[2023-04-22T01:51:13.362+0800] {processor.py:153} INFO - Started process (PID=2913) to work on /home/gerardsho/airflow_env/lib/python3.8/site-packages/airflow/example_dags/tutorial_taskflow_api_virtualenv.py
[2023-04-22T01:51:13.365+0800] {processor.py:743} INFO - Processing file /home/gerardsho/airflow_env/lib/python3.8/site-packages/airflow/example_dags/tutorial_taskflow_api_virtualenv.py for tasks to queue
[2023-04-22T01:51:13.366+0800] {logging_mixin.py:137} INFO - [2023-04-22T01:51:13.366+0800] {dagbag.py:532} INFO - Filling up the DagBag from /home/gerardsho/airflow_env/lib/python3.8/site-packages/airflow/example_dags/tutorial_taskflow_api_virtualenv.py
[2023-04-22T01:51:13.378+0800] {processor.py:753} INFO - DAG(s) dict_keys(['tutorial_taskflow_api_virtualenv']) retrieved from /home/gerardsho/airflow_env/lib/python3.8/site-packages/airflow/example_dags/tutorial_taskflow_api_virtualenv.py
[2023-04-22T01:51:13.390+0800] {logging_mixin.py:137} INFO - [2023-04-22T01:51:13.390+0800] {dag.py:2705} INFO - Sync 1 DAGs
[2023-04-22T01:51:13.401+0800] {logging_mixin.py:137} INFO - [2023-04-22T01:51:13.401+0800] {dag.py:3452} INFO - Setting next_dagrun for tutorial_taskflow_api_virtualenv to None, run_after=None
[2023-04-22T01:51:13.421+0800] {processor.py:175} INFO - Processing /home/gerardsho/airflow_env/lib/python3.8/site-packages/airflow/example_dags/tutorial_taskflow_api_virtualenv.py took 0.062 seconds
[2023-04-22T01:51:54.421+0800] {processor.py:153} INFO - Started process (PID=2964) to work on /home/gerardsho/airflow_env/lib/python3.8/site-packages/airflow/example_dags/tutorial_taskflow_api_virtualenv.py
[2023-04-22T01:51:54.424+0800] {processor.py:743} INFO - Processing file /home/gerardsho/airflow_env/lib/python3.8/site-packages/airflow/example_dags/tutorial_taskflow_api_virtualenv.py for tasks to queue
[2023-04-22T01:51:54.425+0800] {logging_mixin.py:137} INFO - [2023-04-22T01:51:54.425+0800] {dagbag.py:532} INFO - Filling up the DagBag from /home/gerardsho/airflow_env/lib/python3.8/site-packages/airflow/example_dags/tutorial_taskflow_api_virtualenv.py
[2023-04-22T01:51:54.438+0800] {processor.py:753} INFO - DAG(s) dict_keys(['tutorial_taskflow_api_virtualenv']) retrieved from /home/gerardsho/airflow_env/lib/python3.8/site-packages/airflow/example_dags/tutorial_taskflow_api_virtualenv.py
[2023-04-22T01:51:54.451+0800] {logging_mixin.py:137} INFO - [2023-04-22T01:51:54.451+0800] {dag.py:2705} INFO - Sync 1 DAGs
[2023-04-22T01:51:54.462+0800] {logging_mixin.py:137} INFO - [2023-04-22T01:51:54.462+0800] {dag.py:3452} INFO - Setting next_dagrun for tutorial_taskflow_api_virtualenv to None, run_after=None
[2023-04-22T01:51:54.480+0800] {processor.py:175} INFO - Processing /home/gerardsho/airflow_env/lib/python3.8/site-packages/airflow/example_dags/tutorial_taskflow_api_virtualenv.py took 0.061 seconds
[2023-04-22T01:52:35.464+0800] {processor.py:153} INFO - Started process (PID=3006) to work on /home/gerardsho/airflow_env/lib/python3.8/site-packages/airflow/example_dags/tutorial_taskflow_api_virtualenv.py
[2023-04-22T01:52:35.465+0800] {processor.py:743} INFO - Processing file /home/gerardsho/airflow_env/lib/python3.8/site-packages/airflow/example_dags/tutorial_taskflow_api_virtualenv.py for tasks to queue
[2023-04-22T01:52:35.465+0800] {logging_mixin.py:137} INFO - [2023-04-22T01:52:35.465+0800] {dagbag.py:532} INFO - Filling up the DagBag from /home/gerardsho/airflow_env/lib/python3.8/site-packages/airflow/example_dags/tutorial_taskflow_api_virtualenv.py
[2023-04-22T01:52:35.482+0800] {processor.py:753} INFO - DAG(s) dict_keys(['tutorial_taskflow_api_virtualenv']) retrieved from /home/gerardsho/airflow_env/lib/python3.8/site-packages/airflow/example_dags/tutorial_taskflow_api_virtualenv.py
[2023-04-22T01:52:35.495+0800] {logging_mixin.py:137} INFO - [2023-04-22T01:52:35.495+0800] {dag.py:2705} INFO - Sync 1 DAGs
[2023-04-22T01:52:35.512+0800] {logging_mixin.py:137} INFO - [2023-04-22T01:52:35.512+0800] {dag.py:3452} INFO - Setting next_dagrun for tutorial_taskflow_api_virtualenv to None, run_after=None
[2023-04-22T01:52:35.532+0800] {processor.py:175} INFO - Processing /home/gerardsho/airflow_env/lib/python3.8/site-packages/airflow/example_dags/tutorial_taskflow_api_virtualenv.py took 0.070 seconds
[2023-04-22T01:53:16.674+0800] {processor.py:153} INFO - Started process (PID=3048) to work on /home/gerardsho/airflow_env/lib/python3.8/site-packages/airflow/example_dags/tutorial_taskflow_api_virtualenv.py
[2023-04-22T01:53:16.678+0800] {processor.py:743} INFO - Processing file /home/gerardsho/airflow_env/lib/python3.8/site-packages/airflow/example_dags/tutorial_taskflow_api_virtualenv.py for tasks to queue
[2023-04-22T01:53:16.678+0800] {logging_mixin.py:137} INFO - [2023-04-22T01:53:16.678+0800] {dagbag.py:532} INFO - Filling up the DagBag from /home/gerardsho/airflow_env/lib/python3.8/site-packages/airflow/example_dags/tutorial_taskflow_api_virtualenv.py
[2023-04-22T01:53:16.691+0800] {processor.py:753} INFO - DAG(s) dict_keys(['tutorial_taskflow_api_virtualenv']) retrieved from /home/gerardsho/airflow_env/lib/python3.8/site-packages/airflow/example_dags/tutorial_taskflow_api_virtualenv.py
[2023-04-22T01:53:16.703+0800] {logging_mixin.py:137} INFO - [2023-04-22T01:53:16.703+0800] {dag.py:2705} INFO - Sync 1 DAGs
[2023-04-22T01:53:16.713+0800] {logging_mixin.py:137} INFO - [2023-04-22T01:53:16.713+0800] {dag.py:3452} INFO - Setting next_dagrun for tutorial_taskflow_api_virtualenv to None, run_after=None
[2023-04-22T01:53:16.732+0800] {processor.py:175} INFO - Processing /home/gerardsho/airflow_env/lib/python3.8/site-packages/airflow/example_dags/tutorial_taskflow_api_virtualenv.py took 0.059 seconds
[2023-04-22T01:53:55.571+0800] {processor.py:153} INFO - Started process (PID=3090) to work on /home/gerardsho/airflow_env/lib/python3.8/site-packages/airflow/example_dags/tutorial_taskflow_api_virtualenv.py
[2023-04-22T01:53:55.572+0800] {processor.py:743} INFO - Processing file /home/gerardsho/airflow_env/lib/python3.8/site-packages/airflow/example_dags/tutorial_taskflow_api_virtualenv.py for tasks to queue
[2023-04-22T01:53:55.573+0800] {logging_mixin.py:137} INFO - [2023-04-22T01:53:55.573+0800] {dagbag.py:532} INFO - Filling up the DagBag from /home/gerardsho/airflow_env/lib/python3.8/site-packages/airflow/example_dags/tutorial_taskflow_api_virtualenv.py
[2023-04-22T01:53:55.585+0800] {processor.py:753} INFO - DAG(s) dict_keys(['tutorial_taskflow_api_virtualenv']) retrieved from /home/gerardsho/airflow_env/lib/python3.8/site-packages/airflow/example_dags/tutorial_taskflow_api_virtualenv.py
[2023-04-22T01:53:55.598+0800] {logging_mixin.py:137} INFO - [2023-04-22T01:53:55.598+0800] {dag.py:2705} INFO - Sync 1 DAGs
[2023-04-22T01:53:55.610+0800] {logging_mixin.py:137} INFO - [2023-04-22T01:53:55.610+0800] {dag.py:3452} INFO - Setting next_dagrun for tutorial_taskflow_api_virtualenv to None, run_after=None
[2023-04-22T01:53:55.627+0800] {processor.py:175} INFO - Processing /home/gerardsho/airflow_env/lib/python3.8/site-packages/airflow/example_dags/tutorial_taskflow_api_virtualenv.py took 0.058 seconds
[2023-04-22T01:54:35.441+0800] {processor.py:153} INFO - Started process (PID=3134) to work on /home/gerardsho/airflow_env/lib/python3.8/site-packages/airflow/example_dags/tutorial_taskflow_api_virtualenv.py
[2023-04-22T01:54:35.442+0800] {processor.py:743} INFO - Processing file /home/gerardsho/airflow_env/lib/python3.8/site-packages/airflow/example_dags/tutorial_taskflow_api_virtualenv.py for tasks to queue
[2023-04-22T01:54:35.442+0800] {logging_mixin.py:137} INFO - [2023-04-22T01:54:35.442+0800] {dagbag.py:532} INFO - Filling up the DagBag from /home/gerardsho/airflow_env/lib/python3.8/site-packages/airflow/example_dags/tutorial_taskflow_api_virtualenv.py
[2023-04-22T01:54:35.458+0800] {processor.py:753} INFO - DAG(s) dict_keys(['tutorial_taskflow_api_virtualenv']) retrieved from /home/gerardsho/airflow_env/lib/python3.8/site-packages/airflow/example_dags/tutorial_taskflow_api_virtualenv.py
[2023-04-22T01:54:35.472+0800] {logging_mixin.py:137} INFO - [2023-04-22T01:54:35.472+0800] {dag.py:2705} INFO - Sync 1 DAGs
[2023-04-22T01:54:35.488+0800] {logging_mixin.py:137} INFO - [2023-04-22T01:54:35.488+0800] {dag.py:3452} INFO - Setting next_dagrun for tutorial_taskflow_api_virtualenv to None, run_after=None
[2023-04-22T01:54:35.506+0800] {processor.py:175} INFO - Processing /home/gerardsho/airflow_env/lib/python3.8/site-packages/airflow/example_dags/tutorial_taskflow_api_virtualenv.py took 0.068 seconds
[2023-04-22T01:55:18.076+0800] {processor.py:153} INFO - Started process (PID=3180) to work on /home/gerardsho/airflow_env/lib/python3.8/site-packages/airflow/example_dags/tutorial_taskflow_api_virtualenv.py
[2023-04-22T01:55:18.080+0800] {processor.py:743} INFO - Processing file /home/gerardsho/airflow_env/lib/python3.8/site-packages/airflow/example_dags/tutorial_taskflow_api_virtualenv.py for tasks to queue
[2023-04-22T01:55:18.080+0800] {logging_mixin.py:137} INFO - [2023-04-22T01:55:18.080+0800] {dagbag.py:532} INFO - Filling up the DagBag from /home/gerardsho/airflow_env/lib/python3.8/site-packages/airflow/example_dags/tutorial_taskflow_api_virtualenv.py
[2023-04-22T01:55:18.092+0800] {processor.py:753} INFO - DAG(s) dict_keys(['tutorial_taskflow_api_virtualenv']) retrieved from /home/gerardsho/airflow_env/lib/python3.8/site-packages/airflow/example_dags/tutorial_taskflow_api_virtualenv.py
[2023-04-22T01:55:18.105+0800] {logging_mixin.py:137} INFO - [2023-04-22T01:55:18.105+0800] {dag.py:2705} INFO - Sync 1 DAGs
[2023-04-22T01:55:18.115+0800] {logging_mixin.py:137} INFO - [2023-04-22T01:55:18.115+0800] {dag.py:3452} INFO - Setting next_dagrun for tutorial_taskflow_api_virtualenv to None, run_after=None
[2023-04-22T01:55:18.135+0800] {processor.py:175} INFO - Processing /home/gerardsho/airflow_env/lib/python3.8/site-packages/airflow/example_dags/tutorial_taskflow_api_virtualenv.py took 0.061 seconds
[2023-04-22T01:55:57.676+0800] {processor.py:153} INFO - Started process (PID=3225) to work on /home/gerardsho/airflow_env/lib/python3.8/site-packages/airflow/example_dags/tutorial_taskflow_api_virtualenv.py
[2023-04-22T01:55:57.679+0800] {processor.py:743} INFO - Processing file /home/gerardsho/airflow_env/lib/python3.8/site-packages/airflow/example_dags/tutorial_taskflow_api_virtualenv.py for tasks to queue
[2023-04-22T01:55:57.680+0800] {logging_mixin.py:137} INFO - [2023-04-22T01:55:57.680+0800] {dagbag.py:532} INFO - Filling up the DagBag from /home/gerardsho/airflow_env/lib/python3.8/site-packages/airflow/example_dags/tutorial_taskflow_api_virtualenv.py
[2023-04-22T01:55:57.695+0800] {processor.py:753} INFO - DAG(s) dict_keys(['tutorial_taskflow_api_virtualenv']) retrieved from /home/gerardsho/airflow_env/lib/python3.8/site-packages/airflow/example_dags/tutorial_taskflow_api_virtualenv.py
[2023-04-22T01:55:57.708+0800] {logging_mixin.py:137} INFO - [2023-04-22T01:55:57.708+0800] {dag.py:2705} INFO - Sync 1 DAGs
[2023-04-22T01:55:57.719+0800] {logging_mixin.py:137} INFO - [2023-04-22T01:55:57.719+0800] {dag.py:3452} INFO - Setting next_dagrun for tutorial_taskflow_api_virtualenv to None, run_after=None
[2023-04-22T01:55:57.737+0800] {processor.py:175} INFO - Processing /home/gerardsho/airflow_env/lib/python3.8/site-packages/airflow/example_dags/tutorial_taskflow_api_virtualenv.py took 0.062 seconds
[2023-04-22T01:56:39.921+0800] {processor.py:153} INFO - Started process (PID=3273) to work on /home/gerardsho/airflow_env/lib/python3.8/site-packages/airflow/example_dags/tutorial_taskflow_api_virtualenv.py
[2023-04-22T01:56:39.924+0800] {processor.py:743} INFO - Processing file /home/gerardsho/airflow_env/lib/python3.8/site-packages/airflow/example_dags/tutorial_taskflow_api_virtualenv.py for tasks to queue
[2023-04-22T01:56:39.925+0800] {logging_mixin.py:137} INFO - [2023-04-22T01:56:39.924+0800] {dagbag.py:532} INFO - Filling up the DagBag from /home/gerardsho/airflow_env/lib/python3.8/site-packages/airflow/example_dags/tutorial_taskflow_api_virtualenv.py
[2023-04-22T01:56:39.937+0800] {processor.py:753} INFO - DAG(s) dict_keys(['tutorial_taskflow_api_virtualenv']) retrieved from /home/gerardsho/airflow_env/lib/python3.8/site-packages/airflow/example_dags/tutorial_taskflow_api_virtualenv.py
[2023-04-22T01:56:39.947+0800] {logging_mixin.py:137} INFO - [2023-04-22T01:56:39.947+0800] {dag.py:2705} INFO - Sync 1 DAGs
[2023-04-22T01:56:39.958+0800] {logging_mixin.py:137} INFO - [2023-04-22T01:56:39.958+0800] {dag.py:3452} INFO - Setting next_dagrun for tutorial_taskflow_api_virtualenv to None, run_after=None
[2023-04-22T01:56:39.975+0800] {processor.py:175} INFO - Processing /home/gerardsho/airflow_env/lib/python3.8/site-packages/airflow/example_dags/tutorial_taskflow_api_virtualenv.py took 0.056 seconds
[2023-04-22T01:57:18.341+0800] {processor.py:153} INFO - Started process (PID=3317) to work on /home/gerardsho/airflow_env/lib/python3.8/site-packages/airflow/example_dags/tutorial_taskflow_api_virtualenv.py
[2023-04-22T01:57:18.344+0800] {processor.py:743} INFO - Processing file /home/gerardsho/airflow_env/lib/python3.8/site-packages/airflow/example_dags/tutorial_taskflow_api_virtualenv.py for tasks to queue
[2023-04-22T01:57:18.345+0800] {logging_mixin.py:137} INFO - [2023-04-22T01:57:18.344+0800] {dagbag.py:532} INFO - Filling up the DagBag from /home/gerardsho/airflow_env/lib/python3.8/site-packages/airflow/example_dags/tutorial_taskflow_api_virtualenv.py
[2023-04-22T01:57:18.360+0800] {processor.py:753} INFO - DAG(s) dict_keys(['tutorial_taskflow_api_virtualenv']) retrieved from /home/gerardsho/airflow_env/lib/python3.8/site-packages/airflow/example_dags/tutorial_taskflow_api_virtualenv.py
[2023-04-22T01:57:18.374+0800] {logging_mixin.py:137} INFO - [2023-04-22T01:57:18.374+0800] {dag.py:2705} INFO - Sync 1 DAGs
[2023-04-22T01:57:18.386+0800] {logging_mixin.py:137} INFO - [2023-04-22T01:57:18.385+0800] {dag.py:3452} INFO - Setting next_dagrun for tutorial_taskflow_api_virtualenv to None, run_after=None
[2023-04-22T01:57:18.404+0800] {processor.py:175} INFO - Processing /home/gerardsho/airflow_env/lib/python3.8/site-packages/airflow/example_dags/tutorial_taskflow_api_virtualenv.py took 0.066 seconds
[2023-04-22T01:58:00.530+0800] {processor.py:153} INFO - Started process (PID=3368) to work on /home/gerardsho/airflow_env/lib/python3.8/site-packages/airflow/example_dags/tutorial_taskflow_api_virtualenv.py
[2023-04-22T01:58:00.532+0800] {processor.py:743} INFO - Processing file /home/gerardsho/airflow_env/lib/python3.8/site-packages/airflow/example_dags/tutorial_taskflow_api_virtualenv.py for tasks to queue
[2023-04-22T01:58:00.533+0800] {logging_mixin.py:137} INFO - [2023-04-22T01:58:00.533+0800] {dagbag.py:532} INFO - Filling up the DagBag from /home/gerardsho/airflow_env/lib/python3.8/site-packages/airflow/example_dags/tutorial_taskflow_api_virtualenv.py
[2023-04-22T01:58:00.545+0800] {processor.py:753} INFO - DAG(s) dict_keys(['tutorial_taskflow_api_virtualenv']) retrieved from /home/gerardsho/airflow_env/lib/python3.8/site-packages/airflow/example_dags/tutorial_taskflow_api_virtualenv.py
[2023-04-22T01:58:00.557+0800] {logging_mixin.py:137} INFO - [2023-04-22T01:58:00.557+0800] {dag.py:2705} INFO - Sync 1 DAGs
[2023-04-22T01:58:00.568+0800] {logging_mixin.py:137} INFO - [2023-04-22T01:58:00.568+0800] {dag.py:3452} INFO - Setting next_dagrun for tutorial_taskflow_api_virtualenv to None, run_after=None
[2023-04-22T01:58:00.587+0800] {processor.py:175} INFO - Processing /home/gerardsho/airflow_env/lib/python3.8/site-packages/airflow/example_dags/tutorial_taskflow_api_virtualenv.py took 0.060 seconds
[2023-04-22T01:58:41.731+0800] {processor.py:153} INFO - Started process (PID=3411) to work on /home/gerardsho/airflow_env/lib/python3.8/site-packages/airflow/example_dags/tutorial_taskflow_api_virtualenv.py
[2023-04-22T01:58:41.734+0800] {processor.py:743} INFO - Processing file /home/gerardsho/airflow_env/lib/python3.8/site-packages/airflow/example_dags/tutorial_taskflow_api_virtualenv.py for tasks to queue
[2023-04-22T01:58:41.735+0800] {logging_mixin.py:137} INFO - [2023-04-22T01:58:41.734+0800] {dagbag.py:532} INFO - Filling up the DagBag from /home/gerardsho/airflow_env/lib/python3.8/site-packages/airflow/example_dags/tutorial_taskflow_api_virtualenv.py
[2023-04-22T01:58:41.749+0800] {processor.py:753} INFO - DAG(s) dict_keys(['tutorial_taskflow_api_virtualenv']) retrieved from /home/gerardsho/airflow_env/lib/python3.8/site-packages/airflow/example_dags/tutorial_taskflow_api_virtualenv.py
[2023-04-22T01:58:41.762+0800] {logging_mixin.py:137} INFO - [2023-04-22T01:58:41.762+0800] {dag.py:2705} INFO - Sync 1 DAGs
[2023-04-22T01:58:41.774+0800] {logging_mixin.py:137} INFO - [2023-04-22T01:58:41.773+0800] {dag.py:3452} INFO - Setting next_dagrun for tutorial_taskflow_api_virtualenv to None, run_after=None
[2023-04-22T01:58:41.794+0800] {processor.py:175} INFO - Processing /home/gerardsho/airflow_env/lib/python3.8/site-packages/airflow/example_dags/tutorial_taskflow_api_virtualenv.py took 0.066 seconds
[2023-04-22T01:59:21.351+0800] {processor.py:153} INFO - Started process (PID=3453) to work on /home/gerardsho/airflow_env/lib/python3.8/site-packages/airflow/example_dags/tutorial_taskflow_api_virtualenv.py
[2023-04-22T01:59:21.354+0800] {processor.py:743} INFO - Processing file /home/gerardsho/airflow_env/lib/python3.8/site-packages/airflow/example_dags/tutorial_taskflow_api_virtualenv.py for tasks to queue
[2023-04-22T01:59:21.355+0800] {logging_mixin.py:137} INFO - [2023-04-22T01:59:21.355+0800] {dagbag.py:532} INFO - Filling up the DagBag from /home/gerardsho/airflow_env/lib/python3.8/site-packages/airflow/example_dags/tutorial_taskflow_api_virtualenv.py
[2023-04-22T01:59:21.367+0800] {processor.py:753} INFO - DAG(s) dict_keys(['tutorial_taskflow_api_virtualenv']) retrieved from /home/gerardsho/airflow_env/lib/python3.8/site-packages/airflow/example_dags/tutorial_taskflow_api_virtualenv.py
[2023-04-22T01:59:21.378+0800] {logging_mixin.py:137} INFO - [2023-04-22T01:59:21.378+0800] {dag.py:2705} INFO - Sync 1 DAGs
[2023-04-22T01:59:21.389+0800] {logging_mixin.py:137} INFO - [2023-04-22T01:59:21.389+0800] {dag.py:3452} INFO - Setting next_dagrun for tutorial_taskflow_api_virtualenv to None, run_after=None
[2023-04-22T01:59:21.408+0800] {processor.py:175} INFO - Processing /home/gerardsho/airflow_env/lib/python3.8/site-packages/airflow/example_dags/tutorial_taskflow_api_virtualenv.py took 0.059 seconds
[2023-04-22T02:00:33.737+0800] {processor.py:153} INFO - Started process (PID=3510) to work on /home/gerardsho/airflow_env/lib/python3.8/site-packages/airflow/example_dags/tutorial_taskflow_api_virtualenv.py
[2023-04-22T02:00:33.740+0800] {processor.py:743} INFO - Processing file /home/gerardsho/airflow_env/lib/python3.8/site-packages/airflow/example_dags/tutorial_taskflow_api_virtualenv.py for tasks to queue
[2023-04-22T02:00:33.741+0800] {logging_mixin.py:137} INFO - [2023-04-22T02:00:33.740+0800] {dagbag.py:532} INFO - Filling up the DagBag from /home/gerardsho/airflow_env/lib/python3.8/site-packages/airflow/example_dags/tutorial_taskflow_api_virtualenv.py
[2023-04-22T02:00:33.759+0800] {processor.py:753} INFO - DAG(s) dict_keys(['tutorial_taskflow_api_virtualenv']) retrieved from /home/gerardsho/airflow_env/lib/python3.8/site-packages/airflow/example_dags/tutorial_taskflow_api_virtualenv.py
[2023-04-22T02:00:33.843+0800] {logging_mixin.py:137} INFO - [2023-04-22T02:00:33.843+0800] {manager.py:504} INFO - Created Permission View: can edit on DAG:tutorial_taskflow_api_virtualenv
[2023-04-22T02:00:33.854+0800] {logging_mixin.py:137} INFO - [2023-04-22T02:00:33.853+0800] {manager.py:504} INFO - Created Permission View: can delete on DAG:tutorial_taskflow_api_virtualenv
[2023-04-22T02:00:33.863+0800] {logging_mixin.py:137} INFO - [2023-04-22T02:00:33.863+0800] {manager.py:504} INFO - Created Permission View: can read on DAG:tutorial_taskflow_api_virtualenv
[2023-04-22T02:00:33.863+0800] {logging_mixin.py:137} INFO - [2023-04-22T02:00:33.863+0800] {dag.py:2705} INFO - Sync 1 DAGs
[2023-04-22T02:00:33.868+0800] {logging_mixin.py:137} INFO - [2023-04-22T02:00:33.868+0800] {dag.py:2726} INFO - Creating ORM DAG for tutorial_taskflow_api_virtualenv
[2023-04-22T02:00:33.873+0800] {logging_mixin.py:137} INFO - [2023-04-22T02:00:33.873+0800] {dag.py:3452} INFO - Setting next_dagrun for tutorial_taskflow_api_virtualenv to None, run_after=None
[2023-04-22T02:00:33.890+0800] {processor.py:175} INFO - Processing /home/gerardsho/airflow_env/lib/python3.8/site-packages/airflow/example_dags/tutorial_taskflow_api_virtualenv.py took 0.155 seconds
[2023-04-22T02:01:18.437+0800] {processor.py:153} INFO - Started process (PID=3560) to work on /home/gerardsho/airflow_env/lib/python3.8/site-packages/airflow/example_dags/tutorial_taskflow_api_virtualenv.py
[2023-04-22T02:01:18.440+0800] {processor.py:743} INFO - Processing file /home/gerardsho/airflow_env/lib/python3.8/site-packages/airflow/example_dags/tutorial_taskflow_api_virtualenv.py for tasks to queue
[2023-04-22T02:01:18.440+0800] {logging_mixin.py:137} INFO - [2023-04-22T02:01:18.440+0800] {dagbag.py:532} INFO - Filling up the DagBag from /home/gerardsho/airflow_env/lib/python3.8/site-packages/airflow/example_dags/tutorial_taskflow_api_virtualenv.py
[2023-04-22T02:01:18.454+0800] {processor.py:753} INFO - DAG(s) dict_keys(['tutorial_taskflow_api_virtualenv']) retrieved from /home/gerardsho/airflow_env/lib/python3.8/site-packages/airflow/example_dags/tutorial_taskflow_api_virtualenv.py
[2023-04-22T02:01:18.468+0800] {logging_mixin.py:137} INFO - [2023-04-22T02:01:18.468+0800] {dag.py:2705} INFO - Sync 1 DAGs
[2023-04-22T02:01:18.481+0800] {logging_mixin.py:137} INFO - [2023-04-22T02:01:18.481+0800] {dag.py:3452} INFO - Setting next_dagrun for tutorial_taskflow_api_virtualenv to None, run_after=None
[2023-04-22T02:01:18.501+0800] {processor.py:175} INFO - Processing /home/gerardsho/airflow_env/lib/python3.8/site-packages/airflow/example_dags/tutorial_taskflow_api_virtualenv.py took 0.066 seconds
[2023-04-22T02:01:58.603+0800] {processor.py:153} INFO - Started process (PID=3602) to work on /home/gerardsho/airflow_env/lib/python3.8/site-packages/airflow/example_dags/tutorial_taskflow_api_virtualenv.py
[2023-04-22T02:01:58.607+0800] {processor.py:743} INFO - Processing file /home/gerardsho/airflow_env/lib/python3.8/site-packages/airflow/example_dags/tutorial_taskflow_api_virtualenv.py for tasks to queue
[2023-04-22T02:01:58.607+0800] {logging_mixin.py:137} INFO - [2023-04-22T02:01:58.607+0800] {dagbag.py:532} INFO - Filling up the DagBag from /home/gerardsho/airflow_env/lib/python3.8/site-packages/airflow/example_dags/tutorial_taskflow_api_virtualenv.py
[2023-04-22T02:01:58.622+0800] {processor.py:753} INFO - DAG(s) dict_keys(['tutorial_taskflow_api_virtualenv']) retrieved from /home/gerardsho/airflow_env/lib/python3.8/site-packages/airflow/example_dags/tutorial_taskflow_api_virtualenv.py
[2023-04-22T02:01:58.635+0800] {logging_mixin.py:137} INFO - [2023-04-22T02:01:58.635+0800] {dag.py:2705} INFO - Sync 1 DAGs
[2023-04-22T02:01:58.647+0800] {logging_mixin.py:137} INFO - [2023-04-22T02:01:58.647+0800] {dag.py:3452} INFO - Setting next_dagrun for tutorial_taskflow_api_virtualenv to None, run_after=None
[2023-04-22T02:01:58.668+0800] {processor.py:175} INFO - Processing /home/gerardsho/airflow_env/lib/python3.8/site-packages/airflow/example_dags/tutorial_taskflow_api_virtualenv.py took 0.066 seconds
[2023-04-22T02:02:39.403+0800] {processor.py:153} INFO - Started process (PID=3650) to work on /home/gerardsho/airflow_env/lib/python3.8/site-packages/airflow/example_dags/tutorial_taskflow_api_virtualenv.py
[2023-04-22T02:02:39.404+0800] {processor.py:743} INFO - Processing file /home/gerardsho/airflow_env/lib/python3.8/site-packages/airflow/example_dags/tutorial_taskflow_api_virtualenv.py for tasks to queue
[2023-04-22T02:02:39.404+0800] {logging_mixin.py:137} INFO - [2023-04-22T02:02:39.404+0800] {dagbag.py:532} INFO - Filling up the DagBag from /home/gerardsho/airflow_env/lib/python3.8/site-packages/airflow/example_dags/tutorial_taskflow_api_virtualenv.py
[2023-04-22T02:02:39.418+0800] {processor.py:753} INFO - DAG(s) dict_keys(['tutorial_taskflow_api_virtualenv']) retrieved from /home/gerardsho/airflow_env/lib/python3.8/site-packages/airflow/example_dags/tutorial_taskflow_api_virtualenv.py
[2023-04-22T02:02:39.431+0800] {logging_mixin.py:137} INFO - [2023-04-22T02:02:39.430+0800] {dag.py:2705} INFO - Sync 1 DAGs
[2023-04-22T02:02:39.443+0800] {logging_mixin.py:137} INFO - [2023-04-22T02:02:39.443+0800] {dag.py:3452} INFO - Setting next_dagrun for tutorial_taskflow_api_virtualenv to None, run_after=None
[2023-04-22T02:02:39.461+0800] {processor.py:175} INFO - Processing /home/gerardsho/airflow_env/lib/python3.8/site-packages/airflow/example_dags/tutorial_taskflow_api_virtualenv.py took 0.061 seconds
[2023-04-22T02:03:21.083+0800] {processor.py:153} INFO - Started process (PID=3701) to work on /home/gerardsho/airflow_env/lib/python3.8/site-packages/airflow/example_dags/tutorial_taskflow_api_virtualenv.py
[2023-04-22T02:03:21.087+0800] {processor.py:743} INFO - Processing file /home/gerardsho/airflow_env/lib/python3.8/site-packages/airflow/example_dags/tutorial_taskflow_api_virtualenv.py for tasks to queue
[2023-04-22T02:03:21.087+0800] {logging_mixin.py:137} INFO - [2023-04-22T02:03:21.087+0800] {dagbag.py:532} INFO - Filling up the DagBag from /home/gerardsho/airflow_env/lib/python3.8/site-packages/airflow/example_dags/tutorial_taskflow_api_virtualenv.py
[2023-04-22T02:03:21.099+0800] {processor.py:753} INFO - DAG(s) dict_keys(['tutorial_taskflow_api_virtualenv']) retrieved from /home/gerardsho/airflow_env/lib/python3.8/site-packages/airflow/example_dags/tutorial_taskflow_api_virtualenv.py
[2023-04-22T02:03:21.110+0800] {logging_mixin.py:137} INFO - [2023-04-22T02:03:21.110+0800] {dag.py:2705} INFO - Sync 1 DAGs
[2023-04-22T02:03:21.120+0800] {logging_mixin.py:137} INFO - [2023-04-22T02:03:21.120+0800] {dag.py:3452} INFO - Setting next_dagrun for tutorial_taskflow_api_virtualenv to None, run_after=None
[2023-04-22T02:03:21.137+0800] {processor.py:175} INFO - Processing /home/gerardsho/airflow_env/lib/python3.8/site-packages/airflow/example_dags/tutorial_taskflow_api_virtualenv.py took 0.057 seconds
[2023-04-22T02:04:00.493+0800] {processor.py:153} INFO - Started process (PID=3747) to work on /home/gerardsho/airflow_env/lib/python3.8/site-packages/airflow/example_dags/tutorial_taskflow_api_virtualenv.py
[2023-04-22T02:04:00.496+0800] {processor.py:743} INFO - Processing file /home/gerardsho/airflow_env/lib/python3.8/site-packages/airflow/example_dags/tutorial_taskflow_api_virtualenv.py for tasks to queue
[2023-04-22T02:04:00.497+0800] {logging_mixin.py:137} INFO - [2023-04-22T02:04:00.497+0800] {dagbag.py:532} INFO - Filling up the DagBag from /home/gerardsho/airflow_env/lib/python3.8/site-packages/airflow/example_dags/tutorial_taskflow_api_virtualenv.py
[2023-04-22T02:04:00.510+0800] {processor.py:753} INFO - DAG(s) dict_keys(['tutorial_taskflow_api_virtualenv']) retrieved from /home/gerardsho/airflow_env/lib/python3.8/site-packages/airflow/example_dags/tutorial_taskflow_api_virtualenv.py
[2023-04-22T02:04:00.522+0800] {logging_mixin.py:137} INFO - [2023-04-22T02:04:00.522+0800] {dag.py:2705} INFO - Sync 1 DAGs
[2023-04-22T02:04:00.533+0800] {logging_mixin.py:137} INFO - [2023-04-22T02:04:00.533+0800] {dag.py:3452} INFO - Setting next_dagrun for tutorial_taskflow_api_virtualenv to None, run_after=None
[2023-04-22T02:04:00.553+0800] {processor.py:175} INFO - Processing /home/gerardsho/airflow_env/lib/python3.8/site-packages/airflow/example_dags/tutorial_taskflow_api_virtualenv.py took 0.062 seconds
[2023-04-22T02:04:42.184+0800] {processor.py:153} INFO - Started process (PID=3789) to work on /home/gerardsho/airflow_env/lib/python3.8/site-packages/airflow/example_dags/tutorial_taskflow_api_virtualenv.py
[2023-04-22T02:04:42.187+0800] {processor.py:743} INFO - Processing file /home/gerardsho/airflow_env/lib/python3.8/site-packages/airflow/example_dags/tutorial_taskflow_api_virtualenv.py for tasks to queue
[2023-04-22T02:04:42.188+0800] {logging_mixin.py:137} INFO - [2023-04-22T02:04:42.187+0800] {dagbag.py:532} INFO - Filling up the DagBag from /home/gerardsho/airflow_env/lib/python3.8/site-packages/airflow/example_dags/tutorial_taskflow_api_virtualenv.py
[2023-04-22T02:04:42.201+0800] {processor.py:753} INFO - DAG(s) dict_keys(['tutorial_taskflow_api_virtualenv']) retrieved from /home/gerardsho/airflow_env/lib/python3.8/site-packages/airflow/example_dags/tutorial_taskflow_api_virtualenv.py
[2023-04-22T02:04:42.213+0800] {logging_mixin.py:137} INFO - [2023-04-22T02:04:42.213+0800] {dag.py:2705} INFO - Sync 1 DAGs
[2023-04-22T02:04:42.224+0800] {logging_mixin.py:137} INFO - [2023-04-22T02:04:42.224+0800] {dag.py:3452} INFO - Setting next_dagrun for tutorial_taskflow_api_virtualenv to None, run_after=None
[2023-04-22T02:04:42.244+0800] {processor.py:175} INFO - Processing /home/gerardsho/airflow_env/lib/python3.8/site-packages/airflow/example_dags/tutorial_taskflow_api_virtualenv.py took 0.063 seconds
