[2023-04-23T17:45:08.158+0800] {taskinstance.py:1080} INFO - Dependencies not met for <TaskInstance: scrapy_fbref_players.run_spider scheduled__2023-04-21T17:05:00+00:00 [up_for_retry]>, dependency 'Not In Retry Period' FAILED: Task is not ready for retry yet but will be retried automatically. Current date is 2023-04-23T09:45:08.158401+00:00 and task will be retried at 2023-04-23T09:50:03.614058+00:00.
[2023-04-23T17:45:08.159+0800] {local_task_job.py:151} INFO - Task is not able to be run
[2023-04-23T17:55:12.881+0800] {taskinstance.py:1090} INFO - Dependencies all met for dep_context=non-requeueable deps ti=<TaskInstance: scrapy_fbref_players.run_spider scheduled__2023-04-21T17:05:00+00:00 [queued]>
[2023-04-23T17:55:12.886+0800] {taskinstance.py:1090} INFO - Dependencies all met for dep_context=requeueable deps ti=<TaskInstance: scrapy_fbref_players.run_spider scheduled__2023-04-21T17:05:00+00:00 [queued]>
[2023-04-23T17:55:12.886+0800] {taskinstance.py:1288} INFO - 
--------------------------------------------------------------------------------
[2023-04-23T17:55:12.886+0800] {taskinstance.py:1289} INFO - Starting attempt 2 of 2
[2023-04-23T17:55:12.887+0800] {taskinstance.py:1290} INFO - 
--------------------------------------------------------------------------------
[2023-04-23T17:55:12.902+0800] {taskinstance.py:1309} INFO - Executing <Task(PythonOperator): run_spider> on 2023-04-21 17:05:00+00:00
[2023-04-23T17:55:12.904+0800] {standard_task_runner.py:55} INFO - Started process 1497 to run task
[2023-04-23T17:55:12.910+0800] {standard_task_runner.py:82} INFO - Running: ['airflow', 'tasks', 'run', 'scrapy_fbref_players', 'run_spider', 'scheduled__2023-04-21T17:05:00+00:00', '--job-id', '25', '--raw', '--subdir', 'DAGS_FOLDER/scrapy_fbref_players_dag.py', '--cfg-path', '/tmp/tmpue2v8q24']
[2023-04-23T17:55:12.912+0800] {standard_task_runner.py:83} INFO - Job 25: Subtask run_spider
[2023-04-23T17:55:12.976+0800] {task_command.py:389} INFO - Running <TaskInstance: scrapy_fbref_players.run_spider scheduled__2023-04-21T17:05:00+00:00 [running]> on host LAPTOP-3BHL50BT.localdomain
[2023-04-23T17:55:13.023+0800] {taskinstance.py:1516} INFO - Exporting the following env vars:
AIRFLOW_CTX_DAG_OWNER=airflow
AIRFLOW_CTX_DAG_ID=scrapy_fbref_players
AIRFLOW_CTX_TASK_ID=run_spider
AIRFLOW_CTX_EXECUTION_DATE=2023-04-21T17:05:00+00:00
AIRFLOW_CTX_TRY_NUMBER=2
AIRFLOW_CTX_DAG_RUN_ID=scheduled__2023-04-21T17:05:00+00:00
[2023-04-23T17:55:13.024+0800] {scrapy_fbref_players_dag.py:32} INFO - The first root directory is /home/gerardsho/airflow/dags/scrapyfbref.
[2023-04-23T17:57:25.727+0800] {scrapy_fbref_players_dag.py:34} INFO - The second root directory is /home/gerardsho/airflow/dags/scrapyfbref.
[2023-04-23T17:57:25.728+0800] {python.py:177} INFO - Done. Returned value was: None
[2023-04-23T17:57:25.738+0800] {taskinstance.py:1327} INFO - Marking task as SUCCESS. dag_id=scrapy_fbref_players, task_id=run_spider, execution_date=20230421T170500, start_date=20230423T095512, end_date=20230423T095725
[2023-04-23T17:57:25.785+0800] {local_task_job.py:212} INFO - Task exited with return code 0
[2023-04-23T17:57:25.799+0800] {taskinstance.py:2596} INFO - 1 downstream tasks scheduled from follow-on schedule check
