[2023-04-23T17:57:29.845+0800] {taskinstance.py:1090} INFO - Dependencies all met for dep_context=non-requeueable deps ti=<TaskInstance: scrapy_fbref_players.upload_to_s3 scheduled__2023-04-21T17:05:00+00:00 [queued]>
[2023-04-23T17:57:29.853+0800] {taskinstance.py:1090} INFO - Dependencies all met for dep_context=requeueable deps ti=<TaskInstance: scrapy_fbref_players.upload_to_s3 scheduled__2023-04-21T17:05:00+00:00 [queued]>
[2023-04-23T17:57:29.854+0800] {taskinstance.py:1288} INFO - 
--------------------------------------------------------------------------------
[2023-04-23T17:57:29.854+0800] {taskinstance.py:1289} INFO - Starting attempt 1 of 2
[2023-04-23T17:57:29.854+0800] {taskinstance.py:1290} INFO - 
--------------------------------------------------------------------------------
[2023-04-23T17:57:29.872+0800] {taskinstance.py:1309} INFO - Executing <Task(PythonOperator): upload_to_s3> on 2023-04-21 17:05:00+00:00
[2023-04-23T17:57:29.876+0800] {standard_task_runner.py:55} INFO - Started process 1530 to run task
[2023-04-23T17:57:29.882+0800] {standard_task_runner.py:82} INFO - Running: ['airflow', 'tasks', 'run', 'scrapy_fbref_players', 'upload_to_s3', 'scheduled__2023-04-21T17:05:00+00:00', '--job-id', '26', '--raw', '--subdir', 'DAGS_FOLDER/scrapy_fbref_players_dag.py', '--cfg-path', '/tmp/tmptefq995h']
[2023-04-23T17:57:29.885+0800] {standard_task_runner.py:83} INFO - Job 26: Subtask upload_to_s3
[2023-04-23T17:57:29.950+0800] {task_command.py:389} INFO - Running <TaskInstance: scrapy_fbref_players.upload_to_s3 scheduled__2023-04-21T17:05:00+00:00 [running]> on host LAPTOP-3BHL50BT.localdomain
[2023-04-23T17:57:30.039+0800] {taskinstance.py:1516} INFO - Exporting the following env vars:
AIRFLOW_CTX_DAG_OWNER=airflow
AIRFLOW_CTX_DAG_ID=scrapy_fbref_players
AIRFLOW_CTX_TASK_ID=upload_to_s3
AIRFLOW_CTX_EXECUTION_DATE=2023-04-21T17:05:00+00:00
AIRFLOW_CTX_TRY_NUMBER=1
AIRFLOW_CTX_DAG_RUN_ID=scheduled__2023-04-21T17:05:00+00:00
[2023-04-23T17:57:30.040+0800] {scrapy_fbref_players_dag.py:37} INFO - The root directory is /home/gerardsho/airflow/dags/scrapyfbref.
[2023-04-23T17:57:30.040+0800] {python.py:177} INFO - Done. Returned value was: None
[2023-04-23T17:57:30.056+0800] {taskinstance.py:1327} INFO - Marking task as SUCCESS. dag_id=scrapy_fbref_players, task_id=upload_to_s3, execution_date=20230421T170500, start_date=20230423T095729, end_date=20230423T095730
[2023-04-23T17:57:30.097+0800] {local_task_job.py:212} INFO - Task exited with return code 0
[2023-04-23T17:57:30.134+0800] {taskinstance.py:2596} INFO - 0 downstream tasks scheduled from follow-on schedule check
[2023-04-23T18:10:40.279+0800] {taskinstance.py:1090} INFO - Dependencies all met for dep_context=non-requeueable deps ti=<TaskInstance: scrapy_fbref_players.upload_to_s3 scheduled__2023-04-21T17:05:00+00:00 [queued]>
[2023-04-23T18:10:40.286+0800] {taskinstance.py:1090} INFO - Dependencies all met for dep_context=requeueable deps ti=<TaskInstance: scrapy_fbref_players.upload_to_s3 scheduled__2023-04-21T17:05:00+00:00 [queued]>
[2023-04-23T18:10:40.286+0800] {taskinstance.py:1288} INFO - 
--------------------------------------------------------------------------------
[2023-04-23T18:10:40.286+0800] {taskinstance.py:1289} INFO - Starting attempt 1 of 2
[2023-04-23T18:10:40.286+0800] {taskinstance.py:1290} INFO - 
--------------------------------------------------------------------------------
[2023-04-23T18:10:40.301+0800] {taskinstance.py:1309} INFO - Executing <Task(PythonOperator): upload_to_s3> on 2023-04-21 17:05:00+00:00
[2023-04-23T18:10:40.302+0800] {standard_task_runner.py:55} INFO - Started process 1957 to run task
[2023-04-23T18:10:40.305+0800] {standard_task_runner.py:82} INFO - Running: ['airflow', 'tasks', 'run', 'scrapy_fbref_players', 'upload_to_s3', 'scheduled__2023-04-21T17:05:00+00:00', '--job-id', '32', '--raw', '--subdir', 'DAGS_FOLDER/scrapy_fbref_players_dag.py', '--cfg-path', '/tmp/tmp44ixha5x']
[2023-04-23T18:10:40.307+0800] {standard_task_runner.py:83} INFO - Job 32: Subtask upload_to_s3
[2023-04-23T18:10:40.350+0800] {task_command.py:389} INFO - Running <TaskInstance: scrapy_fbref_players.upload_to_s3 scheduled__2023-04-21T17:05:00+00:00 [running]> on host LAPTOP-3BHL50BT.localdomain
[2023-04-23T18:10:40.404+0800] {taskinstance.py:1516} INFO - Exporting the following env vars:
AIRFLOW_CTX_DAG_OWNER=airflow
AIRFLOW_CTX_DAG_ID=scrapy_fbref_players
AIRFLOW_CTX_TASK_ID=upload_to_s3
AIRFLOW_CTX_EXECUTION_DATE=2023-04-21T17:05:00+00:00
AIRFLOW_CTX_TRY_NUMBER=1
AIRFLOW_CTX_DAG_RUN_ID=scheduled__2023-04-21T17:05:00+00:00
[2023-04-23T18:10:40.405+0800] {scrapy_fbref_players_dag.py:37} INFO - The root directory is /home/gerardsho/airflow/dags/scrapyfbref.
[2023-04-23T18:10:40.405+0800] {python.py:177} INFO - Done. Returned value was: None
[2023-04-23T18:10:40.408+0800] {taskinstance.py:1327} INFO - Marking task as SUCCESS. dag_id=scrapy_fbref_players, task_id=upload_to_s3, execution_date=20230421T170500, start_date=20230423T101040, end_date=20230423T101040
[2023-04-23T18:10:40.438+0800] {local_task_job.py:212} INFO - Task exited with return code 0
[2023-04-23T18:10:40.448+0800] {taskinstance.py:2596} INFO - 0 downstream tasks scheduled from follow-on schedule check
