[2023-04-22T01:49:01.354+0800] {processor.py:153} INFO - Started process (PID=2760) to work on /home/gerardsho/airflow_env/lib/python3.8/site-packages/airflow/example_dags/subdags/subdag.py
[2023-04-22T01:49:01.354+0800] {processor.py:743} INFO - Processing file /home/gerardsho/airflow_env/lib/python3.8/site-packages/airflow/example_dags/subdags/subdag.py for tasks to queue
[2023-04-22T01:49:01.355+0800] {logging_mixin.py:137} INFO - [2023-04-22T01:49:01.355+0800] {dagbag.py:532} INFO - Filling up the DagBag from /home/gerardsho/airflow_env/lib/python3.8/site-packages/airflow/example_dags/subdags/subdag.py
[2023-04-22T01:49:01.356+0800] {processor.py:755} WARNING - No viable dags retrieved from /home/gerardsho/airflow_env/lib/python3.8/site-packages/airflow/example_dags/subdags/subdag.py
[2023-04-22T01:49:01.362+0800] {processor.py:175} INFO - Processing /home/gerardsho/airflow_env/lib/python3.8/site-packages/airflow/example_dags/subdags/subdag.py took 0.010 seconds
[2023-04-22T01:49:44.786+0800] {processor.py:153} INFO - Started process (PID=2804) to work on /home/gerardsho/airflow_env/lib/python3.8/site-packages/airflow/example_dags/subdags/subdag.py
[2023-04-22T01:49:44.788+0800] {processor.py:743} INFO - Processing file /home/gerardsho/airflow_env/lib/python3.8/site-packages/airflow/example_dags/subdags/subdag.py for tasks to queue
[2023-04-22T01:49:44.789+0800] {logging_mixin.py:137} INFO - [2023-04-22T01:49:44.789+0800] {dagbag.py:532} INFO - Filling up the DagBag from /home/gerardsho/airflow_env/lib/python3.8/site-packages/airflow/example_dags/subdags/subdag.py
[2023-04-22T01:49:44.792+0800] {processor.py:755} WARNING - No viable dags retrieved from /home/gerardsho/airflow_env/lib/python3.8/site-packages/airflow/example_dags/subdags/subdag.py
[2023-04-22T01:49:44.798+0800] {processor.py:175} INFO - Processing /home/gerardsho/airflow_env/lib/python3.8/site-packages/airflow/example_dags/subdags/subdag.py took 0.014 seconds
[2023-04-22T01:50:21.825+0800] {processor.py:153} INFO - Started process (PID=2848) to work on /home/gerardsho/airflow_env/lib/python3.8/site-packages/airflow/example_dags/subdags/subdag.py
[2023-04-22T01:50:21.826+0800] {processor.py:743} INFO - Processing file /home/gerardsho/airflow_env/lib/python3.8/site-packages/airflow/example_dags/subdags/subdag.py for tasks to queue
[2023-04-22T01:50:21.826+0800] {logging_mixin.py:137} INFO - [2023-04-22T01:50:21.826+0800] {dagbag.py:532} INFO - Filling up the DagBag from /home/gerardsho/airflow_env/lib/python3.8/site-packages/airflow/example_dags/subdags/subdag.py
[2023-04-22T01:50:21.828+0800] {processor.py:755} WARNING - No viable dags retrieved from /home/gerardsho/airflow_env/lib/python3.8/site-packages/airflow/example_dags/subdags/subdag.py
[2023-04-22T01:50:21.833+0800] {processor.py:175} INFO - Processing /home/gerardsho/airflow_env/lib/python3.8/site-packages/airflow/example_dags/subdags/subdag.py took 0.011 seconds
[2023-04-22T01:51:04.187+0800] {processor.py:153} INFO - Started process (PID=2893) to work on /home/gerardsho/airflow_env/lib/python3.8/site-packages/airflow/example_dags/subdags/subdag.py
[2023-04-22T01:51:04.190+0800] {processor.py:743} INFO - Processing file /home/gerardsho/airflow_env/lib/python3.8/site-packages/airflow/example_dags/subdags/subdag.py for tasks to queue
[2023-04-22T01:51:04.190+0800] {logging_mixin.py:137} INFO - [2023-04-22T01:51:04.190+0800] {dagbag.py:532} INFO - Filling up the DagBag from /home/gerardsho/airflow_env/lib/python3.8/site-packages/airflow/example_dags/subdags/subdag.py
[2023-04-22T01:51:04.192+0800] {processor.py:755} WARNING - No viable dags retrieved from /home/gerardsho/airflow_env/lib/python3.8/site-packages/airflow/example_dags/subdags/subdag.py
[2023-04-22T01:51:04.197+0800] {processor.py:175} INFO - Processing /home/gerardsho/airflow_env/lib/python3.8/site-packages/airflow/example_dags/subdags/subdag.py took 0.014 seconds
[2023-04-22T01:51:45.862+0800] {processor.py:153} INFO - Started process (PID=2947) to work on /home/gerardsho/airflow_env/lib/python3.8/site-packages/airflow/example_dags/subdags/subdag.py
[2023-04-22T01:51:45.865+0800] {processor.py:743} INFO - Processing file /home/gerardsho/airflow_env/lib/python3.8/site-packages/airflow/example_dags/subdags/subdag.py for tasks to queue
[2023-04-22T01:51:45.865+0800] {logging_mixin.py:137} INFO - [2023-04-22T01:51:45.865+0800] {dagbag.py:532} INFO - Filling up the DagBag from /home/gerardsho/airflow_env/lib/python3.8/site-packages/airflow/example_dags/subdags/subdag.py
[2023-04-22T01:51:45.867+0800] {processor.py:755} WARNING - No viable dags retrieved from /home/gerardsho/airflow_env/lib/python3.8/site-packages/airflow/example_dags/subdags/subdag.py
[2023-04-22T01:51:45.873+0800] {processor.py:175} INFO - Processing /home/gerardsho/airflow_env/lib/python3.8/site-packages/airflow/example_dags/subdags/subdag.py took 0.012 seconds
[2023-04-22T01:52:26.896+0800] {processor.py:153} INFO - Started process (PID=2997) to work on /home/gerardsho/airflow_env/lib/python3.8/site-packages/airflow/example_dags/subdags/subdag.py
[2023-04-22T01:52:26.899+0800] {processor.py:743} INFO - Processing file /home/gerardsho/airflow_env/lib/python3.8/site-packages/airflow/example_dags/subdags/subdag.py for tasks to queue
[2023-04-22T01:52:26.900+0800] {logging_mixin.py:137} INFO - [2023-04-22T01:52:26.900+0800] {dagbag.py:532} INFO - Filling up the DagBag from /home/gerardsho/airflow_env/lib/python3.8/site-packages/airflow/example_dags/subdags/subdag.py
[2023-04-22T01:52:26.902+0800] {processor.py:755} WARNING - No viable dags retrieved from /home/gerardsho/airflow_env/lib/python3.8/site-packages/airflow/example_dags/subdags/subdag.py
[2023-04-22T01:52:26.907+0800] {processor.py:175} INFO - Processing /home/gerardsho/airflow_env/lib/python3.8/site-packages/airflow/example_dags/subdags/subdag.py took 0.012 seconds
[2023-04-22T01:53:08.074+0800] {processor.py:153} INFO - Started process (PID=3039) to work on /home/gerardsho/airflow_env/lib/python3.8/site-packages/airflow/example_dags/subdags/subdag.py
[2023-04-22T01:53:08.077+0800] {processor.py:743} INFO - Processing file /home/gerardsho/airflow_env/lib/python3.8/site-packages/airflow/example_dags/subdags/subdag.py for tasks to queue
[2023-04-22T01:53:08.078+0800] {logging_mixin.py:137} INFO - [2023-04-22T01:53:08.077+0800] {dagbag.py:532} INFO - Filling up the DagBag from /home/gerardsho/airflow_env/lib/python3.8/site-packages/airflow/example_dags/subdags/subdag.py
[2023-04-22T01:53:08.081+0800] {processor.py:755} WARNING - No viable dags retrieved from /home/gerardsho/airflow_env/lib/python3.8/site-packages/airflow/example_dags/subdags/subdag.py
[2023-04-22T01:53:08.088+0800] {processor.py:175} INFO - Processing /home/gerardsho/airflow_env/lib/python3.8/site-packages/airflow/example_dags/subdags/subdag.py took 0.017 seconds
[2023-04-22T01:53:47.262+0800] {processor.py:153} INFO - Started process (PID=3081) to work on /home/gerardsho/airflow_env/lib/python3.8/site-packages/airflow/example_dags/subdags/subdag.py
[2023-04-22T01:53:47.265+0800] {processor.py:743} INFO - Processing file /home/gerardsho/airflow_env/lib/python3.8/site-packages/airflow/example_dags/subdags/subdag.py for tasks to queue
[2023-04-22T01:53:47.266+0800] {logging_mixin.py:137} INFO - [2023-04-22T01:53:47.266+0800] {dagbag.py:532} INFO - Filling up the DagBag from /home/gerardsho/airflow_env/lib/python3.8/site-packages/airflow/example_dags/subdags/subdag.py
[2023-04-22T01:53:47.268+0800] {processor.py:755} WARNING - No viable dags retrieved from /home/gerardsho/airflow_env/lib/python3.8/site-packages/airflow/example_dags/subdags/subdag.py
[2023-04-22T01:53:47.275+0800] {processor.py:175} INFO - Processing /home/gerardsho/airflow_env/lib/python3.8/site-packages/airflow/example_dags/subdags/subdag.py took 0.015 seconds
[2023-04-22T01:54:27.434+0800] {processor.py:153} INFO - Started process (PID=3125) to work on /home/gerardsho/airflow_env/lib/python3.8/site-packages/airflow/example_dags/subdags/subdag.py
[2023-04-22T01:54:27.437+0800] {processor.py:743} INFO - Processing file /home/gerardsho/airflow_env/lib/python3.8/site-packages/airflow/example_dags/subdags/subdag.py for tasks to queue
[2023-04-22T01:54:27.438+0800] {logging_mixin.py:137} INFO - [2023-04-22T01:54:27.438+0800] {dagbag.py:532} INFO - Filling up the DagBag from /home/gerardsho/airflow_env/lib/python3.8/site-packages/airflow/example_dags/subdags/subdag.py
[2023-04-22T01:54:27.440+0800] {processor.py:755} WARNING - No viable dags retrieved from /home/gerardsho/airflow_env/lib/python3.8/site-packages/airflow/example_dags/subdags/subdag.py
[2023-04-22T01:54:27.446+0800] {processor.py:175} INFO - Processing /home/gerardsho/airflow_env/lib/python3.8/site-packages/airflow/example_dags/subdags/subdag.py took 0.014 seconds
[2023-04-22T01:55:09.735+0800] {processor.py:153} INFO - Started process (PID=3171) to work on /home/gerardsho/airflow_env/lib/python3.8/site-packages/airflow/example_dags/subdags/subdag.py
[2023-04-22T01:55:09.738+0800] {processor.py:743} INFO - Processing file /home/gerardsho/airflow_env/lib/python3.8/site-packages/airflow/example_dags/subdags/subdag.py for tasks to queue
[2023-04-22T01:55:09.739+0800] {logging_mixin.py:137} INFO - [2023-04-22T01:55:09.739+0800] {dagbag.py:532} INFO - Filling up the DagBag from /home/gerardsho/airflow_env/lib/python3.8/site-packages/airflow/example_dags/subdags/subdag.py
[2023-04-22T01:55:09.741+0800] {processor.py:755} WARNING - No viable dags retrieved from /home/gerardsho/airflow_env/lib/python3.8/site-packages/airflow/example_dags/subdags/subdag.py
[2023-04-22T01:55:09.747+0800] {processor.py:175} INFO - Processing /home/gerardsho/airflow_env/lib/python3.8/site-packages/airflow/example_dags/subdags/subdag.py took 0.013 seconds
[2023-04-22T01:55:49.356+0800] {processor.py:153} INFO - Started process (PID=3216) to work on /home/gerardsho/airflow_env/lib/python3.8/site-packages/airflow/example_dags/subdags/subdag.py
[2023-04-22T01:55:49.359+0800] {processor.py:743} INFO - Processing file /home/gerardsho/airflow_env/lib/python3.8/site-packages/airflow/example_dags/subdags/subdag.py for tasks to queue
[2023-04-22T01:55:49.360+0800] {logging_mixin.py:137} INFO - [2023-04-22T01:55:49.360+0800] {dagbag.py:532} INFO - Filling up the DagBag from /home/gerardsho/airflow_env/lib/python3.8/site-packages/airflow/example_dags/subdags/subdag.py
[2023-04-22T01:55:49.362+0800] {processor.py:755} WARNING - No viable dags retrieved from /home/gerardsho/airflow_env/lib/python3.8/site-packages/airflow/example_dags/subdags/subdag.py
[2023-04-22T01:55:49.367+0800] {processor.py:175} INFO - Processing /home/gerardsho/airflow_env/lib/python3.8/site-packages/airflow/example_dags/subdags/subdag.py took 0.014 seconds
[2023-04-22T01:56:30.759+0800] {processor.py:153} INFO - Started process (PID=3262) to work on /home/gerardsho/airflow_env/lib/python3.8/site-packages/airflow/example_dags/subdags/subdag.py
[2023-04-22T01:56:30.763+0800] {processor.py:743} INFO - Processing file /home/gerardsho/airflow_env/lib/python3.8/site-packages/airflow/example_dags/subdags/subdag.py for tasks to queue
[2023-04-22T01:56:30.763+0800] {logging_mixin.py:137} INFO - [2023-04-22T01:56:30.763+0800] {dagbag.py:532} INFO - Filling up the DagBag from /home/gerardsho/airflow_env/lib/python3.8/site-packages/airflow/example_dags/subdags/subdag.py
[2023-04-22T01:56:30.766+0800] {processor.py:755} WARNING - No viable dags retrieved from /home/gerardsho/airflow_env/lib/python3.8/site-packages/airflow/example_dags/subdags/subdag.py
[2023-04-22T01:56:30.771+0800] {processor.py:175} INFO - Processing /home/gerardsho/airflow_env/lib/python3.8/site-packages/airflow/example_dags/subdags/subdag.py took 0.014 seconds
[2023-04-22T01:57:10.711+0800] {processor.py:153} INFO - Started process (PID=3308) to work on /home/gerardsho/airflow_env/lib/python3.8/site-packages/airflow/example_dags/subdags/subdag.py
[2023-04-22T01:57:10.714+0800] {processor.py:743} INFO - Processing file /home/gerardsho/airflow_env/lib/python3.8/site-packages/airflow/example_dags/subdags/subdag.py for tasks to queue
[2023-04-22T01:57:10.715+0800] {logging_mixin.py:137} INFO - [2023-04-22T01:57:10.715+0800] {dagbag.py:532} INFO - Filling up the DagBag from /home/gerardsho/airflow_env/lib/python3.8/site-packages/airflow/example_dags/subdags/subdag.py
[2023-04-22T01:57:10.717+0800] {processor.py:755} WARNING - No viable dags retrieved from /home/gerardsho/airflow_env/lib/python3.8/site-packages/airflow/example_dags/subdags/subdag.py
[2023-04-22T01:57:10.722+0800] {processor.py:175} INFO - Processing /home/gerardsho/airflow_env/lib/python3.8/site-packages/airflow/example_dags/subdags/subdag.py took 0.013 seconds
[2023-04-22T01:57:50.723+0800] {processor.py:153} INFO - Started process (PID=3356) to work on /home/gerardsho/airflow_env/lib/python3.8/site-packages/airflow/example_dags/subdags/subdag.py
[2023-04-22T01:57:50.726+0800] {processor.py:743} INFO - Processing file /home/gerardsho/airflow_env/lib/python3.8/site-packages/airflow/example_dags/subdags/subdag.py for tasks to queue
[2023-04-22T01:57:50.726+0800] {logging_mixin.py:137} INFO - [2023-04-22T01:57:50.726+0800] {dagbag.py:532} INFO - Filling up the DagBag from /home/gerardsho/airflow_env/lib/python3.8/site-packages/airflow/example_dags/subdags/subdag.py
[2023-04-22T01:57:50.728+0800] {processor.py:755} WARNING - No viable dags retrieved from /home/gerardsho/airflow_env/lib/python3.8/site-packages/airflow/example_dags/subdags/subdag.py
[2023-04-22T01:57:50.734+0800] {processor.py:175} INFO - Processing /home/gerardsho/airflow_env/lib/python3.8/site-packages/airflow/example_dags/subdags/subdag.py took 0.013 seconds
[2023-04-22T01:58:32.132+0800] {processor.py:153} INFO - Started process (PID=3402) to work on /home/gerardsho/airflow_env/lib/python3.8/site-packages/airflow/example_dags/subdags/subdag.py
[2023-04-22T01:58:32.134+0800] {processor.py:743} INFO - Processing file /home/gerardsho/airflow_env/lib/python3.8/site-packages/airflow/example_dags/subdags/subdag.py for tasks to queue
[2023-04-22T01:58:32.134+0800] {logging_mixin.py:137} INFO - [2023-04-22T01:58:32.134+0800] {dagbag.py:532} INFO - Filling up the DagBag from /home/gerardsho/airflow_env/lib/python3.8/site-packages/airflow/example_dags/subdags/subdag.py
[2023-04-22T01:58:32.136+0800] {processor.py:755} WARNING - No viable dags retrieved from /home/gerardsho/airflow_env/lib/python3.8/site-packages/airflow/example_dags/subdags/subdag.py
[2023-04-22T01:58:32.142+0800] {processor.py:175} INFO - Processing /home/gerardsho/airflow_env/lib/python3.8/site-packages/airflow/example_dags/subdags/subdag.py took 0.013 seconds
[2023-04-22T01:59:13.228+0800] {processor.py:153} INFO - Started process (PID=3444) to work on /home/gerardsho/airflow_env/lib/python3.8/site-packages/airflow/example_dags/subdags/subdag.py
[2023-04-22T01:59:13.231+0800] {processor.py:743} INFO - Processing file /home/gerardsho/airflow_env/lib/python3.8/site-packages/airflow/example_dags/subdags/subdag.py for tasks to queue
[2023-04-22T01:59:13.232+0800] {logging_mixin.py:137} INFO - [2023-04-22T01:59:13.232+0800] {dagbag.py:532} INFO - Filling up the DagBag from /home/gerardsho/airflow_env/lib/python3.8/site-packages/airflow/example_dags/subdags/subdag.py
[2023-04-22T01:59:13.234+0800] {processor.py:755} WARNING - No viable dags retrieved from /home/gerardsho/airflow_env/lib/python3.8/site-packages/airflow/example_dags/subdags/subdag.py
[2023-04-22T01:59:13.241+0800] {processor.py:175} INFO - Processing /home/gerardsho/airflow_env/lib/python3.8/site-packages/airflow/example_dags/subdags/subdag.py took 0.015 seconds
[2023-04-22T01:59:52.703+0800] {processor.py:153} INFO - Started process (PID=3486) to work on /home/gerardsho/airflow_env/lib/python3.8/site-packages/airflow/example_dags/subdags/subdag.py
[2023-04-22T01:59:52.707+0800] {processor.py:743} INFO - Processing file /home/gerardsho/airflow_env/lib/python3.8/site-packages/airflow/example_dags/subdags/subdag.py for tasks to queue
[2023-04-22T01:59:52.707+0800] {logging_mixin.py:137} INFO - [2023-04-22T01:59:52.707+0800] {dagbag.py:532} INFO - Filling up the DagBag from /home/gerardsho/airflow_env/lib/python3.8/site-packages/airflow/example_dags/subdags/subdag.py
[2023-04-22T01:59:52.710+0800] {processor.py:755} WARNING - No viable dags retrieved from /home/gerardsho/airflow_env/lib/python3.8/site-packages/airflow/example_dags/subdags/subdag.py
[2023-04-22T01:59:52.715+0800] {processor.py:175} INFO - Processing /home/gerardsho/airflow_env/lib/python3.8/site-packages/airflow/example_dags/subdags/subdag.py took 0.014 seconds
[2023-04-22T02:01:09.054+0800] {processor.py:153} INFO - Started process (PID=3543) to work on /home/gerardsho/airflow_env/lib/python3.8/site-packages/airflow/example_dags/subdags/subdag.py
[2023-04-22T02:01:09.056+0800] {processor.py:743} INFO - Processing file /home/gerardsho/airflow_env/lib/python3.8/site-packages/airflow/example_dags/subdags/subdag.py for tasks to queue
[2023-04-22T02:01:09.057+0800] {logging_mixin.py:137} INFO - [2023-04-22T02:01:09.057+0800] {dagbag.py:532} INFO - Filling up the DagBag from /home/gerardsho/airflow_env/lib/python3.8/site-packages/airflow/example_dags/subdags/subdag.py
[2023-04-22T02:01:09.059+0800] {processor.py:755} WARNING - No viable dags retrieved from /home/gerardsho/airflow_env/lib/python3.8/site-packages/airflow/example_dags/subdags/subdag.py
[2023-04-22T02:01:09.066+0800] {processor.py:175} INFO - Processing /home/gerardsho/airflow_env/lib/python3.8/site-packages/airflow/example_dags/subdags/subdag.py took 0.014 seconds
[2023-04-22T02:01:50.006+0800] {processor.py:153} INFO - Started process (PID=3593) to work on /home/gerardsho/airflow_env/lib/python3.8/site-packages/airflow/example_dags/subdags/subdag.py
[2023-04-22T02:01:50.009+0800] {processor.py:743} INFO - Processing file /home/gerardsho/airflow_env/lib/python3.8/site-packages/airflow/example_dags/subdags/subdag.py for tasks to queue
[2023-04-22T02:01:50.010+0800] {logging_mixin.py:137} INFO - [2023-04-22T02:01:50.010+0800] {dagbag.py:532} INFO - Filling up the DagBag from /home/gerardsho/airflow_env/lib/python3.8/site-packages/airflow/example_dags/subdags/subdag.py
[2023-04-22T02:01:50.012+0800] {processor.py:755} WARNING - No viable dags retrieved from /home/gerardsho/airflow_env/lib/python3.8/site-packages/airflow/example_dags/subdags/subdag.py
[2023-04-22T02:01:50.018+0800] {processor.py:175} INFO - Processing /home/gerardsho/airflow_env/lib/python3.8/site-packages/airflow/example_dags/subdags/subdag.py took 0.014 seconds
[2023-04-22T02:02:30.533+0800] {processor.py:153} INFO - Started process (PID=3637) to work on /home/gerardsho/airflow_env/lib/python3.8/site-packages/airflow/example_dags/subdags/subdag.py
[2023-04-22T02:02:30.536+0800] {processor.py:743} INFO - Processing file /home/gerardsho/airflow_env/lib/python3.8/site-packages/airflow/example_dags/subdags/subdag.py for tasks to queue
[2023-04-22T02:02:30.537+0800] {logging_mixin.py:137} INFO - [2023-04-22T02:02:30.536+0800] {dagbag.py:532} INFO - Filling up the DagBag from /home/gerardsho/airflow_env/lib/python3.8/site-packages/airflow/example_dags/subdags/subdag.py
[2023-04-22T02:02:30.539+0800] {processor.py:755} WARNING - No viable dags retrieved from /home/gerardsho/airflow_env/lib/python3.8/site-packages/airflow/example_dags/subdags/subdag.py
[2023-04-22T02:02:30.544+0800] {processor.py:175} INFO - Processing /home/gerardsho/airflow_env/lib/python3.8/site-packages/airflow/example_dags/subdags/subdag.py took 0.013 seconds
[2023-04-22T02:03:12.075+0800] {processor.py:153} INFO - Started process (PID=3688) to work on /home/gerardsho/airflow_env/lib/python3.8/site-packages/airflow/example_dags/subdags/subdag.py
[2023-04-22T02:03:12.076+0800] {processor.py:743} INFO - Processing file /home/gerardsho/airflow_env/lib/python3.8/site-packages/airflow/example_dags/subdags/subdag.py for tasks to queue
[2023-04-22T02:03:12.077+0800] {logging_mixin.py:137} INFO - [2023-04-22T02:03:12.076+0800] {dagbag.py:532} INFO - Filling up the DagBag from /home/gerardsho/airflow_env/lib/python3.8/site-packages/airflow/example_dags/subdags/subdag.py
[2023-04-22T02:03:12.078+0800] {processor.py:755} WARNING - No viable dags retrieved from /home/gerardsho/airflow_env/lib/python3.8/site-packages/airflow/example_dags/subdags/subdag.py
[2023-04-22T02:03:12.084+0800] {processor.py:175} INFO - Processing /home/gerardsho/airflow_env/lib/python3.8/site-packages/airflow/example_dags/subdags/subdag.py took 0.011 seconds
[2023-04-22T02:03:52.626+0800] {processor.py:153} INFO - Started process (PID=3737) to work on /home/gerardsho/airflow_env/lib/python3.8/site-packages/airflow/example_dags/subdags/subdag.py
[2023-04-22T02:03:52.629+0800] {processor.py:743} INFO - Processing file /home/gerardsho/airflow_env/lib/python3.8/site-packages/airflow/example_dags/subdags/subdag.py for tasks to queue
[2023-04-22T02:03:52.630+0800] {logging_mixin.py:137} INFO - [2023-04-22T02:03:52.630+0800] {dagbag.py:532} INFO - Filling up the DagBag from /home/gerardsho/airflow_env/lib/python3.8/site-packages/airflow/example_dags/subdags/subdag.py
[2023-04-22T02:03:52.632+0800] {processor.py:755} WARNING - No viable dags retrieved from /home/gerardsho/airflow_env/lib/python3.8/site-packages/airflow/example_dags/subdags/subdag.py
[2023-04-22T02:03:52.637+0800] {processor.py:175} INFO - Processing /home/gerardsho/airflow_env/lib/python3.8/site-packages/airflow/example_dags/subdags/subdag.py took 0.014 seconds
[2023-04-22T02:04:33.179+0800] {processor.py:153} INFO - Started process (PID=3780) to work on /home/gerardsho/airflow_env/lib/python3.8/site-packages/airflow/example_dags/subdags/subdag.py
[2023-04-22T02:04:33.182+0800] {processor.py:743} INFO - Processing file /home/gerardsho/airflow_env/lib/python3.8/site-packages/airflow/example_dags/subdags/subdag.py for tasks to queue
[2023-04-22T02:04:33.183+0800] {logging_mixin.py:137} INFO - [2023-04-22T02:04:33.183+0800] {dagbag.py:532} INFO - Filling up the DagBag from /home/gerardsho/airflow_env/lib/python3.8/site-packages/airflow/example_dags/subdags/subdag.py
[2023-04-22T02:04:33.185+0800] {processor.py:755} WARNING - No viable dags retrieved from /home/gerardsho/airflow_env/lib/python3.8/site-packages/airflow/example_dags/subdags/subdag.py
[2023-04-22T02:04:33.190+0800] {processor.py:175} INFO - Processing /home/gerardsho/airflow_env/lib/python3.8/site-packages/airflow/example_dags/subdags/subdag.py took 0.013 seconds
