[2023-04-23T17:40:47.105+0800] {taskinstance.py:1090} INFO - Dependencies all met for dep_context=non-requeueable deps ti=<TaskInstance: scrapy_fbref_players.run_spider scheduled__2023-04-20T17:05:00+00:00 [queued]>
[2023-04-23T17:40:47.110+0800] {taskinstance.py:1090} INFO - Dependencies all met for dep_context=requeueable deps ti=<TaskInstance: scrapy_fbref_players.run_spider scheduled__2023-04-20T17:05:00+00:00 [queued]>
[2023-04-23T17:40:47.111+0800] {taskinstance.py:1288} INFO - 
--------------------------------------------------------------------------------
[2023-04-23T17:40:47.111+0800] {taskinstance.py:1289} INFO - Starting attempt 1 of 2
[2023-04-23T17:40:47.111+0800] {taskinstance.py:1290} INFO - 
--------------------------------------------------------------------------------
[2023-04-23T17:40:47.127+0800] {taskinstance.py:1309} INFO - Executing <Task(PythonOperator): run_spider> on 2023-04-20 17:05:00+00:00
[2023-04-23T17:40:47.129+0800] {standard_task_runner.py:55} INFO - Started process 1279 to run task
[2023-04-23T17:40:47.133+0800] {standard_task_runner.py:82} INFO - Running: ['airflow', 'tasks', 'run', 'scrapy_fbref_players', 'run_spider', 'scheduled__2023-04-20T17:05:00+00:00', '--job-id', '20', '--raw', '--subdir', 'DAGS_FOLDER/scrapy_fbref_players_dag.py', '--cfg-path', '/tmp/tmpd7msmm6p']
[2023-04-23T17:40:47.134+0800] {standard_task_runner.py:83} INFO - Job 20: Subtask run_spider
[2023-04-23T17:40:47.178+0800] {task_command.py:389} INFO - Running <TaskInstance: scrapy_fbref_players.run_spider scheduled__2023-04-20T17:05:00+00:00 [running]> on host LAPTOP-3BHL50BT.localdomain
[2023-04-23T17:40:47.232+0800] {taskinstance.py:1516} INFO - Exporting the following env vars:
AIRFLOW_CTX_DAG_OWNER=airflow
AIRFLOW_CTX_DAG_ID=scrapy_fbref_players
AIRFLOW_CTX_TASK_ID=run_spider
AIRFLOW_CTX_EXECUTION_DATE=2023-04-20T17:05:00+00:00
AIRFLOW_CTX_TRY_NUMBER=1
AIRFLOW_CTX_DAG_RUN_ID=scheduled__2023-04-20T17:05:00+00:00
[2023-04-23T17:40:47.233+0800] {scrapy_fbref_players_dag.py:32} INFO - The first root directory is /home/gerardsho/airflow/dags/scrapyfbref.
[2023-04-23T17:43:06.249+0800] {scrapy_fbref_players_dag.py:34} INFO - The second root directory is /home/gerardsho/airflow/dags/scrapyfbref.
[2023-04-23T17:43:06.249+0800] {python.py:177} INFO - Done. Returned value was: None
[2023-04-23T17:43:06.337+0800] {taskinstance.py:1327} INFO - Marking task as SUCCESS. dag_id=scrapy_fbref_players, task_id=run_spider, execution_date=20230420T170500, start_date=20230423T094047, end_date=20230423T094306
[2023-04-23T17:43:06.370+0800] {local_task_job.py:212} INFO - Task exited with return code 0
[2023-04-23T17:43:06.379+0800] {taskinstance.py:2596} INFO - 1 downstream tasks scheduled from follow-on schedule check
[2023-04-23T18:06:04.031+0800] {taskinstance.py:1090} INFO - Dependencies all met for dep_context=non-requeueable deps ti=<TaskInstance: scrapy_fbref_players.run_spider scheduled__2023-04-20T17:05:00+00:00 [queued]>
[2023-04-23T18:06:04.041+0800] {taskinstance.py:1090} INFO - Dependencies all met for dep_context=requeueable deps ti=<TaskInstance: scrapy_fbref_players.run_spider scheduled__2023-04-20T17:05:00+00:00 [queued]>
[2023-04-23T18:06:04.041+0800] {taskinstance.py:1288} INFO - 
--------------------------------------------------------------------------------
[2023-04-23T18:06:04.041+0800] {taskinstance.py:1289} INFO - Starting attempt 1 of 2
[2023-04-23T18:06:04.041+0800] {taskinstance.py:1290} INFO - 
--------------------------------------------------------------------------------
[2023-04-23T18:06:04.059+0800] {taskinstance.py:1309} INFO - Executing <Task(PythonOperator): run_spider> on 2023-04-20 17:05:00+00:00
[2023-04-23T18:06:04.061+0800] {standard_task_runner.py:55} INFO - Started process 1938 to run task
[2023-04-23T18:06:04.065+0800] {standard_task_runner.py:82} INFO - Running: ['airflow', 'tasks', 'run', 'scrapy_fbref_players', 'run_spider', 'scheduled__2023-04-20T17:05:00+00:00', '--job-id', '29', '--raw', '--subdir', 'DAGS_FOLDER/scrapy_fbref_players_dag.py', '--cfg-path', '/tmp/tmp5e7lizqz']
[2023-04-23T18:06:04.066+0800] {standard_task_runner.py:83} INFO - Job 29: Subtask run_spider
[2023-04-23T18:06:04.120+0800] {task_command.py:389} INFO - Running <TaskInstance: scrapy_fbref_players.run_spider scheduled__2023-04-20T17:05:00+00:00 [running]> on host LAPTOP-3BHL50BT.localdomain
[2023-04-23T18:06:04.181+0800] {taskinstance.py:1516} INFO - Exporting the following env vars:
AIRFLOW_CTX_DAG_OWNER=airflow
AIRFLOW_CTX_DAG_ID=scrapy_fbref_players
AIRFLOW_CTX_TASK_ID=run_spider
AIRFLOW_CTX_EXECUTION_DATE=2023-04-20T17:05:00+00:00
AIRFLOW_CTX_TRY_NUMBER=1
AIRFLOW_CTX_DAG_RUN_ID=scheduled__2023-04-20T17:05:00+00:00
[2023-04-23T18:06:04.182+0800] {scrapy_fbref_players_dag.py:32} INFO - The first root directory is /home/gerardsho/airflow/dags/scrapyfbref.
[2023-04-23T18:08:22.650+0800] {scrapy_fbref_players_dag.py:34} INFO - The second root directory is /home/gerardsho/airflow/dags/scrapyfbref.
[2023-04-23T18:08:22.651+0800] {python.py:177} INFO - Done. Returned value was: None
[2023-04-23T18:08:22.658+0800] {taskinstance.py:1327} INFO - Marking task as SUCCESS. dag_id=scrapy_fbref_players, task_id=run_spider, execution_date=20230420T170500, start_date=20230423T100604, end_date=20230423T100822
[2023-04-23T18:08:22.708+0800] {local_task_job.py:212} INFO - Task exited with return code 0
[2023-04-23T18:08:22.723+0800] {taskinstance.py:2596} INFO - 1 downstream tasks scheduled from follow-on schedule check
