[2023-04-23T17:45:10.948+0800] {taskinstance.py:1090} INFO - Dependencies all met for dep_context=non-requeueable deps ti=<TaskInstance: scrapy_fbref_players.upload_to_s3 scheduled__2023-04-20T17:05:00+00:00 [queued]>
[2023-04-23T17:45:10.962+0800] {taskinstance.py:1090} INFO - Dependencies all met for dep_context=requeueable deps ti=<TaskInstance: scrapy_fbref_players.upload_to_s3 scheduled__2023-04-20T17:05:00+00:00 [queued]>
[2023-04-23T17:45:10.962+0800] {taskinstance.py:1288} INFO - 
--------------------------------------------------------------------------------
[2023-04-23T17:45:10.962+0800] {taskinstance.py:1289} INFO - Starting attempt 1 of 2
[2023-04-23T17:45:10.962+0800] {taskinstance.py:1290} INFO - 
--------------------------------------------------------------------------------
[2023-04-23T17:45:10.988+0800] {taskinstance.py:1309} INFO - Executing <Task(PythonOperator): upload_to_s3> on 2023-04-20 17:05:00+00:00
[2023-04-23T17:45:10.991+0800] {standard_task_runner.py:55} INFO - Started process 1345 to run task
[2023-04-23T17:45:10.995+0800] {standard_task_runner.py:82} INFO - Running: ['airflow', 'tasks', 'run', 'scrapy_fbref_players', 'upload_to_s3', 'scheduled__2023-04-20T17:05:00+00:00', '--job-id', '23', '--raw', '--subdir', 'DAGS_FOLDER/scrapy_fbref_players_dag.py', '--cfg-path', '/tmp/tmp3k_ul4w4']
[2023-04-23T17:45:10.997+0800] {standard_task_runner.py:83} INFO - Job 23: Subtask upload_to_s3
[2023-04-23T17:45:11.081+0800] {task_command.py:389} INFO - Running <TaskInstance: scrapy_fbref_players.upload_to_s3 scheduled__2023-04-20T17:05:00+00:00 [running]> on host LAPTOP-3BHL50BT.localdomain
[2023-04-23T17:45:11.144+0800] {taskinstance.py:1516} INFO - Exporting the following env vars:
AIRFLOW_CTX_DAG_OWNER=airflow
AIRFLOW_CTX_DAG_ID=scrapy_fbref_players
AIRFLOW_CTX_TASK_ID=upload_to_s3
AIRFLOW_CTX_EXECUTION_DATE=2023-04-20T17:05:00+00:00
AIRFLOW_CTX_TRY_NUMBER=1
AIRFLOW_CTX_DAG_RUN_ID=scheduled__2023-04-20T17:05:00+00:00
[2023-04-23T17:45:11.145+0800] {scrapy_fbref_players_dag.py:37} INFO - The root directory is /home/gerardsho/airflow/dags/scrapyfbref.
[2023-04-23T17:45:11.145+0800] {python.py:177} INFO - Done. Returned value was: None
[2023-04-23T17:45:11.288+0800] {taskinstance.py:1327} INFO - Marking task as SUCCESS. dag_id=scrapy_fbref_players, task_id=upload_to_s3, execution_date=20230420T170500, start_date=20230423T094510, end_date=20230423T094511
[2023-04-23T17:45:11.330+0800] {local_task_job.py:212} INFO - Task exited with return code 0
[2023-04-23T17:45:11.348+0800] {taskinstance.py:2596} INFO - 0 downstream tasks scheduled from follow-on schedule check
[2023-04-23T18:10:37.491+0800] {taskinstance.py:1090} INFO - Dependencies all met for dep_context=non-requeueable deps ti=<TaskInstance: scrapy_fbref_players.upload_to_s3 scheduled__2023-04-20T17:05:00+00:00 [queued]>
[2023-04-23T18:10:37.497+0800] {taskinstance.py:1090} INFO - Dependencies all met for dep_context=requeueable deps ti=<TaskInstance: scrapy_fbref_players.upload_to_s3 scheduled__2023-04-20T17:05:00+00:00 [queued]>
[2023-04-23T18:10:37.497+0800] {taskinstance.py:1288} INFO - 
--------------------------------------------------------------------------------
[2023-04-23T18:10:37.497+0800] {taskinstance.py:1289} INFO - Starting attempt 1 of 2
[2023-04-23T18:10:37.497+0800] {taskinstance.py:1290} INFO - 
--------------------------------------------------------------------------------
[2023-04-23T18:10:37.514+0800] {taskinstance.py:1309} INFO - Executing <Task(PythonOperator): upload_to_s3> on 2023-04-20 17:05:00+00:00
[2023-04-23T18:10:37.516+0800] {standard_task_runner.py:55} INFO - Started process 1952 to run task
[2023-04-23T18:10:37.520+0800] {standard_task_runner.py:82} INFO - Running: ['airflow', 'tasks', 'run', 'scrapy_fbref_players', 'upload_to_s3', 'scheduled__2023-04-20T17:05:00+00:00', '--job-id', '31', '--raw', '--subdir', 'DAGS_FOLDER/scrapy_fbref_players_dag.py', '--cfg-path', '/tmp/tmp9ors518e']
[2023-04-23T18:10:37.521+0800] {standard_task_runner.py:83} INFO - Job 31: Subtask upload_to_s3
[2023-04-23T18:10:37.564+0800] {task_command.py:389} INFO - Running <TaskInstance: scrapy_fbref_players.upload_to_s3 scheduled__2023-04-20T17:05:00+00:00 [running]> on host LAPTOP-3BHL50BT.localdomain
[2023-04-23T18:10:37.612+0800] {taskinstance.py:1516} INFO - Exporting the following env vars:
AIRFLOW_CTX_DAG_OWNER=airflow
AIRFLOW_CTX_DAG_ID=scrapy_fbref_players
AIRFLOW_CTX_TASK_ID=upload_to_s3
AIRFLOW_CTX_EXECUTION_DATE=2023-04-20T17:05:00+00:00
AIRFLOW_CTX_TRY_NUMBER=1
AIRFLOW_CTX_DAG_RUN_ID=scheduled__2023-04-20T17:05:00+00:00
[2023-04-23T18:10:37.613+0800] {scrapy_fbref_players_dag.py:37} INFO - The root directory is /home/gerardsho/airflow/dags/scrapyfbref.
[2023-04-23T18:10:37.613+0800] {python.py:177} INFO - Done. Returned value was: None
[2023-04-23T18:10:37.617+0800] {taskinstance.py:1327} INFO - Marking task as SUCCESS. dag_id=scrapy_fbref_players, task_id=upload_to_s3, execution_date=20230420T170500, start_date=20230423T101037, end_date=20230423T101037
[2023-04-23T18:10:37.652+0800] {local_task_job.py:212} INFO - Task exited with return code 0
[2023-04-23T18:10:37.664+0800] {taskinstance.py:2596} INFO - 0 downstream tasks scheduled from follow-on schedule check
